00:08:38.563 [main] INFO  f.i.s.repairnator.pipeline.Launcher - PIPELINE VERSION: 3.0-2018-08-09 19:04
00:08:38.737 [main] INFO  f.i.s.repairnator.pipeline.Launcher - The pipeline will try to reproduce a bug from build 372786429 and its corresponding patch from build 372789772
00:08:38.737 [main] INFO  f.i.s.repairnator.pipeline.Launcher - Initialize file serializer engines.
00:08:38.739 [main] INFO  f.i.s.repairnator.pipeline.Launcher - MongoDB won't be used for serialization.
00:08:38.740 [main] INFO  f.i.s.repairnator.pipeline.Launcher - The email notifier engine won't be used.
00:08:38.744 [main] INFO  f.i.s.repairnator.pipeline.Launcher - Start by getting the build (buildId: 372786429) with the following config: RepairnatorConfig{runId='e1e687d4-f849-47b3-a53e-600cf5a719ad_04-18-week4-FAILING_AND_PASSING', launcherMode=BEARS, serializeJson=true, inputPath='null', outputPath='/var/log', mongodbHost='null', mongodbName='repairnator', smtpServer='null', notifyTo=[], notifyEndProcess=false, push=true, pushRemoteRepo='https://github.com/fermadeiral/bears-collection-fp', fork=false, lookFromDate=null, lookToDate=null, buildId=372786429, z3solverPath='./z3_for_linux', workspacePath='./workspace', githubToken='c8a341a903[...]', dockerImageName='null', skipDelete=false, createOutputDir=false, logDirectory='null', nbThreads=0, globalTimeout=0, whiteList=null, blackList=null, jobSleepTime=0, buildSleepTime=0, maxInspectedBuilds=0, duration=null, humanPatch=false, repository='null', clean=true, bearsMode=BOTH, bearsDelimiter = false, repairTools=NopolAllTests,NPEFix,AssertFixer,AstorJGenProg,AstorJKali,NopolSingleTest,AstorJMut,NopolTestExclusionStrategy, githubUserName= fermadeiral, githubUserEmail=fer.madeiral@gmail.com}
00:08:40.264 [main] DEBUG fr.inria.jtravis.helpers.BuildHelper - Get request to :https://api.travis-ci.org/build/372786429 done after 790 ms
00:08:40.519 [main] DEBUG fr.inria.jtravis.helpers.BuildHelper - Get request to :https://api.travis-ci.org/build/372789772 done after 126 ms
00:08:40.535 [main] INFO  f.i.s.repairnator.pipeline.Launcher - The patched build (372789772) was successfully retrieved from Travis.
00:08:41.651 [main] INFO  fr.inria.jtravis.JTravis - GitHub ratelimit: Limit: 5000 Remaining: 4595 Reset hour: 19:41:40
00:08:41.960 [main] INFO  f.i.s.r.p.i.ProjectInspector - ----------------------------------------------------------------------
00:08:41.961 [main] INFO  f.i.s.r.p.i.ProjectInspector - PIPELINE STEPS
00:08:41.961 [main] INFO  f.i.s.r.p.i.ProjectInspector - ----------------------------------------------------------------------
00:08:41.961 [main] INFO  f.i.s.r.p.i.ProjectInspector - CloneRepository
00:08:41.961 [main] INFO  f.i.s.r.p.i.ProjectInspector - CheckoutBuggyBuildCandidate
00:08:41.961 [main] INFO  f.i.s.r.p.i.ProjectInspector - ComputeSourceDir
00:08:41.962 [main] INFO  f.i.s.r.p.i.ProjectInspector - ComputeTestDir
00:08:41.962 [main] INFO  f.i.s.r.p.i.ProjectInspector - BuildProjectBuggyBuildCandidate
00:08:41.962 [main] INFO  f.i.s.r.p.i.ProjectInspector - TestProjectBuggyBuildCandidate
00:08:41.966 [main] INFO  f.i.s.r.p.i.ProjectInspector - GatherTestInformationBuggyBuildCandidate
00:08:41.966 [main] INFO  f.i.s.r.p.i.ProjectInspector - InitRepoToPush
00:08:41.966 [main] INFO  f.i.s.r.p.i.ProjectInspector - ComputeClasspath
00:08:41.967 [main] INFO  f.i.s.r.p.i.ProjectInspector - ComputeModules
00:08:41.967 [main] INFO  f.i.s.r.p.i.ProjectInspector - CheckoutPatchedBuildCandidate
00:08:41.967 [main] INFO  f.i.s.r.p.i.ProjectInspector - BuildProjectPatchedBuildCandidate
00:08:41.967 [main] INFO  f.i.s.r.p.i.ProjectInspector - TestProjectPatchedBuildCandidate
00:08:41.968 [main] INFO  f.i.s.r.p.i.ProjectInspector - GatherTestInformationPatchedBuildCandidate
00:08:41.968 [main] INFO  f.i.s.r.p.i.ProjectInspector - CommitPatch
00:08:41.968 [main] INFO  f.i.s.r.p.i.ProjectInspector - WritePropertyFile
00:08:41.969 [main] INFO  f.i.s.r.p.i.ProjectInspector - CommitProcessEnd
00:08:41.969 [main] INFO  f.i.s.r.p.i.ProjectInspector - PushProcessEnd
00:08:41.969 [main] DEBUG f.i.s.r.process.step.CloneRepository - ----------------------------------------------------------------------
00:08:41.970 [main] DEBUG f.i.s.r.process.step.CloneRepository - STEP 1/18: CloneRepository
00:08:41.970 [main] DEBUG f.i.s.r.process.step.CloneRepository - ----------------------------------------------------------------------
00:08:41.971 [main] DEBUG f.i.s.r.process.step.CloneRepository - Cloning repository runelite/runelite in the following directory: ./workspace/runelite/runelite/372786429
00:08:53.522 [main] DEBUG f.i.s.r.process.step.CloneRepository - STEP STATUS: [ CloneRepository : SUCCESS ]
00:08:53.523 [main] DEBUG f.i.s.r.process.step.CloneRepository - STEP DURATION: 11s
00:08:53.523 [main] DEBUG f.i.s.r.process.step.CloneRepository - EXECUTE NEXT STEP
00:08:53.524 [main] DEBUG f.i.s.r.p.s.c.CheckoutBuggyBuild - ----------------------------------------------------------------------
00:08:53.524 [main] DEBUG f.i.s.r.p.s.c.CheckoutBuggyBuild - STEP 2/18: CheckoutBuggyBuildCandidate
00:08:53.524 [main] DEBUG f.i.s.r.p.s.c.CheckoutBuggyBuild - ----------------------------------------------------------------------
00:08:53.525 [main] DEBUG f.i.s.r.p.s.c.CheckoutBuggyBuild - Checking out buggy build candidate...
00:08:53.854 [main] INFO  fr.inria.jtravis.JTravis - GitHub ratelimit: Limit: 5000 Remaining: 4592 Reset hour: 19:41:40
00:08:56.767 [main] DEBUG f.i.s.r.p.s.c.CheckoutBuggyBuild - Reproduce the PR for runelite/runelite by fetching remote branch and merging.
00:09:08.919 [main] ERROR f.i.s.r.p.s.c.CheckoutBuggyBuild - Error while testing commit: org.eclipse.jgit.errors.MissingObjectException: Missing unknown f14fa661651f2074d58de1c679bc07a99670e892
00:09:08.920 [main] ERROR f.i.s.r.p.s.c.CheckoutBuggyBuild - Error while testing commit: org.eclipse.jgit.errors.MissingObjectException: Missing unknown 4ff54d475d8b2b123771d7125155730cb5bb62f5
00:09:08.921 [main] ERROR f.i.s.r.p.s.c.CheckoutBuggyBuild - Commit head ref cannot be retrieved from the repository: f14fa661651f2074d58de1c679bc07a99670e892. Operation aborted.
00:09:08.921 [main] ERROR f.i.s.r.p.s.c.CheckoutBuggyBuild - Error while merging two commits to reproduce the PR.
00:09:08.922 [main] DEBUG f.i.s.r.p.s.c.CheckoutBuggyBuild - STEP STATUS: [ CheckoutBuggyBuildCandidate : FAILURE ( BUILDNOTCHECKEDOUT ) ]
00:09:08.922 [main] DEBUG f.i.s.r.p.s.c.CheckoutBuggyBuild - STEP DURATION: 15s
00:09:08.923 [main] DEBUG f.i.s.r.p.s.c.CheckoutBuggyBuild - TERMINATE PIPELINE
00:09:08.923 [main] DEBUG f.i.s.r.p.s.c.CheckoutBuggyBuild - FINAL STEPS SKIPPED: The reproduction of the bug and/or the patch failed.
00:09:08.923 [main] INFO  f.i.s.r.p.s.c.CheckoutBuggyBuild - Serialize all data for the pair of builds 372786429, 372789772
00:09:09.259 [main] INFO  fr.inria.jtravis.JTravis - GitHub ratelimit: Limit: 5000 Remaining: 4579 Reset hour: 19:41:40
00:09:10.116 [main] INFO  f.i.s.r.p.i.ProjectInspector - ----------------------------------------------------------------------
00:09:10.117 [main] INFO  f.i.s.r.p.i.ProjectInspector - PIPELINE EXECUTION SUMMARY
00:09:10.117 [main] INFO  f.i.s.r.p.i.ProjectInspector - ----------------------------------------------------------------------
00:09:10.118 [main] INFO  f.i.s.r.p.i.ProjectInspector - CloneRepository.......................................SUCCESS [ 11 s ]
00:09:10.118 [main] INFO  f.i.s.r.p.i.ProjectInspector - CheckoutBuggyBuildCandidate...........................FAILURE [ 15 s ]
00:09:10.118 [main] INFO  f.i.s.r.p.i.ProjectInspector - ComputeSourceDir......................................NOT RUN         
00:09:10.118 [main] INFO  f.i.s.r.p.i.ProjectInspector - ComputeTestDir........................................NOT RUN         
00:09:10.119 [main] INFO  f.i.s.r.p.i.ProjectInspector - BuildProjectBuggyBuildCandidate.......................NOT RUN         
00:09:10.119 [main] INFO  f.i.s.r.p.i.ProjectInspector - TestProjectBuggyBuildCandidate........................NOT RUN         
00:09:10.119 [main] INFO  f.i.s.r.p.i.ProjectInspector - GatherTestInformationBuggyBuildCandidate..............NOT RUN         
00:09:10.120 [main] INFO  f.i.s.r.p.i.ProjectInspector - InitRepoToPush........................................NOT RUN         
00:09:10.120 [main] INFO  f.i.s.r.p.i.ProjectInspector - ComputeClasspath......................................NOT RUN         
00:09:10.120 [main] INFO  f.i.s.r.p.i.ProjectInspector - ComputeModules........................................NOT RUN         
00:09:10.120 [main] INFO  f.i.s.r.p.i.ProjectInspector - CheckoutPatchedBuildCandidate.........................NOT RUN         
00:09:10.120 [main] INFO  f.i.s.r.p.i.ProjectInspector - BuildProjectPatchedBuildCandidate.....................NOT RUN         
00:09:10.120 [main] INFO  f.i.s.r.p.i.ProjectInspector - TestProjectPatchedBuildCandidate......................NOT RUN         
00:09:10.121 [main] INFO  f.i.s.r.p.i.ProjectInspector - GatherTestInformationPatchedBuildCandidate............NOT RUN         
00:09:10.121 [main] INFO  f.i.s.r.p.i.ProjectInspector - CommitPatch...........................................NOT RUN         
00:09:10.121 [main] INFO  f.i.s.r.p.i.ProjectInspector - WritePropertyFile.....................................NOT RUN         
00:09:10.121 [main] INFO  f.i.s.r.p.i.ProjectInspector - CommitProcessEnd......................................NOT RUN         
00:09:10.121 [main] INFO  f.i.s.r.p.i.ProjectInspector - PushProcessEnd........................................NOT RUN         
00:09:10.121 [main] INFO  f.i.s.r.p.i.ProjectInspector - ----------------------------------------------------------------------
00:09:10.122 [main] INFO  f.i.s.r.p.i.ProjectInspector - PIPELINE FINDING: BUILDNOTCHECKEDOUT
00:09:10.122 [main] INFO  f.i.s.r.p.i.ProjectInspector - ----------------------------------------------------------------------
00:09:10.122 [main] INFO  f.i.s.repairnator.pipeline.Launcher - Inspector is finished. The process will exit now.
