00:14:34.489 [main] INFO  f.i.s.repairnator.pipeline.Launcher - PIPELINE VERSION: 3.0-2018-08-09 19:04
00:14:34.694 [main] INFO  f.i.s.repairnator.pipeline.Launcher - The pipeline will try to reproduce a bug from build 371690317 and its corresponding patch from build 371698317
00:14:34.695 [main] INFO  f.i.s.repairnator.pipeline.Launcher - Initialize file serializer engines.
00:14:34.697 [main] INFO  f.i.s.repairnator.pipeline.Launcher - MongoDB won't be used for serialization.
00:14:34.698 [main] INFO  f.i.s.repairnator.pipeline.Launcher - The email notifier engine won't be used.
00:14:34.702 [main] INFO  f.i.s.repairnator.pipeline.Launcher - Start by getting the build (buildId: 371690317) with the following config: RepairnatorConfig{runId='e1e687d4-f849-47b3-a53e-600cf5a719ad_04-18-week4-FAILING_AND_PASSING', launcherMode=BEARS, serializeJson=true, inputPath='null', outputPath='/var/log', mongodbHost='null', mongodbName='repairnator', smtpServer='null', notifyTo=[], notifyEndProcess=false, push=true, pushRemoteRepo='https://github.com/fermadeiral/bears-collection-fp', fork=false, lookFromDate=null, lookToDate=null, buildId=371690317, z3solverPath='./z3_for_linux', workspacePath='./workspace', githubToken='c8a341a903[...]', dockerImageName='null', skipDelete=false, createOutputDir=false, logDirectory='null', nbThreads=0, globalTimeout=0, whiteList=null, blackList=null, jobSleepTime=0, buildSleepTime=0, maxInspectedBuilds=0, duration=null, humanPatch=false, repository='null', clean=true, bearsMode=BOTH, bearsDelimiter = false, repairTools=NopolAllTests,NPEFix,AssertFixer,AstorJGenProg,AstorJKali,NopolSingleTest,AstorJMut,NopolTestExclusionStrategy, githubUserName= fermadeiral, githubUserEmail=fer.madeiral@gmail.com}
00:14:36.174 [main] DEBUG fr.inria.jtravis.helpers.BuildHelper - Get request to :https://api.travis-ci.org/build/371690317 done after 879 ms
00:14:36.460 [main] DEBUG fr.inria.jtravis.helpers.BuildHelper - Get request to :https://api.travis-ci.org/build/371698317 done after 153 ms
00:14:36.471 [main] INFO  f.i.s.repairnator.pipeline.Launcher - The patched build (371698317) was successfully retrieved from Travis.
00:14:37.687 [main] INFO  fr.inria.jtravis.JTravis - GitHub ratelimit: Limit: 5000 Remaining: 4467 Reset hour: 19:41:40
00:14:38.071 [main] INFO  f.i.s.r.p.i.ProjectInspector - ----------------------------------------------------------------------
00:14:38.071 [main] INFO  f.i.s.r.p.i.ProjectInspector - PIPELINE STEPS
00:14:38.072 [main] INFO  f.i.s.r.p.i.ProjectInspector - ----------------------------------------------------------------------
00:14:38.072 [main] INFO  f.i.s.r.p.i.ProjectInspector - CloneRepository
00:14:38.073 [main] INFO  f.i.s.r.p.i.ProjectInspector - CheckoutBuggyBuildCandidate
00:14:38.073 [main] INFO  f.i.s.r.p.i.ProjectInspector - ComputeSourceDir
00:14:38.074 [main] INFO  f.i.s.r.p.i.ProjectInspector - ComputeTestDir
00:14:38.074 [main] INFO  f.i.s.r.p.i.ProjectInspector - BuildProjectBuggyBuildCandidate
00:14:38.075 [main] INFO  f.i.s.r.p.i.ProjectInspector - TestProjectBuggyBuildCandidate
00:14:38.075 [main] INFO  f.i.s.r.p.i.ProjectInspector - GatherTestInformationBuggyBuildCandidate
00:14:38.076 [main] INFO  f.i.s.r.p.i.ProjectInspector - InitRepoToPush
00:14:38.076 [main] INFO  f.i.s.r.p.i.ProjectInspector - ComputeClasspath
00:14:38.077 [main] INFO  f.i.s.r.p.i.ProjectInspector - ComputeModules
00:14:38.077 [main] INFO  f.i.s.r.p.i.ProjectInspector - CheckoutPatchedBuildCandidate
00:14:38.078 [main] INFO  f.i.s.r.p.i.ProjectInspector - BuildProjectPatchedBuildCandidate
00:14:38.078 [main] INFO  f.i.s.r.p.i.ProjectInspector - TestProjectPatchedBuildCandidate
00:14:38.078 [main] INFO  f.i.s.r.p.i.ProjectInspector - GatherTestInformationPatchedBuildCandidate
00:14:38.079 [main] INFO  f.i.s.r.p.i.ProjectInspector - CommitPatch
00:14:38.079 [main] INFO  f.i.s.r.p.i.ProjectInspector - WritePropertyFile
00:14:38.080 [main] INFO  f.i.s.r.p.i.ProjectInspector - CommitProcessEnd
00:14:38.080 [main] INFO  f.i.s.r.p.i.ProjectInspector - PushProcessEnd
00:14:38.083 [main] DEBUG f.i.s.r.process.step.CloneRepository - ----------------------------------------------------------------------
00:14:38.083 [main] DEBUG f.i.s.r.process.step.CloneRepository - STEP 1/18: CloneRepository
00:14:38.084 [main] DEBUG f.i.s.r.process.step.CloneRepository - ----------------------------------------------------------------------
00:14:38.085 [main] DEBUG f.i.s.r.process.step.CloneRepository - Cloning repository runelite/runelite in the following directory: ./workspace/runelite/runelite/371690317
00:14:49.141 [main] DEBUG f.i.s.r.process.step.CloneRepository - STEP STATUS: [ CloneRepository : SUCCESS ]
00:14:49.141 [main] DEBUG f.i.s.r.process.step.CloneRepository - STEP DURATION: 11s
00:14:49.142 [main] DEBUG f.i.s.r.process.step.CloneRepository - EXECUTE NEXT STEP
00:14:49.142 [main] DEBUG f.i.s.r.p.s.c.CheckoutBuggyBuild - ----------------------------------------------------------------------
00:14:49.142 [main] DEBUG f.i.s.r.p.s.c.CheckoutBuggyBuild - STEP 2/18: CheckoutBuggyBuildCandidate
00:14:49.142 [main] DEBUG f.i.s.r.p.s.c.CheckoutBuggyBuild - ----------------------------------------------------------------------
00:14:49.142 [main] DEBUG f.i.s.r.p.s.c.CheckoutBuggyBuild - Checking out buggy build candidate...
00:14:49.486 [main] INFO  fr.inria.jtravis.JTravis - GitHub ratelimit: Limit: 5000 Remaining: 4466 Reset hour: 19:41:40
00:14:49.863 [main] WARN  f.i.j.helpers.PullRequestHelper - The head repository is null: maybe it has been deleted from GitHub
00:14:49.863 [main] ERROR f.i.s.r.p.s.c.CheckoutBuggyBuild - Error while getting PR information.
00:14:49.864 [main] DEBUG f.i.s.r.p.s.c.CheckoutBuggyBuild - STEP STATUS: [ CheckoutBuggyBuildCandidate : FAILURE ( BUILDNOTCHECKEDOUT ) ]
00:14:49.865 [main] DEBUG f.i.s.r.p.s.c.CheckoutBuggyBuild - STEP DURATION: 0s
00:14:49.865 [main] DEBUG f.i.s.r.p.s.c.CheckoutBuggyBuild - TERMINATE PIPELINE
00:14:49.866 [main] DEBUG f.i.s.r.p.s.c.CheckoutBuggyBuild - FINAL STEPS SKIPPED: The reproduction of the bug and/or the patch failed.
00:14:49.866 [main] INFO  f.i.s.r.p.s.c.CheckoutBuggyBuild - Serialize all data for the pair of builds 371690317, 371698317
00:14:49.990 [main] INFO  fr.inria.jtravis.JTravis - GitHub ratelimit: Limit: 5000 Remaining: 4464 Reset hour: 19:41:40
00:14:50.975 [main] INFO  f.i.s.r.p.i.ProjectInspector - ----------------------------------------------------------------------
00:14:50.976 [main] INFO  f.i.s.r.p.i.ProjectInspector - PIPELINE EXECUTION SUMMARY
00:14:50.976 [main] INFO  f.i.s.r.p.i.ProjectInspector - ----------------------------------------------------------------------
00:14:50.976 [main] INFO  f.i.s.r.p.i.ProjectInspector - CloneRepository.......................................SUCCESS [ 11 s ]
00:14:50.976 [main] INFO  f.i.s.r.p.i.ProjectInspector - CheckoutBuggyBuildCandidate...........................FAILURE [  0 s ]
00:14:50.976 [main] INFO  f.i.s.r.p.i.ProjectInspector - ComputeSourceDir......................................NOT RUN         
00:14:50.977 [main] INFO  f.i.s.r.p.i.ProjectInspector - ComputeTestDir........................................NOT RUN         
00:14:50.977 [main] INFO  f.i.s.r.p.i.ProjectInspector - BuildProjectBuggyBuildCandidate.......................NOT RUN         
00:14:50.977 [main] INFO  f.i.s.r.p.i.ProjectInspector - TestProjectBuggyBuildCandidate........................NOT RUN         
00:14:50.977 [main] INFO  f.i.s.r.p.i.ProjectInspector - GatherTestInformationBuggyBuildCandidate..............NOT RUN         
00:14:50.977 [main] INFO  f.i.s.r.p.i.ProjectInspector - InitRepoToPush........................................NOT RUN         
00:14:50.977 [main] INFO  f.i.s.r.p.i.ProjectInspector - ComputeClasspath......................................NOT RUN         
00:14:50.977 [main] INFO  f.i.s.r.p.i.ProjectInspector - ComputeModules........................................NOT RUN         
00:14:50.978 [main] INFO  f.i.s.r.p.i.ProjectInspector - CheckoutPatchedBuildCandidate.........................NOT RUN         
00:14:50.978 [main] INFO  f.i.s.r.p.i.ProjectInspector - BuildProjectPatchedBuildCandidate.....................NOT RUN         
00:14:50.978 [main] INFO  f.i.s.r.p.i.ProjectInspector - TestProjectPatchedBuildCandidate......................NOT RUN         
00:14:50.978 [main] INFO  f.i.s.r.p.i.ProjectInspector - GatherTestInformationPatchedBuildCandidate............NOT RUN         
00:14:50.978 [main] INFO  f.i.s.r.p.i.ProjectInspector - CommitPatch...........................................NOT RUN         
00:14:50.978 [main] INFO  f.i.s.r.p.i.ProjectInspector - WritePropertyFile.....................................NOT RUN         
00:14:50.979 [main] INFO  f.i.s.r.p.i.ProjectInspector - CommitProcessEnd......................................NOT RUN         
00:14:50.979 [main] INFO  f.i.s.r.p.i.ProjectInspector - PushProcessEnd........................................NOT RUN         
00:14:50.979 [main] INFO  f.i.s.r.p.i.ProjectInspector - ----------------------------------------------------------------------
00:14:50.979 [main] INFO  f.i.s.r.p.i.ProjectInspector - PIPELINE FINDING: BUILDNOTCHECKEDOUT
00:14:50.979 [main] INFO  f.i.s.r.p.i.ProjectInspector - ----------------------------------------------------------------------
00:14:50.979 [main] INFO  f.i.s.repairnator.pipeline.Launcher - Inspector is finished. The process will exit now.
