23:00:41.452 [main] INFO  f.i.s.repairnator.pipeline.Launcher - PIPELINE VERSION: 3.0-2018-08-09 19:04
23:00:41.644 [main] INFO  f.i.s.repairnator.pipeline.Launcher - The pipeline will try to reproduce a bug from build 371040387 and its corresponding patch from build 371237847
23:00:41.645 [main] INFO  f.i.s.repairnator.pipeline.Launcher - Initialize file serializer engines.
23:00:41.647 [main] INFO  f.i.s.repairnator.pipeline.Launcher - MongoDB won't be used for serialization.
23:00:41.648 [main] INFO  f.i.s.repairnator.pipeline.Launcher - The email notifier engine won't be used.
23:00:41.652 [main] INFO  f.i.s.repairnator.pipeline.Launcher - Start by getting the build (buildId: 371040387) with the following config: RepairnatorConfig{runId='e1e687d4-f849-47b3-a53e-600cf5a719ad_04-18-week4-FAILING_AND_PASSING', launcherMode=BEARS, serializeJson=true, inputPath='null', outputPath='/var/log', mongodbHost='null', mongodbName='repairnator', smtpServer='null', notifyTo=[], notifyEndProcess=false, push=true, pushRemoteRepo='https://github.com/fermadeiral/bears-collection-fp', fork=false, lookFromDate=null, lookToDate=null, buildId=371040387, z3solverPath='./z3_for_linux', workspacePath='./workspace', githubToken='c8a341a903[...]', dockerImageName='null', skipDelete=false, createOutputDir=false, logDirectory='null', nbThreads=0, globalTimeout=0, whiteList=null, blackList=null, jobSleepTime=0, buildSleepTime=0, maxInspectedBuilds=0, duration=null, humanPatch=false, repository='null', clean=true, bearsMode=BOTH, bearsDelimiter = false, repairTools=NopolAllTests,NPEFix,AssertFixer,AstorJGenProg,AstorJKali,NopolSingleTest,AstorJMut,NopolTestExclusionStrategy, githubUserName= fermadeiral, githubUserEmail=fer.madeiral@gmail.com}
23:00:43.034 [main] DEBUG fr.inria.jtravis.helpers.BuildHelper - Get request to :https://api.travis-ci.org/build/371040387 done after 773 ms
23:00:43.261 [main] DEBUG fr.inria.jtravis.helpers.BuildHelper - Get request to :https://api.travis-ci.org/build/371237847 done after 132 ms
23:00:43.294 [main] INFO  f.i.s.repairnator.pipeline.Launcher - The patched build (371237847) was successfully retrieved from Travis.
23:00:45.004 [main] INFO  fr.inria.jtravis.JTravis - GitHub ratelimit: Limit: 5000 Remaining: 4920 Reset hour: 19:41:36
23:00:45.267 [main] INFO  f.i.s.r.p.i.ProjectInspector - ----------------------------------------------------------------------
23:00:45.267 [main] INFO  f.i.s.r.p.i.ProjectInspector - PIPELINE STEPS
23:00:45.268 [main] INFO  f.i.s.r.p.i.ProjectInspector - ----------------------------------------------------------------------
23:00:45.268 [main] INFO  f.i.s.r.p.i.ProjectInspector - CloneRepository
23:00:45.268 [main] INFO  f.i.s.r.p.i.ProjectInspector - CheckoutBuggyBuildCandidate
23:00:45.268 [main] INFO  f.i.s.r.p.i.ProjectInspector - ComputeSourceDir
23:00:45.269 [main] INFO  f.i.s.r.p.i.ProjectInspector - ComputeTestDir
23:00:45.269 [main] INFO  f.i.s.r.p.i.ProjectInspector - BuildProjectBuggyBuildCandidate
23:00:45.269 [main] INFO  f.i.s.r.p.i.ProjectInspector - TestProjectBuggyBuildCandidate
23:00:45.269 [main] INFO  f.i.s.r.p.i.ProjectInspector - GatherTestInformationBuggyBuildCandidate
23:00:45.270 [main] INFO  f.i.s.r.p.i.ProjectInspector - InitRepoToPush
23:00:45.270 [main] INFO  f.i.s.r.p.i.ProjectInspector - ComputeClasspath
23:00:45.270 [main] INFO  f.i.s.r.p.i.ProjectInspector - ComputeModules
23:00:45.270 [main] INFO  f.i.s.r.p.i.ProjectInspector - CheckoutPatchedBuildCandidate
23:00:45.270 [main] INFO  f.i.s.r.p.i.ProjectInspector - BuildProjectPatchedBuildCandidate
23:00:45.271 [main] INFO  f.i.s.r.p.i.ProjectInspector - TestProjectPatchedBuildCandidate
23:00:45.271 [main] INFO  f.i.s.r.p.i.ProjectInspector - GatherTestInformationPatchedBuildCandidate
23:00:45.271 [main] INFO  f.i.s.r.p.i.ProjectInspector - CommitPatch
23:00:45.271 [main] INFO  f.i.s.r.p.i.ProjectInspector - WritePropertyFile
23:00:45.272 [main] INFO  f.i.s.r.p.i.ProjectInspector - CommitProcessEnd
23:00:45.272 [main] INFO  f.i.s.r.p.i.ProjectInspector - PushProcessEnd
23:00:45.273 [main] DEBUG f.i.s.r.process.step.CloneRepository - ----------------------------------------------------------------------
23:00:45.273 [main] DEBUG f.i.s.r.process.step.CloneRepository - STEP 1/18: CloneRepository
23:00:45.274 [main] DEBUG f.i.s.r.process.step.CloneRepository - ----------------------------------------------------------------------
23:00:45.274 [main] DEBUG f.i.s.r.process.step.CloneRepository - Cloning repository apache/nifi in the following directory: ./workspace/apache/nifi/371040387
23:01:28.824 [main] DEBUG f.i.s.r.process.step.CloneRepository - STEP STATUS: [ CloneRepository : SUCCESS ]
23:01:28.825 [main] DEBUG f.i.s.r.process.step.CloneRepository - STEP DURATION: 43s
23:01:28.825 [main] DEBUG f.i.s.r.process.step.CloneRepository - EXECUTE NEXT STEP
23:01:28.825 [main] DEBUG f.i.s.r.p.s.c.CheckoutBuggyBuild - ----------------------------------------------------------------------
23:01:28.826 [main] DEBUG f.i.s.r.p.s.c.CheckoutBuggyBuild - STEP 2/18: CheckoutBuggyBuildCandidate
23:01:28.826 [main] DEBUG f.i.s.r.p.s.c.CheckoutBuggyBuild - ----------------------------------------------------------------------
23:01:28.826 [main] DEBUG f.i.s.r.p.s.c.CheckoutBuggyBuild - Checking out buggy build candidate...
23:01:29.175 [main] INFO  fr.inria.jtravis.JTravis - GitHub ratelimit: Limit: 5000 Remaining: 4919 Reset hour: 19:41:36
23:01:32.026 [main] DEBUG f.i.s.r.p.s.c.CheckoutBuggyBuild - Reproduce the PR for apache/nifi by fetching remote branch and merging.
23:01:33.051 [main] ERROR f.i.s.r.p.s.c.CheckoutBuggyBuild - Error while testing commit: org.eclipse.jgit.errors.MissingObjectException: Missing unknown 3d6b57342887ea732c6e4ea13308ea3d459de1f3
23:01:33.052 [main] ERROR f.i.s.r.p.s.c.CheckoutBuggyBuild - Commit head ref cannot be retrieved from the repository: 3d6b57342887ea732c6e4ea13308ea3d459de1f3. Operation aborted.
23:01:33.053 [main] ERROR f.i.s.r.p.s.c.CheckoutBuggyBuild - Error while merging two commits to reproduce the PR.
23:01:33.054 [main] DEBUG f.i.s.r.p.s.c.CheckoutBuggyBuild - STEP STATUS: [ CheckoutBuggyBuildCandidate : FAILURE ( BUILDNOTCHECKEDOUT ) ]
23:01:33.055 [main] DEBUG f.i.s.r.p.s.c.CheckoutBuggyBuild - STEP DURATION: 4s
23:01:33.055 [main] DEBUG f.i.s.r.p.s.c.CheckoutBuggyBuild - TERMINATE PIPELINE
23:01:33.056 [main] DEBUG f.i.s.r.p.s.c.CheckoutBuggyBuild - FINAL STEPS SKIPPED: The reproduction of the bug and/or the patch failed.
23:01:33.056 [main] INFO  f.i.s.r.p.s.c.CheckoutBuggyBuild - Serialize all data for the pair of builds 371040387, 371237847
23:01:33.175 [main] INFO  fr.inria.jtravis.JTravis - GitHub ratelimit: Limit: 5000 Remaining: 4912 Reset hour: 19:41:36
23:01:35.112 [main] INFO  f.i.s.r.p.i.ProjectInspector - ----------------------------------------------------------------------
23:01:35.112 [main] INFO  f.i.s.r.p.i.ProjectInspector - PIPELINE EXECUTION SUMMARY
23:01:35.113 [main] INFO  f.i.s.r.p.i.ProjectInspector - ----------------------------------------------------------------------
23:01:35.113 [main] INFO  f.i.s.r.p.i.ProjectInspector - CloneRepository.......................................SUCCESS [ 43 s ]
23:01:35.113 [main] INFO  f.i.s.r.p.i.ProjectInspector - CheckoutBuggyBuildCandidate...........................FAILURE [  4 s ]
23:01:35.114 [main] INFO  f.i.s.r.p.i.ProjectInspector - ComputeSourceDir......................................NOT RUN         
23:01:35.114 [main] INFO  f.i.s.r.p.i.ProjectInspector - ComputeTestDir........................................NOT RUN         
23:01:35.114 [main] INFO  f.i.s.r.p.i.ProjectInspector - BuildProjectBuggyBuildCandidate.......................NOT RUN         
23:01:35.114 [main] INFO  f.i.s.r.p.i.ProjectInspector - TestProjectBuggyBuildCandidate........................NOT RUN         
23:01:35.115 [main] INFO  f.i.s.r.p.i.ProjectInspector - GatherTestInformationBuggyBuildCandidate..............NOT RUN         
23:01:35.115 [main] INFO  f.i.s.r.p.i.ProjectInspector - InitRepoToPush........................................NOT RUN         
23:01:35.115 [main] INFO  f.i.s.r.p.i.ProjectInspector - ComputeClasspath......................................NOT RUN         
23:01:35.116 [main] INFO  f.i.s.r.p.i.ProjectInspector - ComputeModules........................................NOT RUN         
23:01:35.116 [main] INFO  f.i.s.r.p.i.ProjectInspector - CheckoutPatchedBuildCandidate.........................NOT RUN         
23:01:35.116 [main] INFO  f.i.s.r.p.i.ProjectInspector - BuildProjectPatchedBuildCandidate.....................NOT RUN         
23:01:35.116 [main] INFO  f.i.s.r.p.i.ProjectInspector - TestProjectPatchedBuildCandidate......................NOT RUN         
23:01:35.117 [main] INFO  f.i.s.r.p.i.ProjectInspector - GatherTestInformationPatchedBuildCandidate............NOT RUN         
23:01:35.117 [main] INFO  f.i.s.r.p.i.ProjectInspector - CommitPatch...........................................NOT RUN         
23:01:35.117 [main] INFO  f.i.s.r.p.i.ProjectInspector - WritePropertyFile.....................................NOT RUN         
23:01:35.117 [main] INFO  f.i.s.r.p.i.ProjectInspector - CommitProcessEnd......................................NOT RUN         
23:01:35.118 [main] INFO  f.i.s.r.p.i.ProjectInspector - PushProcessEnd........................................NOT RUN         
23:01:35.118 [main] INFO  f.i.s.r.p.i.ProjectInspector - ----------------------------------------------------------------------
23:01:35.118 [main] INFO  f.i.s.r.p.i.ProjectInspector - PIPELINE FINDING: BUILDNOTCHECKEDOUT
23:01:35.118 [main] INFO  f.i.s.r.p.i.ProjectInspector - ----------------------------------------------------------------------
23:01:35.119 [main] INFO  f.i.s.repairnator.pipeline.Launcher - Inspector is finished. The process will exit now.
