17:44:27.761 [main] INFO  f.i.s.repairnator.pipeline.Launcher - PIPELINE VERSION: 3.0-2018-08-09 19:04
17:44:28.129 [main] INFO  f.i.s.repairnator.pipeline.Launcher - The pipeline will try to reproduce a bug from build 371364072 and its corresponding patch from build 371408449
17:44:28.130 [main] INFO  f.i.s.repairnator.pipeline.Launcher - Initialize file serializer engines.
17:44:28.132 [main] INFO  f.i.s.repairnator.pipeline.Launcher - MongoDB won't be used for serialization.
17:44:28.132 [main] INFO  f.i.s.repairnator.pipeline.Launcher - The email notifier engine won't be used.
17:44:28.136 [main] INFO  f.i.s.repairnator.pipeline.Launcher - Start by getting the build (buildId: 371364072) with the following config: RepairnatorConfig{runId='e1e687d4-f849-47b3-a53e-600cf5a719ad_04-18-week4-FAILING_AND_PASSING', launcherMode=BEARS, serializeJson=true, inputPath='null', outputPath='/var/log', mongodbHost='null', mongodbName='repairnator', smtpServer='null', notifyTo=[], notifyEndProcess=false, push=true, pushRemoteRepo='https://github.com/fermadeiral/bears-collection-fp', fork=false, lookFromDate=null, lookToDate=null, buildId=371364072, z3solverPath='./z3_for_linux', workspacePath='./workspace', githubToken='c8a341a903[...]', dockerImageName='null', skipDelete=false, createOutputDir=false, logDirectory='null', nbThreads=0, globalTimeout=0, whiteList=null, blackList=null, jobSleepTime=0, buildSleepTime=0, maxInspectedBuilds=0, duration=null, humanPatch=false, repository='null', clean=true, bearsMode=BOTH, bearsDelimiter = false, repairTools=NopolAllTests,NPEFix,AssertFixer,AstorJGenProg,AstorJKali,NopolSingleTest,AstorJMut,NopolTestExclusionStrategy, githubUserName= fermadeiral, githubUserEmail=fer.madeiral@gmail.com}
17:44:30.736 [main] DEBUG fr.inria.jtravis.helpers.BuildHelper - Get request to :https://api.travis-ci.org/build/371364072 done after 1559 ms
17:44:31.054 [main] DEBUG fr.inria.jtravis.helpers.BuildHelper - Get request to :https://api.travis-ci.org/build/371408449 done after 149 ms
17:44:31.082 [main] INFO  f.i.s.repairnator.pipeline.Launcher - The patched build (371408449) was successfully retrieved from Travis.
17:44:32.424 [main] INFO  fr.inria.jtravis.JTravis - GitHub ratelimit: Limit: 5000 Remaining: 4967 Reset hour: 19:41:16
17:44:32.746 [main] INFO  f.i.s.r.p.i.ProjectInspector - ----------------------------------------------------------------------
17:44:32.747 [main] INFO  f.i.s.r.p.i.ProjectInspector - PIPELINE STEPS
17:44:32.747 [main] INFO  f.i.s.r.p.i.ProjectInspector - ----------------------------------------------------------------------
17:44:32.748 [main] INFO  f.i.s.r.p.i.ProjectInspector - CloneRepository
17:44:32.748 [main] INFO  f.i.s.r.p.i.ProjectInspector - CheckoutBuggyBuildCandidate
17:44:32.748 [main] INFO  f.i.s.r.p.i.ProjectInspector - ComputeSourceDir
17:44:32.748 [main] INFO  f.i.s.r.p.i.ProjectInspector - ComputeTestDir
17:44:32.749 [main] INFO  f.i.s.r.p.i.ProjectInspector - BuildProjectBuggyBuildCandidate
17:44:32.749 [main] INFO  f.i.s.r.p.i.ProjectInspector - TestProjectBuggyBuildCandidate
17:44:32.749 [main] INFO  f.i.s.r.p.i.ProjectInspector - GatherTestInformationBuggyBuildCandidate
17:44:32.750 [main] INFO  f.i.s.r.p.i.ProjectInspector - InitRepoToPush
17:44:32.750 [main] INFO  f.i.s.r.p.i.ProjectInspector - ComputeClasspath
17:44:32.750 [main] INFO  f.i.s.r.p.i.ProjectInspector - ComputeModules
17:44:32.750 [main] INFO  f.i.s.r.p.i.ProjectInspector - CheckoutPatchedBuildCandidate
17:44:32.751 [main] INFO  f.i.s.r.p.i.ProjectInspector - BuildProjectPatchedBuildCandidate
17:44:32.751 [main] INFO  f.i.s.r.p.i.ProjectInspector - TestProjectPatchedBuildCandidate
17:44:32.751 [main] INFO  f.i.s.r.p.i.ProjectInspector - GatherTestInformationPatchedBuildCandidate
17:44:32.752 [main] INFO  f.i.s.r.p.i.ProjectInspector - CommitPatch
17:44:32.752 [main] INFO  f.i.s.r.p.i.ProjectInspector - WritePropertyFile
17:44:32.752 [main] INFO  f.i.s.r.p.i.ProjectInspector - CommitProcessEnd
17:44:32.753 [main] INFO  f.i.s.r.p.i.ProjectInspector - PushProcessEnd
17:44:32.753 [main] DEBUG f.i.s.r.process.step.CloneRepository - ----------------------------------------------------------------------
17:44:32.754 [main] DEBUG f.i.s.r.process.step.CloneRepository - STEP 1/18: CloneRepository
17:44:32.754 [main] DEBUG f.i.s.r.process.step.CloneRepository - ----------------------------------------------------------------------
17:44:32.754 [main] DEBUG f.i.s.r.process.step.CloneRepository - Cloning repository apache/flink in the following directory: ./workspace/apache/flink/371364072
17:45:43.789 [main] DEBUG f.i.s.r.process.step.CloneRepository - STEP STATUS: [ CloneRepository : SUCCESS ]
17:45:43.790 [main] DEBUG f.i.s.r.process.step.CloneRepository - STEP DURATION: 71s
17:45:43.791 [main] DEBUG f.i.s.r.process.step.CloneRepository - EXECUTE NEXT STEP
17:45:43.791 [main] DEBUG f.i.s.r.p.s.c.CheckoutBuggyBuild - ----------------------------------------------------------------------
17:45:43.792 [main] DEBUG f.i.s.r.p.s.c.CheckoutBuggyBuild - STEP 2/18: CheckoutBuggyBuildCandidate
17:45:43.792 [main] DEBUG f.i.s.r.p.s.c.CheckoutBuggyBuild - ----------------------------------------------------------------------
17:45:43.793 [main] DEBUG f.i.s.r.p.s.c.CheckoutBuggyBuild - Checking out buggy build candidate...
17:45:44.167 [main] INFO  fr.inria.jtravis.JTravis - GitHub ratelimit: Limit: 5000 Remaining: 4953 Reset hour: 19:41:16
17:45:46.848 [main] DEBUG f.i.s.r.p.s.c.CheckoutBuggyBuild - Reproduce the PR for apache/flink by fetching remote branch and merging.
17:45:49.832 [main] ERROR f.i.s.r.p.s.c.CheckoutBuggyBuild - Error while testing commit: org.eclipse.jgit.errors.MissingObjectException: Missing unknown a1fa9aebdbe957510f0086a401716dae7f9c31c2
17:45:49.833 [main] ERROR f.i.s.r.p.s.c.CheckoutBuggyBuild - Commit head ref cannot be retrieved from the repository: a1fa9aebdbe957510f0086a401716dae7f9c31c2. Operation aborted.
17:45:49.833 [main] ERROR f.i.s.r.p.s.c.CheckoutBuggyBuild - Error while merging two commits to reproduce the PR.
17:45:49.834 [main] DEBUG f.i.s.r.p.s.c.CheckoutBuggyBuild - STEP STATUS: [ CheckoutBuggyBuildCandidate : FAILURE ( BUILDNOTCHECKEDOUT ) ]
17:45:49.835 [main] DEBUG f.i.s.r.p.s.c.CheckoutBuggyBuild - STEP DURATION: 6s
17:45:49.835 [main] DEBUG f.i.s.r.p.s.c.CheckoutBuggyBuild - TERMINATE PIPELINE
17:45:49.835 [main] DEBUG f.i.s.r.p.s.c.CheckoutBuggyBuild - FINAL STEPS SKIPPED: The reproduction of the bug and/or the patch failed.
17:45:49.835 [main] INFO  f.i.s.r.p.s.c.CheckoutBuggyBuild - Serialize all data for the pair of builds 371364072, 371408449
17:45:49.967 [main] INFO  fr.inria.jtravis.JTravis - GitHub ratelimit: Limit: 5000 Remaining: 4946 Reset hour: 19:41:16
17:45:51.729 [main] INFO  f.i.s.r.p.i.ProjectInspector - ----------------------------------------------------------------------
17:45:51.730 [main] INFO  f.i.s.r.p.i.ProjectInspector - PIPELINE EXECUTION SUMMARY
17:45:51.730 [main] INFO  f.i.s.r.p.i.ProjectInspector - ----------------------------------------------------------------------
17:45:51.730 [main] INFO  f.i.s.r.p.i.ProjectInspector - CloneRepository.......................................SUCCESS [ 71 s ]
17:45:51.730 [main] INFO  f.i.s.r.p.i.ProjectInspector - CheckoutBuggyBuildCandidate...........................FAILURE [  6 s ]
17:45:51.730 [main] INFO  f.i.s.r.p.i.ProjectInspector - ComputeSourceDir......................................NOT RUN         
17:45:51.730 [main] INFO  f.i.s.r.p.i.ProjectInspector - ComputeTestDir........................................NOT RUN         
17:45:51.730 [main] INFO  f.i.s.r.p.i.ProjectInspector - BuildProjectBuggyBuildCandidate.......................NOT RUN         
17:45:51.731 [main] INFO  f.i.s.r.p.i.ProjectInspector - TestProjectBuggyBuildCandidate........................NOT RUN         
17:45:51.731 [main] INFO  f.i.s.r.p.i.ProjectInspector - GatherTestInformationBuggyBuildCandidate..............NOT RUN         
17:45:51.731 [main] INFO  f.i.s.r.p.i.ProjectInspector - InitRepoToPush........................................NOT RUN         
17:45:51.731 [main] INFO  f.i.s.r.p.i.ProjectInspector - ComputeClasspath......................................NOT RUN         
17:45:51.731 [main] INFO  f.i.s.r.p.i.ProjectInspector - ComputeModules........................................NOT RUN         
17:45:51.731 [main] INFO  f.i.s.r.p.i.ProjectInspector - CheckoutPatchedBuildCandidate.........................NOT RUN         
17:45:51.731 [main] INFO  f.i.s.r.p.i.ProjectInspector - BuildProjectPatchedBuildCandidate.....................NOT RUN         
17:45:51.731 [main] INFO  f.i.s.r.p.i.ProjectInspector - TestProjectPatchedBuildCandidate......................NOT RUN         
17:45:51.732 [main] INFO  f.i.s.r.p.i.ProjectInspector - GatherTestInformationPatchedBuildCandidate............NOT RUN         
17:45:51.732 [main] INFO  f.i.s.r.p.i.ProjectInspector - CommitPatch...........................................NOT RUN         
17:45:51.732 [main] INFO  f.i.s.r.p.i.ProjectInspector - WritePropertyFile.....................................NOT RUN         
17:45:51.732 [main] INFO  f.i.s.r.p.i.ProjectInspector - CommitProcessEnd......................................NOT RUN         
17:45:51.732 [main] INFO  f.i.s.r.p.i.ProjectInspector - PushProcessEnd........................................NOT RUN         
17:45:51.732 [main] INFO  f.i.s.r.p.i.ProjectInspector - ----------------------------------------------------------------------
17:45:51.732 [main] INFO  f.i.s.r.p.i.ProjectInspector - PIPELINE FINDING: BUILDNOTCHECKEDOUT
17:45:51.733 [main] INFO  f.i.s.r.p.i.ProjectInspector - ----------------------------------------------------------------------
17:45:51.733 [main] INFO  f.i.s.repairnator.pipeline.Launcher - Inspector is finished. The process will exit now.
