00:10:42.275 [main] INFO  f.i.s.repairnator.pipeline.Launcher - PIPELINE VERSION: 3.0-2018-08-09 19:04
00:10:42.489 [main] INFO  f.i.s.repairnator.pipeline.Launcher - The pipeline will try to reproduce a bug from build 372188494 and its corresponding patch from build 372217783
00:10:42.489 [main] INFO  f.i.s.repairnator.pipeline.Launcher - Initialize file serializer engines.
00:10:42.491 [main] INFO  f.i.s.repairnator.pipeline.Launcher - MongoDB won't be used for serialization.
00:10:42.491 [main] INFO  f.i.s.repairnator.pipeline.Launcher - The email notifier engine won't be used.
00:10:42.504 [main] INFO  f.i.s.repairnator.pipeline.Launcher - Start by getting the build (buildId: 372188494) with the following config: RepairnatorConfig{runId='e1e687d4-f849-47b3-a53e-600cf5a719ad_04-18-week4-FAILING_AND_PASSING', launcherMode=BEARS, serializeJson=true, inputPath='null', outputPath='/var/log', mongodbHost='null', mongodbName='repairnator', smtpServer='null', notifyTo=[], notifyEndProcess=false, push=true, pushRemoteRepo='https://github.com/fermadeiral/bears-collection-fp', fork=false, lookFromDate=null, lookToDate=null, buildId=372188494, z3solverPath='./z3_for_linux', workspacePath='./workspace', githubToken='c8a341a903[...]', dockerImageName='null', skipDelete=false, createOutputDir=false, logDirectory='null', nbThreads=0, globalTimeout=0, whiteList=null, blackList=null, jobSleepTime=0, buildSleepTime=0, maxInspectedBuilds=0, duration=null, humanPatch=false, repository='null', clean=true, bearsMode=BOTH, bearsDelimiter = false, repairTools=NopolAllTests,NPEFix,AssertFixer,AstorJGenProg,AstorJKali,NopolSingleTest,AstorJMut,NopolTestExclusionStrategy, githubUserName= fermadeiral, githubUserEmail=fer.madeiral@gmail.com}
00:10:44.105 [main] DEBUG fr.inria.jtravis.helpers.BuildHelper - Get request to :https://api.travis-ci.org/build/372188494 done after 864 ms
00:10:44.332 [main] DEBUG fr.inria.jtravis.helpers.BuildHelper - Get request to :https://api.travis-ci.org/build/372217783 done after 130 ms
00:10:44.347 [main] INFO  f.i.s.repairnator.pipeline.Launcher - The patched build (372217783) was successfully retrieved from Travis.
00:10:45.462 [main] INFO  fr.inria.jtravis.JTravis - GitHub ratelimit: Limit: 5000 Remaining: 4534 Reset hour: 19:41:40
00:10:45.744 [main] INFO  f.i.s.r.p.i.ProjectInspector - ----------------------------------------------------------------------
00:10:45.745 [main] INFO  f.i.s.r.p.i.ProjectInspector - PIPELINE STEPS
00:10:45.745 [main] INFO  f.i.s.r.p.i.ProjectInspector - ----------------------------------------------------------------------
00:10:45.745 [main] INFO  f.i.s.r.p.i.ProjectInspector - CloneRepository
00:10:45.745 [main] INFO  f.i.s.r.p.i.ProjectInspector - CheckoutBuggyBuildCandidate
00:10:45.745 [main] INFO  f.i.s.r.p.i.ProjectInspector - ComputeSourceDir
00:10:45.746 [main] INFO  f.i.s.r.p.i.ProjectInspector - ComputeTestDir
00:10:45.746 [main] INFO  f.i.s.r.p.i.ProjectInspector - BuildProjectBuggyBuildCandidate
00:10:45.746 [main] INFO  f.i.s.r.p.i.ProjectInspector - TestProjectBuggyBuildCandidate
00:10:45.746 [main] INFO  f.i.s.r.p.i.ProjectInspector - GatherTestInformationBuggyBuildCandidate
00:10:45.747 [main] INFO  f.i.s.r.p.i.ProjectInspector - InitRepoToPush
00:10:45.747 [main] INFO  f.i.s.r.p.i.ProjectInspector - ComputeClasspath
00:10:45.747 [main] INFO  f.i.s.r.p.i.ProjectInspector - ComputeModules
00:10:45.747 [main] INFO  f.i.s.r.p.i.ProjectInspector - CheckoutPatchedBuildCandidate
00:10:45.748 [main] INFO  f.i.s.r.p.i.ProjectInspector - BuildProjectPatchedBuildCandidate
00:10:45.748 [main] INFO  f.i.s.r.p.i.ProjectInspector - TestProjectPatchedBuildCandidate
00:10:45.748 [main] INFO  f.i.s.r.p.i.ProjectInspector - GatherTestInformationPatchedBuildCandidate
00:10:45.748 [main] INFO  f.i.s.r.p.i.ProjectInspector - CommitPatch
00:10:45.749 [main] INFO  f.i.s.r.p.i.ProjectInspector - WritePropertyFile
00:10:45.749 [main] INFO  f.i.s.r.p.i.ProjectInspector - CommitProcessEnd
00:10:45.749 [main] INFO  f.i.s.r.p.i.ProjectInspector - PushProcessEnd
00:10:45.749 [main] DEBUG f.i.s.r.process.step.CloneRepository - ----------------------------------------------------------------------
00:10:45.750 [main] DEBUG f.i.s.r.process.step.CloneRepository - STEP 1/18: CloneRepository
00:10:45.750 [main] DEBUG f.i.s.r.process.step.CloneRepository - ----------------------------------------------------------------------
00:10:45.751 [main] DEBUG f.i.s.r.process.step.CloneRepository - Cloning repository runelite/runelite in the following directory: ./workspace/runelite/runelite/372188494
00:10:56.258 [main] DEBUG f.i.s.r.process.step.CloneRepository - STEP STATUS: [ CloneRepository : SUCCESS ]
00:10:56.259 [main] DEBUG f.i.s.r.process.step.CloneRepository - STEP DURATION: 10s
00:10:56.259 [main] DEBUG f.i.s.r.process.step.CloneRepository - EXECUTE NEXT STEP
00:10:56.260 [main] DEBUG f.i.s.r.p.s.c.CheckoutBuggyBuild - ----------------------------------------------------------------------
00:10:56.260 [main] DEBUG f.i.s.r.p.s.c.CheckoutBuggyBuild - STEP 2/18: CheckoutBuggyBuildCandidate
00:10:56.260 [main] DEBUG f.i.s.r.p.s.c.CheckoutBuggyBuild - ----------------------------------------------------------------------
00:10:56.260 [main] DEBUG f.i.s.r.p.s.c.CheckoutBuggyBuild - Checking out buggy build candidate...
00:10:56.272 [main] ERROR f.i.s.r.p.s.c.CheckoutBuggyBuild - Error while testing commit: org.eclipse.jgit.errors.MissingObjectException: Missing unknown 1b7bdc616b5268bfc6a0de5cfabdab4bed2d3f49
00:10:56.273 [main] ERROR f.i.s.r.p.s.c.CheckoutBuggyBuild - Error while getting the commit to checkout from the repo.
00:10:56.274 [main] DEBUG f.i.s.r.p.s.c.CheckoutBuggyBuild - STEP STATUS: [ CheckoutBuggyBuildCandidate : FAILURE ( BUILDNOTCHECKEDOUT ) ]
00:10:56.274 [main] DEBUG f.i.s.r.p.s.c.CheckoutBuggyBuild - STEP DURATION: 0s
00:10:56.274 [main] DEBUG f.i.s.r.p.s.c.CheckoutBuggyBuild - TERMINATE PIPELINE
00:10:56.274 [main] DEBUG f.i.s.r.p.s.c.CheckoutBuggyBuild - FINAL STEPS SKIPPED: The reproduction of the bug and/or the patch failed.
00:10:56.275 [main] INFO  f.i.s.r.p.s.c.CheckoutBuggyBuild - Serialize all data for the pair of builds 372188494, 372217783
00:10:56.586 [main] INFO  fr.inria.jtravis.JTravis - GitHub ratelimit: Limit: 5000 Remaining: 4533 Reset hour: 19:41:40
00:10:57.251 [main] INFO  f.i.s.r.p.i.ProjectInspector - ----------------------------------------------------------------------
00:10:57.251 [main] INFO  f.i.s.r.p.i.ProjectInspector - PIPELINE EXECUTION SUMMARY
00:10:57.251 [main] INFO  f.i.s.r.p.i.ProjectInspector - ----------------------------------------------------------------------
00:10:57.252 [main] INFO  f.i.s.r.p.i.ProjectInspector - CloneRepository.......................................SUCCESS [ 10 s ]
00:10:57.252 [main] INFO  f.i.s.r.p.i.ProjectInspector - CheckoutBuggyBuildCandidate...........................FAILURE [  0 s ]
00:10:57.252 [main] INFO  f.i.s.r.p.i.ProjectInspector - ComputeSourceDir......................................NOT RUN         
00:10:57.252 [main] INFO  f.i.s.r.p.i.ProjectInspector - ComputeTestDir........................................NOT RUN         
00:10:57.252 [main] INFO  f.i.s.r.p.i.ProjectInspector - BuildProjectBuggyBuildCandidate.......................NOT RUN         
00:10:57.252 [main] INFO  f.i.s.r.p.i.ProjectInspector - TestProjectBuggyBuildCandidate........................NOT RUN         
00:10:57.252 [main] INFO  f.i.s.r.p.i.ProjectInspector - GatherTestInformationBuggyBuildCandidate..............NOT RUN         
00:10:57.252 [main] INFO  f.i.s.r.p.i.ProjectInspector - InitRepoToPush........................................NOT RUN         
00:10:57.252 [main] INFO  f.i.s.r.p.i.ProjectInspector - ComputeClasspath......................................NOT RUN         
00:10:57.253 [main] INFO  f.i.s.r.p.i.ProjectInspector - ComputeModules........................................NOT RUN         
00:10:57.253 [main] INFO  f.i.s.r.p.i.ProjectInspector - CheckoutPatchedBuildCandidate.........................NOT RUN         
00:10:57.253 [main] INFO  f.i.s.r.p.i.ProjectInspector - BuildProjectPatchedBuildCandidate.....................NOT RUN         
00:10:57.253 [main] INFO  f.i.s.r.p.i.ProjectInspector - TestProjectPatchedBuildCandidate......................NOT RUN         
00:10:57.253 [main] INFO  f.i.s.r.p.i.ProjectInspector - GatherTestInformationPatchedBuildCandidate............NOT RUN         
00:10:57.253 [main] INFO  f.i.s.r.p.i.ProjectInspector - CommitPatch...........................................NOT RUN         
00:10:57.258 [main] INFO  f.i.s.r.p.i.ProjectInspector - WritePropertyFile.....................................NOT RUN         
00:10:57.258 [main] INFO  f.i.s.r.p.i.ProjectInspector - CommitProcessEnd......................................NOT RUN         
00:10:57.258 [main] INFO  f.i.s.r.p.i.ProjectInspector - PushProcessEnd........................................NOT RUN         
00:10:57.259 [main] INFO  f.i.s.r.p.i.ProjectInspector - ----------------------------------------------------------------------
00:10:57.259 [main] INFO  f.i.s.r.p.i.ProjectInspector - PIPELINE FINDING: BUILDNOTCHECKEDOUT
00:10:57.259 [main] INFO  f.i.s.r.p.i.ProjectInspector - ----------------------------------------------------------------------
00:10:57.259 [main] INFO  f.i.s.repairnator.pipeline.Launcher - Inspector is finished. The process will exit now.
