23:48:40.866 [main] INFO  f.i.s.repairnator.pipeline.Launcher - PIPELINE VERSION: 3.0-2018-08-09 19:04
23:48:40.988 [main] INFO  f.i.s.repairnator.pipeline.Launcher - The pipeline will try to reproduce a bug from build 372076394 and its corresponding patch from build 372144380
23:48:40.989 [main] INFO  f.i.s.repairnator.pipeline.Launcher - Initialize file serializer engines.
23:48:40.991 [main] INFO  f.i.s.repairnator.pipeline.Launcher - MongoDB won't be used for serialization.
23:48:40.991 [main] INFO  f.i.s.repairnator.pipeline.Launcher - The email notifier engine won't be used.
23:48:40.994 [main] INFO  f.i.s.repairnator.pipeline.Launcher - Start by getting the build (buildId: 372076394) with the following config: RepairnatorConfig{runId='e1e687d4-f849-47b3-a53e-600cf5a719ad_04-18-week4-FAILING_AND_PASSING', launcherMode=BEARS, serializeJson=true, inputPath='null', outputPath='/var/log', mongodbHost='null', mongodbName='repairnator', smtpServer='null', notifyTo=[], notifyEndProcess=false, push=true, pushRemoteRepo='https://github.com/fermadeiral/bears-collection-fp', fork=false, lookFromDate=null, lookToDate=null, buildId=372076394, z3solverPath='./z3_for_linux', workspacePath='./workspace', githubToken='c8a341a903[...]', dockerImageName='null', skipDelete=false, createOutputDir=false, logDirectory='null', nbThreads=0, globalTimeout=0, whiteList=null, blackList=null, jobSleepTime=0, buildSleepTime=0, maxInspectedBuilds=0, duration=null, humanPatch=false, repository='null', clean=true, bearsMode=BOTH, bearsDelimiter = false, repairTools=NopolAllTests,NPEFix,AssertFixer,AstorJGenProg,AstorJKali,NopolSingleTest,AstorJMut,NopolTestExclusionStrategy, githubUserName= fermadeiral, githubUserEmail=fer.madeiral@gmail.com}
23:48:42.201 [main] DEBUG fr.inria.jtravis.helpers.BuildHelper - Get request to :https://api.travis-ci.org/build/372076394 done after 790 ms
23:48:42.431 [main] DEBUG fr.inria.jtravis.helpers.BuildHelper - Get request to :https://api.travis-ci.org/build/372144380 done after 148 ms
23:48:42.463 [main] INFO  f.i.s.repairnator.pipeline.Launcher - The patched build (372144380) was successfully retrieved from Travis.
23:48:43.651 [main] INFO  fr.inria.jtravis.JTravis - GitHub ratelimit: Limit: 5000 Remaining: 4921 Reset hour: 19:41:40
23:48:43.908 [main] INFO  f.i.s.r.p.i.ProjectInspector - ----------------------------------------------------------------------
23:48:43.908 [main] INFO  f.i.s.r.p.i.ProjectInspector - PIPELINE STEPS
23:48:43.908 [main] INFO  f.i.s.r.p.i.ProjectInspector - ----------------------------------------------------------------------
23:48:43.908 [main] INFO  f.i.s.r.p.i.ProjectInspector - CloneRepository
23:48:43.908 [main] INFO  f.i.s.r.p.i.ProjectInspector - CheckoutBuggyBuildCandidate
23:48:43.909 [main] INFO  f.i.s.r.p.i.ProjectInspector - ComputeSourceDir
23:48:43.909 [main] INFO  f.i.s.r.p.i.ProjectInspector - ComputeTestDir
23:48:43.909 [main] INFO  f.i.s.r.p.i.ProjectInspector - BuildProjectBuggyBuildCandidate
23:48:43.909 [main] INFO  f.i.s.r.p.i.ProjectInspector - TestProjectBuggyBuildCandidate
23:48:43.910 [main] INFO  f.i.s.r.p.i.ProjectInspector - GatherTestInformationBuggyBuildCandidate
23:48:43.910 [main] INFO  f.i.s.r.p.i.ProjectInspector - InitRepoToPush
23:48:43.910 [main] INFO  f.i.s.r.p.i.ProjectInspector - ComputeClasspath
23:48:43.910 [main] INFO  f.i.s.r.p.i.ProjectInspector - ComputeModules
23:48:43.910 [main] INFO  f.i.s.r.p.i.ProjectInspector - CheckoutPatchedBuildCandidate
23:48:43.910 [main] INFO  f.i.s.r.p.i.ProjectInspector - BuildProjectPatchedBuildCandidate
23:48:43.910 [main] INFO  f.i.s.r.p.i.ProjectInspector - TestProjectPatchedBuildCandidate
23:48:43.910 [main] INFO  f.i.s.r.p.i.ProjectInspector - GatherTestInformationPatchedBuildCandidate
23:48:43.911 [main] INFO  f.i.s.r.p.i.ProjectInspector - CommitPatch
23:48:43.911 [main] INFO  f.i.s.r.p.i.ProjectInspector - WritePropertyFile
23:48:43.911 [main] INFO  f.i.s.r.p.i.ProjectInspector - CommitProcessEnd
23:48:43.911 [main] INFO  f.i.s.r.p.i.ProjectInspector - PushProcessEnd
23:48:43.912 [main] DEBUG f.i.s.r.process.step.CloneRepository - ----------------------------------------------------------------------
23:48:43.912 [main] DEBUG f.i.s.r.process.step.CloneRepository - STEP 1/18: CloneRepository
23:48:43.912 [main] DEBUG f.i.s.r.process.step.CloneRepository - ----------------------------------------------------------------------
23:48:43.913 [main] DEBUG f.i.s.r.process.step.CloneRepository - Cloning repository EnMasseProject/enmasse in the following directory: ./workspace/EnMasseProject/enmasse/372076394
23:49:09.097 [main] DEBUG f.i.s.r.process.step.CloneRepository - STEP STATUS: [ CloneRepository : SUCCESS ]
23:49:09.098 [main] DEBUG f.i.s.r.process.step.CloneRepository - STEP DURATION: 25s
23:49:09.098 [main] DEBUG f.i.s.r.process.step.CloneRepository - EXECUTE NEXT STEP
23:49:09.098 [main] DEBUG f.i.s.r.p.s.c.CheckoutBuggyBuild - ----------------------------------------------------------------------
23:49:09.098 [main] DEBUG f.i.s.r.p.s.c.CheckoutBuggyBuild - STEP 2/18: CheckoutBuggyBuildCandidate
23:49:09.099 [main] DEBUG f.i.s.r.p.s.c.CheckoutBuggyBuild - ----------------------------------------------------------------------
23:49:09.099 [main] DEBUG f.i.s.r.p.s.c.CheckoutBuggyBuild - Checking out buggy build candidate...
23:49:09.437 [main] INFO  fr.inria.jtravis.JTravis - GitHub ratelimit: Limit: 5000 Remaining: 4920 Reset hour: 19:41:40
23:49:11.544 [main] DEBUG f.i.s.r.p.s.c.CheckoutBuggyBuild - Reproduce the PR for EnMasseProject/enmasse by fetching remote branch and merging.
23:49:12.208 [main] ERROR f.i.s.r.p.s.c.CheckoutBuggyBuild - Error while testing commit: org.eclipse.jgit.errors.MissingObjectException: Missing unknown 1959118d4af828e9db997643d41383167c327d8f
23:49:12.209 [main] ERROR f.i.s.r.p.s.c.CheckoutBuggyBuild - Commit head ref cannot be retrieved from the repository: 1959118d4af828e9db997643d41383167c327d8f. Operation aborted.
23:49:12.210 [main] ERROR f.i.s.r.p.s.c.CheckoutBuggyBuild - Error while merging two commits to reproduce the PR.
23:49:12.211 [main] DEBUG f.i.s.r.p.s.c.CheckoutBuggyBuild - STEP STATUS: [ CheckoutBuggyBuildCandidate : FAILURE ( BUILDNOTCHECKEDOUT ) ]
23:49:12.211 [main] DEBUG f.i.s.r.p.s.c.CheckoutBuggyBuild - STEP DURATION: 3s
23:49:12.211 [main] DEBUG f.i.s.r.p.s.c.CheckoutBuggyBuild - TERMINATE PIPELINE
23:49:12.211 [main] DEBUG f.i.s.r.p.s.c.CheckoutBuggyBuild - FINAL STEPS SKIPPED: The reproduction of the bug and/or the patch failed.
23:49:12.212 [main] INFO  f.i.s.r.p.s.c.CheckoutBuggyBuild - Serialize all data for the pair of builds 372076394, 372144380
23:49:12.338 [main] INFO  fr.inria.jtravis.JTravis - GitHub ratelimit: Limit: 5000 Remaining: 4913 Reset hour: 19:41:40
23:49:13.528 [main] INFO  f.i.s.r.p.i.ProjectInspector - ----------------------------------------------------------------------
23:49:13.528 [main] INFO  f.i.s.r.p.i.ProjectInspector - PIPELINE EXECUTION SUMMARY
23:49:13.528 [main] INFO  f.i.s.r.p.i.ProjectInspector - ----------------------------------------------------------------------
23:49:13.529 [main] INFO  f.i.s.r.p.i.ProjectInspector - CloneRepository.......................................SUCCESS [ 25 s ]
23:49:13.529 [main] INFO  f.i.s.r.p.i.ProjectInspector - CheckoutBuggyBuildCandidate...........................FAILURE [  3 s ]
23:49:13.529 [main] INFO  f.i.s.r.p.i.ProjectInspector - ComputeSourceDir......................................NOT RUN         
23:49:13.529 [main] INFO  f.i.s.r.p.i.ProjectInspector - ComputeTestDir........................................NOT RUN         
23:49:13.529 [main] INFO  f.i.s.r.p.i.ProjectInspector - BuildProjectBuggyBuildCandidate.......................NOT RUN         
23:49:13.529 [main] INFO  f.i.s.r.p.i.ProjectInspector - TestProjectBuggyBuildCandidate........................NOT RUN         
23:49:13.529 [main] INFO  f.i.s.r.p.i.ProjectInspector - GatherTestInformationBuggyBuildCandidate..............NOT RUN         
23:49:13.529 [main] INFO  f.i.s.r.p.i.ProjectInspector - InitRepoToPush........................................NOT RUN         
23:49:13.530 [main] INFO  f.i.s.r.p.i.ProjectInspector - ComputeClasspath......................................NOT RUN         
23:49:13.530 [main] INFO  f.i.s.r.p.i.ProjectInspector - ComputeModules........................................NOT RUN         
23:49:13.530 [main] INFO  f.i.s.r.p.i.ProjectInspector - CheckoutPatchedBuildCandidate.........................NOT RUN         
23:49:13.530 [main] INFO  f.i.s.r.p.i.ProjectInspector - BuildProjectPatchedBuildCandidate.....................NOT RUN         
23:49:13.530 [main] INFO  f.i.s.r.p.i.ProjectInspector - TestProjectPatchedBuildCandidate......................NOT RUN         
23:49:13.530 [main] INFO  f.i.s.r.p.i.ProjectInspector - GatherTestInformationPatchedBuildCandidate............NOT RUN         
23:49:13.530 [main] INFO  f.i.s.r.p.i.ProjectInspector - CommitPatch...........................................NOT RUN         
23:49:13.531 [main] INFO  f.i.s.r.p.i.ProjectInspector - WritePropertyFile.....................................NOT RUN         
23:49:13.531 [main] INFO  f.i.s.r.p.i.ProjectInspector - CommitProcessEnd......................................NOT RUN         
23:49:13.531 [main] INFO  f.i.s.r.p.i.ProjectInspector - PushProcessEnd........................................NOT RUN         
23:49:13.531 [main] INFO  f.i.s.r.p.i.ProjectInspector - ----------------------------------------------------------------------
23:49:13.531 [main] INFO  f.i.s.r.p.i.ProjectInspector - PIPELINE FINDING: BUILDNOTCHECKEDOUT
23:49:13.531 [main] INFO  f.i.s.r.p.i.ProjectInspector - ----------------------------------------------------------------------
23:49:13.531 [main] INFO  f.i.s.repairnator.pipeline.Launcher - Inspector is finished. The process will exit now.
