07:56:57.876 [main] INFO  f.i.s.repairnator.pipeline.Launcher - PIPELINE VERSION: 3.0-2018-08-09 19:04
07:56:58.046 [main] INFO  f.i.s.repairnator.pipeline.Launcher - The pipeline will try to reproduce a bug from build 369610077 and its corresponding patch from build 369635084
07:56:58.047 [main] INFO  f.i.s.repairnator.pipeline.Launcher - Initialize file serializer engines.
07:56:58.050 [main] INFO  f.i.s.repairnator.pipeline.Launcher - MongoDB won't be used for serialization.
07:56:58.050 [main] INFO  f.i.s.repairnator.pipeline.Launcher - The email notifier engine won't be used.
07:56:58.054 [main] INFO  f.i.s.repairnator.pipeline.Launcher - Start by getting the build (buildId: 369610077) with the following config: RepairnatorConfig{runId='7f781b86-edd9-4c2c-8d35-0759e20819d2_04-18-week4-PASSING_AND_PASSING', launcherMode=BEARS, serializeJson=true, inputPath='null', outputPath='/var/log', mongodbHost='null', mongodbName='repairnator', smtpServer='null', notifyTo=[], notifyEndProcess=false, push=true, pushRemoteRepo='https://github.com/fermadeiral/bears-collection-pp', fork=false, lookFromDate=null, lookToDate=null, buildId=369610077, z3solverPath='./z3_for_linux', workspacePath='./workspace', githubToken='c8a341a903[...]', dockerImageName='null', skipDelete=false, createOutputDir=false, logDirectory='null', nbThreads=0, globalTimeout=0, whiteList=null, blackList=null, jobSleepTime=0, buildSleepTime=0, maxInspectedBuilds=0, duration=null, humanPatch=false, repository='null', clean=true, bearsMode=BOTH, bearsDelimiter = false, repairTools=NopolAllTests,NPEFix,AssertFixer,AstorJGenProg,AstorJKali,NopolSingleTest,AstorJMut,NopolTestExclusionStrategy, githubUserName= fermadeiral, githubUserEmail=fer.madeiral@gmail.com}
07:56:59.464 [main] DEBUG fr.inria.jtravis.helpers.BuildHelper - Get request to :https://api.travis-ci.org/build/369610077 done after 853 ms
07:56:59.750 [main] DEBUG fr.inria.jtravis.helpers.BuildHelper - Get request to :https://api.travis-ci.org/build/369635084 done after 131 ms
07:56:59.778 [main] INFO  f.i.s.repairnator.pipeline.Launcher - The patched build (369635084) was successfully retrieved from Travis.
07:57:01.184 [main] INFO  fr.inria.jtravis.JTravis - GitHub ratelimit: Limit: 5000 Remaining: 4026 Reset hour: 19:43:33
07:57:01.488 [main] INFO  f.i.s.r.p.i.ProjectInspector - ----------------------------------------------------------------------
07:57:01.488 [main] INFO  f.i.s.r.p.i.ProjectInspector - PIPELINE STEPS
07:57:01.489 [main] INFO  f.i.s.r.p.i.ProjectInspector - ----------------------------------------------------------------------
07:57:01.489 [main] INFO  f.i.s.r.p.i.ProjectInspector - CloneRepository
07:57:01.489 [main] INFO  f.i.s.r.p.i.ProjectInspector - CheckoutPatchedBuildCandidate
07:57:01.490 [main] INFO  f.i.s.r.p.i.ProjectInspector - ComputeSourceDir
07:57:01.490 [main] INFO  f.i.s.r.p.i.ProjectInspector - ComputeTestDir
07:57:01.490 [main] INFO  f.i.s.r.p.i.ProjectInspector - CheckoutBuggyBuildCandidateSourceCode
07:57:01.490 [main] INFO  f.i.s.r.p.i.ProjectInspector - BuildProjectBuggyBuildCandidateSourceCode
07:57:01.491 [main] INFO  f.i.s.r.p.i.ProjectInspector - TestProjectBuggyBuildCandidateSourceCode
07:57:01.491 [main] INFO  f.i.s.r.p.i.ProjectInspector - GatherTestInformationBuggyBuildCandidateSourceCode
07:57:01.491 [main] INFO  f.i.s.r.p.i.ProjectInspector - CheckoutBuggyBuildTestCode
07:57:01.491 [main] INFO  f.i.s.r.p.i.ProjectInspector - InitRepoToPush
07:57:01.491 [main] INFO  f.i.s.r.p.i.ProjectInspector - ComputeClasspath
07:57:01.492 [main] INFO  f.i.s.r.p.i.ProjectInspector - ComputeModules
07:57:01.492 [main] INFO  f.i.s.r.p.i.ProjectInspector - CheckoutBuggyBuildCandidateSourceCode
07:57:01.492 [main] INFO  f.i.s.r.p.i.ProjectInspector - CommitChangedTests
07:57:01.492 [main] INFO  f.i.s.r.p.i.ProjectInspector - CheckoutPatchedBuildCandidate
07:57:01.493 [main] INFO  f.i.s.r.p.i.ProjectInspector - BuildProjectPatchedBuildCandidate
07:57:01.493 [main] INFO  f.i.s.r.p.i.ProjectInspector - TestProjectPatchedBuildCandidate
07:57:01.493 [main] INFO  f.i.s.r.p.i.ProjectInspector - GatherTestInformationPatchedBuildCandidate
07:57:01.494 [main] INFO  f.i.s.r.p.i.ProjectInspector - CommitPatch
07:57:01.498 [main] INFO  f.i.s.r.p.i.ProjectInspector - WritePropertyFile
07:57:01.499 [main] INFO  f.i.s.r.p.i.ProjectInspector - CommitProcessEnd
07:57:01.499 [main] INFO  f.i.s.r.p.i.ProjectInspector - PushProcessEnd
07:57:01.500 [main] DEBUG f.i.s.r.process.step.CloneRepository - ----------------------------------------------------------------------
07:57:01.500 [main] DEBUG f.i.s.r.process.step.CloneRepository - STEP 1/22: CloneRepository
07:57:01.500 [main] DEBUG f.i.s.r.process.step.CloneRepository - ----------------------------------------------------------------------
07:57:01.501 [main] DEBUG f.i.s.r.process.step.CloneRepository - Cloning repository jdbi/jdbi in the following directory: ./workspace/jdbi/jdbi/369610077
07:57:11.722 [main] DEBUG f.i.s.r.process.step.CloneRepository - STEP STATUS: [ CloneRepository : SUCCESS ]
07:57:11.722 [main] DEBUG f.i.s.r.process.step.CloneRepository - STEP DURATION: 10s
07:57:11.722 [main] DEBUG f.i.s.r.process.step.CloneRepository - EXECUTE NEXT STEP
07:57:11.723 [main] DEBUG f.i.s.r.p.s.c.CheckoutPatchedBuild - ----------------------------------------------------------------------
07:57:11.723 [main] DEBUG f.i.s.r.p.s.c.CheckoutPatchedBuild - STEP 2/22: CheckoutPatchedBuildCandidate
07:57:11.723 [main] DEBUG f.i.s.r.p.s.c.CheckoutPatchedBuild - ----------------------------------------------------------------------
07:57:11.723 [main] DEBUG f.i.s.r.p.s.c.CheckoutPatchedBuild - Checking out patched build candidate...
07:57:12.026 [main] INFO  fr.inria.jtravis.JTravis - GitHub ratelimit: Limit: 5000 Remaining: 4023 Reset hour: 19:43:33
07:57:13.956 [main] DEBUG f.i.s.r.p.s.c.CheckoutPatchedBuild - Reproduce the PR for jdbi/jdbi by fetching remote branch and merging.
07:57:14.918 [main] DEBUG f.i.s.r.process.git.GitHelper - Step CheckoutPatchedBuildCandidate - Get the commit abf8d9aaa0a3337f7343a1cd85dab43c0b8c0204 for repo jdbi/jdbi
07:57:15.873 [main] DEBUG f.i.s.r.process.git.GitHelper - Step CheckoutPatchedBuildCandidate - Do the merge with the PR commit for repo jdbi/jdbi
07:57:15.896 [main] INFO  f.i.s.r.process.git.GitHelper - Init git submodules.
07:57:16.190 [main] DEBUG f.i.s.r.p.s.c.CheckoutPatchedBuild - STEP STATUS: [ CheckoutPatchedBuildCandidate : SUCCESS ]
07:57:16.191 [main] DEBUG f.i.s.r.p.s.c.CheckoutPatchedBuild - STEP DURATION: 4s
07:57:16.191 [main] DEBUG f.i.s.r.p.s.c.CheckoutPatchedBuild - EXECUTE NEXT STEP
07:57:16.191 [main] DEBUG f.i.s.r.p.s.paths.ComputeSourceDir - ----------------------------------------------------------------------
07:57:16.191 [main] DEBUG f.i.s.r.p.s.paths.ComputeSourceDir - STEP 3/22: ComputeSourceDir
07:57:16.191 [main] DEBUG f.i.s.r.p.s.paths.ComputeSourceDir - ----------------------------------------------------------------------
07:57:16.192 [main] DEBUG f.i.s.r.p.s.paths.ComputeSourceDir - Computing the source directory ...
07:57:16.193 [main] DEBUG f.i.s.r.p.s.paths.ComputeSourceDir - The default source directory (/root/workspace/jdbi/jdbi/369610077/src/main/java) does not exist. Try to read pom.xml to get information.
07:57:16.423 [main] DEBUG f.i.s.r.p.m.RepositoryModelResolver - Downloading https://repo1.maven.org/maven2/org/basepom/basepom-oss/19/basepom-oss-19.pom
07:57:16.550 [main] DEBUG f.i.s.r.p.m.RepositoryModelResolver - Downloading https://repo1.maven.org/maven2/org/basepom/basepom-minimal/19/basepom-minimal-19.pom
07:57:16.641 [main] DEBUG f.i.s.r.p.m.RepositoryModelResolver - Downloading https://repo1.maven.org/maven2/org/basepom/basepom-foundation/19/basepom-foundation-19.pom
07:57:17.156 [main] ERROR f.i.s.r.process.maven.MavenHelper - Error while building complete model. The raw model will be used. Error message: 2 problems were encountered while building the effective model for org.jdbi:jdbi3-parent:3.2.0-SNAPSHOT
[ERROR] Failed to determine Java version for profile jdk8 @ 
[ERROR] Failed to determine Java version for profile jdk9 @ 

07:57:17.224 [main] DEBUG f.i.s.r.p.s.paths.ComputeSourceDir - Build section does not exist in the following pom.xml: /root/workspace/jdbi/jdbi/369610077/pom.xml. Continue to try to get source dir from all modules.
07:57:17.295 [main] ERROR f.i.s.r.process.maven.MavenHelper - Error while building complete model. The raw model will be used. Error message: 2 problems were encountered while building the effective model for org.jdbi:jdbi3-core:3.2.0-SNAPSHOT
[ERROR] Failed to determine Java version for profile jdk8 @ org.jdbi:jdbi3-parent:3.2.0-SNAPSHOT, /root/workspace/jdbi/jdbi/369610077/pom.xml
[ERROR] Failed to determine Java version for profile jdk9 @ org.jdbi:jdbi3-parent:3.2.0-SNAPSHOT, /root/workspace/jdbi/jdbi/369610077/pom.xml

07:57:17.331 [main] ERROR f.i.s.r.process.maven.MavenHelper - Error while building complete model. The raw model will be used. Error message: 2 problems were encountered while building the effective model for org.jdbi:jdbi3-sqlobject:3.2.0-SNAPSHOT
[ERROR] Failed to determine Java version for profile jdk8 @ org.jdbi:jdbi3-parent:3.2.0-SNAPSHOT, /root/workspace/jdbi/jdbi/369610077/pom.xml
[ERROR] Failed to determine Java version for profile jdk9 @ org.jdbi:jdbi3-parent:3.2.0-SNAPSHOT, /root/workspace/jdbi/jdbi/369610077/pom.xml

07:57:17.386 [main] ERROR f.i.s.r.process.maven.MavenHelper - Error while building complete model. The raw model will be used. Error message: 2 problems were encountered while building the effective model for org.jdbi:jdbi3-stringtemplate4:3.2.0-SNAPSHOT
[ERROR] Failed to determine Java version for profile jdk8 @ org.jdbi:jdbi3-parent:3.2.0-SNAPSHOT, /root/workspace/jdbi/jdbi/369610077/pom.xml
[ERROR] Failed to determine Java version for profile jdk9 @ org.jdbi:jdbi3-parent:3.2.0-SNAPSHOT, /root/workspace/jdbi/jdbi/369610077/pom.xml

07:57:17.434 [main] ERROR f.i.s.r.process.maven.MavenHelper - Error while building complete model. The raw model will be used. Error message: 2 problems were encountered while building the effective model for org.jdbi:jdbi3-guava:3.2.0-SNAPSHOT
[ERROR] Failed to determine Java version for profile jdk8 @ org.jdbi:jdbi3-parent:3.2.0-SNAPSHOT, /root/workspace/jdbi/jdbi/369610077/pom.xml
[ERROR] Failed to determine Java version for profile jdk9 @ org.jdbi:jdbi3-parent:3.2.0-SNAPSHOT, /root/workspace/jdbi/jdbi/369610077/pom.xml

07:57:17.460 [main] ERROR f.i.s.r.process.maven.MavenHelper - Error while building complete model. The raw model will be used. Error message: 2 problems were encountered while building the effective model for org.jdbi:jdbi3-jodatime2:3.2.0-SNAPSHOT
[ERROR] Failed to determine Java version for profile jdk8 @ org.jdbi:jdbi3-parent:3.2.0-SNAPSHOT, /root/workspace/jdbi/jdbi/369610077/pom.xml
[ERROR] Failed to determine Java version for profile jdk9 @ org.jdbi:jdbi3-parent:3.2.0-SNAPSHOT, /root/workspace/jdbi/jdbi/369610077/pom.xml

07:57:17.482 [main] ERROR f.i.s.r.process.maven.MavenHelper - Error while building complete model. The raw model will be used. Error message: 2 problems were encountered while building the effective model for org.jdbi:jdbi3-jpa:3.2.0-SNAPSHOT
[ERROR] Failed to determine Java version for profile jdk8 @ org.jdbi:jdbi3-parent:3.2.0-SNAPSHOT, /root/workspace/jdbi/jdbi/369610077/pom.xml
[ERROR] Failed to determine Java version for profile jdk9 @ org.jdbi:jdbi3-parent:3.2.0-SNAPSHOT, /root/workspace/jdbi/jdbi/369610077/pom.xml

07:57:17.505 [main] ERROR f.i.s.r.process.maven.MavenHelper - Error while building complete model. The raw model will be used. Error message: 2 problems were encountered while building the effective model for org.jdbi:jdbi3-postgres:3.2.0-SNAPSHOT
[ERROR] Failed to determine Java version for profile jdk8 @ org.jdbi:jdbi3-parent:3.2.0-SNAPSHOT, /root/workspace/jdbi/jdbi/369610077/pom.xml
[ERROR] Failed to determine Java version for profile jdk9 @ org.jdbi:jdbi3-parent:3.2.0-SNAPSHOT, /root/workspace/jdbi/jdbi/369610077/pom.xml

07:57:17.526 [main] ERROR f.i.s.r.process.maven.MavenHelper - Error while building complete model. The raw model will be used. Error message: 3 problems were encountered while building the effective model for org.jdbi:jdbi3-spring4:3.2.0-SNAPSHOT
[ERROR] Failed to determine Java version for profile jdk9 @ org.jdbi:jdbi3-spring4:[unknown-version], /root/workspace/jdbi/jdbi/369610077/spring4/pom.xml
[ERROR] Failed to determine Java version for profile jdk8 @ org.jdbi:jdbi3-parent:3.2.0-SNAPSHOT, /root/workspace/jdbi/jdbi/369610077/pom.xml
[ERROR] Failed to determine Java version for profile jdk9 @ org.jdbi:jdbi3-parent:3.2.0-SNAPSHOT, /root/workspace/jdbi/jdbi/369610077/pom.xml

07:57:17.528 [main] DEBUG f.i.s.r.p.s.paths.ComputeSourceDir - The default source directory (/root/workspace/jdbi/jdbi/369610077/docs/src/main/java) does not exist. Try to read pom.xml to get information.
07:57:17.549 [main] ERROR f.i.s.r.process.maven.MavenHelper - Error while building complete model. The raw model will be used. Error message: 2 problems were encountered while building the effective model for org.jdbi:jdbi3-docs:3.2.0-SNAPSHOT
[ERROR] Failed to determine Java version for profile jdk8 @ org.jdbi:jdbi3-parent:3.2.0-SNAPSHOT, /root/workspace/jdbi/jdbi/369610077/pom.xml
[ERROR] Failed to determine Java version for profile jdk9 @ org.jdbi:jdbi3-parent:3.2.0-SNAPSHOT, /root/workspace/jdbi/jdbi/369610077/pom.xml

07:57:17.551 [main] DEBUG f.i.s.r.p.s.paths.ComputeSourceDir - Build section does not exist in the following pom.xml: /root/workspace/jdbi/jdbi/369610077/docs/pom.xml. Continue to try to get source dir from all modules.
07:57:17.551 [main] ERROR f.i.s.r.p.s.paths.ComputeSourceDir - The source directory is not at default location or specified in build section from pom.xml, and no parent can be found.
07:57:17.552 [main] DEBUG f.i.s.r.p.s.paths.ComputeSourceDir - The default source directory (/root/workspace/jdbi/jdbi/369610077/kotlin/src/main/java) does not exist. Try to read pom.xml to get information.
07:57:17.572 [main] ERROR f.i.s.r.process.maven.MavenHelper - Error while building complete model. The raw model will be used. Error message: 2 problems were encountered while building the effective model for org.jdbi:jdbi3-kotlin:3.2.0-SNAPSHOT
[ERROR] Failed to determine Java version for profile jdk8 @ org.jdbi:jdbi3-parent:3.2.0-SNAPSHOT, /root/workspace/jdbi/jdbi/369610077/pom.xml
[ERROR] Failed to determine Java version for profile jdk9 @ org.jdbi:jdbi3-parent:3.2.0-SNAPSHOT, /root/workspace/jdbi/jdbi/369610077/pom.xml

07:57:17.574 [main] DEBUG f.i.s.r.p.s.paths.ComputeSourceDir - The source directory given in pom.xml (${project.basedir}/src/main/kotlin) does not exist. Continue to try to get source dir from all modules.
07:57:17.574 [main] ERROR f.i.s.r.p.s.paths.ComputeSourceDir - The source directory is not at default location or specified in build section from pom.xml, and no parent can be found.
07:57:17.574 [main] DEBUG f.i.s.r.p.s.paths.ComputeSourceDir - The default source directory (/root/workspace/jdbi/jdbi/369610077/kotlin-sqlobject/src/main/java) does not exist. Try to read pom.xml to get information.
07:57:17.594 [main] ERROR f.i.s.r.process.maven.MavenHelper - Error while building complete model. The raw model will be used. Error message: 2 problems were encountered while building the effective model for org.jdbi:jdbi3-kotlin-sqlobject:3.2.0-SNAPSHOT
[ERROR] Failed to determine Java version for profile jdk8 @ org.jdbi:jdbi3-parent:3.2.0-SNAPSHOT, /root/workspace/jdbi/jdbi/369610077/pom.xml
[ERROR] Failed to determine Java version for profile jdk9 @ org.jdbi:jdbi3-parent:3.2.0-SNAPSHOT, /root/workspace/jdbi/jdbi/369610077/pom.xml

07:57:17.595 [main] DEBUG f.i.s.r.p.s.paths.ComputeSourceDir - The source directory given in pom.xml (${project.basedir}/src/main/kotlin) does not exist. Continue to try to get source dir from all modules.
07:57:17.595 [main] ERROR f.i.s.r.p.s.paths.ComputeSourceDir - The source directory is not at default location or specified in build section from pom.xml, and no parent can be found.
07:57:17.596 [main] DEBUG f.i.s.r.p.s.paths.ComputeSourceDir - The default source directory (/root/workspace/jdbi/jdbi/369610077/bom/src/main/java) does not exist. Try to read pom.xml to get information.
07:57:17.615 [main] ERROR f.i.s.r.process.maven.MavenHelper - Error while building complete model. The raw model will be used. Error message: 2 problems were encountered while building the effective model for org.jdbi:jdbi3-bom:3.2.0-SNAPSHOT
[ERROR] Failed to determine Java version for profile jdk8 @ org.jdbi:jdbi3-parent:3.2.0-SNAPSHOT, /root/workspace/jdbi/jdbi/369610077/pom.xml
[ERROR] Failed to determine Java version for profile jdk9 @ org.jdbi:jdbi3-parent:3.2.0-SNAPSHOT, /root/workspace/jdbi/jdbi/369610077/pom.xml

07:57:17.616 [main] DEBUG f.i.s.r.p.s.paths.ComputeSourceDir - Build section does not exist in the following pom.xml: /root/workspace/jdbi/jdbi/369610077/bom/pom.xml. Continue to try to get source dir from all modules.
07:57:17.617 [main] ERROR f.i.s.r.p.s.paths.ComputeSourceDir - The source directory is not at default location or specified in build section from pom.xml, and no parent can be found.
07:57:17.617 [main] DEBUG f.i.s.r.p.s.paths.ComputeSourceDir - The default source directory (/root/workspace/jdbi/jdbi/369610077/noparameters/src/main/java) does not exist. Try to read pom.xml to get information.
07:57:17.641 [main] ERROR f.i.s.r.process.maven.MavenHelper - Error while building complete model. The raw model will be used. Error message: 2 problems were encountered while building the effective model for org.jdbi:jdbi3-noparameters:3.2.0-SNAPSHOT
[ERROR] Failed to determine Java version for profile jdk8 @ org.jdbi:jdbi3-parent:3.2.0-SNAPSHOT, /root/workspace/jdbi/jdbi/369610077/pom.xml
[ERROR] Failed to determine Java version for profile jdk9 @ org.jdbi:jdbi3-parent:3.2.0-SNAPSHOT, /root/workspace/jdbi/jdbi/369610077/pom.xml

07:57:17.643 [main] DEBUG f.i.s.r.p.s.paths.ComputeSourceDir - Build section does not exist in the following pom.xml: /root/workspace/jdbi/jdbi/369610077/noparameters/pom.xml. Continue to try to get source dir from all modules.
07:57:17.643 [main] ERROR f.i.s.r.p.s.paths.ComputeSourceDir - The source directory is not at default location or specified in build section from pom.xml, and no parent can be found.
07:57:17.661 [main] ERROR f.i.s.r.process.maven.MavenHelper - Error while building complete model. The raw model will be used. Error message: 2 problems were encountered while building the effective model for org.jdbi:jdbi3-vavr:3.2.0-SNAPSHOT
[ERROR] Failed to determine Java version for profile jdk8 @ org.jdbi:jdbi3-parent:3.2.0-SNAPSHOT, /root/workspace/jdbi/jdbi/369610077/pom.xml
[ERROR] Failed to determine Java version for profile jdk9 @ org.jdbi:jdbi3-parent:3.2.0-SNAPSHOT, /root/workspace/jdbi/jdbi/369610077/pom.xml

07:57:17.679 [main] ERROR f.i.s.r.process.maven.MavenHelper - Error while building complete model. The raw model will be used. Error message: 2 problems were encountered while building the effective model for org.jdbi:jdbi3-sqlite:3.2.0-SNAPSHOT
[ERROR] Failed to determine Java version for profile jdk8 @ org.jdbi:jdbi3-parent:3.2.0-SNAPSHOT, /root/workspace/jdbi/jdbi/369610077/pom.xml
[ERROR] Failed to determine Java version for profile jdk9 @ org.jdbi:jdbi3-parent:3.2.0-SNAPSHOT, /root/workspace/jdbi/jdbi/369610077/pom.xml

07:57:17.708 [main] ERROR f.i.s.r.process.maven.MavenHelper - Error while building complete model. The raw model will be used. Error message: 2 problems were encountered while building the effective model for org.jdbi:jdbi3-testing:3.2.0-SNAPSHOT
[ERROR] Failed to determine Java version for profile jdk8 @ org.jdbi:jdbi3-parent:3.2.0-SNAPSHOT, /root/workspace/jdbi/jdbi/369610077/pom.xml
[ERROR] Failed to determine Java version for profile jdk9 @ org.jdbi:jdbi3-parent:3.2.0-SNAPSHOT, /root/workspace/jdbi/jdbi/369610077/pom.xml

07:57:17.710 [main] INFO  f.i.s.r.p.s.paths.ComputeSourceDir - 11 source dirs were found:
07:57:17.710 [main] INFO  f.i.s.r.p.s.paths.ComputeSourceDir - /root/workspace/jdbi/jdbi/369610077/core/src/main/java
07:57:17.711 [main] INFO  f.i.s.r.p.s.paths.ComputeSourceDir - /root/workspace/jdbi/jdbi/369610077/guava/src/main/java
07:57:17.711 [main] INFO  f.i.s.r.p.s.paths.ComputeSourceDir - /root/workspace/jdbi/jdbi/369610077/jodatime2/src/main/java
07:57:17.712 [main] INFO  f.i.s.r.p.s.paths.ComputeSourceDir - /root/workspace/jdbi/jdbi/369610077/jpa/src/main/java
07:57:17.712 [main] INFO  f.i.s.r.p.s.paths.ComputeSourceDir - /root/workspace/jdbi/jdbi/369610077/postgres/src/main/java
07:57:17.712 [main] INFO  f.i.s.r.p.s.paths.ComputeSourceDir - /root/workspace/jdbi/jdbi/369610077/spring4/src/main/java
07:57:17.713 [main] INFO  f.i.s.r.p.s.paths.ComputeSourceDir - /root/workspace/jdbi/jdbi/369610077/sqlite/src/main/java
07:57:17.713 [main] INFO  f.i.s.r.p.s.paths.ComputeSourceDir - /root/workspace/jdbi/jdbi/369610077/sqlobject/src/main/java
07:57:17.714 [main] INFO  f.i.s.r.p.s.paths.ComputeSourceDir - /root/workspace/jdbi/jdbi/369610077/stringtemplate4/src/main/java
07:57:17.714 [main] INFO  f.i.s.r.p.s.paths.ComputeSourceDir - /root/workspace/jdbi/jdbi/369610077/testing/src/main/java
07:57:17.714 [main] INFO  f.i.s.r.p.s.paths.ComputeSourceDir - /root/workspace/jdbi/jdbi/369610077/vavr/src/main/java
07:57:17.753 [main] DEBUG f.i.s.r.p.s.paths.ComputeSourceDir - Compute the line of code of the project
07:57:18.115 [main] DEBUG f.i.s.r.p.s.paths.ComputeSourceDir - Get result from cloc process...
07:57:18.116 [main] DEBUG f.i.s.r.p.s.paths.ComputeSourceDir - STEP STATUS: [ ComputeSourceDir : SUCCESS ]
07:57:18.116 [main] DEBUG f.i.s.r.p.s.paths.ComputeSourceDir - STEP DURATION: 1s
07:57:18.117 [main] DEBUG f.i.s.r.p.s.paths.ComputeSourceDir - EXECUTE NEXT STEP
07:57:18.117 [main] DEBUG f.i.s.r.p.step.paths.ComputeTestDir - ----------------------------------------------------------------------
07:57:18.117 [main] DEBUG f.i.s.r.p.step.paths.ComputeTestDir - STEP 4/22: ComputeTestDir
07:57:18.117 [main] DEBUG f.i.s.r.p.step.paths.ComputeTestDir - ----------------------------------------------------------------------
07:57:18.117 [main] DEBUG f.i.s.r.p.step.paths.ComputeTestDir - Computing the test directory ...
07:57:18.117 [main] DEBUG f.i.s.r.p.step.paths.ComputeTestDir - The default test directory (/root/workspace/jdbi/jdbi/369610077/src/test/java) does not exist. Try to read pom.xml to get information.
07:57:18.127 [main] ERROR f.i.s.r.process.maven.MavenHelper - Error while building complete model. The raw model will be used. Error message: 2 problems were encountered while building the effective model for org.jdbi:jdbi3-parent:3.2.0-SNAPSHOT
[ERROR] Failed to determine Java version for profile jdk8 @ 
[ERROR] Failed to determine Java version for profile jdk9 @ 

07:57:18.128 [main] DEBUG f.i.s.r.p.step.paths.ComputeTestDir - Build section does not exist in the following pom.xml: /root/workspace/jdbi/jdbi/369610077/pom.xml. Continue to try to get test dir from all modules.
07:57:18.138 [main] ERROR f.i.s.r.process.maven.MavenHelper - Error while building complete model. The raw model will be used. Error message: 2 problems were encountered while building the effective model for org.jdbi:jdbi3-core:3.2.0-SNAPSHOT
[ERROR] Failed to determine Java version for profile jdk8 @ org.jdbi:jdbi3-parent:3.2.0-SNAPSHOT, /root/workspace/jdbi/jdbi/369610077/pom.xml
[ERROR] Failed to determine Java version for profile jdk9 @ org.jdbi:jdbi3-parent:3.2.0-SNAPSHOT, /root/workspace/jdbi/jdbi/369610077/pom.xml

07:57:18.150 [main] ERROR f.i.s.r.process.maven.MavenHelper - Error while building complete model. The raw model will be used. Error message: 2 problems were encountered while building the effective model for org.jdbi:jdbi3-sqlobject:3.2.0-SNAPSHOT
[ERROR] Failed to determine Java version for profile jdk8 @ org.jdbi:jdbi3-parent:3.2.0-SNAPSHOT, /root/workspace/jdbi/jdbi/369610077/pom.xml
[ERROR] Failed to determine Java version for profile jdk9 @ org.jdbi:jdbi3-parent:3.2.0-SNAPSHOT, /root/workspace/jdbi/jdbi/369610077/pom.xml

07:57:18.162 [main] ERROR f.i.s.r.process.maven.MavenHelper - Error while building complete model. The raw model will be used. Error message: 2 problems were encountered while building the effective model for org.jdbi:jdbi3-stringtemplate4:3.2.0-SNAPSHOT
[ERROR] Failed to determine Java version for profile jdk8 @ org.jdbi:jdbi3-parent:3.2.0-SNAPSHOT, /root/workspace/jdbi/jdbi/369610077/pom.xml
[ERROR] Failed to determine Java version for profile jdk9 @ org.jdbi:jdbi3-parent:3.2.0-SNAPSHOT, /root/workspace/jdbi/jdbi/369610077/pom.xml

07:57:18.171 [main] ERROR f.i.s.r.process.maven.MavenHelper - Error while building complete model. The raw model will be used. Error message: 2 problems were encountered while building the effective model for org.jdbi:jdbi3-guava:3.2.0-SNAPSHOT
[ERROR] Failed to determine Java version for profile jdk8 @ org.jdbi:jdbi3-parent:3.2.0-SNAPSHOT, /root/workspace/jdbi/jdbi/369610077/pom.xml
[ERROR] Failed to determine Java version for profile jdk9 @ org.jdbi:jdbi3-parent:3.2.0-SNAPSHOT, /root/workspace/jdbi/jdbi/369610077/pom.xml

07:57:18.181 [main] ERROR f.i.s.r.process.maven.MavenHelper - Error while building complete model. The raw model will be used. Error message: 2 problems were encountered while building the effective model for org.jdbi:jdbi3-jodatime2:3.2.0-SNAPSHOT
[ERROR] Failed to determine Java version for profile jdk8 @ org.jdbi:jdbi3-parent:3.2.0-SNAPSHOT, /root/workspace/jdbi/jdbi/369610077/pom.xml
[ERROR] Failed to determine Java version for profile jdk9 @ org.jdbi:jdbi3-parent:3.2.0-SNAPSHOT, /root/workspace/jdbi/jdbi/369610077/pom.xml

07:57:18.190 [main] ERROR f.i.s.r.process.maven.MavenHelper - Error while building complete model. The raw model will be used. Error message: 2 problems were encountered while building the effective model for org.jdbi:jdbi3-jpa:3.2.0-SNAPSHOT
[ERROR] Failed to determine Java version for profile jdk8 @ org.jdbi:jdbi3-parent:3.2.0-SNAPSHOT, /root/workspace/jdbi/jdbi/369610077/pom.xml
[ERROR] Failed to determine Java version for profile jdk9 @ org.jdbi:jdbi3-parent:3.2.0-SNAPSHOT, /root/workspace/jdbi/jdbi/369610077/pom.xml

07:57:18.200 [main] ERROR f.i.s.r.process.maven.MavenHelper - Error while building complete model. The raw model will be used. Error message: 2 problems were encountered while building the effective model for org.jdbi:jdbi3-postgres:3.2.0-SNAPSHOT
[ERROR] Failed to determine Java version for profile jdk8 @ org.jdbi:jdbi3-parent:3.2.0-SNAPSHOT, /root/workspace/jdbi/jdbi/369610077/pom.xml
[ERROR] Failed to determine Java version for profile jdk9 @ org.jdbi:jdbi3-parent:3.2.0-SNAPSHOT, /root/workspace/jdbi/jdbi/369610077/pom.xml

07:57:18.209 [main] ERROR f.i.s.r.process.maven.MavenHelper - Error while building complete model. The raw model will be used. Error message: 3 problems were encountered while building the effective model for org.jdbi:jdbi3-spring4:3.2.0-SNAPSHOT
[ERROR] Failed to determine Java version for profile jdk9 @ org.jdbi:jdbi3-spring4:[unknown-version], /root/workspace/jdbi/jdbi/369610077/spring4/pom.xml
[ERROR] Failed to determine Java version for profile jdk8 @ org.jdbi:jdbi3-parent:3.2.0-SNAPSHOT, /root/workspace/jdbi/jdbi/369610077/pom.xml
[ERROR] Failed to determine Java version for profile jdk9 @ org.jdbi:jdbi3-parent:3.2.0-SNAPSHOT, /root/workspace/jdbi/jdbi/369610077/pom.xml

07:57:18.219 [main] ERROR f.i.s.r.process.maven.MavenHelper - Error while building complete model. The raw model will be used. Error message: 2 problems were encountered while building the effective model for org.jdbi:jdbi3-docs:3.2.0-SNAPSHOT
[ERROR] Failed to determine Java version for profile jdk8 @ org.jdbi:jdbi3-parent:3.2.0-SNAPSHOT, /root/workspace/jdbi/jdbi/369610077/pom.xml
[ERROR] Failed to determine Java version for profile jdk9 @ org.jdbi:jdbi3-parent:3.2.0-SNAPSHOT, /root/workspace/jdbi/jdbi/369610077/pom.xml

07:57:18.221 [main] DEBUG f.i.s.r.p.step.paths.ComputeTestDir - The default test directory (/root/workspace/jdbi/jdbi/369610077/kotlin/src/test/java) does not exist. Try to read pom.xml to get information.
07:57:18.230 [main] ERROR f.i.s.r.process.maven.MavenHelper - Error while building complete model. The raw model will be used. Error message: 2 problems were encountered while building the effective model for org.jdbi:jdbi3-kotlin:3.2.0-SNAPSHOT
[ERROR] Failed to determine Java version for profile jdk8 @ org.jdbi:jdbi3-parent:3.2.0-SNAPSHOT, /root/workspace/jdbi/jdbi/369610077/pom.xml
[ERROR] Failed to determine Java version for profile jdk9 @ org.jdbi:jdbi3-parent:3.2.0-SNAPSHOT, /root/workspace/jdbi/jdbi/369610077/pom.xml

07:57:18.231 [main] DEBUG f.i.s.r.p.step.paths.ComputeTestDir - The test directory given in pom.xml (${project.basedir}/src/test/kotlin) does not exist. Continue to try to get test dir from all modules.
07:57:18.231 [main] ERROR f.i.s.r.p.step.paths.ComputeTestDir - The test directory is not at default location or specified in build section from pom.xml, and no parent can be found.
07:57:18.231 [main] DEBUG f.i.s.r.p.step.paths.ComputeTestDir - The default test directory (/root/workspace/jdbi/jdbi/369610077/kotlin-sqlobject/src/test/java) does not exist. Try to read pom.xml to get information.
07:57:18.240 [main] ERROR f.i.s.r.process.maven.MavenHelper - Error while building complete model. The raw model will be used. Error message: 2 problems were encountered while building the effective model for org.jdbi:jdbi3-kotlin-sqlobject:3.2.0-SNAPSHOT
[ERROR] Failed to determine Java version for profile jdk8 @ org.jdbi:jdbi3-parent:3.2.0-SNAPSHOT, /root/workspace/jdbi/jdbi/369610077/pom.xml
[ERROR] Failed to determine Java version for profile jdk9 @ org.jdbi:jdbi3-parent:3.2.0-SNAPSHOT, /root/workspace/jdbi/jdbi/369610077/pom.xml

07:57:18.241 [main] DEBUG f.i.s.r.p.step.paths.ComputeTestDir - The test directory given in pom.xml (${project.basedir}/src/test/kotlin) does not exist. Continue to try to get test dir from all modules.
07:57:18.241 [main] ERROR f.i.s.r.p.step.paths.ComputeTestDir - The test directory is not at default location or specified in build section from pom.xml, and no parent can be found.
07:57:18.241 [main] DEBUG f.i.s.r.p.step.paths.ComputeTestDir - The default test directory (/root/workspace/jdbi/jdbi/369610077/bom/src/test/java) does not exist. Try to read pom.xml to get information.
07:57:18.249 [main] ERROR f.i.s.r.process.maven.MavenHelper - Error while building complete model. The raw model will be used. Error message: 2 problems were encountered while building the effective model for org.jdbi:jdbi3-bom:3.2.0-SNAPSHOT
[ERROR] Failed to determine Java version for profile jdk8 @ org.jdbi:jdbi3-parent:3.2.0-SNAPSHOT, /root/workspace/jdbi/jdbi/369610077/pom.xml
[ERROR] Failed to determine Java version for profile jdk9 @ org.jdbi:jdbi3-parent:3.2.0-SNAPSHOT, /root/workspace/jdbi/jdbi/369610077/pom.xml

07:57:18.250 [main] DEBUG f.i.s.r.p.step.paths.ComputeTestDir - Build section does not exist in the following pom.xml: /root/workspace/jdbi/jdbi/369610077/bom/pom.xml. Continue to try to get test dir from all modules.
07:57:18.250 [main] ERROR f.i.s.r.p.step.paths.ComputeTestDir - The test directory is not at default location or specified in build section from pom.xml, and no parent can be found.
07:57:18.258 [main] ERROR f.i.s.r.process.maven.MavenHelper - Error while building complete model. The raw model will be used. Error message: 2 problems were encountered while building the effective model for org.jdbi:jdbi3-noparameters:3.2.0-SNAPSHOT
[ERROR] Failed to determine Java version for profile jdk8 @ org.jdbi:jdbi3-parent:3.2.0-SNAPSHOT, /root/workspace/jdbi/jdbi/369610077/pom.xml
[ERROR] Failed to determine Java version for profile jdk9 @ org.jdbi:jdbi3-parent:3.2.0-SNAPSHOT, /root/workspace/jdbi/jdbi/369610077/pom.xml

07:57:18.267 [main] ERROR f.i.s.r.process.maven.MavenHelper - Error while building complete model. The raw model will be used. Error message: 2 problems were encountered while building the effective model for org.jdbi:jdbi3-vavr:3.2.0-SNAPSHOT
[ERROR] Failed to determine Java version for profile jdk8 @ org.jdbi:jdbi3-parent:3.2.0-SNAPSHOT, /root/workspace/jdbi/jdbi/369610077/pom.xml
[ERROR] Failed to determine Java version for profile jdk9 @ org.jdbi:jdbi3-parent:3.2.0-SNAPSHOT, /root/workspace/jdbi/jdbi/369610077/pom.xml

07:57:18.275 [main] ERROR f.i.s.r.process.maven.MavenHelper - Error while building complete model. The raw model will be used. Error message: 2 problems were encountered while building the effective model for org.jdbi:jdbi3-sqlite:3.2.0-SNAPSHOT
[ERROR] Failed to determine Java version for profile jdk8 @ org.jdbi:jdbi3-parent:3.2.0-SNAPSHOT, /root/workspace/jdbi/jdbi/369610077/pom.xml
[ERROR] Failed to determine Java version for profile jdk9 @ org.jdbi:jdbi3-parent:3.2.0-SNAPSHOT, /root/workspace/jdbi/jdbi/369610077/pom.xml

07:57:18.276 [main] DEBUG f.i.s.r.p.step.paths.ComputeTestDir - The default test directory (/root/workspace/jdbi/jdbi/369610077/testing/src/test/java) does not exist. Try to read pom.xml to get information.
07:57:18.285 [main] ERROR f.i.s.r.process.maven.MavenHelper - Error while building complete model. The raw model will be used. Error message: 2 problems were encountered while building the effective model for org.jdbi:jdbi3-testing:3.2.0-SNAPSHOT
[ERROR] Failed to determine Java version for profile jdk8 @ org.jdbi:jdbi3-parent:3.2.0-SNAPSHOT, /root/workspace/jdbi/jdbi/369610077/pom.xml
[ERROR] Failed to determine Java version for profile jdk9 @ org.jdbi:jdbi3-parent:3.2.0-SNAPSHOT, /root/workspace/jdbi/jdbi/369610077/pom.xml

07:57:18.286 [main] DEBUG f.i.s.r.p.step.paths.ComputeTestDir - Build section does not exist in the following pom.xml: /root/workspace/jdbi/jdbi/369610077/testing/pom.xml. Continue to try to get test dir from all modules.
07:57:18.286 [main] ERROR f.i.s.r.p.step.paths.ComputeTestDir - The test directory is not at default location or specified in build section from pom.xml, and no parent can be found.
07:57:18.287 [main] INFO  f.i.s.r.p.step.paths.ComputeTestDir - 12 test dirs were found:
07:57:18.287 [main] INFO  f.i.s.r.p.step.paths.ComputeTestDir - /root/workspace/jdbi/jdbi/369610077/core/src/test/java
07:57:18.287 [main] INFO  f.i.s.r.p.step.paths.ComputeTestDir - /root/workspace/jdbi/jdbi/369610077/docs/src/test/java
07:57:18.287 [main] INFO  f.i.s.r.p.step.paths.ComputeTestDir - /root/workspace/jdbi/jdbi/369610077/guava/src/test/java
07:57:18.287 [main] INFO  f.i.s.r.p.step.paths.ComputeTestDir - /root/workspace/jdbi/jdbi/369610077/jodatime2/src/test/java
07:57:18.287 [main] INFO  f.i.s.r.p.step.paths.ComputeTestDir - /root/workspace/jdbi/jdbi/369610077/jpa/src/test/java
07:57:18.287 [main] INFO  f.i.s.r.p.step.paths.ComputeTestDir - /root/workspace/jdbi/jdbi/369610077/noparameters/src/test/java
07:57:18.287 [main] INFO  f.i.s.r.p.step.paths.ComputeTestDir - /root/workspace/jdbi/jdbi/369610077/postgres/src/test/java
07:57:18.288 [main] INFO  f.i.s.r.p.step.paths.ComputeTestDir - /root/workspace/jdbi/jdbi/369610077/spring4/src/test/java
07:57:18.288 [main] INFO  f.i.s.r.p.step.paths.ComputeTestDir - /root/workspace/jdbi/jdbi/369610077/sqlite/src/test/java
07:57:18.288 [main] INFO  f.i.s.r.p.step.paths.ComputeTestDir - /root/workspace/jdbi/jdbi/369610077/sqlobject/src/test/java
07:57:18.288 [main] INFO  f.i.s.r.p.step.paths.ComputeTestDir - /root/workspace/jdbi/jdbi/369610077/stringtemplate4/src/test/java
07:57:18.288 [main] INFO  f.i.s.r.p.step.paths.ComputeTestDir - /root/workspace/jdbi/jdbi/369610077/vavr/src/test/java
07:57:18.295 [main] DEBUG f.i.s.r.p.step.paths.ComputeTestDir - STEP STATUS: [ ComputeTestDir : SUCCESS ]
07:57:18.296 [main] DEBUG f.i.s.r.p.step.paths.ComputeTestDir - STEP DURATION: 0s
07:57:18.296 [main] DEBUG f.i.s.r.p.step.paths.ComputeTestDir - EXECUTE NEXT STEP
07:57:18.296 [main] DEBUG f.i.s.r.p.s.c.CheckoutBuggyBuildSourceCode - ----------------------------------------------------------------------
07:57:18.296 [main] DEBUG f.i.s.r.p.s.c.CheckoutBuggyBuildSourceCode - STEP 5/22: CheckoutBuggyBuildCandidateSourceCode
07:57:18.297 [main] DEBUG f.i.s.r.p.s.c.CheckoutBuggyBuildSourceCode - ----------------------------------------------------------------------
07:57:18.297 [main] DEBUG f.i.s.r.p.s.c.CheckoutBuggyBuildSourceCode - Checking out the source code of the buggy build candidate...
07:57:18.414 [main] INFO  fr.inria.jtravis.JTravis - GitHub ratelimit: Limit: 5000 Remaining: 4008 Reset hour: 19:43:33
07:57:19.639 [main] DEBUG f.i.s.r.process.git.GitHelper - Commit repairnator files...
07:57:19.640 [main] INFO  f.i.s.r.process.git.GitHelper - There is no repairnator file to commit.
07:57:19.640 [main] DEBUG f.i.s.r.p.s.c.CheckoutBuggyBuildSourceCode - Reproduce the PR for jdbi/jdbi by fetching remote branch and merging.
07:57:20.056 [main] DEBUG f.i.s.r.process.git.GitHelper - Step CheckoutBuggyBuildCandidateSourceCode - Get the commit abf8d9aaa0a3337f7343a1cd85dab43c0b8c0204 for repo jdbi/jdbi
07:57:20.139 [main] DEBUG f.i.s.r.process.git.GitHelper - Step CheckoutBuggyBuildCandidateSourceCode - Do the merge with the PR commit for repo jdbi/jdbi
07:57:20.140 [main] INFO  f.i.s.r.process.git.GitHelper - Init git submodules.
07:57:20.320 [main] INFO  fr.inria.jtravis.JTravis - GitHub ratelimit: Limit: 5000 Remaining: 4001 Reset hour: 19:43:33
07:57:22.135 [main] DEBUG f.i.s.r.process.git.GitHelper - Commit repairnator files...
07:57:22.135 [main] INFO  f.i.s.r.process.git.GitHelper - There is no repairnator file to commit.
07:57:22.135 [main] DEBUG f.i.s.r.p.s.c.CheckoutBuggyBuildSourceCode - Reproduce the PR for jdbi/jdbi by fetching remote branch and merging.
07:57:22.589 [main] ERROR f.i.s.r.p.s.c.CheckoutBuggyBuildSourceCode - Error while testing commit: org.eclipse.jgit.errors.MissingObjectException: Missing unknown 7ec46f60d017dd4432d919cf26263e0d1d0bbe9c
07:57:22.590 [main] ERROR f.i.s.r.p.s.c.CheckoutBuggyBuildSourceCode - Commit head ref cannot be retrieved from the repository: 7ec46f60d017dd4432d919cf26263e0d1d0bbe9c. Operation aborted.
07:57:22.591 [main] ERROR f.i.s.r.p.s.c.CheckoutBuggyBuildSourceCode - Error while merging two commits to reproduce the PR.
07:57:22.593 [main] DEBUG f.i.s.r.p.s.c.CheckoutBuggyBuildSourceCode - STEP STATUS: [ CheckoutBuggyBuildCandidateSourceCode : FAILURE ( BUILDNOTCHECKEDOUT ) ]
07:57:22.593 [main] DEBUG f.i.s.r.p.s.c.CheckoutBuggyBuildSourceCode - STEP DURATION: 4s
07:57:22.594 [main] DEBUG f.i.s.r.p.s.c.CheckoutBuggyBuildSourceCode - TERMINATE PIPELINE
07:57:22.594 [main] DEBUG f.i.s.r.p.s.c.CheckoutBuggyBuildSourceCode - FINAL STEPS SKIPPED: The reproduction of the bug and/or the patch failed.
07:57:22.595 [main] INFO  f.i.s.r.p.s.c.CheckoutBuggyBuildSourceCode - Serialize all data for the pair of builds 369610077, 369635084
07:57:22.708 [main] INFO  fr.inria.jtravis.JTravis - GitHub ratelimit: Limit: 5000 Remaining: 3993 Reset hour: 19:43:33
07:57:23.276 [main] INFO  f.i.s.r.p.i.ProjectInspector - ----------------------------------------------------------------------
07:57:23.276 [main] INFO  f.i.s.r.p.i.ProjectInspector - PIPELINE EXECUTION SUMMARY
07:57:23.276 [main] INFO  f.i.s.r.p.i.ProjectInspector - ----------------------------------------------------------------------
07:57:23.277 [main] INFO  f.i.s.r.p.i.ProjectInspector - CloneRepository.......................................SUCCESS [ 10 s ]
07:57:23.278 [main] INFO  f.i.s.r.p.i.ProjectInspector - CheckoutPatchedBuildCandidate.........................SUCCESS [  4 s ]
07:57:23.278 [main] INFO  f.i.s.r.p.i.ProjectInspector - ComputeSourceDir......................................SUCCESS [  1 s ]
07:57:23.279 [main] INFO  f.i.s.r.p.i.ProjectInspector - ComputeTestDir........................................SUCCESS [  0 s ]
07:57:23.279 [main] INFO  f.i.s.r.p.i.ProjectInspector - CheckoutBuggyBuildCandidateSourceCode.................FAILURE [  4 s ]
07:57:23.279 [main] INFO  f.i.s.r.p.i.ProjectInspector - BuildProjectBuggyBuildCandidateSourceCode.............NOT RUN         
07:57:23.280 [main] INFO  f.i.s.r.p.i.ProjectInspector - TestProjectBuggyBuildCandidateSourceCode..............NOT RUN         
07:57:23.280 [main] INFO  f.i.s.r.p.i.ProjectInspector - GatherTestInformationBuggyBuildCandidateSourceCode....NOT RUN         
07:57:23.281 [main] INFO  f.i.s.r.p.i.ProjectInspector - CheckoutBuggyBuildTestCode............................NOT RUN         
07:57:23.281 [main] INFO  f.i.s.r.p.i.ProjectInspector - InitRepoToPush........................................NOT RUN         
07:57:23.281 [main] INFO  f.i.s.r.p.i.ProjectInspector - ComputeClasspath......................................NOT RUN         
07:57:23.281 [main] INFO  f.i.s.r.p.i.ProjectInspector - ComputeModules........................................NOT RUN         
07:57:23.282 [main] INFO  f.i.s.r.p.i.ProjectInspector - CheckoutBuggyBuildCandidateSourceCode.................NOT RUN         
07:57:23.282 [main] INFO  f.i.s.r.p.i.ProjectInspector - CommitChangedTests....................................NOT RUN         
07:57:23.282 [main] INFO  f.i.s.r.p.i.ProjectInspector - CheckoutPatchedBuildCandidate.........................NOT RUN         
07:57:23.282 [main] INFO  f.i.s.r.p.i.ProjectInspector - BuildProjectPatchedBuildCandidate.....................NOT RUN         
07:57:23.282 [main] INFO  f.i.s.r.p.i.ProjectInspector - TestProjectPatchedBuildCandidate......................NOT RUN         
07:57:23.282 [main] INFO  f.i.s.r.p.i.ProjectInspector - GatherTestInformationPatchedBuildCandidate............NOT RUN         
07:57:23.283 [main] INFO  f.i.s.r.p.i.ProjectInspector - CommitPatch...........................................NOT RUN         
07:57:23.283 [main] INFO  f.i.s.r.p.i.ProjectInspector - WritePropertyFile.....................................NOT RUN         
07:57:23.283 [main] INFO  f.i.s.r.p.i.ProjectInspector - CommitProcessEnd......................................NOT RUN         
07:57:23.283 [main] INFO  f.i.s.r.p.i.ProjectInspector - PushProcessEnd........................................NOT RUN         
07:57:23.283 [main] INFO  f.i.s.r.p.i.ProjectInspector - ----------------------------------------------------------------------
07:57:23.284 [main] INFO  f.i.s.r.p.i.ProjectInspector - PIPELINE FINDING: BUILDNOTCHECKEDOUT
07:57:23.284 [main] INFO  f.i.s.r.p.i.ProjectInspector - ----------------------------------------------------------------------
07:57:23.284 [main] INFO  f.i.s.repairnator.pipeline.Launcher - Inspector is finished. The process will exit now.
