18:36:31.860 [main] INFO  f.i.s.repairnator.pipeline.Launcher - PIPELINE VERSION: 3.0-2018-08-09 19:04
18:36:31.985 [main] INFO  f.i.s.repairnator.pipeline.Launcher - The pipeline will try to reproduce a bug from build 372856112 and its corresponding patch from build 373135737
18:36:31.986 [main] INFO  f.i.s.repairnator.pipeline.Launcher - Initialize file serializer engines.
18:36:31.988 [main] INFO  f.i.s.repairnator.pipeline.Launcher - MongoDB won't be used for serialization.
18:36:31.988 [main] INFO  f.i.s.repairnator.pipeline.Launcher - The email notifier engine won't be used.
18:36:31.991 [main] INFO  f.i.s.repairnator.pipeline.Launcher - Start by getting the build (buildId: 372856112) with the following config: RepairnatorConfig{runId='7f781b86-edd9-4c2c-8d35-0759e20819d2_04-18-week4-PASSING_AND_PASSING', launcherMode=BEARS, serializeJson=true, inputPath='null', outputPath='/var/log', mongodbHost='null', mongodbName='repairnator', smtpServer='null', notifyTo=[], notifyEndProcess=false, push=true, pushRemoteRepo='https://github.com/fermadeiral/bears-collection-pp', fork=false, lookFromDate=null, lookToDate=null, buildId=372856112, z3solverPath='./z3_for_linux', workspacePath='./workspace', githubToken='c8a341a903[...]', dockerImageName='null', skipDelete=false, createOutputDir=false, logDirectory='null', nbThreads=0, globalTimeout=0, whiteList=null, blackList=null, jobSleepTime=0, buildSleepTime=0, maxInspectedBuilds=0, duration=null, humanPatch=false, repository='null', clean=true, bearsMode=BOTH, bearsDelimiter = false, repairTools=NopolAllTests,NPEFix,AssertFixer,AstorJGenProg,AstorJKali,NopolSingleTest,AstorJMut,NopolTestExclusionStrategy, githubUserName= fermadeiral, githubUserEmail=fer.madeiral@gmail.com}
18:36:33.434 [main] DEBUG fr.inria.jtravis.helpers.BuildHelper - Get request to :https://api.travis-ci.org/build/372856112 done after 915 ms
18:36:33.716 [main] DEBUG fr.inria.jtravis.helpers.BuildHelper - Get request to :https://api.travis-ci.org/build/373135737 done after 140 ms
18:36:33.732 [main] INFO  f.i.s.repairnator.pipeline.Launcher - The patched build (373135737) was successfully retrieved from Travis.
18:36:34.978 [main] INFO  fr.inria.jtravis.JTravis - GitHub ratelimit: Limit: 5000 Remaining: 4582 Reset hour: 19:42:47
18:36:35.248 [main] INFO  f.i.s.r.p.i.ProjectInspector - ----------------------------------------------------------------------
18:36:35.249 [main] INFO  f.i.s.r.p.i.ProjectInspector - PIPELINE STEPS
18:36:35.249 [main] INFO  f.i.s.r.p.i.ProjectInspector - ----------------------------------------------------------------------
18:36:35.249 [main] INFO  f.i.s.r.p.i.ProjectInspector - CloneRepository
18:36:35.249 [main] INFO  f.i.s.r.p.i.ProjectInspector - CheckoutPatchedBuildCandidate
18:36:35.249 [main] INFO  f.i.s.r.p.i.ProjectInspector - ComputeSourceDir
18:36:35.249 [main] INFO  f.i.s.r.p.i.ProjectInspector - ComputeTestDir
18:36:35.249 [main] INFO  f.i.s.r.p.i.ProjectInspector - CheckoutBuggyBuildCandidateSourceCode
18:36:35.249 [main] INFO  f.i.s.r.p.i.ProjectInspector - BuildProjectBuggyBuildCandidateSourceCode
18:36:35.250 [main] INFO  f.i.s.r.p.i.ProjectInspector - TestProjectBuggyBuildCandidateSourceCode
18:36:35.250 [main] INFO  f.i.s.r.p.i.ProjectInspector - GatherTestInformationBuggyBuildCandidateSourceCode
18:36:35.250 [main] INFO  f.i.s.r.p.i.ProjectInspector - CheckoutBuggyBuildTestCode
18:36:35.250 [main] INFO  f.i.s.r.p.i.ProjectInspector - InitRepoToPush
18:36:35.250 [main] INFO  f.i.s.r.p.i.ProjectInspector - ComputeClasspath
18:36:35.250 [main] INFO  f.i.s.r.p.i.ProjectInspector - ComputeModules
18:36:35.250 [main] INFO  f.i.s.r.p.i.ProjectInspector - CheckoutBuggyBuildCandidateSourceCode
18:36:35.250 [main] INFO  f.i.s.r.p.i.ProjectInspector - CommitChangedTests
18:36:35.250 [main] INFO  f.i.s.r.p.i.ProjectInspector - CheckoutPatchedBuildCandidate
18:36:35.251 [main] INFO  f.i.s.r.p.i.ProjectInspector - BuildProjectPatchedBuildCandidate
18:36:35.251 [main] INFO  f.i.s.r.p.i.ProjectInspector - TestProjectPatchedBuildCandidate
18:36:35.251 [main] INFO  f.i.s.r.p.i.ProjectInspector - GatherTestInformationPatchedBuildCandidate
18:36:35.251 [main] INFO  f.i.s.r.p.i.ProjectInspector - CommitPatch
18:36:35.251 [main] INFO  f.i.s.r.p.i.ProjectInspector - WritePropertyFile
18:36:35.251 [main] INFO  f.i.s.r.p.i.ProjectInspector - CommitProcessEnd
18:36:35.251 [main] INFO  f.i.s.r.p.i.ProjectInspector - PushProcessEnd
18:36:35.252 [main] DEBUG f.i.s.r.process.step.CloneRepository - ----------------------------------------------------------------------
18:36:35.252 [main] DEBUG f.i.s.r.process.step.CloneRepository - STEP 1/22: CloneRepository
18:36:35.252 [main] DEBUG f.i.s.r.process.step.CloneRepository - ----------------------------------------------------------------------
18:36:35.252 [main] DEBUG f.i.s.r.process.step.CloneRepository - Cloning repository runelite/runelite in the following directory: ./workspace/runelite/runelite/372856112
18:36:46.264 [main] DEBUG f.i.s.r.process.step.CloneRepository - STEP STATUS: [ CloneRepository : SUCCESS ]
18:36:46.265 [main] DEBUG f.i.s.r.process.step.CloneRepository - STEP DURATION: 11s
18:36:46.265 [main] DEBUG f.i.s.r.process.step.CloneRepository - EXECUTE NEXT STEP
18:36:46.265 [main] DEBUG f.i.s.r.p.s.c.CheckoutPatchedBuild - ----------------------------------------------------------------------
18:36:46.266 [main] DEBUG f.i.s.r.p.s.c.CheckoutPatchedBuild - STEP 2/22: CheckoutPatchedBuildCandidate
18:36:46.266 [main] DEBUG f.i.s.r.p.s.c.CheckoutPatchedBuild - ----------------------------------------------------------------------
18:36:46.266 [main] DEBUG f.i.s.r.p.s.c.CheckoutPatchedBuild - Checking out patched build candidate...
18:36:46.583 [main] INFO  fr.inria.jtravis.JTravis - GitHub ratelimit: Limit: 5000 Remaining: 4581 Reset hour: 19:42:47
18:36:47.082 [main] WARN  f.i.j.helpers.PullRequestHelper - The head repository is null: maybe it has been deleted from GitHub
18:36:47.083 [main] ERROR f.i.s.r.p.s.c.CheckoutPatchedBuild - Error while getting PR information.
18:36:47.084 [main] DEBUG f.i.s.r.p.s.c.CheckoutPatchedBuild - STEP STATUS: [ CheckoutPatchedBuildCandidate : FAILURE ( BUILDNOTCHECKEDOUT ) ]
18:36:47.085 [main] DEBUG f.i.s.r.p.s.c.CheckoutPatchedBuild - STEP DURATION: 0s
18:36:47.085 [main] DEBUG f.i.s.r.p.s.c.CheckoutPatchedBuild - TERMINATE PIPELINE
18:36:47.086 [main] DEBUG f.i.s.r.p.s.c.CheckoutPatchedBuild - FINAL STEPS SKIPPED: The reproduction of the bug and/or the patch failed.
18:36:47.086 [main] INFO  f.i.s.r.p.s.c.CheckoutPatchedBuild - Serialize all data for the pair of builds 372856112, 373135737
18:36:47.197 [main] INFO  fr.inria.jtravis.JTravis - GitHub ratelimit: Limit: 5000 Remaining: 4579 Reset hour: 19:42:47
18:36:48.156 [main] INFO  f.i.s.r.p.i.ProjectInspector - ----------------------------------------------------------------------
18:36:48.157 [main] INFO  f.i.s.r.p.i.ProjectInspector - PIPELINE EXECUTION SUMMARY
18:36:48.157 [main] INFO  f.i.s.r.p.i.ProjectInspector - ----------------------------------------------------------------------
18:36:48.157 [main] INFO  f.i.s.r.p.i.ProjectInspector - CloneRepository.......................................SUCCESS [ 11 s ]
18:36:48.157 [main] INFO  f.i.s.r.p.i.ProjectInspector - CheckoutPatchedBuildCandidate.........................FAILURE [  0 s ]
18:36:48.157 [main] INFO  f.i.s.r.p.i.ProjectInspector - ComputeSourceDir......................................NOT RUN         
18:36:48.157 [main] INFO  f.i.s.r.p.i.ProjectInspector - ComputeTestDir........................................NOT RUN         
18:36:48.157 [main] INFO  f.i.s.r.p.i.ProjectInspector - CheckoutBuggyBuildCandidateSourceCode.................NOT RUN         
18:36:48.158 [main] INFO  f.i.s.r.p.i.ProjectInspector - BuildProjectBuggyBuildCandidateSourceCode.............NOT RUN         
18:36:48.158 [main] INFO  f.i.s.r.p.i.ProjectInspector - TestProjectBuggyBuildCandidateSourceCode..............NOT RUN         
18:36:48.158 [main] INFO  f.i.s.r.p.i.ProjectInspector - GatherTestInformationBuggyBuildCandidateSourceCode....NOT RUN         
18:36:48.158 [main] INFO  f.i.s.r.p.i.ProjectInspector - CheckoutBuggyBuildTestCode............................NOT RUN         
18:36:48.158 [main] INFO  f.i.s.r.p.i.ProjectInspector - InitRepoToPush........................................NOT RUN         
18:36:48.158 [main] INFO  f.i.s.r.p.i.ProjectInspector - ComputeClasspath......................................NOT RUN         
18:36:48.158 [main] INFO  f.i.s.r.p.i.ProjectInspector - ComputeModules........................................NOT RUN         
18:36:48.158 [main] INFO  f.i.s.r.p.i.ProjectInspector - CheckoutBuggyBuildCandidateSourceCode.................NOT RUN         
18:36:48.158 [main] INFO  f.i.s.r.p.i.ProjectInspector - CommitChangedTests....................................NOT RUN         
18:36:48.159 [main] INFO  f.i.s.r.p.i.ProjectInspector - CheckoutPatchedBuildCandidate.........................NOT RUN         
18:36:48.159 [main] INFO  f.i.s.r.p.i.ProjectInspector - BuildProjectPatchedBuildCandidate.....................NOT RUN         
18:36:48.159 [main] INFO  f.i.s.r.p.i.ProjectInspector - TestProjectPatchedBuildCandidate......................NOT RUN         
18:36:48.159 [main] INFO  f.i.s.r.p.i.ProjectInspector - GatherTestInformationPatchedBuildCandidate............NOT RUN         
18:36:48.159 [main] INFO  f.i.s.r.p.i.ProjectInspector - CommitPatch...........................................NOT RUN         
18:36:48.159 [main] INFO  f.i.s.r.p.i.ProjectInspector - WritePropertyFile.....................................NOT RUN         
18:36:48.159 [main] INFO  f.i.s.r.p.i.ProjectInspector - CommitProcessEnd......................................NOT RUN         
18:36:48.159 [main] INFO  f.i.s.r.p.i.ProjectInspector - PushProcessEnd........................................NOT RUN         
18:36:48.159 [main] INFO  f.i.s.r.p.i.ProjectInspector - ----------------------------------------------------------------------
18:36:48.159 [main] INFO  f.i.s.r.p.i.ProjectInspector - PIPELINE FINDING: BUILDNOTCHECKEDOUT
18:36:48.160 [main] INFO  f.i.s.r.p.i.ProjectInspector - ----------------------------------------------------------------------
18:36:48.160 [main] INFO  f.i.s.repairnator.pipeline.Launcher - Inspector is finished. The process will exit now.
