18:01:38.305 [main] INFO  f.i.s.repairnator.pipeline.Launcher - PIPELINE VERSION: 3.0-2018-08-09 19:04
18:01:38.531 [main] INFO  f.i.s.repairnator.pipeline.Launcher - The pipeline will try to reproduce a bug from build 327828714 and its corresponding patch from build 372558976
18:01:38.532 [main] INFO  f.i.s.repairnator.pipeline.Launcher - Initialize file serializer engines.
18:01:38.535 [main] INFO  f.i.s.repairnator.pipeline.Launcher - MongoDB won't be used for serialization.
18:01:38.536 [main] INFO  f.i.s.repairnator.pipeline.Launcher - The email notifier engine won't be used.
18:01:38.540 [main] INFO  f.i.s.repairnator.pipeline.Launcher - Start by getting the build (buildId: 327828714) with the following config: RepairnatorConfig{runId='7f781b86-edd9-4c2c-8d35-0759e20819d2_04-18-week4-PASSING_AND_PASSING', launcherMode=BEARS, serializeJson=true, inputPath='null', outputPath='/var/log', mongodbHost='null', mongodbName='repairnator', smtpServer='null', notifyTo=[], notifyEndProcess=false, push=true, pushRemoteRepo='https://github.com/fermadeiral/bears-collection-pp', fork=false, lookFromDate=null, lookToDate=null, buildId=327828714, z3solverPath='./z3_for_linux', workspacePath='./workspace', githubToken='c8a341a903[...]', dockerImageName='null', skipDelete=false, createOutputDir=false, logDirectory='null', nbThreads=0, globalTimeout=0, whiteList=null, blackList=null, jobSleepTime=0, buildSleepTime=0, maxInspectedBuilds=0, duration=null, humanPatch=false, repository='null', clean=true, bearsMode=BOTH, bearsDelimiter = false, repairTools=NopolAllTests,NPEFix,AssertFixer,AstorJGenProg,AstorJKali,NopolSingleTest,AstorJMut,NopolTestExclusionStrategy, githubUserName= fermadeiral, githubUserEmail=fer.madeiral@gmail.com}
18:01:40.053 [main] DEBUG fr.inria.jtravis.helpers.BuildHelper - Get request to :https://api.travis-ci.org/build/327828714 done after 906 ms
18:01:40.327 [main] DEBUG fr.inria.jtravis.helpers.BuildHelper - Get request to :https://api.travis-ci.org/build/372558976 done after 141 ms
18:01:40.347 [main] INFO  f.i.s.repairnator.pipeline.Launcher - The patched build (372558976) was successfully retrieved from Travis.
18:01:41.874 [main] INFO  fr.inria.jtravis.JTravis - GitHub ratelimit: Limit: 5000 Remaining: 4517 Reset hour: 19:42:43
18:01:42.186 [main] INFO  f.i.s.r.p.i.ProjectInspector - ----------------------------------------------------------------------
18:01:42.187 [main] INFO  f.i.s.r.p.i.ProjectInspector - PIPELINE STEPS
18:01:42.187 [main] INFO  f.i.s.r.p.i.ProjectInspector - ----------------------------------------------------------------------
18:01:42.188 [main] INFO  f.i.s.r.p.i.ProjectInspector - CloneRepository
18:01:42.188 [main] INFO  f.i.s.r.p.i.ProjectInspector - CheckoutPatchedBuildCandidate
18:01:42.189 [main] INFO  f.i.s.r.p.i.ProjectInspector - ComputeSourceDir
18:01:42.189 [main] INFO  f.i.s.r.p.i.ProjectInspector - ComputeTestDir
18:01:42.190 [main] INFO  f.i.s.r.p.i.ProjectInspector - CheckoutBuggyBuildCandidateSourceCode
18:01:42.190 [main] INFO  f.i.s.r.p.i.ProjectInspector - BuildProjectBuggyBuildCandidateSourceCode
18:01:42.190 [main] INFO  f.i.s.r.p.i.ProjectInspector - TestProjectBuggyBuildCandidateSourceCode
18:01:42.191 [main] INFO  f.i.s.r.p.i.ProjectInspector - GatherTestInformationBuggyBuildCandidateSourceCode
18:01:42.192 [main] INFO  f.i.s.r.p.i.ProjectInspector - CheckoutBuggyBuildTestCode
18:01:42.192 [main] INFO  f.i.s.r.p.i.ProjectInspector - InitRepoToPush
18:01:42.192 [main] INFO  f.i.s.r.p.i.ProjectInspector - ComputeClasspath
18:01:42.193 [main] INFO  f.i.s.r.p.i.ProjectInspector - ComputeModules
18:01:42.193 [main] INFO  f.i.s.r.p.i.ProjectInspector - CheckoutBuggyBuildCandidateSourceCode
18:01:42.194 [main] INFO  f.i.s.r.p.i.ProjectInspector - CommitChangedTests
18:01:42.194 [main] INFO  f.i.s.r.p.i.ProjectInspector - CheckoutPatchedBuildCandidate
18:01:42.195 [main] INFO  f.i.s.r.p.i.ProjectInspector - BuildProjectPatchedBuildCandidate
18:01:42.195 [main] INFO  f.i.s.r.p.i.ProjectInspector - TestProjectPatchedBuildCandidate
18:01:42.195 [main] INFO  f.i.s.r.p.i.ProjectInspector - GatherTestInformationPatchedBuildCandidate
18:01:42.196 [main] INFO  f.i.s.r.p.i.ProjectInspector - CommitPatch
18:01:42.196 [main] INFO  f.i.s.r.p.i.ProjectInspector - WritePropertyFile
18:01:42.197 [main] INFO  f.i.s.r.p.i.ProjectInspector - CommitProcessEnd
18:01:42.197 [main] INFO  f.i.s.r.p.i.ProjectInspector - PushProcessEnd
18:01:42.198 [main] DEBUG f.i.s.r.process.step.CloneRepository - ----------------------------------------------------------------------
18:01:42.200 [main] DEBUG f.i.s.r.process.step.CloneRepository - STEP 1/22: CloneRepository
18:01:42.200 [main] DEBUG f.i.s.r.process.step.CloneRepository - ----------------------------------------------------------------------
18:01:42.201 [main] DEBUG f.i.s.r.process.step.CloneRepository - Cloning repository batfish/batfish in the following directory: ./workspace/batfish/batfish/327828714
18:02:34.169 [main] DEBUG f.i.s.r.process.step.CloneRepository - STEP STATUS: [ CloneRepository : SUCCESS ]
18:02:34.169 [main] DEBUG f.i.s.r.process.step.CloneRepository - STEP DURATION: 51s
18:02:34.170 [main] DEBUG f.i.s.r.process.step.CloneRepository - EXECUTE NEXT STEP
18:02:34.170 [main] DEBUG f.i.s.r.p.s.c.CheckoutPatchedBuild - ----------------------------------------------------------------------
18:02:34.170 [main] DEBUG f.i.s.r.p.s.c.CheckoutPatchedBuild - STEP 2/22: CheckoutPatchedBuildCandidate
18:02:34.171 [main] DEBUG f.i.s.r.p.s.c.CheckoutPatchedBuild - ----------------------------------------------------------------------
18:02:34.171 [main] DEBUG f.i.s.r.p.s.c.CheckoutPatchedBuild - Checking out patched build candidate...
18:02:34.182 [main] ERROR f.i.s.r.p.s.c.CheckoutPatchedBuild - Error while testing commit: org.eclipse.jgit.errors.MissingObjectException: Missing unknown 4e85d8ee6485a1f79ba416dd7005c4a39598b532
18:02:34.182 [main] ERROR f.i.s.r.p.s.c.CheckoutPatchedBuild - Error while getting the commit to checkout from the repo.
18:02:34.183 [main] DEBUG f.i.s.r.p.s.c.CheckoutPatchedBuild - STEP STATUS: [ CheckoutPatchedBuildCandidate : FAILURE ( BUILDNOTCHECKEDOUT ) ]
18:02:34.184 [main] DEBUG f.i.s.r.p.s.c.CheckoutPatchedBuild - STEP DURATION: 0s
18:02:34.184 [main] DEBUG f.i.s.r.p.s.c.CheckoutPatchedBuild - TERMINATE PIPELINE
18:02:34.184 [main] DEBUG f.i.s.r.p.s.c.CheckoutPatchedBuild - FINAL STEPS SKIPPED: The reproduction of the bug and/or the patch failed.
18:02:34.185 [main] INFO  f.i.s.r.p.s.c.CheckoutPatchedBuild - Serialize all data for the pair of builds 327828714, 372558976
18:02:34.519 [main] INFO  fr.inria.jtravis.JTravis - GitHub ratelimit: Limit: 5000 Remaining: 4509 Reset hour: 19:42:43
18:02:36.689 [main] INFO  f.i.s.r.p.i.ProjectInspector - ----------------------------------------------------------------------
18:02:36.689 [main] INFO  f.i.s.r.p.i.ProjectInspector - PIPELINE EXECUTION SUMMARY
18:02:36.692 [main] INFO  f.i.s.r.p.i.ProjectInspector - ----------------------------------------------------------------------
18:02:36.693 [main] INFO  f.i.s.r.p.i.ProjectInspector - CloneRepository.......................................SUCCESS [ 51 s ]
18:02:36.693 [main] INFO  f.i.s.r.p.i.ProjectInspector - CheckoutPatchedBuildCandidate.........................FAILURE [  0 s ]
18:02:36.693 [main] INFO  f.i.s.r.p.i.ProjectInspector - ComputeSourceDir......................................NOT RUN         
18:02:36.693 [main] INFO  f.i.s.r.p.i.ProjectInspector - ComputeTestDir........................................NOT RUN         
18:02:36.693 [main] INFO  f.i.s.r.p.i.ProjectInspector - CheckoutBuggyBuildCandidateSourceCode.................NOT RUN         
18:02:36.693 [main] INFO  f.i.s.r.p.i.ProjectInspector - BuildProjectBuggyBuildCandidateSourceCode.............NOT RUN         
18:02:36.693 [main] INFO  f.i.s.r.p.i.ProjectInspector - TestProjectBuggyBuildCandidateSourceCode..............NOT RUN         
18:02:36.694 [main] INFO  f.i.s.r.p.i.ProjectInspector - GatherTestInformationBuggyBuildCandidateSourceCode....NOT RUN         
18:02:36.694 [main] INFO  f.i.s.r.p.i.ProjectInspector - CheckoutBuggyBuildTestCode............................NOT RUN         
18:02:36.694 [main] INFO  f.i.s.r.p.i.ProjectInspector - InitRepoToPush........................................NOT RUN         
18:02:36.695 [main] INFO  f.i.s.r.p.i.ProjectInspector - ComputeClasspath......................................NOT RUN         
18:02:36.695 [main] INFO  f.i.s.r.p.i.ProjectInspector - ComputeModules........................................NOT RUN         
18:02:36.695 [main] INFO  f.i.s.r.p.i.ProjectInspector - CheckoutBuggyBuildCandidateSourceCode.................NOT RUN         
18:02:36.696 [main] INFO  f.i.s.r.p.i.ProjectInspector - CommitChangedTests....................................NOT RUN         
18:02:36.701 [main] INFO  f.i.s.r.p.i.ProjectInspector - CheckoutPatchedBuildCandidate.........................NOT RUN         
18:02:36.701 [main] INFO  f.i.s.r.p.i.ProjectInspector - BuildProjectPatchedBuildCandidate.....................NOT RUN         
18:02:36.702 [main] INFO  f.i.s.r.p.i.ProjectInspector - TestProjectPatchedBuildCandidate......................NOT RUN         
18:02:36.702 [main] INFO  f.i.s.r.p.i.ProjectInspector - GatherTestInformationPatchedBuildCandidate............NOT RUN         
18:02:36.702 [main] INFO  f.i.s.r.p.i.ProjectInspector - CommitPatch...........................................NOT RUN         
18:02:36.702 [main] INFO  f.i.s.r.p.i.ProjectInspector - WritePropertyFile.....................................NOT RUN         
18:02:36.702 [main] INFO  f.i.s.r.p.i.ProjectInspector - CommitProcessEnd......................................NOT RUN         
18:02:36.702 [main] INFO  f.i.s.r.p.i.ProjectInspector - PushProcessEnd........................................NOT RUN         
18:02:36.702 [main] INFO  f.i.s.r.p.i.ProjectInspector - ----------------------------------------------------------------------
18:02:36.703 [main] INFO  f.i.s.r.p.i.ProjectInspector - PIPELINE FINDING: BUILDNOTCHECKEDOUT
18:02:36.703 [main] INFO  f.i.s.r.p.i.ProjectInspector - ----------------------------------------------------------------------
18:02:36.703 [main] INFO  f.i.s.repairnator.pipeline.Launcher - Inspector is finished. The process will exit now.
