07:56:29.490 [main] INFO  f.i.s.repairnator.pipeline.Launcher - PIPELINE VERSION: 3.0-2018-08-09 19:04
07:56:29.645 [main] INFO  f.i.s.repairnator.pipeline.Launcher - The pipeline will try to reproduce a bug from build 369838774 and its corresponding patch from build 369840120
07:56:29.646 [main] INFO  f.i.s.repairnator.pipeline.Launcher - Initialize file serializer engines.
07:56:29.648 [main] INFO  f.i.s.repairnator.pipeline.Launcher - MongoDB won't be used for serialization.
07:56:29.649 [main] INFO  f.i.s.repairnator.pipeline.Launcher - The email notifier engine won't be used.
07:56:29.652 [main] INFO  f.i.s.repairnator.pipeline.Launcher - Start by getting the build (buildId: 369838774) with the following config: RepairnatorConfig{runId='7f781b86-edd9-4c2c-8d35-0759e20819d2_04-18-week4-PASSING_AND_PASSING', launcherMode=BEARS, serializeJson=true, inputPath='null', outputPath='/var/log', mongodbHost='null', mongodbName='repairnator', smtpServer='null', notifyTo=[], notifyEndProcess=false, push=true, pushRemoteRepo='https://github.com/fermadeiral/bears-collection-pp', fork=false, lookFromDate=null, lookToDate=null, buildId=369838774, z3solverPath='./z3_for_linux', workspacePath='./workspace', githubToken='c8a341a903[...]', dockerImageName='null', skipDelete=false, createOutputDir=false, logDirectory='null', nbThreads=0, globalTimeout=0, whiteList=null, blackList=null, jobSleepTime=0, buildSleepTime=0, maxInspectedBuilds=0, duration=null, humanPatch=false, repository='null', clean=true, bearsMode=BOTH, bearsDelimiter = false, repairTools=NopolAllTests,NPEFix,AssertFixer,AstorJGenProg,AstorJKali,NopolSingleTest,AstorJMut,NopolTestExclusionStrategy, githubUserName= fermadeiral, githubUserEmail=fer.madeiral@gmail.com}
07:56:31.045 [main] DEBUG fr.inria.jtravis.helpers.BuildHelper - Get request to :https://api.travis-ci.org/build/369838774 done after 845 ms
07:56:31.325 [main] DEBUG fr.inria.jtravis.helpers.BuildHelper - Get request to :https://api.travis-ci.org/build/369840120 done after 147 ms
07:56:31.350 [main] INFO  f.i.s.repairnator.pipeline.Launcher - The patched build (369840120) was successfully retrieved from Travis.
07:56:32.689 [main] INFO  fr.inria.jtravis.JTravis - GitHub ratelimit: Limit: 5000 Remaining: 4056 Reset hour: 19:43:33
07:56:32.971 [main] INFO  f.i.s.r.p.i.ProjectInspector - ----------------------------------------------------------------------
07:56:32.971 [main] INFO  f.i.s.r.p.i.ProjectInspector - PIPELINE STEPS
07:56:32.971 [main] INFO  f.i.s.r.p.i.ProjectInspector - ----------------------------------------------------------------------
07:56:32.972 [main] INFO  f.i.s.r.p.i.ProjectInspector - CloneRepository
07:56:32.972 [main] INFO  f.i.s.r.p.i.ProjectInspector - CheckoutPatchedBuildCandidate
07:56:32.972 [main] INFO  f.i.s.r.p.i.ProjectInspector - ComputeSourceDir
07:56:32.972 [main] INFO  f.i.s.r.p.i.ProjectInspector - ComputeTestDir
07:56:32.973 [main] INFO  f.i.s.r.p.i.ProjectInspector - CheckoutBuggyBuildCandidateSourceCode
07:56:32.973 [main] INFO  f.i.s.r.p.i.ProjectInspector - BuildProjectBuggyBuildCandidateSourceCode
07:56:32.973 [main] INFO  f.i.s.r.p.i.ProjectInspector - TestProjectBuggyBuildCandidateSourceCode
07:56:32.973 [main] INFO  f.i.s.r.p.i.ProjectInspector - GatherTestInformationBuggyBuildCandidateSourceCode
07:56:32.974 [main] INFO  f.i.s.r.p.i.ProjectInspector - CheckoutBuggyBuildTestCode
07:56:32.974 [main] INFO  f.i.s.r.p.i.ProjectInspector - InitRepoToPush
07:56:32.974 [main] INFO  f.i.s.r.p.i.ProjectInspector - ComputeClasspath
07:56:32.974 [main] INFO  f.i.s.r.p.i.ProjectInspector - ComputeModules
07:56:32.974 [main] INFO  f.i.s.r.p.i.ProjectInspector - CheckoutBuggyBuildCandidateSourceCode
07:56:32.975 [main] INFO  f.i.s.r.p.i.ProjectInspector - CommitChangedTests
07:56:32.975 [main] INFO  f.i.s.r.p.i.ProjectInspector - CheckoutPatchedBuildCandidate
07:56:32.975 [main] INFO  f.i.s.r.p.i.ProjectInspector - BuildProjectPatchedBuildCandidate
07:56:32.975 [main] INFO  f.i.s.r.p.i.ProjectInspector - TestProjectPatchedBuildCandidate
07:56:32.976 [main] INFO  f.i.s.r.p.i.ProjectInspector - GatherTestInformationPatchedBuildCandidate
07:56:32.976 [main] INFO  f.i.s.r.p.i.ProjectInspector - CommitPatch
07:56:32.976 [main] INFO  f.i.s.r.p.i.ProjectInspector - WritePropertyFile
07:56:32.977 [main] INFO  f.i.s.r.p.i.ProjectInspector - CommitProcessEnd
07:56:32.978 [main] INFO  f.i.s.r.p.i.ProjectInspector - PushProcessEnd
07:56:32.979 [main] DEBUG f.i.s.r.process.step.CloneRepository - ----------------------------------------------------------------------
07:56:32.979 [main] DEBUG f.i.s.r.process.step.CloneRepository - STEP 1/22: CloneRepository
07:56:32.980 [main] DEBUG f.i.s.r.process.step.CloneRepository - ----------------------------------------------------------------------
07:56:32.981 [main] DEBUG f.i.s.r.process.step.CloneRepository - Cloning repository jdbi/jdbi in the following directory: ./workspace/jdbi/jdbi/369838774
07:56:42.516 [main] DEBUG f.i.s.r.process.step.CloneRepository - STEP STATUS: [ CloneRepository : SUCCESS ]
07:56:42.517 [main] DEBUG f.i.s.r.process.step.CloneRepository - STEP DURATION: 9s
07:56:42.518 [main] DEBUG f.i.s.r.process.step.CloneRepository - EXECUTE NEXT STEP
07:56:42.518 [main] DEBUG f.i.s.r.p.s.c.CheckoutPatchedBuild - ----------------------------------------------------------------------
07:56:42.518 [main] DEBUG f.i.s.r.p.s.c.CheckoutPatchedBuild - STEP 2/22: CheckoutPatchedBuildCandidate
07:56:42.518 [main] DEBUG f.i.s.r.p.s.c.CheckoutPatchedBuild - ----------------------------------------------------------------------
07:56:42.519 [main] DEBUG f.i.s.r.p.s.c.CheckoutPatchedBuild - Checking out patched build candidate...
07:56:42.814 [main] INFO  fr.inria.jtravis.JTravis - GitHub ratelimit: Limit: 5000 Remaining: 4053 Reset hour: 19:43:33
07:56:44.299 [main] DEBUG f.i.s.r.p.s.c.CheckoutPatchedBuild - Reproduce the PR for jdbi/jdbi by fetching remote branch and merging.
07:56:44.540 [main] DEBUG f.i.s.r.process.git.GitHelper - Step CheckoutPatchedBuildCandidate - Get the commit 2c035546477db546f8d6e2113851dc39e9a637dc for repo jdbi/jdbi
07:56:45.104 [main] DEBUG f.i.s.r.process.git.GitHelper - Step CheckoutPatchedBuildCandidate - Do the merge with the PR commit for repo jdbi/jdbi
07:56:45.130 [main] INFO  f.i.s.r.process.git.GitHelper - Init git submodules.
07:56:45.206 [main] DEBUG f.i.s.r.p.s.c.CheckoutPatchedBuild - STEP STATUS: [ CheckoutPatchedBuildCandidate : SUCCESS ]
07:56:45.206 [main] DEBUG f.i.s.r.p.s.c.CheckoutPatchedBuild - STEP DURATION: 2s
07:56:45.207 [main] DEBUG f.i.s.r.p.s.c.CheckoutPatchedBuild - EXECUTE NEXT STEP
07:56:45.207 [main] DEBUG f.i.s.r.p.s.paths.ComputeSourceDir - ----------------------------------------------------------------------
07:56:45.208 [main] DEBUG f.i.s.r.p.s.paths.ComputeSourceDir - STEP 3/22: ComputeSourceDir
07:56:45.208 [main] DEBUG f.i.s.r.p.s.paths.ComputeSourceDir - ----------------------------------------------------------------------
07:56:45.209 [main] DEBUG f.i.s.r.p.s.paths.ComputeSourceDir - Computing the source directory ...
07:56:45.210 [main] DEBUG f.i.s.r.p.s.paths.ComputeSourceDir - The default source directory (/root/workspace/jdbi/jdbi/369838774/src/main/java) does not exist. Try to read pom.xml to get information.
07:56:45.418 [main] DEBUG f.i.s.r.p.m.RepositoryModelResolver - Downloading https://repo1.maven.org/maven2/org/basepom/basepom-oss/19/basepom-oss-19.pom
07:56:45.551 [main] DEBUG f.i.s.r.p.m.RepositoryModelResolver - Downloading https://repo1.maven.org/maven2/org/basepom/basepom-minimal/19/basepom-minimal-19.pom
07:56:45.646 [main] DEBUG f.i.s.r.p.m.RepositoryModelResolver - Downloading https://repo1.maven.org/maven2/org/basepom/basepom-foundation/19/basepom-foundation-19.pom
07:56:45.877 [main] ERROR f.i.s.r.process.maven.MavenHelper - Error while building complete model. The raw model will be used. Error message: 2 problems were encountered while building the effective model for org.jdbi:jdbi3-parent:3.2.0-SNAPSHOT
[ERROR] Failed to determine Java version for profile jdk8 @ 
[ERROR] Failed to determine Java version for profile jdk9 @ 

07:56:45.929 [main] DEBUG f.i.s.r.p.s.paths.ComputeSourceDir - Build section does not exist in the following pom.xml: /root/workspace/jdbi/jdbi/369838774/pom.xml. Continue to try to get source dir from all modules.
07:56:45.965 [main] ERROR f.i.s.r.process.maven.MavenHelper - Error while building complete model. The raw model will be used. Error message: 2 problems were encountered while building the effective model for org.jdbi:jdbi3-core:3.2.0-SNAPSHOT
[ERROR] Failed to determine Java version for profile jdk8 @ org.jdbi:jdbi3-parent:3.2.0-SNAPSHOT, /root/workspace/jdbi/jdbi/369838774/pom.xml
[ERROR] Failed to determine Java version for profile jdk9 @ org.jdbi:jdbi3-parent:3.2.0-SNAPSHOT, /root/workspace/jdbi/jdbi/369838774/pom.xml

07:56:46.010 [main] ERROR f.i.s.r.process.maven.MavenHelper - Error while building complete model. The raw model will be used. Error message: 2 problems were encountered while building the effective model for org.jdbi:jdbi3-sqlobject:3.2.0-SNAPSHOT
[ERROR] Failed to determine Java version for profile jdk8 @ org.jdbi:jdbi3-parent:3.2.0-SNAPSHOT, /root/workspace/jdbi/jdbi/369838774/pom.xml
[ERROR] Failed to determine Java version for profile jdk9 @ org.jdbi:jdbi3-parent:3.2.0-SNAPSHOT, /root/workspace/jdbi/jdbi/369838774/pom.xml

07:56:46.052 [main] ERROR f.i.s.r.process.maven.MavenHelper - Error while building complete model. The raw model will be used. Error message: 2 problems were encountered while building the effective model for org.jdbi:jdbi3-stringtemplate4:3.2.0-SNAPSHOT
[ERROR] Failed to determine Java version for profile jdk8 @ org.jdbi:jdbi3-parent:3.2.0-SNAPSHOT, /root/workspace/jdbi/jdbi/369838774/pom.xml
[ERROR] Failed to determine Java version for profile jdk9 @ org.jdbi:jdbi3-parent:3.2.0-SNAPSHOT, /root/workspace/jdbi/jdbi/369838774/pom.xml

07:56:46.080 [main] ERROR f.i.s.r.process.maven.MavenHelper - Error while building complete model. The raw model will be used. Error message: 2 problems were encountered while building the effective model for org.jdbi:jdbi3-guava:3.2.0-SNAPSHOT
[ERROR] Failed to determine Java version for profile jdk8 @ org.jdbi:jdbi3-parent:3.2.0-SNAPSHOT, /root/workspace/jdbi/jdbi/369838774/pom.xml
[ERROR] Failed to determine Java version for profile jdk9 @ org.jdbi:jdbi3-parent:3.2.0-SNAPSHOT, /root/workspace/jdbi/jdbi/369838774/pom.xml

07:56:46.108 [main] ERROR f.i.s.r.process.maven.MavenHelper - Error while building complete model. The raw model will be used. Error message: 2 problems were encountered while building the effective model for org.jdbi:jdbi3-jodatime2:3.2.0-SNAPSHOT
[ERROR] Failed to determine Java version for profile jdk8 @ org.jdbi:jdbi3-parent:3.2.0-SNAPSHOT, /root/workspace/jdbi/jdbi/369838774/pom.xml
[ERROR] Failed to determine Java version for profile jdk9 @ org.jdbi:jdbi3-parent:3.2.0-SNAPSHOT, /root/workspace/jdbi/jdbi/369838774/pom.xml

07:56:46.132 [main] ERROR f.i.s.r.process.maven.MavenHelper - Error while building complete model. The raw model will be used. Error message: 2 problems were encountered while building the effective model for org.jdbi:jdbi3-jpa:3.2.0-SNAPSHOT
[ERROR] Failed to determine Java version for profile jdk8 @ org.jdbi:jdbi3-parent:3.2.0-SNAPSHOT, /root/workspace/jdbi/jdbi/369838774/pom.xml
[ERROR] Failed to determine Java version for profile jdk9 @ org.jdbi:jdbi3-parent:3.2.0-SNAPSHOT, /root/workspace/jdbi/jdbi/369838774/pom.xml

07:56:46.155 [main] ERROR f.i.s.r.process.maven.MavenHelper - Error while building complete model. The raw model will be used. Error message: 2 problems were encountered while building the effective model for org.jdbi:jdbi3-postgres:3.2.0-SNAPSHOT
[ERROR] Failed to determine Java version for profile jdk8 @ org.jdbi:jdbi3-parent:3.2.0-SNAPSHOT, /root/workspace/jdbi/jdbi/369838774/pom.xml
[ERROR] Failed to determine Java version for profile jdk9 @ org.jdbi:jdbi3-parent:3.2.0-SNAPSHOT, /root/workspace/jdbi/jdbi/369838774/pom.xml

07:56:46.176 [main] ERROR f.i.s.r.process.maven.MavenHelper - Error while building complete model. The raw model will be used. Error message: 3 problems were encountered while building the effective model for org.jdbi:jdbi3-spring4:3.2.0-SNAPSHOT
[ERROR] Failed to determine Java version for profile jdk9 @ org.jdbi:jdbi3-spring4:[unknown-version], /root/workspace/jdbi/jdbi/369838774/spring4/pom.xml
[ERROR] Failed to determine Java version for profile jdk8 @ org.jdbi:jdbi3-parent:3.2.0-SNAPSHOT, /root/workspace/jdbi/jdbi/369838774/pom.xml
[ERROR] Failed to determine Java version for profile jdk9 @ org.jdbi:jdbi3-parent:3.2.0-SNAPSHOT, /root/workspace/jdbi/jdbi/369838774/pom.xml

07:56:46.178 [main] DEBUG f.i.s.r.p.s.paths.ComputeSourceDir - The default source directory (/root/workspace/jdbi/jdbi/369838774/docs/src/main/java) does not exist. Try to read pom.xml to get information.
07:56:46.199 [main] ERROR f.i.s.r.process.maven.MavenHelper - Error while building complete model. The raw model will be used. Error message: 2 problems were encountered while building the effective model for org.jdbi:jdbi3-docs:3.2.0-SNAPSHOT
[ERROR] Failed to determine Java version for profile jdk8 @ org.jdbi:jdbi3-parent:3.2.0-SNAPSHOT, /root/workspace/jdbi/jdbi/369838774/pom.xml
[ERROR] Failed to determine Java version for profile jdk9 @ org.jdbi:jdbi3-parent:3.2.0-SNAPSHOT, /root/workspace/jdbi/jdbi/369838774/pom.xml

07:56:46.201 [main] DEBUG f.i.s.r.p.s.paths.ComputeSourceDir - Build section does not exist in the following pom.xml: /root/workspace/jdbi/jdbi/369838774/docs/pom.xml. Continue to try to get source dir from all modules.
07:56:46.202 [main] ERROR f.i.s.r.p.s.paths.ComputeSourceDir - The source directory is not at default location or specified in build section from pom.xml, and no parent can be found.
07:56:46.202 [main] DEBUG f.i.s.r.p.s.paths.ComputeSourceDir - The default source directory (/root/workspace/jdbi/jdbi/369838774/kotlin/src/main/java) does not exist. Try to read pom.xml to get information.
07:56:46.224 [main] ERROR f.i.s.r.process.maven.MavenHelper - Error while building complete model. The raw model will be used. Error message: 2 problems were encountered while building the effective model for org.jdbi:jdbi3-kotlin:3.2.0-SNAPSHOT
[ERROR] Failed to determine Java version for profile jdk8 @ org.jdbi:jdbi3-parent:3.2.0-SNAPSHOT, /root/workspace/jdbi/jdbi/369838774/pom.xml
[ERROR] Failed to determine Java version for profile jdk9 @ org.jdbi:jdbi3-parent:3.2.0-SNAPSHOT, /root/workspace/jdbi/jdbi/369838774/pom.xml

07:56:46.236 [main] DEBUG f.i.s.r.p.s.paths.ComputeSourceDir - The source directory given in pom.xml (${project.basedir}/src/main/kotlin) does not exist. Continue to try to get source dir from all modules.
07:56:46.236 [main] ERROR f.i.s.r.p.s.paths.ComputeSourceDir - The source directory is not at default location or specified in build section from pom.xml, and no parent can be found.
07:56:46.237 [main] DEBUG f.i.s.r.p.s.paths.ComputeSourceDir - The default source directory (/root/workspace/jdbi/jdbi/369838774/kotlin-sqlobject/src/main/java) does not exist. Try to read pom.xml to get information.
07:56:46.257 [main] ERROR f.i.s.r.process.maven.MavenHelper - Error while building complete model. The raw model will be used. Error message: 2 problems were encountered while building the effective model for org.jdbi:jdbi3-kotlin-sqlobject:3.2.0-SNAPSHOT
[ERROR] Failed to determine Java version for profile jdk8 @ org.jdbi:jdbi3-parent:3.2.0-SNAPSHOT, /root/workspace/jdbi/jdbi/369838774/pom.xml
[ERROR] Failed to determine Java version for profile jdk9 @ org.jdbi:jdbi3-parent:3.2.0-SNAPSHOT, /root/workspace/jdbi/jdbi/369838774/pom.xml

07:56:46.258 [main] DEBUG f.i.s.r.p.s.paths.ComputeSourceDir - The source directory given in pom.xml (${project.basedir}/src/main/kotlin) does not exist. Continue to try to get source dir from all modules.
07:56:46.258 [main] ERROR f.i.s.r.p.s.paths.ComputeSourceDir - The source directory is not at default location or specified in build section from pom.xml, and no parent can be found.
07:56:46.260 [main] DEBUG f.i.s.r.p.s.paths.ComputeSourceDir - The default source directory (/root/workspace/jdbi/jdbi/369838774/bom/src/main/java) does not exist. Try to read pom.xml to get information.
07:56:46.280 [main] ERROR f.i.s.r.process.maven.MavenHelper - Error while building complete model. The raw model will be used. Error message: 2 problems were encountered while building the effective model for org.jdbi:jdbi3-bom:3.2.0-SNAPSHOT
[ERROR] Failed to determine Java version for profile jdk8 @ org.jdbi:jdbi3-parent:3.2.0-SNAPSHOT, /root/workspace/jdbi/jdbi/369838774/pom.xml
[ERROR] Failed to determine Java version for profile jdk9 @ org.jdbi:jdbi3-parent:3.2.0-SNAPSHOT, /root/workspace/jdbi/jdbi/369838774/pom.xml

07:56:46.281 [main] DEBUG f.i.s.r.p.s.paths.ComputeSourceDir - Build section does not exist in the following pom.xml: /root/workspace/jdbi/jdbi/369838774/bom/pom.xml. Continue to try to get source dir from all modules.
07:56:46.282 [main] ERROR f.i.s.r.p.s.paths.ComputeSourceDir - The source directory is not at default location or specified in build section from pom.xml, and no parent can be found.
07:56:46.282 [main] DEBUG f.i.s.r.p.s.paths.ComputeSourceDir - The default source directory (/root/workspace/jdbi/jdbi/369838774/noparameters/src/main/java) does not exist. Try to read pom.xml to get information.
07:56:46.300 [main] ERROR f.i.s.r.process.maven.MavenHelper - Error while building complete model. The raw model will be used. Error message: 2 problems were encountered while building the effective model for org.jdbi:jdbi3-noparameters:3.2.0-SNAPSHOT
[ERROR] Failed to determine Java version for profile jdk8 @ org.jdbi:jdbi3-parent:3.2.0-SNAPSHOT, /root/workspace/jdbi/jdbi/369838774/pom.xml
[ERROR] Failed to determine Java version for profile jdk9 @ org.jdbi:jdbi3-parent:3.2.0-SNAPSHOT, /root/workspace/jdbi/jdbi/369838774/pom.xml

07:56:46.301 [main] DEBUG f.i.s.r.p.s.paths.ComputeSourceDir - Build section does not exist in the following pom.xml: /root/workspace/jdbi/jdbi/369838774/noparameters/pom.xml. Continue to try to get source dir from all modules.
07:56:46.301 [main] ERROR f.i.s.r.p.s.paths.ComputeSourceDir - The source directory is not at default location or specified in build section from pom.xml, and no parent can be found.
07:56:46.323 [main] ERROR f.i.s.r.process.maven.MavenHelper - Error while building complete model. The raw model will be used. Error message: 2 problems were encountered while building the effective model for org.jdbi:jdbi3-vavr:3.2.0-SNAPSHOT
[ERROR] Failed to determine Java version for profile jdk8 @ org.jdbi:jdbi3-parent:3.2.0-SNAPSHOT, /root/workspace/jdbi/jdbi/369838774/pom.xml
[ERROR] Failed to determine Java version for profile jdk9 @ org.jdbi:jdbi3-parent:3.2.0-SNAPSHOT, /root/workspace/jdbi/jdbi/369838774/pom.xml

07:56:46.343 [main] ERROR f.i.s.r.process.maven.MavenHelper - Error while building complete model. The raw model will be used. Error message: 2 problems were encountered while building the effective model for org.jdbi:jdbi3-sqlite:3.2.0-SNAPSHOT
[ERROR] Failed to determine Java version for profile jdk8 @ org.jdbi:jdbi3-parent:3.2.0-SNAPSHOT, /root/workspace/jdbi/jdbi/369838774/pom.xml
[ERROR] Failed to determine Java version for profile jdk9 @ org.jdbi:jdbi3-parent:3.2.0-SNAPSHOT, /root/workspace/jdbi/jdbi/369838774/pom.xml

07:56:46.362 [main] ERROR f.i.s.r.process.maven.MavenHelper - Error while building complete model. The raw model will be used. Error message: 2 problems were encountered while building the effective model for org.jdbi:jdbi3-testing:3.2.0-SNAPSHOT
[ERROR] Failed to determine Java version for profile jdk8 @ org.jdbi:jdbi3-parent:3.2.0-SNAPSHOT, /root/workspace/jdbi/jdbi/369838774/pom.xml
[ERROR] Failed to determine Java version for profile jdk9 @ org.jdbi:jdbi3-parent:3.2.0-SNAPSHOT, /root/workspace/jdbi/jdbi/369838774/pom.xml

07:56:46.363 [main] INFO  f.i.s.r.p.s.paths.ComputeSourceDir - 11 source dirs were found:
07:56:46.364 [main] INFO  f.i.s.r.p.s.paths.ComputeSourceDir - /root/workspace/jdbi/jdbi/369838774/core/src/main/java
07:56:46.364 [main] INFO  f.i.s.r.p.s.paths.ComputeSourceDir - /root/workspace/jdbi/jdbi/369838774/guava/src/main/java
07:56:46.365 [main] INFO  f.i.s.r.p.s.paths.ComputeSourceDir - /root/workspace/jdbi/jdbi/369838774/jodatime2/src/main/java
07:56:46.365 [main] INFO  f.i.s.r.p.s.paths.ComputeSourceDir - /root/workspace/jdbi/jdbi/369838774/jpa/src/main/java
07:56:46.365 [main] INFO  f.i.s.r.p.s.paths.ComputeSourceDir - /root/workspace/jdbi/jdbi/369838774/postgres/src/main/java
07:56:46.366 [main] INFO  f.i.s.r.p.s.paths.ComputeSourceDir - /root/workspace/jdbi/jdbi/369838774/spring4/src/main/java
07:56:46.366 [main] INFO  f.i.s.r.p.s.paths.ComputeSourceDir - /root/workspace/jdbi/jdbi/369838774/sqlite/src/main/java
07:56:46.367 [main] INFO  f.i.s.r.p.s.paths.ComputeSourceDir - /root/workspace/jdbi/jdbi/369838774/sqlobject/src/main/java
07:56:46.367 [main] INFO  f.i.s.r.p.s.paths.ComputeSourceDir - /root/workspace/jdbi/jdbi/369838774/stringtemplate4/src/main/java
07:56:46.367 [main] INFO  f.i.s.r.p.s.paths.ComputeSourceDir - /root/workspace/jdbi/jdbi/369838774/testing/src/main/java
07:56:46.368 [main] INFO  f.i.s.r.p.s.paths.ComputeSourceDir - /root/workspace/jdbi/jdbi/369838774/vavr/src/main/java
07:56:46.407 [main] DEBUG f.i.s.r.p.s.paths.ComputeSourceDir - Compute the line of code of the project
07:56:46.752 [main] DEBUG f.i.s.r.p.s.paths.ComputeSourceDir - Get result from cloc process...
07:56:46.754 [main] DEBUG f.i.s.r.p.s.paths.ComputeSourceDir - STEP STATUS: [ ComputeSourceDir : SUCCESS ]
07:56:46.755 [main] DEBUG f.i.s.r.p.s.paths.ComputeSourceDir - STEP DURATION: 1s
07:56:46.755 [main] DEBUG f.i.s.r.p.s.paths.ComputeSourceDir - EXECUTE NEXT STEP
07:56:46.756 [main] DEBUG f.i.s.r.p.step.paths.ComputeTestDir - ----------------------------------------------------------------------
07:56:46.756 [main] DEBUG f.i.s.r.p.step.paths.ComputeTestDir - STEP 4/22: ComputeTestDir
07:56:46.757 [main] DEBUG f.i.s.r.p.step.paths.ComputeTestDir - ----------------------------------------------------------------------
07:56:46.757 [main] DEBUG f.i.s.r.p.step.paths.ComputeTestDir - Computing the test directory ...
07:56:46.758 [main] DEBUG f.i.s.r.p.step.paths.ComputeTestDir - The default test directory (/root/workspace/jdbi/jdbi/369838774/src/test/java) does not exist. Try to read pom.xml to get information.
07:56:46.774 [main] ERROR f.i.s.r.process.maven.MavenHelper - Error while building complete model. The raw model will be used. Error message: 2 problems were encountered while building the effective model for org.jdbi:jdbi3-parent:3.2.0-SNAPSHOT
[ERROR] Failed to determine Java version for profile jdk8 @ 
[ERROR] Failed to determine Java version for profile jdk9 @ 

07:56:46.777 [main] DEBUG f.i.s.r.p.step.paths.ComputeTestDir - Build section does not exist in the following pom.xml: /root/workspace/jdbi/jdbi/369838774/pom.xml. Continue to try to get test dir from all modules.
07:56:46.794 [main] ERROR f.i.s.r.process.maven.MavenHelper - Error while building complete model. The raw model will be used. Error message: 2 problems were encountered while building the effective model for org.jdbi:jdbi3-core:3.2.0-SNAPSHOT
[ERROR] Failed to determine Java version for profile jdk8 @ org.jdbi:jdbi3-parent:3.2.0-SNAPSHOT, /root/workspace/jdbi/jdbi/369838774/pom.xml
[ERROR] Failed to determine Java version for profile jdk9 @ org.jdbi:jdbi3-parent:3.2.0-SNAPSHOT, /root/workspace/jdbi/jdbi/369838774/pom.xml

07:56:46.810 [main] ERROR f.i.s.r.process.maven.MavenHelper - Error while building complete model. The raw model will be used. Error message: 2 problems were encountered while building the effective model for org.jdbi:jdbi3-sqlobject:3.2.0-SNAPSHOT
[ERROR] Failed to determine Java version for profile jdk8 @ org.jdbi:jdbi3-parent:3.2.0-SNAPSHOT, /root/workspace/jdbi/jdbi/369838774/pom.xml
[ERROR] Failed to determine Java version for profile jdk9 @ org.jdbi:jdbi3-parent:3.2.0-SNAPSHOT, /root/workspace/jdbi/jdbi/369838774/pom.xml

07:56:46.827 [main] ERROR f.i.s.r.process.maven.MavenHelper - Error while building complete model. The raw model will be used. Error message: 2 problems were encountered while building the effective model for org.jdbi:jdbi3-stringtemplate4:3.2.0-SNAPSHOT
[ERROR] Failed to determine Java version for profile jdk8 @ org.jdbi:jdbi3-parent:3.2.0-SNAPSHOT, /root/workspace/jdbi/jdbi/369838774/pom.xml
[ERROR] Failed to determine Java version for profile jdk9 @ org.jdbi:jdbi3-parent:3.2.0-SNAPSHOT, /root/workspace/jdbi/jdbi/369838774/pom.xml

07:56:46.846 [main] ERROR f.i.s.r.process.maven.MavenHelper - Error while building complete model. The raw model will be used. Error message: 2 problems were encountered while building the effective model for org.jdbi:jdbi3-guava:3.2.0-SNAPSHOT
[ERROR] Failed to determine Java version for profile jdk8 @ org.jdbi:jdbi3-parent:3.2.0-SNAPSHOT, /root/workspace/jdbi/jdbi/369838774/pom.xml
[ERROR] Failed to determine Java version for profile jdk9 @ org.jdbi:jdbi3-parent:3.2.0-SNAPSHOT, /root/workspace/jdbi/jdbi/369838774/pom.xml

07:56:46.863 [main] ERROR f.i.s.r.process.maven.MavenHelper - Error while building complete model. The raw model will be used. Error message: 2 problems were encountered while building the effective model for org.jdbi:jdbi3-jodatime2:3.2.0-SNAPSHOT
[ERROR] Failed to determine Java version for profile jdk8 @ org.jdbi:jdbi3-parent:3.2.0-SNAPSHOT, /root/workspace/jdbi/jdbi/369838774/pom.xml
[ERROR] Failed to determine Java version for profile jdk9 @ org.jdbi:jdbi3-parent:3.2.0-SNAPSHOT, /root/workspace/jdbi/jdbi/369838774/pom.xml

07:56:46.879 [main] ERROR f.i.s.r.process.maven.MavenHelper - Error while building complete model. The raw model will be used. Error message: 2 problems were encountered while building the effective model for org.jdbi:jdbi3-jpa:3.2.0-SNAPSHOT
[ERROR] Failed to determine Java version for profile jdk8 @ org.jdbi:jdbi3-parent:3.2.0-SNAPSHOT, /root/workspace/jdbi/jdbi/369838774/pom.xml
[ERROR] Failed to determine Java version for profile jdk9 @ org.jdbi:jdbi3-parent:3.2.0-SNAPSHOT, /root/workspace/jdbi/jdbi/369838774/pom.xml

07:56:46.894 [main] ERROR f.i.s.r.process.maven.MavenHelper - Error while building complete model. The raw model will be used. Error message: 2 problems were encountered while building the effective model for org.jdbi:jdbi3-postgres:3.2.0-SNAPSHOT
[ERROR] Failed to determine Java version for profile jdk8 @ org.jdbi:jdbi3-parent:3.2.0-SNAPSHOT, /root/workspace/jdbi/jdbi/369838774/pom.xml
[ERROR] Failed to determine Java version for profile jdk9 @ org.jdbi:jdbi3-parent:3.2.0-SNAPSHOT, /root/workspace/jdbi/jdbi/369838774/pom.xml

07:56:46.915 [main] ERROR f.i.s.r.process.maven.MavenHelper - Error while building complete model. The raw model will be used. Error message: 3 problems were encountered while building the effective model for org.jdbi:jdbi3-spring4:3.2.0-SNAPSHOT
[ERROR] Failed to determine Java version for profile jdk9 @ org.jdbi:jdbi3-spring4:[unknown-version], /root/workspace/jdbi/jdbi/369838774/spring4/pom.xml
[ERROR] Failed to determine Java version for profile jdk8 @ org.jdbi:jdbi3-parent:3.2.0-SNAPSHOT, /root/workspace/jdbi/jdbi/369838774/pom.xml
[ERROR] Failed to determine Java version for profile jdk9 @ org.jdbi:jdbi3-parent:3.2.0-SNAPSHOT, /root/workspace/jdbi/jdbi/369838774/pom.xml

07:56:46.932 [main] ERROR f.i.s.r.process.maven.MavenHelper - Error while building complete model. The raw model will be used. Error message: 2 problems were encountered while building the effective model for org.jdbi:jdbi3-docs:3.2.0-SNAPSHOT
[ERROR] Failed to determine Java version for profile jdk8 @ org.jdbi:jdbi3-parent:3.2.0-SNAPSHOT, /root/workspace/jdbi/jdbi/369838774/pom.xml
[ERROR] Failed to determine Java version for profile jdk9 @ org.jdbi:jdbi3-parent:3.2.0-SNAPSHOT, /root/workspace/jdbi/jdbi/369838774/pom.xml

07:56:46.935 [main] DEBUG f.i.s.r.p.step.paths.ComputeTestDir - The default test directory (/root/workspace/jdbi/jdbi/369838774/kotlin/src/test/java) does not exist. Try to read pom.xml to get information.
07:56:46.973 [main] ERROR f.i.s.r.process.maven.MavenHelper - Error while building complete model. The raw model will be used. Error message: 2 problems were encountered while building the effective model for org.jdbi:jdbi3-kotlin:3.2.0-SNAPSHOT
[ERROR] Failed to determine Java version for profile jdk8 @ org.jdbi:jdbi3-parent:3.2.0-SNAPSHOT, /root/workspace/jdbi/jdbi/369838774/pom.xml
[ERROR] Failed to determine Java version for profile jdk9 @ org.jdbi:jdbi3-parent:3.2.0-SNAPSHOT, /root/workspace/jdbi/jdbi/369838774/pom.xml

07:56:46.975 [main] DEBUG f.i.s.r.p.step.paths.ComputeTestDir - The test directory given in pom.xml (${project.basedir}/src/test/kotlin) does not exist. Continue to try to get test dir from all modules.
07:56:46.975 [main] ERROR f.i.s.r.p.step.paths.ComputeTestDir - The test directory is not at default location or specified in build section from pom.xml, and no parent can be found.
07:56:46.976 [main] DEBUG f.i.s.r.p.step.paths.ComputeTestDir - The default test directory (/root/workspace/jdbi/jdbi/369838774/kotlin-sqlobject/src/test/java) does not exist. Try to read pom.xml to get information.
07:56:46.995 [main] ERROR f.i.s.r.process.maven.MavenHelper - Error while building complete model. The raw model will be used. Error message: 2 problems were encountered while building the effective model for org.jdbi:jdbi3-kotlin-sqlobject:3.2.0-SNAPSHOT
[ERROR] Failed to determine Java version for profile jdk8 @ org.jdbi:jdbi3-parent:3.2.0-SNAPSHOT, /root/workspace/jdbi/jdbi/369838774/pom.xml
[ERROR] Failed to determine Java version for profile jdk9 @ org.jdbi:jdbi3-parent:3.2.0-SNAPSHOT, /root/workspace/jdbi/jdbi/369838774/pom.xml

07:56:46.997 [main] DEBUG f.i.s.r.p.step.paths.ComputeTestDir - The test directory given in pom.xml (${project.basedir}/src/test/kotlin) does not exist. Continue to try to get test dir from all modules.
07:56:46.997 [main] ERROR f.i.s.r.p.step.paths.ComputeTestDir - The test directory is not at default location or specified in build section from pom.xml, and no parent can be found.
07:56:46.998 [main] DEBUG f.i.s.r.p.step.paths.ComputeTestDir - The default test directory (/root/workspace/jdbi/jdbi/369838774/bom/src/test/java) does not exist. Try to read pom.xml to get information.
07:56:47.019 [main] ERROR f.i.s.r.process.maven.MavenHelper - Error while building complete model. The raw model will be used. Error message: 2 problems were encountered while building the effective model for org.jdbi:jdbi3-bom:3.2.0-SNAPSHOT
[ERROR] Failed to determine Java version for profile jdk8 @ org.jdbi:jdbi3-parent:3.2.0-SNAPSHOT, /root/workspace/jdbi/jdbi/369838774/pom.xml
[ERROR] Failed to determine Java version for profile jdk9 @ org.jdbi:jdbi3-parent:3.2.0-SNAPSHOT, /root/workspace/jdbi/jdbi/369838774/pom.xml

07:56:47.020 [main] DEBUG f.i.s.r.p.step.paths.ComputeTestDir - Build section does not exist in the following pom.xml: /root/workspace/jdbi/jdbi/369838774/bom/pom.xml. Continue to try to get test dir from all modules.
07:56:47.021 [main] ERROR f.i.s.r.p.step.paths.ComputeTestDir - The test directory is not at default location or specified in build section from pom.xml, and no parent can be found.
07:56:47.035 [main] ERROR f.i.s.r.process.maven.MavenHelper - Error while building complete model. The raw model will be used. Error message: 2 problems were encountered while building the effective model for org.jdbi:jdbi3-noparameters:3.2.0-SNAPSHOT
[ERROR] Failed to determine Java version for profile jdk8 @ org.jdbi:jdbi3-parent:3.2.0-SNAPSHOT, /root/workspace/jdbi/jdbi/369838774/pom.xml
[ERROR] Failed to determine Java version for profile jdk9 @ org.jdbi:jdbi3-parent:3.2.0-SNAPSHOT, /root/workspace/jdbi/jdbi/369838774/pom.xml

07:56:47.065 [main] ERROR f.i.s.r.process.maven.MavenHelper - Error while building complete model. The raw model will be used. Error message: 2 problems were encountered while building the effective model for org.jdbi:jdbi3-vavr:3.2.0-SNAPSHOT
[ERROR] Failed to determine Java version for profile jdk8 @ org.jdbi:jdbi3-parent:3.2.0-SNAPSHOT, /root/workspace/jdbi/jdbi/369838774/pom.xml
[ERROR] Failed to determine Java version for profile jdk9 @ org.jdbi:jdbi3-parent:3.2.0-SNAPSHOT, /root/workspace/jdbi/jdbi/369838774/pom.xml

07:56:47.088 [main] ERROR f.i.s.r.process.maven.MavenHelper - Error while building complete model. The raw model will be used. Error message: 2 problems were encountered while building the effective model for org.jdbi:jdbi3-sqlite:3.2.0-SNAPSHOT
[ERROR] Failed to determine Java version for profile jdk8 @ org.jdbi:jdbi3-parent:3.2.0-SNAPSHOT, /root/workspace/jdbi/jdbi/369838774/pom.xml
[ERROR] Failed to determine Java version for profile jdk9 @ org.jdbi:jdbi3-parent:3.2.0-SNAPSHOT, /root/workspace/jdbi/jdbi/369838774/pom.xml

07:56:47.089 [main] DEBUG f.i.s.r.p.step.paths.ComputeTestDir - The default test directory (/root/workspace/jdbi/jdbi/369838774/testing/src/test/java) does not exist. Try to read pom.xml to get information.
07:56:47.098 [main] ERROR f.i.s.r.process.maven.MavenHelper - Error while building complete model. The raw model will be used. Error message: 2 problems were encountered while building the effective model for org.jdbi:jdbi3-testing:3.2.0-SNAPSHOT
[ERROR] Failed to determine Java version for profile jdk8 @ org.jdbi:jdbi3-parent:3.2.0-SNAPSHOT, /root/workspace/jdbi/jdbi/369838774/pom.xml
[ERROR] Failed to determine Java version for profile jdk9 @ org.jdbi:jdbi3-parent:3.2.0-SNAPSHOT, /root/workspace/jdbi/jdbi/369838774/pom.xml

07:56:47.099 [main] DEBUG f.i.s.r.p.step.paths.ComputeTestDir - Build section does not exist in the following pom.xml: /root/workspace/jdbi/jdbi/369838774/testing/pom.xml. Continue to try to get test dir from all modules.
07:56:47.099 [main] ERROR f.i.s.r.p.step.paths.ComputeTestDir - The test directory is not at default location or specified in build section from pom.xml, and no parent can be found.
07:56:47.100 [main] INFO  f.i.s.r.p.step.paths.ComputeTestDir - 12 test dirs were found:
07:56:47.100 [main] INFO  f.i.s.r.p.step.paths.ComputeTestDir - /root/workspace/jdbi/jdbi/369838774/core/src/test/java
07:56:47.100 [main] INFO  f.i.s.r.p.step.paths.ComputeTestDir - /root/workspace/jdbi/jdbi/369838774/docs/src/test/java
07:56:47.100 [main] INFO  f.i.s.r.p.step.paths.ComputeTestDir - /root/workspace/jdbi/jdbi/369838774/guava/src/test/java
07:56:47.100 [main] INFO  f.i.s.r.p.step.paths.ComputeTestDir - /root/workspace/jdbi/jdbi/369838774/jodatime2/src/test/java
07:56:47.101 [main] INFO  f.i.s.r.p.step.paths.ComputeTestDir - /root/workspace/jdbi/jdbi/369838774/jpa/src/test/java
07:56:47.101 [main] INFO  f.i.s.r.p.step.paths.ComputeTestDir - /root/workspace/jdbi/jdbi/369838774/noparameters/src/test/java
07:56:47.101 [main] INFO  f.i.s.r.p.step.paths.ComputeTestDir - /root/workspace/jdbi/jdbi/369838774/postgres/src/test/java
07:56:47.101 [main] INFO  f.i.s.r.p.step.paths.ComputeTestDir - /root/workspace/jdbi/jdbi/369838774/spring4/src/test/java
07:56:47.101 [main] INFO  f.i.s.r.p.step.paths.ComputeTestDir - /root/workspace/jdbi/jdbi/369838774/sqlite/src/test/java
07:56:47.102 [main] INFO  f.i.s.r.p.step.paths.ComputeTestDir - /root/workspace/jdbi/jdbi/369838774/sqlobject/src/test/java
07:56:47.102 [main] INFO  f.i.s.r.p.step.paths.ComputeTestDir - /root/workspace/jdbi/jdbi/369838774/stringtemplate4/src/test/java
07:56:47.102 [main] INFO  f.i.s.r.p.step.paths.ComputeTestDir - /root/workspace/jdbi/jdbi/369838774/vavr/src/test/java
07:56:47.110 [main] DEBUG f.i.s.r.p.step.paths.ComputeTestDir - STEP STATUS: [ ComputeTestDir : SUCCESS ]
07:56:47.111 [main] DEBUG f.i.s.r.p.step.paths.ComputeTestDir - STEP DURATION: 0s
07:56:47.111 [main] DEBUG f.i.s.r.p.step.paths.ComputeTestDir - EXECUTE NEXT STEP
07:56:47.111 [main] DEBUG f.i.s.r.p.s.c.CheckoutBuggyBuildSourceCode - ----------------------------------------------------------------------
07:56:47.111 [main] DEBUG f.i.s.r.p.s.c.CheckoutBuggyBuildSourceCode - STEP 5/22: CheckoutBuggyBuildCandidateSourceCode
07:56:47.111 [main] DEBUG f.i.s.r.p.s.c.CheckoutBuggyBuildSourceCode - ----------------------------------------------------------------------
07:56:47.112 [main] DEBUG f.i.s.r.p.s.c.CheckoutBuggyBuildSourceCode - Checking out the source code of the buggy build candidate...
07:56:47.223 [main] INFO  fr.inria.jtravis.JTravis - GitHub ratelimit: Limit: 5000 Remaining: 4046 Reset hour: 19:43:33
07:56:48.783 [main] DEBUG f.i.s.r.process.git.GitHelper - Commit repairnator files...
07:56:48.784 [main] INFO  f.i.s.r.process.git.GitHelper - There is no repairnator file to commit.
07:56:48.784 [main] DEBUG f.i.s.r.p.s.c.CheckoutBuggyBuildSourceCode - Reproduce the PR for jdbi/jdbi by fetching remote branch and merging.
07:56:49.298 [main] DEBUG f.i.s.r.process.git.GitHelper - Step CheckoutBuggyBuildCandidateSourceCode - Get the commit 2c035546477db546f8d6e2113851dc39e9a637dc for repo jdbi/jdbi
07:56:49.501 [main] DEBUG f.i.s.r.process.git.GitHelper - Step CheckoutBuggyBuildCandidateSourceCode - Do the merge with the PR commit for repo jdbi/jdbi
07:56:49.503 [main] INFO  f.i.s.r.process.git.GitHelper - Init git submodules.
07:56:49.707 [main] INFO  fr.inria.jtravis.JTravis - GitHub ratelimit: Limit: 5000 Remaining: 4039 Reset hour: 19:43:33
07:56:50.989 [main] DEBUG f.i.s.r.process.git.GitHelper - Commit repairnator files...
07:56:50.990 [main] INFO  f.i.s.r.process.git.GitHelper - There is no repairnator file to commit.
07:56:50.990 [main] DEBUG f.i.s.r.p.s.c.CheckoutBuggyBuildSourceCode - Reproduce the PR for jdbi/jdbi by fetching remote branch and merging.
07:56:51.537 [main] ERROR f.i.s.r.p.s.c.CheckoutBuggyBuildSourceCode - Error while testing commit: org.eclipse.jgit.errors.MissingObjectException: Missing unknown c70e05d900c642a0b199d452bd57c619c5725dfd
07:56:51.538 [main] ERROR f.i.s.r.p.s.c.CheckoutBuggyBuildSourceCode - Commit head ref cannot be retrieved from the repository: c70e05d900c642a0b199d452bd57c619c5725dfd. Operation aborted.
07:56:51.539 [main] ERROR f.i.s.r.p.s.c.CheckoutBuggyBuildSourceCode - Error while merging two commits to reproduce the PR.
07:56:51.540 [main] DEBUG f.i.s.r.p.s.c.CheckoutBuggyBuildSourceCode - STEP STATUS: [ CheckoutBuggyBuildCandidateSourceCode : FAILURE ( BUILDNOTCHECKEDOUT ) ]
07:56:51.541 [main] DEBUG f.i.s.r.p.s.c.CheckoutBuggyBuildSourceCode - STEP DURATION: 4s
07:56:51.541 [main] DEBUG f.i.s.r.p.s.c.CheckoutBuggyBuildSourceCode - TERMINATE PIPELINE
07:56:51.541 [main] DEBUG f.i.s.r.p.s.c.CheckoutBuggyBuildSourceCode - FINAL STEPS SKIPPED: The reproduction of the bug and/or the patch failed.
07:56:51.542 [main] INFO  f.i.s.r.p.s.c.CheckoutBuggyBuildSourceCode - Serialize all data for the pair of builds 369838774, 369840120
07:56:51.650 [main] INFO  fr.inria.jtravis.JTravis - GitHub ratelimit: Limit: 5000 Remaining: 4031 Reset hour: 19:43:33
07:56:52.221 [main] INFO  f.i.s.r.p.i.ProjectInspector - ----------------------------------------------------------------------
07:56:52.221 [main] INFO  f.i.s.r.p.i.ProjectInspector - PIPELINE EXECUTION SUMMARY
07:56:52.221 [main] INFO  f.i.s.r.p.i.ProjectInspector - ----------------------------------------------------------------------
07:56:52.221 [main] INFO  f.i.s.r.p.i.ProjectInspector - CloneRepository........................................SUCCESS [ 9 s ]
07:56:52.222 [main] INFO  f.i.s.r.p.i.ProjectInspector - CheckoutPatchedBuildCandidate..........................SUCCESS [ 2 s ]
07:56:52.222 [main] INFO  f.i.s.r.p.i.ProjectInspector - ComputeSourceDir.......................................SUCCESS [ 1 s ]
07:56:52.222 [main] INFO  f.i.s.r.p.i.ProjectInspector - ComputeTestDir.........................................SUCCESS [ 0 s ]
07:56:52.222 [main] INFO  f.i.s.r.p.i.ProjectInspector - CheckoutBuggyBuildCandidateSourceCode..................FAILURE [ 4 s ]
07:56:52.222 [main] INFO  f.i.s.r.p.i.ProjectInspector - BuildProjectBuggyBuildCandidateSourceCode..............NOT RUN        
07:56:52.222 [main] INFO  f.i.s.r.p.i.ProjectInspector - TestProjectBuggyBuildCandidateSourceCode...............NOT RUN        
07:56:52.222 [main] INFO  f.i.s.r.p.i.ProjectInspector - GatherTestInformationBuggyBuildCandidateSourceCode.....NOT RUN        
07:56:52.223 [main] INFO  f.i.s.r.p.i.ProjectInspector - CheckoutBuggyBuildTestCode.............................NOT RUN        
07:56:52.223 [main] INFO  f.i.s.r.p.i.ProjectInspector - InitRepoToPush.........................................NOT RUN        
07:56:52.223 [main] INFO  f.i.s.r.p.i.ProjectInspector - ComputeClasspath.......................................NOT RUN        
07:56:52.223 [main] INFO  f.i.s.r.p.i.ProjectInspector - ComputeModules.........................................NOT RUN        
07:56:52.223 [main] INFO  f.i.s.r.p.i.ProjectInspector - CheckoutBuggyBuildCandidateSourceCode..................NOT RUN        
07:56:52.223 [main] INFO  f.i.s.r.p.i.ProjectInspector - CommitChangedTests.....................................NOT RUN        
07:56:52.223 [main] INFO  f.i.s.r.p.i.ProjectInspector - CheckoutPatchedBuildCandidate..........................NOT RUN        
07:56:52.223 [main] INFO  f.i.s.r.p.i.ProjectInspector - BuildProjectPatchedBuildCandidate......................NOT RUN        
07:56:52.224 [main] INFO  f.i.s.r.p.i.ProjectInspector - TestProjectPatchedBuildCandidate.......................NOT RUN        
07:56:52.224 [main] INFO  f.i.s.r.p.i.ProjectInspector - GatherTestInformationPatchedBuildCandidate.............NOT RUN        
07:56:52.224 [main] INFO  f.i.s.r.p.i.ProjectInspector - CommitPatch............................................NOT RUN        
07:56:52.224 [main] INFO  f.i.s.r.p.i.ProjectInspector - WritePropertyFile......................................NOT RUN        
07:56:52.224 [main] INFO  f.i.s.r.p.i.ProjectInspector - CommitProcessEnd.......................................NOT RUN        
07:56:52.226 [main] INFO  f.i.s.r.p.i.ProjectInspector - PushProcessEnd.........................................NOT RUN        
07:56:52.226 [main] INFO  f.i.s.r.p.i.ProjectInspector - ----------------------------------------------------------------------
07:56:52.229 [main] INFO  f.i.s.r.p.i.ProjectInspector - PIPELINE FINDING: BUILDNOTCHECKEDOUT
07:56:52.229 [main] INFO  f.i.s.r.p.i.ProjectInspector - ----------------------------------------------------------------------
07:56:52.229 [main] INFO  f.i.s.repairnator.pipeline.Launcher - Inspector is finished. The process will exit now.
