18:42:26.188 [main] INFO  f.i.s.repairnator.pipeline.Launcher - PIPELINE VERSION: 3.0-2018-08-09 19:04
18:42:26.317 [main] INFO  f.i.s.repairnator.pipeline.Launcher - The pipeline will try to reproduce a bug from build 371258133 and its corresponding patch from build 371858717
18:42:26.317 [main] INFO  f.i.s.repairnator.pipeline.Launcher - Initialize file serializer engines.
18:42:26.319 [main] INFO  f.i.s.repairnator.pipeline.Launcher - MongoDB won't be used for serialization.
18:42:26.319 [main] INFO  f.i.s.repairnator.pipeline.Launcher - The email notifier engine won't be used.
18:42:26.322 [main] INFO  f.i.s.repairnator.pipeline.Launcher - Start by getting the build (buildId: 371258133) with the following config: RepairnatorConfig{runId='7f781b86-edd9-4c2c-8d35-0759e20819d2_04-18-week4-PASSING_AND_PASSING', launcherMode=BEARS, serializeJson=true, inputPath='null', outputPath='/var/log', mongodbHost='null', mongodbName='repairnator', smtpServer='null', notifyTo=[], notifyEndProcess=false, push=true, pushRemoteRepo='https://github.com/fermadeiral/bears-collection-pp', fork=false, lookFromDate=null, lookToDate=null, buildId=371258133, z3solverPath='./z3_for_linux', workspacePath='./workspace', githubToken='c8a341a903[...]', dockerImageName='null', skipDelete=false, createOutputDir=false, logDirectory='null', nbThreads=0, globalTimeout=0, whiteList=null, blackList=null, jobSleepTime=0, buildSleepTime=0, maxInspectedBuilds=0, duration=null, humanPatch=false, repository='null', clean=true, bearsMode=BOTH, bearsDelimiter = false, repairTools=NopolAllTests,NPEFix,AssertFixer,AstorJGenProg,AstorJKali,NopolSingleTest,AstorJMut,NopolTestExclusionStrategy, githubUserName= fermadeiral, githubUserEmail=fer.madeiral@gmail.com}
18:42:28.966 [main] DEBUG fr.inria.jtravis.helpers.BuildHelper - Get request to :https://api.travis-ci.org/build/371258133 done after 2075 ms
18:42:29.218 [main] DEBUG fr.inria.jtravis.helpers.BuildHelper - Get request to :https://api.travis-ci.org/build/371858717 done after 168 ms
18:42:29.249 [main] INFO  f.i.s.repairnator.pipeline.Launcher - The patched build (371858717) was successfully retrieved from Travis.
18:42:30.734 [main] INFO  fr.inria.jtravis.JTravis - GitHub ratelimit: Limit: 5000 Remaining: 4344 Reset hour: 19:42:47
18:42:30.969 [main] INFO  f.i.s.r.p.i.ProjectInspector - ----------------------------------------------------------------------
18:42:30.969 [main] INFO  f.i.s.r.p.i.ProjectInspector - PIPELINE STEPS
18:42:30.969 [main] INFO  f.i.s.r.p.i.ProjectInspector - ----------------------------------------------------------------------
18:42:30.969 [main] INFO  f.i.s.r.p.i.ProjectInspector - CloneRepository
18:42:30.970 [main] INFO  f.i.s.r.p.i.ProjectInspector - CheckoutPatchedBuildCandidate
18:42:30.970 [main] INFO  f.i.s.r.p.i.ProjectInspector - ComputeSourceDir
18:42:30.970 [main] INFO  f.i.s.r.p.i.ProjectInspector - ComputeTestDir
18:42:30.970 [main] INFO  f.i.s.r.p.i.ProjectInspector - CheckoutBuggyBuildCandidateSourceCode
18:42:30.970 [main] INFO  f.i.s.r.p.i.ProjectInspector - BuildProjectBuggyBuildCandidateSourceCode
18:42:30.970 [main] INFO  f.i.s.r.p.i.ProjectInspector - TestProjectBuggyBuildCandidateSourceCode
18:42:30.970 [main] INFO  f.i.s.r.p.i.ProjectInspector - GatherTestInformationBuggyBuildCandidateSourceCode
18:42:30.970 [main] INFO  f.i.s.r.p.i.ProjectInspector - CheckoutBuggyBuildTestCode
18:42:30.971 [main] INFO  f.i.s.r.p.i.ProjectInspector - InitRepoToPush
18:42:30.971 [main] INFO  f.i.s.r.p.i.ProjectInspector - ComputeClasspath
18:42:30.971 [main] INFO  f.i.s.r.p.i.ProjectInspector - ComputeModules
18:42:30.971 [main] INFO  f.i.s.r.p.i.ProjectInspector - CheckoutBuggyBuildCandidateSourceCode
18:42:30.971 [main] INFO  f.i.s.r.p.i.ProjectInspector - CommitChangedTests
18:42:30.971 [main] INFO  f.i.s.r.p.i.ProjectInspector - CheckoutPatchedBuildCandidate
18:42:30.971 [main] INFO  f.i.s.r.p.i.ProjectInspector - BuildProjectPatchedBuildCandidate
18:42:30.971 [main] INFO  f.i.s.r.p.i.ProjectInspector - TestProjectPatchedBuildCandidate
18:42:30.972 [main] INFO  f.i.s.r.p.i.ProjectInspector - GatherTestInformationPatchedBuildCandidate
18:42:30.972 [main] INFO  f.i.s.r.p.i.ProjectInspector - CommitPatch
18:42:30.972 [main] INFO  f.i.s.r.p.i.ProjectInspector - WritePropertyFile
18:42:30.972 [main] INFO  f.i.s.r.p.i.ProjectInspector - CommitProcessEnd
18:42:30.972 [main] INFO  f.i.s.r.p.i.ProjectInspector - PushProcessEnd
18:42:30.974 [main] DEBUG f.i.s.r.process.step.CloneRepository - ----------------------------------------------------------------------
18:42:30.975 [main] DEBUG f.i.s.r.process.step.CloneRepository - STEP 1/22: CloneRepository
18:42:30.975 [main] DEBUG f.i.s.r.process.step.CloneRepository - ----------------------------------------------------------------------
18:42:30.975 [main] DEBUG f.i.s.r.process.step.CloneRepository - Cloning repository runelite/runelite in the following directory: ./workspace/runelite/runelite/371258133
18:42:42.585 [main] DEBUG f.i.s.r.process.step.CloneRepository - STEP STATUS: [ CloneRepository : SUCCESS ]
18:42:42.586 [main] DEBUG f.i.s.r.process.step.CloneRepository - STEP DURATION: 11s
18:42:42.586 [main] DEBUG f.i.s.r.process.step.CloneRepository - EXECUTE NEXT STEP
18:42:42.587 [main] DEBUG f.i.s.r.p.s.c.CheckoutPatchedBuild - ----------------------------------------------------------------------
18:42:42.587 [main] DEBUG f.i.s.r.p.s.c.CheckoutPatchedBuild - STEP 2/22: CheckoutPatchedBuildCandidate
18:42:42.587 [main] DEBUG f.i.s.r.p.s.c.CheckoutPatchedBuild - ----------------------------------------------------------------------
18:42:42.587 [main] DEBUG f.i.s.r.p.s.c.CheckoutPatchedBuild - Checking out patched build candidate...
18:42:42.927 [main] INFO  fr.inria.jtravis.JTravis - GitHub ratelimit: Limit: 5000 Remaining: 4325 Reset hour: 19:42:47
18:42:43.520 [main] WARN  f.i.j.helpers.PullRequestHelper - The head repository is null: maybe it has been deleted from GitHub
18:42:43.521 [main] ERROR f.i.s.r.p.s.c.CheckoutPatchedBuild - Error while getting PR information.
18:42:43.522 [main] DEBUG f.i.s.r.p.s.c.CheckoutPatchedBuild - STEP STATUS: [ CheckoutPatchedBuildCandidate : FAILURE ( BUILDNOTCHECKEDOUT ) ]
18:42:43.522 [main] DEBUG f.i.s.r.p.s.c.CheckoutPatchedBuild - STEP DURATION: 0s
18:42:43.523 [main] DEBUG f.i.s.r.p.s.c.CheckoutPatchedBuild - TERMINATE PIPELINE
18:42:43.524 [main] DEBUG f.i.s.r.p.s.c.CheckoutPatchedBuild - FINAL STEPS SKIPPED: The reproduction of the bug and/or the patch failed.
18:42:43.524 [main] INFO  f.i.s.r.p.s.c.CheckoutPatchedBuild - Serialize all data for the pair of builds 371258133, 371858717
18:42:43.646 [main] INFO  fr.inria.jtravis.JTravis - GitHub ratelimit: Limit: 5000 Remaining: 4323 Reset hour: 19:42:47
18:42:44.439 [main] INFO  f.i.s.r.p.i.ProjectInspector - ----------------------------------------------------------------------
18:42:44.439 [main] INFO  f.i.s.r.p.i.ProjectInspector - PIPELINE EXECUTION SUMMARY
18:42:44.439 [main] INFO  f.i.s.r.p.i.ProjectInspector - ----------------------------------------------------------------------
18:42:44.440 [main] INFO  f.i.s.r.p.i.ProjectInspector - CloneRepository.......................................SUCCESS [ 11 s ]
18:42:44.440 [main] INFO  f.i.s.r.p.i.ProjectInspector - CheckoutPatchedBuildCandidate.........................FAILURE [  0 s ]
18:42:44.440 [main] INFO  f.i.s.r.p.i.ProjectInspector - ComputeSourceDir......................................NOT RUN         
18:42:44.440 [main] INFO  f.i.s.r.p.i.ProjectInspector - ComputeTestDir........................................NOT RUN         
18:42:44.441 [main] INFO  f.i.s.r.p.i.ProjectInspector - CheckoutBuggyBuildCandidateSourceCode.................NOT RUN         
18:42:44.441 [main] INFO  f.i.s.r.p.i.ProjectInspector - BuildProjectBuggyBuildCandidateSourceCode.............NOT RUN         
18:42:44.441 [main] INFO  f.i.s.r.p.i.ProjectInspector - TestProjectBuggyBuildCandidateSourceCode..............NOT RUN         
18:42:44.441 [main] INFO  f.i.s.r.p.i.ProjectInspector - GatherTestInformationBuggyBuildCandidateSourceCode....NOT RUN         
18:42:44.441 [main] INFO  f.i.s.r.p.i.ProjectInspector - CheckoutBuggyBuildTestCode............................NOT RUN         
18:42:44.441 [main] INFO  f.i.s.r.p.i.ProjectInspector - InitRepoToPush........................................NOT RUN         
18:42:44.442 [main] INFO  f.i.s.r.p.i.ProjectInspector - ComputeClasspath......................................NOT RUN         
18:42:44.442 [main] INFO  f.i.s.r.p.i.ProjectInspector - ComputeModules........................................NOT RUN         
18:42:44.442 [main] INFO  f.i.s.r.p.i.ProjectInspector - CheckoutBuggyBuildCandidateSourceCode.................NOT RUN         
18:42:44.442 [main] INFO  f.i.s.r.p.i.ProjectInspector - CommitChangedTests....................................NOT RUN         
18:42:44.442 [main] INFO  f.i.s.r.p.i.ProjectInspector - CheckoutPatchedBuildCandidate.........................NOT RUN         
18:42:44.442 [main] INFO  f.i.s.r.p.i.ProjectInspector - BuildProjectPatchedBuildCandidate.....................NOT RUN         
18:42:44.443 [main] INFO  f.i.s.r.p.i.ProjectInspector - TestProjectPatchedBuildCandidate......................NOT RUN         
18:42:44.443 [main] INFO  f.i.s.r.p.i.ProjectInspector - GatherTestInformationPatchedBuildCandidate............NOT RUN         
18:42:44.443 [main] INFO  f.i.s.r.p.i.ProjectInspector - CommitPatch...........................................NOT RUN         
18:42:44.443 [main] INFO  f.i.s.r.p.i.ProjectInspector - WritePropertyFile.....................................NOT RUN         
18:42:44.443 [main] INFO  f.i.s.r.p.i.ProjectInspector - CommitProcessEnd......................................NOT RUN         
18:42:44.443 [main] INFO  f.i.s.r.p.i.ProjectInspector - PushProcessEnd........................................NOT RUN         
18:42:44.443 [main] INFO  f.i.s.r.p.i.ProjectInspector - ----------------------------------------------------------------------
18:42:44.443 [main] INFO  f.i.s.r.p.i.ProjectInspector - PIPELINE FINDING: BUILDNOTCHECKEDOUT
18:42:44.444 [main] INFO  f.i.s.r.p.i.ProjectInspector - ----------------------------------------------------------------------
18:42:44.444 [main] INFO  f.i.s.repairnator.pipeline.Launcher - Inspector is finished. The process will exit now.
