14:12:31.688 [main] INFO  f.i.s.repairnator.pipeline.Launcher - PIPELINE VERSION: 3.0-2018-08-09 19:04
14:12:31.810 [main] INFO  f.i.s.repairnator.pipeline.Launcher - The pipeline will try to reproduce a bug from build 372473859 and its corresponding patch from build 372818926
14:12:31.810 [main] INFO  f.i.s.repairnator.pipeline.Launcher - Initialize file serializer engines.
14:12:31.812 [main] INFO  f.i.s.repairnator.pipeline.Launcher - MongoDB won't be used for serialization.
14:12:31.812 [main] INFO  f.i.s.repairnator.pipeline.Launcher - The email notifier engine won't be used.
14:12:31.815 [main] INFO  f.i.s.repairnator.pipeline.Launcher - Start by getting the build (buildId: 372473859) with the following config: RepairnatorConfig{runId='7f781b86-edd9-4c2c-8d35-0759e20819d2_04-18-week4-PASSING_AND_PASSING', launcherMode=BEARS, serializeJson=true, inputPath='null', outputPath='/var/log', mongodbHost='null', mongodbName='repairnator', smtpServer='null', notifyTo=[], notifyEndProcess=false, push=true, pushRemoteRepo='https://github.com/fermadeiral/bears-collection-pp', fork=false, lookFromDate=null, lookToDate=null, buildId=372473859, z3solverPath='./z3_for_linux', workspacePath='./workspace', githubToken='c8a341a903[...]', dockerImageName='null', skipDelete=false, createOutputDir=false, logDirectory='null', nbThreads=0, globalTimeout=0, whiteList=null, blackList=null, jobSleepTime=0, buildSleepTime=0, maxInspectedBuilds=0, duration=null, humanPatch=false, repository='null', clean=true, bearsMode=BOTH, bearsDelimiter = false, repairTools=NopolAllTests,NPEFix,AssertFixer,AstorJGenProg,AstorJKali,NopolSingleTest,AstorJMut,NopolTestExclusionStrategy, githubUserName= fermadeiral, githubUserEmail=fer.madeiral@gmail.com}
14:12:33.074 [main] DEBUG fr.inria.jtravis.helpers.BuildHelper - Get request to :https://api.travis-ci.org/build/372473859 done after 791 ms
14:12:33.321 [main] DEBUG fr.inria.jtravis.helpers.BuildHelper - Get request to :https://api.travis-ci.org/build/372818926 done after 147 ms
14:12:33.332 [main] INFO  f.i.s.repairnator.pipeline.Launcher - The patched build (372818926) was successfully retrieved from Travis.
14:12:34.390 [main] INFO  fr.inria.jtravis.JTravis - GitHub ratelimit: Limit: 5000 Remaining: 4941 Reset hour: 19:42:32
14:12:34.636 [main] INFO  f.i.s.r.p.i.ProjectInspector - ----------------------------------------------------------------------
14:12:34.637 [main] INFO  f.i.s.r.p.i.ProjectInspector - PIPELINE STEPS
14:12:34.637 [main] INFO  f.i.s.r.p.i.ProjectInspector - ----------------------------------------------------------------------
14:12:34.637 [main] INFO  f.i.s.r.p.i.ProjectInspector - CloneRepository
14:12:34.637 [main] INFO  f.i.s.r.p.i.ProjectInspector - CheckoutPatchedBuildCandidate
14:12:34.637 [main] INFO  f.i.s.r.p.i.ProjectInspector - ComputeSourceDir
14:12:34.638 [main] INFO  f.i.s.r.p.i.ProjectInspector - ComputeTestDir
14:12:34.638 [main] INFO  f.i.s.r.p.i.ProjectInspector - CheckoutBuggyBuildCandidateSourceCode
14:12:34.638 [main] INFO  f.i.s.r.p.i.ProjectInspector - BuildProjectBuggyBuildCandidateSourceCode
14:12:34.638 [main] INFO  f.i.s.r.p.i.ProjectInspector - TestProjectBuggyBuildCandidateSourceCode
14:12:34.638 [main] INFO  f.i.s.r.p.i.ProjectInspector - GatherTestInformationBuggyBuildCandidateSourceCode
14:12:34.639 [main] INFO  f.i.s.r.p.i.ProjectInspector - CheckoutBuggyBuildTestCode
14:12:34.639 [main] INFO  f.i.s.r.p.i.ProjectInspector - InitRepoToPush
14:12:34.639 [main] INFO  f.i.s.r.p.i.ProjectInspector - ComputeClasspath
14:12:34.639 [main] INFO  f.i.s.r.p.i.ProjectInspector - ComputeModules
14:12:34.639 [main] INFO  f.i.s.r.p.i.ProjectInspector - CheckoutBuggyBuildCandidateSourceCode
14:12:34.639 [main] INFO  f.i.s.r.p.i.ProjectInspector - CommitChangedTests
14:12:34.639 [main] INFO  f.i.s.r.p.i.ProjectInspector - CheckoutPatchedBuildCandidate
14:12:34.639 [main] INFO  f.i.s.r.p.i.ProjectInspector - BuildProjectPatchedBuildCandidate
14:12:34.640 [main] INFO  f.i.s.r.p.i.ProjectInspector - TestProjectPatchedBuildCandidate
14:12:34.640 [main] INFO  f.i.s.r.p.i.ProjectInspector - GatherTestInformationPatchedBuildCandidate
14:12:34.640 [main] INFO  f.i.s.r.p.i.ProjectInspector - CommitPatch
14:12:34.640 [main] INFO  f.i.s.r.p.i.ProjectInspector - WritePropertyFile
14:12:34.641 [main] INFO  f.i.s.r.p.i.ProjectInspector - CommitProcessEnd
14:12:34.641 [main] INFO  f.i.s.r.p.i.ProjectInspector - PushProcessEnd
14:12:34.641 [main] DEBUG f.i.s.r.process.step.CloneRepository - ----------------------------------------------------------------------
14:12:34.642 [main] DEBUG f.i.s.r.process.step.CloneRepository - STEP 1/22: CloneRepository
14:12:34.642 [main] DEBUG f.i.s.r.process.step.CloneRepository - ----------------------------------------------------------------------
14:12:34.642 [main] DEBUG f.i.s.r.process.step.CloneRepository - Cloning repository prestodb/presto in the following directory: ./workspace/prestodb/presto/372473859
14:13:20.031 [main] DEBUG f.i.s.r.process.step.CloneRepository - STEP STATUS: [ CloneRepository : SUCCESS ]
14:13:20.032 [main] DEBUG f.i.s.r.process.step.CloneRepository - STEP DURATION: 45s
14:13:20.032 [main] DEBUG f.i.s.r.process.step.CloneRepository - EXECUTE NEXT STEP
14:13:20.032 [main] DEBUG f.i.s.r.p.s.c.CheckoutPatchedBuild - ----------------------------------------------------------------------
14:13:20.032 [main] DEBUG f.i.s.r.p.s.c.CheckoutPatchedBuild - STEP 2/22: CheckoutPatchedBuildCandidate
14:13:20.033 [main] DEBUG f.i.s.r.p.s.c.CheckoutPatchedBuild - ----------------------------------------------------------------------
14:13:20.033 [main] DEBUG f.i.s.r.p.s.c.CheckoutPatchedBuild - Checking out patched build candidate...
14:13:20.381 [main] INFO  fr.inria.jtravis.JTravis - GitHub ratelimit: Limit: 5000 Remaining: 4936 Reset hour: 19:42:32
14:13:22.765 [main] DEBUG f.i.s.r.p.s.c.CheckoutPatchedBuild - Reproduce the PR for prestodb/presto by fetching remote branch and merging.
14:13:26.767 [main] ERROR f.i.s.r.p.s.c.CheckoutPatchedBuild - Error while testing commit: org.eclipse.jgit.errors.MissingObjectException: Missing unknown 6adb2cb041d3191a661060acf5004a7cfc270e24
14:13:26.768 [main] ERROR f.i.s.r.p.s.c.CheckoutPatchedBuild - Commit head ref cannot be retrieved from the repository: 6adb2cb041d3191a661060acf5004a7cfc270e24. Operation aborted.
14:13:26.768 [main] ERROR f.i.s.r.p.s.c.CheckoutPatchedBuild - Error while merging two commits to reproduce the PR.
14:13:26.769 [main] DEBUG f.i.s.r.p.s.c.CheckoutPatchedBuild - STEP STATUS: [ CheckoutPatchedBuildCandidate : FAILURE ( BUILDNOTCHECKEDOUT ) ]
14:13:26.769 [main] DEBUG f.i.s.r.p.s.c.CheckoutPatchedBuild - STEP DURATION: 6s
14:13:26.769 [main] DEBUG f.i.s.r.p.s.c.CheckoutPatchedBuild - TERMINATE PIPELINE
14:13:26.770 [main] DEBUG f.i.s.r.p.s.c.CheckoutPatchedBuild - FINAL STEPS SKIPPED: The reproduction of the bug and/or the patch failed.
14:13:26.770 [main] INFO  f.i.s.r.p.s.c.CheckoutPatchedBuild - Serialize all data for the pair of builds 372473859, 372818926
14:13:26.890 [main] INFO  fr.inria.jtravis.JTravis - GitHub ratelimit: Limit: 5000 Remaining: 4929 Reset hour: 19:42:32
14:13:28.256 [main] INFO  f.i.s.r.p.i.ProjectInspector - ----------------------------------------------------------------------
14:13:28.256 [main] INFO  f.i.s.r.p.i.ProjectInspector - PIPELINE EXECUTION SUMMARY
14:13:28.256 [main] INFO  f.i.s.r.p.i.ProjectInspector - ----------------------------------------------------------------------
14:13:28.257 [main] INFO  f.i.s.r.p.i.ProjectInspector - CloneRepository.......................................SUCCESS [ 45 s ]
14:13:28.257 [main] INFO  f.i.s.r.p.i.ProjectInspector - CheckoutPatchedBuildCandidate.........................FAILURE [  6 s ]
14:13:28.257 [main] INFO  f.i.s.r.p.i.ProjectInspector - ComputeSourceDir......................................NOT RUN         
14:13:28.257 [main] INFO  f.i.s.r.p.i.ProjectInspector - ComputeTestDir........................................NOT RUN         
14:13:28.258 [main] INFO  f.i.s.r.p.i.ProjectInspector - CheckoutBuggyBuildCandidateSourceCode.................NOT RUN         
14:13:28.258 [main] INFO  f.i.s.r.p.i.ProjectInspector - BuildProjectBuggyBuildCandidateSourceCode.............NOT RUN         
14:13:28.258 [main] INFO  f.i.s.r.p.i.ProjectInspector - TestProjectBuggyBuildCandidateSourceCode..............NOT RUN         
14:13:28.258 [main] INFO  f.i.s.r.p.i.ProjectInspector - GatherTestInformationBuggyBuildCandidateSourceCode....NOT RUN         
14:13:28.258 [main] INFO  f.i.s.r.p.i.ProjectInspector - CheckoutBuggyBuildTestCode............................NOT RUN         
14:13:28.258 [main] INFO  f.i.s.r.p.i.ProjectInspector - InitRepoToPush........................................NOT RUN         
14:13:28.258 [main] INFO  f.i.s.r.p.i.ProjectInspector - ComputeClasspath......................................NOT RUN         
14:13:28.259 [main] INFO  f.i.s.r.p.i.ProjectInspector - ComputeModules........................................NOT RUN         
14:13:28.259 [main] INFO  f.i.s.r.p.i.ProjectInspector - CheckoutBuggyBuildCandidateSourceCode.................NOT RUN         
14:13:28.259 [main] INFO  f.i.s.r.p.i.ProjectInspector - CommitChangedTests....................................NOT RUN         
14:13:28.259 [main] INFO  f.i.s.r.p.i.ProjectInspector - CheckoutPatchedBuildCandidate.........................NOT RUN         
14:13:28.259 [main] INFO  f.i.s.r.p.i.ProjectInspector - BuildProjectPatchedBuildCandidate.....................NOT RUN         
14:13:28.259 [main] INFO  f.i.s.r.p.i.ProjectInspector - TestProjectPatchedBuildCandidate......................NOT RUN         
14:13:28.260 [main] INFO  f.i.s.r.p.i.ProjectInspector - GatherTestInformationPatchedBuildCandidate............NOT RUN         
14:13:28.260 [main] INFO  f.i.s.r.p.i.ProjectInspector - CommitPatch...........................................NOT RUN         
14:13:28.260 [main] INFO  f.i.s.r.p.i.ProjectInspector - WritePropertyFile.....................................NOT RUN         
14:13:28.260 [main] INFO  f.i.s.r.p.i.ProjectInspector - CommitProcessEnd......................................NOT RUN         
14:13:28.260 [main] INFO  f.i.s.r.p.i.ProjectInspector - PushProcessEnd........................................NOT RUN         
14:13:28.260 [main] INFO  f.i.s.r.p.i.ProjectInspector - ----------------------------------------------------------------------
14:13:28.260 [main] INFO  f.i.s.r.p.i.ProjectInspector - PIPELINE FINDING: BUILDNOTCHECKEDOUT
14:13:28.261 [main] INFO  f.i.s.r.p.i.ProjectInspector - ----------------------------------------------------------------------
14:13:28.261 [main] INFO  f.i.s.repairnator.pipeline.Launcher - Inspector is finished. The process will exit now.
