18:11:01.164 [main] INFO  f.i.s.repairnator.pipeline.Launcher - PIPELINE VERSION: 3.0-2018-08-09 19:04
18:11:01.271 [main] INFO  f.i.s.repairnator.pipeline.Launcher - The pipeline will try to reproduce a bug from build 371340720 and its corresponding patch from build 371342657
18:11:01.271 [main] INFO  f.i.s.repairnator.pipeline.Launcher - Initialize file serializer engines.
18:11:01.273 [main] INFO  f.i.s.repairnator.pipeline.Launcher - MongoDB won't be used for serialization.
18:11:01.273 [main] INFO  f.i.s.repairnator.pipeline.Launcher - The email notifier engine won't be used.
18:11:01.276 [main] INFO  f.i.s.repairnator.pipeline.Launcher - Start by getting the build (buildId: 371340720) with the following config: RepairnatorConfig{runId='7f781b86-edd9-4c2c-8d35-0759e20819d2_04-18-week4-PASSING_AND_PASSING', launcherMode=BEARS, serializeJson=true, inputPath='null', outputPath='/var/log', mongodbHost='null', mongodbName='repairnator', smtpServer='null', notifyTo=[], notifyEndProcess=false, push=true, pushRemoteRepo='https://github.com/fermadeiral/bears-collection-pp', fork=false, lookFromDate=null, lookToDate=null, buildId=371340720, z3solverPath='./z3_for_linux', workspacePath='./workspace', githubToken='c8a341a903[...]', dockerImageName='null', skipDelete=false, createOutputDir=false, logDirectory='null', nbThreads=0, globalTimeout=0, whiteList=null, blackList=null, jobSleepTime=0, buildSleepTime=0, maxInspectedBuilds=0, duration=null, humanPatch=false, repository='null', clean=true, bearsMode=BOTH, bearsDelimiter = false, repairTools=NopolAllTests,NPEFix,AssertFixer,AstorJGenProg,AstorJKali,NopolSingleTest,AstorJMut,NopolTestExclusionStrategy, githubUserName= fermadeiral, githubUserEmail=fer.madeiral@gmail.com}
18:11:02.604 [main] DEBUG fr.inria.jtravis.helpers.BuildHelper - Get request to :https://api.travis-ci.org/build/371340720 done after 920 ms
18:11:03.167 [main] DEBUG fr.inria.jtravis.helpers.BuildHelper - Get request to :https://api.travis-ci.org/build/371342657 done after 475 ms
18:11:03.176 [main] INFO  f.i.s.repairnator.pipeline.Launcher - The patched build (371342657) was successfully retrieved from Travis.
18:11:04.182 [main] INFO  fr.inria.jtravis.JTravis - GitHub ratelimit: Limit: 5000 Remaining: 4909 Reset hour: 19:42:47
18:11:04.462 [main] INFO  f.i.s.r.p.i.ProjectInspector - ----------------------------------------------------------------------
18:11:04.462 [main] INFO  f.i.s.r.p.i.ProjectInspector - PIPELINE STEPS
18:11:04.462 [main] INFO  f.i.s.r.p.i.ProjectInspector - ----------------------------------------------------------------------
18:11:04.462 [main] INFO  f.i.s.r.p.i.ProjectInspector - CloneRepository
18:11:04.462 [main] INFO  f.i.s.r.p.i.ProjectInspector - CheckoutPatchedBuildCandidate
18:11:04.462 [main] INFO  f.i.s.r.p.i.ProjectInspector - ComputeSourceDir
18:11:04.463 [main] INFO  f.i.s.r.p.i.ProjectInspector - ComputeTestDir
18:11:04.463 [main] INFO  f.i.s.r.p.i.ProjectInspector - CheckoutBuggyBuildCandidateSourceCode
18:11:04.463 [main] INFO  f.i.s.r.p.i.ProjectInspector - BuildProjectBuggyBuildCandidateSourceCode
18:11:04.463 [main] INFO  f.i.s.r.p.i.ProjectInspector - TestProjectBuggyBuildCandidateSourceCode
18:11:04.463 [main] INFO  f.i.s.r.p.i.ProjectInspector - GatherTestInformationBuggyBuildCandidateSourceCode
18:11:04.463 [main] INFO  f.i.s.r.p.i.ProjectInspector - CheckoutBuggyBuildTestCode
18:11:04.463 [main] INFO  f.i.s.r.p.i.ProjectInspector - InitRepoToPush
18:11:04.464 [main] INFO  f.i.s.r.p.i.ProjectInspector - ComputeClasspath
18:11:04.464 [main] INFO  f.i.s.r.p.i.ProjectInspector - ComputeModules
18:11:04.464 [main] INFO  f.i.s.r.p.i.ProjectInspector - CheckoutBuggyBuildCandidateSourceCode
18:11:04.464 [main] INFO  f.i.s.r.p.i.ProjectInspector - CommitChangedTests
18:11:04.464 [main] INFO  f.i.s.r.p.i.ProjectInspector - CheckoutPatchedBuildCandidate
18:11:04.464 [main] INFO  f.i.s.r.p.i.ProjectInspector - BuildProjectPatchedBuildCandidate
18:11:04.464 [main] INFO  f.i.s.r.p.i.ProjectInspector - TestProjectPatchedBuildCandidate
18:11:04.465 [main] INFO  f.i.s.r.p.i.ProjectInspector - GatherTestInformationPatchedBuildCandidate
18:11:04.465 [main] INFO  f.i.s.r.p.i.ProjectInspector - CommitPatch
18:11:04.465 [main] INFO  f.i.s.r.p.i.ProjectInspector - WritePropertyFile
18:11:04.465 [main] INFO  f.i.s.r.p.i.ProjectInspector - CommitProcessEnd
18:11:04.465 [main] INFO  f.i.s.r.p.i.ProjectInspector - PushProcessEnd
18:11:04.466 [main] DEBUG f.i.s.r.process.step.CloneRepository - ----------------------------------------------------------------------
18:11:04.472 [main] DEBUG f.i.s.r.process.step.CloneRepository - STEP 1/22: CloneRepository
18:11:04.472 [main] DEBUG f.i.s.r.process.step.CloneRepository - ----------------------------------------------------------------------
18:11:04.472 [main] DEBUG f.i.s.r.process.step.CloneRepository - Cloning repository batfish/batfish in the following directory: ./workspace/batfish/batfish/371340720
18:11:54.465 [main] DEBUG f.i.s.r.process.step.CloneRepository - STEP STATUS: [ CloneRepository : SUCCESS ]
18:11:54.465 [main] DEBUG f.i.s.r.process.step.CloneRepository - STEP DURATION: 49s
18:11:54.466 [main] DEBUG f.i.s.r.process.step.CloneRepository - EXECUTE NEXT STEP
18:11:54.466 [main] DEBUG f.i.s.r.p.s.c.CheckoutPatchedBuild - ----------------------------------------------------------------------
18:11:54.466 [main] DEBUG f.i.s.r.p.s.c.CheckoutPatchedBuild - STEP 2/22: CheckoutPatchedBuildCandidate
18:11:54.466 [main] DEBUG f.i.s.r.p.s.c.CheckoutPatchedBuild - ----------------------------------------------------------------------
18:11:54.467 [main] DEBUG f.i.s.r.p.s.c.CheckoutPatchedBuild - Checking out patched build candidate...
18:11:54.481 [main] ERROR f.i.s.r.p.s.c.CheckoutPatchedBuild - Error while testing commit: org.eclipse.jgit.errors.MissingObjectException: Missing unknown 76231feb11e07d31a6d037750d1646d608085cdc
18:11:54.482 [main] ERROR f.i.s.r.p.s.c.CheckoutPatchedBuild - Error while getting the commit to checkout from the repo.
18:11:54.483 [main] DEBUG f.i.s.r.p.s.c.CheckoutPatchedBuild - STEP STATUS: [ CheckoutPatchedBuildCandidate : FAILURE ( BUILDNOTCHECKEDOUT ) ]
18:11:54.483 [main] DEBUG f.i.s.r.p.s.c.CheckoutPatchedBuild - STEP DURATION: 0s
18:11:54.483 [main] DEBUG f.i.s.r.p.s.c.CheckoutPatchedBuild - TERMINATE PIPELINE
18:11:54.483 [main] DEBUG f.i.s.r.p.s.c.CheckoutPatchedBuild - FINAL STEPS SKIPPED: The reproduction of the bug and/or the patch failed.
18:11:54.483 [main] INFO  f.i.s.r.p.s.c.CheckoutPatchedBuild - Serialize all data for the pair of builds 371340720, 371342657
18:11:54.788 [main] INFO  fr.inria.jtravis.JTravis - GitHub ratelimit: Limit: 5000 Remaining: 4884 Reset hour: 19:42:47
18:11:55.636 [main] INFO  f.i.s.r.p.i.ProjectInspector - ----------------------------------------------------------------------
18:11:55.636 [main] INFO  f.i.s.r.p.i.ProjectInspector - PIPELINE EXECUTION SUMMARY
18:11:55.636 [main] INFO  f.i.s.r.p.i.ProjectInspector - ----------------------------------------------------------------------
18:11:55.636 [main] INFO  f.i.s.r.p.i.ProjectInspector - CloneRepository.......................................SUCCESS [ 49 s ]
18:11:55.636 [main] INFO  f.i.s.r.p.i.ProjectInspector - CheckoutPatchedBuildCandidate.........................FAILURE [  0 s ]
18:11:55.636 [main] INFO  f.i.s.r.p.i.ProjectInspector - ComputeSourceDir......................................NOT RUN         
18:11:55.637 [main] INFO  f.i.s.r.p.i.ProjectInspector - ComputeTestDir........................................NOT RUN         
18:11:55.637 [main] INFO  f.i.s.r.p.i.ProjectInspector - CheckoutBuggyBuildCandidateSourceCode.................NOT RUN         
18:11:55.637 [main] INFO  f.i.s.r.p.i.ProjectInspector - BuildProjectBuggyBuildCandidateSourceCode.............NOT RUN         
18:11:55.637 [main] INFO  f.i.s.r.p.i.ProjectInspector - TestProjectBuggyBuildCandidateSourceCode..............NOT RUN         
18:11:55.639 [main] INFO  f.i.s.r.p.i.ProjectInspector - GatherTestInformationBuggyBuildCandidateSourceCode....NOT RUN         
18:11:55.639 [main] INFO  f.i.s.r.p.i.ProjectInspector - CheckoutBuggyBuildTestCode............................NOT RUN         
18:11:55.640 [main] INFO  f.i.s.r.p.i.ProjectInspector - InitRepoToPush........................................NOT RUN         
18:11:55.640 [main] INFO  f.i.s.r.p.i.ProjectInspector - ComputeClasspath......................................NOT RUN         
18:11:55.640 [main] INFO  f.i.s.r.p.i.ProjectInspector - ComputeModules........................................NOT RUN         
18:11:55.640 [main] INFO  f.i.s.r.p.i.ProjectInspector - CheckoutBuggyBuildCandidateSourceCode.................NOT RUN         
18:11:55.640 [main] INFO  f.i.s.r.p.i.ProjectInspector - CommitChangedTests....................................NOT RUN         
18:11:55.640 [main] INFO  f.i.s.r.p.i.ProjectInspector - CheckoutPatchedBuildCandidate.........................NOT RUN         
18:11:55.640 [main] INFO  f.i.s.r.p.i.ProjectInspector - BuildProjectPatchedBuildCandidate.....................NOT RUN         
18:11:55.641 [main] INFO  f.i.s.r.p.i.ProjectInspector - TestProjectPatchedBuildCandidate......................NOT RUN         
18:11:55.641 [main] INFO  f.i.s.r.p.i.ProjectInspector - GatherTestInformationPatchedBuildCandidate............NOT RUN         
18:11:55.641 [main] INFO  f.i.s.r.p.i.ProjectInspector - CommitPatch...........................................NOT RUN         
18:11:55.641 [main] INFO  f.i.s.r.p.i.ProjectInspector - WritePropertyFile.....................................NOT RUN         
18:11:55.641 [main] INFO  f.i.s.r.p.i.ProjectInspector - CommitProcessEnd......................................NOT RUN         
18:11:55.641 [main] INFO  f.i.s.r.p.i.ProjectInspector - PushProcessEnd........................................NOT RUN         
18:11:55.641 [main] INFO  f.i.s.r.p.i.ProjectInspector - ----------------------------------------------------------------------
18:11:55.641 [main] INFO  f.i.s.r.p.i.ProjectInspector - PIPELINE FINDING: BUILDNOTCHECKEDOUT
18:11:55.641 [main] INFO  f.i.s.r.p.i.ProjectInspector - ----------------------------------------------------------------------
18:11:55.641 [main] INFO  f.i.s.repairnator.pipeline.Launcher - Inspector is finished. The process will exit now.
