18:05:50.637 [main] INFO  f.i.s.repairnator.pipeline.Launcher - PIPELINE VERSION: 3.0-2018-08-09 19:04
18:05:50.814 [main] INFO  f.i.s.repairnator.pipeline.Launcher - The pipeline will try to reproduce a bug from build 372139914 and its corresponding patch from build 372141275
18:05:50.815 [main] INFO  f.i.s.repairnator.pipeline.Launcher - Initialize file serializer engines.
18:05:50.818 [main] INFO  f.i.s.repairnator.pipeline.Launcher - MongoDB won't be used for serialization.
18:05:50.818 [main] INFO  f.i.s.repairnator.pipeline.Launcher - The email notifier engine won't be used.
18:05:50.822 [main] INFO  f.i.s.repairnator.pipeline.Launcher - Start by getting the build (buildId: 372139914) with the following config: RepairnatorConfig{runId='7f781b86-edd9-4c2c-8d35-0759e20819d2_04-18-week4-PASSING_AND_PASSING', launcherMode=BEARS, serializeJson=true, inputPath='null', outputPath='/var/log', mongodbHost='null', mongodbName='repairnator', smtpServer='null', notifyTo=[], notifyEndProcess=false, push=true, pushRemoteRepo='https://github.com/fermadeiral/bears-collection-pp', fork=false, lookFromDate=null, lookToDate=null, buildId=372139914, z3solverPath='./z3_for_linux', workspacePath='./workspace', githubToken='c8a341a903[...]', dockerImageName='null', skipDelete=false, createOutputDir=false, logDirectory='null', nbThreads=0, globalTimeout=0, whiteList=null, blackList=null, jobSleepTime=0, buildSleepTime=0, maxInspectedBuilds=0, duration=null, humanPatch=false, repository='null', clean=true, bearsMode=BOTH, bearsDelimiter = false, repairTools=NopolAllTests,NPEFix,AssertFixer,AstorJGenProg,AstorJKali,NopolSingleTest,AstorJMut,NopolTestExclusionStrategy, githubUserName= fermadeiral, githubUserEmail=fer.madeiral@gmail.com}
18:05:52.249 [main] DEBUG fr.inria.jtravis.helpers.BuildHelper - Get request to :https://api.travis-ci.org/build/372139914 done after 881 ms
18:05:52.527 [main] DEBUG fr.inria.jtravis.helpers.BuildHelper - Get request to :https://api.travis-ci.org/build/372141275 done after 141 ms
18:05:52.549 [main] INFO  f.i.s.repairnator.pipeline.Launcher - The patched build (372141275) was successfully retrieved from Travis.
18:05:53.924 [main] INFO  fr.inria.jtravis.JTravis - GitHub ratelimit: Limit: 5000 Remaining: 4980 Reset hour: 19:42:47
18:05:54.265 [main] INFO  f.i.s.r.p.i.ProjectInspector - ----------------------------------------------------------------------
18:05:54.265 [main] INFO  f.i.s.r.p.i.ProjectInspector - PIPELINE STEPS
18:05:54.266 [main] INFO  f.i.s.r.p.i.ProjectInspector - ----------------------------------------------------------------------
18:05:54.266 [main] INFO  f.i.s.r.p.i.ProjectInspector - CloneRepository
18:05:54.266 [main] INFO  f.i.s.r.p.i.ProjectInspector - CheckoutPatchedBuildCandidate
18:05:54.267 [main] INFO  f.i.s.r.p.i.ProjectInspector - ComputeSourceDir
18:05:54.267 [main] INFO  f.i.s.r.p.i.ProjectInspector - ComputeTestDir
18:05:54.267 [main] INFO  f.i.s.r.p.i.ProjectInspector - CheckoutBuggyBuildCandidateSourceCode
18:05:54.267 [main] INFO  f.i.s.r.p.i.ProjectInspector - BuildProjectBuggyBuildCandidateSourceCode
18:05:54.268 [main] INFO  f.i.s.r.p.i.ProjectInspector - TestProjectBuggyBuildCandidateSourceCode
18:05:54.268 [main] INFO  f.i.s.r.p.i.ProjectInspector - GatherTestInformationBuggyBuildCandidateSourceCode
18:05:54.268 [main] INFO  f.i.s.r.p.i.ProjectInspector - CheckoutBuggyBuildTestCode
18:05:54.268 [main] INFO  f.i.s.r.p.i.ProjectInspector - InitRepoToPush
18:05:54.268 [main] INFO  f.i.s.r.p.i.ProjectInspector - ComputeClasspath
18:05:54.269 [main] INFO  f.i.s.r.p.i.ProjectInspector - ComputeModules
18:05:54.269 [main] INFO  f.i.s.r.p.i.ProjectInspector - CheckoutBuggyBuildCandidateSourceCode
18:05:54.269 [main] INFO  f.i.s.r.p.i.ProjectInspector - CommitChangedTests
18:05:54.269 [main] INFO  f.i.s.r.p.i.ProjectInspector - CheckoutPatchedBuildCandidate
18:05:54.270 [main] INFO  f.i.s.r.p.i.ProjectInspector - BuildProjectPatchedBuildCandidate
18:05:54.270 [main] INFO  f.i.s.r.p.i.ProjectInspector - TestProjectPatchedBuildCandidate
18:05:54.270 [main] INFO  f.i.s.r.p.i.ProjectInspector - GatherTestInformationPatchedBuildCandidate
18:05:54.271 [main] INFO  f.i.s.r.p.i.ProjectInspector - CommitPatch
18:05:54.271 [main] INFO  f.i.s.r.p.i.ProjectInspector - WritePropertyFile
18:05:54.271 [main] INFO  f.i.s.r.p.i.ProjectInspector - CommitProcessEnd
18:05:54.271 [main] INFO  f.i.s.r.p.i.ProjectInspector - PushProcessEnd
18:05:54.272 [main] DEBUG f.i.s.r.process.step.CloneRepository - ----------------------------------------------------------------------
18:05:54.272 [main] DEBUG f.i.s.r.process.step.CloneRepository - STEP 1/22: CloneRepository
18:05:54.273 [main] DEBUG f.i.s.r.process.step.CloneRepository - ----------------------------------------------------------------------
18:05:54.273 [main] DEBUG f.i.s.r.process.step.CloneRepository - Cloning repository batfish/batfish in the following directory: ./workspace/batfish/batfish/372139914
18:06:47.134 [main] DEBUG f.i.s.r.process.step.CloneRepository - STEP STATUS: [ CloneRepository : SUCCESS ]
18:06:47.135 [main] DEBUG f.i.s.r.process.step.CloneRepository - STEP DURATION: 52s
18:06:47.135 [main] DEBUG f.i.s.r.process.step.CloneRepository - EXECUTE NEXT STEP
18:06:47.135 [main] DEBUG f.i.s.r.p.s.c.CheckoutPatchedBuild - ----------------------------------------------------------------------
18:06:47.135 [main] DEBUG f.i.s.r.p.s.c.CheckoutPatchedBuild - STEP 2/22: CheckoutPatchedBuildCandidate
18:06:47.135 [main] DEBUG f.i.s.r.p.s.c.CheckoutPatchedBuild - ----------------------------------------------------------------------
18:06:47.136 [main] DEBUG f.i.s.r.p.s.c.CheckoutPatchedBuild - Checking out patched build candidate...
18:06:47.506 [main] INFO  fr.inria.jtravis.JTravis - GitHub ratelimit: Limit: 5000 Remaining: 4975 Reset hour: 19:42:47
18:06:49.284 [main] DEBUG f.i.s.r.p.s.c.CheckoutPatchedBuild - Reproduce the PR for batfish/batfish by fetching remote branch and merging.
18:06:49.730 [main] ERROR f.i.s.r.p.s.c.CheckoutPatchedBuild - Error while testing commit: org.eclipse.jgit.errors.MissingObjectException: Missing unknown ca3e3953284396ef2b528ed17670e5aff2f84bad
18:06:49.731 [main] ERROR f.i.s.r.p.s.c.CheckoutPatchedBuild - Commit head ref cannot be retrieved from the repository: ca3e3953284396ef2b528ed17670e5aff2f84bad. Operation aborted.
18:06:49.731 [main] ERROR f.i.s.r.p.s.c.CheckoutPatchedBuild - Error while merging two commits to reproduce the PR.
18:06:49.732 [main] DEBUG f.i.s.r.p.s.c.CheckoutPatchedBuild - STEP STATUS: [ CheckoutPatchedBuildCandidate : FAILURE ( BUILDNOTCHECKEDOUT ) ]
18:06:49.732 [main] DEBUG f.i.s.r.p.s.c.CheckoutPatchedBuild - STEP DURATION: 2s
18:06:49.733 [main] DEBUG f.i.s.r.p.s.c.CheckoutPatchedBuild - TERMINATE PIPELINE
18:06:49.733 [main] DEBUG f.i.s.r.p.s.c.CheckoutPatchedBuild - FINAL STEPS SKIPPED: The reproduction of the bug and/or the patch failed.
18:06:49.733 [main] INFO  f.i.s.r.p.s.c.CheckoutPatchedBuild - Serialize all data for the pair of builds 372139914, 372141275
18:06:49.857 [main] INFO  fr.inria.jtravis.JTravis - GitHub ratelimit: Limit: 5000 Remaining: 4968 Reset hour: 19:42:47
18:06:50.741 [main] INFO  f.i.s.r.p.i.ProjectInspector - ----------------------------------------------------------------------
18:06:50.741 [main] INFO  f.i.s.r.p.i.ProjectInspector - PIPELINE EXECUTION SUMMARY
18:06:50.742 [main] INFO  f.i.s.r.p.i.ProjectInspector - ----------------------------------------------------------------------
18:06:50.742 [main] INFO  f.i.s.r.p.i.ProjectInspector - CloneRepository.......................................SUCCESS [ 52 s ]
18:06:50.742 [main] INFO  f.i.s.r.p.i.ProjectInspector - CheckoutPatchedBuildCandidate.........................FAILURE [  2 s ]
18:06:50.743 [main] INFO  f.i.s.r.p.i.ProjectInspector - ComputeSourceDir......................................NOT RUN         
18:06:50.743 [main] INFO  f.i.s.r.p.i.ProjectInspector - ComputeTestDir........................................NOT RUN         
18:06:50.746 [main] INFO  f.i.s.r.p.i.ProjectInspector - CheckoutBuggyBuildCandidateSourceCode.................NOT RUN         
18:06:50.746 [main] INFO  f.i.s.r.p.i.ProjectInspector - BuildProjectBuggyBuildCandidateSourceCode.............NOT RUN         
18:06:50.747 [main] INFO  f.i.s.r.p.i.ProjectInspector - TestProjectBuggyBuildCandidateSourceCode..............NOT RUN         
18:06:50.747 [main] INFO  f.i.s.r.p.i.ProjectInspector - GatherTestInformationBuggyBuildCandidateSourceCode....NOT RUN         
18:06:50.747 [main] INFO  f.i.s.r.p.i.ProjectInspector - CheckoutBuggyBuildTestCode............................NOT RUN         
18:06:50.747 [main] INFO  f.i.s.r.p.i.ProjectInspector - InitRepoToPush........................................NOT RUN         
18:06:50.748 [main] INFO  f.i.s.r.p.i.ProjectInspector - ComputeClasspath......................................NOT RUN         
18:06:50.748 [main] INFO  f.i.s.r.p.i.ProjectInspector - ComputeModules........................................NOT RUN         
18:06:50.748 [main] INFO  f.i.s.r.p.i.ProjectInspector - CheckoutBuggyBuildCandidateSourceCode.................NOT RUN         
18:06:50.748 [main] INFO  f.i.s.r.p.i.ProjectInspector - CommitChangedTests....................................NOT RUN         
18:06:50.748 [main] INFO  f.i.s.r.p.i.ProjectInspector - CheckoutPatchedBuildCandidate.........................NOT RUN         
18:06:50.749 [main] INFO  f.i.s.r.p.i.ProjectInspector - BuildProjectPatchedBuildCandidate.....................NOT RUN         
18:06:50.749 [main] INFO  f.i.s.r.p.i.ProjectInspector - TestProjectPatchedBuildCandidate......................NOT RUN         
18:06:50.749 [main] INFO  f.i.s.r.p.i.ProjectInspector - GatherTestInformationPatchedBuildCandidate............NOT RUN         
18:06:50.749 [main] INFO  f.i.s.r.p.i.ProjectInspector - CommitPatch...........................................NOT RUN         
18:06:50.750 [main] INFO  f.i.s.r.p.i.ProjectInspector - WritePropertyFile.....................................NOT RUN         
18:06:50.750 [main] INFO  f.i.s.r.p.i.ProjectInspector - CommitProcessEnd......................................NOT RUN         
18:06:50.750 [main] INFO  f.i.s.r.p.i.ProjectInspector - PushProcessEnd........................................NOT RUN         
18:06:50.750 [main] INFO  f.i.s.r.p.i.ProjectInspector - ----------------------------------------------------------------------
18:06:50.750 [main] INFO  f.i.s.r.p.i.ProjectInspector - PIPELINE FINDING: BUILDNOTCHECKEDOUT
18:06:50.751 [main] INFO  f.i.s.r.p.i.ProjectInspector - ----------------------------------------------------------------------
18:06:50.751 [main] INFO  f.i.s.repairnator.pipeline.Launcher - Inspector is finished. The process will exit now.
