14:49:00.650 [main] INFO  f.i.s.repairnator.pipeline.Launcher - PIPELINE VERSION: 3.0-2018-08-09 19:04
14:49:00.818 [main] INFO  f.i.s.repairnator.pipeline.Launcher - The pipeline will try to reproduce a bug from build 330703286 and its corresponding patch from build 330703491
14:49:00.819 [main] INFO  f.i.s.repairnator.pipeline.Launcher - Initialize file serializer engines.
14:49:00.821 [main] INFO  f.i.s.repairnator.pipeline.Launcher - MongoDB won't be used for serialization.
14:49:00.821 [main] INFO  f.i.s.repairnator.pipeline.Launcher - The email notifier engine won't be used.
14:49:00.827 [main] INFO  f.i.s.repairnator.pipeline.Launcher - Start by getting the build (buildId: 330703286) with the following config: RepairnatorConfig{runId='37882099-5e5d-4fae-9744-50be0382c1aa_01-18-week3-PASSING_AND_PASSING', launcherMode=BEARS, serializeJson=true, inputPath='null', outputPath='/var/log', mongodbHost='null', mongodbName='repairnator', smtpServer='null', notifyTo=[], notifyEndProcess=false, push=true, pushRemoteRepo='https://github.com/fermadeiral/bears-collection-pp', fork=false, lookFromDate=null, lookToDate=null, buildId=330703286, z3solverPath='./z3_for_linux', workspacePath='./workspace', githubToken='c8a341a903[...]', dockerImageName='null', skipDelete=false, createOutputDir=false, logDirectory='null', nbThreads=0, globalTimeout=0, whiteList=null, blackList=null, jobSleepTime=0, buildSleepTime=0, maxInspectedBuilds=0, duration=null, humanPatch=false, repository='null', clean=true, bearsMode=BOTH, bearsDelimiter = false, repairTools=NopolAllTests,NPEFix,AssertFixer,AstorJGenProg,AstorJKali,NopolSingleTest,AstorJMut,NopolTestExclusionStrategy, githubUserName= fermadeiral, githubUserEmail=fer.madeiral@gmail.com}
14:49:02.142 [main] DEBUG fr.inria.jtravis.helpers.BuildHelper - Get request to :https://api.travis-ci.org/build/330703286 done after 866 ms
14:49:02.406 [main] DEBUG fr.inria.jtravis.helpers.BuildHelper - Get request to :https://api.travis-ci.org/build/330703491 done after 155 ms
14:49:02.428 [main] INFO  f.i.s.repairnator.pipeline.Launcher - The patched build (330703491) was successfully retrieved from Travis.
14:49:03.510 [main] INFO  fr.inria.jtravis.JTravis - GitHub ratelimit: Limit: 5000 Remaining: 4636 Reset hour: 19:18:03
14:49:03.770 [main] INFO  f.i.s.r.p.i.ProjectInspector - ----------------------------------------------------------------------
14:49:03.770 [main] INFO  f.i.s.r.p.i.ProjectInspector - PIPELINE STEPS
14:49:03.770 [main] INFO  f.i.s.r.p.i.ProjectInspector - ----------------------------------------------------------------------
14:49:03.770 [main] INFO  f.i.s.r.p.i.ProjectInspector - CloneRepository
14:49:03.770 [main] INFO  f.i.s.r.p.i.ProjectInspector - CheckoutPatchedBuildCandidate
14:49:03.770 [main] INFO  f.i.s.r.p.i.ProjectInspector - ComputeSourceDir
14:49:03.771 [main] INFO  f.i.s.r.p.i.ProjectInspector - ComputeTestDir
14:49:03.771 [main] INFO  f.i.s.r.p.i.ProjectInspector - CheckoutBuggyBuildCandidateSourceCode
14:49:03.771 [main] INFO  f.i.s.r.p.i.ProjectInspector - BuildProjectBuggyBuildCandidateSourceCode
14:49:03.771 [main] INFO  f.i.s.r.p.i.ProjectInspector - TestProjectBuggyBuildCandidateSourceCode
14:49:03.771 [main] INFO  f.i.s.r.p.i.ProjectInspector - GatherTestInformationBuggyBuildCandidateSourceCode
14:49:03.771 [main] INFO  f.i.s.r.p.i.ProjectInspector - CheckoutBuggyBuildTestCode
14:49:03.772 [main] INFO  f.i.s.r.p.i.ProjectInspector - InitRepoToPush
14:49:03.772 [main] INFO  f.i.s.r.p.i.ProjectInspector - ComputeClasspath
14:49:03.772 [main] INFO  f.i.s.r.p.i.ProjectInspector - ComputeModules
14:49:03.772 [main] INFO  f.i.s.r.p.i.ProjectInspector - CheckoutBuggyBuildCandidateSourceCode
14:49:03.772 [main] INFO  f.i.s.r.p.i.ProjectInspector - CommitChangedTests
14:49:03.773 [main] INFO  f.i.s.r.p.i.ProjectInspector - CheckoutPatchedBuildCandidate
14:49:03.773 [main] INFO  f.i.s.r.p.i.ProjectInspector - BuildProjectPatchedBuildCandidate
14:49:03.773 [main] INFO  f.i.s.r.p.i.ProjectInspector - TestProjectPatchedBuildCandidate
14:49:03.774 [main] INFO  f.i.s.r.p.i.ProjectInspector - GatherTestInformationPatchedBuildCandidate
14:49:03.774 [main] INFO  f.i.s.r.p.i.ProjectInspector - CommitPatch
14:49:03.774 [main] INFO  f.i.s.r.p.i.ProjectInspector - WritePropertyFile
14:49:03.774 [main] INFO  f.i.s.r.p.i.ProjectInspector - CommitProcessEnd
14:49:03.775 [main] INFO  f.i.s.r.p.i.ProjectInspector - PushProcessEnd
14:49:03.775 [main] DEBUG f.i.s.r.process.step.CloneRepository - ----------------------------------------------------------------------
14:49:03.775 [main] DEBUG f.i.s.r.process.step.CloneRepository - STEP 1/22: CloneRepository
14:49:03.775 [main] DEBUG f.i.s.r.process.step.CloneRepository - ----------------------------------------------------------------------
14:49:03.775 [main] DEBUG f.i.s.r.process.step.CloneRepository - Cloning repository prestodb/presto in the following directory: ./workspace/prestodb/presto/330703286
14:49:47.540 [main] DEBUG f.i.s.r.process.step.CloneRepository - STEP STATUS: [ CloneRepository : SUCCESS ]
14:49:47.540 [main] DEBUG f.i.s.r.process.step.CloneRepository - STEP DURATION: 43s
14:49:47.540 [main] DEBUG f.i.s.r.process.step.CloneRepository - EXECUTE NEXT STEP
14:49:47.541 [main] DEBUG f.i.s.r.p.s.c.CheckoutPatchedBuild - ----------------------------------------------------------------------
14:49:47.541 [main] DEBUG f.i.s.r.p.s.c.CheckoutPatchedBuild - STEP 2/22: CheckoutPatchedBuildCandidate
14:49:47.541 [main] DEBUG f.i.s.r.p.s.c.CheckoutPatchedBuild - ----------------------------------------------------------------------
14:49:47.541 [main] DEBUG f.i.s.r.p.s.c.CheckoutPatchedBuild - Checking out patched build candidate...
14:49:47.898 [main] INFO  fr.inria.jtravis.JTravis - GitHub ratelimit: Limit: 5000 Remaining: 4635 Reset hour: 19:18:03
14:49:50.279 [main] DEBUG f.i.s.r.p.s.c.CheckoutPatchedBuild - Reproduce the PR for prestodb/presto by fetching remote branch and merging.
14:49:57.060 [main] ERROR f.i.s.r.p.s.c.CheckoutPatchedBuild - Error while testing commit: org.eclipse.jgit.errors.MissingObjectException: Missing unknown f18f20b5a401315edd621e6c237b8e0c1e99ebc0
14:49:57.061 [main] ERROR f.i.s.r.p.s.c.CheckoutPatchedBuild - Commit head ref cannot be retrieved from the repository: f18f20b5a401315edd621e6c237b8e0c1e99ebc0. Operation aborted.
14:49:57.061 [main] ERROR f.i.s.r.p.s.c.CheckoutPatchedBuild - Error while merging two commits to reproduce the PR.
14:49:57.062 [main] DEBUG f.i.s.r.p.s.c.CheckoutPatchedBuild - STEP STATUS: [ CheckoutPatchedBuildCandidate : FAILURE ( BUILDNOTCHECKEDOUT ) ]
14:49:57.062 [main] DEBUG f.i.s.r.p.s.c.CheckoutPatchedBuild - STEP DURATION: 9s
14:49:57.063 [main] DEBUG f.i.s.r.p.s.c.CheckoutPatchedBuild - TERMINATE PIPELINE
14:49:57.063 [main] DEBUG f.i.s.r.p.s.c.CheckoutPatchedBuild - FINAL STEPS SKIPPED: The reproduction of the bug and/or the patch failed.
14:49:57.063 [main] INFO  f.i.s.r.p.s.c.CheckoutPatchedBuild - Serialize all data for the pair of builds 330703286, 330703491
14:49:57.375 [main] INFO  fr.inria.jtravis.JTravis - GitHub ratelimit: Limit: 5000 Remaining: 4628 Reset hour: 19:18:03
14:49:58.528 [main] INFO  f.i.s.r.p.i.ProjectInspector - ----------------------------------------------------------------------
14:49:58.529 [main] INFO  f.i.s.r.p.i.ProjectInspector - PIPELINE EXECUTION SUMMARY
14:49:58.529 [main] INFO  f.i.s.r.p.i.ProjectInspector - ----------------------------------------------------------------------
14:49:58.530 [main] INFO  f.i.s.r.p.i.ProjectInspector - CloneRepository.......................................SUCCESS [ 43 s ]
14:49:58.530 [main] INFO  f.i.s.r.p.i.ProjectInspector - CheckoutPatchedBuildCandidate.........................FAILURE [  9 s ]
14:49:58.530 [main] INFO  f.i.s.r.p.i.ProjectInspector - ComputeSourceDir......................................NOT RUN         
14:49:58.531 [main] INFO  f.i.s.r.p.i.ProjectInspector - ComputeTestDir........................................NOT RUN         
14:49:58.531 [main] INFO  f.i.s.r.p.i.ProjectInspector - CheckoutBuggyBuildCandidateSourceCode.................NOT RUN         
14:49:58.531 [main] INFO  f.i.s.r.p.i.ProjectInspector - BuildProjectBuggyBuildCandidateSourceCode.............NOT RUN         
14:49:58.532 [main] INFO  f.i.s.r.p.i.ProjectInspector - TestProjectBuggyBuildCandidateSourceCode..............NOT RUN         
14:49:58.532 [main] INFO  f.i.s.r.p.i.ProjectInspector - GatherTestInformationBuggyBuildCandidateSourceCode....NOT RUN         
14:49:58.532 [main] INFO  f.i.s.r.p.i.ProjectInspector - CheckoutBuggyBuildTestCode............................NOT RUN         
14:49:58.532 [main] INFO  f.i.s.r.p.i.ProjectInspector - InitRepoToPush........................................NOT RUN         
14:49:58.532 [main] INFO  f.i.s.r.p.i.ProjectInspector - ComputeClasspath......................................NOT RUN         
14:49:58.533 [main] INFO  f.i.s.r.p.i.ProjectInspector - ComputeModules........................................NOT RUN         
14:49:58.533 [main] INFO  f.i.s.r.p.i.ProjectInspector - CheckoutBuggyBuildCandidateSourceCode.................NOT RUN         
14:49:58.533 [main] INFO  f.i.s.r.p.i.ProjectInspector - CommitChangedTests....................................NOT RUN         
14:49:58.533 [main] INFO  f.i.s.r.p.i.ProjectInspector - CheckoutPatchedBuildCandidate.........................NOT RUN         
14:49:58.533 [main] INFO  f.i.s.r.p.i.ProjectInspector - BuildProjectPatchedBuildCandidate.....................NOT RUN         
14:49:58.534 [main] INFO  f.i.s.r.p.i.ProjectInspector - TestProjectPatchedBuildCandidate......................NOT RUN         
14:49:58.534 [main] INFO  f.i.s.r.p.i.ProjectInspector - GatherTestInformationPatchedBuildCandidate............NOT RUN         
14:49:58.534 [main] INFO  f.i.s.r.p.i.ProjectInspector - CommitPatch...........................................NOT RUN         
14:49:58.534 [main] INFO  f.i.s.r.p.i.ProjectInspector - WritePropertyFile.....................................NOT RUN         
14:49:58.535 [main] INFO  f.i.s.r.p.i.ProjectInspector - CommitProcessEnd......................................NOT RUN         
14:49:58.535 [main] INFO  f.i.s.r.p.i.ProjectInspector - PushProcessEnd........................................NOT RUN         
14:49:58.535 [main] INFO  f.i.s.r.p.i.ProjectInspector - ----------------------------------------------------------------------
14:49:58.535 [main] INFO  f.i.s.r.p.i.ProjectInspector - PIPELINE FINDING: BUILDNOTCHECKEDOUT
14:49:58.536 [main] INFO  f.i.s.r.p.i.ProjectInspector - ----------------------------------------------------------------------
14:49:58.536 [main] INFO  f.i.s.repairnator.pipeline.Launcher - Inspector is finished. The process will exit now.
