19:02:39.112 [main] INFO  f.i.s.repairnator.pipeline.Launcher - PIPELINE VERSION: 3.0-2018-08-09 19:04
19:02:39.237 [main] INFO  f.i.s.repairnator.pipeline.Launcher - The pipeline will try to reproduce a bug from build 330645912 and its corresponding patch from build 330648777
19:02:39.238 [main] INFO  f.i.s.repairnator.pipeline.Launcher - Initialize file serializer engines.
19:02:39.239 [main] INFO  f.i.s.repairnator.pipeline.Launcher - MongoDB won't be used for serialization.
19:02:39.240 [main] INFO  f.i.s.repairnator.pipeline.Launcher - The email notifier engine won't be used.
19:02:39.242 [main] INFO  f.i.s.repairnator.pipeline.Launcher - Start by getting the build (buildId: 330645912) with the following config: RepairnatorConfig{runId='37882099-5e5d-4fae-9744-50be0382c1aa_01-18-week3-PASSING_AND_PASSING', launcherMode=BEARS, serializeJson=true, inputPath='null', outputPath='/var/log', mongodbHost='null', mongodbName='repairnator', smtpServer='null', notifyTo=[], notifyEndProcess=false, push=true, pushRemoteRepo='https://github.com/fermadeiral/bears-collection-pp', fork=false, lookFromDate=null, lookToDate=null, buildId=330645912, z3solverPath='./z3_for_linux', workspacePath='./workspace', githubToken='c8a341a903[...]', dockerImageName='null', skipDelete=false, createOutputDir=false, logDirectory='null', nbThreads=0, globalTimeout=0, whiteList=null, blackList=null, jobSleepTime=0, buildSleepTime=0, maxInspectedBuilds=0, duration=null, humanPatch=false, repository='null', clean=true, bearsMode=BOTH, bearsDelimiter = false, repairTools=NopolAllTests,NPEFix,AssertFixer,AstorJGenProg,AstorJKali,NopolSingleTest,AstorJMut,NopolTestExclusionStrategy, githubUserName= fermadeiral, githubUserEmail=fer.madeiral@gmail.com}
19:02:40.611 [main] DEBUG fr.inria.jtravis.helpers.BuildHelper - Get request to :https://api.travis-ci.org/build/330645912 done after 862 ms
19:02:40.919 [main] DEBUG fr.inria.jtravis.helpers.BuildHelper - Get request to :https://api.travis-ci.org/build/330648777 done after 144 ms
19:02:40.931 [main] INFO  f.i.s.repairnator.pipeline.Launcher - The patched build (330648777) was successfully retrieved from Travis.
19:02:42.114 [main] INFO  fr.inria.jtravis.JTravis - GitHub ratelimit: Limit: 5000 Remaining: 4768 Reset hour: 19:18:19
19:02:42.596 [main] INFO  f.i.s.r.p.i.ProjectInspector - ----------------------------------------------------------------------
19:02:42.596 [main] INFO  f.i.s.r.p.i.ProjectInspector - PIPELINE STEPS
19:02:42.596 [main] INFO  f.i.s.r.p.i.ProjectInspector - ----------------------------------------------------------------------
19:02:42.596 [main] INFO  f.i.s.r.p.i.ProjectInspector - CloneRepository
19:02:42.596 [main] INFO  f.i.s.r.p.i.ProjectInspector - CheckoutPatchedBuildCandidate
19:02:42.597 [main] INFO  f.i.s.r.p.i.ProjectInspector - ComputeSourceDir
19:02:42.597 [main] INFO  f.i.s.r.p.i.ProjectInspector - ComputeTestDir
19:02:42.597 [main] INFO  f.i.s.r.p.i.ProjectInspector - CheckoutBuggyBuildCandidateSourceCode
19:02:42.597 [main] INFO  f.i.s.r.p.i.ProjectInspector - BuildProjectBuggyBuildCandidateSourceCode
19:02:42.597 [main] INFO  f.i.s.r.p.i.ProjectInspector - TestProjectBuggyBuildCandidateSourceCode
19:02:42.597 [main] INFO  f.i.s.r.p.i.ProjectInspector - GatherTestInformationBuggyBuildCandidateSourceCode
19:02:42.598 [main] INFO  f.i.s.r.p.i.ProjectInspector - CheckoutBuggyBuildTestCode
19:02:42.598 [main] INFO  f.i.s.r.p.i.ProjectInspector - InitRepoToPush
19:02:42.598 [main] INFO  f.i.s.r.p.i.ProjectInspector - ComputeClasspath
19:02:42.598 [main] INFO  f.i.s.r.p.i.ProjectInspector - ComputeModules
19:02:42.599 [main] INFO  f.i.s.r.p.i.ProjectInspector - CheckoutBuggyBuildCandidateSourceCode
19:02:42.599 [main] INFO  f.i.s.r.p.i.ProjectInspector - CommitChangedTests
19:02:42.600 [main] INFO  f.i.s.r.p.i.ProjectInspector - CheckoutPatchedBuildCandidate
19:02:42.600 [main] INFO  f.i.s.r.p.i.ProjectInspector - BuildProjectPatchedBuildCandidate
19:02:42.600 [main] INFO  f.i.s.r.p.i.ProjectInspector - TestProjectPatchedBuildCandidate
19:02:42.600 [main] INFO  f.i.s.r.p.i.ProjectInspector - GatherTestInformationPatchedBuildCandidate
19:02:42.601 [main] INFO  f.i.s.r.p.i.ProjectInspector - CommitPatch
19:02:42.601 [main] INFO  f.i.s.r.p.i.ProjectInspector - WritePropertyFile
19:02:42.602 [main] INFO  f.i.s.r.p.i.ProjectInspector - CommitProcessEnd
19:02:42.602 [main] INFO  f.i.s.r.p.i.ProjectInspector - PushProcessEnd
19:02:42.603 [main] DEBUG f.i.s.r.process.step.CloneRepository - ----------------------------------------------------------------------
19:02:42.603 [main] DEBUG f.i.s.r.process.step.CloneRepository - STEP 1/22: CloneRepository
19:02:42.604 [main] DEBUG f.i.s.r.process.step.CloneRepository - ----------------------------------------------------------------------
19:02:42.604 [main] DEBUG f.i.s.r.process.step.CloneRepository - Cloning repository linkedin/pinot in the following directory: ./workspace/linkedin/pinot/330645912
19:03:20.284 [main] DEBUG f.i.s.r.process.step.CloneRepository - STEP STATUS: [ CloneRepository : SUCCESS ]
19:03:20.285 [main] DEBUG f.i.s.r.process.step.CloneRepository - STEP DURATION: 37s
19:03:20.285 [main] DEBUG f.i.s.r.process.step.CloneRepository - EXECUTE NEXT STEP
19:03:20.285 [main] DEBUG f.i.s.r.p.s.c.CheckoutPatchedBuild - ----------------------------------------------------------------------
19:03:20.286 [main] DEBUG f.i.s.r.p.s.c.CheckoutPatchedBuild - STEP 2/22: CheckoutPatchedBuildCandidate
19:03:20.286 [main] DEBUG f.i.s.r.p.s.c.CheckoutPatchedBuild - ----------------------------------------------------------------------
19:03:20.286 [main] DEBUG f.i.s.r.p.s.c.CheckoutPatchedBuild - Checking out patched build candidate...
19:03:20.640 [main] INFO  fr.inria.jtravis.JTravis - GitHub ratelimit: Limit: 5000 Remaining: 4767 Reset hour: 19:18:19
19:03:22.966 [main] DEBUG f.i.s.r.p.s.c.CheckoutPatchedBuild - Reproduce the PR for linkedin/pinot by fetching remote branch and merging.
19:03:27.836 [main] ERROR f.i.s.r.p.s.c.CheckoutPatchedBuild - Error while testing commit: org.eclipse.jgit.errors.MissingObjectException: Missing unknown 449bb1f9505bd6e7fcb9dc770aaae5f305099fc7
19:03:27.837 [main] ERROR f.i.s.r.p.s.c.CheckoutPatchedBuild - Commit head ref cannot be retrieved from the repository: 449bb1f9505bd6e7fcb9dc770aaae5f305099fc7. Operation aborted.
19:03:27.838 [main] ERROR f.i.s.r.p.s.c.CheckoutPatchedBuild - Error while merging two commits to reproduce the PR.
19:03:27.839 [main] DEBUG f.i.s.r.p.s.c.CheckoutPatchedBuild - STEP STATUS: [ CheckoutPatchedBuildCandidate : FAILURE ( BUILDNOTCHECKEDOUT ) ]
19:03:27.839 [main] DEBUG f.i.s.r.p.s.c.CheckoutPatchedBuild - STEP DURATION: 7s
19:03:27.839 [main] DEBUG f.i.s.r.p.s.c.CheckoutPatchedBuild - TERMINATE PIPELINE
19:03:27.839 [main] DEBUG f.i.s.r.p.s.c.CheckoutPatchedBuild - FINAL STEPS SKIPPED: The reproduction of the bug and/or the patch failed.
19:03:27.839 [main] INFO  f.i.s.r.p.s.c.CheckoutPatchedBuild - Serialize all data for the pair of builds 330645912, 330648777
19:03:28.150 [main] INFO  fr.inria.jtravis.JTravis - GitHub ratelimit: Limit: 5000 Remaining: 4760 Reset hour: 19:18:19
19:03:29.125 [main] INFO  f.i.s.r.p.i.ProjectInspector - ----------------------------------------------------------------------
19:03:29.125 [main] INFO  f.i.s.r.p.i.ProjectInspector - PIPELINE EXECUTION SUMMARY
19:03:29.125 [main] INFO  f.i.s.r.p.i.ProjectInspector - ----------------------------------------------------------------------
19:03:29.125 [main] INFO  f.i.s.r.p.i.ProjectInspector - CloneRepository.......................................SUCCESS [ 37 s ]
19:03:29.126 [main] INFO  f.i.s.r.p.i.ProjectInspector - CheckoutPatchedBuildCandidate.........................FAILURE [  7 s ]
19:03:29.126 [main] INFO  f.i.s.r.p.i.ProjectInspector - ComputeSourceDir......................................NOT RUN         
19:03:29.126 [main] INFO  f.i.s.r.p.i.ProjectInspector - ComputeTestDir........................................NOT RUN         
19:03:29.126 [main] INFO  f.i.s.r.p.i.ProjectInspector - CheckoutBuggyBuildCandidateSourceCode.................NOT RUN         
19:03:29.126 [main] INFO  f.i.s.r.p.i.ProjectInspector - BuildProjectBuggyBuildCandidateSourceCode.............NOT RUN         
19:03:29.126 [main] INFO  f.i.s.r.p.i.ProjectInspector - TestProjectBuggyBuildCandidateSourceCode..............NOT RUN         
19:03:29.127 [main] INFO  f.i.s.r.p.i.ProjectInspector - GatherTestInformationBuggyBuildCandidateSourceCode....NOT RUN         
19:03:29.127 [main] INFO  f.i.s.r.p.i.ProjectInspector - CheckoutBuggyBuildTestCode............................NOT RUN         
19:03:29.127 [main] INFO  f.i.s.r.p.i.ProjectInspector - InitRepoToPush........................................NOT RUN         
19:03:29.127 [main] INFO  f.i.s.r.p.i.ProjectInspector - ComputeClasspath......................................NOT RUN         
19:03:29.127 [main] INFO  f.i.s.r.p.i.ProjectInspector - ComputeModules........................................NOT RUN         
19:03:29.127 [main] INFO  f.i.s.r.p.i.ProjectInspector - CheckoutBuggyBuildCandidateSourceCode.................NOT RUN         
19:03:29.128 [main] INFO  f.i.s.r.p.i.ProjectInspector - CommitChangedTests....................................NOT RUN         
19:03:29.128 [main] INFO  f.i.s.r.p.i.ProjectInspector - CheckoutPatchedBuildCandidate.........................NOT RUN         
19:03:29.128 [main] INFO  f.i.s.r.p.i.ProjectInspector - BuildProjectPatchedBuildCandidate.....................NOT RUN         
19:03:29.128 [main] INFO  f.i.s.r.p.i.ProjectInspector - TestProjectPatchedBuildCandidate......................NOT RUN         
19:03:29.128 [main] INFO  f.i.s.r.p.i.ProjectInspector - GatherTestInformationPatchedBuildCandidate............NOT RUN         
19:03:29.128 [main] INFO  f.i.s.r.p.i.ProjectInspector - CommitPatch...........................................NOT RUN         
19:03:29.128 [main] INFO  f.i.s.r.p.i.ProjectInspector - WritePropertyFile.....................................NOT RUN         
19:03:29.129 [main] INFO  f.i.s.r.p.i.ProjectInspector - CommitProcessEnd......................................NOT RUN         
19:03:29.129 [main] INFO  f.i.s.r.p.i.ProjectInspector - PushProcessEnd........................................NOT RUN         
19:03:29.129 [main] INFO  f.i.s.r.p.i.ProjectInspector - ----------------------------------------------------------------------
19:03:29.129 [main] INFO  f.i.s.r.p.i.ProjectInspector - PIPELINE FINDING: BUILDNOTCHECKEDOUT
19:03:29.133 [main] INFO  f.i.s.r.p.i.ProjectInspector - ----------------------------------------------------------------------
19:03:29.133 [main] INFO  f.i.s.repairnator.pipeline.Launcher - Inspector is finished. The process will exit now.
