17:38:05.210 [main] INFO  f.i.s.repairnator.pipeline.Launcher - PIPELINE VERSION: 3.0-2018-08-09 19:04
17:38:05.398 [main] INFO  f.i.s.repairnator.pipeline.Launcher - The pipeline will try to reproduce a bug from build 331087189 and its corresponding patch from build 331088911
17:38:05.399 [main] INFO  f.i.s.repairnator.pipeline.Launcher - Initialize file serializer engines.
17:38:05.402 [main] INFO  f.i.s.repairnator.pipeline.Launcher - MongoDB won't be used for serialization.
17:38:05.402 [main] INFO  f.i.s.repairnator.pipeline.Launcher - The email notifier engine won't be used.
17:38:05.407 [main] INFO  f.i.s.repairnator.pipeline.Launcher - Start by getting the build (buildId: 331087189) with the following config: RepairnatorConfig{runId='37882099-5e5d-4fae-9744-50be0382c1aa_01-18-week3-PASSING_AND_PASSING', launcherMode=BEARS, serializeJson=true, inputPath='null', outputPath='/var/log', mongodbHost='null', mongodbName='repairnator', smtpServer='null', notifyTo=[], notifyEndProcess=false, push=true, pushRemoteRepo='https://github.com/fermadeiral/bears-collection-pp', fork=false, lookFromDate=null, lookToDate=null, buildId=331087189, z3solverPath='./z3_for_linux', workspacePath='./workspace', githubToken='c8a341a903[...]', dockerImageName='null', skipDelete=false, createOutputDir=false, logDirectory='null', nbThreads=0, globalTimeout=0, whiteList=null, blackList=null, jobSleepTime=0, buildSleepTime=0, maxInspectedBuilds=0, duration=null, humanPatch=false, repository='null', clean=true, bearsMode=BOTH, bearsDelimiter = false, repairTools=NopolAllTests,NPEFix,AssertFixer,AstorJGenProg,AstorJKali,NopolSingleTest,AstorJMut,NopolTestExclusionStrategy, githubUserName= fermadeiral, githubUserEmail=fer.madeiral@gmail.com}
17:38:06.924 [main] DEBUG fr.inria.jtravis.helpers.BuildHelper - Get request to :https://api.travis-ci.org/build/331087189 done after 916 ms
17:38:07.233 [main] DEBUG fr.inria.jtravis.helpers.BuildHelper - Get request to :https://api.travis-ci.org/build/331088911 done after 146 ms
17:38:07.250 [main] INFO  f.i.s.repairnator.pipeline.Launcher - The patched build (331088911) was successfully retrieved from Travis.
17:38:08.543 [main] INFO  fr.inria.jtravis.JTravis - GitHub ratelimit: Limit: 5000 Remaining: 4830 Reset hour: 19:18:16
17:38:08.795 [main] INFO  f.i.s.r.p.i.ProjectInspector - ----------------------------------------------------------------------
17:38:08.795 [main] INFO  f.i.s.r.p.i.ProjectInspector - PIPELINE STEPS
17:38:08.795 [main] INFO  f.i.s.r.p.i.ProjectInspector - ----------------------------------------------------------------------
17:38:08.795 [main] INFO  f.i.s.r.p.i.ProjectInspector - CloneRepository
17:38:08.796 [main] INFO  f.i.s.r.p.i.ProjectInspector - CheckoutPatchedBuildCandidate
17:38:08.796 [main] INFO  f.i.s.r.p.i.ProjectInspector - ComputeSourceDir
17:38:08.796 [main] INFO  f.i.s.r.p.i.ProjectInspector - ComputeTestDir
17:38:08.796 [main] INFO  f.i.s.r.p.i.ProjectInspector - CheckoutBuggyBuildCandidateSourceCode
17:38:08.796 [main] INFO  f.i.s.r.p.i.ProjectInspector - BuildProjectBuggyBuildCandidateSourceCode
17:38:08.796 [main] INFO  f.i.s.r.p.i.ProjectInspector - TestProjectBuggyBuildCandidateSourceCode
17:38:08.796 [main] INFO  f.i.s.r.p.i.ProjectInspector - GatherTestInformationBuggyBuildCandidateSourceCode
17:38:08.796 [main] INFO  f.i.s.r.p.i.ProjectInspector - CheckoutBuggyBuildTestCode
17:38:08.797 [main] INFO  f.i.s.r.p.i.ProjectInspector - InitRepoToPush
17:38:08.797 [main] INFO  f.i.s.r.p.i.ProjectInspector - ComputeClasspath
17:38:08.797 [main] INFO  f.i.s.r.p.i.ProjectInspector - ComputeModules
17:38:08.797 [main] INFO  f.i.s.r.p.i.ProjectInspector - CheckoutBuggyBuildCandidateSourceCode
17:38:08.797 [main] INFO  f.i.s.r.p.i.ProjectInspector - CommitChangedTests
17:38:08.797 [main] INFO  f.i.s.r.p.i.ProjectInspector - CheckoutPatchedBuildCandidate
17:38:08.797 [main] INFO  f.i.s.r.p.i.ProjectInspector - BuildProjectPatchedBuildCandidate
17:38:08.798 [main] INFO  f.i.s.r.p.i.ProjectInspector - TestProjectPatchedBuildCandidate
17:38:08.799 [main] INFO  f.i.s.r.p.i.ProjectInspector - GatherTestInformationPatchedBuildCandidate
17:38:08.799 [main] INFO  f.i.s.r.p.i.ProjectInspector - CommitPatch
17:38:08.799 [main] INFO  f.i.s.r.p.i.ProjectInspector - WritePropertyFile
17:38:08.799 [main] INFO  f.i.s.r.p.i.ProjectInspector - CommitProcessEnd
17:38:08.800 [main] INFO  f.i.s.r.p.i.ProjectInspector - PushProcessEnd
17:38:08.800 [main] DEBUG f.i.s.r.process.step.CloneRepository - ----------------------------------------------------------------------
17:38:08.800 [main] DEBUG f.i.s.r.process.step.CloneRepository - STEP 1/22: CloneRepository
17:38:08.800 [main] DEBUG f.i.s.r.process.step.CloneRepository - ----------------------------------------------------------------------
17:38:08.801 [main] DEBUG f.i.s.r.process.step.CloneRepository - Cloning repository batfish/batfish in the following directory: ./workspace/batfish/batfish/331087189
17:39:10.084 [main] DEBUG f.i.s.r.process.step.CloneRepository - STEP STATUS: [ CloneRepository : SUCCESS ]
17:39:10.085 [main] DEBUG f.i.s.r.process.step.CloneRepository - STEP DURATION: 61s
17:39:10.085 [main] DEBUG f.i.s.r.process.step.CloneRepository - EXECUTE NEXT STEP
17:39:10.085 [main] DEBUG f.i.s.r.p.s.c.CheckoutPatchedBuild - ----------------------------------------------------------------------
17:39:10.086 [main] DEBUG f.i.s.r.p.s.c.CheckoutPatchedBuild - STEP 2/22: CheckoutPatchedBuildCandidate
17:39:10.086 [main] DEBUG f.i.s.r.p.s.c.CheckoutPatchedBuild - ----------------------------------------------------------------------
17:39:10.086 [main] DEBUG f.i.s.r.p.s.c.CheckoutPatchedBuild - Checking out patched build candidate...
17:39:10.452 [main] INFO  fr.inria.jtravis.JTravis - GitHub ratelimit: Limit: 5000 Remaining: 4821 Reset hour: 19:18:16
17:39:12.447 [main] DEBUG f.i.s.r.p.s.c.CheckoutPatchedBuild - Reproduce the PR for batfish/batfish by fetching remote branch and merging.
17:39:13.428 [main] ERROR f.i.s.r.p.s.c.CheckoutPatchedBuild - Error while testing commit: org.eclipse.jgit.errors.MissingObjectException: Missing unknown 07c62beb3f72502aa51c430401a9333215ceafff
17:39:13.429 [main] ERROR f.i.s.r.p.s.c.CheckoutPatchedBuild - Commit head ref cannot be retrieved from the repository: 07c62beb3f72502aa51c430401a9333215ceafff. Operation aborted.
17:39:13.430 [main] ERROR f.i.s.r.p.s.c.CheckoutPatchedBuild - Error while merging two commits to reproduce the PR.
17:39:13.430 [main] DEBUG f.i.s.r.p.s.c.CheckoutPatchedBuild - STEP STATUS: [ CheckoutPatchedBuildCandidate : FAILURE ( BUILDNOTCHECKEDOUT ) ]
17:39:13.431 [main] DEBUG f.i.s.r.p.s.c.CheckoutPatchedBuild - STEP DURATION: 3s
17:39:13.431 [main] DEBUG f.i.s.r.p.s.c.CheckoutPatchedBuild - TERMINATE PIPELINE
17:39:13.431 [main] DEBUG f.i.s.r.p.s.c.CheckoutPatchedBuild - FINAL STEPS SKIPPED: The reproduction of the bug and/or the patch failed.
17:39:13.431 [main] INFO  f.i.s.r.p.s.c.CheckoutPatchedBuild - Serialize all data for the pair of builds 331087189, 331088911
17:39:13.556 [main] INFO  fr.inria.jtravis.JTravis - GitHub ratelimit: Limit: 5000 Remaining: 4814 Reset hour: 19:18:16
17:39:14.634 [main] INFO  f.i.s.r.p.i.ProjectInspector - ----------------------------------------------------------------------
17:39:14.634 [main] INFO  f.i.s.r.p.i.ProjectInspector - PIPELINE EXECUTION SUMMARY
17:39:14.634 [main] INFO  f.i.s.r.p.i.ProjectInspector - ----------------------------------------------------------------------
17:39:14.635 [main] INFO  f.i.s.r.p.i.ProjectInspector - CloneRepository.......................................SUCCESS [ 61 s ]
17:39:14.635 [main] INFO  f.i.s.r.p.i.ProjectInspector - CheckoutPatchedBuildCandidate.........................FAILURE [  3 s ]
17:39:14.635 [main] INFO  f.i.s.r.p.i.ProjectInspector - ComputeSourceDir......................................NOT RUN         
17:39:14.635 [main] INFO  f.i.s.r.p.i.ProjectInspector - ComputeTestDir........................................NOT RUN         
17:39:14.636 [main] INFO  f.i.s.r.p.i.ProjectInspector - CheckoutBuggyBuildCandidateSourceCode.................NOT RUN         
17:39:14.636 [main] INFO  f.i.s.r.p.i.ProjectInspector - BuildProjectBuggyBuildCandidateSourceCode.............NOT RUN         
17:39:14.637 [main] INFO  f.i.s.r.p.i.ProjectInspector - TestProjectBuggyBuildCandidateSourceCode..............NOT RUN         
17:39:14.637 [main] INFO  f.i.s.r.p.i.ProjectInspector - GatherTestInformationBuggyBuildCandidateSourceCode....NOT RUN         
17:39:14.637 [main] INFO  f.i.s.r.p.i.ProjectInspector - CheckoutBuggyBuildTestCode............................NOT RUN         
17:39:14.637 [main] INFO  f.i.s.r.p.i.ProjectInspector - InitRepoToPush........................................NOT RUN         
17:39:14.637 [main] INFO  f.i.s.r.p.i.ProjectInspector - ComputeClasspath......................................NOT RUN         
17:39:14.637 [main] INFO  f.i.s.r.p.i.ProjectInspector - ComputeModules........................................NOT RUN         
17:39:14.638 [main] INFO  f.i.s.r.p.i.ProjectInspector - CheckoutBuggyBuildCandidateSourceCode.................NOT RUN         
17:39:14.638 [main] INFO  f.i.s.r.p.i.ProjectInspector - CommitChangedTests....................................NOT RUN         
17:39:14.638 [main] INFO  f.i.s.r.p.i.ProjectInspector - CheckoutPatchedBuildCandidate.........................NOT RUN         
17:39:14.638 [main] INFO  f.i.s.r.p.i.ProjectInspector - BuildProjectPatchedBuildCandidate.....................NOT RUN         
17:39:14.638 [main] INFO  f.i.s.r.p.i.ProjectInspector - TestProjectPatchedBuildCandidate......................NOT RUN         
17:39:14.639 [main] INFO  f.i.s.r.p.i.ProjectInspector - GatherTestInformationPatchedBuildCandidate............NOT RUN         
17:39:14.639 [main] INFO  f.i.s.r.p.i.ProjectInspector - CommitPatch...........................................NOT RUN         
17:39:14.639 [main] INFO  f.i.s.r.p.i.ProjectInspector - WritePropertyFile.....................................NOT RUN         
17:39:14.639 [main] INFO  f.i.s.r.p.i.ProjectInspector - CommitProcessEnd......................................NOT RUN         
17:39:14.639 [main] INFO  f.i.s.r.p.i.ProjectInspector - PushProcessEnd........................................NOT RUN         
17:39:14.640 [main] INFO  f.i.s.r.p.i.ProjectInspector - ----------------------------------------------------------------------
17:39:14.640 [main] INFO  f.i.s.r.p.i.ProjectInspector - PIPELINE FINDING: BUILDNOTCHECKEDOUT
17:39:14.640 [main] INFO  f.i.s.r.p.i.ProjectInspector - ----------------------------------------------------------------------
17:39:14.640 [main] INFO  f.i.s.repairnator.pipeline.Launcher - Inspector is finished. The process will exit now.
