18:08:39.936 [main] INFO  f.i.s.repairnator.pipeline.Launcher - PIPELINE VERSION: 3.0-2018-08-09 19:04
18:08:40.121 [main] INFO  f.i.s.repairnator.pipeline.Launcher - The pipeline will try to reproduce a bug from build 328885570 and its corresponding patch from build 329077504
18:08:40.122 [main] INFO  f.i.s.repairnator.pipeline.Launcher - Initialize file serializer engines.
18:08:40.124 [main] INFO  f.i.s.repairnator.pipeline.Launcher - MongoDB won't be used for serialization.
18:08:40.125 [main] INFO  f.i.s.repairnator.pipeline.Launcher - The email notifier engine won't be used.
18:08:40.129 [main] INFO  f.i.s.repairnator.pipeline.Launcher - Start by getting the build (buildId: 328885570) with the following config: RepairnatorConfig{runId='37882099-5e5d-4fae-9744-50be0382c1aa_01-18-week3-PASSING_AND_PASSING', launcherMode=BEARS, serializeJson=true, inputPath='null', outputPath='/var/log', mongodbHost='null', mongodbName='repairnator', smtpServer='null', notifyTo=[], notifyEndProcess=false, push=true, pushRemoteRepo='https://github.com/fermadeiral/bears-collection-pp', fork=false, lookFromDate=null, lookToDate=null, buildId=328885570, z3solverPath='./z3_for_linux', workspacePath='./workspace', githubToken='c8a341a903[...]', dockerImageName='null', skipDelete=false, createOutputDir=false, logDirectory='null', nbThreads=0, globalTimeout=0, whiteList=null, blackList=null, jobSleepTime=0, buildSleepTime=0, maxInspectedBuilds=0, duration=null, humanPatch=false, repository='null', clean=true, bearsMode=BOTH, bearsDelimiter = false, repairTools=NopolAllTests,NPEFix,AssertFixer,AstorJGenProg,AstorJKali,NopolSingleTest,AstorJMut,NopolTestExclusionStrategy, githubUserName= fermadeiral, githubUserEmail=fer.madeiral@gmail.com}
18:08:41.565 [main] DEBUG fr.inria.jtravis.helpers.BuildHelper - Get request to :https://api.travis-ci.org/build/328885570 done after 875 ms
18:08:41.838 [main] DEBUG fr.inria.jtravis.helpers.BuildHelper - Get request to :https://api.travis-ci.org/build/329077504 done after 132 ms
18:08:41.857 [main] INFO  f.i.s.repairnator.pipeline.Launcher - The patched build (329077504) was successfully retrieved from Travis.
18:08:43.208 [main] INFO  fr.inria.jtravis.JTravis - GitHub ratelimit: Limit: 5000 Remaining: 4529 Reset hour: 19:18:16
18:08:43.487 [main] INFO  f.i.s.r.p.i.ProjectInspector - ----------------------------------------------------------------------
18:08:43.488 [main] INFO  f.i.s.r.p.i.ProjectInspector - PIPELINE STEPS
18:08:43.488 [main] INFO  f.i.s.r.p.i.ProjectInspector - ----------------------------------------------------------------------
18:08:43.488 [main] INFO  f.i.s.r.p.i.ProjectInspector - CloneRepository
18:08:43.488 [main] INFO  f.i.s.r.p.i.ProjectInspector - CheckoutPatchedBuildCandidate
18:08:43.489 [main] INFO  f.i.s.r.p.i.ProjectInspector - ComputeSourceDir
18:08:43.489 [main] INFO  f.i.s.r.p.i.ProjectInspector - ComputeTestDir
18:08:43.489 [main] INFO  f.i.s.r.p.i.ProjectInspector - CheckoutBuggyBuildCandidateSourceCode
18:08:43.489 [main] INFO  f.i.s.r.p.i.ProjectInspector - BuildProjectBuggyBuildCandidateSourceCode
18:08:43.490 [main] INFO  f.i.s.r.p.i.ProjectInspector - TestProjectBuggyBuildCandidateSourceCode
18:08:43.490 [main] INFO  f.i.s.r.p.i.ProjectInspector - GatherTestInformationBuggyBuildCandidateSourceCode
18:08:43.490 [main] INFO  f.i.s.r.p.i.ProjectInspector - CheckoutBuggyBuildTestCode
18:08:43.490 [main] INFO  f.i.s.r.p.i.ProjectInspector - InitRepoToPush
18:08:43.491 [main] INFO  f.i.s.r.p.i.ProjectInspector - ComputeClasspath
18:08:43.491 [main] INFO  f.i.s.r.p.i.ProjectInspector - ComputeModules
18:08:43.491 [main] INFO  f.i.s.r.p.i.ProjectInspector - CheckoutBuggyBuildCandidateSourceCode
18:08:43.492 [main] INFO  f.i.s.r.p.i.ProjectInspector - CommitChangedTests
18:08:43.493 [main] INFO  f.i.s.r.p.i.ProjectInspector - CheckoutPatchedBuildCandidate
18:08:43.494 [main] INFO  f.i.s.r.p.i.ProjectInspector - BuildProjectPatchedBuildCandidate
18:08:43.494 [main] INFO  f.i.s.r.p.i.ProjectInspector - TestProjectPatchedBuildCandidate
18:08:43.494 [main] INFO  f.i.s.r.p.i.ProjectInspector - GatherTestInformationPatchedBuildCandidate
18:08:43.495 [main] INFO  f.i.s.r.p.i.ProjectInspector - CommitPatch
18:08:43.496 [main] INFO  f.i.s.r.p.i.ProjectInspector - WritePropertyFile
18:08:43.496 [main] INFO  f.i.s.r.p.i.ProjectInspector - CommitProcessEnd
18:08:43.497 [main] INFO  f.i.s.r.p.i.ProjectInspector - PushProcessEnd
18:08:43.497 [main] DEBUG f.i.s.r.process.step.CloneRepository - ----------------------------------------------------------------------
18:08:43.498 [main] DEBUG f.i.s.r.process.step.CloneRepository - STEP 1/22: CloneRepository
18:08:43.499 [main] DEBUG f.i.s.r.process.step.CloneRepository - ----------------------------------------------------------------------
18:08:43.499 [main] DEBUG f.i.s.r.process.step.CloneRepository - Cloning repository runelite/runelite in the following directory: ./workspace/runelite/runelite/328885570
18:08:55.183 [main] DEBUG f.i.s.r.process.step.CloneRepository - STEP STATUS: [ CloneRepository : SUCCESS ]
18:08:55.183 [main] DEBUG f.i.s.r.process.step.CloneRepository - STEP DURATION: 11s
18:08:55.183 [main] DEBUG f.i.s.r.process.step.CloneRepository - EXECUTE NEXT STEP
18:08:55.184 [main] DEBUG f.i.s.r.p.s.c.CheckoutPatchedBuild - ----------------------------------------------------------------------
18:08:55.184 [main] DEBUG f.i.s.r.p.s.c.CheckoutPatchedBuild - STEP 2/22: CheckoutPatchedBuildCandidate
18:08:55.184 [main] DEBUG f.i.s.r.p.s.c.CheckoutPatchedBuild - ----------------------------------------------------------------------
18:08:55.184 [main] DEBUG f.i.s.r.p.s.c.CheckoutPatchedBuild - Checking out patched build candidate...
18:08:55.522 [main] INFO  fr.inria.jtravis.JTravis - GitHub ratelimit: Limit: 5000 Remaining: 4528 Reset hour: 19:18:16
18:08:55.936 [main] WARN  f.i.j.helpers.PullRequestHelper - The head repository is null: maybe it has been deleted from GitHub
18:08:55.936 [main] ERROR f.i.s.r.p.s.c.CheckoutPatchedBuild - Error while getting PR information.
18:08:55.938 [main] DEBUG f.i.s.r.p.s.c.CheckoutPatchedBuild - STEP STATUS: [ CheckoutPatchedBuildCandidate : FAILURE ( BUILDNOTCHECKEDOUT ) ]
18:08:55.938 [main] DEBUG f.i.s.r.p.s.c.CheckoutPatchedBuild - STEP DURATION: 0s
18:08:55.938 [main] DEBUG f.i.s.r.p.s.c.CheckoutPatchedBuild - TERMINATE PIPELINE
18:08:55.939 [main] DEBUG f.i.s.r.p.s.c.CheckoutPatchedBuild - FINAL STEPS SKIPPED: The reproduction of the bug and/or the patch failed.
18:08:55.939 [main] INFO  f.i.s.r.p.s.c.CheckoutPatchedBuild - Serialize all data for the pair of builds 328885570, 329077504
18:08:56.064 [main] INFO  fr.inria.jtravis.JTravis - GitHub ratelimit: Limit: 5000 Remaining: 4526 Reset hour: 19:18:16
18:08:56.923 [main] INFO  f.i.s.r.p.i.ProjectInspector - ----------------------------------------------------------------------
18:08:56.924 [main] INFO  f.i.s.r.p.i.ProjectInspector - PIPELINE EXECUTION SUMMARY
18:08:56.924 [main] INFO  f.i.s.r.p.i.ProjectInspector - ----------------------------------------------------------------------
18:08:56.924 [main] INFO  f.i.s.r.p.i.ProjectInspector - CloneRepository.......................................SUCCESS [ 11 s ]
18:08:56.925 [main] INFO  f.i.s.r.p.i.ProjectInspector - CheckoutPatchedBuildCandidate.........................FAILURE [  0 s ]
18:08:56.925 [main] INFO  f.i.s.r.p.i.ProjectInspector - ComputeSourceDir......................................NOT RUN         
18:08:56.925 [main] INFO  f.i.s.r.p.i.ProjectInspector - ComputeTestDir........................................NOT RUN         
18:08:56.925 [main] INFO  f.i.s.r.p.i.ProjectInspector - CheckoutBuggyBuildCandidateSourceCode.................NOT RUN         
18:08:56.926 [main] INFO  f.i.s.r.p.i.ProjectInspector - BuildProjectBuggyBuildCandidateSourceCode.............NOT RUN         
18:08:56.927 [main] INFO  f.i.s.r.p.i.ProjectInspector - TestProjectBuggyBuildCandidateSourceCode..............NOT RUN         
18:08:56.927 [main] INFO  f.i.s.r.p.i.ProjectInspector - GatherTestInformationBuggyBuildCandidateSourceCode....NOT RUN         
18:08:56.927 [main] INFO  f.i.s.r.p.i.ProjectInspector - CheckoutBuggyBuildTestCode............................NOT RUN         
18:08:56.927 [main] INFO  f.i.s.r.p.i.ProjectInspector - InitRepoToPush........................................NOT RUN         
18:08:56.928 [main] INFO  f.i.s.r.p.i.ProjectInspector - ComputeClasspath......................................NOT RUN         
18:08:56.928 [main] INFO  f.i.s.r.p.i.ProjectInspector - ComputeModules........................................NOT RUN         
18:08:56.928 [main] INFO  f.i.s.r.p.i.ProjectInspector - CheckoutBuggyBuildCandidateSourceCode.................NOT RUN         
18:08:56.928 [main] INFO  f.i.s.r.p.i.ProjectInspector - CommitChangedTests....................................NOT RUN         
18:08:56.928 [main] INFO  f.i.s.r.p.i.ProjectInspector - CheckoutPatchedBuildCandidate.........................NOT RUN         
18:08:56.929 [main] INFO  f.i.s.r.p.i.ProjectInspector - BuildProjectPatchedBuildCandidate.....................NOT RUN         
18:08:56.929 [main] INFO  f.i.s.r.p.i.ProjectInspector - TestProjectPatchedBuildCandidate......................NOT RUN         
18:08:56.929 [main] INFO  f.i.s.r.p.i.ProjectInspector - GatherTestInformationPatchedBuildCandidate............NOT RUN         
18:08:56.929 [main] INFO  f.i.s.r.p.i.ProjectInspector - CommitPatch...........................................NOT RUN         
18:08:56.930 [main] INFO  f.i.s.r.p.i.ProjectInspector - WritePropertyFile.....................................NOT RUN         
18:08:56.930 [main] INFO  f.i.s.r.p.i.ProjectInspector - CommitProcessEnd......................................NOT RUN         
18:08:56.930 [main] INFO  f.i.s.r.p.i.ProjectInspector - PushProcessEnd........................................NOT RUN         
18:08:56.930 [main] INFO  f.i.s.r.p.i.ProjectInspector - ----------------------------------------------------------------------
18:08:56.930 [main] INFO  f.i.s.r.p.i.ProjectInspector - PIPELINE FINDING: BUILDNOTCHECKEDOUT
18:08:56.931 [main] INFO  f.i.s.r.p.i.ProjectInspector - ----------------------------------------------------------------------
18:08:56.931 [main] INFO  f.i.s.repairnator.pipeline.Launcher - Inspector is finished. The process will exit now.
