18:05:31.399 [main] INFO  f.i.s.repairnator.pipeline.Launcher - PIPELINE VERSION: 3.0-2018-08-09 19:04
18:05:31.518 [main] INFO  f.i.s.repairnator.pipeline.Launcher - The pipeline will try to reproduce a bug from build 338732155 and its corresponding patch from build 339112138
18:05:31.518 [main] INFO  f.i.s.repairnator.pipeline.Launcher - Initialize file serializer engines.
18:05:31.519 [main] INFO  f.i.s.repairnator.pipeline.Launcher - MongoDB won't be used for serialization.
18:05:31.520 [main] INFO  f.i.s.repairnator.pipeline.Launcher - The email notifier engine won't be used.
18:05:31.522 [main] INFO  f.i.s.repairnator.pipeline.Launcher - Start by getting the build (buildId: 338732155) with the following config: RepairnatorConfig{runId='11aa25c6-cd5d-4ed3-9c64-3e93d2d5d895_02-18-week2-FAILING_AND_PASSING', launcherMode=BEARS, serializeJson=true, inputPath='null', outputPath='/var/log', mongodbHost='null', mongodbName='repairnator', smtpServer='null', notifyTo=[], notifyEndProcess=false, push=true, pushRemoteRepo='https://github.com/fermadeiral/bears-collection-fp', fork=false, lookFromDate=null, lookToDate=null, buildId=338732155, z3solverPath='./z3_for_linux', workspacePath='./workspace', githubToken='c8a341a903[...]', dockerImageName='null', skipDelete=false, createOutputDir=false, logDirectory='null', nbThreads=0, globalTimeout=0, whiteList=null, blackList=null, jobSleepTime=0, buildSleepTime=0, maxInspectedBuilds=0, duration=null, humanPatch=false, repository='null', clean=true, bearsMode=BOTH, bearsDelimiter = false, repairTools=NopolAllTests,NPEFix,AssertFixer,AstorJGenProg,AstorJKali,NopolSingleTest,AstorJMut,NopolTestExclusionStrategy, githubUserName= fermadeiral, githubUserEmail=fer.madeiral@gmail.com}
18:05:32.952 [main] DEBUG fr.inria.jtravis.helpers.BuildHelper - Get request to :https://api.travis-ci.org/build/338732155 done after 866 ms
18:05:33.207 [main] DEBUG fr.inria.jtravis.helpers.BuildHelper - Get request to :https://api.travis-ci.org/build/339112138 done after 144 ms
18:05:33.228 [main] INFO  f.i.s.repairnator.pipeline.Launcher - The patched build (339112138) was successfully retrieved from Travis.
18:05:34.280 [main] INFO  fr.inria.jtravis.JTravis - GitHub ratelimit: Limit: 5000 Remaining: 4637 Reset hour: 19:24:02
18:05:34.524 [main] INFO  f.i.s.r.p.i.ProjectInspector - ----------------------------------------------------------------------
18:05:34.524 [main] INFO  f.i.s.r.p.i.ProjectInspector - PIPELINE STEPS
18:05:34.524 [main] INFO  f.i.s.r.p.i.ProjectInspector - ----------------------------------------------------------------------
18:05:34.525 [main] INFO  f.i.s.r.p.i.ProjectInspector - CloneRepository
18:05:34.525 [main] INFO  f.i.s.r.p.i.ProjectInspector - CheckoutBuggyBuildCandidate
18:05:34.525 [main] INFO  f.i.s.r.p.i.ProjectInspector - ComputeSourceDir
18:05:34.525 [main] INFO  f.i.s.r.p.i.ProjectInspector - ComputeTestDir
18:05:34.525 [main] INFO  f.i.s.r.p.i.ProjectInspector - BuildProjectBuggyBuildCandidate
18:05:34.525 [main] INFO  f.i.s.r.p.i.ProjectInspector - TestProjectBuggyBuildCandidate
18:05:34.526 [main] INFO  f.i.s.r.p.i.ProjectInspector - GatherTestInformationBuggyBuildCandidate
18:05:34.526 [main] INFO  f.i.s.r.p.i.ProjectInspector - InitRepoToPush
18:05:34.526 [main] INFO  f.i.s.r.p.i.ProjectInspector - ComputeClasspath
18:05:34.526 [main] INFO  f.i.s.r.p.i.ProjectInspector - ComputeModules
18:05:34.526 [main] INFO  f.i.s.r.p.i.ProjectInspector - CheckoutPatchedBuildCandidate
18:05:34.526 [main] INFO  f.i.s.r.p.i.ProjectInspector - BuildProjectPatchedBuildCandidate
18:05:34.527 [main] INFO  f.i.s.r.p.i.ProjectInspector - TestProjectPatchedBuildCandidate
18:05:34.527 [main] INFO  f.i.s.r.p.i.ProjectInspector - GatherTestInformationPatchedBuildCandidate
18:05:34.527 [main] INFO  f.i.s.r.p.i.ProjectInspector - CommitPatch
18:05:34.527 [main] INFO  f.i.s.r.p.i.ProjectInspector - WritePropertyFile
18:05:34.527 [main] INFO  f.i.s.r.p.i.ProjectInspector - CommitProcessEnd
18:05:34.527 [main] INFO  f.i.s.r.p.i.ProjectInspector - PushProcessEnd
18:05:34.528 [main] DEBUG f.i.s.r.process.step.CloneRepository - ----------------------------------------------------------------------
18:05:34.528 [main] DEBUG f.i.s.r.process.step.CloneRepository - STEP 1/18: CloneRepository
18:05:34.528 [main] DEBUG f.i.s.r.process.step.CloneRepository - ----------------------------------------------------------------------
18:05:34.529 [main] DEBUG f.i.s.r.process.step.CloneRepository - Cloning repository Azure/azure-libraries-for-java in the following directory: ./workspace/Azure/azure-libraries-for-java/338732155
18:06:45.973 [main] DEBUG f.i.s.r.process.step.CloneRepository - STEP STATUS: [ CloneRepository : SUCCESS ]
18:06:45.974 [main] DEBUG f.i.s.r.process.step.CloneRepository - STEP DURATION: 71s
18:06:45.975 [main] DEBUG f.i.s.r.process.step.CloneRepository - EXECUTE NEXT STEP
18:06:45.975 [main] DEBUG f.i.s.r.p.s.c.CheckoutBuggyBuild - ----------------------------------------------------------------------
18:06:45.978 [main] DEBUG f.i.s.r.p.s.c.CheckoutBuggyBuild - STEP 2/18: CheckoutBuggyBuildCandidate
18:06:45.978 [main] DEBUG f.i.s.r.p.s.c.CheckoutBuggyBuild - ----------------------------------------------------------------------
18:06:45.978 [main] DEBUG f.i.s.r.p.s.c.CheckoutBuggyBuild - Checking out buggy build candidate...
18:06:46.354 [main] INFO  fr.inria.jtravis.JTravis - GitHub ratelimit: Limit: 5000 Remaining: 4625 Reset hour: 19:24:02
18:06:49.150 [main] DEBUG f.i.s.r.p.s.c.CheckoutBuggyBuild - Reproduce the PR for Azure/azure-libraries-for-java by fetching remote branch and merging.
18:06:51.426 [main] ERROR f.i.s.r.p.s.c.CheckoutBuggyBuild - Error while testing commit: org.eclipse.jgit.errors.MissingObjectException: Missing unknown 0982b37a58a0a836c3bbee97b2493a13f0a03fb3
18:06:51.427 [main] ERROR f.i.s.r.p.s.c.CheckoutBuggyBuild - Commit head ref cannot be retrieved from the repository: 0982b37a58a0a836c3bbee97b2493a13f0a03fb3. Operation aborted.
18:06:51.427 [main] ERROR f.i.s.r.p.s.c.CheckoutBuggyBuild - Error while merging two commits to reproduce the PR.
18:06:51.428 [main] DEBUG f.i.s.r.p.s.c.CheckoutBuggyBuild - STEP STATUS: [ CheckoutBuggyBuildCandidate : FAILURE ( BUILDNOTCHECKEDOUT ) ]
18:06:51.428 [main] DEBUG f.i.s.r.p.s.c.CheckoutBuggyBuild - STEP DURATION: 5s
18:06:51.428 [main] DEBUG f.i.s.r.p.s.c.CheckoutBuggyBuild - TERMINATE PIPELINE
18:06:51.429 [main] DEBUG f.i.s.r.p.s.c.CheckoutBuggyBuild - FINAL STEPS SKIPPED: The reproduction of the bug and/or the patch failed.
18:06:51.429 [main] INFO  f.i.s.r.p.s.c.CheckoutBuggyBuild - Serialize all data for the pair of builds 338732155, 339112138
18:06:51.562 [main] INFO  fr.inria.jtravis.JTravis - GitHub ratelimit: Limit: 5000 Remaining: 4618 Reset hour: 19:24:02
18:06:52.695 [main] INFO  f.i.s.r.p.i.ProjectInspector - ----------------------------------------------------------------------
18:06:52.696 [main] INFO  f.i.s.r.p.i.ProjectInspector - PIPELINE EXECUTION SUMMARY
18:06:52.696 [main] INFO  f.i.s.r.p.i.ProjectInspector - ----------------------------------------------------------------------
18:06:52.696 [main] INFO  f.i.s.r.p.i.ProjectInspector - CloneRepository.......................................SUCCESS [ 71 s ]
18:06:52.697 [main] INFO  f.i.s.r.p.i.ProjectInspector - CheckoutBuggyBuildCandidate...........................FAILURE [  5 s ]
18:06:52.697 [main] INFO  f.i.s.r.p.i.ProjectInspector - ComputeSourceDir......................................NOT RUN         
18:06:52.697 [main] INFO  f.i.s.r.p.i.ProjectInspector - ComputeTestDir........................................NOT RUN         
18:06:52.697 [main] INFO  f.i.s.r.p.i.ProjectInspector - BuildProjectBuggyBuildCandidate.......................NOT RUN         
18:06:52.697 [main] INFO  f.i.s.r.p.i.ProjectInspector - TestProjectBuggyBuildCandidate........................NOT RUN         
18:06:52.697 [main] INFO  f.i.s.r.p.i.ProjectInspector - GatherTestInformationBuggyBuildCandidate..............NOT RUN         
18:06:52.698 [main] INFO  f.i.s.r.p.i.ProjectInspector - InitRepoToPush........................................NOT RUN         
18:06:52.699 [main] INFO  f.i.s.r.p.i.ProjectInspector - ComputeClasspath......................................NOT RUN         
18:06:52.699 [main] INFO  f.i.s.r.p.i.ProjectInspector - ComputeModules........................................NOT RUN         
18:06:52.699 [main] INFO  f.i.s.r.p.i.ProjectInspector - CheckoutPatchedBuildCandidate.........................NOT RUN         
18:06:52.699 [main] INFO  f.i.s.r.p.i.ProjectInspector - BuildProjectPatchedBuildCandidate.....................NOT RUN         
18:06:52.700 [main] INFO  f.i.s.r.p.i.ProjectInspector - TestProjectPatchedBuildCandidate......................NOT RUN         
18:06:52.700 [main] INFO  f.i.s.r.p.i.ProjectInspector - GatherTestInformationPatchedBuildCandidate............NOT RUN         
18:06:52.700 [main] INFO  f.i.s.r.p.i.ProjectInspector - CommitPatch...........................................NOT RUN         
18:06:52.700 [main] INFO  f.i.s.r.p.i.ProjectInspector - WritePropertyFile.....................................NOT RUN         
18:06:52.700 [main] INFO  f.i.s.r.p.i.ProjectInspector - CommitProcessEnd......................................NOT RUN         
18:06:52.700 [main] INFO  f.i.s.r.p.i.ProjectInspector - PushProcessEnd........................................NOT RUN         
18:06:52.701 [main] INFO  f.i.s.r.p.i.ProjectInspector - ----------------------------------------------------------------------
18:06:52.701 [main] INFO  f.i.s.r.p.i.ProjectInspector - PIPELINE FINDING: BUILDNOTCHECKEDOUT
18:06:52.701 [main] INFO  f.i.s.r.p.i.ProjectInspector - ----------------------------------------------------------------------
18:06:52.701 [main] INFO  f.i.s.repairnator.pipeline.Launcher - Inspector is finished. The process will exit now.
