17:45:29.780 [main] INFO  f.i.s.repairnator.pipeline.Launcher - PIPELINE VERSION: 3.0-2018-08-09 19:04
17:45:29.926 [main] INFO  f.i.s.repairnator.pipeline.Launcher - The pipeline will try to reproduce a bug from build 339124660 and its corresponding patch from build 339289612
17:45:29.926 [main] INFO  f.i.s.repairnator.pipeline.Launcher - Initialize file serializer engines.
17:45:29.928 [main] INFO  f.i.s.repairnator.pipeline.Launcher - MongoDB won't be used for serialization.
17:45:29.928 [main] INFO  f.i.s.repairnator.pipeline.Launcher - The email notifier engine won't be used.
17:45:29.934 [main] INFO  f.i.s.repairnator.pipeline.Launcher - Start by getting the build (buildId: 339124660) with the following config: RepairnatorConfig{runId='11aa25c6-cd5d-4ed3-9c64-3e93d2d5d895_02-18-week2-FAILING_AND_PASSING', launcherMode=BEARS, serializeJson=true, inputPath='null', outputPath='/var/log', mongodbHost='null', mongodbName='repairnator', smtpServer='null', notifyTo=[], notifyEndProcess=false, push=true, pushRemoteRepo='https://github.com/fermadeiral/bears-collection-fp', fork=false, lookFromDate=null, lookToDate=null, buildId=339124660, z3solverPath='./z3_for_linux', workspacePath='./workspace', githubToken='c8a341a903[...]', dockerImageName='null', skipDelete=false, createOutputDir=false, logDirectory='null', nbThreads=0, globalTimeout=0, whiteList=null, blackList=null, jobSleepTime=0, buildSleepTime=0, maxInspectedBuilds=0, duration=null, humanPatch=false, repository='null', clean=true, bearsMode=BOTH, bearsDelimiter = false, repairTools=NopolAllTests,NPEFix,AssertFixer,AstorJGenProg,AstorJKali,NopolSingleTest,AstorJMut,NopolTestExclusionStrategy, githubUserName= fermadeiral, githubUserEmail=fer.madeiral@gmail.com}
17:45:31.306 [main] DEBUG fr.inria.jtravis.helpers.BuildHelper - Get request to :https://api.travis-ci.org/build/339124660 done after 755 ms
17:45:31.541 [main] DEBUG fr.inria.jtravis.helpers.BuildHelper - Get request to :https://api.travis-ci.org/build/339289612 done after 132 ms
17:45:31.559 [main] INFO  f.i.s.repairnator.pipeline.Launcher - The patched build (339289612) was successfully retrieved from Travis.
17:45:32.781 [main] INFO  fr.inria.jtravis.JTravis - GitHub ratelimit: Limit: 5000 Remaining: 4752 Reset hour: 19:23:59
17:45:33.036 [main] INFO  f.i.s.r.p.i.ProjectInspector - ----------------------------------------------------------------------
17:45:33.036 [main] INFO  f.i.s.r.p.i.ProjectInspector - PIPELINE STEPS
17:45:33.036 [main] INFO  f.i.s.r.p.i.ProjectInspector - ----------------------------------------------------------------------
17:45:33.037 [main] INFO  f.i.s.r.p.i.ProjectInspector - CloneRepository
17:45:33.037 [main] INFO  f.i.s.r.p.i.ProjectInspector - CheckoutBuggyBuildCandidate
17:45:33.037 [main] INFO  f.i.s.r.p.i.ProjectInspector - ComputeSourceDir
17:45:33.037 [main] INFO  f.i.s.r.p.i.ProjectInspector - ComputeTestDir
17:45:33.038 [main] INFO  f.i.s.r.p.i.ProjectInspector - BuildProjectBuggyBuildCandidate
17:45:33.038 [main] INFO  f.i.s.r.p.i.ProjectInspector - TestProjectBuggyBuildCandidate
17:45:33.040 [main] INFO  f.i.s.r.p.i.ProjectInspector - GatherTestInformationBuggyBuildCandidate
17:45:33.040 [main] INFO  f.i.s.r.p.i.ProjectInspector - InitRepoToPush
17:45:33.040 [main] INFO  f.i.s.r.p.i.ProjectInspector - ComputeClasspath
17:45:33.040 [main] INFO  f.i.s.r.p.i.ProjectInspector - ComputeModules
17:45:33.041 [main] INFO  f.i.s.r.p.i.ProjectInspector - CheckoutPatchedBuildCandidate
17:45:33.041 [main] INFO  f.i.s.r.p.i.ProjectInspector - BuildProjectPatchedBuildCandidate
17:45:33.041 [main] INFO  f.i.s.r.p.i.ProjectInspector - TestProjectPatchedBuildCandidate
17:45:33.041 [main] INFO  f.i.s.r.p.i.ProjectInspector - GatherTestInformationPatchedBuildCandidate
17:45:33.042 [main] INFO  f.i.s.r.p.i.ProjectInspector - CommitPatch
17:45:33.042 [main] INFO  f.i.s.r.p.i.ProjectInspector - WritePropertyFile
17:45:33.042 [main] INFO  f.i.s.r.p.i.ProjectInspector - CommitProcessEnd
17:45:33.042 [main] INFO  f.i.s.r.p.i.ProjectInspector - PushProcessEnd
17:45:33.043 [main] DEBUG f.i.s.r.process.step.CloneRepository - ----------------------------------------------------------------------
17:45:33.043 [main] DEBUG f.i.s.r.process.step.CloneRepository - STEP 1/18: CloneRepository
17:45:33.044 [main] DEBUG f.i.s.r.process.step.CloneRepository - ----------------------------------------------------------------------
17:45:33.044 [main] DEBUG f.i.s.r.process.step.CloneRepository - Cloning repository batfish/batfish in the following directory: ./workspace/batfish/batfish/339124660
17:46:36.755 [main] DEBUG f.i.s.r.process.step.CloneRepository - STEP STATUS: [ CloneRepository : SUCCESS ]
17:46:36.755 [main] DEBUG f.i.s.r.process.step.CloneRepository - STEP DURATION: 63s
17:46:36.755 [main] DEBUG f.i.s.r.process.step.CloneRepository - EXECUTE NEXT STEP
17:46:36.756 [main] DEBUG f.i.s.r.p.s.c.CheckoutBuggyBuild - ----------------------------------------------------------------------
17:46:36.756 [main] DEBUG f.i.s.r.p.s.c.CheckoutBuggyBuild - STEP 2/18: CheckoutBuggyBuildCandidate
17:46:36.756 [main] DEBUG f.i.s.r.p.s.c.CheckoutBuggyBuild - ----------------------------------------------------------------------
17:46:36.756 [main] DEBUG f.i.s.r.p.s.c.CheckoutBuggyBuild - Checking out buggy build candidate...
17:46:36.772 [main] ERROR f.i.s.r.p.s.c.CheckoutBuggyBuild - Error while testing commit: org.eclipse.jgit.errors.MissingObjectException: Missing unknown 1cf11611ec0dff979a8acb9946f9ed5dce23d1a0
17:46:36.772 [main] ERROR f.i.s.r.p.s.c.CheckoutBuggyBuild - Error while getting the commit to checkout from the repo.
17:46:36.773 [main] DEBUG f.i.s.r.p.s.c.CheckoutBuggyBuild - STEP STATUS: [ CheckoutBuggyBuildCandidate : FAILURE ( BUILDNOTCHECKEDOUT ) ]
17:46:36.773 [main] DEBUG f.i.s.r.p.s.c.CheckoutBuggyBuild - STEP DURATION: 0s
17:46:36.773 [main] DEBUG f.i.s.r.p.s.c.CheckoutBuggyBuild - TERMINATE PIPELINE
17:46:36.774 [main] DEBUG f.i.s.r.p.s.c.CheckoutBuggyBuild - FINAL STEPS SKIPPED: The reproduction of the bug and/or the patch failed.
17:46:36.774 [main] INFO  f.i.s.r.p.s.c.CheckoutBuggyBuild - Serialize all data for the pair of builds 339124660, 339289612
17:46:37.197 [main] INFO  fr.inria.jtravis.JTravis - GitHub ratelimit: Limit: 5000 Remaining: 4740 Reset hour: 19:23:59
17:46:38.306 [main] INFO  f.i.s.r.p.i.ProjectInspector - ----------------------------------------------------------------------
17:46:38.307 [main] INFO  f.i.s.r.p.i.ProjectInspector - PIPELINE EXECUTION SUMMARY
17:46:38.307 [main] INFO  f.i.s.r.p.i.ProjectInspector - ----------------------------------------------------------------------
17:46:38.307 [main] INFO  f.i.s.r.p.i.ProjectInspector - CloneRepository.......................................SUCCESS [ 63 s ]
17:46:38.307 [main] INFO  f.i.s.r.p.i.ProjectInspector - CheckoutBuggyBuildCandidate...........................FAILURE [  0 s ]
17:46:38.307 [main] INFO  f.i.s.r.p.i.ProjectInspector - ComputeSourceDir......................................NOT RUN         
17:46:38.308 [main] INFO  f.i.s.r.p.i.ProjectInspector - ComputeTestDir........................................NOT RUN         
17:46:38.308 [main] INFO  f.i.s.r.p.i.ProjectInspector - BuildProjectBuggyBuildCandidate.......................NOT RUN         
17:46:38.308 [main] INFO  f.i.s.r.p.i.ProjectInspector - TestProjectBuggyBuildCandidate........................NOT RUN         
17:46:38.308 [main] INFO  f.i.s.r.p.i.ProjectInspector - GatherTestInformationBuggyBuildCandidate..............NOT RUN         
17:46:38.308 [main] INFO  f.i.s.r.p.i.ProjectInspector - InitRepoToPush........................................NOT RUN         
17:46:38.309 [main] INFO  f.i.s.r.p.i.ProjectInspector - ComputeClasspath......................................NOT RUN         
17:46:38.309 [main] INFO  f.i.s.r.p.i.ProjectInspector - ComputeModules........................................NOT RUN         
17:46:38.309 [main] INFO  f.i.s.r.p.i.ProjectInspector - CheckoutPatchedBuildCandidate.........................NOT RUN         
17:46:38.309 [main] INFO  f.i.s.r.p.i.ProjectInspector - BuildProjectPatchedBuildCandidate.....................NOT RUN         
17:46:38.309 [main] INFO  f.i.s.r.p.i.ProjectInspector - TestProjectPatchedBuildCandidate......................NOT RUN         
17:46:38.309 [main] INFO  f.i.s.r.p.i.ProjectInspector - GatherTestInformationPatchedBuildCandidate............NOT RUN         
17:46:38.310 [main] INFO  f.i.s.r.p.i.ProjectInspector - CommitPatch...........................................NOT RUN         
17:46:38.310 [main] INFO  f.i.s.r.p.i.ProjectInspector - WritePropertyFile.....................................NOT RUN         
17:46:38.310 [main] INFO  f.i.s.r.p.i.ProjectInspector - CommitProcessEnd......................................NOT RUN         
17:46:38.310 [main] INFO  f.i.s.r.p.i.ProjectInspector - PushProcessEnd........................................NOT RUN         
17:46:38.310 [main] INFO  f.i.s.r.p.i.ProjectInspector - ----------------------------------------------------------------------
17:46:38.310 [main] INFO  f.i.s.r.p.i.ProjectInspector - PIPELINE FINDING: BUILDNOTCHECKEDOUT
17:46:38.310 [main] INFO  f.i.s.r.p.i.ProjectInspector - ----------------------------------------------------------------------
17:46:38.310 [main] INFO  f.i.s.repairnator.pipeline.Launcher - Inspector is finished. The process will exit now.
