17:46:37.564 [main] INFO  f.i.s.repairnator.pipeline.Launcher - PIPELINE VERSION: 3.0-2018-08-09 19:04
17:46:37.674 [main] INFO  f.i.s.repairnator.pipeline.Launcher - The pipeline will try to reproduce a bug from build 339269176 and its corresponding patch from build 339273021
17:46:37.674 [main] INFO  f.i.s.repairnator.pipeline.Launcher - Initialize file serializer engines.
17:46:37.675 [main] INFO  f.i.s.repairnator.pipeline.Launcher - MongoDB won't be used for serialization.
17:46:37.676 [main] INFO  f.i.s.repairnator.pipeline.Launcher - The email notifier engine won't be used.
17:46:37.678 [main] INFO  f.i.s.repairnator.pipeline.Launcher - Start by getting the build (buildId: 339269176) with the following config: RepairnatorConfig{runId='11aa25c6-cd5d-4ed3-9c64-3e93d2d5d895_02-18-week2-FAILING_AND_PASSING', launcherMode=BEARS, serializeJson=true, inputPath='null', outputPath='/var/log', mongodbHost='null', mongodbName='repairnator', smtpServer='null', notifyTo=[], notifyEndProcess=false, push=true, pushRemoteRepo='https://github.com/fermadeiral/bears-collection-fp', fork=false, lookFromDate=null, lookToDate=null, buildId=339269176, z3solverPath='./z3_for_linux', workspacePath='./workspace', githubToken='c8a341a903[...]', dockerImageName='null', skipDelete=false, createOutputDir=false, logDirectory='null', nbThreads=0, globalTimeout=0, whiteList=null, blackList=null, jobSleepTime=0, buildSleepTime=0, maxInspectedBuilds=0, duration=null, humanPatch=false, repository='null', clean=true, bearsMode=BOTH, bearsDelimiter = false, repairTools=NopolAllTests,NPEFix,AssertFixer,AstorJGenProg,AstorJKali,NopolSingleTest,AstorJMut,NopolTestExclusionStrategy, githubUserName= fermadeiral, githubUserEmail=fer.madeiral@gmail.com}
17:46:39.182 [main] DEBUG fr.inria.jtravis.helpers.BuildHelper - Get request to :https://api.travis-ci.org/build/339269176 done after 1095 ms
17:46:39.532 [main] DEBUG fr.inria.jtravis.helpers.BuildHelper - Get request to :https://api.travis-ci.org/build/339273021 done after 169 ms
17:46:39.541 [main] INFO  f.i.s.repairnator.pipeline.Launcher - The patched build (339273021) was successfully retrieved from Travis.
17:46:41.308 [main] INFO  fr.inria.jtravis.JTravis - GitHub ratelimit: Limit: 5000 Remaining: 4737 Reset hour: 19:23:59
17:46:41.632 [main] INFO  f.i.s.r.p.i.ProjectInspector - ----------------------------------------------------------------------
17:46:41.632 [main] INFO  f.i.s.r.p.i.ProjectInspector - PIPELINE STEPS
17:46:41.633 [main] INFO  f.i.s.r.p.i.ProjectInspector - ----------------------------------------------------------------------
17:46:41.633 [main] INFO  f.i.s.r.p.i.ProjectInspector - CloneRepository
17:46:41.634 [main] INFO  f.i.s.r.p.i.ProjectInspector - CheckoutBuggyBuildCandidate
17:46:41.634 [main] INFO  f.i.s.r.p.i.ProjectInspector - ComputeSourceDir
17:46:41.634 [main] INFO  f.i.s.r.p.i.ProjectInspector - ComputeTestDir
17:46:41.635 [main] INFO  f.i.s.r.p.i.ProjectInspector - BuildProjectBuggyBuildCandidate
17:46:41.635 [main] INFO  f.i.s.r.p.i.ProjectInspector - TestProjectBuggyBuildCandidate
17:46:41.636 [main] INFO  f.i.s.r.p.i.ProjectInspector - GatherTestInformationBuggyBuildCandidate
17:46:41.636 [main] INFO  f.i.s.r.p.i.ProjectInspector - InitRepoToPush
17:46:41.636 [main] INFO  f.i.s.r.p.i.ProjectInspector - ComputeClasspath
17:46:41.637 [main] INFO  f.i.s.r.p.i.ProjectInspector - ComputeModules
17:46:41.637 [main] INFO  f.i.s.r.p.i.ProjectInspector - CheckoutPatchedBuildCandidate
17:46:41.638 [main] INFO  f.i.s.r.p.i.ProjectInspector - BuildProjectPatchedBuildCandidate
17:46:41.638 [main] INFO  f.i.s.r.p.i.ProjectInspector - TestProjectPatchedBuildCandidate
17:46:41.639 [main] INFO  f.i.s.r.p.i.ProjectInspector - GatherTestInformationPatchedBuildCandidate
17:46:41.639 [main] INFO  f.i.s.r.p.i.ProjectInspector - CommitPatch
17:46:41.639 [main] INFO  f.i.s.r.p.i.ProjectInspector - WritePropertyFile
17:46:41.640 [main] INFO  f.i.s.r.p.i.ProjectInspector - CommitProcessEnd
17:46:41.640 [main] INFO  f.i.s.r.p.i.ProjectInspector - PushProcessEnd
17:46:41.641 [main] DEBUG f.i.s.r.process.step.CloneRepository - ----------------------------------------------------------------------
17:46:41.641 [main] DEBUG f.i.s.r.process.step.CloneRepository - STEP 1/18: CloneRepository
17:46:41.641 [main] DEBUG f.i.s.r.process.step.CloneRepository - ----------------------------------------------------------------------
17:46:41.642 [main] DEBUG f.i.s.r.process.step.CloneRepository - Cloning repository batfish/batfish in the following directory: ./workspace/batfish/batfish/339269176
17:47:31.639 [main] DEBUG f.i.s.r.process.step.CloneRepository - STEP STATUS: [ CloneRepository : SUCCESS ]
17:47:31.639 [main] DEBUG f.i.s.r.process.step.CloneRepository - STEP DURATION: 49s
17:47:31.639 [main] DEBUG f.i.s.r.process.step.CloneRepository - EXECUTE NEXT STEP
17:47:31.639 [main] DEBUG f.i.s.r.p.s.c.CheckoutBuggyBuild - ----------------------------------------------------------------------
17:47:31.640 [main] DEBUG f.i.s.r.p.s.c.CheckoutBuggyBuild - STEP 2/18: CheckoutBuggyBuildCandidate
17:47:31.640 [main] DEBUG f.i.s.r.p.s.c.CheckoutBuggyBuild - ----------------------------------------------------------------------
17:47:31.640 [main] DEBUG f.i.s.r.p.s.c.CheckoutBuggyBuild - Checking out buggy build candidate...
17:47:31.998 [main] INFO  fr.inria.jtravis.JTravis - GitHub ratelimit: Limit: 5000 Remaining: 4734 Reset hour: 19:23:59
17:47:34.116 [main] DEBUG f.i.s.r.p.s.c.CheckoutBuggyBuild - Reproduce the PR for batfish/batfish by fetching remote branch and merging.
17:47:35.064 [main] ERROR f.i.s.r.p.s.c.CheckoutBuggyBuild - Error while testing commit: org.eclipse.jgit.errors.MissingObjectException: Missing unknown c1959c4ecb4907c2a03f6372e97a5aa4af7d75e0
17:47:35.065 [main] ERROR f.i.s.r.p.s.c.CheckoutBuggyBuild - Commit head ref cannot be retrieved from the repository: c1959c4ecb4907c2a03f6372e97a5aa4af7d75e0. Operation aborted.
17:47:35.066 [main] ERROR f.i.s.r.p.s.c.CheckoutBuggyBuild - Error while merging two commits to reproduce the PR.
17:47:35.067 [main] DEBUG f.i.s.r.p.s.c.CheckoutBuggyBuild - STEP STATUS: [ CheckoutBuggyBuildCandidate : FAILURE ( BUILDNOTCHECKEDOUT ) ]
17:47:35.067 [main] DEBUG f.i.s.r.p.s.c.CheckoutBuggyBuild - STEP DURATION: 3s
17:47:35.067 [main] DEBUG f.i.s.r.p.s.c.CheckoutBuggyBuild - TERMINATE PIPELINE
17:47:35.067 [main] DEBUG f.i.s.r.p.s.c.CheckoutBuggyBuild - FINAL STEPS SKIPPED: The reproduction of the bug and/or the patch failed.
17:47:35.067 [main] INFO  f.i.s.r.p.s.c.CheckoutBuggyBuild - Serialize all data for the pair of builds 339269176, 339273021
17:47:35.197 [main] INFO  fr.inria.jtravis.JTravis - GitHub ratelimit: Limit: 5000 Remaining: 4727 Reset hour: 19:23:59
17:47:36.141 [main] INFO  f.i.s.r.p.i.ProjectInspector - ----------------------------------------------------------------------
17:47:36.141 [main] INFO  f.i.s.r.p.i.ProjectInspector - PIPELINE EXECUTION SUMMARY
17:47:36.141 [main] INFO  f.i.s.r.p.i.ProjectInspector - ----------------------------------------------------------------------
17:47:36.142 [main] INFO  f.i.s.r.p.i.ProjectInspector - CloneRepository.......................................SUCCESS [ 49 s ]
17:47:36.142 [main] INFO  f.i.s.r.p.i.ProjectInspector - CheckoutBuggyBuildCandidate...........................FAILURE [  3 s ]
17:47:36.142 [main] INFO  f.i.s.r.p.i.ProjectInspector - ComputeSourceDir......................................NOT RUN         
17:47:36.142 [main] INFO  f.i.s.r.p.i.ProjectInspector - ComputeTestDir........................................NOT RUN         
17:47:36.142 [main] INFO  f.i.s.r.p.i.ProjectInspector - BuildProjectBuggyBuildCandidate.......................NOT RUN         
17:47:36.142 [main] INFO  f.i.s.r.p.i.ProjectInspector - TestProjectBuggyBuildCandidate........................NOT RUN         
17:47:36.142 [main] INFO  f.i.s.r.p.i.ProjectInspector - GatherTestInformationBuggyBuildCandidate..............NOT RUN         
17:47:36.143 [main] INFO  f.i.s.r.p.i.ProjectInspector - InitRepoToPush........................................NOT RUN         
17:47:36.143 [main] INFO  f.i.s.r.p.i.ProjectInspector - ComputeClasspath......................................NOT RUN         
17:47:36.143 [main] INFO  f.i.s.r.p.i.ProjectInspector - ComputeModules........................................NOT RUN         
17:47:36.143 [main] INFO  f.i.s.r.p.i.ProjectInspector - CheckoutPatchedBuildCandidate.........................NOT RUN         
17:47:36.143 [main] INFO  f.i.s.r.p.i.ProjectInspector - BuildProjectPatchedBuildCandidate.....................NOT RUN         
17:47:36.143 [main] INFO  f.i.s.r.p.i.ProjectInspector - TestProjectPatchedBuildCandidate......................NOT RUN         
17:47:36.143 [main] INFO  f.i.s.r.p.i.ProjectInspector - GatherTestInformationPatchedBuildCandidate............NOT RUN         
17:47:36.143 [main] INFO  f.i.s.r.p.i.ProjectInspector - CommitPatch...........................................NOT RUN         
17:47:36.143 [main] INFO  f.i.s.r.p.i.ProjectInspector - WritePropertyFile.....................................NOT RUN         
17:47:36.143 [main] INFO  f.i.s.r.p.i.ProjectInspector - CommitProcessEnd......................................NOT RUN         
17:47:36.144 [main] INFO  f.i.s.r.p.i.ProjectInspector - PushProcessEnd........................................NOT RUN         
17:47:36.144 [main] INFO  f.i.s.r.p.i.ProjectInspector - ----------------------------------------------------------------------
17:47:36.144 [main] INFO  f.i.s.r.p.i.ProjectInspector - PIPELINE FINDING: BUILDNOTCHECKEDOUT
17:47:36.144 [main] INFO  f.i.s.r.p.i.ProjectInspector - ----------------------------------------------------------------------
17:47:36.144 [main] INFO  f.i.s.repairnator.pipeline.Launcher - Inspector is finished. The process will exit now.
