17:45:31.785 [main] INFO  f.i.s.repairnator.pipeline.Launcher - PIPELINE VERSION: 3.0-2018-08-09 19:04
17:45:31.920 [main] INFO  f.i.s.repairnator.pipeline.Launcher - The pipeline will try to reproduce a bug from build 339124665 and its corresponding patch from build 339289625
17:45:31.921 [main] INFO  f.i.s.repairnator.pipeline.Launcher - Initialize file serializer engines.
17:45:31.922 [main] INFO  f.i.s.repairnator.pipeline.Launcher - MongoDB won't be used for serialization.
17:45:31.923 [main] INFO  f.i.s.repairnator.pipeline.Launcher - The email notifier engine won't be used.
17:45:31.925 [main] INFO  f.i.s.repairnator.pipeline.Launcher - Start by getting the build (buildId: 339124665) with the following config: RepairnatorConfig{runId='11aa25c6-cd5d-4ed3-9c64-3e93d2d5d895_02-18-week2-FAILING_AND_PASSING', launcherMode=BEARS, serializeJson=true, inputPath='null', outputPath='/var/log', mongodbHost='null', mongodbName='repairnator', smtpServer='null', notifyTo=[], notifyEndProcess=false, push=true, pushRemoteRepo='https://github.com/fermadeiral/bears-collection-fp', fork=false, lookFromDate=null, lookToDate=null, buildId=339124665, z3solverPath='./z3_for_linux', workspacePath='./workspace', githubToken='c8a341a903[...]', dockerImageName='null', skipDelete=false, createOutputDir=false, logDirectory='null', nbThreads=0, globalTimeout=0, whiteList=null, blackList=null, jobSleepTime=0, buildSleepTime=0, maxInspectedBuilds=0, duration=null, humanPatch=false, repository='null', clean=true, bearsMode=BOTH, bearsDelimiter = false, repairTools=NopolAllTests,NPEFix,AssertFixer,AstorJGenProg,AstorJKali,NopolSingleTest,AstorJMut,NopolTestExclusionStrategy, githubUserName= fermadeiral, githubUserEmail=fer.madeiral@gmail.com}
17:45:33.325 [main] DEBUG fr.inria.jtravis.helpers.BuildHelper - Get request to :https://api.travis-ci.org/build/339124665 done after 799 ms
17:45:33.614 [main] DEBUG fr.inria.jtravis.helpers.BuildHelper - Get request to :https://api.travis-ci.org/build/339289625 done after 209 ms
17:45:33.638 [main] INFO  f.i.s.repairnator.pipeline.Launcher - The patched build (339289625) was successfully retrieved from Travis.
17:45:34.742 [main] INFO  fr.inria.jtravis.JTravis - GitHub ratelimit: Limit: 5000 Remaining: 4750 Reset hour: 19:23:59
17:45:34.979 [main] INFO  f.i.s.r.p.i.ProjectInspector - ----------------------------------------------------------------------
17:45:34.979 [main] INFO  f.i.s.r.p.i.ProjectInspector - PIPELINE STEPS
17:45:34.979 [main] INFO  f.i.s.r.p.i.ProjectInspector - ----------------------------------------------------------------------
17:45:34.979 [main] INFO  f.i.s.r.p.i.ProjectInspector - CloneRepository
17:45:34.980 [main] INFO  f.i.s.r.p.i.ProjectInspector - CheckoutBuggyBuildCandidate
17:45:34.980 [main] INFO  f.i.s.r.p.i.ProjectInspector - ComputeSourceDir
17:45:34.980 [main] INFO  f.i.s.r.p.i.ProjectInspector - ComputeTestDir
17:45:34.980 [main] INFO  f.i.s.r.p.i.ProjectInspector - BuildProjectBuggyBuildCandidate
17:45:34.980 [main] INFO  f.i.s.r.p.i.ProjectInspector - TestProjectBuggyBuildCandidate
17:45:34.980 [main] INFO  f.i.s.r.p.i.ProjectInspector - GatherTestInformationBuggyBuildCandidate
17:45:34.980 [main] INFO  f.i.s.r.p.i.ProjectInspector - InitRepoToPush
17:45:34.980 [main] INFO  f.i.s.r.p.i.ProjectInspector - ComputeClasspath
17:45:34.981 [main] INFO  f.i.s.r.p.i.ProjectInspector - ComputeModules
17:45:34.981 [main] INFO  f.i.s.r.p.i.ProjectInspector - CheckoutPatchedBuildCandidate
17:45:34.981 [main] INFO  f.i.s.r.p.i.ProjectInspector - BuildProjectPatchedBuildCandidate
17:45:34.981 [main] INFO  f.i.s.r.p.i.ProjectInspector - TestProjectPatchedBuildCandidate
17:45:34.981 [main] INFO  f.i.s.r.p.i.ProjectInspector - GatherTestInformationPatchedBuildCandidate
17:45:34.981 [main] INFO  f.i.s.r.p.i.ProjectInspector - CommitPatch
17:45:34.981 [main] INFO  f.i.s.r.p.i.ProjectInspector - WritePropertyFile
17:45:34.982 [main] INFO  f.i.s.r.p.i.ProjectInspector - CommitProcessEnd
17:45:34.982 [main] INFO  f.i.s.r.p.i.ProjectInspector - PushProcessEnd
17:45:34.982 [main] DEBUG f.i.s.r.process.step.CloneRepository - ----------------------------------------------------------------------
17:45:34.982 [main] DEBUG f.i.s.r.process.step.CloneRepository - STEP 1/18: CloneRepository
17:45:34.982 [main] DEBUG f.i.s.r.process.step.CloneRepository - ----------------------------------------------------------------------
17:45:34.983 [main] DEBUG f.i.s.r.process.step.CloneRepository - Cloning repository batfish/batfish in the following directory: ./workspace/batfish/batfish/339124665
17:46:27.919 [main] DEBUG f.i.s.r.process.step.CloneRepository - STEP STATUS: [ CloneRepository : SUCCESS ]
17:46:27.920 [main] DEBUG f.i.s.r.process.step.CloneRepository - STEP DURATION: 52s
17:46:27.920 [main] DEBUG f.i.s.r.process.step.CloneRepository - EXECUTE NEXT STEP
17:46:27.920 [main] DEBUG f.i.s.r.p.s.c.CheckoutBuggyBuild - ----------------------------------------------------------------------
17:46:27.921 [main] DEBUG f.i.s.r.p.s.c.CheckoutBuggyBuild - STEP 2/18: CheckoutBuggyBuildCandidate
17:46:27.921 [main] DEBUG f.i.s.r.p.s.c.CheckoutBuggyBuild - ----------------------------------------------------------------------
17:46:27.921 [main] DEBUG f.i.s.r.p.s.c.CheckoutBuggyBuild - Checking out buggy build candidate...
17:46:28.257 [main] INFO  fr.inria.jtravis.JTravis - GitHub ratelimit: Limit: 5000 Remaining: 4749 Reset hour: 19:23:59
17:46:30.873 [main] DEBUG f.i.s.r.p.s.c.CheckoutBuggyBuild - Reproduce the PR for batfish/batfish by fetching remote branch and merging.
17:46:31.901 [main] ERROR f.i.s.r.p.s.c.CheckoutBuggyBuild - Error while testing commit: org.eclipse.jgit.errors.MissingObjectException: Missing unknown 1cf11611ec0dff979a8acb9946f9ed5dce23d1a0
17:46:31.903 [main] ERROR f.i.s.r.p.s.c.CheckoutBuggyBuild - Commit head ref cannot be retrieved from the repository: 1cf11611ec0dff979a8acb9946f9ed5dce23d1a0. Operation aborted.
17:46:31.903 [main] ERROR f.i.s.r.p.s.c.CheckoutBuggyBuild - Error while merging two commits to reproduce the PR.
17:46:31.904 [main] DEBUG f.i.s.r.p.s.c.CheckoutBuggyBuild - STEP STATUS: [ CheckoutBuggyBuildCandidate : FAILURE ( BUILDNOTCHECKEDOUT ) ]
17:46:31.904 [main] DEBUG f.i.s.r.p.s.c.CheckoutBuggyBuild - STEP DURATION: 3s
17:46:31.904 [main] DEBUG f.i.s.r.p.s.c.CheckoutBuggyBuild - TERMINATE PIPELINE
17:46:31.905 [main] DEBUG f.i.s.r.p.s.c.CheckoutBuggyBuild - FINAL STEPS SKIPPED: The reproduction of the bug and/or the patch failed.
17:46:31.905 [main] INFO  f.i.s.r.p.s.c.CheckoutBuggyBuild - Serialize all data for the pair of builds 339124665, 339289625
17:46:32.042 [main] INFO  fr.inria.jtravis.JTravis - GitHub ratelimit: Limit: 5000 Remaining: 4742 Reset hour: 19:23:59
17:46:33.284 [main] INFO  f.i.s.r.p.i.ProjectInspector - ----------------------------------------------------------------------
17:46:33.284 [main] INFO  f.i.s.r.p.i.ProjectInspector - PIPELINE EXECUTION SUMMARY
17:46:33.284 [main] INFO  f.i.s.r.p.i.ProjectInspector - ----------------------------------------------------------------------
17:46:33.285 [main] INFO  f.i.s.r.p.i.ProjectInspector - CloneRepository.......................................SUCCESS [ 52 s ]
17:46:33.285 [main] INFO  f.i.s.r.p.i.ProjectInspector - CheckoutBuggyBuildCandidate...........................FAILURE [  3 s ]
17:46:33.285 [main] INFO  f.i.s.r.p.i.ProjectInspector - ComputeSourceDir......................................NOT RUN         
17:46:33.285 [main] INFO  f.i.s.r.p.i.ProjectInspector - ComputeTestDir........................................NOT RUN         
17:46:33.285 [main] INFO  f.i.s.r.p.i.ProjectInspector - BuildProjectBuggyBuildCandidate.......................NOT RUN         
17:46:33.285 [main] INFO  f.i.s.r.p.i.ProjectInspector - TestProjectBuggyBuildCandidate........................NOT RUN         
17:46:33.286 [main] INFO  f.i.s.r.p.i.ProjectInspector - GatherTestInformationBuggyBuildCandidate..............NOT RUN         
17:46:33.286 [main] INFO  f.i.s.r.p.i.ProjectInspector - InitRepoToPush........................................NOT RUN         
17:46:33.287 [main] INFO  f.i.s.r.p.i.ProjectInspector - ComputeClasspath......................................NOT RUN         
17:46:33.287 [main] INFO  f.i.s.r.p.i.ProjectInspector - ComputeModules........................................NOT RUN         
17:46:33.287 [main] INFO  f.i.s.r.p.i.ProjectInspector - CheckoutPatchedBuildCandidate.........................NOT RUN         
17:46:33.287 [main] INFO  f.i.s.r.p.i.ProjectInspector - BuildProjectPatchedBuildCandidate.....................NOT RUN         
17:46:33.288 [main] INFO  f.i.s.r.p.i.ProjectInspector - TestProjectPatchedBuildCandidate......................NOT RUN         
17:46:33.288 [main] INFO  f.i.s.r.p.i.ProjectInspector - GatherTestInformationPatchedBuildCandidate............NOT RUN         
17:46:33.288 [main] INFO  f.i.s.r.p.i.ProjectInspector - CommitPatch...........................................NOT RUN         
17:46:33.288 [main] INFO  f.i.s.r.p.i.ProjectInspector - WritePropertyFile.....................................NOT RUN         
17:46:33.288 [main] INFO  f.i.s.r.p.i.ProjectInspector - CommitProcessEnd......................................NOT RUN         
17:46:33.288 [main] INFO  f.i.s.r.p.i.ProjectInspector - PushProcessEnd........................................NOT RUN         
17:46:33.288 [main] INFO  f.i.s.r.p.i.ProjectInspector - ----------------------------------------------------------------------
17:46:33.288 [main] INFO  f.i.s.r.p.i.ProjectInspector - PIPELINE FINDING: BUILDNOTCHECKEDOUT
17:46:33.288 [main] INFO  f.i.s.r.p.i.ProjectInspector - ----------------------------------------------------------------------
17:46:33.288 [main] INFO  f.i.s.repairnator.pipeline.Launcher - Inspector is finished. The process will exit now.
