17:51:40.117 [main] INFO  f.i.s.repairnator.pipeline.Launcher - PIPELINE VERSION: 3.0-2018-08-09 19:04
17:51:40.237 [main] INFO  f.i.s.repairnator.pipeline.Launcher - The pipeline will try to reproduce a bug from build 339706135 and its corresponding patch from build 339730096
17:51:40.238 [main] INFO  f.i.s.repairnator.pipeline.Launcher - Initialize file serializer engines.
17:51:40.239 [main] INFO  f.i.s.repairnator.pipeline.Launcher - MongoDB won't be used for serialization.
17:51:40.239 [main] INFO  f.i.s.repairnator.pipeline.Launcher - The email notifier engine won't be used.
17:51:40.242 [main] INFO  f.i.s.repairnator.pipeline.Launcher - Start by getting the build (buildId: 339706135) with the following config: RepairnatorConfig{runId='11aa25c6-cd5d-4ed3-9c64-3e93d2d5d895_02-18-week2-FAILING_AND_PASSING', launcherMode=BEARS, serializeJson=true, inputPath='null', outputPath='/var/log', mongodbHost='null', mongodbName='repairnator', smtpServer='null', notifyTo=[], notifyEndProcess=false, push=true, pushRemoteRepo='https://github.com/fermadeiral/bears-collection-fp', fork=false, lookFromDate=null, lookToDate=null, buildId=339706135, z3solverPath='./z3_for_linux', workspacePath='./workspace', githubToken='c8a341a903[...]', dockerImageName='null', skipDelete=false, createOutputDir=false, logDirectory='null', nbThreads=0, globalTimeout=0, whiteList=null, blackList=null, jobSleepTime=0, buildSleepTime=0, maxInspectedBuilds=0, duration=null, humanPatch=false, repository='null', clean=true, bearsMode=BOTH, bearsDelimiter = false, repairTools=NopolAllTests,NPEFix,AssertFixer,AstorJGenProg,AstorJKali,NopolSingleTest,AstorJMut,NopolTestExclusionStrategy, githubUserName= fermadeiral, githubUserEmail=fer.madeiral@gmail.com}
17:51:41.474 [main] DEBUG fr.inria.jtravis.helpers.BuildHelper - Get request to :https://api.travis-ci.org/build/339706135 done after 786 ms
17:51:41.757 [main] DEBUG fr.inria.jtravis.helpers.BuildHelper - Get request to :https://api.travis-ci.org/build/339730096 done after 159 ms
17:51:41.771 [main] INFO  f.i.s.repairnator.pipeline.Launcher - The patched build (339730096) was successfully retrieved from Travis.
17:51:43.185 [main] INFO  fr.inria.jtravis.JTravis - GitHub ratelimit: Limit: 5000 Remaining: 4870 Reset hour: 19:24:02
17:51:43.482 [main] INFO  f.i.s.r.p.i.ProjectInspector - ----------------------------------------------------------------------
17:51:43.482 [main] INFO  f.i.s.r.p.i.ProjectInspector - PIPELINE STEPS
17:51:43.483 [main] INFO  f.i.s.r.p.i.ProjectInspector - ----------------------------------------------------------------------
17:51:43.483 [main] INFO  f.i.s.r.p.i.ProjectInspector - CloneRepository
17:51:43.483 [main] INFO  f.i.s.r.p.i.ProjectInspector - CheckoutBuggyBuildCandidate
17:51:43.483 [main] INFO  f.i.s.r.p.i.ProjectInspector - ComputeSourceDir
17:51:43.484 [main] INFO  f.i.s.r.p.i.ProjectInspector - ComputeTestDir
17:51:43.484 [main] INFO  f.i.s.r.p.i.ProjectInspector - BuildProjectBuggyBuildCandidate
17:51:43.484 [main] INFO  f.i.s.r.p.i.ProjectInspector - TestProjectBuggyBuildCandidate
17:51:43.484 [main] INFO  f.i.s.r.p.i.ProjectInspector - GatherTestInformationBuggyBuildCandidate
17:51:43.485 [main] INFO  f.i.s.r.p.i.ProjectInspector - InitRepoToPush
17:51:43.485 [main] INFO  f.i.s.r.p.i.ProjectInspector - ComputeClasspath
17:51:43.485 [main] INFO  f.i.s.r.p.i.ProjectInspector - ComputeModules
17:51:43.485 [main] INFO  f.i.s.r.p.i.ProjectInspector - CheckoutPatchedBuildCandidate
17:51:43.485 [main] INFO  f.i.s.r.p.i.ProjectInspector - BuildProjectPatchedBuildCandidate
17:51:43.486 [main] INFO  f.i.s.r.p.i.ProjectInspector - TestProjectPatchedBuildCandidate
17:51:43.486 [main] INFO  f.i.s.r.p.i.ProjectInspector - GatherTestInformationPatchedBuildCandidate
17:51:43.486 [main] INFO  f.i.s.r.p.i.ProjectInspector - CommitPatch
17:51:43.486 [main] INFO  f.i.s.r.p.i.ProjectInspector - WritePropertyFile
17:51:43.487 [main] INFO  f.i.s.r.p.i.ProjectInspector - CommitProcessEnd
17:51:43.487 [main] INFO  f.i.s.r.p.i.ProjectInspector - PushProcessEnd
17:51:43.487 [main] DEBUG f.i.s.r.process.step.CloneRepository - ----------------------------------------------------------------------
17:51:43.488 [main] DEBUG f.i.s.r.process.step.CloneRepository - STEP 1/18: CloneRepository
17:51:43.490 [main] DEBUG f.i.s.r.process.step.CloneRepository - ----------------------------------------------------------------------
17:51:43.491 [main] DEBUG f.i.s.r.process.step.CloneRepository - Cloning repository runelite/runelite in the following directory: ./workspace/runelite/runelite/339706135
17:51:54.513 [main] DEBUG f.i.s.r.process.step.CloneRepository - STEP STATUS: [ CloneRepository : SUCCESS ]
17:51:54.514 [main] DEBUG f.i.s.r.process.step.CloneRepository - STEP DURATION: 11s
17:51:54.514 [main] DEBUG f.i.s.r.process.step.CloneRepository - EXECUTE NEXT STEP
17:51:54.514 [main] DEBUG f.i.s.r.p.s.c.CheckoutBuggyBuild - ----------------------------------------------------------------------
17:51:54.515 [main] DEBUG f.i.s.r.p.s.c.CheckoutBuggyBuild - STEP 2/18: CheckoutBuggyBuildCandidate
17:51:54.515 [main] DEBUG f.i.s.r.p.s.c.CheckoutBuggyBuild - ----------------------------------------------------------------------
17:51:54.515 [main] DEBUG f.i.s.r.p.s.c.CheckoutBuggyBuild - Checking out buggy build candidate...
17:51:54.859 [main] INFO  fr.inria.jtravis.JTravis - GitHub ratelimit: Limit: 5000 Remaining: 4860 Reset hour: 19:24:02
17:51:55.324 [main] WARN  f.i.j.helpers.PullRequestHelper - The head repository is null: maybe it has been deleted from GitHub
17:51:55.325 [main] ERROR f.i.s.r.p.s.c.CheckoutBuggyBuild - Error while getting PR information.
17:51:55.326 [main] DEBUG f.i.s.r.p.s.c.CheckoutBuggyBuild - STEP STATUS: [ CheckoutBuggyBuildCandidate : FAILURE ( BUILDNOTCHECKEDOUT ) ]
17:51:55.327 [main] DEBUG f.i.s.r.p.s.c.CheckoutBuggyBuild - STEP DURATION: 0s
17:51:55.327 [main] DEBUG f.i.s.r.p.s.c.CheckoutBuggyBuild - TERMINATE PIPELINE
17:51:55.327 [main] DEBUG f.i.s.r.p.s.c.CheckoutBuggyBuild - FINAL STEPS SKIPPED: The reproduction of the bug and/or the patch failed.
17:51:55.328 [main] INFO  f.i.s.r.p.s.c.CheckoutBuggyBuild - Serialize all data for the pair of builds 339706135, 339730096
17:51:55.458 [main] INFO  fr.inria.jtravis.JTravis - GitHub ratelimit: Limit: 5000 Remaining: 4858 Reset hour: 19:24:02
17:51:56.789 [main] INFO  f.i.s.r.p.i.ProjectInspector - ----------------------------------------------------------------------
17:51:56.790 [main] INFO  f.i.s.r.p.i.ProjectInspector - PIPELINE EXECUTION SUMMARY
17:51:56.790 [main] INFO  f.i.s.r.p.i.ProjectInspector - ----------------------------------------------------------------------
17:51:56.790 [main] INFO  f.i.s.r.p.i.ProjectInspector - CloneRepository.......................................SUCCESS [ 11 s ]
17:51:56.790 [main] INFO  f.i.s.r.p.i.ProjectInspector - CheckoutBuggyBuildCandidate...........................FAILURE [  0 s ]
17:51:56.790 [main] INFO  f.i.s.r.p.i.ProjectInspector - ComputeSourceDir......................................NOT RUN         
17:51:56.790 [main] INFO  f.i.s.r.p.i.ProjectInspector - ComputeTestDir........................................NOT RUN         
17:51:56.791 [main] INFO  f.i.s.r.p.i.ProjectInspector - BuildProjectBuggyBuildCandidate.......................NOT RUN         
17:51:56.791 [main] INFO  f.i.s.r.p.i.ProjectInspector - TestProjectBuggyBuildCandidate........................NOT RUN         
17:51:56.791 [main] INFO  f.i.s.r.p.i.ProjectInspector - GatherTestInformationBuggyBuildCandidate..............NOT RUN         
17:51:56.792 [main] INFO  f.i.s.r.p.i.ProjectInspector - InitRepoToPush........................................NOT RUN         
17:51:56.792 [main] INFO  f.i.s.r.p.i.ProjectInspector - ComputeClasspath......................................NOT RUN         
17:51:56.792 [main] INFO  f.i.s.r.p.i.ProjectInspector - ComputeModules........................................NOT RUN         
17:51:56.793 [main] INFO  f.i.s.r.p.i.ProjectInspector - CheckoutPatchedBuildCandidate.........................NOT RUN         
17:51:56.793 [main] INFO  f.i.s.r.p.i.ProjectInspector - BuildProjectPatchedBuildCandidate.....................NOT RUN         
17:51:56.793 [main] INFO  f.i.s.r.p.i.ProjectInspector - TestProjectPatchedBuildCandidate......................NOT RUN         
17:51:56.793 [main] INFO  f.i.s.r.p.i.ProjectInspector - GatherTestInformationPatchedBuildCandidate............NOT RUN         
17:51:56.793 [main] INFO  f.i.s.r.p.i.ProjectInspector - CommitPatch...........................................NOT RUN         
17:51:56.793 [main] INFO  f.i.s.r.p.i.ProjectInspector - WritePropertyFile.....................................NOT RUN         
17:51:56.793 [main] INFO  f.i.s.r.p.i.ProjectInspector - CommitProcessEnd......................................NOT RUN         
17:51:56.794 [main] INFO  f.i.s.r.p.i.ProjectInspector - PushProcessEnd........................................NOT RUN         
17:51:56.794 [main] INFO  f.i.s.r.p.i.ProjectInspector - ----------------------------------------------------------------------
17:51:56.794 [main] INFO  f.i.s.r.p.i.ProjectInspector - PIPELINE FINDING: BUILDNOTCHECKEDOUT
17:51:56.794 [main] INFO  f.i.s.r.p.i.ProjectInspector - ----------------------------------------------------------------------
17:51:56.794 [main] INFO  f.i.s.repairnator.pipeline.Launcher - Inspector is finished. The process will exit now.
