19:20:32.473 [main] INFO  f.i.s.repairnator.pipeline.Launcher - PIPELINE VERSION: 3.0-2018-08-09 19:04
19:20:32.695 [main] INFO  f.i.s.repairnator.pipeline.Launcher - The pipeline will try to reproduce a bug from build 340297315 and its corresponding patch from build 340325670
19:20:32.696 [main] INFO  f.i.s.repairnator.pipeline.Launcher - Initialize file serializer engines.
19:20:32.698 [main] INFO  f.i.s.repairnator.pipeline.Launcher - MongoDB won't be used for serialization.
19:20:32.698 [main] INFO  f.i.s.repairnator.pipeline.Launcher - The email notifier engine won't be used.
19:20:32.703 [main] INFO  f.i.s.repairnator.pipeline.Launcher - Start by getting the build (buildId: 340297315) with the following config: RepairnatorConfig{runId='11aa25c6-cd5d-4ed3-9c64-3e93d2d5d895_02-18-week2-FAILING_AND_PASSING', launcherMode=BEARS, serializeJson=true, inputPath='null', outputPath='/var/log', mongodbHost='null', mongodbName='repairnator', smtpServer='null', notifyTo=[], notifyEndProcess=false, push=true, pushRemoteRepo='https://github.com/fermadeiral/bears-collection-fp', fork=false, lookFromDate=null, lookToDate=null, buildId=340297315, z3solverPath='./z3_for_linux', workspacePath='./workspace', githubToken='c8a341a903[...]', dockerImageName='null', skipDelete=false, createOutputDir=false, logDirectory='null', nbThreads=0, globalTimeout=0, whiteList=null, blackList=null, jobSleepTime=0, buildSleepTime=0, maxInspectedBuilds=0, duration=null, humanPatch=false, repository='null', clean=true, bearsMode=BOTH, bearsDelimiter = false, repairTools=NopolAllTests,NPEFix,AssertFixer,AstorJGenProg,AstorJKali,NopolSingleTest,AstorJMut,NopolTestExclusionStrategy, githubUserName= fermadeiral, githubUserEmail=fer.madeiral@gmail.com}
19:20:34.586 [main] DEBUG fr.inria.jtravis.helpers.BuildHelper - Get request to :https://api.travis-ci.org/build/340297315 done after 868 ms
19:20:34.871 [main] DEBUG fr.inria.jtravis.helpers.BuildHelper - Get request to :https://api.travis-ci.org/build/340325670 done after 137 ms
19:20:34.896 [main] INFO  f.i.s.repairnator.pipeline.Launcher - The patched build (340325670) was successfully retrieved from Travis.
19:20:36.215 [main] INFO  fr.inria.jtravis.JTravis - GitHub ratelimit: Limit: 5000 Remaining: 4908 Reset hour: 19:24:06
19:20:36.466 [main] INFO  f.i.s.r.p.i.ProjectInspector - ----------------------------------------------------------------------
19:20:36.466 [main] INFO  f.i.s.r.p.i.ProjectInspector - PIPELINE STEPS
19:20:36.467 [main] INFO  f.i.s.r.p.i.ProjectInspector - ----------------------------------------------------------------------
19:20:36.467 [main] INFO  f.i.s.r.p.i.ProjectInspector - CloneRepository
19:20:36.467 [main] INFO  f.i.s.r.p.i.ProjectInspector - CheckoutBuggyBuildCandidate
19:20:36.467 [main] INFO  f.i.s.r.p.i.ProjectInspector - ComputeSourceDir
19:20:36.467 [main] INFO  f.i.s.r.p.i.ProjectInspector - ComputeTestDir
19:20:36.467 [main] INFO  f.i.s.r.p.i.ProjectInspector - BuildProjectBuggyBuildCandidate
19:20:36.468 [main] INFO  f.i.s.r.p.i.ProjectInspector - TestProjectBuggyBuildCandidate
19:20:36.468 [main] INFO  f.i.s.r.p.i.ProjectInspector - GatherTestInformationBuggyBuildCandidate
19:20:36.469 [main] INFO  f.i.s.r.p.i.ProjectInspector - InitRepoToPush
19:20:36.469 [main] INFO  f.i.s.r.p.i.ProjectInspector - ComputeClasspath
19:20:36.469 [main] INFO  f.i.s.r.p.i.ProjectInspector - ComputeModules
19:20:36.469 [main] INFO  f.i.s.r.p.i.ProjectInspector - CheckoutPatchedBuildCandidate
19:20:36.469 [main] INFO  f.i.s.r.p.i.ProjectInspector - BuildProjectPatchedBuildCandidate
19:20:36.469 [main] INFO  f.i.s.r.p.i.ProjectInspector - TestProjectPatchedBuildCandidate
19:20:36.470 [main] INFO  f.i.s.r.p.i.ProjectInspector - GatherTestInformationPatchedBuildCandidate
19:20:36.470 [main] INFO  f.i.s.r.p.i.ProjectInspector - CommitPatch
19:20:36.470 [main] INFO  f.i.s.r.p.i.ProjectInspector - WritePropertyFile
19:20:36.470 [main] INFO  f.i.s.r.p.i.ProjectInspector - CommitProcessEnd
19:20:36.470 [main] INFO  f.i.s.r.p.i.ProjectInspector - PushProcessEnd
19:20:36.471 [main] DEBUG f.i.s.r.process.step.CloneRepository - ----------------------------------------------------------------------
19:20:36.471 [main] DEBUG f.i.s.r.process.step.CloneRepository - STEP 1/18: CloneRepository
19:20:36.471 [main] DEBUG f.i.s.r.process.step.CloneRepository - ----------------------------------------------------------------------
19:20:36.472 [main] DEBUG f.i.s.r.process.step.CloneRepository - Cloning repository StuPro-TOSCAna/TOSCAna in the following directory: ./workspace/StuPro-TOSCAna/TOSCAna/340297315
19:20:51.780 [main] DEBUG f.i.s.r.process.step.CloneRepository - STEP STATUS: [ CloneRepository : SUCCESS ]
19:20:51.781 [main] DEBUG f.i.s.r.process.step.CloneRepository - STEP DURATION: 15s
19:20:51.781 [main] DEBUG f.i.s.r.process.step.CloneRepository - EXECUTE NEXT STEP
19:20:51.781 [main] DEBUG f.i.s.r.p.s.c.CheckoutBuggyBuild - ----------------------------------------------------------------------
19:20:51.781 [main] DEBUG f.i.s.r.p.s.c.CheckoutBuggyBuild - STEP 2/18: CheckoutBuggyBuildCandidate
19:20:51.781 [main] DEBUG f.i.s.r.p.s.c.CheckoutBuggyBuild - ----------------------------------------------------------------------
19:20:51.782 [main] DEBUG f.i.s.r.p.s.c.CheckoutBuggyBuild - Checking out buggy build candidate...
19:20:52.140 [main] INFO  fr.inria.jtravis.JTravis - GitHub ratelimit: Limit: 5000 Remaining: 4907 Reset hour: 19:24:06
19:20:54.738 [main] DEBUG f.i.s.r.p.s.c.CheckoutBuggyBuild - Reproduce the PR for StuPro-TOSCAna/TOSCAna by fetching remote branch and merging.
19:20:54.891 [main] ERROR f.i.s.r.p.s.c.CheckoutBuggyBuild - Error while testing commit: org.eclipse.jgit.errors.MissingObjectException: Missing unknown dcb079fdf0370747bfba4ae9b2e47b8cbfcc6203
19:20:54.892 [main] ERROR f.i.s.r.p.s.c.CheckoutBuggyBuild - Commit head ref cannot be retrieved from the repository: dcb079fdf0370747bfba4ae9b2e47b8cbfcc6203. Operation aborted.
19:20:54.893 [main] ERROR f.i.s.r.p.s.c.CheckoutBuggyBuild - Error while merging two commits to reproduce the PR.
19:20:54.893 [main] DEBUG f.i.s.r.p.s.c.CheckoutBuggyBuild - STEP STATUS: [ CheckoutBuggyBuildCandidate : FAILURE ( BUILDNOTCHECKEDOUT ) ]
19:20:54.894 [main] DEBUG f.i.s.r.p.s.c.CheckoutBuggyBuild - STEP DURATION: 3s
19:20:54.894 [main] DEBUG f.i.s.r.p.s.c.CheckoutBuggyBuild - TERMINATE PIPELINE
19:20:54.894 [main] DEBUG f.i.s.r.p.s.c.CheckoutBuggyBuild - FINAL STEPS SKIPPED: The reproduction of the bug and/or the patch failed.
19:20:54.894 [main] INFO  f.i.s.r.p.s.c.CheckoutBuggyBuild - Serialize all data for the pair of builds 340297315, 340325670
19:20:55.017 [main] INFO  fr.inria.jtravis.JTravis - GitHub ratelimit: Limit: 5000 Remaining: 4900 Reset hour: 19:24:06
19:20:55.671 [main] INFO  f.i.s.r.p.i.ProjectInspector - ----------------------------------------------------------------------
19:20:55.672 [main] INFO  f.i.s.r.p.i.ProjectInspector - PIPELINE EXECUTION SUMMARY
19:20:55.672 [main] INFO  f.i.s.r.p.i.ProjectInspector - ----------------------------------------------------------------------
19:20:55.672 [main] INFO  f.i.s.r.p.i.ProjectInspector - CloneRepository.......................................SUCCESS [ 15 s ]
19:20:55.673 [main] INFO  f.i.s.r.p.i.ProjectInspector - CheckoutBuggyBuildCandidate...........................FAILURE [  3 s ]
19:20:55.673 [main] INFO  f.i.s.r.p.i.ProjectInspector - ComputeSourceDir......................................NOT RUN         
19:20:55.673 [main] INFO  f.i.s.r.p.i.ProjectInspector - ComputeTestDir........................................NOT RUN         
19:20:55.673 [main] INFO  f.i.s.r.p.i.ProjectInspector - BuildProjectBuggyBuildCandidate.......................NOT RUN         
19:20:55.673 [main] INFO  f.i.s.r.p.i.ProjectInspector - TestProjectBuggyBuildCandidate........................NOT RUN         
19:20:55.674 [main] INFO  f.i.s.r.p.i.ProjectInspector - GatherTestInformationBuggyBuildCandidate..............NOT RUN         
19:20:55.674 [main] INFO  f.i.s.r.p.i.ProjectInspector - InitRepoToPush........................................NOT RUN         
19:20:55.674 [main] INFO  f.i.s.r.p.i.ProjectInspector - ComputeClasspath......................................NOT RUN         
19:20:55.674 [main] INFO  f.i.s.r.p.i.ProjectInspector - ComputeModules........................................NOT RUN         
19:20:55.674 [main] INFO  f.i.s.r.p.i.ProjectInspector - CheckoutPatchedBuildCandidate.........................NOT RUN         
19:20:55.675 [main] INFO  f.i.s.r.p.i.ProjectInspector - BuildProjectPatchedBuildCandidate.....................NOT RUN         
19:20:55.675 [main] INFO  f.i.s.r.p.i.ProjectInspector - TestProjectPatchedBuildCandidate......................NOT RUN         
19:20:55.675 [main] INFO  f.i.s.r.p.i.ProjectInspector - GatherTestInformationPatchedBuildCandidate............NOT RUN         
19:20:55.675 [main] INFO  f.i.s.r.p.i.ProjectInspector - CommitPatch...........................................NOT RUN         
19:20:55.675 [main] INFO  f.i.s.r.p.i.ProjectInspector - WritePropertyFile.....................................NOT RUN         
19:20:55.675 [main] INFO  f.i.s.r.p.i.ProjectInspector - CommitProcessEnd......................................NOT RUN         
19:20:55.676 [main] INFO  f.i.s.r.p.i.ProjectInspector - PushProcessEnd........................................NOT RUN         
19:20:55.676 [main] INFO  f.i.s.r.p.i.ProjectInspector - ----------------------------------------------------------------------
19:20:55.676 [main] INFO  f.i.s.r.p.i.ProjectInspector - PIPELINE FINDING: BUILDNOTCHECKEDOUT
19:20:55.676 [main] INFO  f.i.s.r.p.i.ProjectInspector - ----------------------------------------------------------------------
19:20:55.676 [main] INFO  f.i.s.repairnator.pipeline.Launcher - Inspector is finished. The process will exit now.
