17:32:37.543 [main] INFO  f.i.s.repairnator.pipeline.Launcher - PIPELINE VERSION: 3.0-2018-08-09 19:04
17:32:37.661 [main] INFO  f.i.s.repairnator.pipeline.Launcher - The pipeline will try to reproduce a bug from build 338708833 and its corresponding patch from build 339173386
17:32:37.662 [main] INFO  f.i.s.repairnator.pipeline.Launcher - Initialize file serializer engines.
17:32:37.663 [main] INFO  f.i.s.repairnator.pipeline.Launcher - MongoDB won't be used for serialization.
17:32:37.664 [main] INFO  f.i.s.repairnator.pipeline.Launcher - The email notifier engine won't be used.
17:32:37.667 [main] INFO  f.i.s.repairnator.pipeline.Launcher - Start by getting the build (buildId: 338708833) with the following config: RepairnatorConfig{runId='11aa25c6-cd5d-4ed3-9c64-3e93d2d5d895_02-18-week2-FAILING_AND_PASSING', launcherMode=BEARS, serializeJson=true, inputPath='null', outputPath='/var/log', mongodbHost='null', mongodbName='repairnator', smtpServer='null', notifyTo=[], notifyEndProcess=false, push=true, pushRemoteRepo='https://github.com/fermadeiral/bears-collection-fp', fork=false, lookFromDate=null, lookToDate=null, buildId=338708833, z3solverPath='./z3_for_linux', workspacePath='./workspace', githubToken='c8a341a903[...]', dockerImageName='null', skipDelete=false, createOutputDir=false, logDirectory='null', nbThreads=0, globalTimeout=0, whiteList=null, blackList=null, jobSleepTime=0, buildSleepTime=0, maxInspectedBuilds=0, duration=null, humanPatch=false, repository='null', clean=true, bearsMode=BOTH, bearsDelimiter = false, repairTools=NopolAllTests,NPEFix,AssertFixer,AstorJGenProg,AstorJKali,NopolSingleTest,AstorJMut,NopolTestExclusionStrategy, githubUserName= fermadeiral, githubUserEmail=fer.madeiral@gmail.com}
17:32:39.243 [main] DEBUG fr.inria.jtravis.helpers.BuildHelper - Get request to :https://api.travis-ci.org/build/338708833 done after 975 ms
17:32:39.533 [main] DEBUG fr.inria.jtravis.helpers.BuildHelper - Get request to :https://api.travis-ci.org/build/339173386 done after 146 ms
17:32:39.544 [main] INFO  f.i.s.repairnator.pipeline.Launcher - The patched build (339173386) was successfully retrieved from Travis.
17:32:40.906 [main] INFO  fr.inria.jtravis.JTravis - GitHub ratelimit: Limit: 5000 Remaining: 4900 Reset hour: 19:23:59
17:32:41.185 [main] INFO  f.i.s.r.p.i.ProjectInspector - ----------------------------------------------------------------------
17:32:41.186 [main] INFO  f.i.s.r.p.i.ProjectInspector - PIPELINE STEPS
17:32:41.186 [main] INFO  f.i.s.r.p.i.ProjectInspector - ----------------------------------------------------------------------
17:32:41.186 [main] INFO  f.i.s.r.p.i.ProjectInspector - CloneRepository
17:32:41.186 [main] INFO  f.i.s.r.p.i.ProjectInspector - CheckoutBuggyBuildCandidate
17:32:41.186 [main] INFO  f.i.s.r.p.i.ProjectInspector - ComputeSourceDir
17:32:41.187 [main] INFO  f.i.s.r.p.i.ProjectInspector - ComputeTestDir
17:32:41.187 [main] INFO  f.i.s.r.p.i.ProjectInspector - BuildProjectBuggyBuildCandidate
17:32:41.187 [main] INFO  f.i.s.r.p.i.ProjectInspector - TestProjectBuggyBuildCandidate
17:32:41.187 [main] INFO  f.i.s.r.p.i.ProjectInspector - GatherTestInformationBuggyBuildCandidate
17:32:41.187 [main] INFO  f.i.s.r.p.i.ProjectInspector - InitRepoToPush
17:32:41.187 [main] INFO  f.i.s.r.p.i.ProjectInspector - ComputeClasspath
17:32:41.187 [main] INFO  f.i.s.r.p.i.ProjectInspector - ComputeModules
17:32:41.187 [main] INFO  f.i.s.r.p.i.ProjectInspector - CheckoutPatchedBuildCandidate
17:32:41.188 [main] INFO  f.i.s.r.p.i.ProjectInspector - BuildProjectPatchedBuildCandidate
17:32:41.188 [main] INFO  f.i.s.r.p.i.ProjectInspector - TestProjectPatchedBuildCandidate
17:32:41.188 [main] INFO  f.i.s.r.p.i.ProjectInspector - GatherTestInformationPatchedBuildCandidate
17:32:41.188 [main] INFO  f.i.s.r.p.i.ProjectInspector - CommitPatch
17:32:41.188 [main] INFO  f.i.s.r.p.i.ProjectInspector - WritePropertyFile
17:32:41.188 [main] INFO  f.i.s.r.p.i.ProjectInspector - CommitProcessEnd
17:32:41.188 [main] INFO  f.i.s.r.p.i.ProjectInspector - PushProcessEnd
17:32:41.188 [main] DEBUG f.i.s.r.process.step.CloneRepository - ----------------------------------------------------------------------
17:32:41.189 [main] DEBUG f.i.s.r.process.step.CloneRepository - STEP 1/18: CloneRepository
17:32:41.189 [main] DEBUG f.i.s.r.process.step.CloneRepository - ----------------------------------------------------------------------
17:32:41.189 [main] DEBUG f.i.s.r.process.step.CloneRepository - Cloning repository INRIA/spoon in the following directory: ./workspace/INRIA/spoon/338708833
17:33:13.165 [main] DEBUG f.i.s.r.process.step.CloneRepository - STEP STATUS: [ CloneRepository : SUCCESS ]
17:33:13.165 [main] DEBUG f.i.s.r.process.step.CloneRepository - STEP DURATION: 31s
17:33:13.166 [main] DEBUG f.i.s.r.process.step.CloneRepository - EXECUTE NEXT STEP
17:33:13.166 [main] DEBUG f.i.s.r.p.s.c.CheckoutBuggyBuild - ----------------------------------------------------------------------
17:33:13.166 [main] DEBUG f.i.s.r.p.s.c.CheckoutBuggyBuild - STEP 2/18: CheckoutBuggyBuildCandidate
17:33:13.166 [main] DEBUG f.i.s.r.p.s.c.CheckoutBuggyBuild - ----------------------------------------------------------------------
17:33:13.166 [main] DEBUG f.i.s.r.p.s.c.CheckoutBuggyBuild - Checking out buggy build candidate...
17:33:13.969 [main] INFO  fr.inria.jtravis.JTravis - GitHub ratelimit: Limit: 5000 Remaining: 4899 Reset hour: 19:23:59
17:33:17.021 [main] DEBUG f.i.s.r.p.s.c.CheckoutBuggyBuild - Reproduce the PR for INRIA/spoon by fetching remote branch and merging.
17:33:19.819 [main] ERROR f.i.s.r.p.s.c.CheckoutBuggyBuild - Error while testing commit: org.eclipse.jgit.errors.MissingObjectException: Missing unknown 28222c687a7ced8846d75b0cdbb5f374fa736627
17:33:19.820 [main] ERROR f.i.s.r.p.s.c.CheckoutBuggyBuild - Commit head ref cannot be retrieved from the repository: 28222c687a7ced8846d75b0cdbb5f374fa736627. Operation aborted.
17:33:19.820 [main] ERROR f.i.s.r.p.s.c.CheckoutBuggyBuild - Error while merging two commits to reproduce the PR.
17:33:19.821 [main] DEBUG f.i.s.r.p.s.c.CheckoutBuggyBuild - STEP STATUS: [ CheckoutBuggyBuildCandidate : FAILURE ( BUILDNOTCHECKEDOUT ) ]
17:33:19.821 [main] DEBUG f.i.s.r.p.s.c.CheckoutBuggyBuild - STEP DURATION: 6s
17:33:19.821 [main] DEBUG f.i.s.r.p.s.c.CheckoutBuggyBuild - TERMINATE PIPELINE
17:33:19.822 [main] DEBUG f.i.s.r.p.s.c.CheckoutBuggyBuild - FINAL STEPS SKIPPED: The reproduction of the bug and/or the patch failed.
17:33:19.824 [main] INFO  f.i.s.r.p.s.c.CheckoutBuggyBuild - Serialize all data for the pair of builds 338708833, 339173386
17:33:19.952 [main] INFO  fr.inria.jtravis.JTravis - GitHub ratelimit: Limit: 5000 Remaining: 4892 Reset hour: 19:23:59
17:33:21.055 [main] INFO  f.i.s.r.p.i.ProjectInspector - ----------------------------------------------------------------------
17:33:21.055 [main] INFO  f.i.s.r.p.i.ProjectInspector - PIPELINE EXECUTION SUMMARY
17:33:21.055 [main] INFO  f.i.s.r.p.i.ProjectInspector - ----------------------------------------------------------------------
17:33:21.055 [main] INFO  f.i.s.r.p.i.ProjectInspector - CloneRepository.......................................SUCCESS [ 31 s ]
17:33:21.056 [main] INFO  f.i.s.r.p.i.ProjectInspector - CheckoutBuggyBuildCandidate...........................FAILURE [  6 s ]
17:33:21.056 [main] INFO  f.i.s.r.p.i.ProjectInspector - ComputeSourceDir......................................NOT RUN         
17:33:21.056 [main] INFO  f.i.s.r.p.i.ProjectInspector - ComputeTestDir........................................NOT RUN         
17:33:21.056 [main] INFO  f.i.s.r.p.i.ProjectInspector - BuildProjectBuggyBuildCandidate.......................NOT RUN         
17:33:21.057 [main] INFO  f.i.s.r.p.i.ProjectInspector - TestProjectBuggyBuildCandidate........................NOT RUN         
17:33:21.057 [main] INFO  f.i.s.r.p.i.ProjectInspector - GatherTestInformationBuggyBuildCandidate..............NOT RUN         
17:33:21.057 [main] INFO  f.i.s.r.p.i.ProjectInspector - InitRepoToPush........................................NOT RUN         
17:33:21.057 [main] INFO  f.i.s.r.p.i.ProjectInspector - ComputeClasspath......................................NOT RUN         
17:33:21.057 [main] INFO  f.i.s.r.p.i.ProjectInspector - ComputeModules........................................NOT RUN         
17:33:21.058 [main] INFO  f.i.s.r.p.i.ProjectInspector - CheckoutPatchedBuildCandidate.........................NOT RUN         
17:33:21.058 [main] INFO  f.i.s.r.p.i.ProjectInspector - BuildProjectPatchedBuildCandidate.....................NOT RUN         
17:33:21.058 [main] INFO  f.i.s.r.p.i.ProjectInspector - TestProjectPatchedBuildCandidate......................NOT RUN         
17:33:21.058 [main] INFO  f.i.s.r.p.i.ProjectInspector - GatherTestInformationPatchedBuildCandidate............NOT RUN         
17:33:21.059 [main] INFO  f.i.s.r.p.i.ProjectInspector - CommitPatch...........................................NOT RUN         
17:33:21.059 [main] INFO  f.i.s.r.p.i.ProjectInspector - WritePropertyFile.....................................NOT RUN         
17:33:21.059 [main] INFO  f.i.s.r.p.i.ProjectInspector - CommitProcessEnd......................................NOT RUN         
17:33:21.059 [main] INFO  f.i.s.r.p.i.ProjectInspector - PushProcessEnd........................................NOT RUN         
17:33:21.059 [main] INFO  f.i.s.r.p.i.ProjectInspector - ----------------------------------------------------------------------
17:33:21.060 [main] INFO  f.i.s.r.p.i.ProjectInspector - PIPELINE FINDING: BUILDNOTCHECKEDOUT
17:33:21.060 [main] INFO  f.i.s.r.p.i.ProjectInspector - ----------------------------------------------------------------------
17:33:21.060 [main] INFO  f.i.s.repairnator.pipeline.Launcher - Inspector is finished. The process will exit now.
