14:23:57.670 [main] INFO  f.i.s.repairnator.pipeline.Launcher - PIPELINE VERSION: 3.0-2018-08-09 19:04
14:23:57.775 [main] INFO  f.i.s.repairnator.pipeline.Launcher - The pipeline will try to reproduce a bug from build 340674701 and its corresponding patch from build 340690819
14:23:57.775 [main] INFO  f.i.s.repairnator.pipeline.Launcher - Initialize file serializer engines.
14:23:57.777 [main] INFO  f.i.s.repairnator.pipeline.Launcher - MongoDB won't be used for serialization.
14:23:57.777 [main] INFO  f.i.s.repairnator.pipeline.Launcher - The email notifier engine won't be used.
14:23:57.780 [main] INFO  f.i.s.repairnator.pipeline.Launcher - Start by getting the build (buildId: 340674701) with the following config: RepairnatorConfig{runId='11aa25c6-cd5d-4ed3-9c64-3e93d2d5d895_02-18-week2-FAILING_AND_PASSING', launcherMode=BEARS, serializeJson=true, inputPath='null', outputPath='/var/log', mongodbHost='null', mongodbName='repairnator', smtpServer='null', notifyTo=[], notifyEndProcess=false, push=true, pushRemoteRepo='https://github.com/fermadeiral/bears-collection-fp', fork=false, lookFromDate=null, lookToDate=null, buildId=340674701, z3solverPath='./z3_for_linux', workspacePath='./workspace', githubToken='c8a341a903[...]', dockerImageName='null', skipDelete=false, createOutputDir=false, logDirectory='null', nbThreads=0, globalTimeout=0, whiteList=null, blackList=null, jobSleepTime=0, buildSleepTime=0, maxInspectedBuilds=0, duration=null, humanPatch=false, repository='null', clean=true, bearsMode=BOTH, bearsDelimiter = false, repairTools=NopolAllTests,NPEFix,AssertFixer,AstorJGenProg,AstorJKali,NopolSingleTest,AstorJMut,NopolTestExclusionStrategy, githubUserName= fermadeiral, githubUserEmail=fer.madeiral@gmail.com}
14:23:59.013 [main] DEBUG fr.inria.jtravis.helpers.BuildHelper - Get request to :https://api.travis-ci.org/build/340674701 done after 810 ms
14:23:59.348 [main] DEBUG fr.inria.jtravis.helpers.BuildHelper - Get request to :https://api.travis-ci.org/build/340690819 done after 155 ms
14:23:59.359 [main] INFO  f.i.s.repairnator.pipeline.Launcher - The patched build (340690819) was successfully retrieved from Travis.
14:24:00.526 [main] INFO  fr.inria.jtravis.JTravis - GitHub ratelimit: Limit: 5000 Remaining: 4715 Reset hour: 19:23:47
14:24:00.784 [main] INFO  f.i.s.r.p.i.ProjectInspector - ----------------------------------------------------------------------
14:24:00.784 [main] INFO  f.i.s.r.p.i.ProjectInspector - PIPELINE STEPS
14:24:00.784 [main] INFO  f.i.s.r.p.i.ProjectInspector - ----------------------------------------------------------------------
14:24:00.784 [main] INFO  f.i.s.r.p.i.ProjectInspector - CloneRepository
14:24:00.784 [main] INFO  f.i.s.r.p.i.ProjectInspector - CheckoutBuggyBuildCandidate
14:24:00.784 [main] INFO  f.i.s.r.p.i.ProjectInspector - ComputeSourceDir
14:24:00.785 [main] INFO  f.i.s.r.p.i.ProjectInspector - ComputeTestDir
14:24:00.785 [main] INFO  f.i.s.r.p.i.ProjectInspector - BuildProjectBuggyBuildCandidate
14:24:00.785 [main] INFO  f.i.s.r.p.i.ProjectInspector - TestProjectBuggyBuildCandidate
14:24:00.785 [main] INFO  f.i.s.r.p.i.ProjectInspector - GatherTestInformationBuggyBuildCandidate
14:24:00.785 [main] INFO  f.i.s.r.p.i.ProjectInspector - InitRepoToPush
14:24:00.786 [main] INFO  f.i.s.r.p.i.ProjectInspector - ComputeClasspath
14:24:00.786 [main] INFO  f.i.s.r.p.i.ProjectInspector - ComputeModules
14:24:00.786 [main] INFO  f.i.s.r.p.i.ProjectInspector - CheckoutPatchedBuildCandidate
14:24:00.786 [main] INFO  f.i.s.r.p.i.ProjectInspector - BuildProjectPatchedBuildCandidate
14:24:00.786 [main] INFO  f.i.s.r.p.i.ProjectInspector - TestProjectPatchedBuildCandidate
14:24:00.786 [main] INFO  f.i.s.r.p.i.ProjectInspector - GatherTestInformationPatchedBuildCandidate
14:24:00.787 [main] INFO  f.i.s.r.p.i.ProjectInspector - CommitPatch
14:24:00.787 [main] INFO  f.i.s.r.p.i.ProjectInspector - WritePropertyFile
14:24:00.787 [main] INFO  f.i.s.r.p.i.ProjectInspector - CommitProcessEnd
14:24:00.787 [main] INFO  f.i.s.r.p.i.ProjectInspector - PushProcessEnd
14:24:00.788 [main] DEBUG f.i.s.r.process.step.CloneRepository - ----------------------------------------------------------------------
14:24:00.788 [main] DEBUG f.i.s.r.process.step.CloneRepository - STEP 1/18: CloneRepository
14:24:00.788 [main] DEBUG f.i.s.r.process.step.CloneRepository - ----------------------------------------------------------------------
14:24:00.788 [main] DEBUG f.i.s.r.process.step.CloneRepository - Cloning repository prestodb/presto in the following directory: ./workspace/prestodb/presto/340674701
14:24:44.576 [main] DEBUG f.i.s.r.process.step.CloneRepository - STEP STATUS: [ CloneRepository : SUCCESS ]
14:24:44.577 [main] DEBUG f.i.s.r.process.step.CloneRepository - STEP DURATION: 43s
14:24:44.577 [main] DEBUG f.i.s.r.process.step.CloneRepository - EXECUTE NEXT STEP
14:24:44.578 [main] DEBUG f.i.s.r.p.s.c.CheckoutBuggyBuild - ----------------------------------------------------------------------
14:24:44.578 [main] DEBUG f.i.s.r.p.s.c.CheckoutBuggyBuild - STEP 2/18: CheckoutBuggyBuildCandidate
14:24:44.578 [main] DEBUG f.i.s.r.p.s.c.CheckoutBuggyBuild - ----------------------------------------------------------------------
14:24:44.579 [main] DEBUG f.i.s.r.p.s.c.CheckoutBuggyBuild - Checking out buggy build candidate...
14:24:44.919 [main] INFO  fr.inria.jtravis.JTravis - GitHub ratelimit: Limit: 5000 Remaining: 4714 Reset hour: 19:23:47
14:24:48.511 [main] DEBUG f.i.s.r.p.s.c.CheckoutBuggyBuild - Reproduce the PR for prestodb/presto by fetching remote branch and merging.
14:24:51.322 [main] ERROR f.i.s.r.p.s.c.CheckoutBuggyBuild - Error while testing commit: org.eclipse.jgit.errors.MissingObjectException: Missing unknown 123d3068d9c3e1a3df5e46a00b0b9494e422fac4
14:24:51.324 [main] ERROR f.i.s.r.p.s.c.CheckoutBuggyBuild - Commit head ref cannot be retrieved from the repository: 123d3068d9c3e1a3df5e46a00b0b9494e422fac4. Operation aborted.
14:24:51.324 [main] ERROR f.i.s.r.p.s.c.CheckoutBuggyBuild - Error while merging two commits to reproduce the PR.
14:24:51.325 [main] DEBUG f.i.s.r.p.s.c.CheckoutBuggyBuild - STEP STATUS: [ CheckoutBuggyBuildCandidate : FAILURE ( BUILDNOTCHECKEDOUT ) ]
14:24:51.325 [main] DEBUG f.i.s.r.p.s.c.CheckoutBuggyBuild - STEP DURATION: 6s
14:24:51.325 [main] DEBUG f.i.s.r.p.s.c.CheckoutBuggyBuild - TERMINATE PIPELINE
14:24:51.326 [main] DEBUG f.i.s.r.p.s.c.CheckoutBuggyBuild - FINAL STEPS SKIPPED: The reproduction of the bug and/or the patch failed.
14:24:51.326 [main] INFO  f.i.s.r.p.s.c.CheckoutBuggyBuild - Serialize all data for the pair of builds 340674701, 340690819
14:24:51.443 [main] INFO  fr.inria.jtravis.JTravis - GitHub ratelimit: Limit: 5000 Remaining: 4707 Reset hour: 19:23:47
14:24:52.898 [main] INFO  f.i.s.r.p.i.ProjectInspector - ----------------------------------------------------------------------
14:24:52.898 [main] INFO  f.i.s.r.p.i.ProjectInspector - PIPELINE EXECUTION SUMMARY
14:24:52.899 [main] INFO  f.i.s.r.p.i.ProjectInspector - ----------------------------------------------------------------------
14:24:52.899 [main] INFO  f.i.s.r.p.i.ProjectInspector - CloneRepository.......................................SUCCESS [ 43 s ]
14:24:52.899 [main] INFO  f.i.s.r.p.i.ProjectInspector - CheckoutBuggyBuildCandidate...........................FAILURE [  6 s ]
14:24:52.899 [main] INFO  f.i.s.r.p.i.ProjectInspector - ComputeSourceDir......................................NOT RUN         
14:24:52.899 [main] INFO  f.i.s.r.p.i.ProjectInspector - ComputeTestDir........................................NOT RUN         
14:24:52.900 [main] INFO  f.i.s.r.p.i.ProjectInspector - BuildProjectBuggyBuildCandidate.......................NOT RUN         
14:24:52.900 [main] INFO  f.i.s.r.p.i.ProjectInspector - TestProjectBuggyBuildCandidate........................NOT RUN         
14:24:52.900 [main] INFO  f.i.s.r.p.i.ProjectInspector - GatherTestInformationBuggyBuildCandidate..............NOT RUN         
14:24:52.900 [main] INFO  f.i.s.r.p.i.ProjectInspector - InitRepoToPush........................................NOT RUN         
14:24:52.900 [main] INFO  f.i.s.r.p.i.ProjectInspector - ComputeClasspath......................................NOT RUN         
14:24:52.900 [main] INFO  f.i.s.r.p.i.ProjectInspector - ComputeModules........................................NOT RUN         
14:24:52.901 [main] INFO  f.i.s.r.p.i.ProjectInspector - CheckoutPatchedBuildCandidate.........................NOT RUN         
14:24:52.901 [main] INFO  f.i.s.r.p.i.ProjectInspector - BuildProjectPatchedBuildCandidate.....................NOT RUN         
14:24:52.901 [main] INFO  f.i.s.r.p.i.ProjectInspector - TestProjectPatchedBuildCandidate......................NOT RUN         
14:24:52.901 [main] INFO  f.i.s.r.p.i.ProjectInspector - GatherTestInformationPatchedBuildCandidate............NOT RUN         
14:24:52.901 [main] INFO  f.i.s.r.p.i.ProjectInspector - CommitPatch...........................................NOT RUN         
14:24:52.901 [main] INFO  f.i.s.r.p.i.ProjectInspector - WritePropertyFile.....................................NOT RUN         
14:24:52.902 [main] INFO  f.i.s.r.p.i.ProjectInspector - CommitProcessEnd......................................NOT RUN         
14:24:52.902 [main] INFO  f.i.s.r.p.i.ProjectInspector - PushProcessEnd........................................NOT RUN         
14:24:52.902 [main] INFO  f.i.s.r.p.i.ProjectInspector - ----------------------------------------------------------------------
14:24:52.903 [main] INFO  f.i.s.r.p.i.ProjectInspector - PIPELINE FINDING: BUILDNOTCHECKEDOUT
14:24:52.903 [main] INFO  f.i.s.r.p.i.ProjectInspector - ----------------------------------------------------------------------
14:24:52.903 [main] INFO  f.i.s.repairnator.pipeline.Launcher - Inspector is finished. The process will exit now.
