15:30:54.270 [main] INFO  f.i.s.repairnator.pipeline.Launcher - PIPELINE VERSION: 3.0-2018-08-09 19:04
15:30:54.404 [main] INFO  f.i.s.repairnator.pipeline.Launcher - The pipeline will try to reproduce a bug from build 342718545 and its corresponding patch from build 342739924
15:30:54.405 [main] INFO  f.i.s.repairnator.pipeline.Launcher - Initialize file serializer engines.
15:30:54.407 [main] INFO  f.i.s.repairnator.pipeline.Launcher - MongoDB won't be used for serialization.
15:30:54.407 [main] INFO  f.i.s.repairnator.pipeline.Launcher - The email notifier engine won't be used.
15:30:54.410 [main] INFO  f.i.s.repairnator.pipeline.Launcher - Start by getting the build (buildId: 342718545) with the following config: RepairnatorConfig{runId='f6547159-c29d-40d6-8a8e-3c2ad13c6286_02-18-week3-FAILING_AND_PASSING', launcherMode=BEARS, serializeJson=true, inputPath='null', outputPath='/var/log', mongodbHost='null', mongodbName='repairnator', smtpServer='null', notifyTo=[], notifyEndProcess=false, push=true, pushRemoteRepo='https://github.com/fermadeiral/bears-collection-fp', fork=false, lookFromDate=null, lookToDate=null, buildId=342718545, z3solverPath='./z3_for_linux', workspacePath='./workspace', githubToken='c8a341a903[...]', dockerImageName='null', skipDelete=false, createOutputDir=false, logDirectory='null', nbThreads=0, globalTimeout=0, whiteList=null, blackList=null, jobSleepTime=0, buildSleepTime=0, maxInspectedBuilds=0, duration=null, humanPatch=false, repository='null', clean=true, bearsMode=BOTH, bearsDelimiter = false, repairTools=NopolAllTests,NPEFix,AssertFixer,AstorJGenProg,AstorJKali,NopolSingleTest,AstorJMut,NopolTestExclusionStrategy, githubUserName= fermadeiral, githubUserEmail=fer.madeiral@gmail.com}
15:30:55.714 [main] DEBUG fr.inria.jtravis.helpers.BuildHelper - Get request to :https://api.travis-ci.org/build/342718545 done after 893 ms
15:30:56.002 [main] DEBUG fr.inria.jtravis.helpers.BuildHelper - Get request to :https://api.travis-ci.org/build/342739924 done after 146 ms
15:30:56.022 [main] INFO  f.i.s.repairnator.pipeline.Launcher - The patched build (342739924) was successfully retrieved from Travis.
15:30:57.146 [main] INFO  fr.inria.jtravis.JTravis - GitHub ratelimit: Limit: 5000 Remaining: 4829 Reset hour: 19:25:18
15:30:57.851 [main] INFO  f.i.s.r.p.i.ProjectInspector - ----------------------------------------------------------------------
15:30:57.851 [main] INFO  f.i.s.r.p.i.ProjectInspector - PIPELINE STEPS
15:30:57.851 [main] INFO  f.i.s.r.p.i.ProjectInspector - ----------------------------------------------------------------------
15:30:57.851 [main] INFO  f.i.s.r.p.i.ProjectInspector - CloneRepository
15:30:57.851 [main] INFO  f.i.s.r.p.i.ProjectInspector - CheckoutBuggyBuildCandidate
15:30:57.851 [main] INFO  f.i.s.r.p.i.ProjectInspector - ComputeSourceDir
15:30:57.852 [main] INFO  f.i.s.r.p.i.ProjectInspector - ComputeTestDir
15:30:57.852 [main] INFO  f.i.s.r.p.i.ProjectInspector - BuildProjectBuggyBuildCandidate
15:30:57.852 [main] INFO  f.i.s.r.p.i.ProjectInspector - TestProjectBuggyBuildCandidate
15:30:57.852 [main] INFO  f.i.s.r.p.i.ProjectInspector - GatherTestInformationBuggyBuildCandidate
15:30:57.852 [main] INFO  f.i.s.r.p.i.ProjectInspector - InitRepoToPush
15:30:57.852 [main] INFO  f.i.s.r.p.i.ProjectInspector - ComputeClasspath
15:30:57.852 [main] INFO  f.i.s.r.p.i.ProjectInspector - ComputeModules
15:30:57.854 [main] INFO  f.i.s.r.p.i.ProjectInspector - CheckoutPatchedBuildCandidate
15:30:57.854 [main] INFO  f.i.s.r.p.i.ProjectInspector - BuildProjectPatchedBuildCandidate
15:30:57.855 [main] INFO  f.i.s.r.p.i.ProjectInspector - TestProjectPatchedBuildCandidate
15:30:57.855 [main] INFO  f.i.s.r.p.i.ProjectInspector - GatherTestInformationPatchedBuildCandidate
15:30:57.855 [main] INFO  f.i.s.r.p.i.ProjectInspector - CommitPatch
15:30:57.855 [main] INFO  f.i.s.r.p.i.ProjectInspector - WritePropertyFile
15:30:57.856 [main] INFO  f.i.s.r.p.i.ProjectInspector - CommitProcessEnd
15:30:57.856 [main] INFO  f.i.s.r.p.i.ProjectInspector - PushProcessEnd
15:30:57.857 [main] DEBUG f.i.s.r.process.step.CloneRepository - ----------------------------------------------------------------------
15:30:57.857 [main] DEBUG f.i.s.r.process.step.CloneRepository - STEP 1/18: CloneRepository
15:30:57.858 [main] DEBUG f.i.s.r.process.step.CloneRepository - ----------------------------------------------------------------------
15:30:57.858 [main] DEBUG f.i.s.r.process.step.CloneRepository - Cloning repository apache/flink in the following directory: ./workspace/apache/flink/342718545
15:31:59.319 [main] DEBUG f.i.s.r.process.step.CloneRepository - STEP STATUS: [ CloneRepository : SUCCESS ]
15:31:59.320 [main] DEBUG f.i.s.r.process.step.CloneRepository - STEP DURATION: 61s
15:31:59.320 [main] DEBUG f.i.s.r.process.step.CloneRepository - EXECUTE NEXT STEP
15:31:59.320 [main] DEBUG f.i.s.r.p.s.c.CheckoutBuggyBuild - ----------------------------------------------------------------------
15:31:59.320 [main] DEBUG f.i.s.r.p.s.c.CheckoutBuggyBuild - STEP 2/18: CheckoutBuggyBuildCandidate
15:31:59.321 [main] DEBUG f.i.s.r.p.s.c.CheckoutBuggyBuild - ----------------------------------------------------------------------
15:31:59.321 [main] DEBUG f.i.s.r.p.s.c.CheckoutBuggyBuild - Checking out buggy build candidate...
15:31:59.731 [main] INFO  fr.inria.jtravis.JTravis - GitHub ratelimit: Limit: 5000 Remaining: 4824 Reset hour: 19:25:18
15:32:03.307 [main] DEBUG f.i.s.r.p.s.c.CheckoutBuggyBuild - Reproduce the PR for apache/flink by fetching remote branch and merging.
15:32:09.021 [main] ERROR f.i.s.r.p.s.c.CheckoutBuggyBuild - Error while testing commit: org.eclipse.jgit.errors.MissingObjectException: Missing unknown 5026fb052ba995f775ff3b6809f6cebdfd207140
15:32:09.023 [main] ERROR f.i.s.r.p.s.c.CheckoutBuggyBuild - Commit head ref cannot be retrieved from the repository: 5026fb052ba995f775ff3b6809f6cebdfd207140. Operation aborted.
15:32:09.024 [main] ERROR f.i.s.r.p.s.c.CheckoutBuggyBuild - Error while merging two commits to reproduce the PR.
15:32:09.025 [main] DEBUG f.i.s.r.p.s.c.CheckoutBuggyBuild - STEP STATUS: [ CheckoutBuggyBuildCandidate : FAILURE ( BUILDNOTCHECKEDOUT ) ]
15:32:09.026 [main] DEBUG f.i.s.r.p.s.c.CheckoutBuggyBuild - STEP DURATION: 9s
15:32:09.026 [main] DEBUG f.i.s.r.p.s.c.CheckoutBuggyBuild - TERMINATE PIPELINE
15:32:09.027 [main] DEBUG f.i.s.r.p.s.c.CheckoutBuggyBuild - FINAL STEPS SKIPPED: The reproduction of the bug and/or the patch failed.
15:32:09.027 [main] INFO  f.i.s.r.p.s.c.CheckoutBuggyBuild - Serialize all data for the pair of builds 342718545, 342739924
15:32:09.370 [main] INFO  fr.inria.jtravis.JTravis - GitHub ratelimit: Limit: 5000 Remaining: 4817 Reset hour: 19:25:18
15:32:11.218 [main] INFO  f.i.s.r.p.i.ProjectInspector - ----------------------------------------------------------------------
15:32:11.218 [main] INFO  f.i.s.r.p.i.ProjectInspector - PIPELINE EXECUTION SUMMARY
15:32:11.219 [main] INFO  f.i.s.r.p.i.ProjectInspector - ----------------------------------------------------------------------
15:32:11.219 [main] INFO  f.i.s.r.p.i.ProjectInspector - CloneRepository.......................................SUCCESS [ 61 s ]
15:32:11.219 [main] INFO  f.i.s.r.p.i.ProjectInspector - CheckoutBuggyBuildCandidate...........................FAILURE [  9 s ]
15:32:11.219 [main] INFO  f.i.s.r.p.i.ProjectInspector - ComputeSourceDir......................................NOT RUN         
15:32:11.220 [main] INFO  f.i.s.r.p.i.ProjectInspector - ComputeTestDir........................................NOT RUN         
15:32:11.220 [main] INFO  f.i.s.r.p.i.ProjectInspector - BuildProjectBuggyBuildCandidate.......................NOT RUN         
15:32:11.220 [main] INFO  f.i.s.r.p.i.ProjectInspector - TestProjectBuggyBuildCandidate........................NOT RUN         
15:32:11.220 [main] INFO  f.i.s.r.p.i.ProjectInspector - GatherTestInformationBuggyBuildCandidate..............NOT RUN         
15:32:11.220 [main] INFO  f.i.s.r.p.i.ProjectInspector - InitRepoToPush........................................NOT RUN         
15:32:11.230 [main] INFO  f.i.s.r.p.i.ProjectInspector - ComputeClasspath......................................NOT RUN         
15:32:11.230 [main] INFO  f.i.s.r.p.i.ProjectInspector - ComputeModules........................................NOT RUN         
15:32:11.231 [main] INFO  f.i.s.r.p.i.ProjectInspector - CheckoutPatchedBuildCandidate.........................NOT RUN         
15:32:11.231 [main] INFO  f.i.s.r.p.i.ProjectInspector - BuildProjectPatchedBuildCandidate.....................NOT RUN         
15:32:11.231 [main] INFO  f.i.s.r.p.i.ProjectInspector - TestProjectPatchedBuildCandidate......................NOT RUN         
15:32:11.231 [main] INFO  f.i.s.r.p.i.ProjectInspector - GatherTestInformationPatchedBuildCandidate............NOT RUN         
15:32:11.231 [main] INFO  f.i.s.r.p.i.ProjectInspector - CommitPatch...........................................NOT RUN         
15:32:11.231 [main] INFO  f.i.s.r.p.i.ProjectInspector - WritePropertyFile.....................................NOT RUN         
15:32:11.231 [main] INFO  f.i.s.r.p.i.ProjectInspector - CommitProcessEnd......................................NOT RUN         
15:32:11.231 [main] INFO  f.i.s.r.p.i.ProjectInspector - PushProcessEnd........................................NOT RUN         
15:32:11.231 [main] INFO  f.i.s.r.p.i.ProjectInspector - ----------------------------------------------------------------------
15:32:11.231 [main] INFO  f.i.s.r.p.i.ProjectInspector - PIPELINE FINDING: BUILDNOTCHECKEDOUT
15:32:11.232 [main] INFO  f.i.s.r.p.i.ProjectInspector - ----------------------------------------------------------------------
15:32:11.232 [main] INFO  f.i.s.repairnator.pipeline.Launcher - Inspector is finished. The process will exit now.
