19:30:16.205 [main] INFO  f.i.s.repairnator.pipeline.Launcher - PIPELINE VERSION: 3.0-2018-08-09 19:04
19:30:16.372 [main] INFO  f.i.s.repairnator.pipeline.Launcher - The pipeline will try to reproduce a bug from build 341990820 and its corresponding patch from build 342017966
19:30:16.373 [main] INFO  f.i.s.repairnator.pipeline.Launcher - Initialize file serializer engines.
19:30:16.378 [main] INFO  f.i.s.repairnator.pipeline.Launcher - MongoDB won't be used for serialization.
19:30:16.379 [main] INFO  f.i.s.repairnator.pipeline.Launcher - The email notifier engine won't be used.
19:30:16.383 [main] INFO  f.i.s.repairnator.pipeline.Launcher - Start by getting the build (buildId: 341990820) with the following config: RepairnatorConfig{runId='f6547159-c29d-40d6-8a8e-3c2ad13c6286_02-18-week3-FAILING_AND_PASSING', launcherMode=BEARS, serializeJson=true, inputPath='null', outputPath='/var/log', mongodbHost='null', mongodbName='repairnator', smtpServer='null', notifyTo=[], notifyEndProcess=false, push=true, pushRemoteRepo='https://github.com/fermadeiral/bears-collection-fp', fork=false, lookFromDate=null, lookToDate=null, buildId=341990820, z3solverPath='./z3_for_linux', workspacePath='./workspace', githubToken='c8a341a903[...]', dockerImageName='null', skipDelete=false, createOutputDir=false, logDirectory='null', nbThreads=0, globalTimeout=0, whiteList=null, blackList=null, jobSleepTime=0, buildSleepTime=0, maxInspectedBuilds=0, duration=null, humanPatch=false, repository='null', clean=true, bearsMode=BOTH, bearsDelimiter = false, repairTools=NopolAllTests,NPEFix,AssertFixer,AstorJGenProg,AstorJKali,NopolSingleTest,AstorJMut,NopolTestExclusionStrategy, githubUserName= fermadeiral, githubUserEmail=fer.madeiral@gmail.com}
19:30:17.838 [main] DEBUG fr.inria.jtravis.helpers.BuildHelper - Get request to :https://api.travis-ci.org/build/341990820 done after 873 ms
19:30:18.123 [main] DEBUG fr.inria.jtravis.helpers.BuildHelper - Get request to :https://api.travis-ci.org/build/342017966 done after 137 ms
19:30:18.157 [main] INFO  f.i.s.repairnator.pipeline.Launcher - The patched build (342017966) was successfully retrieved from Travis.
19:30:19.511 [main] INFO  fr.inria.jtravis.JTravis - GitHub ratelimit: Limit: 5000 Remaining: 4640 Reset hour: 19:25:33
19:30:19.804 [main] INFO  f.i.s.r.p.i.ProjectInspector - ----------------------------------------------------------------------
19:30:19.804 [main] INFO  f.i.s.r.p.i.ProjectInspector - PIPELINE STEPS
19:30:19.804 [main] INFO  f.i.s.r.p.i.ProjectInspector - ----------------------------------------------------------------------
19:30:19.805 [main] INFO  f.i.s.r.p.i.ProjectInspector - CloneRepository
19:30:19.805 [main] INFO  f.i.s.r.p.i.ProjectInspector - CheckoutBuggyBuildCandidate
19:30:19.805 [main] INFO  f.i.s.r.p.i.ProjectInspector - ComputeSourceDir
19:30:19.806 [main] INFO  f.i.s.r.p.i.ProjectInspector - ComputeTestDir
19:30:19.806 [main] INFO  f.i.s.r.p.i.ProjectInspector - BuildProjectBuggyBuildCandidate
19:30:19.806 [main] INFO  f.i.s.r.p.i.ProjectInspector - TestProjectBuggyBuildCandidate
19:30:19.806 [main] INFO  f.i.s.r.p.i.ProjectInspector - GatherTestInformationBuggyBuildCandidate
19:30:19.806 [main] INFO  f.i.s.r.p.i.ProjectInspector - InitRepoToPush
19:30:19.807 [main] INFO  f.i.s.r.p.i.ProjectInspector - ComputeClasspath
19:30:19.807 [main] INFO  f.i.s.r.p.i.ProjectInspector - ComputeModules
19:30:19.807 [main] INFO  f.i.s.r.p.i.ProjectInspector - CheckoutPatchedBuildCandidate
19:30:19.807 [main] INFO  f.i.s.r.p.i.ProjectInspector - BuildProjectPatchedBuildCandidate
19:30:19.808 [main] INFO  f.i.s.r.p.i.ProjectInspector - TestProjectPatchedBuildCandidate
19:30:19.808 [main] INFO  f.i.s.r.p.i.ProjectInspector - GatherTestInformationPatchedBuildCandidate
19:30:19.808 [main] INFO  f.i.s.r.p.i.ProjectInspector - CommitPatch
19:30:19.808 [main] INFO  f.i.s.r.p.i.ProjectInspector - WritePropertyFile
19:30:19.808 [main] INFO  f.i.s.r.p.i.ProjectInspector - CommitProcessEnd
19:30:19.809 [main] INFO  f.i.s.r.p.i.ProjectInspector - PushProcessEnd
19:30:19.809 [main] DEBUG f.i.s.r.process.step.CloneRepository - ----------------------------------------------------------------------
19:30:19.810 [main] DEBUG f.i.s.r.process.step.CloneRepository - STEP 1/18: CloneRepository
19:30:19.810 [main] DEBUG f.i.s.r.process.step.CloneRepository - ----------------------------------------------------------------------
19:30:19.811 [main] DEBUG f.i.s.r.process.step.CloneRepository - Cloning repository batfish/batfish in the following directory: ./workspace/batfish/batfish/341990820
19:31:21.684 [main] DEBUG f.i.s.r.process.step.CloneRepository - STEP STATUS: [ CloneRepository : SUCCESS ]
19:31:21.684 [main] DEBUG f.i.s.r.process.step.CloneRepository - STEP DURATION: 61s
19:31:21.685 [main] DEBUG f.i.s.r.process.step.CloneRepository - EXECUTE NEXT STEP
19:31:21.685 [main] DEBUG f.i.s.r.p.s.c.CheckoutBuggyBuild - ----------------------------------------------------------------------
19:31:21.685 [main] DEBUG f.i.s.r.p.s.c.CheckoutBuggyBuild - STEP 2/18: CheckoutBuggyBuildCandidate
19:31:21.685 [main] DEBUG f.i.s.r.p.s.c.CheckoutBuggyBuild - ----------------------------------------------------------------------
19:31:21.685 [main] DEBUG f.i.s.r.p.s.c.CheckoutBuggyBuild - Checking out buggy build candidate...
19:31:22.057 [main] INFO  fr.inria.jtravis.JTravis - GitHub ratelimit: Limit: 5000 Remaining: 4631 Reset hour: 19:25:33
19:31:24.173 [main] DEBUG f.i.s.r.p.s.c.CheckoutBuggyBuild - Reproduce the PR for batfish/batfish by fetching remote branch and merging.
19:31:26.032 [main] ERROR f.i.s.r.p.s.c.CheckoutBuggyBuild - Error while testing commit: org.eclipse.jgit.errors.MissingObjectException: Missing unknown 4c6483f5cac07ff8f513f634dbd4dc642d1ed6dc
19:31:26.032 [main] ERROR f.i.s.r.p.s.c.CheckoutBuggyBuild - Commit head ref cannot be retrieved from the repository: 4c6483f5cac07ff8f513f634dbd4dc642d1ed6dc. Operation aborted.
19:31:26.033 [main] ERROR f.i.s.r.p.s.c.CheckoutBuggyBuild - Error while merging two commits to reproduce the PR.
19:31:26.034 [main] DEBUG f.i.s.r.p.s.c.CheckoutBuggyBuild - STEP STATUS: [ CheckoutBuggyBuildCandidate : FAILURE ( BUILDNOTCHECKEDOUT ) ]
19:31:26.034 [main] DEBUG f.i.s.r.p.s.c.CheckoutBuggyBuild - STEP DURATION: 4s
19:31:26.034 [main] DEBUG f.i.s.r.p.s.c.CheckoutBuggyBuild - TERMINATE PIPELINE
19:31:26.034 [main] DEBUG f.i.s.r.p.s.c.CheckoutBuggyBuild - FINAL STEPS SKIPPED: The reproduction of the bug and/or the patch failed.
19:31:26.035 [main] INFO  f.i.s.r.p.s.c.CheckoutBuggyBuild - Serialize all data for the pair of builds 341990820, 342017966
19:31:26.169 [main] INFO  fr.inria.jtravis.JTravis - GitHub ratelimit: Limit: 5000 Remaining: 4624 Reset hour: 19:25:33
19:31:27.264 [main] INFO  f.i.s.r.p.i.ProjectInspector - ----------------------------------------------------------------------
19:31:27.265 [main] INFO  f.i.s.r.p.i.ProjectInspector - PIPELINE EXECUTION SUMMARY
19:31:27.265 [main] INFO  f.i.s.r.p.i.ProjectInspector - ----------------------------------------------------------------------
19:31:27.265 [main] INFO  f.i.s.r.p.i.ProjectInspector - CloneRepository.......................................SUCCESS [ 61 s ]
19:31:27.265 [main] INFO  f.i.s.r.p.i.ProjectInspector - CheckoutBuggyBuildCandidate...........................FAILURE [  4 s ]
19:31:27.266 [main] INFO  f.i.s.r.p.i.ProjectInspector - ComputeSourceDir......................................NOT RUN         
19:31:27.266 [main] INFO  f.i.s.r.p.i.ProjectInspector - ComputeTestDir........................................NOT RUN         
19:31:27.266 [main] INFO  f.i.s.r.p.i.ProjectInspector - BuildProjectBuggyBuildCandidate.......................NOT RUN         
19:31:27.266 [main] INFO  f.i.s.r.p.i.ProjectInspector - TestProjectBuggyBuildCandidate........................NOT RUN         
19:31:27.266 [main] INFO  f.i.s.r.p.i.ProjectInspector - GatherTestInformationBuggyBuildCandidate..............NOT RUN         
19:31:27.267 [main] INFO  f.i.s.r.p.i.ProjectInspector - InitRepoToPush........................................NOT RUN         
19:31:27.270 [main] INFO  f.i.s.r.p.i.ProjectInspector - ComputeClasspath......................................NOT RUN         
19:31:27.270 [main] INFO  f.i.s.r.p.i.ProjectInspector - ComputeModules........................................NOT RUN         
19:31:27.270 [main] INFO  f.i.s.r.p.i.ProjectInspector - CheckoutPatchedBuildCandidate.........................NOT RUN         
19:31:27.270 [main] INFO  f.i.s.r.p.i.ProjectInspector - BuildProjectPatchedBuildCandidate.....................NOT RUN         
19:31:27.270 [main] INFO  f.i.s.r.p.i.ProjectInspector - TestProjectPatchedBuildCandidate......................NOT RUN         
19:31:27.271 [main] INFO  f.i.s.r.p.i.ProjectInspector - GatherTestInformationPatchedBuildCandidate............NOT RUN         
19:31:27.271 [main] INFO  f.i.s.r.p.i.ProjectInspector - CommitPatch...........................................NOT RUN         
19:31:27.271 [main] INFO  f.i.s.r.p.i.ProjectInspector - WritePropertyFile.....................................NOT RUN         
19:31:27.271 [main] INFO  f.i.s.r.p.i.ProjectInspector - CommitProcessEnd......................................NOT RUN         
19:31:27.271 [main] INFO  f.i.s.r.p.i.ProjectInspector - PushProcessEnd........................................NOT RUN         
19:31:27.271 [main] INFO  f.i.s.r.p.i.ProjectInspector - ----------------------------------------------------------------------
19:31:27.272 [main] INFO  f.i.s.r.p.i.ProjectInspector - PIPELINE FINDING: BUILDNOTCHECKEDOUT
19:31:27.272 [main] INFO  f.i.s.r.p.i.ProjectInspector - ----------------------------------------------------------------------
19:31:27.272 [main] INFO  f.i.s.repairnator.pipeline.Launcher - Inspector is finished. The process will exit now.
