18:35:40.389 [main] INFO  f.i.s.repairnator.pipeline.Launcher - PIPELINE VERSION: 3.0-2018-08-09 19:04
18:35:40.497 [main] INFO  f.i.s.repairnator.pipeline.Launcher - The pipeline will try to reproduce a bug from build 341827440 and its corresponding patch from build 341847520
18:35:40.498 [main] INFO  f.i.s.repairnator.pipeline.Launcher - Initialize file serializer engines.
18:35:40.499 [main] INFO  f.i.s.repairnator.pipeline.Launcher - MongoDB won't be used for serialization.
18:35:40.500 [main] INFO  f.i.s.repairnator.pipeline.Launcher - The email notifier engine won't be used.
18:35:40.506 [main] INFO  f.i.s.repairnator.pipeline.Launcher - Start by getting the build (buildId: 341827440) with the following config: RepairnatorConfig{runId='f6547159-c29d-40d6-8a8e-3c2ad13c6286_02-18-week3-FAILING_AND_PASSING', launcherMode=BEARS, serializeJson=true, inputPath='null', outputPath='/var/log', mongodbHost='null', mongodbName='repairnator', smtpServer='null', notifyTo=[], notifyEndProcess=false, push=true, pushRemoteRepo='https://github.com/fermadeiral/bears-collection-fp', fork=false, lookFromDate=null, lookToDate=null, buildId=341827440, z3solverPath='./z3_for_linux', workspacePath='./workspace', githubToken='c8a341a903[...]', dockerImageName='null', skipDelete=false, createOutputDir=false, logDirectory='null', nbThreads=0, globalTimeout=0, whiteList=null, blackList=null, jobSleepTime=0, buildSleepTime=0, maxInspectedBuilds=0, duration=null, humanPatch=false, repository='null', clean=true, bearsMode=BOTH, bearsDelimiter = false, repairTools=NopolAllTests,NPEFix,AssertFixer,AstorJGenProg,AstorJKali,NopolSingleTest,AstorJMut,NopolTestExclusionStrategy, githubUserName= fermadeiral, githubUserEmail=fer.madeiral@gmail.com}
18:35:41.724 [main] DEBUG fr.inria.jtravis.helpers.BuildHelper - Get request to :https://api.travis-ci.org/build/341827440 done after 827 ms
18:35:41.958 [main] DEBUG fr.inria.jtravis.helpers.BuildHelper - Get request to :https://api.travis-ci.org/build/341847520 done after 130 ms
18:35:41.969 [main] INFO  f.i.s.repairnator.pipeline.Launcher - The patched build (341847520) was successfully retrieved from Travis.
18:35:43.038 [main] INFO  fr.inria.jtravis.JTravis - GitHub ratelimit: Limit: 5000 Remaining: 4905 Reset hour: 19:25:29
18:35:43.315 [main] INFO  f.i.s.r.p.i.ProjectInspector - ----------------------------------------------------------------------
18:35:43.315 [main] INFO  f.i.s.r.p.i.ProjectInspector - PIPELINE STEPS
18:35:43.315 [main] INFO  f.i.s.r.p.i.ProjectInspector - ----------------------------------------------------------------------
18:35:43.316 [main] INFO  f.i.s.r.p.i.ProjectInspector - CloneRepository
18:35:43.316 [main] INFO  f.i.s.r.p.i.ProjectInspector - CheckoutBuggyBuildCandidate
18:35:43.317 [main] INFO  f.i.s.r.p.i.ProjectInspector - ComputeSourceDir
18:35:43.317 [main] INFO  f.i.s.r.p.i.ProjectInspector - ComputeTestDir
18:35:43.317 [main] INFO  f.i.s.r.p.i.ProjectInspector - BuildProjectBuggyBuildCandidate
18:35:43.317 [main] INFO  f.i.s.r.p.i.ProjectInspector - TestProjectBuggyBuildCandidate
18:35:43.317 [main] INFO  f.i.s.r.p.i.ProjectInspector - GatherTestInformationBuggyBuildCandidate
18:35:43.317 [main] INFO  f.i.s.r.p.i.ProjectInspector - InitRepoToPush
18:35:43.318 [main] INFO  f.i.s.r.p.i.ProjectInspector - ComputeClasspath
18:35:43.318 [main] INFO  f.i.s.r.p.i.ProjectInspector - ComputeModules
18:35:43.318 [main] INFO  f.i.s.r.p.i.ProjectInspector - CheckoutPatchedBuildCandidate
18:35:43.318 [main] INFO  f.i.s.r.p.i.ProjectInspector - BuildProjectPatchedBuildCandidate
18:35:43.318 [main] INFO  f.i.s.r.p.i.ProjectInspector - TestProjectPatchedBuildCandidate
18:35:43.318 [main] INFO  f.i.s.r.p.i.ProjectInspector - GatherTestInformationPatchedBuildCandidate
18:35:43.318 [main] INFO  f.i.s.r.p.i.ProjectInspector - CommitPatch
18:35:43.319 [main] INFO  f.i.s.r.p.i.ProjectInspector - WritePropertyFile
18:35:43.319 [main] INFO  f.i.s.r.p.i.ProjectInspector - CommitProcessEnd
18:35:43.319 [main] INFO  f.i.s.r.p.i.ProjectInspector - PushProcessEnd
18:35:43.319 [main] DEBUG f.i.s.r.process.step.CloneRepository - ----------------------------------------------------------------------
18:35:43.319 [main] DEBUG f.i.s.r.process.step.CloneRepository - STEP 1/18: CloneRepository
18:35:43.320 [main] DEBUG f.i.s.r.process.step.CloneRepository - ----------------------------------------------------------------------
18:35:43.320 [main] DEBUG f.i.s.r.process.step.CloneRepository - Cloning repository apache/nifi in the following directory: ./workspace/apache/nifi/341827440
18:36:22.682 [main] DEBUG f.i.s.r.process.step.CloneRepository - STEP STATUS: [ CloneRepository : SUCCESS ]
18:36:22.682 [main] DEBUG f.i.s.r.process.step.CloneRepository - STEP DURATION: 39s
18:36:22.683 [main] DEBUG f.i.s.r.process.step.CloneRepository - EXECUTE NEXT STEP
18:36:22.683 [main] DEBUG f.i.s.r.p.s.c.CheckoutBuggyBuild - ----------------------------------------------------------------------
18:36:22.683 [main] DEBUG f.i.s.r.p.s.c.CheckoutBuggyBuild - STEP 2/18: CheckoutBuggyBuildCandidate
18:36:22.683 [main] DEBUG f.i.s.r.p.s.c.CheckoutBuggyBuild - ----------------------------------------------------------------------
18:36:22.684 [main] DEBUG f.i.s.r.p.s.c.CheckoutBuggyBuild - Checking out buggy build candidate...
18:36:23.009 [main] INFO  fr.inria.jtravis.JTravis - GitHub ratelimit: Limit: 5000 Remaining: 4904 Reset hour: 19:25:29
18:36:25.774 [main] DEBUG f.i.s.r.p.s.c.CheckoutBuggyBuild - Reproduce the PR for apache/nifi by fetching remote branch and merging.
18:36:28.419 [main] ERROR f.i.s.r.p.s.c.CheckoutBuggyBuild - Error while testing commit: org.eclipse.jgit.errors.MissingObjectException: Missing unknown 03822940bcfc805a6a305a306c0a56ce16cb04af
18:36:28.420 [main] ERROR f.i.s.r.p.s.c.CheckoutBuggyBuild - Commit head ref cannot be retrieved from the repository: 03822940bcfc805a6a305a306c0a56ce16cb04af. Operation aborted.
18:36:28.421 [main] ERROR f.i.s.r.p.s.c.CheckoutBuggyBuild - Error while merging two commits to reproduce the PR.
18:36:28.422 [main] DEBUG f.i.s.r.p.s.c.CheckoutBuggyBuild - STEP STATUS: [ CheckoutBuggyBuildCandidate : FAILURE ( BUILDNOTCHECKEDOUT ) ]
18:36:28.423 [main] DEBUG f.i.s.r.p.s.c.CheckoutBuggyBuild - STEP DURATION: 5s
18:36:28.423 [main] DEBUG f.i.s.r.p.s.c.CheckoutBuggyBuild - TERMINATE PIPELINE
18:36:28.424 [main] DEBUG f.i.s.r.p.s.c.CheckoutBuggyBuild - FINAL STEPS SKIPPED: The reproduction of the bug and/or the patch failed.
18:36:28.424 [main] INFO  f.i.s.r.p.s.c.CheckoutBuggyBuild - Serialize all data for the pair of builds 341827440, 341847520
18:36:28.552 [main] INFO  fr.inria.jtravis.JTravis - GitHub ratelimit: Limit: 5000 Remaining: 4897 Reset hour: 19:25:29
18:36:30.207 [main] INFO  f.i.s.r.p.i.ProjectInspector - ----------------------------------------------------------------------
18:36:30.208 [main] INFO  f.i.s.r.p.i.ProjectInspector - PIPELINE EXECUTION SUMMARY
18:36:30.208 [main] INFO  f.i.s.r.p.i.ProjectInspector - ----------------------------------------------------------------------
18:36:30.208 [main] INFO  f.i.s.r.p.i.ProjectInspector - CloneRepository.......................................SUCCESS [ 39 s ]
18:36:30.208 [main] INFO  f.i.s.r.p.i.ProjectInspector - CheckoutBuggyBuildCandidate...........................FAILURE [  5 s ]
18:36:30.209 [main] INFO  f.i.s.r.p.i.ProjectInspector - ComputeSourceDir......................................NOT RUN         
18:36:30.209 [main] INFO  f.i.s.r.p.i.ProjectInspector - ComputeTestDir........................................NOT RUN         
18:36:30.209 [main] INFO  f.i.s.r.p.i.ProjectInspector - BuildProjectBuggyBuildCandidate.......................NOT RUN         
18:36:30.209 [main] INFO  f.i.s.r.p.i.ProjectInspector - TestProjectBuggyBuildCandidate........................NOT RUN         
18:36:30.209 [main] INFO  f.i.s.r.p.i.ProjectInspector - GatherTestInformationBuggyBuildCandidate..............NOT RUN         
18:36:30.209 [main] INFO  f.i.s.r.p.i.ProjectInspector - InitRepoToPush........................................NOT RUN         
18:36:30.210 [main] INFO  f.i.s.r.p.i.ProjectInspector - ComputeClasspath......................................NOT RUN         
18:36:30.210 [main] INFO  f.i.s.r.p.i.ProjectInspector - ComputeModules........................................NOT RUN         
18:36:30.210 [main] INFO  f.i.s.r.p.i.ProjectInspector - CheckoutPatchedBuildCandidate.........................NOT RUN         
18:36:30.210 [main] INFO  f.i.s.r.p.i.ProjectInspector - BuildProjectPatchedBuildCandidate.....................NOT RUN         
18:36:30.210 [main] INFO  f.i.s.r.p.i.ProjectInspector - TestProjectPatchedBuildCandidate......................NOT RUN         
18:36:30.210 [main] INFO  f.i.s.r.p.i.ProjectInspector - GatherTestInformationPatchedBuildCandidate............NOT RUN         
18:36:30.211 [main] INFO  f.i.s.r.p.i.ProjectInspector - CommitPatch...........................................NOT RUN         
18:36:30.211 [main] INFO  f.i.s.r.p.i.ProjectInspector - WritePropertyFile.....................................NOT RUN         
18:36:30.211 [main] INFO  f.i.s.r.p.i.ProjectInspector - CommitProcessEnd......................................NOT RUN         
18:36:30.211 [main] INFO  f.i.s.r.p.i.ProjectInspector - PushProcessEnd........................................NOT RUN         
18:36:30.211 [main] INFO  f.i.s.r.p.i.ProjectInspector - ----------------------------------------------------------------------
18:36:30.211 [main] INFO  f.i.s.r.p.i.ProjectInspector - PIPELINE FINDING: BUILDNOTCHECKEDOUT
18:36:30.212 [main] INFO  f.i.s.r.p.i.ProjectInspector - ----------------------------------------------------------------------
18:36:30.212 [main] INFO  f.i.s.repairnator.pipeline.Launcher - Inspector is finished. The process will exit now.
