19:20:19.116 [main] INFO  f.i.s.repairnator.pipeline.Launcher - PIPELINE VERSION: 3.0-2018-08-09 19:04
19:20:19.229 [main] INFO  f.i.s.repairnator.pipeline.Launcher - The pipeline will try to reproduce a bug from build 344073668 and its corresponding patch from build 344083654
19:20:19.230 [main] INFO  f.i.s.repairnator.pipeline.Launcher - Initialize file serializer engines.
19:20:19.231 [main] INFO  f.i.s.repairnator.pipeline.Launcher - MongoDB won't be used for serialization.
19:20:19.231 [main] INFO  f.i.s.repairnator.pipeline.Launcher - The email notifier engine won't be used.
19:20:19.234 [main] INFO  f.i.s.repairnator.pipeline.Launcher - Start by getting the build (buildId: 344073668) with the following config: RepairnatorConfig{runId='f6547159-c29d-40d6-8a8e-3c2ad13c6286_02-18-week3-FAILING_AND_PASSING', launcherMode=BEARS, serializeJson=true, inputPath='null', outputPath='/var/log', mongodbHost='null', mongodbName='repairnator', smtpServer='null', notifyTo=[], notifyEndProcess=false, push=true, pushRemoteRepo='https://github.com/fermadeiral/bears-collection-fp', fork=false, lookFromDate=null, lookToDate=null, buildId=344073668, z3solverPath='./z3_for_linux', workspacePath='./workspace', githubToken='c8a341a903[...]', dockerImageName='null', skipDelete=false, createOutputDir=false, logDirectory='null', nbThreads=0, globalTimeout=0, whiteList=null, blackList=null, jobSleepTime=0, buildSleepTime=0, maxInspectedBuilds=0, duration=null, humanPatch=false, repository='null', clean=true, bearsMode=BOTH, bearsDelimiter = false, repairTools=NopolAllTests,NPEFix,AssertFixer,AstorJGenProg,AstorJKali,NopolSingleTest,AstorJMut,NopolTestExclusionStrategy, githubUserName= fermadeiral, githubUserEmail=fer.madeiral@gmail.com}
19:20:20.445 [main] DEBUG fr.inria.jtravis.helpers.BuildHelper - Get request to :https://api.travis-ci.org/build/344073668 done after 796 ms
19:20:20.705 [main] DEBUG fr.inria.jtravis.helpers.BuildHelper - Get request to :https://api.travis-ci.org/build/344083654 done after 134 ms
19:20:20.717 [main] INFO  f.i.s.repairnator.pipeline.Launcher - The patched build (344083654) was successfully retrieved from Travis.
19:20:21.740 [main] INFO  fr.inria.jtravis.JTravis - GitHub ratelimit: Limit: 5000 Remaining: 4774 Reset hour: 19:25:33
19:20:21.991 [main] INFO  f.i.s.r.p.i.ProjectInspector - ----------------------------------------------------------------------
19:20:21.992 [main] INFO  f.i.s.r.p.i.ProjectInspector - PIPELINE STEPS
19:20:21.992 [main] INFO  f.i.s.r.p.i.ProjectInspector - ----------------------------------------------------------------------
19:20:21.992 [main] INFO  f.i.s.r.p.i.ProjectInspector - CloneRepository
19:20:21.992 [main] INFO  f.i.s.r.p.i.ProjectInspector - CheckoutBuggyBuildCandidate
19:20:21.992 [main] INFO  f.i.s.r.p.i.ProjectInspector - ComputeSourceDir
19:20:21.992 [main] INFO  f.i.s.r.p.i.ProjectInspector - ComputeTestDir
19:20:21.992 [main] INFO  f.i.s.r.p.i.ProjectInspector - BuildProjectBuggyBuildCandidate
19:20:21.993 [main] INFO  f.i.s.r.p.i.ProjectInspector - TestProjectBuggyBuildCandidate
19:20:21.993 [main] INFO  f.i.s.r.p.i.ProjectInspector - GatherTestInformationBuggyBuildCandidate
19:20:21.993 [main] INFO  f.i.s.r.p.i.ProjectInspector - InitRepoToPush
19:20:21.993 [main] INFO  f.i.s.r.p.i.ProjectInspector - ComputeClasspath
19:20:21.993 [main] INFO  f.i.s.r.p.i.ProjectInspector - ComputeModules
19:20:21.993 [main] INFO  f.i.s.r.p.i.ProjectInspector - CheckoutPatchedBuildCandidate
19:20:21.993 [main] INFO  f.i.s.r.p.i.ProjectInspector - BuildProjectPatchedBuildCandidate
19:20:21.994 [main] INFO  f.i.s.r.p.i.ProjectInspector - TestProjectPatchedBuildCandidate
19:20:21.994 [main] INFO  f.i.s.r.p.i.ProjectInspector - GatherTestInformationPatchedBuildCandidate
19:20:21.994 [main] INFO  f.i.s.r.p.i.ProjectInspector - CommitPatch
19:20:21.994 [main] INFO  f.i.s.r.p.i.ProjectInspector - WritePropertyFile
19:20:21.994 [main] INFO  f.i.s.r.p.i.ProjectInspector - CommitProcessEnd
19:20:21.994 [main] INFO  f.i.s.r.p.i.ProjectInspector - PushProcessEnd
19:20:21.994 [main] DEBUG f.i.s.r.process.step.CloneRepository - ----------------------------------------------------------------------
19:20:21.995 [main] DEBUG f.i.s.r.process.step.CloneRepository - STEP 1/18: CloneRepository
19:20:21.995 [main] DEBUG f.i.s.r.process.step.CloneRepository - ----------------------------------------------------------------------
19:20:21.995 [main] DEBUG f.i.s.r.process.step.CloneRepository - Cloning repository batfish/batfish in the following directory: ./workspace/batfish/batfish/344073668
19:21:13.925 [main] DEBUG f.i.s.r.process.step.CloneRepository - STEP STATUS: [ CloneRepository : SUCCESS ]
19:21:13.926 [main] DEBUG f.i.s.r.process.step.CloneRepository - STEP DURATION: 51s
19:21:13.926 [main] DEBUG f.i.s.r.process.step.CloneRepository - EXECUTE NEXT STEP
19:21:13.927 [main] DEBUG f.i.s.r.p.s.c.CheckoutBuggyBuild - ----------------------------------------------------------------------
19:21:13.927 [main] DEBUG f.i.s.r.p.s.c.CheckoutBuggyBuild - STEP 2/18: CheckoutBuggyBuildCandidate
19:21:13.927 [main] DEBUG f.i.s.r.p.s.c.CheckoutBuggyBuild - ----------------------------------------------------------------------
19:21:13.928 [main] DEBUG f.i.s.r.p.s.c.CheckoutBuggyBuild - Checking out buggy build candidate...
19:21:14.280 [main] INFO  fr.inria.jtravis.JTravis - GitHub ratelimit: Limit: 5000 Remaining: 4763 Reset hour: 19:25:33
19:21:16.089 [main] DEBUG f.i.s.r.p.s.c.CheckoutBuggyBuild - Reproduce the PR for batfish/batfish by fetching remote branch and merging.
19:21:16.431 [main] ERROR f.i.s.r.p.s.c.CheckoutBuggyBuild - Error while testing commit: org.eclipse.jgit.errors.MissingObjectException: Missing unknown 42310f3722513c39556f13c4a00fe7d69b5e57d1
19:21:16.432 [main] ERROR f.i.s.r.p.s.c.CheckoutBuggyBuild - Commit head ref cannot be retrieved from the repository: 42310f3722513c39556f13c4a00fe7d69b5e57d1. Operation aborted.
19:21:16.433 [main] ERROR f.i.s.r.p.s.c.CheckoutBuggyBuild - Error while merging two commits to reproduce the PR.
19:21:16.434 [main] DEBUG f.i.s.r.p.s.c.CheckoutBuggyBuild - STEP STATUS: [ CheckoutBuggyBuildCandidate : FAILURE ( BUILDNOTCHECKEDOUT ) ]
19:21:16.434 [main] DEBUG f.i.s.r.p.s.c.CheckoutBuggyBuild - STEP DURATION: 2s
19:21:16.434 [main] DEBUG f.i.s.r.p.s.c.CheckoutBuggyBuild - TERMINATE PIPELINE
19:21:16.435 [main] DEBUG f.i.s.r.p.s.c.CheckoutBuggyBuild - FINAL STEPS SKIPPED: The reproduction of the bug and/or the patch failed.
19:21:16.435 [main] INFO  f.i.s.r.p.s.c.CheckoutBuggyBuild - Serialize all data for the pair of builds 344073668, 344083654
19:21:16.675 [main] INFO  fr.inria.jtravis.JTravis - GitHub ratelimit: Limit: 5000 Remaining: 4756 Reset hour: 19:25:33
19:21:17.586 [main] INFO  f.i.s.r.p.i.ProjectInspector - ----------------------------------------------------------------------
19:21:17.586 [main] INFO  f.i.s.r.p.i.ProjectInspector - PIPELINE EXECUTION SUMMARY
19:21:17.586 [main] INFO  f.i.s.r.p.i.ProjectInspector - ----------------------------------------------------------------------
19:21:17.587 [main] INFO  f.i.s.r.p.i.ProjectInspector - CloneRepository.......................................SUCCESS [ 51 s ]
19:21:17.587 [main] INFO  f.i.s.r.p.i.ProjectInspector - CheckoutBuggyBuildCandidate...........................FAILURE [  2 s ]
19:21:17.587 [main] INFO  f.i.s.r.p.i.ProjectInspector - ComputeSourceDir......................................NOT RUN         
19:21:17.587 [main] INFO  f.i.s.r.p.i.ProjectInspector - ComputeTestDir........................................NOT RUN         
19:21:17.587 [main] INFO  f.i.s.r.p.i.ProjectInspector - BuildProjectBuggyBuildCandidate.......................NOT RUN         
19:21:17.587 [main] INFO  f.i.s.r.p.i.ProjectInspector - TestProjectBuggyBuildCandidate........................NOT RUN         
19:21:17.588 [main] INFO  f.i.s.r.p.i.ProjectInspector - GatherTestInformationBuggyBuildCandidate..............NOT RUN         
19:21:17.588 [main] INFO  f.i.s.r.p.i.ProjectInspector - InitRepoToPush........................................NOT RUN         
19:21:17.588 [main] INFO  f.i.s.r.p.i.ProjectInspector - ComputeClasspath......................................NOT RUN         
19:21:17.588 [main] INFO  f.i.s.r.p.i.ProjectInspector - ComputeModules........................................NOT RUN         
19:21:17.588 [main] INFO  f.i.s.r.p.i.ProjectInspector - CheckoutPatchedBuildCandidate.........................NOT RUN         
19:21:17.588 [main] INFO  f.i.s.r.p.i.ProjectInspector - BuildProjectPatchedBuildCandidate.....................NOT RUN         
19:21:17.588 [main] INFO  f.i.s.r.p.i.ProjectInspector - TestProjectPatchedBuildCandidate......................NOT RUN         
19:21:17.589 [main] INFO  f.i.s.r.p.i.ProjectInspector - GatherTestInformationPatchedBuildCandidate............NOT RUN         
19:21:17.589 [main] INFO  f.i.s.r.p.i.ProjectInspector - CommitPatch...........................................NOT RUN         
19:21:17.589 [main] INFO  f.i.s.r.p.i.ProjectInspector - WritePropertyFile.....................................NOT RUN         
19:21:17.589 [main] INFO  f.i.s.r.p.i.ProjectInspector - CommitProcessEnd......................................NOT RUN         
19:21:17.589 [main] INFO  f.i.s.r.p.i.ProjectInspector - PushProcessEnd........................................NOT RUN         
19:21:17.589 [main] INFO  f.i.s.r.p.i.ProjectInspector - ----------------------------------------------------------------------
19:21:17.589 [main] INFO  f.i.s.r.p.i.ProjectInspector - PIPELINE FINDING: BUILDNOTCHECKEDOUT
19:21:17.589 [main] INFO  f.i.s.r.p.i.ProjectInspector - ----------------------------------------------------------------------
19:21:17.590 [main] INFO  f.i.s.repairnator.pipeline.Launcher - Inspector is finished. The process will exit now.
