{"hostname":"spirals-bears","runId":"22a61ae0-7b2a-423a-9df1-b4a6f754e1ea_re-run-PASSING_AND_PASSING","buildId":351772075,"repositoryName":"SzFMV2018-Tavasz/AutomatedCar","computedDate":{"$date":"2018-09-06T15:01:58.378Z"},"computedDateStr":"06/09/18 15:01","computedDay":"06/09/2018","TestProject":["[ERROR] Failed to execute goal org.apache.maven.plugins:maven-surefire-plugin:2.12.4:test (default-test) on project AutomatedCar: There are test failures.","[ERROR] ","[ERROR] Please refer to /root/workspace/SzFMV2018-Tavasz/AutomatedCar/351772075/target/surefire-reports for the individual test results.","[ERROR] -> [Help 1]","[ERROR] ","[ERROR] To see the full stack trace of the errors, re-run Maven with the -e switch.","[ERROR] Re-run Maven using the -X switch to enable full debug logging.","[ERROR] ","[ERROR] For more information about the errors and possible solutions, please read the following articles:","[ERROR] [Help 1] http://cwiki.apache.org/confluence/display/MAVEN/MojoFailureException"]}
{"hostname":"spirals-bears","runId":"22a61ae0-7b2a-423a-9df1-b4a6f754e1ea_re-run-PASSING_AND_PASSING","buildId":365162296,"repositoryName":"dhis2/dhis2-core","computedDate":{"$date":"2018-09-06T15:44:54.371Z"},"computedDateStr":"06/09/18 15:44","computedDay":"06/09/2018","ComputeTestDir":["The test directory is not at default location or specified in build section from pom.xml, and no parent can be found.","The test directory is not at default location or specified in build section from pom.xml, and no parent can be found.","The test directory is not at default location or specified in build section from pom.xml, and no parent can be found.","The test directory is not at default location or specified in build section from pom.xml, and no parent can be found.","The test directory is not at default location or specified in build section from pom.xml, and no parent can be found."],"TestProject":["[ERROR] Failed to execute goal org.apache.maven.plugins:maven-surefire-plugin:2.18.1:test (default-test) on project dhis-service-core: There are test failures.","[ERROR] ","[ERROR] Please refer to /root/workspace/dhis2/dhis2-core/365162296/dhis-2/dhis-services/dhis-service-core/target/surefire-reports for the individual test results.","[ERROR] -> [Help 1]","[ERROR] ","[ERROR] To see the full stack trace of the errors, re-run Maven with the -e switch.","[ERROR] Re-run Maven using the -X switch to enable full debug logging.","[ERROR] ","[ERROR] For more information about the errors and possible solutions, please read the following articles:","[ERROR] [Help 1] http://cwiki.apache.org/confluence/display/MAVEN/MojoFailureException","[ERROR] ","[ERROR] After correcting the problems, you can resume the build with the command","[ERROR]   mvn <goals> -rf :dhis-service-core"]}
