12:28:17.821 [main] INFO  f.i.s.repairnator.pipeline.Launcher - PIPELINE VERSION: 3.0-2018-08-09 19:04
12:28:17.935 [main] INFO  f.i.s.repairnator.pipeline.Launcher - The pipeline will try to reproduce a bug from build 361561231 and its corresponding patch from build 361562817
12:28:17.935 [main] INFO  f.i.s.repairnator.pipeline.Launcher - Initialize file serializer engines.
12:28:17.937 [main] INFO  f.i.s.repairnator.pipeline.Launcher - MongoDB won't be used for serialization.
12:28:17.937 [main] INFO  f.i.s.repairnator.pipeline.Launcher - The email notifier engine won't be used.
12:28:17.940 [main] INFO  f.i.s.repairnator.pipeline.Launcher - Start by getting the build (buildId: 361561231) with the following config: RepairnatorConfig{runId='c528381b-1d5b-4a22-a74f-ab72178e0533_04-18-week1-PASSING_AND_PASSING', launcherMode=BEARS, serializeJson=true, inputPath='null', outputPath='/var/log', mongodbHost='null', mongodbName='repairnator', smtpServer='null', notifyTo=[], notifyEndProcess=false, push=true, pushRemoteRepo='https://github.com/fermadeiral/bears-collection-pp', fork=false, lookFromDate=null, lookToDate=null, buildId=361561231, z3solverPath='./z3_for_linux', workspacePath='./workspace', githubToken='c8a341a903[...]', dockerImageName='null', skipDelete=false, createOutputDir=false, logDirectory='null', nbThreads=0, globalTimeout=0, whiteList=null, blackList=null, jobSleepTime=0, buildSleepTime=0, maxInspectedBuilds=0, duration=null, humanPatch=false, repository='null', clean=true, bearsMode=BOTH, bearsDelimiter = false, repairTools=NopolAllTests,NPEFix,AssertFixer,AstorJGenProg,AstorJKali,NopolSingleTest,AstorJMut,NopolTestExclusionStrategy, githubUserName= fermadeiral, githubUserEmail=fer.madeiral@gmail.com}
12:28:19.274 [main] DEBUG fr.inria.jtravis.helpers.BuildHelper - Get request to :https://api.travis-ci.org/build/361561231 done after 861 ms
12:28:19.571 [main] DEBUG fr.inria.jtravis.helpers.BuildHelper - Get request to :https://api.travis-ci.org/build/361562817 done after 134 ms
12:28:19.595 [main] INFO  f.i.s.repairnator.pipeline.Launcher - The patched build (361562817) was successfully retrieved from Travis.
12:28:20.807 [main] INFO  fr.inria.jtravis.JTravis - GitHub ratelimit: Limit: 5000 Remaining: 3668 Reset hour: 19:38:04
12:28:21.128 [main] INFO  f.i.s.r.p.i.ProjectInspector - ----------------------------------------------------------------------
12:28:21.128 [main] INFO  f.i.s.r.p.i.ProjectInspector - PIPELINE STEPS
12:28:21.128 [main] INFO  f.i.s.r.p.i.ProjectInspector - ----------------------------------------------------------------------
12:28:21.129 [main] INFO  f.i.s.r.p.i.ProjectInspector - CloneRepository
12:28:21.129 [main] INFO  f.i.s.r.p.i.ProjectInspector - CheckoutPatchedBuildCandidate
12:28:21.129 [main] INFO  f.i.s.r.p.i.ProjectInspector - ComputeSourceDir
12:28:21.130 [main] INFO  f.i.s.r.p.i.ProjectInspector - ComputeTestDir
12:28:21.131 [main] INFO  f.i.s.r.p.i.ProjectInspector - CheckoutBuggyBuildCandidateSourceCode
12:28:21.131 [main] INFO  f.i.s.r.p.i.ProjectInspector - BuildProjectBuggyBuildCandidateSourceCode
12:28:21.131 [main] INFO  f.i.s.r.p.i.ProjectInspector - TestProjectBuggyBuildCandidateSourceCode
12:28:21.132 [main] INFO  f.i.s.r.p.i.ProjectInspector - GatherTestInformationBuggyBuildCandidateSourceCode
12:28:21.132 [main] INFO  f.i.s.r.p.i.ProjectInspector - CheckoutBuggyBuildTestCode
12:28:21.132 [main] INFO  f.i.s.r.p.i.ProjectInspector - InitRepoToPush
12:28:21.133 [main] INFO  f.i.s.r.p.i.ProjectInspector - ComputeClasspath
12:28:21.133 [main] INFO  f.i.s.r.p.i.ProjectInspector - ComputeModules
12:28:21.133 [main] INFO  f.i.s.r.p.i.ProjectInspector - CheckoutBuggyBuildCandidateSourceCode
12:28:21.134 [main] INFO  f.i.s.r.p.i.ProjectInspector - CommitChangedTests
12:28:21.134 [main] INFO  f.i.s.r.p.i.ProjectInspector - CheckoutPatchedBuildCandidate
12:28:21.134 [main] INFO  f.i.s.r.p.i.ProjectInspector - BuildProjectPatchedBuildCandidate
12:28:21.135 [main] INFO  f.i.s.r.p.i.ProjectInspector - TestProjectPatchedBuildCandidate
12:28:21.135 [main] INFO  f.i.s.r.p.i.ProjectInspector - GatherTestInformationPatchedBuildCandidate
12:28:21.136 [main] INFO  f.i.s.r.p.i.ProjectInspector - CommitPatch
12:28:21.137 [main] INFO  f.i.s.r.p.i.ProjectInspector - WritePropertyFile
12:28:21.138 [main] INFO  f.i.s.r.p.i.ProjectInspector - CommitProcessEnd
12:28:21.138 [main] INFO  f.i.s.r.p.i.ProjectInspector - PushProcessEnd
12:28:21.139 [main] DEBUG f.i.s.r.process.step.CloneRepository - ----------------------------------------------------------------------
12:28:21.139 [main] DEBUG f.i.s.r.process.step.CloneRepository - STEP 1/22: CloneRepository
12:28:21.140 [main] DEBUG f.i.s.r.process.step.CloneRepository - ----------------------------------------------------------------------
12:28:21.141 [main] DEBUG f.i.s.r.process.step.CloneRepository - Cloning repository fabric8io/fabric8-maven-plugin in the following directory: ./workspace/fabric8io/fabric8-maven-plugin/361561231
12:28:50.920 [main] DEBUG f.i.s.r.process.step.CloneRepository - STEP STATUS: [ CloneRepository : SUCCESS ]
12:28:50.920 [main] DEBUG f.i.s.r.process.step.CloneRepository - STEP DURATION: 29s
12:28:50.921 [main] DEBUG f.i.s.r.process.step.CloneRepository - EXECUTE NEXT STEP
12:28:50.921 [main] DEBUG f.i.s.r.p.s.c.CheckoutPatchedBuild - ----------------------------------------------------------------------
12:28:50.921 [main] DEBUG f.i.s.r.p.s.c.CheckoutPatchedBuild - STEP 2/22: CheckoutPatchedBuildCandidate
12:28:50.921 [main] DEBUG f.i.s.r.p.s.c.CheckoutPatchedBuild - ----------------------------------------------------------------------
12:28:50.921 [main] DEBUG f.i.s.r.p.s.c.CheckoutPatchedBuild - Checking out patched build candidate...
12:28:51.256 [main] INFO  fr.inria.jtravis.JTravis - GitHub ratelimit: Limit: 5000 Remaining: 3653 Reset hour: 19:38:04
12:28:53.066 [main] DEBUG f.i.s.r.p.s.c.CheckoutPatchedBuild - Reproduce the PR for fabric8io/fabric8-maven-plugin by fetching remote branch and merging.
12:28:57.282 [main] ERROR f.i.s.r.p.s.c.CheckoutPatchedBuild - Error while testing commit: org.eclipse.jgit.errors.MissingObjectException: Missing unknown 60bd874bbf5d8050cbab7ac83ebf502ada30576a
12:28:57.283 [main] ERROR f.i.s.r.p.s.c.CheckoutPatchedBuild - Commit head ref cannot be retrieved from the repository: 60bd874bbf5d8050cbab7ac83ebf502ada30576a. Operation aborted.
12:28:57.283 [main] ERROR f.i.s.r.p.s.c.CheckoutPatchedBuild - Error while merging two commits to reproduce the PR.
12:28:57.284 [main] DEBUG f.i.s.r.p.s.c.CheckoutPatchedBuild - STEP STATUS: [ CheckoutPatchedBuildCandidate : FAILURE ( BUILDNOTCHECKEDOUT ) ]
12:28:57.285 [main] DEBUG f.i.s.r.p.s.c.CheckoutPatchedBuild - STEP DURATION: 6s
12:28:57.285 [main] DEBUG f.i.s.r.p.s.c.CheckoutPatchedBuild - TERMINATE PIPELINE
12:28:57.285 [main] DEBUG f.i.s.r.p.s.c.CheckoutPatchedBuild - FINAL STEPS SKIPPED: The reproduction of the bug and/or the patch failed.
12:28:57.286 [main] INFO  f.i.s.r.p.s.c.CheckoutPatchedBuild - Serialize all data for the pair of builds 361561231, 361562817
12:28:57.404 [main] INFO  fr.inria.jtravis.JTravis - GitHub ratelimit: Limit: 5000 Remaining: 3637 Reset hour: 19:38:04
12:28:58.116 [main] INFO  f.i.s.r.p.i.ProjectInspector - ----------------------------------------------------------------------
12:28:58.116 [main] INFO  f.i.s.r.p.i.ProjectInspector - PIPELINE EXECUTION SUMMARY
12:28:58.117 [main] INFO  f.i.s.r.p.i.ProjectInspector - ----------------------------------------------------------------------
12:28:58.117 [main] INFO  f.i.s.r.p.i.ProjectInspector - CloneRepository.......................................SUCCESS [ 29 s ]
12:28:58.117 [main] INFO  f.i.s.r.p.i.ProjectInspector - CheckoutPatchedBuildCandidate.........................FAILURE [  6 s ]
12:28:58.118 [main] INFO  f.i.s.r.p.i.ProjectInspector - ComputeSourceDir......................................NOT RUN         
12:28:58.118 [main] INFO  f.i.s.r.p.i.ProjectInspector - ComputeTestDir........................................NOT RUN         
12:28:58.119 [main] INFO  f.i.s.r.p.i.ProjectInspector - CheckoutBuggyBuildCandidateSourceCode.................NOT RUN         
12:28:58.119 [main] INFO  f.i.s.r.p.i.ProjectInspector - BuildProjectBuggyBuildCandidateSourceCode.............NOT RUN         
12:28:58.119 [main] INFO  f.i.s.r.p.i.ProjectInspector - TestProjectBuggyBuildCandidateSourceCode..............NOT RUN         
12:28:58.120 [main] INFO  f.i.s.r.p.i.ProjectInspector - GatherTestInformationBuggyBuildCandidateSourceCode....NOT RUN         
12:28:58.120 [main] INFO  f.i.s.r.p.i.ProjectInspector - CheckoutBuggyBuildTestCode............................NOT RUN         
12:28:58.120 [main] INFO  f.i.s.r.p.i.ProjectInspector - InitRepoToPush........................................NOT RUN         
12:28:58.120 [main] INFO  f.i.s.r.p.i.ProjectInspector - ComputeClasspath......................................NOT RUN         
12:28:58.120 [main] INFO  f.i.s.r.p.i.ProjectInspector - ComputeModules........................................NOT RUN         
12:28:58.120 [main] INFO  f.i.s.r.p.i.ProjectInspector - CheckoutBuggyBuildCandidateSourceCode.................NOT RUN         
12:28:58.121 [main] INFO  f.i.s.r.p.i.ProjectInspector - CommitChangedTests....................................NOT RUN         
12:28:58.121 [main] INFO  f.i.s.r.p.i.ProjectInspector - CheckoutPatchedBuildCandidate.........................NOT RUN         
12:28:58.121 [main] INFO  f.i.s.r.p.i.ProjectInspector - BuildProjectPatchedBuildCandidate.....................NOT RUN         
12:28:58.122 [main] INFO  f.i.s.r.p.i.ProjectInspector - TestProjectPatchedBuildCandidate......................NOT RUN         
12:28:58.122 [main] INFO  f.i.s.r.p.i.ProjectInspector - GatherTestInformationPatchedBuildCandidate............NOT RUN         
12:28:58.122 [main] INFO  f.i.s.r.p.i.ProjectInspector - CommitPatch...........................................NOT RUN         
12:28:58.123 [main] INFO  f.i.s.r.p.i.ProjectInspector - WritePropertyFile.....................................NOT RUN         
12:28:58.123 [main] INFO  f.i.s.r.p.i.ProjectInspector - CommitProcessEnd......................................NOT RUN         
12:28:58.123 [main] INFO  f.i.s.r.p.i.ProjectInspector - PushProcessEnd........................................NOT RUN         
12:28:58.124 [main] INFO  f.i.s.r.p.i.ProjectInspector - ----------------------------------------------------------------------
12:28:58.124 [main] INFO  f.i.s.r.p.i.ProjectInspector - PIPELINE FINDING: BUILDNOTCHECKEDOUT
12:28:58.124 [main] INFO  f.i.s.r.p.i.ProjectInspector - ----------------------------------------------------------------------
12:28:58.124 [main] INFO  f.i.s.repairnator.pipeline.Launcher - Inspector is finished. The process will exit now.
