04:52:08.320 [main] INFO  f.i.s.repairnator.pipeline.Launcher - PIPELINE VERSION: 3.0-2018-08-09 19:04
04:52:08.443 [main] INFO  f.i.s.repairnator.pipeline.Launcher - The pipeline will try to reproduce a bug from build 339749189 and its corresponding patch from build 342125296
04:52:08.444 [main] INFO  f.i.s.repairnator.pipeline.Launcher - Initialize file serializer engines.
04:52:08.445 [main] INFO  f.i.s.repairnator.pipeline.Launcher - MongoDB won't be used for serialization.
04:52:08.446 [main] INFO  f.i.s.repairnator.pipeline.Launcher - The email notifier engine won't be used.
04:52:08.448 [main] INFO  f.i.s.repairnator.pipeline.Launcher - Start by getting the build (buildId: 339749189) with the following config: RepairnatorConfig{runId='1af30014-1e98-49fd-8f17-d05bb441e6a6_02-18-week3-PASSING_AND_PASSING', launcherMode=BEARS, serializeJson=true, inputPath='null', outputPath='/var/log', mongodbHost='null', mongodbName='repairnator', smtpServer='null', notifyTo=[], notifyEndProcess=false, push=true, pushRemoteRepo='https://github.com/fermadeiral/bears-collection-pp', fork=false, lookFromDate=null, lookToDate=null, buildId=339749189, z3solverPath='./z3_for_linux', workspacePath='./workspace', githubToken='c8a341a903[...]', dockerImageName='null', skipDelete=false, createOutputDir=false, logDirectory='null', nbThreads=0, globalTimeout=0, whiteList=null, blackList=null, jobSleepTime=0, buildSleepTime=0, maxInspectedBuilds=0, duration=null, humanPatch=false, repository='null', clean=true, bearsMode=BOTH, bearsDelimiter = false, repairTools=NopolAllTests,NPEFix,AssertFixer,AstorJGenProg,AstorJKali,NopolSingleTest,AstorJMut,NopolTestExclusionStrategy, githubUserName= fermadeiral, githubUserEmail=fer.madeiral@gmail.com}
04:52:09.828 [main] DEBUG fr.inria.jtravis.helpers.BuildHelper - Get request to :https://api.travis-ci.org/build/339749189 done after 936 ms
04:52:10.089 [main] DEBUG fr.inria.jtravis.helpers.BuildHelper - Get request to :https://api.travis-ci.org/build/342125296 done after 142 ms
04:52:10.102 [main] INFO  f.i.s.repairnator.pipeline.Launcher - The patched build (342125296) was successfully retrieved from Travis.
04:52:11.275 [main] INFO  fr.inria.jtravis.JTravis - GitHub ratelimit: Limit: 5000 Remaining: 4159 Reset hour: 19:26:06
04:52:11.557 [main] INFO  f.i.s.r.p.i.ProjectInspector - ----------------------------------------------------------------------
04:52:11.558 [main] INFO  f.i.s.r.p.i.ProjectInspector - PIPELINE STEPS
04:52:11.558 [main] INFO  f.i.s.r.p.i.ProjectInspector - ----------------------------------------------------------------------
04:52:11.559 [main] INFO  f.i.s.r.p.i.ProjectInspector - CloneRepository
04:52:11.559 [main] INFO  f.i.s.r.p.i.ProjectInspector - CheckoutPatchedBuildCandidate
04:52:11.559 [main] INFO  f.i.s.r.p.i.ProjectInspector - ComputeSourceDir
04:52:11.560 [main] INFO  f.i.s.r.p.i.ProjectInspector - ComputeTestDir
04:52:11.560 [main] INFO  f.i.s.r.p.i.ProjectInspector - CheckoutBuggyBuildCandidateSourceCode
04:52:11.561 [main] INFO  f.i.s.r.p.i.ProjectInspector - BuildProjectBuggyBuildCandidateSourceCode
04:52:11.561 [main] INFO  f.i.s.r.p.i.ProjectInspector - TestProjectBuggyBuildCandidateSourceCode
04:52:11.561 [main] INFO  f.i.s.r.p.i.ProjectInspector - GatherTestInformationBuggyBuildCandidateSourceCode
04:52:11.562 [main] INFO  f.i.s.r.p.i.ProjectInspector - CheckoutBuggyBuildTestCode
04:52:11.562 [main] INFO  f.i.s.r.p.i.ProjectInspector - InitRepoToPush
04:52:11.563 [main] INFO  f.i.s.r.p.i.ProjectInspector - ComputeClasspath
04:52:11.563 [main] INFO  f.i.s.r.p.i.ProjectInspector - ComputeModules
04:52:11.563 [main] INFO  f.i.s.r.p.i.ProjectInspector - CheckoutBuggyBuildCandidateSourceCode
04:52:11.564 [main] INFO  f.i.s.r.p.i.ProjectInspector - CommitChangedTests
04:52:11.564 [main] INFO  f.i.s.r.p.i.ProjectInspector - CheckoutPatchedBuildCandidate
04:52:11.564 [main] INFO  f.i.s.r.p.i.ProjectInspector - BuildProjectPatchedBuildCandidate
04:52:11.565 [main] INFO  f.i.s.r.p.i.ProjectInspector - TestProjectPatchedBuildCandidate
04:52:11.565 [main] INFO  f.i.s.r.p.i.ProjectInspector - GatherTestInformationPatchedBuildCandidate
04:52:11.566 [main] INFO  f.i.s.r.p.i.ProjectInspector - CommitPatch
04:52:11.567 [main] INFO  f.i.s.r.p.i.ProjectInspector - WritePropertyFile
04:52:11.567 [main] INFO  f.i.s.r.p.i.ProjectInspector - CommitProcessEnd
04:52:11.567 [main] INFO  f.i.s.r.p.i.ProjectInspector - PushProcessEnd
04:52:11.568 [main] DEBUG f.i.s.r.process.step.CloneRepository - ----------------------------------------------------------------------
04:52:11.569 [main] DEBUG f.i.s.r.process.step.CloneRepository - STEP 1/22: CloneRepository
04:52:11.569 [main] DEBUG f.i.s.r.process.step.CloneRepository - ----------------------------------------------------------------------
04:52:11.570 [main] DEBUG f.i.s.r.process.step.CloneRepository - Cloning repository CorfuDB/CorfuDB in the following directory: ./workspace/CorfuDB/CorfuDB/339749189
04:56:16.309 [main] DEBUG f.i.s.r.process.step.CloneRepository - STEP STATUS: [ CloneRepository : SUCCESS ]
04:56:16.310 [main] DEBUG f.i.s.r.process.step.CloneRepository - STEP DURATION: 244s
04:56:16.310 [main] DEBUG f.i.s.r.process.step.CloneRepository - EXECUTE NEXT STEP
04:56:16.310 [main] DEBUG f.i.s.r.p.s.c.CheckoutPatchedBuild - ----------------------------------------------------------------------
04:56:16.311 [main] DEBUG f.i.s.r.p.s.c.CheckoutPatchedBuild - STEP 2/22: CheckoutPatchedBuildCandidate
04:56:16.311 [main] DEBUG f.i.s.r.p.s.c.CheckoutPatchedBuild - ----------------------------------------------------------------------
04:56:16.311 [main] DEBUG f.i.s.r.p.s.c.CheckoutPatchedBuild - Checking out patched build candidate...
04:56:16.349 [main] ERROR f.i.s.r.p.s.c.CheckoutPatchedBuild - Error while testing commit: org.eclipse.jgit.errors.MissingObjectException: Missing unknown 9f84fa5433a2c99d09c69e0a65c19daddc64077b
04:56:16.349 [main] ERROR f.i.s.r.p.s.c.CheckoutPatchedBuild - Error while getting the commit to checkout from the repo.
04:56:16.350 [main] DEBUG f.i.s.r.p.s.c.CheckoutPatchedBuild - STEP STATUS: [ CheckoutPatchedBuildCandidate : FAILURE ( BUILDNOTCHECKEDOUT ) ]
04:56:16.350 [main] DEBUG f.i.s.r.p.s.c.CheckoutPatchedBuild - STEP DURATION: 0s
04:56:16.350 [main] DEBUG f.i.s.r.p.s.c.CheckoutPatchedBuild - TERMINATE PIPELINE
04:56:16.350 [main] DEBUG f.i.s.r.p.s.c.CheckoutPatchedBuild - FINAL STEPS SKIPPED: The reproduction of the bug and/or the patch failed.
04:56:16.351 [main] INFO  f.i.s.r.p.s.c.CheckoutPatchedBuild - Serialize all data for the pair of builds 339749189, 342125296
04:56:16.661 [main] INFO  fr.inria.jtravis.JTravis - GitHub ratelimit: Limit: 5000 Remaining: 4154 Reset hour: 19:26:06
04:56:17.406 [main] INFO  f.i.s.r.p.i.ProjectInspector - ----------------------------------------------------------------------
04:56:17.406 [main] INFO  f.i.s.r.p.i.ProjectInspector - PIPELINE EXECUTION SUMMARY
04:56:17.407 [main] INFO  f.i.s.r.p.i.ProjectInspector - ----------------------------------------------------------------------
04:56:17.407 [main] INFO  f.i.s.r.p.i.ProjectInspector - CloneRepository......................................SUCCESS [ 244 s ]
04:56:17.408 [main] INFO  f.i.s.r.p.i.ProjectInspector - CheckoutPatchedBuildCandidate........................FAILURE [   0 s ]
04:56:17.408 [main] INFO  f.i.s.r.p.i.ProjectInspector - ComputeSourceDir.....................................NOT RUN          
04:56:17.409 [main] INFO  f.i.s.r.p.i.ProjectInspector - ComputeTestDir.......................................NOT RUN          
04:56:17.410 [main] INFO  f.i.s.r.p.i.ProjectInspector - CheckoutBuggyBuildCandidateSourceCode................NOT RUN          
04:56:17.410 [main] INFO  f.i.s.r.p.i.ProjectInspector - BuildProjectBuggyBuildCandidateSourceCode............NOT RUN          
04:56:17.411 [main] INFO  f.i.s.r.p.i.ProjectInspector - TestProjectBuggyBuildCandidateSourceCode.............NOT RUN          
04:56:17.412 [main] INFO  f.i.s.r.p.i.ProjectInspector - GatherTestInformationBuggyBuildCandidateSourceCode...NOT RUN          
04:56:17.413 [main] INFO  f.i.s.r.p.i.ProjectInspector - CheckoutBuggyBuildTestCode...........................NOT RUN          
04:56:17.413 [main] INFO  f.i.s.r.p.i.ProjectInspector - InitRepoToPush.......................................NOT RUN          
04:56:17.418 [main] INFO  f.i.s.r.p.i.ProjectInspector - ComputeClasspath.....................................NOT RUN          
04:56:17.419 [main] INFO  f.i.s.r.p.i.ProjectInspector - ComputeModules.......................................NOT RUN          
04:56:17.420 [main] INFO  f.i.s.r.p.i.ProjectInspector - CheckoutBuggyBuildCandidateSourceCode................NOT RUN          
04:56:17.420 [main] INFO  f.i.s.r.p.i.ProjectInspector - CommitChangedTests...................................NOT RUN          
04:56:17.420 [main] INFO  f.i.s.r.p.i.ProjectInspector - CheckoutPatchedBuildCandidate........................NOT RUN          
04:56:17.421 [main] INFO  f.i.s.r.p.i.ProjectInspector - BuildProjectPatchedBuildCandidate....................NOT RUN          
04:56:17.421 [main] INFO  f.i.s.r.p.i.ProjectInspector - TestProjectPatchedBuildCandidate.....................NOT RUN          
04:56:17.421 [main] INFO  f.i.s.r.p.i.ProjectInspector - GatherTestInformationPatchedBuildCandidate...........NOT RUN          
04:56:17.422 [main] INFO  f.i.s.r.p.i.ProjectInspector - CommitPatch..........................................NOT RUN          
04:56:17.422 [main] INFO  f.i.s.r.p.i.ProjectInspector - WritePropertyFile....................................NOT RUN          
04:56:17.423 [main] INFO  f.i.s.r.p.i.ProjectInspector - CommitProcessEnd.....................................NOT RUN          
04:56:17.423 [main] INFO  f.i.s.r.p.i.ProjectInspector - PushProcessEnd.......................................NOT RUN          
04:56:17.424 [main] INFO  f.i.s.r.p.i.ProjectInspector - ----------------------------------------------------------------------
04:56:17.424 [main] INFO  f.i.s.r.p.i.ProjectInspector - PIPELINE FINDING: BUILDNOTCHECKEDOUT
04:56:17.424 [main] INFO  f.i.s.r.p.i.ProjectInspector - ----------------------------------------------------------------------
04:56:17.425 [main] INFO  f.i.s.repairnator.pipeline.Launcher - Inspector is finished. The process will exit now.
