13:32:39.571 [main] INFO  f.i.s.repairnator.pipeline.Launcher - PIPELINE VERSION: 3.0-2018-08-09 19:04
13:32:39.690 [main] INFO  f.i.s.repairnator.pipeline.Launcher - The pipeline will try to reproduce a bug from build 344167389 and its corresponding patch from build 344168089
13:32:39.690 [main] INFO  f.i.s.repairnator.pipeline.Launcher - Initialize file serializer engines.
13:32:39.692 [main] INFO  f.i.s.repairnator.pipeline.Launcher - MongoDB won't be used for serialization.
13:32:39.692 [main] INFO  f.i.s.repairnator.pipeline.Launcher - The email notifier engine won't be used.
13:32:39.695 [main] INFO  f.i.s.repairnator.pipeline.Launcher - Start by getting the build (buildId: 344167389) with the following config: RepairnatorConfig{runId='1af30014-1e98-49fd-8f17-d05bb441e6a6_02-18-week3-PASSING_AND_PASSING', launcherMode=BEARS, serializeJson=true, inputPath='null', outputPath='/var/log', mongodbHost='null', mongodbName='repairnator', smtpServer='null', notifyTo=[], notifyEndProcess=false, push=true, pushRemoteRepo='https://github.com/fermadeiral/bears-collection-pp', fork=false, lookFromDate=null, lookToDate=null, buildId=344167389, z3solverPath='./z3_for_linux', workspacePath='./workspace', githubToken='c8a341a903[...]', dockerImageName='null', skipDelete=false, createOutputDir=false, logDirectory='null', nbThreads=0, globalTimeout=0, whiteList=null, blackList=null, jobSleepTime=0, buildSleepTime=0, maxInspectedBuilds=0, duration=null, humanPatch=false, repository='null', clean=true, bearsMode=BOTH, bearsDelimiter = false, repairTools=NopolAllTests,NPEFix,AssertFixer,AstorJGenProg,AstorJKali,NopolSingleTest,AstorJMut,NopolTestExclusionStrategy, githubUserName= fermadeiral, githubUserEmail=fer.madeiral@gmail.com}
13:32:41.025 [main] DEBUG fr.inria.jtravis.helpers.BuildHelper - Get request to :https://api.travis-ci.org/build/344167389 done after 897 ms
13:32:41.303 [main] DEBUG fr.inria.jtravis.helpers.BuildHelper - Get request to :https://api.travis-ci.org/build/344168089 done after 137 ms
13:32:41.321 [main] INFO  f.i.s.repairnator.pipeline.Launcher - The patched build (344168089) was successfully retrieved from Travis.
13:32:42.607 [main] INFO  fr.inria.jtravis.JTravis - GitHub ratelimit: Limit: 5000 Remaining: 4435 Reset hour: 19:26:37
13:32:43.148 [main] INFO  f.i.s.r.p.i.ProjectInspector - ----------------------------------------------------------------------
13:32:43.149 [main] INFO  f.i.s.r.p.i.ProjectInspector - PIPELINE STEPS
13:32:43.149 [main] INFO  f.i.s.r.p.i.ProjectInspector - ----------------------------------------------------------------------
13:32:43.154 [main] INFO  f.i.s.r.p.i.ProjectInspector - CloneRepository
13:32:43.154 [main] INFO  f.i.s.r.p.i.ProjectInspector - CheckoutPatchedBuildCandidate
13:32:43.154 [main] INFO  f.i.s.r.p.i.ProjectInspector - ComputeSourceDir
13:32:43.154 [main] INFO  f.i.s.r.p.i.ProjectInspector - ComputeTestDir
13:32:43.155 [main] INFO  f.i.s.r.p.i.ProjectInspector - CheckoutBuggyBuildCandidateSourceCode
13:32:43.155 [main] INFO  f.i.s.r.p.i.ProjectInspector - BuildProjectBuggyBuildCandidateSourceCode
13:32:43.155 [main] INFO  f.i.s.r.p.i.ProjectInspector - TestProjectBuggyBuildCandidateSourceCode
13:32:43.155 [main] INFO  f.i.s.r.p.i.ProjectInspector - GatherTestInformationBuggyBuildCandidateSourceCode
13:32:43.155 [main] INFO  f.i.s.r.p.i.ProjectInspector - CheckoutBuggyBuildTestCode
13:32:43.155 [main] INFO  f.i.s.r.p.i.ProjectInspector - InitRepoToPush
13:32:43.156 [main] INFO  f.i.s.r.p.i.ProjectInspector - ComputeClasspath
13:32:43.156 [main] INFO  f.i.s.r.p.i.ProjectInspector - ComputeModules
13:32:43.156 [main] INFO  f.i.s.r.p.i.ProjectInspector - CheckoutBuggyBuildCandidateSourceCode
13:32:43.156 [main] INFO  f.i.s.r.p.i.ProjectInspector - CommitChangedTests
13:32:43.156 [main] INFO  f.i.s.r.p.i.ProjectInspector - CheckoutPatchedBuildCandidate
13:32:43.156 [main] INFO  f.i.s.r.p.i.ProjectInspector - BuildProjectPatchedBuildCandidate
13:32:43.156 [main] INFO  f.i.s.r.p.i.ProjectInspector - TestProjectPatchedBuildCandidate
13:32:43.157 [main] INFO  f.i.s.r.p.i.ProjectInspector - GatherTestInformationPatchedBuildCandidate
13:32:43.157 [main] INFO  f.i.s.r.p.i.ProjectInspector - CommitPatch
13:32:43.157 [main] INFO  f.i.s.r.p.i.ProjectInspector - WritePropertyFile
13:32:43.157 [main] INFO  f.i.s.r.p.i.ProjectInspector - CommitProcessEnd
13:32:43.157 [main] INFO  f.i.s.r.p.i.ProjectInspector - PushProcessEnd
13:32:43.158 [main] DEBUG f.i.s.r.process.step.CloneRepository - ----------------------------------------------------------------------
13:32:43.158 [main] DEBUG f.i.s.r.process.step.CloneRepository - STEP 1/22: CloneRepository
13:32:43.158 [main] DEBUG f.i.s.r.process.step.CloneRepository - ----------------------------------------------------------------------
13:32:43.158 [main] DEBUG f.i.s.r.process.step.CloneRepository - Cloning repository jdbi/jdbi in the following directory: ./workspace/jdbi/jdbi/344167389
13:32:51.436 [main] DEBUG f.i.s.r.process.step.CloneRepository - STEP STATUS: [ CloneRepository : SUCCESS ]
13:32:51.436 [main] DEBUG f.i.s.r.process.step.CloneRepository - STEP DURATION: 8s
13:32:51.436 [main] DEBUG f.i.s.r.process.step.CloneRepository - EXECUTE NEXT STEP
13:32:51.437 [main] DEBUG f.i.s.r.p.s.c.CheckoutPatchedBuild - ----------------------------------------------------------------------
13:32:51.437 [main] DEBUG f.i.s.r.p.s.c.CheckoutPatchedBuild - STEP 2/22: CheckoutPatchedBuildCandidate
13:32:51.437 [main] DEBUG f.i.s.r.p.s.c.CheckoutPatchedBuild - ----------------------------------------------------------------------
13:32:51.437 [main] DEBUG f.i.s.r.p.s.c.CheckoutPatchedBuild - Checking out patched build candidate...
13:32:51.445 [main] DEBUG f.i.s.r.p.s.c.CheckoutPatchedBuild - Get commit 6a99dc6d78ee1ae4351a71210ad60afdd52dc561 for repo jdbi/jdbi
13:32:51.823 [main] INFO  f.i.s.r.process.git.GitHelper - Init git submodules.
13:32:51.868 [main] DEBUG f.i.s.r.p.s.c.CheckoutPatchedBuild - STEP STATUS: [ CheckoutPatchedBuildCandidate : SUCCESS ]
13:32:51.869 [main] DEBUG f.i.s.r.p.s.c.CheckoutPatchedBuild - STEP DURATION: 0s
13:32:51.869 [main] DEBUG f.i.s.r.p.s.c.CheckoutPatchedBuild - EXECUTE NEXT STEP
13:32:51.869 [main] DEBUG f.i.s.r.p.s.paths.ComputeSourceDir - ----------------------------------------------------------------------
13:32:51.869 [main] DEBUG f.i.s.r.p.s.paths.ComputeSourceDir - STEP 3/22: ComputeSourceDir
13:32:51.869 [main] DEBUG f.i.s.r.p.s.paths.ComputeSourceDir - ----------------------------------------------------------------------
13:32:51.870 [main] DEBUG f.i.s.r.p.s.paths.ComputeSourceDir - Computing the source directory ...
13:32:51.871 [main] DEBUG f.i.s.r.p.s.paths.ComputeSourceDir - The default source directory (/root/workspace/jdbi/jdbi/344167389/src/main/java) does not exist. Try to read pom.xml to get information.
13:32:51.977 [main] DEBUG f.i.s.r.p.m.RepositoryModelResolver - Downloading https://repo1.maven.org/maven2/org/basepom/basepom-oss/19/basepom-oss-19.pom
13:32:52.096 [main] DEBUG f.i.s.r.p.m.RepositoryModelResolver - Downloading https://repo1.maven.org/maven2/org/basepom/basepom-minimal/19/basepom-minimal-19.pom
13:32:52.194 [main] DEBUG f.i.s.r.p.m.RepositoryModelResolver - Downloading https://repo1.maven.org/maven2/org/basepom/basepom-foundation/19/basepom-foundation-19.pom
13:32:52.391 [main] DEBUG f.i.s.r.p.s.paths.ComputeSourceDir - The source directory given in pom.xml (/root/workspace/jdbi/jdbi/344167389/src/main/java) does not exist. Continue to try to get source dir from all modules.
13:32:52.608 [main] DEBUG f.i.s.r.p.s.paths.ComputeSourceDir - The default source directory (/root/workspace/jdbi/jdbi/344167389/docs/src/main/java) does not exist. Try to read pom.xml to get information.
13:32:52.622 [main] DEBUG f.i.s.r.p.s.paths.ComputeSourceDir - The source directory given in pom.xml (/root/workspace/jdbi/jdbi/344167389/docs/src/main/java) does not exist. Continue to try to get source dir from all modules.
13:32:52.622 [main] ERROR f.i.s.r.p.s.paths.ComputeSourceDir - The source directory is not at default location or specified in build section from pom.xml, and no parent can be found.
13:32:52.623 [main] DEBUG f.i.s.r.p.s.paths.ComputeSourceDir - The default source directory (/root/workspace/jdbi/jdbi/344167389/kotlin/src/main/java) does not exist. Try to read pom.xml to get information.
13:32:52.637 [main] DEBUG f.i.s.r.p.s.paths.ComputeSourceDir - The default source directory (/root/workspace/jdbi/jdbi/344167389/kotlin-sqlobject/src/main/java) does not exist. Try to read pom.xml to get information.
13:32:52.651 [main] DEBUG f.i.s.r.p.s.paths.ComputeSourceDir - The default source directory (/root/workspace/jdbi/jdbi/344167389/bom/src/main/java) does not exist. Try to read pom.xml to get information.
13:32:52.669 [main] DEBUG f.i.s.r.p.s.paths.ComputeSourceDir - The source directory given in pom.xml (/root/workspace/jdbi/jdbi/344167389/bom/src/main/java) does not exist. Continue to try to get source dir from all modules.
13:32:52.669 [main] ERROR f.i.s.r.p.s.paths.ComputeSourceDir - The source directory is not at default location or specified in build section from pom.xml, and no parent can be found.
13:32:52.669 [main] DEBUG f.i.s.r.p.s.paths.ComputeSourceDir - The default source directory (/root/workspace/jdbi/jdbi/344167389/noparameters/src/main/java) does not exist. Try to read pom.xml to get information.
13:32:52.682 [main] DEBUG f.i.s.r.p.s.paths.ComputeSourceDir - The source directory given in pom.xml (/root/workspace/jdbi/jdbi/344167389/noparameters/src/main/java) does not exist. Continue to try to get source dir from all modules.
13:32:52.682 [main] ERROR f.i.s.r.p.s.paths.ComputeSourceDir - The source directory is not at default location or specified in build section from pom.xml, and no parent can be found.
13:32:52.714 [main] INFO  f.i.s.r.p.s.paths.ComputeSourceDir - 12 source dirs were found:
13:32:52.714 [main] INFO  f.i.s.r.p.s.paths.ComputeSourceDir - /root/workspace/jdbi/jdbi/344167389/core/src/main/java
13:32:52.714 [main] INFO  f.i.s.r.p.s.paths.ComputeSourceDir - /root/workspace/jdbi/jdbi/344167389/guava/src/main/java
13:32:52.714 [main] INFO  f.i.s.r.p.s.paths.ComputeSourceDir - /root/workspace/jdbi/jdbi/344167389/jodatime2/src/main/java
13:32:52.714 [main] INFO  f.i.s.r.p.s.paths.ComputeSourceDir - /root/workspace/jdbi/jdbi/344167389/jpa/src/main/java
13:32:52.714 [main] INFO  f.i.s.r.p.s.paths.ComputeSourceDir - /root/workspace/jdbi/jdbi/344167389/kotlin-sqlobject/src/main/kotlin
13:32:52.715 [main] INFO  f.i.s.r.p.s.paths.ComputeSourceDir - /root/workspace/jdbi/jdbi/344167389/kotlin/src/main/kotlin
13:32:52.715 [main] INFO  f.i.s.r.p.s.paths.ComputeSourceDir - /root/workspace/jdbi/jdbi/344167389/postgres/src/main/java
13:32:52.715 [main] INFO  f.i.s.r.p.s.paths.ComputeSourceDir - /root/workspace/jdbi/jdbi/344167389/spring4/src/main/java
13:32:52.715 [main] INFO  f.i.s.r.p.s.paths.ComputeSourceDir - /root/workspace/jdbi/jdbi/344167389/sqlite/src/main/java
13:32:52.715 [main] INFO  f.i.s.r.p.s.paths.ComputeSourceDir - /root/workspace/jdbi/jdbi/344167389/sqlobject/src/main/java
13:32:52.715 [main] INFO  f.i.s.r.p.s.paths.ComputeSourceDir - /root/workspace/jdbi/jdbi/344167389/stringtemplate4/src/main/java
13:32:52.715 [main] INFO  f.i.s.r.p.s.paths.ComputeSourceDir - /root/workspace/jdbi/jdbi/344167389/vavr/src/main/java
13:32:52.746 [main] DEBUG f.i.s.r.p.s.paths.ComputeSourceDir - Compute the line of code of the project
13:32:52.960 [main] DEBUG f.i.s.r.p.s.paths.ComputeSourceDir - Get result from cloc process...
13:32:52.962 [main] DEBUG f.i.s.r.p.s.paths.ComputeSourceDir - STEP STATUS: [ ComputeSourceDir : SUCCESS ]
13:32:52.962 [main] DEBUG f.i.s.r.p.s.paths.ComputeSourceDir - STEP DURATION: 1s
13:32:52.962 [main] DEBUG f.i.s.r.p.s.paths.ComputeSourceDir - EXECUTE NEXT STEP
13:32:52.962 [main] DEBUG f.i.s.r.p.step.paths.ComputeTestDir - ----------------------------------------------------------------------
13:32:52.962 [main] DEBUG f.i.s.r.p.step.paths.ComputeTestDir - STEP 4/22: ComputeTestDir
13:32:52.962 [main] DEBUG f.i.s.r.p.step.paths.ComputeTestDir - ----------------------------------------------------------------------
13:32:52.962 [main] DEBUG f.i.s.r.p.step.paths.ComputeTestDir - Computing the test directory ...
13:32:52.963 [main] DEBUG f.i.s.r.p.step.paths.ComputeTestDir - The default test directory (/root/workspace/jdbi/jdbi/344167389/src/test/java) does not exist. Try to read pom.xml to get information.
13:32:52.974 [main] DEBUG f.i.s.r.p.step.paths.ComputeTestDir - The test directory given in pom.xml (/root/workspace/jdbi/jdbi/344167389/src/test/java) does not exist. Continue to try to get test dir from all modules.
13:32:53.094 [main] DEBUG f.i.s.r.p.step.paths.ComputeTestDir - The default test directory (/root/workspace/jdbi/jdbi/344167389/kotlin/src/test/java) does not exist. Try to read pom.xml to get information.
13:32:53.105 [main] DEBUG f.i.s.r.p.step.paths.ComputeTestDir - The default test directory (/root/workspace/jdbi/jdbi/344167389/kotlin-sqlobject/src/test/java) does not exist. Try to read pom.xml to get information.
13:32:53.116 [main] DEBUG f.i.s.r.p.step.paths.ComputeTestDir - The default test directory (/root/workspace/jdbi/jdbi/344167389/bom/src/test/java) does not exist. Try to read pom.xml to get information.
13:32:53.127 [main] DEBUG f.i.s.r.p.step.paths.ComputeTestDir - The test directory given in pom.xml (/root/workspace/jdbi/jdbi/344167389/bom/src/test/java) does not exist. Continue to try to get test dir from all modules.
13:32:53.127 [main] ERROR f.i.s.r.p.step.paths.ComputeTestDir - The test directory is not at default location or specified in build section from pom.xml, and no parent can be found.
13:32:53.159 [main] INFO  f.i.s.r.p.step.paths.ComputeTestDir - 14 test dirs were found:
13:32:53.159 [main] INFO  f.i.s.r.p.step.paths.ComputeTestDir - /root/workspace/jdbi/jdbi/344167389/core/src/test/java
13:32:53.159 [main] INFO  f.i.s.r.p.step.paths.ComputeTestDir - /root/workspace/jdbi/jdbi/344167389/docs/src/test/java
13:32:53.159 [main] INFO  f.i.s.r.p.step.paths.ComputeTestDir - /root/workspace/jdbi/jdbi/344167389/guava/src/test/java
13:32:53.159 [main] INFO  f.i.s.r.p.step.paths.ComputeTestDir - /root/workspace/jdbi/jdbi/344167389/jodatime2/src/test/java
13:32:53.159 [main] INFO  f.i.s.r.p.step.paths.ComputeTestDir - /root/workspace/jdbi/jdbi/344167389/jpa/src/test/java
13:32:53.159 [main] INFO  f.i.s.r.p.step.paths.ComputeTestDir - /root/workspace/jdbi/jdbi/344167389/kotlin-sqlobject/src/test/kotlin
13:32:53.159 [main] INFO  f.i.s.r.p.step.paths.ComputeTestDir - /root/workspace/jdbi/jdbi/344167389/kotlin/src/test/kotlin
13:32:53.160 [main] INFO  f.i.s.r.p.step.paths.ComputeTestDir - /root/workspace/jdbi/jdbi/344167389/noparameters/src/test/java
13:32:53.160 [main] INFO  f.i.s.r.p.step.paths.ComputeTestDir - /root/workspace/jdbi/jdbi/344167389/postgres/src/test/java
13:32:53.160 [main] INFO  f.i.s.r.p.step.paths.ComputeTestDir - /root/workspace/jdbi/jdbi/344167389/spring4/src/test/java
13:32:53.160 [main] INFO  f.i.s.r.p.step.paths.ComputeTestDir - /root/workspace/jdbi/jdbi/344167389/sqlite/src/test/java
13:32:53.160 [main] INFO  f.i.s.r.p.step.paths.ComputeTestDir - /root/workspace/jdbi/jdbi/344167389/sqlobject/src/test/java
13:32:53.160 [main] INFO  f.i.s.r.p.step.paths.ComputeTestDir - /root/workspace/jdbi/jdbi/344167389/stringtemplate4/src/test/java
13:32:53.160 [main] INFO  f.i.s.r.p.step.paths.ComputeTestDir - /root/workspace/jdbi/jdbi/344167389/vavr/src/test/java
13:32:53.168 [main] DEBUG f.i.s.r.p.step.paths.ComputeTestDir - STEP STATUS: [ ComputeTestDir : SUCCESS ]
13:32:53.169 [main] DEBUG f.i.s.r.p.step.paths.ComputeTestDir - STEP DURATION: 0s
13:32:53.169 [main] DEBUG f.i.s.r.p.step.paths.ComputeTestDir - EXECUTE NEXT STEP
13:32:53.169 [main] DEBUG f.i.s.r.p.s.c.CheckoutBuggyBuildSourceCode - ----------------------------------------------------------------------
13:32:53.169 [main] DEBUG f.i.s.r.p.s.c.CheckoutBuggyBuildSourceCode - STEP 5/22: CheckoutBuggyBuildCandidateSourceCode
13:32:53.169 [main] DEBUG f.i.s.r.p.s.c.CheckoutBuggyBuildSourceCode - ----------------------------------------------------------------------
13:32:53.169 [main] DEBUG f.i.s.r.p.s.c.CheckoutBuggyBuildSourceCode - Checking out the source code of the buggy build candidate...
13:32:53.177 [main] DEBUG f.i.s.r.p.s.c.CheckoutBuggyBuildSourceCode - Get commit 6a99dc6d78ee1ae4351a71210ad60afdd52dc561 for repo jdbi/jdbi
13:32:53.878 [main] INFO  f.i.s.r.process.git.GitHelper - Init git submodules.
13:32:53.928 [main] ERROR f.i.s.r.p.s.c.CheckoutBuggyBuildSourceCode - Error while testing commit: org.eclipse.jgit.errors.MissingObjectException: Missing unknown 7a4cc86f98f2851527be35173ab67eb2178724ff
13:32:53.929 [main] ERROR f.i.s.r.p.s.c.CheckoutBuggyBuildSourceCode - Error while getting the commit to checkout from the repo.
13:32:53.930 [main] DEBUG f.i.s.r.p.s.c.CheckoutBuggyBuildSourceCode - STEP STATUS: [ CheckoutBuggyBuildCandidateSourceCode : FAILURE ( BUILDNOTCHECKEDOUT ) ]
13:32:53.930 [main] DEBUG f.i.s.r.p.s.c.CheckoutBuggyBuildSourceCode - STEP DURATION: 0s
13:32:53.930 [main] DEBUG f.i.s.r.p.s.c.CheckoutBuggyBuildSourceCode - TERMINATE PIPELINE
13:32:53.930 [main] DEBUG f.i.s.r.p.s.c.CheckoutBuggyBuildSourceCode - FINAL STEPS SKIPPED: The reproduction of the bug and/or the patch failed.
13:32:53.931 [main] INFO  f.i.s.r.p.s.c.CheckoutBuggyBuildSourceCode - Serialize all data for the pair of builds 344167389, 344168089
13:32:54.259 [main] INFO  fr.inria.jtravis.JTravis - GitHub ratelimit: Limit: 5000 Remaining: 4434 Reset hour: 19:26:37
13:32:54.852 [main] INFO  f.i.s.r.p.i.ProjectInspector - ----------------------------------------------------------------------
13:32:54.853 [main] INFO  f.i.s.r.p.i.ProjectInspector - PIPELINE EXECUTION SUMMARY
13:32:54.853 [main] INFO  f.i.s.r.p.i.ProjectInspector - ----------------------------------------------------------------------
13:32:54.853 [main] INFO  f.i.s.r.p.i.ProjectInspector - CloneRepository........................................SUCCESS [ 8 s ]
13:32:54.853 [main] INFO  f.i.s.r.p.i.ProjectInspector - CheckoutPatchedBuildCandidate..........................SUCCESS [ 0 s ]
13:32:54.854 [main] INFO  f.i.s.r.p.i.ProjectInspector - ComputeSourceDir.......................................SUCCESS [ 1 s ]
13:32:54.854 [main] INFO  f.i.s.r.p.i.ProjectInspector - ComputeTestDir.........................................SUCCESS [ 0 s ]
13:32:54.855 [main] INFO  f.i.s.r.p.i.ProjectInspector - CheckoutBuggyBuildCandidateSourceCode..................FAILURE [ 0 s ]
13:32:54.855 [main] INFO  f.i.s.r.p.i.ProjectInspector - BuildProjectBuggyBuildCandidateSourceCode..............NOT RUN        
13:32:54.855 [main] INFO  f.i.s.r.p.i.ProjectInspector - TestProjectBuggyBuildCandidateSourceCode...............NOT RUN        
13:32:54.855 [main] INFO  f.i.s.r.p.i.ProjectInspector - GatherTestInformationBuggyBuildCandidateSourceCode.....NOT RUN        
13:32:54.855 [main] INFO  f.i.s.r.p.i.ProjectInspector - CheckoutBuggyBuildTestCode.............................NOT RUN        
13:32:54.856 [main] INFO  f.i.s.r.p.i.ProjectInspector - InitRepoToPush.........................................NOT RUN        
13:32:54.856 [main] INFO  f.i.s.r.p.i.ProjectInspector - ComputeClasspath.......................................NOT RUN        
13:32:54.856 [main] INFO  f.i.s.r.p.i.ProjectInspector - ComputeModules.........................................NOT RUN        
13:32:54.857 [main] INFO  f.i.s.r.p.i.ProjectInspector - CheckoutBuggyBuildCandidateSourceCode..................NOT RUN        
13:32:54.857 [main] INFO  f.i.s.r.p.i.ProjectInspector - CommitChangedTests.....................................NOT RUN        
13:32:54.857 [main] INFO  f.i.s.r.p.i.ProjectInspector - CheckoutPatchedBuildCandidate..........................NOT RUN        
13:32:54.857 [main] INFO  f.i.s.r.p.i.ProjectInspector - BuildProjectPatchedBuildCandidate......................NOT RUN        
13:32:54.858 [main] INFO  f.i.s.r.p.i.ProjectInspector - TestProjectPatchedBuildCandidate.......................NOT RUN        
13:32:54.858 [main] INFO  f.i.s.r.p.i.ProjectInspector - GatherTestInformationPatchedBuildCandidate.............NOT RUN        
13:32:54.858 [main] INFO  f.i.s.r.p.i.ProjectInspector - CommitPatch............................................NOT RUN        
13:32:54.858 [main] INFO  f.i.s.r.p.i.ProjectInspector - WritePropertyFile......................................NOT RUN        
13:32:54.858 [main] INFO  f.i.s.r.p.i.ProjectInspector - CommitProcessEnd.......................................NOT RUN        
13:32:54.859 [main] INFO  f.i.s.r.p.i.ProjectInspector - PushProcessEnd.........................................NOT RUN        
13:32:54.859 [main] INFO  f.i.s.r.p.i.ProjectInspector - ----------------------------------------------------------------------
13:32:54.859 [main] INFO  f.i.s.r.p.i.ProjectInspector - PIPELINE FINDING: BUILDNOTCHECKEDOUT
13:32:54.859 [main] INFO  f.i.s.r.p.i.ProjectInspector - ----------------------------------------------------------------------
13:32:54.860 [main] INFO  f.i.s.repairnator.pipeline.Launcher - Inspector is finished. The process will exit now.
