01:21:56.513 [main] INFO  f.i.s.repairnator.pipeline.Launcher - PIPELINE VERSION: 3.0-2018-08-09 19:04
01:21:56.645 [main] INFO  f.i.s.repairnator.pipeline.Launcher - The pipeline will try to reproduce a bug from build 342216466 and its corresponding patch from build 344444397
01:21:56.645 [main] INFO  f.i.s.repairnator.pipeline.Launcher - Initialize file serializer engines.
01:21:56.647 [main] INFO  f.i.s.repairnator.pipeline.Launcher - MongoDB won't be used for serialization.
01:21:56.647 [main] INFO  f.i.s.repairnator.pipeline.Launcher - The email notifier engine won't be used.
01:21:56.650 [main] INFO  f.i.s.repairnator.pipeline.Launcher - Start by getting the build (buildId: 342216466) with the following config: RepairnatorConfig{runId='1af30014-1e98-49fd-8f17-d05bb441e6a6_02-18-week3-PASSING_AND_PASSING', launcherMode=BEARS, serializeJson=true, inputPath='null', outputPath='/var/log', mongodbHost='null', mongodbName='repairnator', smtpServer='null', notifyTo=[], notifyEndProcess=false, push=true, pushRemoteRepo='https://github.com/fermadeiral/bears-collection-pp', fork=false, lookFromDate=null, lookToDate=null, buildId=342216466, z3solverPath='./z3_for_linux', workspacePath='./workspace', githubToken='c8a341a903[...]', dockerImageName='null', skipDelete=false, createOutputDir=false, logDirectory='null', nbThreads=0, globalTimeout=0, whiteList=null, blackList=null, jobSleepTime=0, buildSleepTime=0, maxInspectedBuilds=0, duration=null, humanPatch=false, repository='null', clean=true, bearsMode=BOTH, bearsDelimiter = false, repairTools=NopolAllTests,NPEFix,AssertFixer,AstorJGenProg,AstorJKali,NopolSingleTest,AstorJMut,NopolTestExclusionStrategy, githubUserName= fermadeiral, githubUserEmail=fer.madeiral@gmail.com}
01:21:58.034 [main] DEBUG fr.inria.jtravis.helpers.BuildHelper - Get request to :https://api.travis-ci.org/build/342216466 done after 854 ms
01:21:58.313 [main] DEBUG fr.inria.jtravis.helpers.BuildHelper - Get request to :https://api.travis-ci.org/build/344444397 done after 139 ms
01:21:58.340 [main] INFO  f.i.s.repairnator.pipeline.Launcher - The patched build (344444397) was successfully retrieved from Travis.
01:21:59.470 [main] INFO  fr.inria.jtravis.JTravis - GitHub ratelimit: Limit: 5000 Remaining: 4917 Reset hour: 19:25:55
01:22:00.647 [main] INFO  f.i.s.r.p.i.ProjectInspector - ----------------------------------------------------------------------
01:22:00.648 [main] INFO  f.i.s.r.p.i.ProjectInspector - PIPELINE STEPS
01:22:00.648 [main] INFO  f.i.s.r.p.i.ProjectInspector - ----------------------------------------------------------------------
01:22:00.648 [main] INFO  f.i.s.r.p.i.ProjectInspector - CloneRepository
01:22:00.648 [main] INFO  f.i.s.r.p.i.ProjectInspector - CheckoutPatchedBuildCandidate
01:22:00.649 [main] INFO  f.i.s.r.p.i.ProjectInspector - ComputeSourceDir
01:22:00.650 [main] INFO  f.i.s.r.p.i.ProjectInspector - ComputeTestDir
01:22:00.650 [main] INFO  f.i.s.r.p.i.ProjectInspector - CheckoutBuggyBuildCandidateSourceCode
01:22:00.651 [main] INFO  f.i.s.r.p.i.ProjectInspector - BuildProjectBuggyBuildCandidateSourceCode
01:22:00.651 [main] INFO  f.i.s.r.p.i.ProjectInspector - TestProjectBuggyBuildCandidateSourceCode
01:22:00.652 [main] INFO  f.i.s.r.p.i.ProjectInspector - GatherTestInformationBuggyBuildCandidateSourceCode
01:22:00.652 [main] INFO  f.i.s.r.p.i.ProjectInspector - CheckoutBuggyBuildTestCode
01:22:00.653 [main] INFO  f.i.s.r.p.i.ProjectInspector - InitRepoToPush
01:22:00.653 [main] INFO  f.i.s.r.p.i.ProjectInspector - ComputeClasspath
01:22:00.654 [main] INFO  f.i.s.r.p.i.ProjectInspector - ComputeModules
01:22:00.655 [main] INFO  f.i.s.r.p.i.ProjectInspector - CheckoutBuggyBuildCandidateSourceCode
01:22:00.655 [main] INFO  f.i.s.r.p.i.ProjectInspector - CommitChangedTests
01:22:00.656 [main] INFO  f.i.s.r.p.i.ProjectInspector - CheckoutPatchedBuildCandidate
01:22:00.656 [main] INFO  f.i.s.r.p.i.ProjectInspector - BuildProjectPatchedBuildCandidate
01:22:00.657 [main] INFO  f.i.s.r.p.i.ProjectInspector - TestProjectPatchedBuildCandidate
01:22:00.658 [main] INFO  f.i.s.r.p.i.ProjectInspector - GatherTestInformationPatchedBuildCandidate
01:22:00.658 [main] INFO  f.i.s.r.p.i.ProjectInspector - CommitPatch
01:22:00.659 [main] INFO  f.i.s.r.p.i.ProjectInspector - WritePropertyFile
01:22:00.660 [main] INFO  f.i.s.r.p.i.ProjectInspector - CommitProcessEnd
01:22:00.661 [main] INFO  f.i.s.r.p.i.ProjectInspector - PushProcessEnd
01:22:00.662 [main] DEBUG f.i.s.r.process.step.CloneRepository - ----------------------------------------------------------------------
01:22:00.663 [main] DEBUG f.i.s.r.process.step.CloneRepository - STEP 1/22: CloneRepository
01:22:00.663 [main] DEBUG f.i.s.r.process.step.CloneRepository - ----------------------------------------------------------------------
01:22:00.664 [main] DEBUG f.i.s.r.process.step.CloneRepository - Cloning repository prestodb/presto in the following directory: ./workspace/prestodb/presto/342216466
01:22:44.891 [main] DEBUG f.i.s.r.process.step.CloneRepository - STEP STATUS: [ CloneRepository : SUCCESS ]
01:22:44.891 [main] DEBUG f.i.s.r.process.step.CloneRepository - STEP DURATION: 44s
01:22:44.892 [main] DEBUG f.i.s.r.process.step.CloneRepository - EXECUTE NEXT STEP
01:22:44.892 [main] DEBUG f.i.s.r.p.s.c.CheckoutPatchedBuild - ----------------------------------------------------------------------
01:22:44.892 [main] DEBUG f.i.s.r.p.s.c.CheckoutPatchedBuild - STEP 2/22: CheckoutPatchedBuildCandidate
01:22:44.893 [main] DEBUG f.i.s.r.p.s.c.CheckoutPatchedBuild - ----------------------------------------------------------------------
01:22:44.893 [main] DEBUG f.i.s.r.p.s.c.CheckoutPatchedBuild - Checking out patched build candidate...
01:22:45.250 [main] INFO  fr.inria.jtravis.JTravis - GitHub ratelimit: Limit: 5000 Remaining: 4905 Reset hour: 19:25:55
01:22:47.461 [main] DEBUG f.i.s.r.p.s.c.CheckoutPatchedBuild - Reproduce the PR for prestodb/presto by fetching remote branch and merging.
01:22:50.057 [main] ERROR f.i.s.r.p.s.c.CheckoutPatchedBuild - Error while testing commit: org.eclipse.jgit.errors.MissingObjectException: Missing unknown 83e3eb77b3b20db323495c423ab151e767ce01ec
01:22:50.058 [main] ERROR f.i.s.r.p.s.c.CheckoutPatchedBuild - Commit head ref cannot be retrieved from the repository: 83e3eb77b3b20db323495c423ab151e767ce01ec. Operation aborted.
01:22:50.058 [main] ERROR f.i.s.r.p.s.c.CheckoutPatchedBuild - Error while merging two commits to reproduce the PR.
01:22:50.059 [main] DEBUG f.i.s.r.p.s.c.CheckoutPatchedBuild - STEP STATUS: [ CheckoutPatchedBuildCandidate : FAILURE ( BUILDNOTCHECKEDOUT ) ]
01:22:50.059 [main] DEBUG f.i.s.r.p.s.c.CheckoutPatchedBuild - STEP DURATION: 5s
01:22:50.059 [main] DEBUG f.i.s.r.p.s.c.CheckoutPatchedBuild - TERMINATE PIPELINE
01:22:50.060 [main] DEBUG f.i.s.r.p.s.c.CheckoutPatchedBuild - FINAL STEPS SKIPPED: The reproduction of the bug and/or the patch failed.
01:22:50.060 [main] INFO  f.i.s.r.p.s.c.CheckoutPatchedBuild - Serialize all data for the pair of builds 342216466, 344444397
01:22:50.185 [main] INFO  fr.inria.jtravis.JTravis - GitHub ratelimit: Limit: 5000 Remaining: 4898 Reset hour: 19:25:55
01:22:51.533 [main] INFO  f.i.s.r.p.i.ProjectInspector - ----------------------------------------------------------------------
01:22:51.534 [main] INFO  f.i.s.r.p.i.ProjectInspector - PIPELINE EXECUTION SUMMARY
01:22:51.534 [main] INFO  f.i.s.r.p.i.ProjectInspector - ----------------------------------------------------------------------
01:22:51.534 [main] INFO  f.i.s.r.p.i.ProjectInspector - CloneRepository.......................................SUCCESS [ 44 s ]
01:22:51.534 [main] INFO  f.i.s.r.p.i.ProjectInspector - CheckoutPatchedBuildCandidate.........................FAILURE [  5 s ]
01:22:51.535 [main] INFO  f.i.s.r.p.i.ProjectInspector - ComputeSourceDir......................................NOT RUN         
01:22:51.535 [main] INFO  f.i.s.r.p.i.ProjectInspector - ComputeTestDir........................................NOT RUN         
01:22:51.535 [main] INFO  f.i.s.r.p.i.ProjectInspector - CheckoutBuggyBuildCandidateSourceCode.................NOT RUN         
01:22:51.535 [main] INFO  f.i.s.r.p.i.ProjectInspector - BuildProjectBuggyBuildCandidateSourceCode.............NOT RUN         
01:22:51.535 [main] INFO  f.i.s.r.p.i.ProjectInspector - TestProjectBuggyBuildCandidateSourceCode..............NOT RUN         
01:22:51.536 [main] INFO  f.i.s.r.p.i.ProjectInspector - GatherTestInformationBuggyBuildCandidateSourceCode....NOT RUN         
01:22:51.536 [main] INFO  f.i.s.r.p.i.ProjectInspector - CheckoutBuggyBuildTestCode............................NOT RUN         
01:22:51.536 [main] INFO  f.i.s.r.p.i.ProjectInspector - InitRepoToPush........................................NOT RUN         
01:22:51.536 [main] INFO  f.i.s.r.p.i.ProjectInspector - ComputeClasspath......................................NOT RUN         
01:22:51.536 [main] INFO  f.i.s.r.p.i.ProjectInspector - ComputeModules........................................NOT RUN         
01:22:51.536 [main] INFO  f.i.s.r.p.i.ProjectInspector - CheckoutBuggyBuildCandidateSourceCode.................NOT RUN         
01:22:51.536 [main] INFO  f.i.s.r.p.i.ProjectInspector - CommitChangedTests....................................NOT RUN         
01:22:51.537 [main] INFO  f.i.s.r.p.i.ProjectInspector - CheckoutPatchedBuildCandidate.........................NOT RUN         
01:22:51.537 [main] INFO  f.i.s.r.p.i.ProjectInspector - BuildProjectPatchedBuildCandidate.....................NOT RUN         
01:22:51.537 [main] INFO  f.i.s.r.p.i.ProjectInspector - TestProjectPatchedBuildCandidate......................NOT RUN         
01:22:51.537 [main] INFO  f.i.s.r.p.i.ProjectInspector - GatherTestInformationPatchedBuildCandidate............NOT RUN         
01:22:51.537 [main] INFO  f.i.s.r.p.i.ProjectInspector - CommitPatch...........................................NOT RUN         
01:22:51.537 [main] INFO  f.i.s.r.p.i.ProjectInspector - WritePropertyFile.....................................NOT RUN         
01:22:51.538 [main] INFO  f.i.s.r.p.i.ProjectInspector - CommitProcessEnd......................................NOT RUN         
01:22:51.538 [main] INFO  f.i.s.r.p.i.ProjectInspector - PushProcessEnd........................................NOT RUN         
01:22:51.538 [main] INFO  f.i.s.r.p.i.ProjectInspector - ----------------------------------------------------------------------
01:22:51.538 [main] INFO  f.i.s.r.p.i.ProjectInspector - PIPELINE FINDING: BUILDNOTCHECKEDOUT
01:22:51.538 [main] INFO  f.i.s.r.p.i.ProjectInspector - ----------------------------------------------------------------------
01:22:51.538 [main] INFO  f.i.s.repairnator.pipeline.Launcher - Inspector is finished. The process will exit now.
