13:21:18.242 [main] INFO  f.i.s.repairnator.pipeline.Launcher - PIPELINE VERSION: 3.0-2018-08-09 19:04
13:21:18.436 [main] INFO  f.i.s.repairnator.pipeline.Launcher - The pipeline will try to reproduce a bug from build 341779424 and its corresponding patch from build 341800991
13:21:18.436 [main] INFO  f.i.s.repairnator.pipeline.Launcher - Initialize file serializer engines.
13:21:18.438 [main] INFO  f.i.s.repairnator.pipeline.Launcher - MongoDB won't be used for serialization.
13:21:18.439 [main] INFO  f.i.s.repairnator.pipeline.Launcher - The email notifier engine won't be used.
13:21:18.443 [main] INFO  f.i.s.repairnator.pipeline.Launcher - Start by getting the build (buildId: 341779424) with the following config: RepairnatorConfig{runId='1af30014-1e98-49fd-8f17-d05bb441e6a6_02-18-week3-PASSING_AND_PASSING', launcherMode=BEARS, serializeJson=true, inputPath='null', outputPath='/var/log', mongodbHost='null', mongodbName='repairnator', smtpServer='null', notifyTo=[], notifyEndProcess=false, push=true, pushRemoteRepo='https://github.com/fermadeiral/bears-collection-pp', fork=false, lookFromDate=null, lookToDate=null, buildId=341779424, z3solverPath='./z3_for_linux', workspacePath='./workspace', githubToken='c8a341a903[...]', dockerImageName='null', skipDelete=false, createOutputDir=false, logDirectory='null', nbThreads=0, globalTimeout=0, whiteList=null, blackList=null, jobSleepTime=0, buildSleepTime=0, maxInspectedBuilds=0, duration=null, humanPatch=false, repository='null', clean=true, bearsMode=BOTH, bearsDelimiter = false, repairTools=NopolAllTests,NPEFix,AssertFixer,AstorJGenProg,AstorJKali,NopolSingleTest,AstorJMut,NopolTestExclusionStrategy, githubUserName= fermadeiral, githubUserEmail=fer.madeiral@gmail.com}
13:21:19.906 [main] DEBUG fr.inria.jtravis.helpers.BuildHelper - Get request to :https://api.travis-ci.org/build/341779424 done after 879 ms
13:21:20.133 [main] DEBUG fr.inria.jtravis.helpers.BuildHelper - Get request to :https://api.travis-ci.org/build/341800991 done after 136 ms
13:21:20.148 [main] INFO  f.i.s.repairnator.pipeline.Launcher - The patched build (341800991) was successfully retrieved from Travis.
13:21:21.338 [main] INFO  fr.inria.jtravis.JTravis - GitHub ratelimit: Limit: 5000 Remaining: 4615 Reset hour: 19:26:37
13:21:21.650 [main] INFO  f.i.s.r.p.i.ProjectInspector - ----------------------------------------------------------------------
13:21:21.651 [main] INFO  f.i.s.r.p.i.ProjectInspector - PIPELINE STEPS
13:21:21.651 [main] INFO  f.i.s.r.p.i.ProjectInspector - ----------------------------------------------------------------------
13:21:21.651 [main] INFO  f.i.s.r.p.i.ProjectInspector - CloneRepository
13:21:21.651 [main] INFO  f.i.s.r.p.i.ProjectInspector - CheckoutPatchedBuildCandidate
13:21:21.652 [main] INFO  f.i.s.r.p.i.ProjectInspector - ComputeSourceDir
13:21:21.652 [main] INFO  f.i.s.r.p.i.ProjectInspector - ComputeTestDir
13:21:21.652 [main] INFO  f.i.s.r.p.i.ProjectInspector - CheckoutBuggyBuildCandidateSourceCode
13:21:21.652 [main] INFO  f.i.s.r.p.i.ProjectInspector - BuildProjectBuggyBuildCandidateSourceCode
13:21:21.653 [main] INFO  f.i.s.r.p.i.ProjectInspector - TestProjectBuggyBuildCandidateSourceCode
13:21:21.653 [main] INFO  f.i.s.r.p.i.ProjectInspector - GatherTestInformationBuggyBuildCandidateSourceCode
13:21:21.653 [main] INFO  f.i.s.r.p.i.ProjectInspector - CheckoutBuggyBuildTestCode
13:21:21.653 [main] INFO  f.i.s.r.p.i.ProjectInspector - InitRepoToPush
13:21:21.654 [main] INFO  f.i.s.r.p.i.ProjectInspector - ComputeClasspath
13:21:21.654 [main] INFO  f.i.s.r.p.i.ProjectInspector - ComputeModules
13:21:21.654 [main] INFO  f.i.s.r.p.i.ProjectInspector - CheckoutBuggyBuildCandidateSourceCode
13:21:21.654 [main] INFO  f.i.s.r.p.i.ProjectInspector - CommitChangedTests
13:21:21.655 [main] INFO  f.i.s.r.p.i.ProjectInspector - CheckoutPatchedBuildCandidate
13:21:21.655 [main] INFO  f.i.s.r.p.i.ProjectInspector - BuildProjectPatchedBuildCandidate
13:21:21.655 [main] INFO  f.i.s.r.p.i.ProjectInspector - TestProjectPatchedBuildCandidate
13:21:21.655 [main] INFO  f.i.s.r.p.i.ProjectInspector - GatherTestInformationPatchedBuildCandidate
13:21:21.656 [main] INFO  f.i.s.r.p.i.ProjectInspector - CommitPatch
13:21:21.656 [main] INFO  f.i.s.r.p.i.ProjectInspector - WritePropertyFile
13:21:21.657 [main] INFO  f.i.s.r.p.i.ProjectInspector - CommitProcessEnd
13:21:21.657 [main] INFO  f.i.s.r.p.i.ProjectInspector - PushProcessEnd
13:21:21.657 [main] DEBUG f.i.s.r.process.step.CloneRepository - ----------------------------------------------------------------------
13:21:21.658 [main] DEBUG f.i.s.r.process.step.CloneRepository - STEP 1/22: CloneRepository
13:21:21.658 [main] DEBUG f.i.s.r.process.step.CloneRepository - ----------------------------------------------------------------------
13:21:21.659 [main] DEBUG f.i.s.r.process.step.CloneRepository - Cloning repository dhis2/dhis2-core in the following directory: ./workspace/dhis2/dhis2-core/341779424
13:21:44.494 [main] DEBUG f.i.s.r.process.step.CloneRepository - STEP STATUS: [ CloneRepository : SUCCESS ]
13:21:44.494 [main] DEBUG f.i.s.r.process.step.CloneRepository - STEP DURATION: 22s
13:21:44.494 [main] DEBUG f.i.s.r.process.step.CloneRepository - EXECUTE NEXT STEP
13:21:44.495 [main] DEBUG f.i.s.r.p.s.c.CheckoutPatchedBuild - ----------------------------------------------------------------------
13:21:44.495 [main] DEBUG f.i.s.r.p.s.c.CheckoutPatchedBuild - STEP 2/22: CheckoutPatchedBuildCandidate
13:21:44.495 [main] DEBUG f.i.s.r.p.s.c.CheckoutPatchedBuild - ----------------------------------------------------------------------
13:21:44.495 [main] DEBUG f.i.s.r.p.s.c.CheckoutPatchedBuild - Checking out patched build candidate...
13:21:44.839 [main] INFO  fr.inria.jtravis.JTravis - GitHub ratelimit: Limit: 5000 Remaining: 4614 Reset hour: 19:26:37
13:21:48.278 [main] DEBUG f.i.s.r.p.s.c.CheckoutPatchedBuild - Reproduce the PR for dhis2/dhis2-core by fetching remote branch and merging.
13:21:49.311 [main] ERROR f.i.s.r.p.s.c.CheckoutPatchedBuild - Error while testing commit: org.eclipse.jgit.errors.MissingObjectException: Missing unknown 212b622ae43d3cdfa8c12787148b42a02dd0903c
13:21:49.313 [main] ERROR f.i.s.r.p.s.c.CheckoutPatchedBuild - Commit head ref cannot be retrieved from the repository: 212b622ae43d3cdfa8c12787148b42a02dd0903c. Operation aborted.
13:21:49.313 [main] ERROR f.i.s.r.p.s.c.CheckoutPatchedBuild - Error while merging two commits to reproduce the PR.
13:21:49.315 [main] DEBUG f.i.s.r.p.s.c.CheckoutPatchedBuild - STEP STATUS: [ CheckoutPatchedBuildCandidate : FAILURE ( BUILDNOTCHECKEDOUT ) ]
13:21:49.315 [main] DEBUG f.i.s.r.p.s.c.CheckoutPatchedBuild - STEP DURATION: 4s
13:21:49.315 [main] DEBUG f.i.s.r.p.s.c.CheckoutPatchedBuild - TERMINATE PIPELINE
13:21:49.316 [main] DEBUG f.i.s.r.p.s.c.CheckoutPatchedBuild - FINAL STEPS SKIPPED: The reproduction of the bug and/or the patch failed.
13:21:49.316 [main] INFO  f.i.s.r.p.s.c.CheckoutPatchedBuild - Serialize all data for the pair of builds 341779424, 341800991
13:21:49.445 [main] INFO  fr.inria.jtravis.JTravis - GitHub ratelimit: Limit: 5000 Remaining: 4607 Reset hour: 19:26:37
13:21:50.966 [main] INFO  f.i.s.r.p.i.ProjectInspector - ----------------------------------------------------------------------
13:21:50.967 [main] INFO  f.i.s.r.p.i.ProjectInspector - PIPELINE EXECUTION SUMMARY
13:21:50.967 [main] INFO  f.i.s.r.p.i.ProjectInspector - ----------------------------------------------------------------------
13:21:50.967 [main] INFO  f.i.s.r.p.i.ProjectInspector - CloneRepository.......................................SUCCESS [ 22 s ]
13:21:50.968 [main] INFO  f.i.s.r.p.i.ProjectInspector - CheckoutPatchedBuildCandidate.........................FAILURE [  4 s ]
13:21:50.968 [main] INFO  f.i.s.r.p.i.ProjectInspector - ComputeSourceDir......................................NOT RUN         
13:21:50.968 [main] INFO  f.i.s.r.p.i.ProjectInspector - ComputeTestDir........................................NOT RUN         
13:21:50.969 [main] INFO  f.i.s.r.p.i.ProjectInspector - CheckoutBuggyBuildCandidateSourceCode.................NOT RUN         
13:21:50.969 [main] INFO  f.i.s.r.p.i.ProjectInspector - BuildProjectBuggyBuildCandidateSourceCode.............NOT RUN         
13:21:50.969 [main] INFO  f.i.s.r.p.i.ProjectInspector - TestProjectBuggyBuildCandidateSourceCode..............NOT RUN         
13:21:50.969 [main] INFO  f.i.s.r.p.i.ProjectInspector - GatherTestInformationBuggyBuildCandidateSourceCode....NOT RUN         
13:21:50.970 [main] INFO  f.i.s.r.p.i.ProjectInspector - CheckoutBuggyBuildTestCode............................NOT RUN         
13:21:50.970 [main] INFO  f.i.s.r.p.i.ProjectInspector - InitRepoToPush........................................NOT RUN         
13:21:50.970 [main] INFO  f.i.s.r.p.i.ProjectInspector - ComputeClasspath......................................NOT RUN         
13:21:50.970 [main] INFO  f.i.s.r.p.i.ProjectInspector - ComputeModules........................................NOT RUN         
13:21:50.970 [main] INFO  f.i.s.r.p.i.ProjectInspector - CheckoutBuggyBuildCandidateSourceCode.................NOT RUN         
13:21:50.970 [main] INFO  f.i.s.r.p.i.ProjectInspector - CommitChangedTests....................................NOT RUN         
13:21:50.970 [main] INFO  f.i.s.r.p.i.ProjectInspector - CheckoutPatchedBuildCandidate.........................NOT RUN         
13:21:50.970 [main] INFO  f.i.s.r.p.i.ProjectInspector - BuildProjectPatchedBuildCandidate.....................NOT RUN         
13:21:50.971 [main] INFO  f.i.s.r.p.i.ProjectInspector - TestProjectPatchedBuildCandidate......................NOT RUN         
13:21:50.971 [main] INFO  f.i.s.r.p.i.ProjectInspector - GatherTestInformationPatchedBuildCandidate............NOT RUN         
13:21:50.971 [main] INFO  f.i.s.r.p.i.ProjectInspector - CommitPatch...........................................NOT RUN         
13:21:50.971 [main] INFO  f.i.s.r.p.i.ProjectInspector - WritePropertyFile.....................................NOT RUN         
13:21:50.971 [main] INFO  f.i.s.r.p.i.ProjectInspector - CommitProcessEnd......................................NOT RUN         
13:21:50.971 [main] INFO  f.i.s.r.p.i.ProjectInspector - PushProcessEnd........................................NOT RUN         
13:21:50.971 [main] INFO  f.i.s.r.p.i.ProjectInspector - ----------------------------------------------------------------------
13:21:50.971 [main] INFO  f.i.s.r.p.i.ProjectInspector - PIPELINE FINDING: BUILDNOTCHECKEDOUT
13:21:50.972 [main] INFO  f.i.s.r.p.i.ProjectInspector - ----------------------------------------------------------------------
13:21:50.972 [main] INFO  f.i.s.repairnator.pipeline.Launcher - Inspector is finished. The process will exit now.
