04:42:32.633 [main] INFO  f.i.s.repairnator.pipeline.Launcher - PIPELINE VERSION: 3.0-2018-08-09 19:04
04:42:32.812 [main] INFO  f.i.s.repairnator.pipeline.Launcher - The pipeline will try to reproduce a bug from build 344211408 and its corresponding patch from build 344212875
04:42:32.812 [main] INFO  f.i.s.repairnator.pipeline.Launcher - Initialize file serializer engines.
04:42:32.814 [main] INFO  f.i.s.repairnator.pipeline.Launcher - MongoDB won't be used for serialization.
04:42:32.815 [main] INFO  f.i.s.repairnator.pipeline.Launcher - The email notifier engine won't be used.
04:42:32.819 [main] INFO  f.i.s.repairnator.pipeline.Launcher - Start by getting the build (buildId: 344211408) with the following config: RepairnatorConfig{runId='1af30014-1e98-49fd-8f17-d05bb441e6a6_02-18-week3-PASSING_AND_PASSING', launcherMode=BEARS, serializeJson=true, inputPath='null', outputPath='/var/log', mongodbHost='null', mongodbName='repairnator', smtpServer='null', notifyTo=[], notifyEndProcess=false, push=true, pushRemoteRepo='https://github.com/fermadeiral/bears-collection-pp', fork=false, lookFromDate=null, lookToDate=null, buildId=344211408, z3solverPath='./z3_for_linux', workspacePath='./workspace', githubToken='c8a341a903[...]', dockerImageName='null', skipDelete=false, createOutputDir=false, logDirectory='null', nbThreads=0, globalTimeout=0, whiteList=null, blackList=null, jobSleepTime=0, buildSleepTime=0, maxInspectedBuilds=0, duration=null, humanPatch=false, repository='null', clean=true, bearsMode=BOTH, bearsDelimiter = false, repairTools=NopolAllTests,NPEFix,AssertFixer,AstorJGenProg,AstorJKali,NopolSingleTest,AstorJMut,NopolTestExclusionStrategy, githubUserName= fermadeiral, githubUserEmail=fer.madeiral@gmail.com}
04:42:34.289 [main] DEBUG fr.inria.jtravis.helpers.BuildHelper - Get request to :https://api.travis-ci.org/build/344211408 done after 907 ms
04:42:34.595 [main] DEBUG fr.inria.jtravis.helpers.BuildHelper - Get request to :https://api.travis-ci.org/build/344212875 done after 153 ms
04:42:34.616 [main] INFO  f.i.s.repairnator.pipeline.Launcher - The patched build (344212875) was successfully retrieved from Travis.
04:42:35.924 [main] INFO  fr.inria.jtravis.JTravis - GitHub ratelimit: Limit: 5000 Remaining: 4206 Reset hour: 19:26:06
04:42:36.205 [main] INFO  f.i.s.r.p.i.ProjectInspector - ----------------------------------------------------------------------
04:42:36.206 [main] INFO  f.i.s.r.p.i.ProjectInspector - PIPELINE STEPS
04:42:36.206 [main] INFO  f.i.s.r.p.i.ProjectInspector - ----------------------------------------------------------------------
04:42:36.207 [main] INFO  f.i.s.r.p.i.ProjectInspector - CloneRepository
04:42:36.207 [main] INFO  f.i.s.r.p.i.ProjectInspector - CheckoutPatchedBuildCandidate
04:42:36.207 [main] INFO  f.i.s.r.p.i.ProjectInspector - ComputeSourceDir
04:42:36.208 [main] INFO  f.i.s.r.p.i.ProjectInspector - ComputeTestDir
04:42:36.208 [main] INFO  f.i.s.r.p.i.ProjectInspector - CheckoutBuggyBuildCandidateSourceCode
04:42:36.209 [main] INFO  f.i.s.r.p.i.ProjectInspector - BuildProjectBuggyBuildCandidateSourceCode
04:42:36.209 [main] INFO  f.i.s.r.p.i.ProjectInspector - TestProjectBuggyBuildCandidateSourceCode
04:42:36.210 [main] INFO  f.i.s.r.p.i.ProjectInspector - GatherTestInformationBuggyBuildCandidateSourceCode
04:42:36.210 [main] INFO  f.i.s.r.p.i.ProjectInspector - CheckoutBuggyBuildTestCode
04:42:36.211 [main] INFO  f.i.s.r.p.i.ProjectInspector - InitRepoToPush
04:42:36.211 [main] INFO  f.i.s.r.p.i.ProjectInspector - ComputeClasspath
04:42:36.212 [main] INFO  f.i.s.r.p.i.ProjectInspector - ComputeModules
04:42:36.212 [main] INFO  f.i.s.r.p.i.ProjectInspector - CheckoutBuggyBuildCandidateSourceCode
04:42:36.213 [main] INFO  f.i.s.r.p.i.ProjectInspector - CommitChangedTests
04:42:36.213 [main] INFO  f.i.s.r.p.i.ProjectInspector - CheckoutPatchedBuildCandidate
04:42:36.214 [main] INFO  f.i.s.r.p.i.ProjectInspector - BuildProjectPatchedBuildCandidate
04:42:36.214 [main] INFO  f.i.s.r.p.i.ProjectInspector - TestProjectPatchedBuildCandidate
04:42:36.215 [main] INFO  f.i.s.r.p.i.ProjectInspector - GatherTestInformationPatchedBuildCandidate
04:42:36.215 [main] INFO  f.i.s.r.p.i.ProjectInspector - CommitPatch
04:42:36.216 [main] INFO  f.i.s.r.p.i.ProjectInspector - WritePropertyFile
04:42:36.216 [main] INFO  f.i.s.r.p.i.ProjectInspector - CommitProcessEnd
04:42:36.217 [main] INFO  f.i.s.r.p.i.ProjectInspector - PushProcessEnd
04:42:36.218 [main] DEBUG f.i.s.r.process.step.CloneRepository - ----------------------------------------------------------------------
04:42:36.219 [main] DEBUG f.i.s.r.process.step.CloneRepository - STEP 1/22: CloneRepository
04:42:36.219 [main] DEBUG f.i.s.r.process.step.CloneRepository - ----------------------------------------------------------------------
04:42:36.220 [main] DEBUG f.i.s.r.process.step.CloneRepository - Cloning repository terasolunaorg/tutorial-apps in the following directory: ./workspace/terasolunaorg/tutorial-apps/344211408
04:42:40.483 [main] DEBUG f.i.s.r.process.step.CloneRepository - STEP STATUS: [ CloneRepository : SUCCESS ]
04:42:40.484 [main] DEBUG f.i.s.r.process.step.CloneRepository - STEP DURATION: 4s
04:42:40.485 [main] DEBUG f.i.s.r.process.step.CloneRepository - EXECUTE NEXT STEP
04:42:40.486 [main] DEBUG f.i.s.r.p.s.c.CheckoutPatchedBuild - ----------------------------------------------------------------------
04:42:40.486 [main] DEBUG f.i.s.r.p.s.c.CheckoutPatchedBuild - STEP 2/22: CheckoutPatchedBuildCandidate
04:42:40.487 [main] DEBUG f.i.s.r.p.s.c.CheckoutPatchedBuild - ----------------------------------------------------------------------
04:42:40.487 [main] DEBUG f.i.s.r.p.s.c.CheckoutPatchedBuild - Checking out patched build candidate...
04:42:40.502 [main] DEBUG f.i.s.r.p.s.c.CheckoutPatchedBuild - Get commit 3bd652a344328fd7dbfa5ac0af55eda43b1339a8 for repo terasolunaorg/tutorial-apps
04:42:41.016 [main] INFO  f.i.s.r.process.git.GitHelper - Init git submodules.
04:42:41.068 [main] DEBUG f.i.s.r.p.s.c.CheckoutPatchedBuild - STEP STATUS: [ CheckoutPatchedBuildCandidate : SUCCESS ]
04:42:41.069 [main] DEBUG f.i.s.r.p.s.c.CheckoutPatchedBuild - STEP DURATION: 0s
04:42:41.069 [main] DEBUG f.i.s.r.p.s.c.CheckoutPatchedBuild - EXECUTE NEXT STEP
04:42:41.069 [main] DEBUG f.i.s.r.p.s.paths.ComputeSourceDir - ----------------------------------------------------------------------
04:42:41.069 [main] DEBUG f.i.s.r.p.s.paths.ComputeSourceDir - STEP 3/22: ComputeSourceDir
04:42:41.070 [main] DEBUG f.i.s.r.p.s.paths.ComputeSourceDir - ----------------------------------------------------------------------
04:42:41.070 [main] DEBUG f.i.s.r.p.s.paths.ComputeSourceDir - Computing the source directory ...
04:42:41.072 [main] DEBUG f.i.s.r.p.s.paths.ComputeSourceDir - The default source directory (/root/workspace/terasolunaorg/tutorial-apps/344211408/src/main/java) does not exist. Try to read pom.xml to get information.
04:42:41.285 [main] DEBUG f.i.s.r.p.s.paths.ComputeSourceDir - The source directory given in pom.xml (/root/workspace/terasolunaorg/tutorial-apps/344211408/src/main/java) does not exist. Continue to try to get source dir from all modules.
04:42:41.286 [main] ERROR f.i.s.r.p.s.paths.ComputeSourceDir - The source directory is not at default location or specified in build section from pom.xml, and no parent can be found.
04:42:41.286 [main] ERROR f.i.s.r.p.s.paths.ComputeSourceDir - Fail to find source directories.
04:42:41.287 [main] DEBUG f.i.s.r.p.s.paths.ComputeSourceDir - STEP STATUS: [ ComputeSourceDir : FAILURE ( SOURCEDIRNOTCOMPUTED ) ]
04:42:41.288 [main] DEBUG f.i.s.r.p.s.paths.ComputeSourceDir - STEP DURATION: 0s
04:42:41.288 [main] DEBUG f.i.s.r.p.s.paths.ComputeSourceDir - TERMINATE PIPELINE
04:42:41.289 [main] DEBUG f.i.s.r.p.s.paths.ComputeSourceDir - FINAL STEPS SKIPPED: The reproduction of the bug and/or the patch failed.
04:42:41.289 [main] INFO  f.i.s.r.p.s.paths.ComputeSourceDir - Serialize all data for the pair of builds 344211408, 344212875
04:42:41.633 [main] INFO  fr.inria.jtravis.JTravis - GitHub ratelimit: Limit: 5000 Remaining: 4202 Reset hour: 19:26:06
04:42:42.247 [main] INFO  f.i.s.r.p.i.ProjectInspector - ----------------------------------------------------------------------
04:42:42.248 [main] INFO  f.i.s.r.p.i.ProjectInspector - PIPELINE EXECUTION SUMMARY
04:42:42.248 [main] INFO  f.i.s.r.p.i.ProjectInspector - ----------------------------------------------------------------------
04:42:42.249 [main] INFO  f.i.s.r.p.i.ProjectInspector - CloneRepository........................................SUCCESS [ 4 s ]
04:42:42.249 [main] INFO  f.i.s.r.p.i.ProjectInspector - CheckoutPatchedBuildCandidate..........................SUCCESS [ 0 s ]
04:42:42.249 [main] INFO  f.i.s.r.p.i.ProjectInspector - ComputeSourceDir.......................................FAILURE [ 0 s ]
04:42:42.249 [main] INFO  f.i.s.r.p.i.ProjectInspector - ComputeTestDir.........................................NOT RUN        
04:42:42.249 [main] INFO  f.i.s.r.p.i.ProjectInspector - CheckoutBuggyBuildCandidateSourceCode..................NOT RUN        
04:42:42.250 [main] INFO  f.i.s.r.p.i.ProjectInspector - BuildProjectBuggyBuildCandidateSourceCode..............NOT RUN        
04:42:42.250 [main] INFO  f.i.s.r.p.i.ProjectInspector - TestProjectBuggyBuildCandidateSourceCode...............NOT RUN        
04:42:42.250 [main] INFO  f.i.s.r.p.i.ProjectInspector - GatherTestInformationBuggyBuildCandidateSourceCode.....NOT RUN        
04:42:42.251 [main] INFO  f.i.s.r.p.i.ProjectInspector - CheckoutBuggyBuildTestCode.............................NOT RUN        
04:42:42.251 [main] INFO  f.i.s.r.p.i.ProjectInspector - InitRepoToPush.........................................NOT RUN        
04:42:42.251 [main] INFO  f.i.s.r.p.i.ProjectInspector - ComputeClasspath.......................................NOT RUN        
04:42:42.251 [main] INFO  f.i.s.r.p.i.ProjectInspector - ComputeModules.........................................NOT RUN        
04:42:42.251 [main] INFO  f.i.s.r.p.i.ProjectInspector - CheckoutBuggyBuildCandidateSourceCode..................NOT RUN        
04:42:42.252 [main] INFO  f.i.s.r.p.i.ProjectInspector - CommitChangedTests.....................................NOT RUN        
04:42:42.252 [main] INFO  f.i.s.r.p.i.ProjectInspector - CheckoutPatchedBuildCandidate..........................NOT RUN        
04:42:42.252 [main] INFO  f.i.s.r.p.i.ProjectInspector - BuildProjectPatchedBuildCandidate......................NOT RUN        
04:42:42.252 [main] INFO  f.i.s.r.p.i.ProjectInspector - TestProjectPatchedBuildCandidate.......................NOT RUN        
04:42:42.252 [main] INFO  f.i.s.r.p.i.ProjectInspector - GatherTestInformationPatchedBuildCandidate.............NOT RUN        
04:42:42.253 [main] INFO  f.i.s.r.p.i.ProjectInspector - CommitPatch............................................NOT RUN        
04:42:42.253 [main] INFO  f.i.s.r.p.i.ProjectInspector - WritePropertyFile......................................NOT RUN        
04:42:42.253 [main] INFO  f.i.s.r.p.i.ProjectInspector - CommitProcessEnd.......................................NOT RUN        
04:42:42.254 [main] INFO  f.i.s.r.p.i.ProjectInspector - PushProcessEnd.........................................NOT RUN        
04:42:42.254 [main] INFO  f.i.s.r.p.i.ProjectInspector - ----------------------------------------------------------------------
04:42:42.254 [main] INFO  f.i.s.r.p.i.ProjectInspector - PIPELINE FINDING: SOURCEDIRNOTCOMPUTED
04:42:42.254 [main] INFO  f.i.s.r.p.i.ProjectInspector - ----------------------------------------------------------------------
04:42:42.254 [main] INFO  f.i.s.repairnator.pipeline.Launcher - Inspector is finished. The process will exit now.
