04:19:47.677 [main] INFO  f.i.s.repairnator.pipeline.Launcher - PIPELINE VERSION: 3.0-2018-08-09 19:04
04:19:47.854 [main] INFO  f.i.s.repairnator.pipeline.Launcher - The pipeline will try to reproduce a bug from build 344181003 and its corresponding patch from build 344181493
04:19:47.855 [main] INFO  f.i.s.repairnator.pipeline.Launcher - Initialize file serializer engines.
04:19:47.856 [main] INFO  f.i.s.repairnator.pipeline.Launcher - MongoDB won't be used for serialization.
04:19:47.857 [main] INFO  f.i.s.repairnator.pipeline.Launcher - The email notifier engine won't be used.
04:19:47.864 [main] INFO  f.i.s.repairnator.pipeline.Launcher - Start by getting the build (buildId: 344181003) with the following config: RepairnatorConfig{runId='1af30014-1e98-49fd-8f17-d05bb441e6a6_02-18-week3-PASSING_AND_PASSING', launcherMode=BEARS, serializeJson=true, inputPath='null', outputPath='/var/log', mongodbHost='null', mongodbName='repairnator', smtpServer='null', notifyTo=[], notifyEndProcess=false, push=true, pushRemoteRepo='https://github.com/fermadeiral/bears-collection-pp', fork=false, lookFromDate=null, lookToDate=null, buildId=344181003, z3solverPath='./z3_for_linux', workspacePath='./workspace', githubToken='c8a341a903[...]', dockerImageName='null', skipDelete=false, createOutputDir=false, logDirectory='null', nbThreads=0, globalTimeout=0, whiteList=null, blackList=null, jobSleepTime=0, buildSleepTime=0, maxInspectedBuilds=0, duration=null, humanPatch=false, repository='null', clean=true, bearsMode=BOTH, bearsDelimiter = false, repairTools=NopolAllTests,NPEFix,AssertFixer,AstorJGenProg,AstorJKali,NopolSingleTest,AstorJMut,NopolTestExclusionStrategy, githubUserName= fermadeiral, githubUserEmail=fer.madeiral@gmail.com}
04:19:49.493 [main] DEBUG fr.inria.jtravis.helpers.BuildHelper - Get request to :https://api.travis-ci.org/build/344181003 done after 894 ms
04:19:49.793 [main] DEBUG fr.inria.jtravis.helpers.BuildHelper - Get request to :https://api.travis-ci.org/build/344181493 done after 142 ms
04:19:49.813 [main] INFO  f.i.s.repairnator.pipeline.Launcher - The patched build (344181493) was successfully retrieved from Travis.
04:19:51.133 [main] INFO  fr.inria.jtravis.JTravis - GitHub ratelimit: Limit: 5000 Remaining: 4732 Reset hour: 19:26:06
04:19:51.407 [main] INFO  f.i.s.r.p.i.ProjectInspector - ----------------------------------------------------------------------
04:19:51.407 [main] INFO  f.i.s.r.p.i.ProjectInspector - PIPELINE STEPS
04:19:51.407 [main] INFO  f.i.s.r.p.i.ProjectInspector - ----------------------------------------------------------------------
04:19:51.407 [main] INFO  f.i.s.r.p.i.ProjectInspector - CloneRepository
04:19:51.408 [main] INFO  f.i.s.r.p.i.ProjectInspector - CheckoutPatchedBuildCandidate
04:19:51.410 [main] INFO  f.i.s.r.p.i.ProjectInspector - ComputeSourceDir
04:19:51.410 [main] INFO  f.i.s.r.p.i.ProjectInspector - ComputeTestDir
04:19:51.410 [main] INFO  f.i.s.r.p.i.ProjectInspector - CheckoutBuggyBuildCandidateSourceCode
04:19:51.410 [main] INFO  f.i.s.r.p.i.ProjectInspector - BuildProjectBuggyBuildCandidateSourceCode
04:19:51.410 [main] INFO  f.i.s.r.p.i.ProjectInspector - TestProjectBuggyBuildCandidateSourceCode
04:19:51.410 [main] INFO  f.i.s.r.p.i.ProjectInspector - GatherTestInformationBuggyBuildCandidateSourceCode
04:19:51.411 [main] INFO  f.i.s.r.p.i.ProjectInspector - CheckoutBuggyBuildTestCode
04:19:51.411 [main] INFO  f.i.s.r.p.i.ProjectInspector - InitRepoToPush
04:19:51.411 [main] INFO  f.i.s.r.p.i.ProjectInspector - ComputeClasspath
04:19:51.411 [main] INFO  f.i.s.r.p.i.ProjectInspector - ComputeModules
04:19:51.411 [main] INFO  f.i.s.r.p.i.ProjectInspector - CheckoutBuggyBuildCandidateSourceCode
04:19:51.411 [main] INFO  f.i.s.r.p.i.ProjectInspector - CommitChangedTests
04:19:51.411 [main] INFO  f.i.s.r.p.i.ProjectInspector - CheckoutPatchedBuildCandidate
04:19:51.412 [main] INFO  f.i.s.r.p.i.ProjectInspector - BuildProjectPatchedBuildCandidate
04:19:51.412 [main] INFO  f.i.s.r.p.i.ProjectInspector - TestProjectPatchedBuildCandidate
04:19:51.412 [main] INFO  f.i.s.r.p.i.ProjectInspector - GatherTestInformationPatchedBuildCandidate
04:19:51.412 [main] INFO  f.i.s.r.p.i.ProjectInspector - CommitPatch
04:19:51.412 [main] INFO  f.i.s.r.p.i.ProjectInspector - WritePropertyFile
04:19:51.413 [main] INFO  f.i.s.r.p.i.ProjectInspector - CommitProcessEnd
04:19:51.413 [main] INFO  f.i.s.r.p.i.ProjectInspector - PushProcessEnd
04:19:51.413 [main] DEBUG f.i.s.r.process.step.CloneRepository - ----------------------------------------------------------------------
04:19:51.413 [main] DEBUG f.i.s.r.process.step.CloneRepository - STEP 1/22: CloneRepository
04:19:51.414 [main] DEBUG f.i.s.r.process.step.CloneRepository - ----------------------------------------------------------------------
04:19:51.418 [main] DEBUG f.i.s.r.process.step.CloneRepository - Cloning repository batfish/batfish in the following directory: ./workspace/batfish/batfish/344181003
04:20:40.787 [main] DEBUG f.i.s.r.process.step.CloneRepository - STEP STATUS: [ CloneRepository : SUCCESS ]
04:20:40.787 [main] DEBUG f.i.s.r.process.step.CloneRepository - STEP DURATION: 49s
04:20:40.787 [main] DEBUG f.i.s.r.process.step.CloneRepository - EXECUTE NEXT STEP
04:20:40.788 [main] DEBUG f.i.s.r.p.s.c.CheckoutPatchedBuild - ----------------------------------------------------------------------
04:20:40.788 [main] DEBUG f.i.s.r.p.s.c.CheckoutPatchedBuild - STEP 2/22: CheckoutPatchedBuildCandidate
04:20:40.788 [main] DEBUG f.i.s.r.p.s.c.CheckoutPatchedBuild - ----------------------------------------------------------------------
04:20:40.788 [main] DEBUG f.i.s.r.p.s.c.CheckoutPatchedBuild - Checking out patched build candidate...
04:20:40.803 [main] ERROR f.i.s.r.p.s.c.CheckoutPatchedBuild - Error while testing commit: org.eclipse.jgit.errors.MissingObjectException: Missing unknown 40462186907042a47d1c238c2c3c55c5a0385718
04:20:40.803 [main] ERROR f.i.s.r.p.s.c.CheckoutPatchedBuild - Error while getting the commit to checkout from the repo.
04:20:40.804 [main] DEBUG f.i.s.r.p.s.c.CheckoutPatchedBuild - STEP STATUS: [ CheckoutPatchedBuildCandidate : FAILURE ( BUILDNOTCHECKEDOUT ) ]
04:20:40.804 [main] DEBUG f.i.s.r.p.s.c.CheckoutPatchedBuild - STEP DURATION: 0s
04:20:40.804 [main] DEBUG f.i.s.r.p.s.c.CheckoutPatchedBuild - TERMINATE PIPELINE
04:20:40.805 [main] DEBUG f.i.s.r.p.s.c.CheckoutPatchedBuild - FINAL STEPS SKIPPED: The reproduction of the bug and/or the patch failed.
04:20:40.805 [main] INFO  f.i.s.r.p.s.c.CheckoutPatchedBuild - Serialize all data for the pair of builds 344181003, 344181493
04:20:41.120 [main] INFO  fr.inria.jtravis.JTravis - GitHub ratelimit: Limit: 5000 Remaining: 4727 Reset hour: 19:26:06
04:20:42.077 [main] INFO  f.i.s.r.p.i.ProjectInspector - ----------------------------------------------------------------------
04:20:42.078 [main] INFO  f.i.s.r.p.i.ProjectInspector - PIPELINE EXECUTION SUMMARY
04:20:42.078 [main] INFO  f.i.s.r.p.i.ProjectInspector - ----------------------------------------------------------------------
04:20:42.078 [main] INFO  f.i.s.r.p.i.ProjectInspector - CloneRepository.......................................SUCCESS [ 49 s ]
04:20:42.079 [main] INFO  f.i.s.r.p.i.ProjectInspector - CheckoutPatchedBuildCandidate.........................FAILURE [  0 s ]
04:20:42.079 [main] INFO  f.i.s.r.p.i.ProjectInspector - ComputeSourceDir......................................NOT RUN         
04:20:42.079 [main] INFO  f.i.s.r.p.i.ProjectInspector - ComputeTestDir........................................NOT RUN         
04:20:42.079 [main] INFO  f.i.s.r.p.i.ProjectInspector - CheckoutBuggyBuildCandidateSourceCode.................NOT RUN         
04:20:42.079 [main] INFO  f.i.s.r.p.i.ProjectInspector - BuildProjectBuggyBuildCandidateSourceCode.............NOT RUN         
04:20:42.079 [main] INFO  f.i.s.r.p.i.ProjectInspector - TestProjectBuggyBuildCandidateSourceCode..............NOT RUN         
04:20:42.079 [main] INFO  f.i.s.r.p.i.ProjectInspector - GatherTestInformationBuggyBuildCandidateSourceCode....NOT RUN         
04:20:42.079 [main] INFO  f.i.s.r.p.i.ProjectInspector - CheckoutBuggyBuildTestCode............................NOT RUN         
04:20:42.080 [main] INFO  f.i.s.r.p.i.ProjectInspector - InitRepoToPush........................................NOT RUN         
04:20:42.080 [main] INFO  f.i.s.r.p.i.ProjectInspector - ComputeClasspath......................................NOT RUN         
04:20:42.080 [main] INFO  f.i.s.r.p.i.ProjectInspector - ComputeModules........................................NOT RUN         
04:20:42.080 [main] INFO  f.i.s.r.p.i.ProjectInspector - CheckoutBuggyBuildCandidateSourceCode.................NOT RUN         
04:20:42.080 [main] INFO  f.i.s.r.p.i.ProjectInspector - CommitChangedTests....................................NOT RUN         
04:20:42.080 [main] INFO  f.i.s.r.p.i.ProjectInspector - CheckoutPatchedBuildCandidate.........................NOT RUN         
04:20:42.080 [main] INFO  f.i.s.r.p.i.ProjectInspector - BuildProjectPatchedBuildCandidate.....................NOT RUN         
04:20:42.080 [main] INFO  f.i.s.r.p.i.ProjectInspector - TestProjectPatchedBuildCandidate......................NOT RUN         
04:20:42.080 [main] INFO  f.i.s.r.p.i.ProjectInspector - GatherTestInformationPatchedBuildCandidate............NOT RUN         
04:20:42.081 [main] INFO  f.i.s.r.p.i.ProjectInspector - CommitPatch...........................................NOT RUN         
04:20:42.081 [main] INFO  f.i.s.r.p.i.ProjectInspector - WritePropertyFile.....................................NOT RUN         
04:20:42.081 [main] INFO  f.i.s.r.p.i.ProjectInspector - CommitProcessEnd......................................NOT RUN         
04:20:42.081 [main] INFO  f.i.s.r.p.i.ProjectInspector - PushProcessEnd........................................NOT RUN         
04:20:42.081 [main] INFO  f.i.s.r.p.i.ProjectInspector - ----------------------------------------------------------------------
04:20:42.081 [main] INFO  f.i.s.r.p.i.ProjectInspector - PIPELINE FINDING: BUILDNOTCHECKEDOUT
04:20:42.081 [main] INFO  f.i.s.r.p.i.ProjectInspector - ----------------------------------------------------------------------
04:20:42.081 [main] INFO  f.i.s.repairnator.pipeline.Launcher - Inspector is finished. The process will exit now.
