19:02:15.437 [main] INFO  f.i.s.repairnator.pipeline.Launcher - PIPELINE VERSION: 3.0-2018-08-09 19:04
19:02:15.650 [main] INFO  f.i.s.repairnator.pipeline.Launcher - The pipeline will try to reproduce a bug from build 325296473 and its corresponding patch from build 327026881
19:02:15.651 [main] INFO  f.i.s.repairnator.pipeline.Launcher - Initialize file serializer engines.
19:02:15.653 [main] INFO  f.i.s.repairnator.pipeline.Launcher - MongoDB won't be used for serialization.
19:02:15.653 [main] INFO  f.i.s.repairnator.pipeline.Launcher - The email notifier engine won't be used.
19:02:15.657 [main] INFO  f.i.s.repairnator.pipeline.Launcher - Start by getting the build (buildId: 325296473) with the following config: RepairnatorConfig{runId='6799cc07-95a1-4e50-ad7d-f235eab297e7_01-18-week2-PASSING_AND_PASSING', launcherMode=BEARS, serializeJson=true, inputPath='null', outputPath='/var/log', mongodbHost='null', mongodbName='repairnator', smtpServer='null', notifyTo=[], notifyEndProcess=false, push=true, pushRemoteRepo='https://github.com/fermadeiral/bears-collection-pp', fork=false, lookFromDate=null, lookToDate=null, buildId=325296473, z3solverPath='./z3_for_linux', workspacePath='./workspace', githubToken='c8a341a903[...]', dockerImageName='null', skipDelete=false, createOutputDir=false, logDirectory='null', nbThreads=0, globalTimeout=0, whiteList=null, blackList=null, jobSleepTime=0, buildSleepTime=0, maxInspectedBuilds=0, duration=null, humanPatch=false, repository='null', clean=true, bearsMode=BOTH, bearsDelimiter = false, repairTools=NopolAllTests,NPEFix,AssertFixer,AstorJGenProg,AstorJKali,NopolSingleTest,AstorJMut,NopolTestExclusionStrategy, githubUserName= fermadeiral, githubUserEmail=fer.madeiral@gmail.com}
19:02:16.887 [main] DEBUG fr.inria.jtravis.helpers.BuildHelper - Get request to :https://api.travis-ci.org/build/325296473 done after 784 ms
19:02:17.117 [main] DEBUG fr.inria.jtravis.helpers.BuildHelper - Get request to :https://api.travis-ci.org/build/327026881 done after 138 ms
19:02:17.129 [main] INFO  f.i.s.repairnator.pipeline.Launcher - The patched build (327026881) was successfully retrieved from Travis.
19:02:18.146 [main] INFO  fr.inria.jtravis.JTravis - GitHub ratelimit: Limit: 5000 Remaining: 4300 Reset hour: 19:16:53
19:02:18.366 [main] INFO  f.i.s.r.p.i.ProjectInspector - ----------------------------------------------------------------------
19:02:18.366 [main] INFO  f.i.s.r.p.i.ProjectInspector - PIPELINE STEPS
19:02:18.367 [main] INFO  f.i.s.r.p.i.ProjectInspector - ----------------------------------------------------------------------
19:02:18.367 [main] INFO  f.i.s.r.p.i.ProjectInspector - CloneRepository
19:02:18.367 [main] INFO  f.i.s.r.p.i.ProjectInspector - CheckoutPatchedBuildCandidate
19:02:18.367 [main] INFO  f.i.s.r.p.i.ProjectInspector - ComputeSourceDir
19:02:18.367 [main] INFO  f.i.s.r.p.i.ProjectInspector - ComputeTestDir
19:02:18.367 [main] INFO  f.i.s.r.p.i.ProjectInspector - CheckoutBuggyBuildCandidateSourceCode
19:02:18.367 [main] INFO  f.i.s.r.p.i.ProjectInspector - BuildProjectBuggyBuildCandidateSourceCode
19:02:18.368 [main] INFO  f.i.s.r.p.i.ProjectInspector - TestProjectBuggyBuildCandidateSourceCode
19:02:18.368 [main] INFO  f.i.s.r.p.i.ProjectInspector - GatherTestInformationBuggyBuildCandidateSourceCode
19:02:18.368 [main] INFO  f.i.s.r.p.i.ProjectInspector - CheckoutBuggyBuildTestCode
19:02:18.368 [main] INFO  f.i.s.r.p.i.ProjectInspector - InitRepoToPush
19:02:18.368 [main] INFO  f.i.s.r.p.i.ProjectInspector - ComputeClasspath
19:02:18.368 [main] INFO  f.i.s.r.p.i.ProjectInspector - ComputeModules
19:02:18.368 [main] INFO  f.i.s.r.p.i.ProjectInspector - CheckoutBuggyBuildCandidateSourceCode
19:02:18.368 [main] INFO  f.i.s.r.p.i.ProjectInspector - CommitChangedTests
19:02:18.368 [main] INFO  f.i.s.r.p.i.ProjectInspector - CheckoutPatchedBuildCandidate
19:02:18.369 [main] INFO  f.i.s.r.p.i.ProjectInspector - BuildProjectPatchedBuildCandidate
19:02:18.369 [main] INFO  f.i.s.r.p.i.ProjectInspector - TestProjectPatchedBuildCandidate
19:02:18.369 [main] INFO  f.i.s.r.p.i.ProjectInspector - GatherTestInformationPatchedBuildCandidate
19:02:18.369 [main] INFO  f.i.s.r.p.i.ProjectInspector - CommitPatch
19:02:18.370 [main] INFO  f.i.s.r.p.i.ProjectInspector - WritePropertyFile
19:02:18.370 [main] INFO  f.i.s.r.p.i.ProjectInspector - CommitProcessEnd
19:02:18.370 [main] INFO  f.i.s.r.p.i.ProjectInspector - PushProcessEnd
19:02:18.371 [main] DEBUG f.i.s.r.process.step.CloneRepository - ----------------------------------------------------------------------
19:02:18.371 [main] DEBUG f.i.s.r.process.step.CloneRepository - STEP 1/22: CloneRepository
19:02:18.371 [main] DEBUG f.i.s.r.process.step.CloneRepository - ----------------------------------------------------------------------
19:02:18.371 [main] DEBUG f.i.s.r.process.step.CloneRepository - Cloning repository CorfuDB/CorfuDB in the following directory: ./workspace/CorfuDB/CorfuDB/325296473
19:06:12.464 [main] DEBUG f.i.s.r.process.step.CloneRepository - STEP STATUS: [ CloneRepository : SUCCESS ]
19:06:12.465 [main] DEBUG f.i.s.r.process.step.CloneRepository - STEP DURATION: 234s
19:06:12.465 [main] DEBUG f.i.s.r.process.step.CloneRepository - EXECUTE NEXT STEP
19:06:12.466 [main] DEBUG f.i.s.r.p.s.c.CheckoutPatchedBuild - ----------------------------------------------------------------------
19:06:12.466 [main] DEBUG f.i.s.r.p.s.c.CheckoutPatchedBuild - STEP 2/22: CheckoutPatchedBuildCandidate
19:06:12.466 [main] DEBUG f.i.s.r.p.s.c.CheckoutPatchedBuild - ----------------------------------------------------------------------
19:06:12.466 [main] DEBUG f.i.s.r.p.s.c.CheckoutPatchedBuild - Checking out patched build candidate...
19:06:12.503 [main] ERROR f.i.s.r.p.s.c.CheckoutPatchedBuild - Error while testing commit: org.eclipse.jgit.errors.MissingObjectException: Missing unknown 3aed49effaf1b8df7e5d680329f76d7ac19cd3cc
19:06:12.503 [main] ERROR f.i.s.r.p.s.c.CheckoutPatchedBuild - Error while getting the commit to checkout from the repo.
19:06:12.504 [main] DEBUG f.i.s.r.p.s.c.CheckoutPatchedBuild - STEP STATUS: [ CheckoutPatchedBuildCandidate : FAILURE ( BUILDNOTCHECKEDOUT ) ]
19:06:12.504 [main] DEBUG f.i.s.r.p.s.c.CheckoutPatchedBuild - STEP DURATION: 0s
19:06:12.505 [main] DEBUG f.i.s.r.p.s.c.CheckoutPatchedBuild - TERMINATE PIPELINE
19:06:12.505 [main] DEBUG f.i.s.r.p.s.c.CheckoutPatchedBuild - FINAL STEPS SKIPPED: The reproduction of the bug and/or the patch failed.
19:06:12.505 [main] INFO  f.i.s.r.p.s.c.CheckoutPatchedBuild - Serialize all data for the pair of builds 325296473, 327026881
19:06:12.845 [main] INFO  fr.inria.jtravis.JTravis - GitHub ratelimit: Limit: 5000 Remaining: 4290 Reset hour: 19:16:53
19:06:13.496 [main] INFO  f.i.s.r.p.i.ProjectInspector - ----------------------------------------------------------------------
19:06:13.497 [main] INFO  f.i.s.r.p.i.ProjectInspector - PIPELINE EXECUTION SUMMARY
19:06:13.497 [main] INFO  f.i.s.r.p.i.ProjectInspector - ----------------------------------------------------------------------
19:06:13.497 [main] INFO  f.i.s.r.p.i.ProjectInspector - CloneRepository......................................SUCCESS [ 234 s ]
19:06:13.498 [main] INFO  f.i.s.r.p.i.ProjectInspector - CheckoutPatchedBuildCandidate........................FAILURE [   0 s ]
19:06:13.498 [main] INFO  f.i.s.r.p.i.ProjectInspector - ComputeSourceDir.....................................NOT RUN          
19:06:13.498 [main] INFO  f.i.s.r.p.i.ProjectInspector - ComputeTestDir.......................................NOT RUN          
19:06:13.498 [main] INFO  f.i.s.r.p.i.ProjectInspector - CheckoutBuggyBuildCandidateSourceCode................NOT RUN          
19:06:13.498 [main] INFO  f.i.s.r.p.i.ProjectInspector - BuildProjectBuggyBuildCandidateSourceCode............NOT RUN          
19:06:13.499 [main] INFO  f.i.s.r.p.i.ProjectInspector - TestProjectBuggyBuildCandidateSourceCode.............NOT RUN          
19:06:13.499 [main] INFO  f.i.s.r.p.i.ProjectInspector - GatherTestInformationBuggyBuildCandidateSourceCode...NOT RUN          
19:06:13.499 [main] INFO  f.i.s.r.p.i.ProjectInspector - CheckoutBuggyBuildTestCode...........................NOT RUN          
19:06:13.499 [main] INFO  f.i.s.r.p.i.ProjectInspector - InitRepoToPush.......................................NOT RUN          
19:06:13.500 [main] INFO  f.i.s.r.p.i.ProjectInspector - ComputeClasspath.....................................NOT RUN          
19:06:13.500 [main] INFO  f.i.s.r.p.i.ProjectInspector - ComputeModules.......................................NOT RUN          
19:06:13.500 [main] INFO  f.i.s.r.p.i.ProjectInspector - CheckoutBuggyBuildCandidateSourceCode................NOT RUN          
19:06:13.500 [main] INFO  f.i.s.r.p.i.ProjectInspector - CommitChangedTests...................................NOT RUN          
19:06:13.500 [main] INFO  f.i.s.r.p.i.ProjectInspector - CheckoutPatchedBuildCandidate........................NOT RUN          
19:06:13.500 [main] INFO  f.i.s.r.p.i.ProjectInspector - BuildProjectPatchedBuildCandidate....................NOT RUN          
19:06:13.501 [main] INFO  f.i.s.r.p.i.ProjectInspector - TestProjectPatchedBuildCandidate.....................NOT RUN          
19:06:13.501 [main] INFO  f.i.s.r.p.i.ProjectInspector - GatherTestInformationPatchedBuildCandidate...........NOT RUN          
19:06:13.501 [main] INFO  f.i.s.r.p.i.ProjectInspector - CommitPatch..........................................NOT RUN          
19:06:13.501 [main] INFO  f.i.s.r.p.i.ProjectInspector - WritePropertyFile....................................NOT RUN          
19:06:13.501 [main] INFO  f.i.s.r.p.i.ProjectInspector - CommitProcessEnd.....................................NOT RUN          
19:06:13.501 [main] INFO  f.i.s.r.p.i.ProjectInspector - PushProcessEnd.......................................NOT RUN          
19:06:13.502 [main] INFO  f.i.s.r.p.i.ProjectInspector - ----------------------------------------------------------------------
19:06:13.502 [main] INFO  f.i.s.r.p.i.ProjectInspector - PIPELINE FINDING: BUILDNOTCHECKEDOUT
19:06:13.502 [main] INFO  f.i.s.r.p.i.ProjectInspector - ----------------------------------------------------------------------
19:06:13.502 [main] INFO  f.i.s.repairnator.pipeline.Launcher - Inspector is finished. The process will exit now.
