17:28:56.342 [main] INFO  f.i.s.repairnator.pipeline.Launcher - PIPELINE VERSION: 3.0-2018-08-09 19:04
17:28:56.513 [main] INFO  f.i.s.repairnator.pipeline.Launcher - The pipeline will try to reproduce a bug from build 326723133 and its corresponding patch from build 326730326
17:28:56.513 [main] INFO  f.i.s.repairnator.pipeline.Launcher - Initialize file serializer engines.
17:28:56.515 [main] INFO  f.i.s.repairnator.pipeline.Launcher - MongoDB won't be used for serialization.
17:28:56.516 [main] INFO  f.i.s.repairnator.pipeline.Launcher - The email notifier engine won't be used.
17:28:56.519 [main] INFO  f.i.s.repairnator.pipeline.Launcher - Start by getting the build (buildId: 326723133) with the following config: RepairnatorConfig{runId='6799cc07-95a1-4e50-ad7d-f235eab297e7_01-18-week2-PASSING_AND_PASSING', launcherMode=BEARS, serializeJson=true, inputPath='null', outputPath='/var/log', mongodbHost='null', mongodbName='repairnator', smtpServer='null', notifyTo=[], notifyEndProcess=false, push=true, pushRemoteRepo='https://github.com/fermadeiral/bears-collection-pp', fork=false, lookFromDate=null, lookToDate=null, buildId=326723133, z3solverPath='./z3_for_linux', workspacePath='./workspace', githubToken='c8a341a903[...]', dockerImageName='null', skipDelete=false, createOutputDir=false, logDirectory='null', nbThreads=0, globalTimeout=0, whiteList=null, blackList=null, jobSleepTime=0, buildSleepTime=0, maxInspectedBuilds=0, duration=null, humanPatch=false, repository='null', clean=true, bearsMode=BOTH, bearsDelimiter = false, repairTools=NopolAllTests,NPEFix,AssertFixer,AstorJGenProg,AstorJKali,NopolSingleTest,AstorJMut,NopolTestExclusionStrategy, githubUserName= fermadeiral, githubUserEmail=fer.madeiral@gmail.com}
17:28:57.811 [main] DEBUG fr.inria.jtravis.helpers.BuildHelper - Get request to :https://api.travis-ci.org/build/326723133 done after 788 ms
17:28:58.157 [main] DEBUG fr.inria.jtravis.helpers.BuildHelper - Get request to :https://api.travis-ci.org/build/326730326 done after 186 ms
17:28:58.192 [main] INFO  f.i.s.repairnator.pipeline.Launcher - The patched build (326730326) was successfully retrieved from Travis.
17:28:59.668 [main] INFO  fr.inria.jtravis.JTravis - GitHub ratelimit: Limit: 5000 Remaining: 4958 Reset hour: 19:16:49
17:28:59.949 [main] INFO  f.i.s.r.p.i.ProjectInspector - ----------------------------------------------------------------------
17:28:59.950 [main] INFO  f.i.s.r.p.i.ProjectInspector - PIPELINE STEPS
17:28:59.950 [main] INFO  f.i.s.r.p.i.ProjectInspector - ----------------------------------------------------------------------
17:28:59.950 [main] INFO  f.i.s.r.p.i.ProjectInspector - CloneRepository
17:28:59.951 [main] INFO  f.i.s.r.p.i.ProjectInspector - CheckoutPatchedBuildCandidate
17:28:59.951 [main] INFO  f.i.s.r.p.i.ProjectInspector - ComputeSourceDir
17:28:59.951 [main] INFO  f.i.s.r.p.i.ProjectInspector - ComputeTestDir
17:28:59.952 [main] INFO  f.i.s.r.p.i.ProjectInspector - CheckoutBuggyBuildCandidateSourceCode
17:28:59.952 [main] INFO  f.i.s.r.p.i.ProjectInspector - BuildProjectBuggyBuildCandidateSourceCode
17:28:59.952 [main] INFO  f.i.s.r.p.i.ProjectInspector - TestProjectBuggyBuildCandidateSourceCode
17:28:59.952 [main] INFO  f.i.s.r.p.i.ProjectInspector - GatherTestInformationBuggyBuildCandidateSourceCode
17:28:59.953 [main] INFO  f.i.s.r.p.i.ProjectInspector - CheckoutBuggyBuildTestCode
17:28:59.953 [main] INFO  f.i.s.r.p.i.ProjectInspector - InitRepoToPush
17:28:59.953 [main] INFO  f.i.s.r.p.i.ProjectInspector - ComputeClasspath
17:28:59.953 [main] INFO  f.i.s.r.p.i.ProjectInspector - ComputeModules
17:28:59.953 [main] INFO  f.i.s.r.p.i.ProjectInspector - CheckoutBuggyBuildCandidateSourceCode
17:28:59.954 [main] INFO  f.i.s.r.p.i.ProjectInspector - CommitChangedTests
17:28:59.954 [main] INFO  f.i.s.r.p.i.ProjectInspector - CheckoutPatchedBuildCandidate
17:28:59.954 [main] INFO  f.i.s.r.p.i.ProjectInspector - BuildProjectPatchedBuildCandidate
17:28:59.954 [main] INFO  f.i.s.r.p.i.ProjectInspector - TestProjectPatchedBuildCandidate
17:28:59.955 [main] INFO  f.i.s.r.p.i.ProjectInspector - GatherTestInformationPatchedBuildCandidate
17:28:59.956 [main] INFO  f.i.s.r.p.i.ProjectInspector - CommitPatch
17:28:59.956 [main] INFO  f.i.s.r.p.i.ProjectInspector - WritePropertyFile
17:28:59.956 [main] INFO  f.i.s.r.p.i.ProjectInspector - CommitProcessEnd
17:28:59.957 [main] INFO  f.i.s.r.p.i.ProjectInspector - PushProcessEnd
17:28:59.957 [main] DEBUG f.i.s.r.process.step.CloneRepository - ----------------------------------------------------------------------
17:28:59.958 [main] DEBUG f.i.s.r.process.step.CloneRepository - STEP 1/22: CloneRepository
17:28:59.958 [main] DEBUG f.i.s.r.process.step.CloneRepository - ----------------------------------------------------------------------
17:28:59.958 [main] DEBUG f.i.s.r.process.step.CloneRepository - Cloning repository EnMasseProject/enmasse in the following directory: ./workspace/EnMasseProject/enmasse/326723133
17:29:30.816 [main] DEBUG f.i.s.r.process.step.CloneRepository - STEP STATUS: [ CloneRepository : SUCCESS ]
17:29:30.816 [main] DEBUG f.i.s.r.process.step.CloneRepository - STEP DURATION: 30s
17:29:30.816 [main] DEBUG f.i.s.r.process.step.CloneRepository - EXECUTE NEXT STEP
17:29:30.816 [main] DEBUG f.i.s.r.p.s.c.CheckoutPatchedBuild - ----------------------------------------------------------------------
17:29:30.817 [main] DEBUG f.i.s.r.p.s.c.CheckoutPatchedBuild - STEP 2/22: CheckoutPatchedBuildCandidate
17:29:30.817 [main] DEBUG f.i.s.r.p.s.c.CheckoutPatchedBuild - ----------------------------------------------------------------------
17:29:30.817 [main] DEBUG f.i.s.r.p.s.c.CheckoutPatchedBuild - Checking out patched build candidate...
17:29:30.824 [main] ERROR f.i.s.r.p.s.c.CheckoutPatchedBuild - Error while testing commit: org.eclipse.jgit.errors.MissingObjectException: Missing unknown 1b0fcf533e157575ac559cade30afd37d1759cde
17:29:30.824 [main] ERROR f.i.s.r.p.s.c.CheckoutPatchedBuild - Error while getting the commit to checkout from the repo.
17:29:30.825 [main] DEBUG f.i.s.r.p.s.c.CheckoutPatchedBuild - STEP STATUS: [ CheckoutPatchedBuildCandidate : FAILURE ( BUILDNOTCHECKEDOUT ) ]
17:29:30.825 [main] DEBUG f.i.s.r.p.s.c.CheckoutPatchedBuild - STEP DURATION: 0s
17:29:30.825 [main] DEBUG f.i.s.r.p.s.c.CheckoutPatchedBuild - TERMINATE PIPELINE
17:29:30.826 [main] DEBUG f.i.s.r.p.s.c.CheckoutPatchedBuild - FINAL STEPS SKIPPED: The reproduction of the bug and/or the patch failed.
17:29:30.826 [main] INFO  f.i.s.r.p.s.c.CheckoutPatchedBuild - Serialize all data for the pair of builds 326723133, 326730326
17:29:31.137 [main] INFO  fr.inria.jtravis.JTravis - GitHub ratelimit: Limit: 5000 Remaining: 4953 Reset hour: 19:16:49
17:29:32.064 [main] INFO  f.i.s.r.p.i.ProjectInspector - ----------------------------------------------------------------------
17:29:32.065 [main] INFO  f.i.s.r.p.i.ProjectInspector - PIPELINE EXECUTION SUMMARY
17:29:32.065 [main] INFO  f.i.s.r.p.i.ProjectInspector - ----------------------------------------------------------------------
17:29:32.065 [main] INFO  f.i.s.r.p.i.ProjectInspector - CloneRepository.......................................SUCCESS [ 30 s ]
17:29:32.065 [main] INFO  f.i.s.r.p.i.ProjectInspector - CheckoutPatchedBuildCandidate.........................FAILURE [  0 s ]
17:29:32.065 [main] INFO  f.i.s.r.p.i.ProjectInspector - ComputeSourceDir......................................NOT RUN         
17:29:32.065 [main] INFO  f.i.s.r.p.i.ProjectInspector - ComputeTestDir........................................NOT RUN         
17:29:32.066 [main] INFO  f.i.s.r.p.i.ProjectInspector - CheckoutBuggyBuildCandidateSourceCode.................NOT RUN         
17:29:32.066 [main] INFO  f.i.s.r.p.i.ProjectInspector - BuildProjectBuggyBuildCandidateSourceCode.............NOT RUN         
17:29:32.066 [main] INFO  f.i.s.r.p.i.ProjectInspector - TestProjectBuggyBuildCandidateSourceCode..............NOT RUN         
17:29:32.066 [main] INFO  f.i.s.r.p.i.ProjectInspector - GatherTestInformationBuggyBuildCandidateSourceCode....NOT RUN         
17:29:32.066 [main] INFO  f.i.s.r.p.i.ProjectInspector - CheckoutBuggyBuildTestCode............................NOT RUN         
17:29:32.066 [main] INFO  f.i.s.r.p.i.ProjectInspector - InitRepoToPush........................................NOT RUN         
17:29:32.066 [main] INFO  f.i.s.r.p.i.ProjectInspector - ComputeClasspath......................................NOT RUN         
17:29:32.067 [main] INFO  f.i.s.r.p.i.ProjectInspector - ComputeModules........................................NOT RUN         
17:29:32.067 [main] INFO  f.i.s.r.p.i.ProjectInspector - CheckoutBuggyBuildCandidateSourceCode.................NOT RUN         
17:29:32.067 [main] INFO  f.i.s.r.p.i.ProjectInspector - CommitChangedTests....................................NOT RUN         
17:29:32.067 [main] INFO  f.i.s.r.p.i.ProjectInspector - CheckoutPatchedBuildCandidate.........................NOT RUN         
17:29:32.067 [main] INFO  f.i.s.r.p.i.ProjectInspector - BuildProjectPatchedBuildCandidate.....................NOT RUN         
17:29:32.067 [main] INFO  f.i.s.r.p.i.ProjectInspector - TestProjectPatchedBuildCandidate......................NOT RUN         
17:29:32.067 [main] INFO  f.i.s.r.p.i.ProjectInspector - GatherTestInformationPatchedBuildCandidate............NOT RUN         
17:29:32.067 [main] INFO  f.i.s.r.p.i.ProjectInspector - CommitPatch...........................................NOT RUN         
17:29:32.067 [main] INFO  f.i.s.r.p.i.ProjectInspector - WritePropertyFile.....................................NOT RUN         
17:29:32.068 [main] INFO  f.i.s.r.p.i.ProjectInspector - CommitProcessEnd......................................NOT RUN         
17:29:32.068 [main] INFO  f.i.s.r.p.i.ProjectInspector - PushProcessEnd........................................NOT RUN         
17:29:32.068 [main] INFO  f.i.s.r.p.i.ProjectInspector - ----------------------------------------------------------------------
17:29:32.068 [main] INFO  f.i.s.r.p.i.ProjectInspector - PIPELINE FINDING: BUILDNOTCHECKEDOUT
17:29:32.068 [main] INFO  f.i.s.r.p.i.ProjectInspector - ----------------------------------------------------------------------
17:29:32.068 [main] INFO  f.i.s.repairnator.pipeline.Launcher - Inspector is finished. The process will exit now.
