00:57:16.362 [main] INFO  f.i.s.repairnator.pipeline.Launcher - PIPELINE VERSION: 3.0-2018-08-09 19:04
00:57:16.472 [main] INFO  f.i.s.repairnator.pipeline.Launcher - The pipeline will try to reproduce a bug from build 327009952 and its corresponding patch from build 327030353
00:57:16.473 [main] INFO  f.i.s.repairnator.pipeline.Launcher - Initialize file serializer engines.
00:57:16.475 [main] INFO  f.i.s.repairnator.pipeline.Launcher - MongoDB won't be used for serialization.
00:57:16.475 [main] INFO  f.i.s.repairnator.pipeline.Launcher - The email notifier engine won't be used.
00:57:16.477 [main] INFO  f.i.s.repairnator.pipeline.Launcher - Start by getting the build (buildId: 327009952) with the following config: RepairnatorConfig{runId='6799cc07-95a1-4e50-ad7d-f235eab297e7_01-18-week2-PASSING_AND_PASSING', launcherMode=BEARS, serializeJson=true, inputPath='null', outputPath='/var/log', mongodbHost='null', mongodbName='repairnator', smtpServer='null', notifyTo=[], notifyEndProcess=false, push=true, pushRemoteRepo='https://github.com/fermadeiral/bears-collection-pp', fork=false, lookFromDate=null, lookToDate=null, buildId=327009952, z3solverPath='./z3_for_linux', workspacePath='./workspace', githubToken='c8a341a903[...]', dockerImageName='null', skipDelete=false, createOutputDir=false, logDirectory='null', nbThreads=0, globalTimeout=0, whiteList=null, blackList=null, jobSleepTime=0, buildSleepTime=0, maxInspectedBuilds=0, duration=null, humanPatch=false, repository='null', clean=true, bearsMode=BOTH, bearsDelimiter = false, repairTools=NopolAllTests,NPEFix,AssertFixer,AstorJGenProg,AstorJKali,NopolSingleTest,AstorJMut,NopolTestExclusionStrategy, githubUserName= fermadeiral, githubUserEmail=fer.madeiral@gmail.com}
00:57:18.178 [main] DEBUG fr.inria.jtravis.helpers.BuildHelper - Get request to :https://api.travis-ci.org/build/327009952 done after 1086 ms
00:57:18.480 [main] DEBUG fr.inria.jtravis.helpers.BuildHelper - Get request to :https://api.travis-ci.org/build/327030353 done after 142 ms
00:57:18.503 [main] INFO  f.i.s.repairnator.pipeline.Launcher - The patched build (327030353) was successfully retrieved from Travis.
00:57:20.089 [main] INFO  fr.inria.jtravis.JTravis - GitHub ratelimit: Limit: 5000 Remaining: 4914 Reset hour: 19:17:13
00:57:20.346 [main] INFO  f.i.s.r.p.i.ProjectInspector - ----------------------------------------------------------------------
00:57:20.347 [main] INFO  f.i.s.r.p.i.ProjectInspector - PIPELINE STEPS
00:57:20.347 [main] INFO  f.i.s.r.p.i.ProjectInspector - ----------------------------------------------------------------------
00:57:20.347 [main] INFO  f.i.s.r.p.i.ProjectInspector - CloneRepository
00:57:20.348 [main] INFO  f.i.s.r.p.i.ProjectInspector - CheckoutPatchedBuildCandidate
00:57:20.348 [main] INFO  f.i.s.r.p.i.ProjectInspector - ComputeSourceDir
00:57:20.348 [main] INFO  f.i.s.r.p.i.ProjectInspector - ComputeTestDir
00:57:20.348 [main] INFO  f.i.s.r.p.i.ProjectInspector - CheckoutBuggyBuildCandidateSourceCode
00:57:20.348 [main] INFO  f.i.s.r.p.i.ProjectInspector - BuildProjectBuggyBuildCandidateSourceCode
00:57:20.349 [main] INFO  f.i.s.r.p.i.ProjectInspector - TestProjectBuggyBuildCandidateSourceCode
00:57:20.349 [main] INFO  f.i.s.r.p.i.ProjectInspector - GatherTestInformationBuggyBuildCandidateSourceCode
00:57:20.349 [main] INFO  f.i.s.r.p.i.ProjectInspector - CheckoutBuggyBuildTestCode
00:57:20.349 [main] INFO  f.i.s.r.p.i.ProjectInspector - InitRepoToPush
00:57:20.349 [main] INFO  f.i.s.r.p.i.ProjectInspector - ComputeClasspath
00:57:20.350 [main] INFO  f.i.s.r.p.i.ProjectInspector - ComputeModules
00:57:20.350 [main] INFO  f.i.s.r.p.i.ProjectInspector - CheckoutBuggyBuildCandidateSourceCode
00:57:20.350 [main] INFO  f.i.s.r.p.i.ProjectInspector - CommitChangedTests
00:57:20.350 [main] INFO  f.i.s.r.p.i.ProjectInspector - CheckoutPatchedBuildCandidate
00:57:20.350 [main] INFO  f.i.s.r.p.i.ProjectInspector - BuildProjectPatchedBuildCandidate
00:57:20.351 [main] INFO  f.i.s.r.p.i.ProjectInspector - TestProjectPatchedBuildCandidate
00:57:20.351 [main] INFO  f.i.s.r.p.i.ProjectInspector - GatherTestInformationPatchedBuildCandidate
00:57:20.351 [main] INFO  f.i.s.r.p.i.ProjectInspector - CommitPatch
00:57:20.351 [main] INFO  f.i.s.r.p.i.ProjectInspector - WritePropertyFile
00:57:20.351 [main] INFO  f.i.s.r.p.i.ProjectInspector - CommitProcessEnd
00:57:20.352 [main] INFO  f.i.s.r.p.i.ProjectInspector - PushProcessEnd
00:57:20.353 [main] DEBUG f.i.s.r.process.step.CloneRepository - ----------------------------------------------------------------------
00:57:20.353 [main] DEBUG f.i.s.r.process.step.CloneRepository - STEP 1/22: CloneRepository
00:57:20.353 [main] DEBUG f.i.s.r.process.step.CloneRepository - ----------------------------------------------------------------------
00:57:20.354 [main] DEBUG f.i.s.r.process.step.CloneRepository - Cloning repository resteasy/Resteasy in the following directory: ./workspace/resteasy/Resteasy/327009952
00:57:39.336 [main] DEBUG f.i.s.r.process.step.CloneRepository - STEP STATUS: [ CloneRepository : SUCCESS ]
00:57:39.336 [main] DEBUG f.i.s.r.process.step.CloneRepository - STEP DURATION: 18s
00:57:39.337 [main] DEBUG f.i.s.r.process.step.CloneRepository - EXECUTE NEXT STEP
00:57:39.337 [main] DEBUG f.i.s.r.p.s.c.CheckoutPatchedBuild - ----------------------------------------------------------------------
00:57:39.338 [main] DEBUG f.i.s.r.p.s.c.CheckoutPatchedBuild - STEP 2/22: CheckoutPatchedBuildCandidate
00:57:39.338 [main] DEBUG f.i.s.r.p.s.c.CheckoutPatchedBuild - ----------------------------------------------------------------------
00:57:39.338 [main] DEBUG f.i.s.r.p.s.c.CheckoutPatchedBuild - Checking out patched build candidate...
00:57:39.359 [main] DEBUG f.i.s.r.p.s.c.CheckoutPatchedBuild - Get commit 4410a2642b122443354ded0fac8c21c9cd04882d for repo resteasy/Resteasy
00:57:40.923 [main] INFO  f.i.s.r.process.git.GitHelper - Init git submodules.
00:57:41.061 [main] DEBUG f.i.s.r.p.s.c.CheckoutPatchedBuild - STEP STATUS: [ CheckoutPatchedBuildCandidate : SUCCESS ]
00:57:41.061 [main] DEBUG f.i.s.r.p.s.c.CheckoutPatchedBuild - STEP DURATION: 1s
00:57:41.062 [main] DEBUG f.i.s.r.p.s.c.CheckoutPatchedBuild - EXECUTE NEXT STEP
00:57:41.062 [main] DEBUG f.i.s.r.p.s.paths.ComputeSourceDir - ----------------------------------------------------------------------
00:57:41.063 [main] DEBUG f.i.s.r.p.s.paths.ComputeSourceDir - STEP 3/22: ComputeSourceDir
00:57:41.063 [main] DEBUG f.i.s.r.p.s.paths.ComputeSourceDir - ----------------------------------------------------------------------
00:57:41.064 [main] DEBUG f.i.s.r.p.s.paths.ComputeSourceDir - Computing the source directory ...
00:57:41.067 [main] DEBUG f.i.s.r.p.s.paths.ComputeSourceDir - The default source directory (/root/workspace/resteasy/Resteasy/327009952/src/main/java) does not exist. Try to read pom.xml to get information.
00:57:41.246 [main] DEBUG f.i.s.r.p.m.RepositoryModelResolver - Downloading https://repo1.maven.org/maven2/org/jboss/jboss-parent/25/jboss-parent-25.pom
00:57:41.593 [main] DEBUG f.i.s.r.p.m.RepositoryModelResolver - Downloading https://repo1.maven.org/maven2/org/jboss/resteasy/resteasy-dependencies/4.0.0-SNAPSHOT/resteasy-dependencies-4.0.0-SNAPSHOT.pom
00:57:41.693 [main] DEBUG f.i.s.r.p.m.RepositoryModelResolver - Downloading http://repo.maven.apache.org/maven2/org/jboss/resteasy/resteasy-dependencies/4.0.0-SNAPSHOT/resteasy-dependencies-4.0.0-SNAPSHOT.pom
00:57:41.729 [main] DEBUG f.i.s.r.p.m.RepositoryModelResolver - Downloading http://uk.maven.org/maven2/org/jboss/resteasy/resteasy-dependencies/4.0.0-SNAPSHOT/resteasy-dependencies-4.0.0-SNAPSHOT.pom
00:57:41.770 [main] DEBUG f.i.s.r.p.m.RepositoryModelResolver - Downloading http://repository.jboss.org/nexus/content/groups/public/org/jboss/resteasy/resteasy-dependencies/4.0.0-SNAPSHOT/resteasy-dependencies-4.0.0-SNAPSHOT.pom
00:57:42.098 [main] DEBUG f.i.s.r.p.m.RepositoryModelResolver - Downloading http://repository.jboss.org/nexus/content/groups/public/org/jboss/resteasy/resteasy-dependencies/4.0.0-SNAPSHOT/resteasy-dependencies-4.0.0-SNAPSHOT.pom
00:57:42.423 [main] DEBUG f.i.s.r.p.m.RepositoryModelResolver - Downloading https://repo.maven.apache.org/maven2/org/jboss/resteasy/resteasy-dependencies/4.0.0-SNAPSHOT/resteasy-dependencies-4.0.0-SNAPSHOT.pom
00:57:42.533 [main] ERROR f.i.s.r.process.maven.MavenHelper - Error while building complete model. The raw model will be used. Error message: 3 problems were encountered while building the effective model for org.jboss.resteasy:resteasy-jaxrs-all:4.0.0-SNAPSHOT
[ERROR] Failed to determine Java version for profile jdk9 @ 
[ERROR] Failed to determine Java version for profile doclint-java8-disable @ org.jboss:jboss-parent:25
[FATAL] Non-readable POM /root/./workspace/resteasy/Resteasy/327009952/.m2/org/jboss/resteasy/resteasy-dependencies/4.0.0-SNAPSHOT/resteasy-dependencies-4.0.0-SNAPSHOT.pom: /root/./workspace/resteasy/Resteasy/327009952/.m2/org/jboss/resteasy/resteasy-dependencies/4.0.0-SNAPSHOT/resteasy-dependencies-4.0.0-SNAPSHOT.pom (No such file or directory) @ /root/./workspace/resteasy/Resteasy/327009952/.m2/org/jboss/resteasy/resteasy-dependencies/4.0.0-SNAPSHOT/resteasy-dependencies-4.0.0-SNAPSHOT.pom

00:57:42.574 [main] DEBUG f.i.s.r.p.s.paths.ComputeSourceDir - Build section does not exist in the following pom.xml: /root/workspace/resteasy/Resteasy/327009952/pom.xml. Continue to try to get source dir from all modules.
00:57:42.575 [main] DEBUG f.i.s.r.p.s.paths.ComputeSourceDir - The default source directory (/root/workspace/resteasy/Resteasy/src/main/java) does not exist. Try to read pom.xml to get information.
00:57:42.596 [main] DEBUG f.i.s.r.p.m.RepositoryModelResolver - Downloading https://repo1.maven.org/maven2/org/jboss/resteasy/resteasy-dependencies/4.0.0-SNAPSHOT/resteasy-dependencies-4.0.0-SNAPSHOT.pom
00:57:42.681 [main] DEBUG f.i.s.r.p.m.RepositoryModelResolver - Downloading http://repo.maven.apache.org/maven2/org/jboss/resteasy/resteasy-dependencies/4.0.0-SNAPSHOT/resteasy-dependencies-4.0.0-SNAPSHOT.pom
00:57:42.696 [main] DEBUG f.i.s.r.p.m.RepositoryModelResolver - Downloading http://uk.maven.org/maven2/org/jboss/resteasy/resteasy-dependencies/4.0.0-SNAPSHOT/resteasy-dependencies-4.0.0-SNAPSHOT.pom
00:57:42.710 [main] DEBUG f.i.s.r.p.m.RepositoryModelResolver - Downloading http://repository.jboss.org/nexus/content/groups/public/org/jboss/resteasy/resteasy-dependencies/4.0.0-SNAPSHOT/resteasy-dependencies-4.0.0-SNAPSHOT.pom
00:57:43.033 [main] DEBUG f.i.s.r.p.m.RepositoryModelResolver - Downloading http://repository.jboss.org/nexus/content/groups/public/org/jboss/resteasy/resteasy-dependencies/4.0.0-SNAPSHOT/resteasy-dependencies-4.0.0-SNAPSHOT.pom
00:57:43.355 [main] DEBUG f.i.s.r.p.m.RepositoryModelResolver - Downloading https://repo.maven.apache.org/maven2/org/jboss/resteasy/resteasy-dependencies/4.0.0-SNAPSHOT/resteasy-dependencies-4.0.0-SNAPSHOT.pom
00:57:43.441 [main] ERROR f.i.s.r.process.maven.MavenHelper - Error while building complete model. The raw model will be used. Error message: 3 problems were encountered while building the effective model for org.jboss.resteasy:resteasy-jaxrs-all:4.0.0-SNAPSHOT
[ERROR] Failed to determine Java version for profile jdk9 @ 
[ERROR] Failed to determine Java version for profile doclint-java8-disable @ org.jboss:jboss-parent:25
[FATAL] Non-readable POM /root/./workspace/resteasy/Resteasy/327009952/.m2/org/jboss/resteasy/resteasy-dependencies/4.0.0-SNAPSHOT/resteasy-dependencies-4.0.0-SNAPSHOT.pom: /root/./workspace/resteasy/Resteasy/327009952/.m2/org/jboss/resteasy/resteasy-dependencies/4.0.0-SNAPSHOT/resteasy-dependencies-4.0.0-SNAPSHOT.pom (No such file or directory) @ /root/./workspace/resteasy/Resteasy/327009952/.m2/org/jboss/resteasy/resteasy-dependencies/4.0.0-SNAPSHOT/resteasy-dependencies-4.0.0-SNAPSHOT.pom

00:57:43.443 [main] DEBUG f.i.s.r.p.s.paths.ComputeSourceDir - Build section does not exist in the following pom.xml: ./workspace/resteasy/Resteasy/327009952/pom.xml. Continue to try to get source dir from all modules.
00:57:43.443 [main] ERROR f.i.s.r.p.s.paths.ComputeSourceDir - The source directory is not at default location or specified in build section from pom.xml, and no parent can be found.
00:57:43.443 [main] ERROR f.i.s.r.p.s.paths.ComputeSourceDir - The source directory is not at default location or specified in build section from pom.xml, and no parent can be found.
00:57:43.443 [main] ERROR f.i.s.r.p.s.paths.ComputeSourceDir - Fail to find source directories.
00:57:43.444 [main] DEBUG f.i.s.r.p.s.paths.ComputeSourceDir - STEP STATUS: [ ComputeSourceDir : FAILURE ( SOURCEDIRNOTCOMPUTED ) ]
00:57:43.445 [main] DEBUG f.i.s.r.p.s.paths.ComputeSourceDir - STEP DURATION: 2s
00:57:43.445 [main] DEBUG f.i.s.r.p.s.paths.ComputeSourceDir - TERMINATE PIPELINE
00:57:43.445 [main] DEBUG f.i.s.r.p.s.paths.ComputeSourceDir - FINAL STEPS SKIPPED: The reproduction of the bug and/or the patch failed.
00:57:43.445 [main] INFO  f.i.s.r.p.s.paths.ComputeSourceDir - Serialize all data for the pair of builds 327009952, 327030353
00:57:43.789 [main] INFO  fr.inria.jtravis.JTravis - GitHub ratelimit: Limit: 5000 Remaining: 4913 Reset hour: 19:17:13
00:57:45.384 [main] INFO  f.i.s.r.p.i.ProjectInspector - ----------------------------------------------------------------------
00:57:45.385 [main] INFO  f.i.s.r.p.i.ProjectInspector - PIPELINE EXECUTION SUMMARY
00:57:45.385 [main] INFO  f.i.s.r.p.i.ProjectInspector - ----------------------------------------------------------------------
00:57:45.386 [main] INFO  f.i.s.r.p.i.ProjectInspector - CloneRepository.......................................SUCCESS [ 18 s ]
00:57:45.386 [main] INFO  f.i.s.r.p.i.ProjectInspector - CheckoutPatchedBuildCandidate.........................SUCCESS [  1 s ]
00:57:45.386 [main] INFO  f.i.s.r.p.i.ProjectInspector - ComputeSourceDir......................................FAILURE [  2 s ]
00:57:45.387 [main] INFO  f.i.s.r.p.i.ProjectInspector - ComputeTestDir........................................NOT RUN         
00:57:45.387 [main] INFO  f.i.s.r.p.i.ProjectInspector - CheckoutBuggyBuildCandidateSourceCode.................NOT RUN         
00:57:45.387 [main] INFO  f.i.s.r.p.i.ProjectInspector - BuildProjectBuggyBuildCandidateSourceCode.............NOT RUN         
00:57:45.388 [main] INFO  f.i.s.r.p.i.ProjectInspector - TestProjectBuggyBuildCandidateSourceCode..............NOT RUN         
00:57:45.389 [main] INFO  f.i.s.r.p.i.ProjectInspector - GatherTestInformationBuggyBuildCandidateSourceCode....NOT RUN         
00:57:45.389 [main] INFO  f.i.s.r.p.i.ProjectInspector - CheckoutBuggyBuildTestCode............................NOT RUN         
00:57:45.390 [main] INFO  f.i.s.r.p.i.ProjectInspector - InitRepoToPush........................................NOT RUN         
00:57:45.390 [main] INFO  f.i.s.r.p.i.ProjectInspector - ComputeClasspath......................................NOT RUN         
00:57:45.391 [main] INFO  f.i.s.r.p.i.ProjectInspector - ComputeModules........................................NOT RUN         
00:57:45.391 [main] INFO  f.i.s.r.p.i.ProjectInspector - CheckoutBuggyBuildCandidateSourceCode.................NOT RUN         
00:57:45.391 [main] INFO  f.i.s.r.p.i.ProjectInspector - CommitChangedTests....................................NOT RUN         
00:57:45.391 [main] INFO  f.i.s.r.p.i.ProjectInspector - CheckoutPatchedBuildCandidate.........................NOT RUN         
00:57:45.392 [main] INFO  f.i.s.r.p.i.ProjectInspector - BuildProjectPatchedBuildCandidate.....................NOT RUN         
00:57:45.392 [main] INFO  f.i.s.r.p.i.ProjectInspector - TestProjectPatchedBuildCandidate......................NOT RUN         
00:57:45.392 [main] INFO  f.i.s.r.p.i.ProjectInspector - GatherTestInformationPatchedBuildCandidate............NOT RUN         
00:57:45.393 [main] INFO  f.i.s.r.p.i.ProjectInspector - CommitPatch...........................................NOT RUN         
00:57:45.393 [main] INFO  f.i.s.r.p.i.ProjectInspector - WritePropertyFile.....................................NOT RUN         
00:57:45.393 [main] INFO  f.i.s.r.p.i.ProjectInspector - CommitProcessEnd......................................NOT RUN         
00:57:45.394 [main] INFO  f.i.s.r.p.i.ProjectInspector - PushProcessEnd........................................NOT RUN         
00:57:45.394 [main] INFO  f.i.s.r.p.i.ProjectInspector - ----------------------------------------------------------------------
00:57:45.395 [main] INFO  f.i.s.r.p.i.ProjectInspector - PIPELINE FINDING: SOURCEDIRNOTCOMPUTED
00:57:45.395 [main] INFO  f.i.s.r.p.i.ProjectInspector - ----------------------------------------------------------------------
00:57:45.396 [main] INFO  f.i.s.repairnator.pipeline.Launcher - Inspector is finished. The process will exit now.
