13:47:46.691 [main] INFO  f.i.s.repairnator.pipeline.Launcher - PIPELINE VERSION: 3.0-2018-08-09 19:04
13:47:46.813 [main] INFO  f.i.s.repairnator.pipeline.Launcher - The pipeline will try to reproduce a bug from build 327397284 and its corresponding patch from build 327412228
13:47:46.814 [main] INFO  f.i.s.repairnator.pipeline.Launcher - Initialize file serializer engines.
13:47:46.816 [main] INFO  f.i.s.repairnator.pipeline.Launcher - MongoDB won't be used for serialization.
13:47:46.816 [main] INFO  f.i.s.repairnator.pipeline.Launcher - The email notifier engine won't be used.
13:47:46.820 [main] INFO  f.i.s.repairnator.pipeline.Launcher - Start by getting the build (buildId: 327397284) with the following config: RepairnatorConfig{runId='6799cc07-95a1-4e50-ad7d-f235eab297e7_01-18-week2-PASSING_AND_PASSING', launcherMode=BEARS, serializeJson=true, inputPath='null', outputPath='/var/log', mongodbHost='null', mongodbName='repairnator', smtpServer='null', notifyTo=[], notifyEndProcess=false, push=true, pushRemoteRepo='https://github.com/fermadeiral/bears-collection-pp', fork=false, lookFromDate=null, lookToDate=null, buildId=327397284, z3solverPath='./z3_for_linux', workspacePath='./workspace', githubToken='c8a341a903[...]', dockerImageName='null', skipDelete=false, createOutputDir=false, logDirectory='null', nbThreads=0, globalTimeout=0, whiteList=null, blackList=null, jobSleepTime=0, buildSleepTime=0, maxInspectedBuilds=0, duration=null, humanPatch=false, repository='null', clean=true, bearsMode=BOTH, bearsDelimiter = false, repairTools=NopolAllTests,NPEFix,AssertFixer,AstorJGenProg,AstorJKali,NopolSingleTest,AstorJMut,NopolTestExclusionStrategy, githubUserName= fermadeiral, githubUserEmail=fer.madeiral@gmail.com}
13:47:48.066 [main] DEBUG fr.inria.jtravis.helpers.BuildHelper - Get request to :https://api.travis-ci.org/build/327397284 done after 775 ms
13:47:48.300 [main] DEBUG fr.inria.jtravis.helpers.BuildHelper - Get request to :https://api.travis-ci.org/build/327412228 done after 143 ms
13:47:48.326 [main] INFO  f.i.s.repairnator.pipeline.Launcher - The patched build (327412228) was successfully retrieved from Travis.
13:47:49.321 [main] INFO  fr.inria.jtravis.JTravis - GitHub ratelimit: Limit: 5000 Remaining: 4778 Reset hour: 19:16:34
13:47:49.550 [main] INFO  f.i.s.r.p.i.ProjectInspector - ----------------------------------------------------------------------
13:47:49.551 [main] INFO  f.i.s.r.p.i.ProjectInspector - PIPELINE STEPS
13:47:49.551 [main] INFO  f.i.s.r.p.i.ProjectInspector - ----------------------------------------------------------------------
13:47:49.551 [main] INFO  f.i.s.r.p.i.ProjectInspector - CloneRepository
13:47:49.551 [main] INFO  f.i.s.r.p.i.ProjectInspector - CheckoutPatchedBuildCandidate
13:47:49.551 [main] INFO  f.i.s.r.p.i.ProjectInspector - ComputeSourceDir
13:47:49.551 [main] INFO  f.i.s.r.p.i.ProjectInspector - ComputeTestDir
13:47:49.552 [main] INFO  f.i.s.r.p.i.ProjectInspector - CheckoutBuggyBuildCandidateSourceCode
13:47:49.552 [main] INFO  f.i.s.r.p.i.ProjectInspector - BuildProjectBuggyBuildCandidateSourceCode
13:47:49.552 [main] INFO  f.i.s.r.p.i.ProjectInspector - TestProjectBuggyBuildCandidateSourceCode
13:47:49.552 [main] INFO  f.i.s.r.p.i.ProjectInspector - GatherTestInformationBuggyBuildCandidateSourceCode
13:47:49.552 [main] INFO  f.i.s.r.p.i.ProjectInspector - CheckoutBuggyBuildTestCode
13:47:49.552 [main] INFO  f.i.s.r.p.i.ProjectInspector - InitRepoToPush
13:47:49.553 [main] INFO  f.i.s.r.p.i.ProjectInspector - ComputeClasspath
13:47:49.553 [main] INFO  f.i.s.r.p.i.ProjectInspector - ComputeModules
13:47:49.553 [main] INFO  f.i.s.r.p.i.ProjectInspector - CheckoutBuggyBuildCandidateSourceCode
13:47:49.553 [main] INFO  f.i.s.r.p.i.ProjectInspector - CommitChangedTests
13:47:49.553 [main] INFO  f.i.s.r.p.i.ProjectInspector - CheckoutPatchedBuildCandidate
13:47:49.553 [main] INFO  f.i.s.r.p.i.ProjectInspector - BuildProjectPatchedBuildCandidate
13:47:49.554 [main] INFO  f.i.s.r.p.i.ProjectInspector - TestProjectPatchedBuildCandidate
13:47:49.554 [main] INFO  f.i.s.r.p.i.ProjectInspector - GatherTestInformationPatchedBuildCandidate
13:47:49.554 [main] INFO  f.i.s.r.p.i.ProjectInspector - CommitPatch
13:47:49.554 [main] INFO  f.i.s.r.p.i.ProjectInspector - WritePropertyFile
13:47:49.554 [main] INFO  f.i.s.r.p.i.ProjectInspector - CommitProcessEnd
13:47:49.555 [main] INFO  f.i.s.r.p.i.ProjectInspector - PushProcessEnd
13:47:49.555 [main] DEBUG f.i.s.r.process.step.CloneRepository - ----------------------------------------------------------------------
13:47:49.555 [main] DEBUG f.i.s.r.process.step.CloneRepository - STEP 1/22: CloneRepository
13:47:49.562 [main] DEBUG f.i.s.r.process.step.CloneRepository - ----------------------------------------------------------------------
13:47:49.562 [main] DEBUG f.i.s.r.process.step.CloneRepository - Cloning repository prestodb/presto in the following directory: ./workspace/prestodb/presto/327397284
13:48:32.991 [main] DEBUG f.i.s.r.process.step.CloneRepository - STEP STATUS: [ CloneRepository : SUCCESS ]
13:48:32.992 [main] DEBUG f.i.s.r.process.step.CloneRepository - STEP DURATION: 43s
13:48:32.992 [main] DEBUG f.i.s.r.process.step.CloneRepository - EXECUTE NEXT STEP
13:48:32.992 [main] DEBUG f.i.s.r.p.s.c.CheckoutPatchedBuild - ----------------------------------------------------------------------
13:48:32.993 [main] DEBUG f.i.s.r.p.s.c.CheckoutPatchedBuild - STEP 2/22: CheckoutPatchedBuildCandidate
13:48:32.993 [main] DEBUG f.i.s.r.p.s.c.CheckoutPatchedBuild - ----------------------------------------------------------------------
13:48:32.993 [main] DEBUG f.i.s.r.p.s.c.CheckoutPatchedBuild - Checking out patched build candidate...
13:48:33.314 [main] INFO  fr.inria.jtravis.JTravis - GitHub ratelimit: Limit: 5000 Remaining: 4766 Reset hour: 19:16:34
13:48:35.207 [main] DEBUG f.i.s.r.p.s.c.CheckoutPatchedBuild - Reproduce the PR for prestodb/presto by fetching remote branch and merging.
13:48:36.916 [main] ERROR f.i.s.r.p.s.c.CheckoutPatchedBuild - Error while testing commit: org.eclipse.jgit.errors.MissingObjectException: Missing unknown b18862342dd2cd1b77baef64c29b51d3bce28894
13:48:36.917 [main] ERROR f.i.s.r.p.s.c.CheckoutPatchedBuild - Commit head ref cannot be retrieved from the repository: b18862342dd2cd1b77baef64c29b51d3bce28894. Operation aborted.
13:48:36.917 [main] ERROR f.i.s.r.p.s.c.CheckoutPatchedBuild - Error while merging two commits to reproduce the PR.
13:48:36.918 [main] DEBUG f.i.s.r.p.s.c.CheckoutPatchedBuild - STEP STATUS: [ CheckoutPatchedBuildCandidate : FAILURE ( BUILDNOTCHECKEDOUT ) ]
13:48:36.919 [main] DEBUG f.i.s.r.p.s.c.CheckoutPatchedBuild - STEP DURATION: 3s
13:48:36.919 [main] DEBUG f.i.s.r.p.s.c.CheckoutPatchedBuild - TERMINATE PIPELINE
13:48:36.919 [main] DEBUG f.i.s.r.p.s.c.CheckoutPatchedBuild - FINAL STEPS SKIPPED: The reproduction of the bug and/or the patch failed.
13:48:36.920 [main] INFO  f.i.s.r.p.s.c.CheckoutPatchedBuild - Serialize all data for the pair of builds 327397284, 327412228
13:48:37.034 [main] INFO  fr.inria.jtravis.JTravis - GitHub ratelimit: Limit: 5000 Remaining: 4759 Reset hour: 19:16:34
13:48:38.123 [main] INFO  f.i.s.r.p.i.ProjectInspector - ----------------------------------------------------------------------
13:48:38.124 [main] INFO  f.i.s.r.p.i.ProjectInspector - PIPELINE EXECUTION SUMMARY
13:48:38.124 [main] INFO  f.i.s.r.p.i.ProjectInspector - ----------------------------------------------------------------------
13:48:38.124 [main] INFO  f.i.s.r.p.i.ProjectInspector - CloneRepository.......................................SUCCESS [ 43 s ]
13:48:38.125 [main] INFO  f.i.s.r.p.i.ProjectInspector - CheckoutPatchedBuildCandidate.........................FAILURE [  3 s ]
13:48:38.125 [main] INFO  f.i.s.r.p.i.ProjectInspector - ComputeSourceDir......................................NOT RUN         
13:48:38.125 [main] INFO  f.i.s.r.p.i.ProjectInspector - ComputeTestDir........................................NOT RUN         
13:48:38.125 [main] INFO  f.i.s.r.p.i.ProjectInspector - CheckoutBuggyBuildCandidateSourceCode.................NOT RUN         
13:48:38.125 [main] INFO  f.i.s.r.p.i.ProjectInspector - BuildProjectBuggyBuildCandidateSourceCode.............NOT RUN         
13:48:38.125 [main] INFO  f.i.s.r.p.i.ProjectInspector - TestProjectBuggyBuildCandidateSourceCode..............NOT RUN         
13:48:38.126 [main] INFO  f.i.s.r.p.i.ProjectInspector - GatherTestInformationBuggyBuildCandidateSourceCode....NOT RUN         
13:48:38.126 [main] INFO  f.i.s.r.p.i.ProjectInspector - CheckoutBuggyBuildTestCode............................NOT RUN         
13:48:38.126 [main] INFO  f.i.s.r.p.i.ProjectInspector - InitRepoToPush........................................NOT RUN         
13:48:38.126 [main] INFO  f.i.s.r.p.i.ProjectInspector - ComputeClasspath......................................NOT RUN         
13:48:38.126 [main] INFO  f.i.s.r.p.i.ProjectInspector - ComputeModules........................................NOT RUN         
13:48:38.126 [main] INFO  f.i.s.r.p.i.ProjectInspector - CheckoutBuggyBuildCandidateSourceCode.................NOT RUN         
13:48:38.126 [main] INFO  f.i.s.r.p.i.ProjectInspector - CommitChangedTests....................................NOT RUN         
13:48:38.126 [main] INFO  f.i.s.r.p.i.ProjectInspector - CheckoutPatchedBuildCandidate.........................NOT RUN         
13:48:38.126 [main] INFO  f.i.s.r.p.i.ProjectInspector - BuildProjectPatchedBuildCandidate.....................NOT RUN         
13:48:38.126 [main] INFO  f.i.s.r.p.i.ProjectInspector - TestProjectPatchedBuildCandidate......................NOT RUN         
13:48:38.127 [main] INFO  f.i.s.r.p.i.ProjectInspector - GatherTestInformationPatchedBuildCandidate............NOT RUN         
13:48:38.127 [main] INFO  f.i.s.r.p.i.ProjectInspector - CommitPatch...........................................NOT RUN         
13:48:38.127 [main] INFO  f.i.s.r.p.i.ProjectInspector - WritePropertyFile.....................................NOT RUN         
13:48:38.127 [main] INFO  f.i.s.r.p.i.ProjectInspector - CommitProcessEnd......................................NOT RUN         
13:48:38.127 [main] INFO  f.i.s.r.p.i.ProjectInspector - PushProcessEnd........................................NOT RUN         
13:48:38.127 [main] INFO  f.i.s.r.p.i.ProjectInspector - ----------------------------------------------------------------------
13:48:38.127 [main] INFO  f.i.s.r.p.i.ProjectInspector - PIPELINE FINDING: BUILDNOTCHECKEDOUT
13:48:38.127 [main] INFO  f.i.s.r.p.i.ProjectInspector - ----------------------------------------------------------------------
13:48:38.128 [main] INFO  f.i.s.repairnator.pipeline.Launcher - Inspector is finished. The process will exit now.
