17:41:49.717 [main] INFO  f.i.s.repairnator.pipeline.Launcher - PIPELINE VERSION: 3.0-2018-08-09 19:04
17:41:49.894 [main] INFO  f.i.s.repairnator.pipeline.Launcher - The pipeline will try to reproduce a bug from build 318076850 and its corresponding patch from build 328769310
17:41:49.895 [main] INFO  f.i.s.repairnator.pipeline.Launcher - Initialize file serializer engines.
17:41:49.898 [main] INFO  f.i.s.repairnator.pipeline.Launcher - MongoDB won't be used for serialization.
17:41:49.898 [main] INFO  f.i.s.repairnator.pipeline.Launcher - The email notifier engine won't be used.
17:41:49.902 [main] INFO  f.i.s.repairnator.pipeline.Launcher - Start by getting the build (buildId: 318076850) with the following config: RepairnatorConfig{runId='6799cc07-95a1-4e50-ad7d-f235eab297e7_01-18-week2-PASSING_AND_PASSING', launcherMode=BEARS, serializeJson=true, inputPath='null', outputPath='/var/log', mongodbHost='null', mongodbName='repairnator', smtpServer='null', notifyTo=[], notifyEndProcess=false, push=true, pushRemoteRepo='https://github.com/fermadeiral/bears-collection-pp', fork=false, lookFromDate=null, lookToDate=null, buildId=318076850, z3solverPath='./z3_for_linux', workspacePath='./workspace', githubToken='c8a341a903[...]', dockerImageName='null', skipDelete=false, createOutputDir=false, logDirectory='null', nbThreads=0, globalTimeout=0, whiteList=null, blackList=null, jobSleepTime=0, buildSleepTime=0, maxInspectedBuilds=0, duration=null, humanPatch=false, repository='null', clean=true, bearsMode=BOTH, bearsDelimiter = false, repairTools=NopolAllTests,NPEFix,AssertFixer,AstorJGenProg,AstorJKali,NopolSingleTest,AstorJMut,NopolTestExclusionStrategy, githubUserName= fermadeiral, githubUserEmail=fer.madeiral@gmail.com}
17:41:51.343 [main] DEBUG fr.inria.jtravis.helpers.BuildHelper - Get request to :https://api.travis-ci.org/build/318076850 done after 829 ms
17:41:51.588 [main] DEBUG fr.inria.jtravis.helpers.BuildHelper - Get request to :https://api.travis-ci.org/build/328769310 done after 132 ms
17:41:51.603 [main] INFO  f.i.s.repairnator.pipeline.Launcher - The patched build (328769310) was successfully retrieved from Travis.
17:41:52.663 [main] INFO  fr.inria.jtravis.JTravis - GitHub ratelimit: Limit: 5000 Remaining: 4713 Reset hour: 19:16:49
17:41:52.915 [main] INFO  f.i.s.r.p.i.ProjectInspector - ----------------------------------------------------------------------
17:41:52.915 [main] INFO  f.i.s.r.p.i.ProjectInspector - PIPELINE STEPS
17:41:52.915 [main] INFO  f.i.s.r.p.i.ProjectInspector - ----------------------------------------------------------------------
17:41:52.916 [main] INFO  f.i.s.r.p.i.ProjectInspector - CloneRepository
17:41:52.916 [main] INFO  f.i.s.r.p.i.ProjectInspector - CheckoutPatchedBuildCandidate
17:41:52.916 [main] INFO  f.i.s.r.p.i.ProjectInspector - ComputeSourceDir
17:41:52.916 [main] INFO  f.i.s.r.p.i.ProjectInspector - ComputeTestDir
17:41:52.916 [main] INFO  f.i.s.r.p.i.ProjectInspector - CheckoutBuggyBuildCandidateSourceCode
17:41:52.916 [main] INFO  f.i.s.r.p.i.ProjectInspector - BuildProjectBuggyBuildCandidateSourceCode
17:41:52.916 [main] INFO  f.i.s.r.p.i.ProjectInspector - TestProjectBuggyBuildCandidateSourceCode
17:41:52.916 [main] INFO  f.i.s.r.p.i.ProjectInspector - GatherTestInformationBuggyBuildCandidateSourceCode
17:41:52.916 [main] INFO  f.i.s.r.p.i.ProjectInspector - CheckoutBuggyBuildTestCode
17:41:52.917 [main] INFO  f.i.s.r.p.i.ProjectInspector - InitRepoToPush
17:41:52.917 [main] INFO  f.i.s.r.p.i.ProjectInspector - ComputeClasspath
17:41:52.917 [main] INFO  f.i.s.r.p.i.ProjectInspector - ComputeModules
17:41:52.917 [main] INFO  f.i.s.r.p.i.ProjectInspector - CheckoutBuggyBuildCandidateSourceCode
17:41:52.917 [main] INFO  f.i.s.r.p.i.ProjectInspector - CommitChangedTests
17:41:52.917 [main] INFO  f.i.s.r.p.i.ProjectInspector - CheckoutPatchedBuildCandidate
17:41:52.917 [main] INFO  f.i.s.r.p.i.ProjectInspector - BuildProjectPatchedBuildCandidate
17:41:52.917 [main] INFO  f.i.s.r.p.i.ProjectInspector - TestProjectPatchedBuildCandidate
17:41:52.918 [main] INFO  f.i.s.r.p.i.ProjectInspector - GatherTestInformationPatchedBuildCandidate
17:41:52.918 [main] INFO  f.i.s.r.p.i.ProjectInspector - CommitPatch
17:41:52.918 [main] INFO  f.i.s.r.p.i.ProjectInspector - WritePropertyFile
17:41:52.918 [main] INFO  f.i.s.r.p.i.ProjectInspector - CommitProcessEnd
17:41:52.919 [main] INFO  f.i.s.r.p.i.ProjectInspector - PushProcessEnd
17:41:52.919 [main] DEBUG f.i.s.r.process.step.CloneRepository - ----------------------------------------------------------------------
17:41:52.919 [main] DEBUG f.i.s.r.process.step.CloneRepository - STEP 1/22: CloneRepository
17:41:52.919 [main] DEBUG f.i.s.r.process.step.CloneRepository - ----------------------------------------------------------------------
17:41:52.919 [main] DEBUG f.i.s.r.process.step.CloneRepository - Cloning repository matsim-org/matsim in the following directory: ./workspace/matsim-org/matsim/318076850
17:44:55.530 [main] DEBUG f.i.s.r.process.step.CloneRepository - STEP STATUS: [ CloneRepository : SUCCESS ]
17:44:55.530 [main] DEBUG f.i.s.r.process.step.CloneRepository - STEP DURATION: 182s
17:44:55.531 [main] DEBUG f.i.s.r.process.step.CloneRepository - EXECUTE NEXT STEP
17:44:55.538 [main] DEBUG f.i.s.r.p.s.c.CheckoutPatchedBuild - ----------------------------------------------------------------------
17:44:55.539 [main] DEBUG f.i.s.r.p.s.c.CheckoutPatchedBuild - STEP 2/22: CheckoutPatchedBuildCandidate
17:44:55.539 [main] DEBUG f.i.s.r.p.s.c.CheckoutPatchedBuild - ----------------------------------------------------------------------
17:44:55.539 [main] DEBUG f.i.s.r.p.s.c.CheckoutPatchedBuild - Checking out patched build candidate...
17:44:55.620 [main] ERROR f.i.s.r.p.s.c.CheckoutPatchedBuild - Error while testing commit: org.eclipse.jgit.errors.MissingObjectException: Missing unknown da769df2a8b4f34bfaa525357320395742f1784f
17:44:55.620 [main] ERROR f.i.s.r.p.s.c.CheckoutPatchedBuild - Error while getting the commit to checkout from the repo.
17:44:55.622 [main] DEBUG f.i.s.r.p.s.c.CheckoutPatchedBuild - STEP STATUS: [ CheckoutPatchedBuildCandidate : FAILURE ( BUILDNOTCHECKEDOUT ) ]
17:44:55.622 [main] DEBUG f.i.s.r.p.s.c.CheckoutPatchedBuild - STEP DURATION: 0s
17:44:55.622 [main] DEBUG f.i.s.r.p.s.c.CheckoutPatchedBuild - TERMINATE PIPELINE
17:44:55.623 [main] DEBUG f.i.s.r.p.s.c.CheckoutPatchedBuild - FINAL STEPS SKIPPED: The reproduction of the bug and/or the patch failed.
17:44:55.623 [main] INFO  f.i.s.r.p.s.c.CheckoutPatchedBuild - Serialize all data for the pair of builds 318076850, 328769310
17:44:55.951 [main] INFO  fr.inria.jtravis.JTravis - GitHub ratelimit: Limit: 5000 Remaining: 4697 Reset hour: 19:16:49
17:44:57.638 [main] INFO  f.i.s.r.p.i.ProjectInspector - ----------------------------------------------------------------------
17:44:57.638 [main] INFO  f.i.s.r.p.i.ProjectInspector - PIPELINE EXECUTION SUMMARY
17:44:57.639 [main] INFO  f.i.s.r.p.i.ProjectInspector - ----------------------------------------------------------------------
17:44:57.639 [main] INFO  f.i.s.r.p.i.ProjectInspector - CloneRepository......................................SUCCESS [ 182 s ]
17:44:57.639 [main] INFO  f.i.s.r.p.i.ProjectInspector - CheckoutPatchedBuildCandidate........................FAILURE [   0 s ]
17:44:57.639 [main] INFO  f.i.s.r.p.i.ProjectInspector - ComputeSourceDir.....................................NOT RUN          
17:44:57.639 [main] INFO  f.i.s.r.p.i.ProjectInspector - ComputeTestDir.......................................NOT RUN          
17:44:57.639 [main] INFO  f.i.s.r.p.i.ProjectInspector - CheckoutBuggyBuildCandidateSourceCode................NOT RUN          
17:44:57.639 [main] INFO  f.i.s.r.p.i.ProjectInspector - BuildProjectBuggyBuildCandidateSourceCode............NOT RUN          
17:44:57.640 [main] INFO  f.i.s.r.p.i.ProjectInspector - TestProjectBuggyBuildCandidateSourceCode.............NOT RUN          
17:44:57.642 [main] INFO  f.i.s.r.p.i.ProjectInspector - GatherTestInformationBuggyBuildCandidateSourceCode...NOT RUN          
17:44:57.642 [main] INFO  f.i.s.r.p.i.ProjectInspector - CheckoutBuggyBuildTestCode...........................NOT RUN          
17:44:57.642 [main] INFO  f.i.s.r.p.i.ProjectInspector - InitRepoToPush.......................................NOT RUN          
17:44:57.642 [main] INFO  f.i.s.r.p.i.ProjectInspector - ComputeClasspath.....................................NOT RUN          
17:44:57.642 [main] INFO  f.i.s.r.p.i.ProjectInspector - ComputeModules.......................................NOT RUN          
17:44:57.642 [main] INFO  f.i.s.r.p.i.ProjectInspector - CheckoutBuggyBuildCandidateSourceCode................NOT RUN          
17:44:57.642 [main] INFO  f.i.s.r.p.i.ProjectInspector - CommitChangedTests...................................NOT RUN          
17:44:57.643 [main] INFO  f.i.s.r.p.i.ProjectInspector - CheckoutPatchedBuildCandidate........................NOT RUN          
17:44:57.643 [main] INFO  f.i.s.r.p.i.ProjectInspector - BuildProjectPatchedBuildCandidate....................NOT RUN          
17:44:57.643 [main] INFO  f.i.s.r.p.i.ProjectInspector - TestProjectPatchedBuildCandidate.....................NOT RUN          
17:44:57.643 [main] INFO  f.i.s.r.p.i.ProjectInspector - GatherTestInformationPatchedBuildCandidate...........NOT RUN          
17:44:57.643 [main] INFO  f.i.s.r.p.i.ProjectInspector - CommitPatch..........................................NOT RUN          
17:44:57.643 [main] INFO  f.i.s.r.p.i.ProjectInspector - WritePropertyFile....................................NOT RUN          
17:44:57.643 [main] INFO  f.i.s.r.p.i.ProjectInspector - CommitProcessEnd.....................................NOT RUN          
17:44:57.643 [main] INFO  f.i.s.r.p.i.ProjectInspector - PushProcessEnd.......................................NOT RUN          
17:44:57.644 [main] INFO  f.i.s.r.p.i.ProjectInspector - ----------------------------------------------------------------------
17:44:57.644 [main] INFO  f.i.s.r.p.i.ProjectInspector - PIPELINE FINDING: BUILDNOTCHECKEDOUT
17:44:57.644 [main] INFO  f.i.s.r.p.i.ProjectInspector - ----------------------------------------------------------------------
17:44:57.644 [main] INFO  f.i.s.repairnator.pipeline.Launcher - Inspector is finished. The process will exit now.
