19:10:25.907 [main] INFO  f.i.s.repairnator.pipeline.Launcher - PIPELINE VERSION: 3.0-2018-08-09 19:04
19:10:26.015 [main] INFO  f.i.s.repairnator.pipeline.Launcher - The pipeline will try to reproduce a bug from build 326762128 and its corresponding patch from build 326932682
19:10:26.016 [main] INFO  f.i.s.repairnator.pipeline.Launcher - Initialize file serializer engines.
19:10:26.017 [main] INFO  f.i.s.repairnator.pipeline.Launcher - MongoDB won't be used for serialization.
19:10:26.018 [main] INFO  f.i.s.repairnator.pipeline.Launcher - The email notifier engine won't be used.
19:10:26.020 [main] INFO  f.i.s.repairnator.pipeline.Launcher - Start by getting the build (buildId: 326762128) with the following config: RepairnatorConfig{runId='6799cc07-95a1-4e50-ad7d-f235eab297e7_01-18-week2-PASSING_AND_PASSING', launcherMode=BEARS, serializeJson=true, inputPath='null', outputPath='/var/log', mongodbHost='null', mongodbName='repairnator', smtpServer='null', notifyTo=[], notifyEndProcess=false, push=true, pushRemoteRepo='https://github.com/fermadeiral/bears-collection-pp', fork=false, lookFromDate=null, lookToDate=null, buildId=326762128, z3solverPath='./z3_for_linux', workspacePath='./workspace', githubToken='c8a341a903[...]', dockerImageName='null', skipDelete=false, createOutputDir=false, logDirectory='null', nbThreads=0, globalTimeout=0, whiteList=null, blackList=null, jobSleepTime=0, buildSleepTime=0, maxInspectedBuilds=0, duration=null, humanPatch=false, repository='null', clean=true, bearsMode=BOTH, bearsDelimiter = false, repairTools=NopolAllTests,NPEFix,AssertFixer,AstorJGenProg,AstorJKali,NopolSingleTest,AstorJMut,NopolTestExclusionStrategy, githubUserName= fermadeiral, githubUserEmail=fer.madeiral@gmail.com}
19:10:27.289 [main] DEBUG fr.inria.jtravis.helpers.BuildHelper - Get request to :https://api.travis-ci.org/build/326762128 done after 808 ms
19:10:27.556 [main] DEBUG fr.inria.jtravis.helpers.BuildHelper - Get request to :https://api.travis-ci.org/build/326932682 done after 129 ms
19:10:27.587 [main] INFO  f.i.s.repairnator.pipeline.Launcher - The patched build (326932682) was successfully retrieved from Travis.
19:10:28.622 [main] INFO  fr.inria.jtravis.JTravis - GitHub ratelimit: Limit: 5000 Remaining: 4251 Reset hour: 19:16:53
19:10:28.865 [main] INFO  f.i.s.r.p.i.ProjectInspector - ----------------------------------------------------------------------
19:10:28.865 [main] INFO  f.i.s.r.p.i.ProjectInspector - PIPELINE STEPS
19:10:28.865 [main] INFO  f.i.s.r.p.i.ProjectInspector - ----------------------------------------------------------------------
19:10:28.865 [main] INFO  f.i.s.r.p.i.ProjectInspector - CloneRepository
19:10:28.865 [main] INFO  f.i.s.r.p.i.ProjectInspector - CheckoutPatchedBuildCandidate
19:10:28.865 [main] INFO  f.i.s.r.p.i.ProjectInspector - ComputeSourceDir
19:10:28.866 [main] INFO  f.i.s.r.p.i.ProjectInspector - ComputeTestDir
19:10:28.866 [main] INFO  f.i.s.r.p.i.ProjectInspector - CheckoutBuggyBuildCandidateSourceCode
19:10:28.866 [main] INFO  f.i.s.r.p.i.ProjectInspector - BuildProjectBuggyBuildCandidateSourceCode
19:10:28.866 [main] INFO  f.i.s.r.p.i.ProjectInspector - TestProjectBuggyBuildCandidateSourceCode
19:10:28.866 [main] INFO  f.i.s.r.p.i.ProjectInspector - GatherTestInformationBuggyBuildCandidateSourceCode
19:10:28.866 [main] INFO  f.i.s.r.p.i.ProjectInspector - CheckoutBuggyBuildTestCode
19:10:28.866 [main] INFO  f.i.s.r.p.i.ProjectInspector - InitRepoToPush
19:10:28.867 [main] INFO  f.i.s.r.p.i.ProjectInspector - ComputeClasspath
19:10:28.867 [main] INFO  f.i.s.r.p.i.ProjectInspector - ComputeModules
19:10:28.867 [main] INFO  f.i.s.r.p.i.ProjectInspector - CheckoutBuggyBuildCandidateSourceCode
19:10:28.867 [main] INFO  f.i.s.r.p.i.ProjectInspector - CommitChangedTests
19:10:28.867 [main] INFO  f.i.s.r.p.i.ProjectInspector - CheckoutPatchedBuildCandidate
19:10:28.867 [main] INFO  f.i.s.r.p.i.ProjectInspector - BuildProjectPatchedBuildCandidate
19:10:28.867 [main] INFO  f.i.s.r.p.i.ProjectInspector - TestProjectPatchedBuildCandidate
19:10:28.867 [main] INFO  f.i.s.r.p.i.ProjectInspector - GatherTestInformationPatchedBuildCandidate
19:10:28.868 [main] INFO  f.i.s.r.p.i.ProjectInspector - CommitPatch
19:10:28.868 [main] INFO  f.i.s.r.p.i.ProjectInspector - WritePropertyFile
19:10:28.868 [main] INFO  f.i.s.r.p.i.ProjectInspector - CommitProcessEnd
19:10:28.868 [main] INFO  f.i.s.r.p.i.ProjectInspector - PushProcessEnd
19:10:28.868 [main] DEBUG f.i.s.r.process.step.CloneRepository - ----------------------------------------------------------------------
19:10:28.869 [main] DEBUG f.i.s.r.process.step.CloneRepository - STEP 1/22: CloneRepository
19:10:28.869 [main] DEBUG f.i.s.r.process.step.CloneRepository - ----------------------------------------------------------------------
19:10:28.869 [main] DEBUG f.i.s.r.process.step.CloneRepository - Cloning repository CorfuDB/CorfuDB in the following directory: ./workspace/CorfuDB/CorfuDB/326762128
19:15:11.340 [main] DEBUG f.i.s.r.process.step.CloneRepository - STEP STATUS: [ CloneRepository : SUCCESS ]
19:15:11.340 [main] DEBUG f.i.s.r.process.step.CloneRepository - STEP DURATION: 282s
19:15:11.341 [main] DEBUG f.i.s.r.process.step.CloneRepository - EXECUTE NEXT STEP
19:15:11.341 [main] DEBUG f.i.s.r.p.s.c.CheckoutPatchedBuild - ----------------------------------------------------------------------
19:15:11.341 [main] DEBUG f.i.s.r.p.s.c.CheckoutPatchedBuild - STEP 2/22: CheckoutPatchedBuildCandidate
19:15:11.341 [main] DEBUG f.i.s.r.p.s.c.CheckoutPatchedBuild - ----------------------------------------------------------------------
19:15:11.342 [main] DEBUG f.i.s.r.p.s.c.CheckoutPatchedBuild - Checking out patched build candidate...
19:15:11.377 [main] ERROR f.i.s.r.p.s.c.CheckoutPatchedBuild - Error while testing commit: org.eclipse.jgit.errors.MissingObjectException: Missing unknown f0ee37d025c565db6869f01a152fd163d512b2c8
19:15:11.378 [main] ERROR f.i.s.r.p.s.c.CheckoutPatchedBuild - Error while getting the commit to checkout from the repo.
19:15:11.379 [main] DEBUG f.i.s.r.p.s.c.CheckoutPatchedBuild - STEP STATUS: [ CheckoutPatchedBuildCandidate : FAILURE ( BUILDNOTCHECKEDOUT ) ]
19:15:11.379 [main] DEBUG f.i.s.r.p.s.c.CheckoutPatchedBuild - STEP DURATION: 0s
19:15:11.379 [main] DEBUG f.i.s.r.p.s.c.CheckoutPatchedBuild - TERMINATE PIPELINE
19:15:11.379 [main] DEBUG f.i.s.r.p.s.c.CheckoutPatchedBuild - FINAL STEPS SKIPPED: The reproduction of the bug and/or the patch failed.
19:15:11.380 [main] INFO  f.i.s.r.p.s.c.CheckoutPatchedBuild - Serialize all data for the pair of builds 326762128, 326932682
19:15:11.715 [main] INFO  fr.inria.jtravis.JTravis - GitHub ratelimit: Limit: 5000 Remaining: 4220 Reset hour: 19:16:53
19:15:12.462 [main] INFO  f.i.s.r.p.i.ProjectInspector - ----------------------------------------------------------------------
19:15:12.463 [main] INFO  f.i.s.r.p.i.ProjectInspector - PIPELINE EXECUTION SUMMARY
19:15:12.463 [main] INFO  f.i.s.r.p.i.ProjectInspector - ----------------------------------------------------------------------
19:15:12.463 [main] INFO  f.i.s.r.p.i.ProjectInspector - CloneRepository......................................SUCCESS [ 282 s ]
19:15:12.463 [main] INFO  f.i.s.r.p.i.ProjectInspector - CheckoutPatchedBuildCandidate........................FAILURE [   0 s ]
19:15:12.463 [main] INFO  f.i.s.r.p.i.ProjectInspector - ComputeSourceDir.....................................NOT RUN          
19:15:12.463 [main] INFO  f.i.s.r.p.i.ProjectInspector - ComputeTestDir.......................................NOT RUN          
19:15:12.464 [main] INFO  f.i.s.r.p.i.ProjectInspector - CheckoutBuggyBuildCandidateSourceCode................NOT RUN          
19:15:12.464 [main] INFO  f.i.s.r.p.i.ProjectInspector - BuildProjectBuggyBuildCandidateSourceCode............NOT RUN          
19:15:12.464 [main] INFO  f.i.s.r.p.i.ProjectInspector - TestProjectBuggyBuildCandidateSourceCode.............NOT RUN          
19:15:12.464 [main] INFO  f.i.s.r.p.i.ProjectInspector - GatherTestInformationBuggyBuildCandidateSourceCode...NOT RUN          
19:15:12.464 [main] INFO  f.i.s.r.p.i.ProjectInspector - CheckoutBuggyBuildTestCode...........................NOT RUN          
19:15:12.464 [main] INFO  f.i.s.r.p.i.ProjectInspector - InitRepoToPush.......................................NOT RUN          
19:15:12.465 [main] INFO  f.i.s.r.p.i.ProjectInspector - ComputeClasspath.....................................NOT RUN          
19:15:12.465 [main] INFO  f.i.s.r.p.i.ProjectInspector - ComputeModules.......................................NOT RUN          
19:15:12.465 [main] INFO  f.i.s.r.p.i.ProjectInspector - CheckoutBuggyBuildCandidateSourceCode................NOT RUN          
19:15:12.465 [main] INFO  f.i.s.r.p.i.ProjectInspector - CommitChangedTests...................................NOT RUN          
19:15:12.465 [main] INFO  f.i.s.r.p.i.ProjectInspector - CheckoutPatchedBuildCandidate........................NOT RUN          
19:15:12.465 [main] INFO  f.i.s.r.p.i.ProjectInspector - BuildProjectPatchedBuildCandidate....................NOT RUN          
19:15:12.465 [main] INFO  f.i.s.r.p.i.ProjectInspector - TestProjectPatchedBuildCandidate.....................NOT RUN          
19:15:12.466 [main] INFO  f.i.s.r.p.i.ProjectInspector - GatherTestInformationPatchedBuildCandidate...........NOT RUN          
19:15:12.466 [main] INFO  f.i.s.r.p.i.ProjectInspector - CommitPatch..........................................NOT RUN          
19:15:12.466 [main] INFO  f.i.s.r.p.i.ProjectInspector - WritePropertyFile....................................NOT RUN          
19:15:12.466 [main] INFO  f.i.s.r.p.i.ProjectInspector - CommitProcessEnd.....................................NOT RUN          
19:15:12.466 [main] INFO  f.i.s.r.p.i.ProjectInspector - PushProcessEnd.......................................NOT RUN          
19:15:12.466 [main] INFO  f.i.s.r.p.i.ProjectInspector - ----------------------------------------------------------------------
19:15:12.466 [main] INFO  f.i.s.r.p.i.ProjectInspector - PIPELINE FINDING: BUILDNOTCHECKEDOUT
19:15:12.467 [main] INFO  f.i.s.r.p.i.ProjectInspector - ----------------------------------------------------------------------
19:15:12.467 [main] INFO  f.i.s.repairnator.pipeline.Launcher - Inspector is finished. The process will exit now.
