21:02:28.211 [main] INFO  f.i.s.repairnator.pipeline.Launcher - PIPELINE VERSION: 3.0-2018-08-09 19:04
21:02:28.406 [main] INFO  f.i.s.repairnator.pipeline.Launcher - The pipeline will try to reproduce a bug from build 327291859 and its corresponding patch from build 327742149
21:02:28.407 [main] INFO  f.i.s.repairnator.pipeline.Launcher - Initialize file serializer engines.
21:02:28.409 [main] INFO  f.i.s.repairnator.pipeline.Launcher - MongoDB won't be used for serialization.
21:02:28.409 [main] INFO  f.i.s.repairnator.pipeline.Launcher - The email notifier engine won't be used.
21:02:28.414 [main] INFO  f.i.s.repairnator.pipeline.Launcher - Start by getting the build (buildId: 327291859) with the following config: RepairnatorConfig{runId='6799cc07-95a1-4e50-ad7d-f235eab297e7_01-18-week2-PASSING_AND_PASSING', launcherMode=BEARS, serializeJson=true, inputPath='null', outputPath='/var/log', mongodbHost='null', mongodbName='repairnator', smtpServer='null', notifyTo=[], notifyEndProcess=false, push=true, pushRemoteRepo='https://github.com/fermadeiral/bears-collection-pp', fork=false, lookFromDate=null, lookToDate=null, buildId=327291859, z3solverPath='./z3_for_linux', workspacePath='./workspace', githubToken='c8a341a903[...]', dockerImageName='null', skipDelete=false, createOutputDir=false, logDirectory='null', nbThreads=0, globalTimeout=0, whiteList=null, blackList=null, jobSleepTime=0, buildSleepTime=0, maxInspectedBuilds=0, duration=null, humanPatch=false, repository='null', clean=true, bearsMode=BOTH, bearsDelimiter = false, repairTools=NopolAllTests,NPEFix,AssertFixer,AstorJGenProg,AstorJKali,NopolSingleTest,AstorJMut,NopolTestExclusionStrategy, githubUserName= fermadeiral, githubUserEmail=fer.madeiral@gmail.com}
21:02:29.935 [main] DEBUG fr.inria.jtravis.helpers.BuildHelper - Get request to :https://api.travis-ci.org/build/327291859 done after 943 ms
21:02:30.167 [main] DEBUG fr.inria.jtravis.helpers.BuildHelper - Get request to :https://api.travis-ci.org/build/327742149 done after 129 ms
21:02:30.178 [main] INFO  f.i.s.repairnator.pipeline.Launcher - The patched build (327742149) was successfully retrieved from Travis.
21:02:31.309 [main] INFO  fr.inria.jtravis.JTravis - GitHub ratelimit: Limit: 5000 Remaining: 4899 Reset hour: 19:17:00
21:02:31.581 [main] INFO  f.i.s.r.p.i.ProjectInspector - ----------------------------------------------------------------------
21:02:31.581 [main] INFO  f.i.s.r.p.i.ProjectInspector - PIPELINE STEPS
21:02:31.582 [main] INFO  f.i.s.r.p.i.ProjectInspector - ----------------------------------------------------------------------
21:02:31.582 [main] INFO  f.i.s.r.p.i.ProjectInspector - CloneRepository
21:02:31.582 [main] INFO  f.i.s.r.p.i.ProjectInspector - CheckoutPatchedBuildCandidate
21:02:31.583 [main] INFO  f.i.s.r.p.i.ProjectInspector - ComputeSourceDir
21:02:31.583 [main] INFO  f.i.s.r.p.i.ProjectInspector - ComputeTestDir
21:02:31.583 [main] INFO  f.i.s.r.p.i.ProjectInspector - CheckoutBuggyBuildCandidateSourceCode
21:02:31.583 [main] INFO  f.i.s.r.p.i.ProjectInspector - BuildProjectBuggyBuildCandidateSourceCode
21:02:31.584 [main] INFO  f.i.s.r.p.i.ProjectInspector - TestProjectBuggyBuildCandidateSourceCode
21:02:31.584 [main] INFO  f.i.s.r.p.i.ProjectInspector - GatherTestInformationBuggyBuildCandidateSourceCode
21:02:31.584 [main] INFO  f.i.s.r.p.i.ProjectInspector - CheckoutBuggyBuildTestCode
21:02:31.584 [main] INFO  f.i.s.r.p.i.ProjectInspector - InitRepoToPush
21:02:31.584 [main] INFO  f.i.s.r.p.i.ProjectInspector - ComputeClasspath
21:02:31.585 [main] INFO  f.i.s.r.p.i.ProjectInspector - ComputeModules
21:02:31.585 [main] INFO  f.i.s.r.p.i.ProjectInspector - CheckoutBuggyBuildCandidateSourceCode
21:02:31.585 [main] INFO  f.i.s.r.p.i.ProjectInspector - CommitChangedTests
21:02:31.585 [main] INFO  f.i.s.r.p.i.ProjectInspector - CheckoutPatchedBuildCandidate
21:02:31.586 [main] INFO  f.i.s.r.p.i.ProjectInspector - BuildProjectPatchedBuildCandidate
21:02:31.586 [main] INFO  f.i.s.r.p.i.ProjectInspector - TestProjectPatchedBuildCandidate
21:02:31.586 [main] INFO  f.i.s.r.p.i.ProjectInspector - GatherTestInformationPatchedBuildCandidate
21:02:31.586 [main] INFO  f.i.s.r.p.i.ProjectInspector - CommitPatch
21:02:31.587 [main] INFO  f.i.s.r.p.i.ProjectInspector - WritePropertyFile
21:02:31.587 [main] INFO  f.i.s.r.p.i.ProjectInspector - CommitProcessEnd
21:02:31.588 [main] INFO  f.i.s.r.p.i.ProjectInspector - PushProcessEnd
21:02:31.588 [main] DEBUG f.i.s.r.process.step.CloneRepository - ----------------------------------------------------------------------
21:02:31.589 [main] DEBUG f.i.s.r.process.step.CloneRepository - STEP 1/22: CloneRepository
21:02:31.589 [main] DEBUG f.i.s.r.process.step.CloneRepository - ----------------------------------------------------------------------
21:02:31.590 [main] DEBUG f.i.s.r.process.step.CloneRepository - Cloning repository ga4gh/dockstore in the following directory: ./workspace/ga4gh/dockstore/327291859
21:02:41.506 [main] DEBUG f.i.s.r.process.step.CloneRepository - STEP STATUS: [ CloneRepository : SUCCESS ]
21:02:41.506 [main] DEBUG f.i.s.r.process.step.CloneRepository - STEP DURATION: 9s
21:02:41.506 [main] DEBUG f.i.s.r.process.step.CloneRepository - EXECUTE NEXT STEP
21:02:41.507 [main] DEBUG f.i.s.r.p.s.c.CheckoutPatchedBuild - ----------------------------------------------------------------------
21:02:41.507 [main] DEBUG f.i.s.r.p.s.c.CheckoutPatchedBuild - STEP 2/22: CheckoutPatchedBuildCandidate
21:02:41.507 [main] DEBUG f.i.s.r.p.s.c.CheckoutPatchedBuild - ----------------------------------------------------------------------
21:02:41.507 [main] DEBUG f.i.s.r.p.s.c.CheckoutPatchedBuild - Checking out patched build candidate...
21:02:41.886 [main] INFO  fr.inria.jtravis.JTravis - GitHub ratelimit: Limit: 5000 Remaining: 4898 Reset hour: 19:17:00
21:02:43.711 [main] DEBUG f.i.s.r.p.s.c.CheckoutPatchedBuild - Reproduce the PR for ga4gh/dockstore by fetching remote branch and merging.
21:02:43.955 [main] ERROR f.i.s.r.p.s.c.CheckoutPatchedBuild - Error while testing commit: org.eclipse.jgit.errors.MissingObjectException: Missing unknown 7b6418f4644a1a36e728534e6ef04167d9999b4e
21:02:43.957 [main] ERROR f.i.s.r.p.s.c.CheckoutPatchedBuild - Commit head ref cannot be retrieved from the repository: 7b6418f4644a1a36e728534e6ef04167d9999b4e. Operation aborted.
21:02:43.957 [main] ERROR f.i.s.r.p.s.c.CheckoutPatchedBuild - Error while merging two commits to reproduce the PR.
21:02:43.959 [main] DEBUG f.i.s.r.p.s.c.CheckoutPatchedBuild - STEP STATUS: [ CheckoutPatchedBuildCandidate : FAILURE ( BUILDNOTCHECKEDOUT ) ]
21:02:43.959 [main] DEBUG f.i.s.r.p.s.c.CheckoutPatchedBuild - STEP DURATION: 2s
21:02:43.959 [main] DEBUG f.i.s.r.p.s.c.CheckoutPatchedBuild - TERMINATE PIPELINE
21:02:43.960 [main] DEBUG f.i.s.r.p.s.c.CheckoutPatchedBuild - FINAL STEPS SKIPPED: The reproduction of the bug and/or the patch failed.
21:02:43.960 [main] INFO  f.i.s.r.p.s.c.CheckoutPatchedBuild - Serialize all data for the pair of builds 327291859, 327742149
21:02:44.080 [main] INFO  fr.inria.jtravis.JTravis - GitHub ratelimit: Limit: 5000 Remaining: 4891 Reset hour: 19:17:00
21:02:44.527 [main] INFO  f.i.s.r.p.i.ProjectInspector - ----------------------------------------------------------------------
21:02:44.527 [main] INFO  f.i.s.r.p.i.ProjectInspector - PIPELINE EXECUTION SUMMARY
21:02:44.527 [main] INFO  f.i.s.r.p.i.ProjectInspector - ----------------------------------------------------------------------
21:02:44.528 [main] INFO  f.i.s.r.p.i.ProjectInspector - CloneRepository........................................SUCCESS [ 9 s ]
21:02:44.528 [main] INFO  f.i.s.r.p.i.ProjectInspector - CheckoutPatchedBuildCandidate..........................FAILURE [ 2 s ]
21:02:44.528 [main] INFO  f.i.s.r.p.i.ProjectInspector - ComputeSourceDir.......................................NOT RUN        
21:02:44.528 [main] INFO  f.i.s.r.p.i.ProjectInspector - ComputeTestDir.........................................NOT RUN        
21:02:44.528 [main] INFO  f.i.s.r.p.i.ProjectInspector - CheckoutBuggyBuildCandidateSourceCode..................NOT RUN        
21:02:44.528 [main] INFO  f.i.s.r.p.i.ProjectInspector - BuildProjectBuggyBuildCandidateSourceCode..............NOT RUN        
21:02:44.528 [main] INFO  f.i.s.r.p.i.ProjectInspector - TestProjectBuggyBuildCandidateSourceCode...............NOT RUN        
21:02:44.529 [main] INFO  f.i.s.r.p.i.ProjectInspector - GatherTestInformationBuggyBuildCandidateSourceCode.....NOT RUN        
21:02:44.529 [main] INFO  f.i.s.r.p.i.ProjectInspector - CheckoutBuggyBuildTestCode.............................NOT RUN        
21:02:44.529 [main] INFO  f.i.s.r.p.i.ProjectInspector - InitRepoToPush.........................................NOT RUN        
21:02:44.529 [main] INFO  f.i.s.r.p.i.ProjectInspector - ComputeClasspath.......................................NOT RUN        
21:02:44.529 [main] INFO  f.i.s.r.p.i.ProjectInspector - ComputeModules.........................................NOT RUN        
21:02:44.529 [main] INFO  f.i.s.r.p.i.ProjectInspector - CheckoutBuggyBuildCandidateSourceCode..................NOT RUN        
21:02:44.529 [main] INFO  f.i.s.r.p.i.ProjectInspector - CommitChangedTests.....................................NOT RUN        
21:02:44.529 [main] INFO  f.i.s.r.p.i.ProjectInspector - CheckoutPatchedBuildCandidate..........................NOT RUN        
21:02:44.530 [main] INFO  f.i.s.r.p.i.ProjectInspector - BuildProjectPatchedBuildCandidate......................NOT RUN        
21:02:44.530 [main] INFO  f.i.s.r.p.i.ProjectInspector - TestProjectPatchedBuildCandidate.......................NOT RUN        
21:02:44.530 [main] INFO  f.i.s.r.p.i.ProjectInspector - GatherTestInformationPatchedBuildCandidate.............NOT RUN        
21:02:44.530 [main] INFO  f.i.s.r.p.i.ProjectInspector - CommitPatch............................................NOT RUN        
21:02:44.530 [main] INFO  f.i.s.r.p.i.ProjectInspector - WritePropertyFile......................................NOT RUN        
21:02:44.530 [main] INFO  f.i.s.r.p.i.ProjectInspector - CommitProcessEnd.......................................NOT RUN        
21:02:44.530 [main] INFO  f.i.s.r.p.i.ProjectInspector - PushProcessEnd.........................................NOT RUN        
21:02:44.531 [main] INFO  f.i.s.r.p.i.ProjectInspector - ----------------------------------------------------------------------
21:02:44.531 [main] INFO  f.i.s.r.p.i.ProjectInspector - PIPELINE FINDING: BUILDNOTCHECKEDOUT
21:02:44.531 [main] INFO  f.i.s.r.p.i.ProjectInspector - ----------------------------------------------------------------------
21:02:44.531 [main] INFO  f.i.s.repairnator.pipeline.Launcher - Inspector is finished. The process will exit now.
