19:20:45.729 [main] INFO  f.i.s.repairnator.pipeline.Launcher - PIPELINE VERSION: 3.0-2018-08-09 19:04
19:20:45.934 [main] INFO  f.i.s.repairnator.pipeline.Launcher - The pipeline will try to reproduce a bug from build 328324243 and its corresponding patch from build 328352452
19:20:45.935 [main] INFO  f.i.s.repairnator.pipeline.Launcher - Initialize file serializer engines.
19:20:45.938 [main] INFO  f.i.s.repairnator.pipeline.Launcher - MongoDB won't be used for serialization.
19:20:45.938 [main] INFO  f.i.s.repairnator.pipeline.Launcher - The email notifier engine won't be used.
19:20:45.942 [main] INFO  f.i.s.repairnator.pipeline.Launcher - Start by getting the build (buildId: 328324243) with the following config: RepairnatorConfig{runId='6799cc07-95a1-4e50-ad7d-f235eab297e7_01-18-week2-PASSING_AND_PASSING', launcherMode=BEARS, serializeJson=true, inputPath='null', outputPath='/var/log', mongodbHost='null', mongodbName='repairnator', smtpServer='null', notifyTo=[], notifyEndProcess=false, push=true, pushRemoteRepo='https://github.com/fermadeiral/bears-collection-pp', fork=false, lookFromDate=null, lookToDate=null, buildId=328324243, z3solverPath='./z3_for_linux', workspacePath='./workspace', githubToken='c8a341a903[...]', dockerImageName='null', skipDelete=false, createOutputDir=false, logDirectory='null', nbThreads=0, globalTimeout=0, whiteList=null, blackList=null, jobSleepTime=0, buildSleepTime=0, maxInspectedBuilds=0, duration=null, humanPatch=false, repository='null', clean=true, bearsMode=BOTH, bearsDelimiter = false, repairTools=NopolAllTests,NPEFix,AssertFixer,AstorJGenProg,AstorJKali,NopolSingleTest,AstorJMut,NopolTestExclusionStrategy, githubUserName= fermadeiral, githubUserEmail=fer.madeiral@gmail.com}
19:20:47.512 [main] DEBUG fr.inria.jtravis.helpers.BuildHelper - Get request to :https://api.travis-ci.org/build/328324243 done after 938 ms
19:20:47.738 [main] DEBUG fr.inria.jtravis.helpers.BuildHelper - Get request to :https://api.travis-ci.org/build/328352452 done after 131 ms
19:20:47.786 [main] INFO  f.i.s.repairnator.pipeline.Launcher - The patched build (328352452) was successfully retrieved from Travis.
19:20:50.115 [main] INFO  fr.inria.jtravis.JTravis - GitHub ratelimit: Limit: 5000 Remaining: 4152 Reset hour: 19:16:53
19:20:50.415 [main] INFO  f.i.s.r.p.i.ProjectInspector - ----------------------------------------------------------------------
19:20:50.415 [main] INFO  f.i.s.r.p.i.ProjectInspector - PIPELINE STEPS
19:20:50.415 [main] INFO  f.i.s.r.p.i.ProjectInspector - ----------------------------------------------------------------------
19:20:50.416 [main] INFO  f.i.s.r.p.i.ProjectInspector - CloneRepository
19:20:50.416 [main] INFO  f.i.s.r.p.i.ProjectInspector - CheckoutPatchedBuildCandidate
19:20:50.416 [main] INFO  f.i.s.r.p.i.ProjectInspector - ComputeSourceDir
19:20:50.416 [main] INFO  f.i.s.r.p.i.ProjectInspector - ComputeTestDir
19:20:50.416 [main] INFO  f.i.s.r.p.i.ProjectInspector - CheckoutBuggyBuildCandidateSourceCode
19:20:50.417 [main] INFO  f.i.s.r.p.i.ProjectInspector - BuildProjectBuggyBuildCandidateSourceCode
19:20:50.417 [main] INFO  f.i.s.r.p.i.ProjectInspector - TestProjectBuggyBuildCandidateSourceCode
19:20:50.417 [main] INFO  f.i.s.r.p.i.ProjectInspector - GatherTestInformationBuggyBuildCandidateSourceCode
19:20:50.417 [main] INFO  f.i.s.r.p.i.ProjectInspector - CheckoutBuggyBuildTestCode
19:20:50.417 [main] INFO  f.i.s.r.p.i.ProjectInspector - InitRepoToPush
19:20:50.418 [main] INFO  f.i.s.r.p.i.ProjectInspector - ComputeClasspath
19:20:50.418 [main] INFO  f.i.s.r.p.i.ProjectInspector - ComputeModules
19:20:50.418 [main] INFO  f.i.s.r.p.i.ProjectInspector - CheckoutBuggyBuildCandidateSourceCode
19:20:50.418 [main] INFO  f.i.s.r.p.i.ProjectInspector - CommitChangedTests
19:20:50.418 [main] INFO  f.i.s.r.p.i.ProjectInspector - CheckoutPatchedBuildCandidate
19:20:50.418 [main] INFO  f.i.s.r.p.i.ProjectInspector - BuildProjectPatchedBuildCandidate
19:20:50.419 [main] INFO  f.i.s.r.p.i.ProjectInspector - TestProjectPatchedBuildCandidate
19:20:50.419 [main] INFO  f.i.s.r.p.i.ProjectInspector - GatherTestInformationPatchedBuildCandidate
19:20:50.419 [main] INFO  f.i.s.r.p.i.ProjectInspector - CommitPatch
19:20:50.419 [main] INFO  f.i.s.r.p.i.ProjectInspector - WritePropertyFile
19:20:50.420 [main] INFO  f.i.s.r.p.i.ProjectInspector - CommitProcessEnd
19:20:50.420 [main] INFO  f.i.s.r.p.i.ProjectInspector - PushProcessEnd
19:20:50.420 [main] DEBUG f.i.s.r.process.step.CloneRepository - ----------------------------------------------------------------------
19:20:50.420 [main] DEBUG f.i.s.r.process.step.CloneRepository - STEP 1/22: CloneRepository
19:20:50.421 [main] DEBUG f.i.s.r.process.step.CloneRepository - ----------------------------------------------------------------------
19:20:50.421 [main] DEBUG f.i.s.r.process.step.CloneRepository - Cloning repository linkedin/pinot in the following directory: ./workspace/linkedin/pinot/328324243
19:21:26.315 [main] DEBUG f.i.s.r.process.step.CloneRepository - STEP STATUS: [ CloneRepository : SUCCESS ]
19:21:26.316 [main] DEBUG f.i.s.r.process.step.CloneRepository - STEP DURATION: 35s
19:21:26.316 [main] DEBUG f.i.s.r.process.step.CloneRepository - EXECUTE NEXT STEP
19:21:26.316 [main] DEBUG f.i.s.r.p.s.c.CheckoutPatchedBuild - ----------------------------------------------------------------------
19:21:26.317 [main] DEBUG f.i.s.r.p.s.c.CheckoutPatchedBuild - STEP 2/22: CheckoutPatchedBuildCandidate
19:21:26.317 [main] DEBUG f.i.s.r.p.s.c.CheckoutPatchedBuild - ----------------------------------------------------------------------
19:21:26.317 [main] DEBUG f.i.s.r.p.s.c.CheckoutPatchedBuild - Checking out patched build candidate...
19:21:26.668 [main] INFO  fr.inria.jtravis.JTravis - GitHub ratelimit: Limit: 5000 Remaining: 4138 Reset hour: 19:16:53
19:21:28.507 [main] DEBUG f.i.s.r.p.s.c.CheckoutPatchedBuild - Reproduce the PR for linkedin/pinot by fetching remote branch and merging.
19:21:30.080 [main] ERROR f.i.s.r.p.s.c.CheckoutPatchedBuild - Error while testing commit: org.eclipse.jgit.errors.MissingObjectException: Missing unknown 1724d743f0b8792a4a45ba4f69dd1c39c4d92a38
19:21:30.081 [main] ERROR f.i.s.r.p.s.c.CheckoutPatchedBuild - Commit head ref cannot be retrieved from the repository: 1724d743f0b8792a4a45ba4f69dd1c39c4d92a38. Operation aborted.
19:21:30.085 [main] ERROR f.i.s.r.p.s.c.CheckoutPatchedBuild - Error while merging two commits to reproduce the PR.
19:21:30.086 [main] DEBUG f.i.s.r.p.s.c.CheckoutPatchedBuild - STEP STATUS: [ CheckoutPatchedBuildCandidate : FAILURE ( BUILDNOTCHECKEDOUT ) ]
19:21:30.087 [main] DEBUG f.i.s.r.p.s.c.CheckoutPatchedBuild - STEP DURATION: 3s
19:21:30.088 [main] DEBUG f.i.s.r.p.s.c.CheckoutPatchedBuild - TERMINATE PIPELINE
19:21:30.088 [main] DEBUG f.i.s.r.p.s.c.CheckoutPatchedBuild - FINAL STEPS SKIPPED: The reproduction of the bug and/or the patch failed.
19:21:30.089 [main] INFO  f.i.s.r.p.s.c.CheckoutPatchedBuild - Serialize all data for the pair of builds 328324243, 328352452
19:21:30.220 [main] INFO  fr.inria.jtravis.JTravis - GitHub ratelimit: Limit: 5000 Remaining: 4131 Reset hour: 19:16:53
19:21:31.348 [main] INFO  f.i.s.r.p.i.ProjectInspector - ----------------------------------------------------------------------
19:21:31.348 [main] INFO  f.i.s.r.p.i.ProjectInspector - PIPELINE EXECUTION SUMMARY
19:21:31.348 [main] INFO  f.i.s.r.p.i.ProjectInspector - ----------------------------------------------------------------------
19:21:31.348 [main] INFO  f.i.s.r.p.i.ProjectInspector - CloneRepository.......................................SUCCESS [ 35 s ]
19:21:31.349 [main] INFO  f.i.s.r.p.i.ProjectInspector - CheckoutPatchedBuildCandidate.........................FAILURE [  3 s ]
19:21:31.349 [main] INFO  f.i.s.r.p.i.ProjectInspector - ComputeSourceDir......................................NOT RUN         
19:21:31.349 [main] INFO  f.i.s.r.p.i.ProjectInspector - ComputeTestDir........................................NOT RUN         
19:21:31.354 [main] INFO  f.i.s.r.p.i.ProjectInspector - CheckoutBuggyBuildCandidateSourceCode.................NOT RUN         
19:21:31.354 [main] INFO  f.i.s.r.p.i.ProjectInspector - BuildProjectBuggyBuildCandidateSourceCode.............NOT RUN         
19:21:31.354 [main] INFO  f.i.s.r.p.i.ProjectInspector - TestProjectBuggyBuildCandidateSourceCode..............NOT RUN         
19:21:31.354 [main] INFO  f.i.s.r.p.i.ProjectInspector - GatherTestInformationBuggyBuildCandidateSourceCode....NOT RUN         
19:21:31.354 [main] INFO  f.i.s.r.p.i.ProjectInspector - CheckoutBuggyBuildTestCode............................NOT RUN         
19:21:31.354 [main] INFO  f.i.s.r.p.i.ProjectInspector - InitRepoToPush........................................NOT RUN         
19:21:31.354 [main] INFO  f.i.s.r.p.i.ProjectInspector - ComputeClasspath......................................NOT RUN         
19:21:31.355 [main] INFO  f.i.s.r.p.i.ProjectInspector - ComputeModules........................................NOT RUN         
19:21:31.355 [main] INFO  f.i.s.r.p.i.ProjectInspector - CheckoutBuggyBuildCandidateSourceCode.................NOT RUN         
19:21:31.355 [main] INFO  f.i.s.r.p.i.ProjectInspector - CommitChangedTests....................................NOT RUN         
19:21:31.355 [main] INFO  f.i.s.r.p.i.ProjectInspector - CheckoutPatchedBuildCandidate.........................NOT RUN         
19:21:31.355 [main] INFO  f.i.s.r.p.i.ProjectInspector - BuildProjectPatchedBuildCandidate.....................NOT RUN         
19:21:31.355 [main] INFO  f.i.s.r.p.i.ProjectInspector - TestProjectPatchedBuildCandidate......................NOT RUN         
19:21:31.355 [main] INFO  f.i.s.r.p.i.ProjectInspector - GatherTestInformationPatchedBuildCandidate............NOT RUN         
19:21:31.355 [main] INFO  f.i.s.r.p.i.ProjectInspector - CommitPatch...........................................NOT RUN         
19:21:31.355 [main] INFO  f.i.s.r.p.i.ProjectInspector - WritePropertyFile.....................................NOT RUN         
19:21:31.356 [main] INFO  f.i.s.r.p.i.ProjectInspector - CommitProcessEnd......................................NOT RUN         
19:21:31.356 [main] INFO  f.i.s.r.p.i.ProjectInspector - PushProcessEnd........................................NOT RUN         
19:21:31.356 [main] INFO  f.i.s.r.p.i.ProjectInspector - ----------------------------------------------------------------------
19:21:31.356 [main] INFO  f.i.s.r.p.i.ProjectInspector - PIPELINE FINDING: BUILDNOTCHECKEDOUT
19:21:31.356 [main] INFO  f.i.s.r.p.i.ProjectInspector - ----------------------------------------------------------------------
19:21:31.356 [main] INFO  f.i.s.repairnator.pipeline.Launcher - Inspector is finished. The process will exit now.
