02:47:03.835 [main] INFO  f.i.s.repairnator.pipeline.Launcher - PIPELINE VERSION: 3.0-2018-08-09 19:04
02:47:03.978 [main] INFO  f.i.s.repairnator.pipeline.Launcher - The pipeline will try to reproduce a bug from build 324822973 and its corresponding patch from build 328226433
02:47:03.982 [main] INFO  f.i.s.repairnator.pipeline.Launcher - Initialize file serializer engines.
02:47:03.984 [main] INFO  f.i.s.repairnator.pipeline.Launcher - MongoDB won't be used for serialization.
02:47:03.984 [main] INFO  f.i.s.repairnator.pipeline.Launcher - The email notifier engine won't be used.
02:47:03.988 [main] INFO  f.i.s.repairnator.pipeline.Launcher - Start by getting the build (buildId: 324822973) with the following config: RepairnatorConfig{runId='6799cc07-95a1-4e50-ad7d-f235eab297e7_01-18-week2-PASSING_AND_PASSING', launcherMode=BEARS, serializeJson=true, inputPath='null', outputPath='/var/log', mongodbHost='null', mongodbName='repairnator', smtpServer='null', notifyTo=[], notifyEndProcess=false, push=true, pushRemoteRepo='https://github.com/fermadeiral/bears-collection-pp', fork=false, lookFromDate=null, lookToDate=null, buildId=324822973, z3solverPath='./z3_for_linux', workspacePath='./workspace', githubToken='c8a341a903[...]', dockerImageName='null', skipDelete=false, createOutputDir=false, logDirectory='null', nbThreads=0, globalTimeout=0, whiteList=null, blackList=null, jobSleepTime=0, buildSleepTime=0, maxInspectedBuilds=0, duration=null, humanPatch=false, repository='null', clean=true, bearsMode=BOTH, bearsDelimiter = false, repairTools=NopolAllTests,NPEFix,AssertFixer,AstorJGenProg,AstorJKali,NopolSingleTest,AstorJMut,NopolTestExclusionStrategy, githubUserName= fermadeiral, githubUserEmail=fer.madeiral@gmail.com}
02:47:05.378 [main] DEBUG fr.inria.jtravis.helpers.BuildHelper - Get request to :https://api.travis-ci.org/build/324822973 done after 875 ms
02:47:05.621 [main] DEBUG fr.inria.jtravis.helpers.BuildHelper - Get request to :https://api.travis-ci.org/build/328226433 done after 146 ms
02:47:05.637 [main] INFO  f.i.s.repairnator.pipeline.Launcher - The patched build (328226433) was successfully retrieved from Travis.
02:47:06.705 [main] INFO  fr.inria.jtravis.JTravis - GitHub ratelimit: Limit: 5000 Remaining: 4289 Reset hour: 19:17:21
02:47:07.025 [main] INFO  f.i.s.r.p.i.ProjectInspector - ----------------------------------------------------------------------
02:47:07.026 [main] INFO  f.i.s.r.p.i.ProjectInspector - PIPELINE STEPS
02:47:07.026 [main] INFO  f.i.s.r.p.i.ProjectInspector - ----------------------------------------------------------------------
02:47:07.026 [main] INFO  f.i.s.r.p.i.ProjectInspector - CloneRepository
02:47:07.026 [main] INFO  f.i.s.r.p.i.ProjectInspector - CheckoutPatchedBuildCandidate
02:47:07.026 [main] INFO  f.i.s.r.p.i.ProjectInspector - ComputeSourceDir
02:47:07.026 [main] INFO  f.i.s.r.p.i.ProjectInspector - ComputeTestDir
02:47:07.026 [main] INFO  f.i.s.r.p.i.ProjectInspector - CheckoutBuggyBuildCandidateSourceCode
02:47:07.027 [main] INFO  f.i.s.r.p.i.ProjectInspector - BuildProjectBuggyBuildCandidateSourceCode
02:47:07.027 [main] INFO  f.i.s.r.p.i.ProjectInspector - TestProjectBuggyBuildCandidateSourceCode
02:47:07.027 [main] INFO  f.i.s.r.p.i.ProjectInspector - GatherTestInformationBuggyBuildCandidateSourceCode
02:47:07.027 [main] INFO  f.i.s.r.p.i.ProjectInspector - CheckoutBuggyBuildTestCode
02:47:07.027 [main] INFO  f.i.s.r.p.i.ProjectInspector - InitRepoToPush
02:47:07.027 [main] INFO  f.i.s.r.p.i.ProjectInspector - ComputeClasspath
02:47:07.027 [main] INFO  f.i.s.r.p.i.ProjectInspector - ComputeModules
02:47:07.028 [main] INFO  f.i.s.r.p.i.ProjectInspector - CheckoutBuggyBuildCandidateSourceCode
02:47:07.028 [main] INFO  f.i.s.r.p.i.ProjectInspector - CommitChangedTests
02:47:07.028 [main] INFO  f.i.s.r.p.i.ProjectInspector - CheckoutPatchedBuildCandidate
02:47:07.028 [main] INFO  f.i.s.r.p.i.ProjectInspector - BuildProjectPatchedBuildCandidate
02:47:07.028 [main] INFO  f.i.s.r.p.i.ProjectInspector - TestProjectPatchedBuildCandidate
02:47:07.028 [main] INFO  f.i.s.r.p.i.ProjectInspector - GatherTestInformationPatchedBuildCandidate
02:47:07.028 [main] INFO  f.i.s.r.p.i.ProjectInspector - CommitPatch
02:47:07.029 [main] INFO  f.i.s.r.p.i.ProjectInspector - WritePropertyFile
02:47:07.029 [main] INFO  f.i.s.r.p.i.ProjectInspector - CommitProcessEnd
02:47:07.029 [main] INFO  f.i.s.r.p.i.ProjectInspector - PushProcessEnd
02:47:07.029 [main] DEBUG f.i.s.r.process.step.CloneRepository - ----------------------------------------------------------------------
02:47:07.030 [main] DEBUG f.i.s.r.process.step.CloneRepository - STEP 1/22: CloneRepository
02:47:07.030 [main] DEBUG f.i.s.r.process.step.CloneRepository - ----------------------------------------------------------------------
02:47:07.030 [main] DEBUG f.i.s.r.process.step.CloneRepository - Cloning repository debezium/debezium in the following directory: ./workspace/debezium/debezium/324822973
02:47:13.397 [main] DEBUG f.i.s.r.process.step.CloneRepository - STEP STATUS: [ CloneRepository : SUCCESS ]
02:47:13.397 [main] DEBUG f.i.s.r.process.step.CloneRepository - STEP DURATION: 6s
02:47:13.397 [main] DEBUG f.i.s.r.process.step.CloneRepository - EXECUTE NEXT STEP
02:47:13.398 [main] DEBUG f.i.s.r.p.s.c.CheckoutPatchedBuild - ----------------------------------------------------------------------
02:47:13.398 [main] DEBUG f.i.s.r.p.s.c.CheckoutPatchedBuild - STEP 2/22: CheckoutPatchedBuildCandidate
02:47:13.398 [main] DEBUG f.i.s.r.p.s.c.CheckoutPatchedBuild - ----------------------------------------------------------------------
02:47:13.398 [main] DEBUG f.i.s.r.p.s.c.CheckoutPatchedBuild - Checking out patched build candidate...
02:47:13.768 [main] INFO  fr.inria.jtravis.JTravis - GitHub ratelimit: Limit: 5000 Remaining: 4288 Reset hour: 19:17:21
02:47:16.051 [main] DEBUG f.i.s.r.p.s.c.CheckoutPatchedBuild - Reproduce the PR for debezium/debezium by fetching remote branch and merging.
02:47:16.943 [main] ERROR f.i.s.r.p.s.c.CheckoutPatchedBuild - Error while testing commit: org.eclipse.jgit.errors.MissingObjectException: Missing unknown 163ab31fe2c8e131c3a9c81bdc36c6e3a8ce5d36
02:47:16.944 [main] ERROR f.i.s.r.p.s.c.CheckoutPatchedBuild - Commit base ref cannot be retrieved from the repository: 163ab31fe2c8e131c3a9c81bdc36c6e3a8ce5d36. Operation aborted.
02:47:16.944 [main] ERROR f.i.s.r.p.s.c.CheckoutPatchedBuild - Error while merging two commits to reproduce the PR.
02:47:16.945 [main] DEBUG f.i.s.r.p.s.c.CheckoutPatchedBuild - STEP STATUS: [ CheckoutPatchedBuildCandidate : FAILURE ( BUILDNOTCHECKEDOUT ) ]
02:47:16.945 [main] DEBUG f.i.s.r.p.s.c.CheckoutPatchedBuild - STEP DURATION: 3s
02:47:16.945 [main] DEBUG f.i.s.r.p.s.c.CheckoutPatchedBuild - TERMINATE PIPELINE
02:47:16.946 [main] DEBUG f.i.s.r.p.s.c.CheckoutPatchedBuild - FINAL STEPS SKIPPED: The reproduction of the bug and/or the patch failed.
02:47:16.946 [main] INFO  f.i.s.r.p.s.c.CheckoutPatchedBuild - Serialize all data for the pair of builds 324822973, 328226433
02:47:17.067 [main] INFO  fr.inria.jtravis.JTravis - GitHub ratelimit: Limit: 5000 Remaining: 4281 Reset hour: 19:17:21
02:47:17.627 [main] INFO  f.i.s.r.p.i.ProjectInspector - ----------------------------------------------------------------------
02:47:17.627 [main] INFO  f.i.s.r.p.i.ProjectInspector - PIPELINE EXECUTION SUMMARY
02:47:17.627 [main] INFO  f.i.s.r.p.i.ProjectInspector - ----------------------------------------------------------------------
02:47:17.627 [main] INFO  f.i.s.r.p.i.ProjectInspector - CloneRepository........................................SUCCESS [ 6 s ]
02:47:17.628 [main] INFO  f.i.s.r.p.i.ProjectInspector - CheckoutPatchedBuildCandidate..........................FAILURE [ 3 s ]
02:47:17.628 [main] INFO  f.i.s.r.p.i.ProjectInspector - ComputeSourceDir.......................................NOT RUN        
02:47:17.628 [main] INFO  f.i.s.r.p.i.ProjectInspector - ComputeTestDir.........................................NOT RUN        
02:47:17.628 [main] INFO  f.i.s.r.p.i.ProjectInspector - CheckoutBuggyBuildCandidateSourceCode..................NOT RUN        
02:47:17.628 [main] INFO  f.i.s.r.p.i.ProjectInspector - BuildProjectBuggyBuildCandidateSourceCode..............NOT RUN        
02:47:17.629 [main] INFO  f.i.s.r.p.i.ProjectInspector - TestProjectBuggyBuildCandidateSourceCode...............NOT RUN        
02:47:17.629 [main] INFO  f.i.s.r.p.i.ProjectInspector - GatherTestInformationBuggyBuildCandidateSourceCode.....NOT RUN        
02:47:17.629 [main] INFO  f.i.s.r.p.i.ProjectInspector - CheckoutBuggyBuildTestCode.............................NOT RUN        
02:47:17.629 [main] INFO  f.i.s.r.p.i.ProjectInspector - InitRepoToPush.........................................NOT RUN        
02:47:17.629 [main] INFO  f.i.s.r.p.i.ProjectInspector - ComputeClasspath.......................................NOT RUN        
02:47:17.629 [main] INFO  f.i.s.r.p.i.ProjectInspector - ComputeModules.........................................NOT RUN        
02:47:17.629 [main] INFO  f.i.s.r.p.i.ProjectInspector - CheckoutBuggyBuildCandidateSourceCode..................NOT RUN        
02:47:17.629 [main] INFO  f.i.s.r.p.i.ProjectInspector - CommitChangedTests.....................................NOT RUN        
02:47:17.629 [main] INFO  f.i.s.r.p.i.ProjectInspector - CheckoutPatchedBuildCandidate..........................NOT RUN        
02:47:17.630 [main] INFO  f.i.s.r.p.i.ProjectInspector - BuildProjectPatchedBuildCandidate......................NOT RUN        
02:47:17.630 [main] INFO  f.i.s.r.p.i.ProjectInspector - TestProjectPatchedBuildCandidate.......................NOT RUN        
02:47:17.630 [main] INFO  f.i.s.r.p.i.ProjectInspector - GatherTestInformationPatchedBuildCandidate.............NOT RUN        
02:47:17.630 [main] INFO  f.i.s.r.p.i.ProjectInspector - CommitPatch............................................NOT RUN        
02:47:17.630 [main] INFO  f.i.s.r.p.i.ProjectInspector - WritePropertyFile......................................NOT RUN        
02:47:17.630 [main] INFO  f.i.s.r.p.i.ProjectInspector - CommitProcessEnd.......................................NOT RUN        
02:47:17.630 [main] INFO  f.i.s.r.p.i.ProjectInspector - PushProcessEnd.........................................NOT RUN        
02:47:17.631 [main] INFO  f.i.s.r.p.i.ProjectInspector - ----------------------------------------------------------------------
02:47:17.631 [main] INFO  f.i.s.r.p.i.ProjectInspector - PIPELINE FINDING: BUILDNOTCHECKEDOUT
02:47:17.631 [main] INFO  f.i.s.r.p.i.ProjectInspector - ----------------------------------------------------------------------
02:47:17.631 [main] INFO  f.i.s.repairnator.pipeline.Launcher - Inspector is finished. The process will exit now.
