12:43:07.966 [main] INFO  f.i.s.repairnator.pipeline.Launcher - PIPELINE VERSION: 3.0-2018-08-09 19:04
12:43:08.204 [main] INFO  f.i.s.repairnator.pipeline.Launcher - The pipeline will try to reproduce a bug from build 255244593 and its corresponding patch from build 326888226
12:43:08.205 [main] INFO  f.i.s.repairnator.pipeline.Launcher - Initialize file serializer engines.
12:43:08.207 [main] INFO  f.i.s.repairnator.pipeline.Launcher - MongoDB won't be used for serialization.
12:43:08.208 [main] INFO  f.i.s.repairnator.pipeline.Launcher - The email notifier engine won't be used.
12:43:08.212 [main] INFO  f.i.s.repairnator.pipeline.Launcher - Start by getting the build (buildId: 255244593) with the following config: RepairnatorConfig{runId='6799cc07-95a1-4e50-ad7d-f235eab297e7_01-18-week2-PASSING_AND_PASSING', launcherMode=BEARS, serializeJson=true, inputPath='null', outputPath='/var/log', mongodbHost='null', mongodbName='repairnator', smtpServer='null', notifyTo=[], notifyEndProcess=false, push=true, pushRemoteRepo='https://github.com/fermadeiral/bears-collection-pp', fork=false, lookFromDate=null, lookToDate=null, buildId=255244593, z3solverPath='./z3_for_linux', workspacePath='./workspace', githubToken='c8a341a903[...]', dockerImageName='null', skipDelete=false, createOutputDir=false, logDirectory='null', nbThreads=0, globalTimeout=0, whiteList=null, blackList=null, jobSleepTime=0, buildSleepTime=0, maxInspectedBuilds=0, duration=null, humanPatch=false, repository='null', clean=true, bearsMode=BOTH, bearsDelimiter = false, repairTools=NopolAllTests,NPEFix,AssertFixer,AstorJGenProg,AstorJKali,NopolSingleTest,AstorJMut,NopolTestExclusionStrategy, githubUserName= fermadeiral, githubUserEmail=fer.madeiral@gmail.com}
12:43:09.934 [main] DEBUG fr.inria.jtravis.helpers.BuildHelper - Get request to :https://api.travis-ci.org/build/255244593 done after 942 ms
12:43:10.211 [main] DEBUG fr.inria.jtravis.helpers.BuildHelper - Get request to :https://api.travis-ci.org/build/326888226 done after 138 ms
12:43:10.226 [main] INFO  f.i.s.repairnator.pipeline.Launcher - The patched build (326888226) was successfully retrieved from Travis.
12:43:11.324 [main] INFO  fr.inria.jtravis.JTravis - GitHub ratelimit: Limit: 5000 Remaining: 4745 Reset hour: 19:16:31
12:43:11.569 [main] INFO  f.i.s.r.p.i.ProjectInspector - ----------------------------------------------------------------------
12:43:11.570 [main] INFO  f.i.s.r.p.i.ProjectInspector - PIPELINE STEPS
12:43:11.570 [main] INFO  f.i.s.r.p.i.ProjectInspector - ----------------------------------------------------------------------
12:43:11.570 [main] INFO  f.i.s.r.p.i.ProjectInspector - CloneRepository
12:43:11.570 [main] INFO  f.i.s.r.p.i.ProjectInspector - CheckoutPatchedBuildCandidate
12:43:11.570 [main] INFO  f.i.s.r.p.i.ProjectInspector - ComputeSourceDir
12:43:11.571 [main] INFO  f.i.s.r.p.i.ProjectInspector - ComputeTestDir
12:43:11.571 [main] INFO  f.i.s.r.p.i.ProjectInspector - CheckoutBuggyBuildCandidateSourceCode
12:43:11.571 [main] INFO  f.i.s.r.p.i.ProjectInspector - BuildProjectBuggyBuildCandidateSourceCode
12:43:11.571 [main] INFO  f.i.s.r.p.i.ProjectInspector - TestProjectBuggyBuildCandidateSourceCode
12:43:11.571 [main] INFO  f.i.s.r.p.i.ProjectInspector - GatherTestInformationBuggyBuildCandidateSourceCode
12:43:11.571 [main] INFO  f.i.s.r.p.i.ProjectInspector - CheckoutBuggyBuildTestCode
12:43:11.572 [main] INFO  f.i.s.r.p.i.ProjectInspector - InitRepoToPush
12:43:11.572 [main] INFO  f.i.s.r.p.i.ProjectInspector - ComputeClasspath
12:43:11.572 [main] INFO  f.i.s.r.p.i.ProjectInspector - ComputeModules
12:43:11.572 [main] INFO  f.i.s.r.p.i.ProjectInspector - CheckoutBuggyBuildCandidateSourceCode
12:43:11.572 [main] INFO  f.i.s.r.p.i.ProjectInspector - CommitChangedTests
12:43:11.572 [main] INFO  f.i.s.r.p.i.ProjectInspector - CheckoutPatchedBuildCandidate
12:43:11.572 [main] INFO  f.i.s.r.p.i.ProjectInspector - BuildProjectPatchedBuildCandidate
12:43:11.573 [main] INFO  f.i.s.r.p.i.ProjectInspector - TestProjectPatchedBuildCandidate
12:43:11.573 [main] INFO  f.i.s.r.p.i.ProjectInspector - GatherTestInformationPatchedBuildCandidate
12:43:11.573 [main] INFO  f.i.s.r.p.i.ProjectInspector - CommitPatch
12:43:11.573 [main] INFO  f.i.s.r.p.i.ProjectInspector - WritePropertyFile
12:43:11.574 [main] INFO  f.i.s.r.p.i.ProjectInspector - CommitProcessEnd
12:43:11.574 [main] INFO  f.i.s.r.p.i.ProjectInspector - PushProcessEnd
12:43:11.574 [main] DEBUG f.i.s.r.process.step.CloneRepository - ----------------------------------------------------------------------
12:43:11.574 [main] DEBUG f.i.s.r.process.step.CloneRepository - STEP 1/22: CloneRepository
12:43:11.575 [main] DEBUG f.i.s.r.process.step.CloneRepository - ----------------------------------------------------------------------
12:43:11.581 [main] DEBUG f.i.s.r.process.step.CloneRepository - Cloning repository apache/flink in the following directory: ./workspace/apache/flink/255244593
12:44:17.926 [main] DEBUG f.i.s.r.process.step.CloneRepository - STEP STATUS: [ CloneRepository : SUCCESS ]
12:44:17.926 [main] DEBUG f.i.s.r.process.step.CloneRepository - STEP DURATION: 66s
12:44:17.926 [main] DEBUG f.i.s.r.process.step.CloneRepository - EXECUTE NEXT STEP
12:44:17.927 [main] DEBUG f.i.s.r.p.s.c.CheckoutPatchedBuild - ----------------------------------------------------------------------
12:44:17.927 [main] DEBUG f.i.s.r.p.s.c.CheckoutPatchedBuild - STEP 2/22: CheckoutPatchedBuildCandidate
12:44:17.927 [main] DEBUG f.i.s.r.p.s.c.CheckoutPatchedBuild - ----------------------------------------------------------------------
12:44:17.927 [main] DEBUG f.i.s.r.p.s.c.CheckoutPatchedBuild - Checking out patched build candidate...
12:44:18.276 [main] INFO  fr.inria.jtravis.JTravis - GitHub ratelimit: Limit: 5000 Remaining: 4742 Reset hour: 19:16:31
12:44:20.733 [main] DEBUG f.i.s.r.p.s.c.CheckoutPatchedBuild - Reproduce the PR for apache/flink by fetching remote branch and merging.
12:44:25.198 [main] ERROR f.i.s.r.p.s.c.CheckoutPatchedBuild - Error while testing commit: org.eclipse.jgit.errors.MissingObjectException: Missing unknown dc9ddea8f8caa3dd3150b6b8358e1b2e0074e028
12:44:25.199 [main] ERROR f.i.s.r.p.s.c.CheckoutPatchedBuild - Commit head ref cannot be retrieved from the repository: dc9ddea8f8caa3dd3150b6b8358e1b2e0074e028. Operation aborted.
12:44:25.200 [main] ERROR f.i.s.r.p.s.c.CheckoutPatchedBuild - Error while merging two commits to reproduce the PR.
12:44:25.201 [main] DEBUG f.i.s.r.p.s.c.CheckoutPatchedBuild - STEP STATUS: [ CheckoutPatchedBuildCandidate : FAILURE ( BUILDNOTCHECKEDOUT ) ]
12:44:25.201 [main] DEBUG f.i.s.r.p.s.c.CheckoutPatchedBuild - STEP DURATION: 7s
12:44:25.201 [main] DEBUG f.i.s.r.p.s.c.CheckoutPatchedBuild - TERMINATE PIPELINE
12:44:25.201 [main] DEBUG f.i.s.r.p.s.c.CheckoutPatchedBuild - FINAL STEPS SKIPPED: The reproduction of the bug and/or the patch failed.
12:44:25.202 [main] INFO  f.i.s.r.p.s.c.CheckoutPatchedBuild - Serialize all data for the pair of builds 255244593, 326888226
12:44:25.508 [main] INFO  fr.inria.jtravis.JTravis - GitHub ratelimit: Limit: 5000 Remaining: 4735 Reset hour: 19:16:31
12:44:27.067 [main] INFO  f.i.s.r.p.i.ProjectInspector - ----------------------------------------------------------------------
12:44:27.068 [main] INFO  f.i.s.r.p.i.ProjectInspector - PIPELINE EXECUTION SUMMARY
12:44:27.068 [main] INFO  f.i.s.r.p.i.ProjectInspector - ----------------------------------------------------------------------
12:44:27.068 [main] INFO  f.i.s.r.p.i.ProjectInspector - CloneRepository.......................................SUCCESS [ 66 s ]
12:44:27.068 [main] INFO  f.i.s.r.p.i.ProjectInspector - CheckoutPatchedBuildCandidate.........................FAILURE [  7 s ]
12:44:27.068 [main] INFO  f.i.s.r.p.i.ProjectInspector - ComputeSourceDir......................................NOT RUN         
12:44:27.068 [main] INFO  f.i.s.r.p.i.ProjectInspector - ComputeTestDir........................................NOT RUN         
12:44:27.069 [main] INFO  f.i.s.r.p.i.ProjectInspector - CheckoutBuggyBuildCandidateSourceCode.................NOT RUN         
12:44:27.069 [main] INFO  f.i.s.r.p.i.ProjectInspector - BuildProjectBuggyBuildCandidateSourceCode.............NOT RUN         
12:44:27.069 [main] INFO  f.i.s.r.p.i.ProjectInspector - TestProjectBuggyBuildCandidateSourceCode..............NOT RUN         
12:44:27.069 [main] INFO  f.i.s.r.p.i.ProjectInspector - GatherTestInformationBuggyBuildCandidateSourceCode....NOT RUN         
12:44:27.069 [main] INFO  f.i.s.r.p.i.ProjectInspector - CheckoutBuggyBuildTestCode............................NOT RUN         
12:44:27.069 [main] INFO  f.i.s.r.p.i.ProjectInspector - InitRepoToPush........................................NOT RUN         
12:44:27.070 [main] INFO  f.i.s.r.p.i.ProjectInspector - ComputeClasspath......................................NOT RUN         
12:44:27.070 [main] INFO  f.i.s.r.p.i.ProjectInspector - ComputeModules........................................NOT RUN         
12:44:27.070 [main] INFO  f.i.s.r.p.i.ProjectInspector - CheckoutBuggyBuildCandidateSourceCode.................NOT RUN         
12:44:27.070 [main] INFO  f.i.s.r.p.i.ProjectInspector - CommitChangedTests....................................NOT RUN         
12:44:27.070 [main] INFO  f.i.s.r.p.i.ProjectInspector - CheckoutPatchedBuildCandidate.........................NOT RUN         
12:44:27.070 [main] INFO  f.i.s.r.p.i.ProjectInspector - BuildProjectPatchedBuildCandidate.....................NOT RUN         
12:44:27.070 [main] INFO  f.i.s.r.p.i.ProjectInspector - TestProjectPatchedBuildCandidate......................NOT RUN         
12:44:27.070 [main] INFO  f.i.s.r.p.i.ProjectInspector - GatherTestInformationPatchedBuildCandidate............NOT RUN         
12:44:27.071 [main] INFO  f.i.s.r.p.i.ProjectInspector - CommitPatch...........................................NOT RUN         
12:44:27.071 [main] INFO  f.i.s.r.p.i.ProjectInspector - WritePropertyFile.....................................NOT RUN         
12:44:27.071 [main] INFO  f.i.s.r.p.i.ProjectInspector - CommitProcessEnd......................................NOT RUN         
12:44:27.071 [main] INFO  f.i.s.r.p.i.ProjectInspector - PushProcessEnd........................................NOT RUN         
12:44:27.071 [main] INFO  f.i.s.r.p.i.ProjectInspector - ----------------------------------------------------------------------
12:44:27.072 [main] INFO  f.i.s.r.p.i.ProjectInspector - PIPELINE FINDING: BUILDNOTCHECKEDOUT
12:44:27.072 [main] INFO  f.i.s.r.p.i.ProjectInspector - ----------------------------------------------------------------------
12:44:27.072 [main] INFO  f.i.s.repairnator.pipeline.Launcher - Inspector is finished. The process will exit now.
