19:57:38.246 [main] INFO  f.i.s.repairnator.pipeline.Launcher - PIPELINE VERSION: 3.0-2018-08-09 19:04
19:57:38.395 [main] INFO  f.i.s.repairnator.pipeline.Launcher - The pipeline will try to reproduce a bug from build 328224034 and its corresponding patch from build 328794266
19:57:38.396 [main] INFO  f.i.s.repairnator.pipeline.Launcher - Initialize file serializer engines.
19:57:38.397 [main] INFO  f.i.s.repairnator.pipeline.Launcher - MongoDB won't be used for serialization.
19:57:38.398 [main] INFO  f.i.s.repairnator.pipeline.Launcher - The email notifier engine won't be used.
19:57:38.405 [main] INFO  f.i.s.repairnator.pipeline.Launcher - Start by getting the build (buildId: 328224034) with the following config: RepairnatorConfig{runId='6799cc07-95a1-4e50-ad7d-f235eab297e7_01-18-week2-PASSING_AND_PASSING', launcherMode=BEARS, serializeJson=true, inputPath='null', outputPath='/var/log', mongodbHost='null', mongodbName='repairnator', smtpServer='null', notifyTo=[], notifyEndProcess=false, push=true, pushRemoteRepo='https://github.com/fermadeiral/bears-collection-pp', fork=false, lookFromDate=null, lookToDate=null, buildId=328224034, z3solverPath='./z3_for_linux', workspacePath='./workspace', githubToken='c8a341a903[...]', dockerImageName='null', skipDelete=false, createOutputDir=false, logDirectory='null', nbThreads=0, globalTimeout=0, whiteList=null, blackList=null, jobSleepTime=0, buildSleepTime=0, maxInspectedBuilds=0, duration=null, humanPatch=false, repository='null', clean=true, bearsMode=BOTH, bearsDelimiter = false, repairTools=NopolAllTests,NPEFix,AssertFixer,AstorJGenProg,AstorJKali,NopolSingleTest,AstorJMut,NopolTestExclusionStrategy, githubUserName= fermadeiral, githubUserEmail=fer.madeiral@gmail.com}
19:57:39.741 [main] DEBUG fr.inria.jtravis.helpers.BuildHelper - Get request to :https://api.travis-ci.org/build/328224034 done after 826 ms
19:57:39.981 [main] DEBUG fr.inria.jtravis.helpers.BuildHelper - Get request to :https://api.travis-ci.org/build/328794266 done after 148 ms
19:57:39.991 [main] INFO  f.i.s.repairnator.pipeline.Launcher - The patched build (328794266) was successfully retrieved from Travis.
19:57:41.064 [main] INFO  fr.inria.jtravis.JTravis - GitHub ratelimit: Limit: 5000 Remaining: 4671 Reset hour: 19:16:56
19:57:41.324 [main] INFO  f.i.s.r.p.i.ProjectInspector - ----------------------------------------------------------------------
19:57:41.325 [main] INFO  f.i.s.r.p.i.ProjectInspector - PIPELINE STEPS
19:57:41.325 [main] INFO  f.i.s.r.p.i.ProjectInspector - ----------------------------------------------------------------------
19:57:41.325 [main] INFO  f.i.s.r.p.i.ProjectInspector - CloneRepository
19:57:41.325 [main] INFO  f.i.s.r.p.i.ProjectInspector - CheckoutPatchedBuildCandidate
19:57:41.325 [main] INFO  f.i.s.r.p.i.ProjectInspector - ComputeSourceDir
19:57:41.325 [main] INFO  f.i.s.r.p.i.ProjectInspector - ComputeTestDir
19:57:41.326 [main] INFO  f.i.s.r.p.i.ProjectInspector - CheckoutBuggyBuildCandidateSourceCode
19:57:41.326 [main] INFO  f.i.s.r.p.i.ProjectInspector - BuildProjectBuggyBuildCandidateSourceCode
19:57:41.326 [main] INFO  f.i.s.r.p.i.ProjectInspector - TestProjectBuggyBuildCandidateSourceCode
19:57:41.326 [main] INFO  f.i.s.r.p.i.ProjectInspector - GatherTestInformationBuggyBuildCandidateSourceCode
19:57:41.326 [main] INFO  f.i.s.r.p.i.ProjectInspector - CheckoutBuggyBuildTestCode
19:57:41.326 [main] INFO  f.i.s.r.p.i.ProjectInspector - InitRepoToPush
19:57:41.326 [main] INFO  f.i.s.r.p.i.ProjectInspector - ComputeClasspath
19:57:41.326 [main] INFO  f.i.s.r.p.i.ProjectInspector - ComputeModules
19:57:41.327 [main] INFO  f.i.s.r.p.i.ProjectInspector - CheckoutBuggyBuildCandidateSourceCode
19:57:41.327 [main] INFO  f.i.s.r.p.i.ProjectInspector - CommitChangedTests
19:57:41.327 [main] INFO  f.i.s.r.p.i.ProjectInspector - CheckoutPatchedBuildCandidate
19:57:41.327 [main] INFO  f.i.s.r.p.i.ProjectInspector - BuildProjectPatchedBuildCandidate
19:57:41.327 [main] INFO  f.i.s.r.p.i.ProjectInspector - TestProjectPatchedBuildCandidate
19:57:41.327 [main] INFO  f.i.s.r.p.i.ProjectInspector - GatherTestInformationPatchedBuildCandidate
19:57:41.327 [main] INFO  f.i.s.r.p.i.ProjectInspector - CommitPatch
19:57:41.327 [main] INFO  f.i.s.r.p.i.ProjectInspector - WritePropertyFile
19:57:41.328 [main] INFO  f.i.s.r.p.i.ProjectInspector - CommitProcessEnd
19:57:41.328 [main] INFO  f.i.s.r.p.i.ProjectInspector - PushProcessEnd
19:57:41.328 [main] DEBUG f.i.s.r.process.step.CloneRepository - ----------------------------------------------------------------------
19:57:41.328 [main] DEBUG f.i.s.r.process.step.CloneRepository - STEP 1/22: CloneRepository
19:57:41.328 [main] DEBUG f.i.s.r.process.step.CloneRepository - ----------------------------------------------------------------------
19:57:41.329 [main] DEBUG f.i.s.r.process.step.CloneRepository - Cloning repository StuPro-TOSCAna/TOSCAna in the following directory: ./workspace/StuPro-TOSCAna/TOSCAna/328224034
19:57:56.935 [main] DEBUG f.i.s.r.process.step.CloneRepository - STEP STATUS: [ CloneRepository : SUCCESS ]
19:57:56.935 [main] DEBUG f.i.s.r.process.step.CloneRepository - STEP DURATION: 15s
19:57:56.936 [main] DEBUG f.i.s.r.process.step.CloneRepository - EXECUTE NEXT STEP
19:57:56.936 [main] DEBUG f.i.s.r.p.s.c.CheckoutPatchedBuild - ----------------------------------------------------------------------
19:57:56.936 [main] DEBUG f.i.s.r.p.s.c.CheckoutPatchedBuild - STEP 2/22: CheckoutPatchedBuildCandidate
19:57:56.936 [main] DEBUG f.i.s.r.p.s.c.CheckoutPatchedBuild - ----------------------------------------------------------------------
19:57:56.937 [main] DEBUG f.i.s.r.p.s.c.CheckoutPatchedBuild - Checking out patched build candidate...
19:57:56.948 [main] ERROR f.i.s.r.p.s.c.CheckoutPatchedBuild - Error while testing commit: org.eclipse.jgit.errors.MissingObjectException: Missing unknown 0a19b6de8e888f31242178492fca4ee551d58b77
19:57:56.949 [main] ERROR f.i.s.r.p.s.c.CheckoutPatchedBuild - Error while getting the commit to checkout from the repo.
19:57:56.950 [main] DEBUG f.i.s.r.p.s.c.CheckoutPatchedBuild - STEP STATUS: [ CheckoutPatchedBuildCandidate : FAILURE ( BUILDNOTCHECKEDOUT ) ]
19:57:56.950 [main] DEBUG f.i.s.r.p.s.c.CheckoutPatchedBuild - STEP DURATION: 0s
19:57:56.950 [main] DEBUG f.i.s.r.p.s.c.CheckoutPatchedBuild - TERMINATE PIPELINE
19:57:56.951 [main] DEBUG f.i.s.r.p.s.c.CheckoutPatchedBuild - FINAL STEPS SKIPPED: The reproduction of the bug and/or the patch failed.
19:57:56.951 [main] INFO  f.i.s.r.p.s.c.CheckoutPatchedBuild - Serialize all data for the pair of builds 328224034, 328794266
19:57:57.291 [main] INFO  fr.inria.jtravis.JTravis - GitHub ratelimit: Limit: 5000 Remaining: 4670 Reset hour: 19:16:56
19:57:58.044 [main] INFO  f.i.s.r.p.i.ProjectInspector - ----------------------------------------------------------------------
19:57:58.044 [main] INFO  f.i.s.r.p.i.ProjectInspector - PIPELINE EXECUTION SUMMARY
19:57:58.045 [main] INFO  f.i.s.r.p.i.ProjectInspector - ----------------------------------------------------------------------
19:57:58.045 [main] INFO  f.i.s.r.p.i.ProjectInspector - CloneRepository.......................................SUCCESS [ 15 s ]
19:57:58.045 [main] INFO  f.i.s.r.p.i.ProjectInspector - CheckoutPatchedBuildCandidate.........................FAILURE [  0 s ]
19:57:58.045 [main] INFO  f.i.s.r.p.i.ProjectInspector - ComputeSourceDir......................................NOT RUN         
19:57:58.046 [main] INFO  f.i.s.r.p.i.ProjectInspector - ComputeTestDir........................................NOT RUN         
19:57:58.046 [main] INFO  f.i.s.r.p.i.ProjectInspector - CheckoutBuggyBuildCandidateSourceCode.................NOT RUN         
19:57:58.046 [main] INFO  f.i.s.r.p.i.ProjectInspector - BuildProjectBuggyBuildCandidateSourceCode.............NOT RUN         
19:57:58.046 [main] INFO  f.i.s.r.p.i.ProjectInspector - TestProjectBuggyBuildCandidateSourceCode..............NOT RUN         
19:57:58.047 [main] INFO  f.i.s.r.p.i.ProjectInspector - GatherTestInformationBuggyBuildCandidateSourceCode....NOT RUN         
19:57:58.047 [main] INFO  f.i.s.r.p.i.ProjectInspector - CheckoutBuggyBuildTestCode............................NOT RUN         
19:57:58.047 [main] INFO  f.i.s.r.p.i.ProjectInspector - InitRepoToPush........................................NOT RUN         
19:57:58.047 [main] INFO  f.i.s.r.p.i.ProjectInspector - ComputeClasspath......................................NOT RUN         
19:57:58.048 [main] INFO  f.i.s.r.p.i.ProjectInspector - ComputeModules........................................NOT RUN         
19:57:58.048 [main] INFO  f.i.s.r.p.i.ProjectInspector - CheckoutBuggyBuildCandidateSourceCode.................NOT RUN         
19:57:58.048 [main] INFO  f.i.s.r.p.i.ProjectInspector - CommitChangedTests....................................NOT RUN         
19:57:58.048 [main] INFO  f.i.s.r.p.i.ProjectInspector - CheckoutPatchedBuildCandidate.........................NOT RUN         
19:57:58.048 [main] INFO  f.i.s.r.p.i.ProjectInspector - BuildProjectPatchedBuildCandidate.....................NOT RUN         
19:57:58.048 [main] INFO  f.i.s.r.p.i.ProjectInspector - TestProjectPatchedBuildCandidate......................NOT RUN         
19:57:58.049 [main] INFO  f.i.s.r.p.i.ProjectInspector - GatherTestInformationPatchedBuildCandidate............NOT RUN         
19:57:58.049 [main] INFO  f.i.s.r.p.i.ProjectInspector - CommitPatch...........................................NOT RUN         
19:57:58.049 [main] INFO  f.i.s.r.p.i.ProjectInspector - WritePropertyFile.....................................NOT RUN         
19:57:58.049 [main] INFO  f.i.s.r.p.i.ProjectInspector - CommitProcessEnd......................................NOT RUN         
19:57:58.049 [main] INFO  f.i.s.r.p.i.ProjectInspector - PushProcessEnd........................................NOT RUN         
19:57:58.050 [main] INFO  f.i.s.r.p.i.ProjectInspector - ----------------------------------------------------------------------
19:57:58.050 [main] INFO  f.i.s.r.p.i.ProjectInspector - PIPELINE FINDING: BUILDNOTCHECKEDOUT
19:57:58.050 [main] INFO  f.i.s.r.p.i.ProjectInspector - ----------------------------------------------------------------------
19:57:58.052 [main] INFO  f.i.s.repairnator.pipeline.Launcher - Inspector is finished. The process will exit now.
