05:25:54.645 [main] INFO  f.i.s.repairnator.pipeline.Launcher - PIPELINE VERSION: 3.0-2018-08-09 19:04
05:25:54.772 [main] INFO  f.i.s.repairnator.pipeline.Launcher - The pipeline will try to reproduce a bug from build 351878612 and its corresponding patch from build 352009417
05:25:54.773 [main] INFO  f.i.s.repairnator.pipeline.Launcher - Initialize file serializer engines.
05:25:54.775 [main] INFO  f.i.s.repairnator.pipeline.Launcher - MongoDB won't be used for serialization.
05:25:54.776 [main] INFO  f.i.s.repairnator.pipeline.Launcher - The email notifier engine won't be used.
05:25:54.780 [main] INFO  f.i.s.repairnator.pipeline.Launcher - Start by getting the build (buildId: 351878612) with the following config: RepairnatorConfig{runId='4c745e6f-5453-4a37-b2b3-14647c2331ea_03-18-week2-PASSING_AND_PASSING', launcherMode=BEARS, serializeJson=true, inputPath='null', outputPath='/var/log', mongodbHost='null', mongodbName='repairnator', smtpServer='null', notifyTo=[], notifyEndProcess=false, push=true, pushRemoteRepo='https://github.com/fermadeiral/bears-collection-pp', fork=false, lookFromDate=null, lookToDate=null, buildId=351878612, z3solverPath='./z3_for_linux', workspacePath='./workspace', githubToken='c8a341a903[...]', dockerImageName='null', skipDelete=false, createOutputDir=false, logDirectory='null', nbThreads=0, globalTimeout=0, whiteList=null, blackList=null, jobSleepTime=0, buildSleepTime=0, maxInspectedBuilds=0, duration=null, humanPatch=false, repository='null', clean=true, bearsMode=BOTH, bearsDelimiter = false, repairTools=NopolAllTests,NPEFix,AssertFixer,AstorJGenProg,AstorJKali,NopolSingleTest,AstorJMut,NopolTestExclusionStrategy, githubUserName= fermadeiral, githubUserEmail=fer.madeiral@gmail.com}
05:25:56.397 [main] DEBUG fr.inria.jtravis.helpers.BuildHelper - Get request to :https://api.travis-ci.org/build/351878612 done after 898 ms
05:25:56.645 [main] DEBUG fr.inria.jtravis.helpers.BuildHelper - Get request to :https://api.travis-ci.org/build/352009417 done after 133 ms
05:25:56.659 [main] INFO  f.i.s.repairnator.pipeline.Launcher - The patched build (352009417) was successfully retrieved from Travis.
05:25:58.017 [main] INFO  fr.inria.jtravis.JTravis - GitHub ratelimit: Limit: 5000 Remaining: 4730 Reset hour: 19:31:55
05:25:58.314 [main] INFO  f.i.s.r.p.i.ProjectInspector - ----------------------------------------------------------------------
05:25:58.315 [main] INFO  f.i.s.r.p.i.ProjectInspector - PIPELINE STEPS
05:25:58.315 [main] INFO  f.i.s.r.p.i.ProjectInspector - ----------------------------------------------------------------------
05:25:58.315 [main] INFO  f.i.s.r.p.i.ProjectInspector - CloneRepository
05:25:58.315 [main] INFO  f.i.s.r.p.i.ProjectInspector - CheckoutPatchedBuildCandidate
05:25:58.316 [main] INFO  f.i.s.r.p.i.ProjectInspector - ComputeSourceDir
05:25:58.316 [main] INFO  f.i.s.r.p.i.ProjectInspector - ComputeTestDir
05:25:58.316 [main] INFO  f.i.s.r.p.i.ProjectInspector - CheckoutBuggyBuildCandidateSourceCode
05:25:58.317 [main] INFO  f.i.s.r.p.i.ProjectInspector - BuildProjectBuggyBuildCandidateSourceCode
05:25:58.317 [main] INFO  f.i.s.r.p.i.ProjectInspector - TestProjectBuggyBuildCandidateSourceCode
05:25:58.317 [main] INFO  f.i.s.r.p.i.ProjectInspector - GatherTestInformationBuggyBuildCandidateSourceCode
05:25:58.317 [main] INFO  f.i.s.r.p.i.ProjectInspector - CheckoutBuggyBuildTestCode
05:25:58.317 [main] INFO  f.i.s.r.p.i.ProjectInspector - InitRepoToPush
05:25:58.318 [main] INFO  f.i.s.r.p.i.ProjectInspector - ComputeClasspath
05:25:58.318 [main] INFO  f.i.s.r.p.i.ProjectInspector - ComputeModules
05:25:58.318 [main] INFO  f.i.s.r.p.i.ProjectInspector - CheckoutBuggyBuildCandidateSourceCode
05:25:58.318 [main] INFO  f.i.s.r.p.i.ProjectInspector - CommitChangedTests
05:25:58.319 [main] INFO  f.i.s.r.p.i.ProjectInspector - CheckoutPatchedBuildCandidate
05:25:58.319 [main] INFO  f.i.s.r.p.i.ProjectInspector - BuildProjectPatchedBuildCandidate
05:25:58.319 [main] INFO  f.i.s.r.p.i.ProjectInspector - TestProjectPatchedBuildCandidate
05:25:58.320 [main] INFO  f.i.s.r.p.i.ProjectInspector - GatherTestInformationPatchedBuildCandidate
05:25:58.320 [main] INFO  f.i.s.r.p.i.ProjectInspector - CommitPatch
05:25:58.320 [main] INFO  f.i.s.r.p.i.ProjectInspector - WritePropertyFile
05:25:58.320 [main] INFO  f.i.s.r.p.i.ProjectInspector - CommitProcessEnd
05:25:58.321 [main] INFO  f.i.s.r.p.i.ProjectInspector - PushProcessEnd
05:25:58.321 [main] DEBUG f.i.s.r.process.step.CloneRepository - ----------------------------------------------------------------------
05:25:58.322 [main] DEBUG f.i.s.r.process.step.CloneRepository - STEP 1/22: CloneRepository
05:25:58.322 [main] DEBUG f.i.s.r.process.step.CloneRepository - ----------------------------------------------------------------------
05:25:58.322 [main] DEBUG f.i.s.r.process.step.CloneRepository - Cloning repository runelite/runelite in the following directory: ./workspace/runelite/runelite/351878612
05:26:09.356 [main] DEBUG f.i.s.r.process.step.CloneRepository - STEP STATUS: [ CloneRepository : SUCCESS ]
05:26:09.356 [main] DEBUG f.i.s.r.process.step.CloneRepository - STEP DURATION: 11s
05:26:09.357 [main] DEBUG f.i.s.r.process.step.CloneRepository - EXECUTE NEXT STEP
05:26:09.357 [main] DEBUG f.i.s.r.p.s.c.CheckoutPatchedBuild - ----------------------------------------------------------------------
05:26:09.358 [main] DEBUG f.i.s.r.p.s.c.CheckoutPatchedBuild - STEP 2/22: CheckoutPatchedBuildCandidate
05:26:09.358 [main] DEBUG f.i.s.r.p.s.c.CheckoutPatchedBuild - ----------------------------------------------------------------------
05:26:09.358 [main] DEBUG f.i.s.r.p.s.c.CheckoutPatchedBuild - Checking out patched build candidate...
05:26:09.708 [main] INFO  fr.inria.jtravis.JTravis - GitHub ratelimit: Limit: 5000 Remaining: 4729 Reset hour: 19:31:55
05:26:11.695 [main] DEBUG f.i.s.r.p.s.c.CheckoutPatchedBuild - Reproduce the PR for runelite/runelite by fetching remote branch and merging.
05:26:13.454 [main] ERROR f.i.s.r.p.s.c.CheckoutPatchedBuild - Error while testing commit: org.eclipse.jgit.errors.MissingObjectException: Missing unknown a6a005c9af6798eeb8520677983b872150dfe737
05:26:13.455 [main] ERROR f.i.s.r.p.s.c.CheckoutPatchedBuild - Error while testing commit: org.eclipse.jgit.errors.MissingObjectException: Missing unknown 4daa62cf1421debc3e266cd5e99bb14471dacc20
05:26:13.455 [main] ERROR f.i.s.r.p.s.c.CheckoutPatchedBuild - Commit head ref cannot be retrieved from the repository: a6a005c9af6798eeb8520677983b872150dfe737. Operation aborted.
05:26:13.456 [main] ERROR f.i.s.r.p.s.c.CheckoutPatchedBuild - Error while merging two commits to reproduce the PR.
05:26:13.457 [main] DEBUG f.i.s.r.p.s.c.CheckoutPatchedBuild - STEP STATUS: [ CheckoutPatchedBuildCandidate : FAILURE ( BUILDNOTCHECKEDOUT ) ]
05:26:13.457 [main] DEBUG f.i.s.r.p.s.c.CheckoutPatchedBuild - STEP DURATION: 4s
05:26:13.457 [main] DEBUG f.i.s.r.p.s.c.CheckoutPatchedBuild - TERMINATE PIPELINE
05:26:13.459 [main] DEBUG f.i.s.r.p.s.c.CheckoutPatchedBuild - FINAL STEPS SKIPPED: The reproduction of the bug and/or the patch failed.
05:26:13.459 [main] INFO  f.i.s.r.p.s.c.CheckoutPatchedBuild - Serialize all data for the pair of builds 351878612, 352009417
05:26:13.583 [main] INFO  fr.inria.jtravis.JTravis - GitHub ratelimit: Limit: 5000 Remaining: 4722 Reset hour: 19:31:55
05:26:14.375 [main] INFO  f.i.s.r.p.i.ProjectInspector - ----------------------------------------------------------------------
05:26:14.376 [main] INFO  f.i.s.r.p.i.ProjectInspector - PIPELINE EXECUTION SUMMARY
05:26:14.376 [main] INFO  f.i.s.r.p.i.ProjectInspector - ----------------------------------------------------------------------
05:26:14.377 [main] INFO  f.i.s.r.p.i.ProjectInspector - CloneRepository.......................................SUCCESS [ 11 s ]
05:26:14.377 [main] INFO  f.i.s.r.p.i.ProjectInspector - CheckoutPatchedBuildCandidate.........................FAILURE [  4 s ]
05:26:14.377 [main] INFO  f.i.s.r.p.i.ProjectInspector - ComputeSourceDir......................................NOT RUN         
05:26:14.378 [main] INFO  f.i.s.r.p.i.ProjectInspector - ComputeTestDir........................................NOT RUN         
05:26:14.378 [main] INFO  f.i.s.r.p.i.ProjectInspector - CheckoutBuggyBuildCandidateSourceCode.................NOT RUN         
05:26:14.378 [main] INFO  f.i.s.r.p.i.ProjectInspector - BuildProjectBuggyBuildCandidateSourceCode.............NOT RUN         
05:26:14.379 [main] INFO  f.i.s.r.p.i.ProjectInspector - TestProjectBuggyBuildCandidateSourceCode..............NOT RUN         
05:26:14.379 [main] INFO  f.i.s.r.p.i.ProjectInspector - GatherTestInformationBuggyBuildCandidateSourceCode....NOT RUN         
05:26:14.379 [main] INFO  f.i.s.r.p.i.ProjectInspector - CheckoutBuggyBuildTestCode............................NOT RUN         
05:26:14.379 [main] INFO  f.i.s.r.p.i.ProjectInspector - InitRepoToPush........................................NOT RUN         
05:26:14.380 [main] INFO  f.i.s.r.p.i.ProjectInspector - ComputeClasspath......................................NOT RUN         
05:26:14.380 [main] INFO  f.i.s.r.p.i.ProjectInspector - ComputeModules........................................NOT RUN         
05:26:14.380 [main] INFO  f.i.s.r.p.i.ProjectInspector - CheckoutBuggyBuildCandidateSourceCode.................NOT RUN         
05:26:14.381 [main] INFO  f.i.s.r.p.i.ProjectInspector - CommitChangedTests....................................NOT RUN         
05:26:14.381 [main] INFO  f.i.s.r.p.i.ProjectInspector - CheckoutPatchedBuildCandidate.........................NOT RUN         
05:26:14.381 [main] INFO  f.i.s.r.p.i.ProjectInspector - BuildProjectPatchedBuildCandidate.....................NOT RUN         
05:26:14.381 [main] INFO  f.i.s.r.p.i.ProjectInspector - TestProjectPatchedBuildCandidate......................NOT RUN         
05:26:14.382 [main] INFO  f.i.s.r.p.i.ProjectInspector - GatherTestInformationPatchedBuildCandidate............NOT RUN         
05:26:14.382 [main] INFO  f.i.s.r.p.i.ProjectInspector - CommitPatch...........................................NOT RUN         
05:26:14.382 [main] INFO  f.i.s.r.p.i.ProjectInspector - WritePropertyFile.....................................NOT RUN         
05:26:14.382 [main] INFO  f.i.s.r.p.i.ProjectInspector - CommitProcessEnd......................................NOT RUN         
05:26:14.383 [main] INFO  f.i.s.r.p.i.ProjectInspector - PushProcessEnd........................................NOT RUN         
05:26:14.383 [main] INFO  f.i.s.r.p.i.ProjectInspector - ----------------------------------------------------------------------
05:26:14.383 [main] INFO  f.i.s.r.p.i.ProjectInspector - PIPELINE FINDING: BUILDNOTCHECKEDOUT
05:26:14.383 [main] INFO  f.i.s.r.p.i.ProjectInspector - ----------------------------------------------------------------------
05:26:14.384 [main] INFO  f.i.s.repairnator.pipeline.Launcher - Inspector is finished. The process will exit now.
