05:25:21.715 [main] INFO  f.i.s.repairnator.pipeline.Launcher - PIPELINE VERSION: 3.0-2018-08-09 19:04
05:25:21.851 [main] INFO  f.i.s.repairnator.pipeline.Launcher - The pipeline will try to reproduce a bug from build 351562054 and its corresponding patch from build 352047240
05:25:21.852 [main] INFO  f.i.s.repairnator.pipeline.Launcher - Initialize file serializer engines.
05:25:21.854 [main] INFO  f.i.s.repairnator.pipeline.Launcher - MongoDB won't be used for serialization.
05:25:21.855 [main] INFO  f.i.s.repairnator.pipeline.Launcher - The email notifier engine won't be used.
05:25:21.858 [main] INFO  f.i.s.repairnator.pipeline.Launcher - Start by getting the build (buildId: 351562054) with the following config: RepairnatorConfig{runId='4c745e6f-5453-4a37-b2b3-14647c2331ea_03-18-week2-PASSING_AND_PASSING', launcherMode=BEARS, serializeJson=true, inputPath='null', outputPath='/var/log', mongodbHost='null', mongodbName='repairnator', smtpServer='null', notifyTo=[], notifyEndProcess=false, push=true, pushRemoteRepo='https://github.com/fermadeiral/bears-collection-pp', fork=false, lookFromDate=null, lookToDate=null, buildId=351562054, z3solverPath='./z3_for_linux', workspacePath='./workspace', githubToken='c8a341a903[...]', dockerImageName='null', skipDelete=false, createOutputDir=false, logDirectory='null', nbThreads=0, globalTimeout=0, whiteList=null, blackList=null, jobSleepTime=0, buildSleepTime=0, maxInspectedBuilds=0, duration=null, humanPatch=false, repository='null', clean=true, bearsMode=BOTH, bearsDelimiter = false, repairTools=NopolAllTests,NPEFix,AssertFixer,AstorJGenProg,AstorJKali,NopolSingleTest,AstorJMut,NopolTestExclusionStrategy, githubUserName= fermadeiral, githubUserEmail=fer.madeiral@gmail.com}
05:25:23.066 [main] DEBUG fr.inria.jtravis.helpers.BuildHelper - Get request to :https://api.travis-ci.org/build/351562054 done after 777 ms
05:25:23.376 [main] DEBUG fr.inria.jtravis.helpers.BuildHelper - Get request to :https://api.travis-ci.org/build/352047240 done after 158 ms
05:25:23.407 [main] INFO  f.i.s.repairnator.pipeline.Launcher - The patched build (352047240) was successfully retrieved from Travis.
05:25:24.744 [main] INFO  fr.inria.jtravis.JTravis - GitHub ratelimit: Limit: 5000 Remaining: 4764 Reset hour: 19:31:55
05:25:25.028 [main] INFO  f.i.s.r.p.i.ProjectInspector - ----------------------------------------------------------------------
05:25:25.028 [main] INFO  f.i.s.r.p.i.ProjectInspector - PIPELINE STEPS
05:25:25.028 [main] INFO  f.i.s.r.p.i.ProjectInspector - ----------------------------------------------------------------------
05:25:25.029 [main] INFO  f.i.s.r.p.i.ProjectInspector - CloneRepository
05:25:25.029 [main] INFO  f.i.s.r.p.i.ProjectInspector - CheckoutPatchedBuildCandidate
05:25:25.030 [main] INFO  f.i.s.r.p.i.ProjectInspector - ComputeSourceDir
05:25:25.030 [main] INFO  f.i.s.r.p.i.ProjectInspector - ComputeTestDir
05:25:25.030 [main] INFO  f.i.s.r.p.i.ProjectInspector - CheckoutBuggyBuildCandidateSourceCode
05:25:25.031 [main] INFO  f.i.s.r.p.i.ProjectInspector - BuildProjectBuggyBuildCandidateSourceCode
05:25:25.031 [main] INFO  f.i.s.r.p.i.ProjectInspector - TestProjectBuggyBuildCandidateSourceCode
05:25:25.032 [main] INFO  f.i.s.r.p.i.ProjectInspector - GatherTestInformationBuggyBuildCandidateSourceCode
05:25:25.032 [main] INFO  f.i.s.r.p.i.ProjectInspector - CheckoutBuggyBuildTestCode
05:25:25.033 [main] INFO  f.i.s.r.p.i.ProjectInspector - InitRepoToPush
05:25:25.034 [main] INFO  f.i.s.r.p.i.ProjectInspector - ComputeClasspath
05:25:25.034 [main] INFO  f.i.s.r.p.i.ProjectInspector - ComputeModules
05:25:25.034 [main] INFO  f.i.s.r.p.i.ProjectInspector - CheckoutBuggyBuildCandidateSourceCode
05:25:25.034 [main] INFO  f.i.s.r.p.i.ProjectInspector - CommitChangedTests
05:25:25.035 [main] INFO  f.i.s.r.p.i.ProjectInspector - CheckoutPatchedBuildCandidate
05:25:25.035 [main] INFO  f.i.s.r.p.i.ProjectInspector - BuildProjectPatchedBuildCandidate
05:25:25.035 [main] INFO  f.i.s.r.p.i.ProjectInspector - TestProjectPatchedBuildCandidate
05:25:25.035 [main] INFO  f.i.s.r.p.i.ProjectInspector - GatherTestInformationPatchedBuildCandidate
05:25:25.036 [main] INFO  f.i.s.r.p.i.ProjectInspector - CommitPatch
05:25:25.036 [main] INFO  f.i.s.r.p.i.ProjectInspector - WritePropertyFile
05:25:25.036 [main] INFO  f.i.s.r.p.i.ProjectInspector - CommitProcessEnd
05:25:25.037 [main] INFO  f.i.s.r.p.i.ProjectInspector - PushProcessEnd
05:25:25.037 [main] DEBUG f.i.s.r.process.step.CloneRepository - ----------------------------------------------------------------------
05:25:25.038 [main] DEBUG f.i.s.r.process.step.CloneRepository - STEP 1/22: CloneRepository
05:25:25.038 [main] DEBUG f.i.s.r.process.step.CloneRepository - ----------------------------------------------------------------------
05:25:25.039 [main] DEBUG f.i.s.r.process.step.CloneRepository - Cloning repository runelite/runelite in the following directory: ./workspace/runelite/runelite/351562054
05:25:35.193 [main] DEBUG f.i.s.r.process.step.CloneRepository - STEP STATUS: [ CloneRepository : SUCCESS ]
05:25:35.193 [main] DEBUG f.i.s.r.process.step.CloneRepository - STEP DURATION: 10s
05:25:35.193 [main] DEBUG f.i.s.r.process.step.CloneRepository - EXECUTE NEXT STEP
05:25:35.194 [main] DEBUG f.i.s.r.p.s.c.CheckoutPatchedBuild - ----------------------------------------------------------------------
05:25:35.194 [main] DEBUG f.i.s.r.p.s.c.CheckoutPatchedBuild - STEP 2/22: CheckoutPatchedBuildCandidate
05:25:35.194 [main] DEBUG f.i.s.r.p.s.c.CheckoutPatchedBuild - ----------------------------------------------------------------------
05:25:35.194 [main] DEBUG f.i.s.r.p.s.c.CheckoutPatchedBuild - Checking out patched build candidate...
05:25:35.534 [main] INFO  fr.inria.jtravis.JTravis - GitHub ratelimit: Limit: 5000 Remaining: 4761 Reset hour: 19:31:55
05:25:37.910 [main] DEBUG f.i.s.r.p.s.c.CheckoutPatchedBuild - Reproduce the PR for runelite/runelite by fetching remote branch and merging.
05:25:49.352 [main] ERROR f.i.s.r.p.s.c.CheckoutPatchedBuild - Error while testing commit: org.eclipse.jgit.errors.MissingObjectException: Missing unknown 801ead78c6c70d05c08bcf2ed87572bd997b71bf
05:25:49.354 [main] ERROR f.i.s.r.p.s.c.CheckoutPatchedBuild - Commit head ref cannot be retrieved from the repository: 801ead78c6c70d05c08bcf2ed87572bd997b71bf. Operation aborted.
05:25:49.355 [main] ERROR f.i.s.r.p.s.c.CheckoutPatchedBuild - Error while merging two commits to reproduce the PR.
05:25:49.356 [main] DEBUG f.i.s.r.p.s.c.CheckoutPatchedBuild - STEP STATUS: [ CheckoutPatchedBuildCandidate : FAILURE ( BUILDNOTCHECKEDOUT ) ]
05:25:49.357 [main] DEBUG f.i.s.r.p.s.c.CheckoutPatchedBuild - STEP DURATION: 14s
05:25:49.357 [main] DEBUG f.i.s.r.p.s.c.CheckoutPatchedBuild - TERMINATE PIPELINE
05:25:49.358 [main] DEBUG f.i.s.r.p.s.c.CheckoutPatchedBuild - FINAL STEPS SKIPPED: The reproduction of the bug and/or the patch failed.
05:25:49.360 [main] INFO  f.i.s.r.p.s.c.CheckoutPatchedBuild - Serialize all data for the pair of builds 351562054, 352047240
05:25:49.679 [main] INFO  fr.inria.jtravis.JTravis - GitHub ratelimit: Limit: 5000 Remaining: 4747 Reset hour: 19:31:55
05:25:50.279 [main] INFO  f.i.s.r.p.i.ProjectInspector - ----------------------------------------------------------------------
05:25:50.280 [main] INFO  f.i.s.r.p.i.ProjectInspector - PIPELINE EXECUTION SUMMARY
05:25:50.280 [main] INFO  f.i.s.r.p.i.ProjectInspector - ----------------------------------------------------------------------
05:25:50.280 [main] INFO  f.i.s.r.p.i.ProjectInspector - CloneRepository.......................................SUCCESS [ 10 s ]
05:25:50.281 [main] INFO  f.i.s.r.p.i.ProjectInspector - CheckoutPatchedBuildCandidate.........................FAILURE [ 14 s ]
05:25:50.281 [main] INFO  f.i.s.r.p.i.ProjectInspector - ComputeSourceDir......................................NOT RUN         
05:25:50.281 [main] INFO  f.i.s.r.p.i.ProjectInspector - ComputeTestDir........................................NOT RUN         
05:25:50.281 [main] INFO  f.i.s.r.p.i.ProjectInspector - CheckoutBuggyBuildCandidateSourceCode.................NOT RUN         
05:25:50.281 [main] INFO  f.i.s.r.p.i.ProjectInspector - BuildProjectBuggyBuildCandidateSourceCode.............NOT RUN         
05:25:50.281 [main] INFO  f.i.s.r.p.i.ProjectInspector - TestProjectBuggyBuildCandidateSourceCode..............NOT RUN         
05:25:50.282 [main] INFO  f.i.s.r.p.i.ProjectInspector - GatherTestInformationBuggyBuildCandidateSourceCode....NOT RUN         
05:25:50.282 [main] INFO  f.i.s.r.p.i.ProjectInspector - CheckoutBuggyBuildTestCode............................NOT RUN         
05:25:50.282 [main] INFO  f.i.s.r.p.i.ProjectInspector - InitRepoToPush........................................NOT RUN         
05:25:50.282 [main] INFO  f.i.s.r.p.i.ProjectInspector - ComputeClasspath......................................NOT RUN         
05:25:50.282 [main] INFO  f.i.s.r.p.i.ProjectInspector - ComputeModules........................................NOT RUN         
05:25:50.282 [main] INFO  f.i.s.r.p.i.ProjectInspector - CheckoutBuggyBuildCandidateSourceCode.................NOT RUN         
05:25:50.283 [main] INFO  f.i.s.r.p.i.ProjectInspector - CommitChangedTests....................................NOT RUN         
05:25:50.283 [main] INFO  f.i.s.r.p.i.ProjectInspector - CheckoutPatchedBuildCandidate.........................NOT RUN         
05:25:50.283 [main] INFO  f.i.s.r.p.i.ProjectInspector - BuildProjectPatchedBuildCandidate.....................NOT RUN         
05:25:50.283 [main] INFO  f.i.s.r.p.i.ProjectInspector - TestProjectPatchedBuildCandidate......................NOT RUN         
05:25:50.283 [main] INFO  f.i.s.r.p.i.ProjectInspector - GatherTestInformationPatchedBuildCandidate............NOT RUN         
05:25:50.283 [main] INFO  f.i.s.r.p.i.ProjectInspector - CommitPatch...........................................NOT RUN         
05:25:50.284 [main] INFO  f.i.s.r.p.i.ProjectInspector - WritePropertyFile.....................................NOT RUN         
05:25:50.284 [main] INFO  f.i.s.r.p.i.ProjectInspector - CommitProcessEnd......................................NOT RUN         
05:25:50.284 [main] INFO  f.i.s.r.p.i.ProjectInspector - PushProcessEnd........................................NOT RUN         
05:25:50.284 [main] INFO  f.i.s.r.p.i.ProjectInspector - ----------------------------------------------------------------------
05:25:50.284 [main] INFO  f.i.s.r.p.i.ProjectInspector - PIPELINE FINDING: BUILDNOTCHECKEDOUT
05:25:50.284 [main] INFO  f.i.s.r.p.i.ProjectInspector - ----------------------------------------------------------------------
05:25:50.285 [main] INFO  f.i.s.repairnator.pipeline.Launcher - Inspector is finished. The process will exit now.
