05:35:01.972 [main] INFO  f.i.s.repairnator.pipeline.Launcher - PIPELINE VERSION: 3.0-2018-08-09 19:04
05:35:02.132 [main] INFO  f.i.s.repairnator.pipeline.Launcher - The pipeline will try to reproduce a bug from build 352203075 and its corresponding patch from build 353498229
05:35:02.133 [main] INFO  f.i.s.repairnator.pipeline.Launcher - Initialize file serializer engines.
05:35:02.135 [main] INFO  f.i.s.repairnator.pipeline.Launcher - MongoDB won't be used for serialization.
05:35:02.136 [main] INFO  f.i.s.repairnator.pipeline.Launcher - The email notifier engine won't be used.
05:35:02.142 [main] INFO  f.i.s.repairnator.pipeline.Launcher - Start by getting the build (buildId: 352203075) with the following config: RepairnatorConfig{runId='4c745e6f-5453-4a37-b2b3-14647c2331ea_03-18-week2-PASSING_AND_PASSING', launcherMode=BEARS, serializeJson=true, inputPath='null', outputPath='/var/log', mongodbHost='null', mongodbName='repairnator', smtpServer='null', notifyTo=[], notifyEndProcess=false, push=true, pushRemoteRepo='https://github.com/fermadeiral/bears-collection-pp', fork=false, lookFromDate=null, lookToDate=null, buildId=352203075, z3solverPath='./z3_for_linux', workspacePath='./workspace', githubToken='c8a341a903[...]', dockerImageName='null', skipDelete=false, createOutputDir=false, logDirectory='null', nbThreads=0, globalTimeout=0, whiteList=null, blackList=null, jobSleepTime=0, buildSleepTime=0, maxInspectedBuilds=0, duration=null, humanPatch=false, repository='null', clean=true, bearsMode=BOTH, bearsDelimiter = false, repairTools=NopolAllTests,NPEFix,AssertFixer,AstorJGenProg,AstorJKali,NopolSingleTest,AstorJMut,NopolTestExclusionStrategy, githubUserName= fermadeiral, githubUserEmail=fer.madeiral@gmail.com}
05:35:03.404 [main] DEBUG fr.inria.jtravis.helpers.BuildHelper - Get request to :https://api.travis-ci.org/build/352203075 done after 803 ms
05:35:03.704 [main] DEBUG fr.inria.jtravis.helpers.BuildHelper - Get request to :https://api.travis-ci.org/build/353498229 done after 149 ms
05:35:03.720 [main] INFO  f.i.s.repairnator.pipeline.Launcher - The patched build (353498229) was successfully retrieved from Travis.
05:35:04.813 [main] INFO  fr.inria.jtravis.JTravis - GitHub ratelimit: Limit: 5000 Remaining: 4345 Reset hour: 19:31:55
05:35:05.095 [main] INFO  f.i.s.r.p.i.ProjectInspector - ----------------------------------------------------------------------
05:35:05.095 [main] INFO  f.i.s.r.p.i.ProjectInspector - PIPELINE STEPS
05:35:05.096 [main] INFO  f.i.s.r.p.i.ProjectInspector - ----------------------------------------------------------------------
05:35:05.096 [main] INFO  f.i.s.r.p.i.ProjectInspector - CloneRepository
05:35:05.096 [main] INFO  f.i.s.r.p.i.ProjectInspector - CheckoutPatchedBuildCandidate
05:35:05.096 [main] INFO  f.i.s.r.p.i.ProjectInspector - ComputeSourceDir
05:35:05.097 [main] INFO  f.i.s.r.p.i.ProjectInspector - ComputeTestDir
05:35:05.097 [main] INFO  f.i.s.r.p.i.ProjectInspector - CheckoutBuggyBuildCandidateSourceCode
05:35:05.097 [main] INFO  f.i.s.r.p.i.ProjectInspector - BuildProjectBuggyBuildCandidateSourceCode
05:35:05.097 [main] INFO  f.i.s.r.p.i.ProjectInspector - TestProjectBuggyBuildCandidateSourceCode
05:35:05.098 [main] INFO  f.i.s.r.p.i.ProjectInspector - GatherTestInformationBuggyBuildCandidateSourceCode
05:35:05.098 [main] INFO  f.i.s.r.p.i.ProjectInspector - CheckoutBuggyBuildTestCode
05:35:05.098 [main] INFO  f.i.s.r.p.i.ProjectInspector - InitRepoToPush
05:35:05.098 [main] INFO  f.i.s.r.p.i.ProjectInspector - ComputeClasspath
05:35:05.098 [main] INFO  f.i.s.r.p.i.ProjectInspector - ComputeModules
05:35:05.099 [main] INFO  f.i.s.r.p.i.ProjectInspector - CheckoutBuggyBuildCandidateSourceCode
05:35:05.099 [main] INFO  f.i.s.r.p.i.ProjectInspector - CommitChangedTests
05:35:05.099 [main] INFO  f.i.s.r.p.i.ProjectInspector - CheckoutPatchedBuildCandidate
05:35:05.099 [main] INFO  f.i.s.r.p.i.ProjectInspector - BuildProjectPatchedBuildCandidate
05:35:05.100 [main] INFO  f.i.s.r.p.i.ProjectInspector - TestProjectPatchedBuildCandidate
05:35:05.100 [main] INFO  f.i.s.r.p.i.ProjectInspector - GatherTestInformationPatchedBuildCandidate
05:35:05.101 [main] INFO  f.i.s.r.p.i.ProjectInspector - CommitPatch
05:35:05.101 [main] INFO  f.i.s.r.p.i.ProjectInspector - WritePropertyFile
05:35:05.102 [main] INFO  f.i.s.r.p.i.ProjectInspector - CommitProcessEnd
05:35:05.102 [main] INFO  f.i.s.r.p.i.ProjectInspector - PushProcessEnd
05:35:05.102 [main] DEBUG f.i.s.r.process.step.CloneRepository - ----------------------------------------------------------------------
05:35:05.103 [main] DEBUG f.i.s.r.process.step.CloneRepository - STEP 1/22: CloneRepository
05:35:05.103 [main] DEBUG f.i.s.r.process.step.CloneRepository - ----------------------------------------------------------------------
05:35:05.104 [main] DEBUG f.i.s.r.process.step.CloneRepository - Cloning repository CorfuDB/CorfuDB in the following directory: ./workspace/CorfuDB/CorfuDB/352203075
05:39:08.150 [main] DEBUG f.i.s.r.process.step.CloneRepository - STEP STATUS: [ CloneRepository : SUCCESS ]
05:39:08.150 [main] DEBUG f.i.s.r.process.step.CloneRepository - STEP DURATION: 243s
05:39:08.151 [main] DEBUG f.i.s.r.process.step.CloneRepository - EXECUTE NEXT STEP
05:39:08.152 [main] DEBUG f.i.s.r.p.s.c.CheckoutPatchedBuild - ----------------------------------------------------------------------
05:39:08.152 [main] DEBUG f.i.s.r.p.s.c.CheckoutPatchedBuild - STEP 2/22: CheckoutPatchedBuildCandidate
05:39:08.152 [main] DEBUG f.i.s.r.p.s.c.CheckoutPatchedBuild - ----------------------------------------------------------------------
05:39:08.152 [main] DEBUG f.i.s.r.p.s.c.CheckoutPatchedBuild - Checking out patched build candidate...
05:39:08.226 [main] ERROR f.i.s.r.p.s.c.CheckoutPatchedBuild - Error while testing commit: org.eclipse.jgit.errors.MissingObjectException: Missing unknown 44e1d6f96472c2fc71e71923073e32edf1fedd43
05:39:08.226 [main] ERROR f.i.s.r.p.s.c.CheckoutPatchedBuild - Error while getting the commit to checkout from the repo.
05:39:08.227 [main] DEBUG f.i.s.r.p.s.c.CheckoutPatchedBuild - STEP STATUS: [ CheckoutPatchedBuildCandidate : FAILURE ( BUILDNOTCHECKEDOUT ) ]
05:39:08.227 [main] DEBUG f.i.s.r.p.s.c.CheckoutPatchedBuild - STEP DURATION: 0s
05:39:08.227 [main] DEBUG f.i.s.r.p.s.c.CheckoutPatchedBuild - TERMINATE PIPELINE
05:39:08.228 [main] DEBUG f.i.s.r.p.s.c.CheckoutPatchedBuild - FINAL STEPS SKIPPED: The reproduction of the bug and/or the patch failed.
05:39:08.228 [main] INFO  f.i.s.r.p.s.c.CheckoutPatchedBuild - Serialize all data for the pair of builds 352203075, 353498229
05:39:08.525 [main] INFO  fr.inria.jtravis.JTravis - GitHub ratelimit: Limit: 5000 Remaining: 4334 Reset hour: 19:31:55
05:39:09.124 [main] INFO  f.i.s.r.p.i.ProjectInspector - ----------------------------------------------------------------------
05:39:09.124 [main] INFO  f.i.s.r.p.i.ProjectInspector - PIPELINE EXECUTION SUMMARY
05:39:09.125 [main] INFO  f.i.s.r.p.i.ProjectInspector - ----------------------------------------------------------------------
05:39:09.125 [main] INFO  f.i.s.r.p.i.ProjectInspector - CloneRepository......................................SUCCESS [ 243 s ]
05:39:09.125 [main] INFO  f.i.s.r.p.i.ProjectInspector - CheckoutPatchedBuildCandidate........................FAILURE [   0 s ]
05:39:09.126 [main] INFO  f.i.s.r.p.i.ProjectInspector - ComputeSourceDir.....................................NOT RUN          
05:39:09.126 [main] INFO  f.i.s.r.p.i.ProjectInspector - ComputeTestDir.......................................NOT RUN          
05:39:09.126 [main] INFO  f.i.s.r.p.i.ProjectInspector - CheckoutBuggyBuildCandidateSourceCode................NOT RUN          
05:39:09.126 [main] INFO  f.i.s.r.p.i.ProjectInspector - BuildProjectBuggyBuildCandidateSourceCode............NOT RUN          
05:39:09.126 [main] INFO  f.i.s.r.p.i.ProjectInspector - TestProjectBuggyBuildCandidateSourceCode.............NOT RUN          
05:39:09.127 [main] INFO  f.i.s.r.p.i.ProjectInspector - GatherTestInformationBuggyBuildCandidateSourceCode...NOT RUN          
05:39:09.127 [main] INFO  f.i.s.r.p.i.ProjectInspector - CheckoutBuggyBuildTestCode...........................NOT RUN          
05:39:09.128 [main] INFO  f.i.s.r.p.i.ProjectInspector - InitRepoToPush.......................................NOT RUN          
05:39:09.128 [main] INFO  f.i.s.r.p.i.ProjectInspector - ComputeClasspath.....................................NOT RUN          
05:39:09.128 [main] INFO  f.i.s.r.p.i.ProjectInspector - ComputeModules.......................................NOT RUN          
05:39:09.129 [main] INFO  f.i.s.r.p.i.ProjectInspector - CheckoutBuggyBuildCandidateSourceCode................NOT RUN          
05:39:09.129 [main] INFO  f.i.s.r.p.i.ProjectInspector - CommitChangedTests...................................NOT RUN          
05:39:09.129 [main] INFO  f.i.s.r.p.i.ProjectInspector - CheckoutPatchedBuildCandidate........................NOT RUN          
05:39:09.129 [main] INFO  f.i.s.r.p.i.ProjectInspector - BuildProjectPatchedBuildCandidate....................NOT RUN          
05:39:09.129 [main] INFO  f.i.s.r.p.i.ProjectInspector - TestProjectPatchedBuildCandidate.....................NOT RUN          
05:39:09.130 [main] INFO  f.i.s.r.p.i.ProjectInspector - GatherTestInformationPatchedBuildCandidate...........NOT RUN          
05:39:09.130 [main] INFO  f.i.s.r.p.i.ProjectInspector - CommitPatch..........................................NOT RUN          
05:39:09.130 [main] INFO  f.i.s.r.p.i.ProjectInspector - WritePropertyFile....................................NOT RUN          
05:39:09.131 [main] INFO  f.i.s.r.p.i.ProjectInspector - CommitProcessEnd.....................................NOT RUN          
05:39:09.131 [main] INFO  f.i.s.r.p.i.ProjectInspector - PushProcessEnd.......................................NOT RUN          
05:39:09.131 [main] INFO  f.i.s.r.p.i.ProjectInspector - ----------------------------------------------------------------------
05:39:09.131 [main] INFO  f.i.s.r.p.i.ProjectInspector - PIPELINE FINDING: BUILDNOTCHECKEDOUT
05:39:09.131 [main] INFO  f.i.s.r.p.i.ProjectInspector - ----------------------------------------------------------------------
05:39:09.131 [main] INFO  f.i.s.repairnator.pipeline.Launcher - Inspector is finished. The process will exit now.
