16:51:37.151 [main] INFO  f.i.s.repairnator.pipeline.Launcher - PIPELINE VERSION: 3.0-2018-08-09 19:04
16:51:37.306 [main] INFO  f.i.s.repairnator.pipeline.Launcher - The pipeline will try to reproduce a bug from build 350742165 and its corresponding patch from build 350778216
16:51:37.307 [main] INFO  f.i.s.repairnator.pipeline.Launcher - Initialize file serializer engines.
16:51:37.309 [main] INFO  f.i.s.repairnator.pipeline.Launcher - MongoDB won't be used for serialization.
16:51:37.310 [main] INFO  f.i.s.repairnator.pipeline.Launcher - The email notifier engine won't be used.
16:51:37.314 [main] INFO  f.i.s.repairnator.pipeline.Launcher - Start by getting the build (buildId: 350742165) with the following config: RepairnatorConfig{runId='4c745e6f-5453-4a37-b2b3-14647c2331ea_03-18-week2-PASSING_AND_PASSING', launcherMode=BEARS, serializeJson=true, inputPath='null', outputPath='/var/log', mongodbHost='null', mongodbName='repairnator', smtpServer='null', notifyTo=[], notifyEndProcess=false, push=true, pushRemoteRepo='https://github.com/fermadeiral/bears-collection-pp', fork=false, lookFromDate=null, lookToDate=null, buildId=350742165, z3solverPath='./z3_for_linux', workspacePath='./workspace', githubToken='c8a341a903[...]', dockerImageName='null', skipDelete=false, createOutputDir=false, logDirectory='null', nbThreads=0, globalTimeout=0, whiteList=null, blackList=null, jobSleepTime=0, buildSleepTime=0, maxInspectedBuilds=0, duration=null, humanPatch=false, repository='null', clean=true, bearsMode=BOTH, bearsDelimiter = false, repairTools=NopolAllTests,NPEFix,AssertFixer,AstorJGenProg,AstorJKali,NopolSingleTest,AstorJMut,NopolTestExclusionStrategy, githubUserName= fermadeiral, githubUserEmail=fer.madeiral@gmail.com}
16:51:38.811 [main] DEBUG fr.inria.jtravis.helpers.BuildHelper - Get request to :https://api.travis-ci.org/build/350742165 done after 910 ms
16:51:39.083 [main] DEBUG fr.inria.jtravis.helpers.BuildHelper - Get request to :https://api.travis-ci.org/build/350778216 done after 137 ms
16:51:39.104 [main] INFO  f.i.s.repairnator.pipeline.Launcher - The patched build (350778216) was successfully retrieved from Travis.
16:51:40.488 [main] INFO  fr.inria.jtravis.JTravis - GitHub ratelimit: Limit: 5000 Remaining: 4860 Reset hour: 19:32:36
16:51:40.760 [main] INFO  f.i.s.r.p.i.ProjectInspector - ----------------------------------------------------------------------
16:51:40.760 [main] INFO  f.i.s.r.p.i.ProjectInspector - PIPELINE STEPS
16:51:40.761 [main] INFO  f.i.s.r.p.i.ProjectInspector - ----------------------------------------------------------------------
16:51:40.761 [main] INFO  f.i.s.r.p.i.ProjectInspector - CloneRepository
16:51:40.761 [main] INFO  f.i.s.r.p.i.ProjectInspector - CheckoutPatchedBuildCandidate
16:51:40.761 [main] INFO  f.i.s.r.p.i.ProjectInspector - ComputeSourceDir
16:51:40.762 [main] INFO  f.i.s.r.p.i.ProjectInspector - ComputeTestDir
16:51:40.762 [main] INFO  f.i.s.r.p.i.ProjectInspector - CheckoutBuggyBuildCandidateSourceCode
16:51:40.762 [main] INFO  f.i.s.r.p.i.ProjectInspector - BuildProjectBuggyBuildCandidateSourceCode
16:51:40.762 [main] INFO  f.i.s.r.p.i.ProjectInspector - TestProjectBuggyBuildCandidateSourceCode
16:51:40.762 [main] INFO  f.i.s.r.p.i.ProjectInspector - GatherTestInformationBuggyBuildCandidateSourceCode
16:51:40.763 [main] INFO  f.i.s.r.p.i.ProjectInspector - CheckoutBuggyBuildTestCode
16:51:40.763 [main] INFO  f.i.s.r.p.i.ProjectInspector - InitRepoToPush
16:51:40.763 [main] INFO  f.i.s.r.p.i.ProjectInspector - ComputeClasspath
16:51:40.763 [main] INFO  f.i.s.r.p.i.ProjectInspector - ComputeModules
16:51:40.764 [main] INFO  f.i.s.r.p.i.ProjectInspector - CheckoutBuggyBuildCandidateSourceCode
16:51:40.764 [main] INFO  f.i.s.r.p.i.ProjectInspector - CommitChangedTests
16:51:40.764 [main] INFO  f.i.s.r.p.i.ProjectInspector - CheckoutPatchedBuildCandidate
16:51:40.764 [main] INFO  f.i.s.r.p.i.ProjectInspector - BuildProjectPatchedBuildCandidate
16:51:40.765 [main] INFO  f.i.s.r.p.i.ProjectInspector - TestProjectPatchedBuildCandidate
16:51:40.765 [main] INFO  f.i.s.r.p.i.ProjectInspector - GatherTestInformationPatchedBuildCandidate
16:51:40.765 [main] INFO  f.i.s.r.p.i.ProjectInspector - CommitPatch
16:51:40.766 [main] INFO  f.i.s.r.p.i.ProjectInspector - WritePropertyFile
16:51:40.766 [main] INFO  f.i.s.r.p.i.ProjectInspector - CommitProcessEnd
16:51:40.766 [main] INFO  f.i.s.r.p.i.ProjectInspector - PushProcessEnd
16:51:40.767 [main] DEBUG f.i.s.r.process.step.CloneRepository - ----------------------------------------------------------------------
16:51:40.767 [main] DEBUG f.i.s.r.process.step.CloneRepository - STEP 1/22: CloneRepository
16:51:40.767 [main] DEBUG f.i.s.r.process.step.CloneRepository - ----------------------------------------------------------------------
16:51:40.768 [main] DEBUG f.i.s.r.process.step.CloneRepository - Cloning repository B3Partners/brmo in the following directory: ./workspace/B3Partners/brmo/350742165
16:52:55.744 [main] DEBUG f.i.s.r.process.step.CloneRepository - STEP STATUS: [ CloneRepository : SUCCESS ]
16:52:55.745 [main] DEBUG f.i.s.r.process.step.CloneRepository - STEP DURATION: 74s
16:52:55.746 [main] DEBUG f.i.s.r.process.step.CloneRepository - EXECUTE NEXT STEP
16:52:55.746 [main] DEBUG f.i.s.r.p.s.c.CheckoutPatchedBuild - ----------------------------------------------------------------------
16:52:55.747 [main] DEBUG f.i.s.r.p.s.c.CheckoutPatchedBuild - STEP 2/22: CheckoutPatchedBuildCandidate
16:52:55.747 [main] DEBUG f.i.s.r.p.s.c.CheckoutPatchedBuild - ----------------------------------------------------------------------
16:52:55.747 [main] DEBUG f.i.s.r.p.s.c.CheckoutPatchedBuild - Checking out patched build candidate...
16:52:55.769 [main] ERROR f.i.s.r.p.s.c.CheckoutPatchedBuild - Error while testing commit: org.eclipse.jgit.errors.MissingObjectException: Missing unknown 35d986c49d65c2ecd345a0ea9c648bd56f3fab14
16:52:55.770 [main] ERROR f.i.s.r.p.s.c.CheckoutPatchedBuild - Error while getting the commit to checkout from the repo.
16:52:55.771 [main] DEBUG f.i.s.r.p.s.c.CheckoutPatchedBuild - STEP STATUS: [ CheckoutPatchedBuildCandidate : FAILURE ( BUILDNOTCHECKEDOUT ) ]
16:52:55.771 [main] DEBUG f.i.s.r.p.s.c.CheckoutPatchedBuild - STEP DURATION: 0s
16:52:55.771 [main] DEBUG f.i.s.r.p.s.c.CheckoutPatchedBuild - TERMINATE PIPELINE
16:52:55.772 [main] DEBUG f.i.s.r.p.s.c.CheckoutPatchedBuild - FINAL STEPS SKIPPED: The reproduction of the bug and/or the patch failed.
16:52:55.772 [main] INFO  f.i.s.r.p.s.c.CheckoutPatchedBuild - Serialize all data for the pair of builds 350742165, 350778216
16:52:56.109 [main] INFO  fr.inria.jtravis.JTravis - GitHub ratelimit: Limit: 5000 Remaining: 4859 Reset hour: 19:32:36
16:52:57.912 [main] INFO  f.i.s.r.p.i.ProjectInspector - ----------------------------------------------------------------------
16:52:57.912 [main] INFO  f.i.s.r.p.i.ProjectInspector - PIPELINE EXECUTION SUMMARY
16:52:57.912 [main] INFO  f.i.s.r.p.i.ProjectInspector - ----------------------------------------------------------------------
16:52:57.913 [main] INFO  f.i.s.r.p.i.ProjectInspector - CloneRepository.......................................SUCCESS [ 74 s ]
16:52:57.913 [main] INFO  f.i.s.r.p.i.ProjectInspector - CheckoutPatchedBuildCandidate.........................FAILURE [  0 s ]
16:52:57.913 [main] INFO  f.i.s.r.p.i.ProjectInspector - ComputeSourceDir......................................NOT RUN         
16:52:57.914 [main] INFO  f.i.s.r.p.i.ProjectInspector - ComputeTestDir........................................NOT RUN         
16:52:57.914 [main] INFO  f.i.s.r.p.i.ProjectInspector - CheckoutBuggyBuildCandidateSourceCode.................NOT RUN         
16:52:57.914 [main] INFO  f.i.s.r.p.i.ProjectInspector - BuildProjectBuggyBuildCandidateSourceCode.............NOT RUN         
16:52:57.915 [main] INFO  f.i.s.r.p.i.ProjectInspector - TestProjectBuggyBuildCandidateSourceCode..............NOT RUN         
16:52:57.915 [main] INFO  f.i.s.r.p.i.ProjectInspector - GatherTestInformationBuggyBuildCandidateSourceCode....NOT RUN         
16:52:57.915 [main] INFO  f.i.s.r.p.i.ProjectInspector - CheckoutBuggyBuildTestCode............................NOT RUN         
16:52:57.915 [main] INFO  f.i.s.r.p.i.ProjectInspector - InitRepoToPush........................................NOT RUN         
16:52:57.916 [main] INFO  f.i.s.r.p.i.ProjectInspector - ComputeClasspath......................................NOT RUN         
16:52:57.916 [main] INFO  f.i.s.r.p.i.ProjectInspector - ComputeModules........................................NOT RUN         
16:52:57.917 [main] INFO  f.i.s.r.p.i.ProjectInspector - CheckoutBuggyBuildCandidateSourceCode.................NOT RUN         
16:52:57.917 [main] INFO  f.i.s.r.p.i.ProjectInspector - CommitChangedTests....................................NOT RUN         
16:52:57.918 [main] INFO  f.i.s.r.p.i.ProjectInspector - CheckoutPatchedBuildCandidate.........................NOT RUN         
16:52:57.918 [main] INFO  f.i.s.r.p.i.ProjectInspector - BuildProjectPatchedBuildCandidate.....................NOT RUN         
16:52:57.918 [main] INFO  f.i.s.r.p.i.ProjectInspector - TestProjectPatchedBuildCandidate......................NOT RUN         
16:52:57.919 [main] INFO  f.i.s.r.p.i.ProjectInspector - GatherTestInformationPatchedBuildCandidate............NOT RUN         
16:52:57.919 [main] INFO  f.i.s.r.p.i.ProjectInspector - CommitPatch...........................................NOT RUN         
16:52:57.919 [main] INFO  f.i.s.r.p.i.ProjectInspector - WritePropertyFile.....................................NOT RUN         
16:52:57.920 [main] INFO  f.i.s.r.p.i.ProjectInspector - CommitProcessEnd......................................NOT RUN         
16:52:57.920 [main] INFO  f.i.s.r.p.i.ProjectInspector - PushProcessEnd........................................NOT RUN         
16:52:57.920 [main] INFO  f.i.s.r.p.i.ProjectInspector - ----------------------------------------------------------------------
16:52:57.921 [main] INFO  f.i.s.r.p.i.ProjectInspector - PIPELINE FINDING: BUILDNOTCHECKEDOUT
16:52:57.921 [main] INFO  f.i.s.r.p.i.ProjectInspector - ----------------------------------------------------------------------
16:52:57.921 [main] INFO  f.i.s.repairnator.pipeline.Launcher - Inspector is finished. The process will exit now.
