06:08:31.268 [main] INFO  f.i.s.repairnator.pipeline.Launcher - PIPELINE VERSION: 3.0-2018-08-09 19:04
06:08:31.388 [main] INFO  f.i.s.repairnator.pipeline.Launcher - The pipeline will try to reproduce a bug from build 350051595 and its corresponding patch from build 351479909
06:08:31.388 [main] INFO  f.i.s.repairnator.pipeline.Launcher - Initialize file serializer engines.
06:08:31.389 [main] INFO  f.i.s.repairnator.pipeline.Launcher - MongoDB won't be used for serialization.
06:08:31.390 [main] INFO  f.i.s.repairnator.pipeline.Launcher - The email notifier engine won't be used.
06:08:31.392 [main] INFO  f.i.s.repairnator.pipeline.Launcher - Start by getting the build (buildId: 350051595) with the following config: RepairnatorConfig{runId='4c745e6f-5453-4a37-b2b3-14647c2331ea_03-18-week2-PASSING_AND_PASSING', launcherMode=BEARS, serializeJson=true, inputPath='null', outputPath='/var/log', mongodbHost='null', mongodbName='repairnator', smtpServer='null', notifyTo=[], notifyEndProcess=false, push=true, pushRemoteRepo='https://github.com/fermadeiral/bears-collection-pp', fork=false, lookFromDate=null, lookToDate=null, buildId=350051595, z3solverPath='./z3_for_linux', workspacePath='./workspace', githubToken='c8a341a903[...]', dockerImageName='null', skipDelete=false, createOutputDir=false, logDirectory='null', nbThreads=0, globalTimeout=0, whiteList=null, blackList=null, jobSleepTime=0, buildSleepTime=0, maxInspectedBuilds=0, duration=null, humanPatch=false, repository='null', clean=true, bearsMode=BOTH, bearsDelimiter = false, repairTools=NopolAllTests,NPEFix,AssertFixer,AstorJGenProg,AstorJKali,NopolSingleTest,AstorJMut,NopolTestExclusionStrategy, githubUserName= fermadeiral, githubUserEmail=fer.madeiral@gmail.com}
06:08:32.526 [main] DEBUG fr.inria.jtravis.helpers.BuildHelper - Get request to :https://api.travis-ci.org/build/350051595 done after 725 ms
06:08:32.731 [main] DEBUG fr.inria.jtravis.helpers.BuildHelper - Get request to :https://api.travis-ci.org/build/351479909 done after 128 ms
06:08:32.761 [main] INFO  f.i.s.repairnator.pipeline.Launcher - The patched build (351479909) was successfully retrieved from Travis.
06:08:33.753 [main] INFO  fr.inria.jtravis.JTravis - GitHub ratelimit: Limit: 5000 Remaining: 4172 Reset hour: 19:31:55
06:08:33.963 [main] INFO  f.i.s.r.p.i.ProjectInspector - ----------------------------------------------------------------------
06:08:33.963 [main] INFO  f.i.s.r.p.i.ProjectInspector - PIPELINE STEPS
06:08:33.963 [main] INFO  f.i.s.r.p.i.ProjectInspector - ----------------------------------------------------------------------
06:08:33.963 [main] INFO  f.i.s.r.p.i.ProjectInspector - CloneRepository
06:08:33.964 [main] INFO  f.i.s.r.p.i.ProjectInspector - CheckoutPatchedBuildCandidate
06:08:33.964 [main] INFO  f.i.s.r.p.i.ProjectInspector - ComputeSourceDir
06:08:33.964 [main] INFO  f.i.s.r.p.i.ProjectInspector - ComputeTestDir
06:08:33.964 [main] INFO  f.i.s.r.p.i.ProjectInspector - CheckoutBuggyBuildCandidateSourceCode
06:08:33.964 [main] INFO  f.i.s.r.p.i.ProjectInspector - BuildProjectBuggyBuildCandidateSourceCode
06:08:33.964 [main] INFO  f.i.s.r.p.i.ProjectInspector - TestProjectBuggyBuildCandidateSourceCode
06:08:33.964 [main] INFO  f.i.s.r.p.i.ProjectInspector - GatherTestInformationBuggyBuildCandidateSourceCode
06:08:33.965 [main] INFO  f.i.s.r.p.i.ProjectInspector - CheckoutBuggyBuildTestCode
06:08:33.965 [main] INFO  f.i.s.r.p.i.ProjectInspector - InitRepoToPush
06:08:33.965 [main] INFO  f.i.s.r.p.i.ProjectInspector - ComputeClasspath
06:08:33.965 [main] INFO  f.i.s.r.p.i.ProjectInspector - ComputeModules
06:08:33.965 [main] INFO  f.i.s.r.p.i.ProjectInspector - CheckoutBuggyBuildCandidateSourceCode
06:08:33.965 [main] INFO  f.i.s.r.p.i.ProjectInspector - CommitChangedTests
06:08:33.965 [main] INFO  f.i.s.r.p.i.ProjectInspector - CheckoutPatchedBuildCandidate
06:08:33.966 [main] INFO  f.i.s.r.p.i.ProjectInspector - BuildProjectPatchedBuildCandidate
06:08:33.966 [main] INFO  f.i.s.r.p.i.ProjectInspector - TestProjectPatchedBuildCandidate
06:08:33.966 [main] INFO  f.i.s.r.p.i.ProjectInspector - GatherTestInformationPatchedBuildCandidate
06:08:33.966 [main] INFO  f.i.s.r.p.i.ProjectInspector - CommitPatch
06:08:33.966 [main] INFO  f.i.s.r.p.i.ProjectInspector - WritePropertyFile
06:08:33.966 [main] INFO  f.i.s.r.p.i.ProjectInspector - CommitProcessEnd
06:08:33.967 [main] INFO  f.i.s.r.p.i.ProjectInspector - PushProcessEnd
06:08:33.967 [main] DEBUG f.i.s.r.process.step.CloneRepository - ----------------------------------------------------------------------
06:08:33.967 [main] DEBUG f.i.s.r.process.step.CloneRepository - STEP 1/22: CloneRepository
06:08:33.967 [main] DEBUG f.i.s.r.process.step.CloneRepository - ----------------------------------------------------------------------
06:08:33.968 [main] DEBUG f.i.s.r.process.step.CloneRepository - Cloning repository CorfuDB/CorfuDB in the following directory: ./workspace/CorfuDB/CorfuDB/350051595
06:12:37.669 [main] DEBUG f.i.s.r.process.step.CloneRepository - STEP STATUS: [ CloneRepository : SUCCESS ]
06:12:37.669 [main] DEBUG f.i.s.r.process.step.CloneRepository - STEP DURATION: 243s
06:12:37.669 [main] DEBUG f.i.s.r.process.step.CloneRepository - EXECUTE NEXT STEP
06:12:37.670 [main] DEBUG f.i.s.r.p.s.c.CheckoutPatchedBuild - ----------------------------------------------------------------------
06:12:37.670 [main] DEBUG f.i.s.r.p.s.c.CheckoutPatchedBuild - STEP 2/22: CheckoutPatchedBuildCandidate
06:12:37.670 [main] DEBUG f.i.s.r.p.s.c.CheckoutPatchedBuild - ----------------------------------------------------------------------
06:12:37.670 [main] DEBUG f.i.s.r.p.s.c.CheckoutPatchedBuild - Checking out patched build candidate...
06:12:37.991 [main] INFO  fr.inria.jtravis.JTravis - GitHub ratelimit: Limit: 5000 Remaining: 4149 Reset hour: 19:31:55
06:12:40.212 [main] DEBUG f.i.s.r.p.s.c.CheckoutPatchedBuild - Reproduce the PR for CorfuDB/CorfuDB by fetching remote branch and merging.
06:12:41.084 [main] ERROR f.i.s.r.p.s.c.CheckoutPatchedBuild - Error while testing commit: org.eclipse.jgit.errors.MissingObjectException: Missing unknown b64df9ef88990a86394771a3caf6ebf5316246dc
06:12:41.085 [main] ERROR f.i.s.r.p.s.c.CheckoutPatchedBuild - Commit head ref cannot be retrieved from the repository: b64df9ef88990a86394771a3caf6ebf5316246dc. Operation aborted.
06:12:41.086 [main] ERROR f.i.s.r.p.s.c.CheckoutPatchedBuild - Error while merging two commits to reproduce the PR.
06:12:41.087 [main] DEBUG f.i.s.r.p.s.c.CheckoutPatchedBuild - STEP STATUS: [ CheckoutPatchedBuildCandidate : FAILURE ( BUILDNOTCHECKEDOUT ) ]
06:12:41.087 [main] DEBUG f.i.s.r.p.s.c.CheckoutPatchedBuild - STEP DURATION: 3s
06:12:41.087 [main] DEBUG f.i.s.r.p.s.c.CheckoutPatchedBuild - TERMINATE PIPELINE
06:12:41.087 [main] DEBUG f.i.s.r.p.s.c.CheckoutPatchedBuild - FINAL STEPS SKIPPED: The reproduction of the bug and/or the patch failed.
06:12:41.088 [main] INFO  f.i.s.r.p.s.c.CheckoutPatchedBuild - Serialize all data for the pair of builds 350051595, 351479909
06:12:41.200 [main] INFO  fr.inria.jtravis.JTravis - GitHub ratelimit: Limit: 5000 Remaining: 4142 Reset hour: 19:31:55
06:12:41.723 [main] INFO  f.i.s.r.p.i.ProjectInspector - ----------------------------------------------------------------------
06:12:41.724 [main] INFO  f.i.s.r.p.i.ProjectInspector - PIPELINE EXECUTION SUMMARY
06:12:41.724 [main] INFO  f.i.s.r.p.i.ProjectInspector - ----------------------------------------------------------------------
06:12:41.725 [main] INFO  f.i.s.r.p.i.ProjectInspector - CloneRepository......................................SUCCESS [ 243 s ]
06:12:41.725 [main] INFO  f.i.s.r.p.i.ProjectInspector - CheckoutPatchedBuildCandidate........................FAILURE [   3 s ]
06:12:41.725 [main] INFO  f.i.s.r.p.i.ProjectInspector - ComputeSourceDir.....................................NOT RUN          
06:12:41.725 [main] INFO  f.i.s.r.p.i.ProjectInspector - ComputeTestDir.......................................NOT RUN          
06:12:41.726 [main] INFO  f.i.s.r.p.i.ProjectInspector - CheckoutBuggyBuildCandidateSourceCode................NOT RUN          
06:12:41.726 [main] INFO  f.i.s.r.p.i.ProjectInspector - BuildProjectBuggyBuildCandidateSourceCode............NOT RUN          
06:12:41.726 [main] INFO  f.i.s.r.p.i.ProjectInspector - TestProjectBuggyBuildCandidateSourceCode.............NOT RUN          
06:12:41.726 [main] INFO  f.i.s.r.p.i.ProjectInspector - GatherTestInformationBuggyBuildCandidateSourceCode...NOT RUN          
06:12:41.726 [main] INFO  f.i.s.r.p.i.ProjectInspector - CheckoutBuggyBuildTestCode...........................NOT RUN          
06:12:41.726 [main] INFO  f.i.s.r.p.i.ProjectInspector - InitRepoToPush.......................................NOT RUN          
06:12:41.727 [main] INFO  f.i.s.r.p.i.ProjectInspector - ComputeClasspath.....................................NOT RUN          
06:12:41.727 [main] INFO  f.i.s.r.p.i.ProjectInspector - ComputeModules.......................................NOT RUN          
06:12:41.727 [main] INFO  f.i.s.r.p.i.ProjectInspector - CheckoutBuggyBuildCandidateSourceCode................NOT RUN          
06:12:41.727 [main] INFO  f.i.s.r.p.i.ProjectInspector - CommitChangedTests...................................NOT RUN          
06:12:41.727 [main] INFO  f.i.s.r.p.i.ProjectInspector - CheckoutPatchedBuildCandidate........................NOT RUN          
06:12:41.727 [main] INFO  f.i.s.r.p.i.ProjectInspector - BuildProjectPatchedBuildCandidate....................NOT RUN          
06:12:41.728 [main] INFO  f.i.s.r.p.i.ProjectInspector - TestProjectPatchedBuildCandidate.....................NOT RUN          
06:12:41.728 [main] INFO  f.i.s.r.p.i.ProjectInspector - GatherTestInformationPatchedBuildCandidate...........NOT RUN          
06:12:41.728 [main] INFO  f.i.s.r.p.i.ProjectInspector - CommitPatch..........................................NOT RUN          
06:12:41.728 [main] INFO  f.i.s.r.p.i.ProjectInspector - WritePropertyFile....................................NOT RUN          
06:12:41.728 [main] INFO  f.i.s.r.p.i.ProjectInspector - CommitProcessEnd.....................................NOT RUN          
06:12:41.728 [main] INFO  f.i.s.r.p.i.ProjectInspector - PushProcessEnd.......................................NOT RUN          
06:12:41.728 [main] INFO  f.i.s.r.p.i.ProjectInspector - ----------------------------------------------------------------------
06:12:41.729 [main] INFO  f.i.s.r.p.i.ProjectInspector - PIPELINE FINDING: BUILDNOTCHECKEDOUT
06:12:41.729 [main] INFO  f.i.s.r.p.i.ProjectInspector - ----------------------------------------------------------------------
06:12:41.729 [main] INFO  f.i.s.repairnator.pipeline.Launcher - Inspector is finished. The process will exit now.
