05:24:32.230 [main] INFO  f.i.s.repairnator.pipeline.Launcher - PIPELINE VERSION: 3.0-2018-08-09 19:04
05:24:32.355 [main] INFO  f.i.s.repairnator.pipeline.Launcher - The pipeline will try to reproduce a bug from build 352096076 and its corresponding patch from build 352096698
05:24:32.356 [main] INFO  f.i.s.repairnator.pipeline.Launcher - Initialize file serializer engines.
05:24:32.358 [main] INFO  f.i.s.repairnator.pipeline.Launcher - MongoDB won't be used for serialization.
05:24:32.358 [main] INFO  f.i.s.repairnator.pipeline.Launcher - The email notifier engine won't be used.
05:24:32.361 [main] INFO  f.i.s.repairnator.pipeline.Launcher - Start by getting the build (buildId: 352096076) with the following config: RepairnatorConfig{runId='4c745e6f-5453-4a37-b2b3-14647c2331ea_03-18-week2-PASSING_AND_PASSING', launcherMode=BEARS, serializeJson=true, inputPath='null', outputPath='/var/log', mongodbHost='null', mongodbName='repairnator', smtpServer='null', notifyTo=[], notifyEndProcess=false, push=true, pushRemoteRepo='https://github.com/fermadeiral/bears-collection-pp', fork=false, lookFromDate=null, lookToDate=null, buildId=352096076, z3solverPath='./z3_for_linux', workspacePath='./workspace', githubToken='c8a341a903[...]', dockerImageName='null', skipDelete=false, createOutputDir=false, logDirectory='null', nbThreads=0, globalTimeout=0, whiteList=null, blackList=null, jobSleepTime=0, buildSleepTime=0, maxInspectedBuilds=0, duration=null, humanPatch=false, repository='null', clean=true, bearsMode=BOTH, bearsDelimiter = false, repairTools=NopolAllTests,NPEFix,AssertFixer,AstorJGenProg,AstorJKali,NopolSingleTest,AstorJMut,NopolTestExclusionStrategy, githubUserName= fermadeiral, githubUserEmail=fer.madeiral@gmail.com}
05:24:33.638 [main] DEBUG fr.inria.jtravis.helpers.BuildHelper - Get request to :https://api.travis-ci.org/build/352096076 done after 754 ms
05:24:33.871 [main] DEBUG fr.inria.jtravis.helpers.BuildHelper - Get request to :https://api.travis-ci.org/build/352096698 done after 131 ms
05:24:33.881 [main] INFO  f.i.s.repairnator.pipeline.Launcher - The patched build (352096698) was successfully retrieved from Travis.
05:24:34.913 [main] INFO  fr.inria.jtravis.JTravis - GitHub ratelimit: Limit: 5000 Remaining: 4805 Reset hour: 19:31:55
05:24:35.181 [main] INFO  f.i.s.r.p.i.ProjectInspector - ----------------------------------------------------------------------
05:24:35.181 [main] INFO  f.i.s.r.p.i.ProjectInspector - PIPELINE STEPS
05:24:35.182 [main] INFO  f.i.s.r.p.i.ProjectInspector - ----------------------------------------------------------------------
05:24:35.182 [main] INFO  f.i.s.r.p.i.ProjectInspector - CloneRepository
05:24:35.182 [main] INFO  f.i.s.r.p.i.ProjectInspector - CheckoutPatchedBuildCandidate
05:24:35.183 [main] INFO  f.i.s.r.p.i.ProjectInspector - ComputeSourceDir
05:24:35.183 [main] INFO  f.i.s.r.p.i.ProjectInspector - ComputeTestDir
05:24:35.183 [main] INFO  f.i.s.r.p.i.ProjectInspector - CheckoutBuggyBuildCandidateSourceCode
05:24:35.183 [main] INFO  f.i.s.r.p.i.ProjectInspector - BuildProjectBuggyBuildCandidateSourceCode
05:24:35.184 [main] INFO  f.i.s.r.p.i.ProjectInspector - TestProjectBuggyBuildCandidateSourceCode
05:24:35.184 [main] INFO  f.i.s.r.p.i.ProjectInspector - GatherTestInformationBuggyBuildCandidateSourceCode
05:24:35.184 [main] INFO  f.i.s.r.p.i.ProjectInspector - CheckoutBuggyBuildTestCode
05:24:35.185 [main] INFO  f.i.s.r.p.i.ProjectInspector - InitRepoToPush
05:24:35.185 [main] INFO  f.i.s.r.p.i.ProjectInspector - ComputeClasspath
05:24:35.185 [main] INFO  f.i.s.r.p.i.ProjectInspector - ComputeModules
05:24:35.185 [main] INFO  f.i.s.r.p.i.ProjectInspector - CheckoutBuggyBuildCandidateSourceCode
05:24:35.186 [main] INFO  f.i.s.r.p.i.ProjectInspector - CommitChangedTests
05:24:35.186 [main] INFO  f.i.s.r.p.i.ProjectInspector - CheckoutPatchedBuildCandidate
05:24:35.186 [main] INFO  f.i.s.r.p.i.ProjectInspector - BuildProjectPatchedBuildCandidate
05:24:35.187 [main] INFO  f.i.s.r.p.i.ProjectInspector - TestProjectPatchedBuildCandidate
05:24:35.187 [main] INFO  f.i.s.r.p.i.ProjectInspector - GatherTestInformationPatchedBuildCandidate
05:24:35.187 [main] INFO  f.i.s.r.p.i.ProjectInspector - CommitPatch
05:24:35.188 [main] INFO  f.i.s.r.p.i.ProjectInspector - WritePropertyFile
05:24:35.188 [main] INFO  f.i.s.r.p.i.ProjectInspector - CommitProcessEnd
05:24:35.188 [main] INFO  f.i.s.r.p.i.ProjectInspector - PushProcessEnd
05:24:35.189 [main] DEBUG f.i.s.r.process.step.CloneRepository - ----------------------------------------------------------------------
05:24:35.189 [main] DEBUG f.i.s.r.process.step.CloneRepository - STEP 1/22: CloneRepository
05:24:35.189 [main] DEBUG f.i.s.r.process.step.CloneRepository - ----------------------------------------------------------------------
05:24:35.190 [main] DEBUG f.i.s.r.process.step.CloneRepository - Cloning repository runelite/runelite in the following directory: ./workspace/runelite/runelite/352096076
05:24:46.917 [main] DEBUG f.i.s.r.process.step.CloneRepository - STEP STATUS: [ CloneRepository : SUCCESS ]
05:24:46.918 [main] DEBUG f.i.s.r.process.step.CloneRepository - STEP DURATION: 11s
05:24:46.918 [main] DEBUG f.i.s.r.process.step.CloneRepository - EXECUTE NEXT STEP
05:24:46.918 [main] DEBUG f.i.s.r.p.s.c.CheckoutPatchedBuild - ----------------------------------------------------------------------
05:24:46.918 [main] DEBUG f.i.s.r.p.s.c.CheckoutPatchedBuild - STEP 2/22: CheckoutPatchedBuildCandidate
05:24:46.919 [main] DEBUG f.i.s.r.p.s.c.CheckoutPatchedBuild - ----------------------------------------------------------------------
05:24:46.919 [main] DEBUG f.i.s.r.p.s.c.CheckoutPatchedBuild - Checking out patched build candidate...
05:24:47.260 [main] INFO  fr.inria.jtravis.JTravis - GitHub ratelimit: Limit: 5000 Remaining: 4800 Reset hour: 19:31:55
05:24:49.260 [main] DEBUG f.i.s.r.p.s.c.CheckoutPatchedBuild - Reproduce the PR for runelite/runelite by fetching remote branch and merging.
05:24:50.936 [main] ERROR f.i.s.r.p.s.c.CheckoutPatchedBuild - Error while testing commit: org.eclipse.jgit.errors.MissingObjectException: Missing unknown eb6b375dede4b5438c43a27e4781c13f8545ca10
05:24:50.939 [main] ERROR f.i.s.r.p.s.c.CheckoutPatchedBuild - Error while testing commit: org.eclipse.jgit.errors.MissingObjectException: Missing unknown 4daa62cf1421debc3e266cd5e99bb14471dacc20
05:24:50.939 [main] ERROR f.i.s.r.p.s.c.CheckoutPatchedBuild - Commit head ref cannot be retrieved from the repository: eb6b375dede4b5438c43a27e4781c13f8545ca10. Operation aborted.
05:24:50.941 [main] ERROR f.i.s.r.p.s.c.CheckoutPatchedBuild - Error while merging two commits to reproduce the PR.
05:24:50.943 [main] DEBUG f.i.s.r.p.s.c.CheckoutPatchedBuild - STEP STATUS: [ CheckoutPatchedBuildCandidate : FAILURE ( BUILDNOTCHECKEDOUT ) ]
05:24:50.944 [main] DEBUG f.i.s.r.p.s.c.CheckoutPatchedBuild - STEP DURATION: 4s
05:24:50.944 [main] DEBUG f.i.s.r.p.s.c.CheckoutPatchedBuild - TERMINATE PIPELINE
05:24:50.945 [main] DEBUG f.i.s.r.p.s.c.CheckoutPatchedBuild - FINAL STEPS SKIPPED: The reproduction of the bug and/or the patch failed.
05:24:50.946 [main] INFO  f.i.s.r.p.s.c.CheckoutPatchedBuild - Serialize all data for the pair of builds 352096076, 352096698
05:24:51.081 [main] INFO  fr.inria.jtravis.JTravis - GitHub ratelimit: Limit: 5000 Remaining: 4793 Reset hour: 19:31:55
05:24:52.412 [main] INFO  f.i.s.r.p.i.ProjectInspector - ----------------------------------------------------------------------
05:24:52.412 [main] INFO  f.i.s.r.p.i.ProjectInspector - PIPELINE EXECUTION SUMMARY
05:24:52.412 [main] INFO  f.i.s.r.p.i.ProjectInspector - ----------------------------------------------------------------------
05:24:52.413 [main] INFO  f.i.s.r.p.i.ProjectInspector - CloneRepository.......................................SUCCESS [ 11 s ]
05:24:52.413 [main] INFO  f.i.s.r.p.i.ProjectInspector - CheckoutPatchedBuildCandidate.........................FAILURE [  4 s ]
05:24:52.413 [main] INFO  f.i.s.r.p.i.ProjectInspector - ComputeSourceDir......................................NOT RUN         
05:24:52.414 [main] INFO  f.i.s.r.p.i.ProjectInspector - ComputeTestDir........................................NOT RUN         
05:24:52.414 [main] INFO  f.i.s.r.p.i.ProjectInspector - CheckoutBuggyBuildCandidateSourceCode.................NOT RUN         
05:24:52.414 [main] INFO  f.i.s.r.p.i.ProjectInspector - BuildProjectBuggyBuildCandidateSourceCode.............NOT RUN         
05:24:52.415 [main] INFO  f.i.s.r.p.i.ProjectInspector - TestProjectBuggyBuildCandidateSourceCode..............NOT RUN         
05:24:52.415 [main] INFO  f.i.s.r.p.i.ProjectInspector - GatherTestInformationBuggyBuildCandidateSourceCode....NOT RUN         
05:24:52.415 [main] INFO  f.i.s.r.p.i.ProjectInspector - CheckoutBuggyBuildTestCode............................NOT RUN         
05:24:52.415 [main] INFO  f.i.s.r.p.i.ProjectInspector - InitRepoToPush........................................NOT RUN         
05:24:52.416 [main] INFO  f.i.s.r.p.i.ProjectInspector - ComputeClasspath......................................NOT RUN         
05:24:52.416 [main] INFO  f.i.s.r.p.i.ProjectInspector - ComputeModules........................................NOT RUN         
05:24:52.416 [main] INFO  f.i.s.r.p.i.ProjectInspector - CheckoutBuggyBuildCandidateSourceCode.................NOT RUN         
05:24:52.416 [main] INFO  f.i.s.r.p.i.ProjectInspector - CommitChangedTests....................................NOT RUN         
05:24:52.417 [main] INFO  f.i.s.r.p.i.ProjectInspector - CheckoutPatchedBuildCandidate.........................NOT RUN         
05:24:52.417 [main] INFO  f.i.s.r.p.i.ProjectInspector - BuildProjectPatchedBuildCandidate.....................NOT RUN         
05:24:52.417 [main] INFO  f.i.s.r.p.i.ProjectInspector - TestProjectPatchedBuildCandidate......................NOT RUN         
05:24:52.418 [main] INFO  f.i.s.r.p.i.ProjectInspector - GatherTestInformationPatchedBuildCandidate............NOT RUN         
05:24:52.418 [main] INFO  f.i.s.r.p.i.ProjectInspector - CommitPatch...........................................NOT RUN         
05:24:52.418 [main] INFO  f.i.s.r.p.i.ProjectInspector - WritePropertyFile.....................................NOT RUN         
05:24:52.418 [main] INFO  f.i.s.r.p.i.ProjectInspector - CommitProcessEnd......................................NOT RUN         
05:24:52.419 [main] INFO  f.i.s.r.p.i.ProjectInspector - PushProcessEnd........................................NOT RUN         
05:24:52.419 [main] INFO  f.i.s.r.p.i.ProjectInspector - ----------------------------------------------------------------------
05:24:52.419 [main] INFO  f.i.s.r.p.i.ProjectInspector - PIPELINE FINDING: BUILDNOTCHECKEDOUT
05:24:52.419 [main] INFO  f.i.s.r.p.i.ProjectInspector - ----------------------------------------------------------------------
05:24:52.419 [main] INFO  f.i.s.repairnator.pipeline.Launcher - Inspector is finished. The process will exit now.
