02:14:36.598 [main] INFO  f.i.s.repairnator.pipeline.Launcher - PIPELINE VERSION: 3.0-2018-08-09 19:04
02:14:36.725 [main] INFO  f.i.s.repairnator.pipeline.Launcher - The pipeline will try to reproduce a bug from build 351259365 and its corresponding patch from build 353056021
02:14:36.726 [main] INFO  f.i.s.repairnator.pipeline.Launcher - Initialize file serializer engines.
02:14:36.727 [main] INFO  f.i.s.repairnator.pipeline.Launcher - MongoDB won't be used for serialization.
02:14:36.728 [main] INFO  f.i.s.repairnator.pipeline.Launcher - The email notifier engine won't be used.
02:14:36.731 [main] INFO  f.i.s.repairnator.pipeline.Launcher - Start by getting the build (buildId: 351259365) with the following config: RepairnatorConfig{runId='4c745e6f-5453-4a37-b2b3-14647c2331ea_03-18-week2-PASSING_AND_PASSING', launcherMode=BEARS, serializeJson=true, inputPath='null', outputPath='/var/log', mongodbHost='null', mongodbName='repairnator', smtpServer='null', notifyTo=[], notifyEndProcess=false, push=true, pushRemoteRepo='https://github.com/fermadeiral/bears-collection-pp', fork=false, lookFromDate=null, lookToDate=null, buildId=351259365, z3solverPath='./z3_for_linux', workspacePath='./workspace', githubToken='c8a341a903[...]', dockerImageName='null', skipDelete=false, createOutputDir=false, logDirectory='null', nbThreads=0, globalTimeout=0, whiteList=null, blackList=null, jobSleepTime=0, buildSleepTime=0, maxInspectedBuilds=0, duration=null, humanPatch=false, repository='null', clean=true, bearsMode=BOTH, bearsDelimiter = false, repairTools=NopolAllTests,NPEFix,AssertFixer,AstorJGenProg,AstorJKali,NopolSingleTest,AstorJMut,NopolTestExclusionStrategy, githubUserName= fermadeiral, githubUserEmail=fer.madeiral@gmail.com}
02:14:37.947 [main] DEBUG fr.inria.jtravis.helpers.BuildHelper - Get request to :https://api.travis-ci.org/build/351259365 done after 784 ms
02:14:38.172 [main] DEBUG fr.inria.jtravis.helpers.BuildHelper - Get request to :https://api.travis-ci.org/build/353056021 done after 131 ms
02:14:38.185 [main] INFO  f.i.s.repairnator.pipeline.Launcher - The patched build (353056021) was successfully retrieved from Travis.
02:14:39.207 [main] INFO  fr.inria.jtravis.JTravis - GitHub ratelimit: Limit: 5000 Remaining: 4635 Reset hour: 19:31:43
02:14:39.502 [main] INFO  f.i.s.r.p.i.ProjectInspector - ----------------------------------------------------------------------
02:14:39.502 [main] INFO  f.i.s.r.p.i.ProjectInspector - PIPELINE STEPS
02:14:39.503 [main] INFO  f.i.s.r.p.i.ProjectInspector - ----------------------------------------------------------------------
02:14:39.503 [main] INFO  f.i.s.r.p.i.ProjectInspector - CloneRepository
02:14:39.503 [main] INFO  f.i.s.r.p.i.ProjectInspector - CheckoutPatchedBuildCandidate
02:14:39.504 [main] INFO  f.i.s.r.p.i.ProjectInspector - ComputeSourceDir
02:14:39.504 [main] INFO  f.i.s.r.p.i.ProjectInspector - ComputeTestDir
02:14:39.504 [main] INFO  f.i.s.r.p.i.ProjectInspector - CheckoutBuggyBuildCandidateSourceCode
02:14:39.504 [main] INFO  f.i.s.r.p.i.ProjectInspector - BuildProjectBuggyBuildCandidateSourceCode
02:14:39.504 [main] INFO  f.i.s.r.p.i.ProjectInspector - TestProjectBuggyBuildCandidateSourceCode
02:14:39.505 [main] INFO  f.i.s.r.p.i.ProjectInspector - GatherTestInformationBuggyBuildCandidateSourceCode
02:14:39.505 [main] INFO  f.i.s.r.p.i.ProjectInspector - CheckoutBuggyBuildTestCode
02:14:39.505 [main] INFO  f.i.s.r.p.i.ProjectInspector - InitRepoToPush
02:14:39.505 [main] INFO  f.i.s.r.p.i.ProjectInspector - ComputeClasspath
02:14:39.506 [main] INFO  f.i.s.r.p.i.ProjectInspector - ComputeModules
02:14:39.506 [main] INFO  f.i.s.r.p.i.ProjectInspector - CheckoutBuggyBuildCandidateSourceCode
02:14:39.506 [main] INFO  f.i.s.r.p.i.ProjectInspector - CommitChangedTests
02:14:39.506 [main] INFO  f.i.s.r.p.i.ProjectInspector - CheckoutPatchedBuildCandidate
02:14:39.506 [main] INFO  f.i.s.r.p.i.ProjectInspector - BuildProjectPatchedBuildCandidate
02:14:39.507 [main] INFO  f.i.s.r.p.i.ProjectInspector - TestProjectPatchedBuildCandidate
02:14:39.507 [main] INFO  f.i.s.r.p.i.ProjectInspector - GatherTestInformationPatchedBuildCandidate
02:14:39.507 [main] INFO  f.i.s.r.p.i.ProjectInspector - CommitPatch
02:14:39.507 [main] INFO  f.i.s.r.p.i.ProjectInspector - WritePropertyFile
02:14:39.508 [main] INFO  f.i.s.r.p.i.ProjectInspector - CommitProcessEnd
02:14:39.508 [main] INFO  f.i.s.r.p.i.ProjectInspector - PushProcessEnd
02:14:39.508 [main] DEBUG f.i.s.r.process.step.CloneRepository - ----------------------------------------------------------------------
02:14:39.509 [main] DEBUG f.i.s.r.process.step.CloneRepository - STEP 1/22: CloneRepository
02:14:39.509 [main] DEBUG f.i.s.r.process.step.CloneRepository - ----------------------------------------------------------------------
02:14:39.509 [main] DEBUG f.i.s.r.process.step.CloneRepository - Cloning repository apache/incubator-druid in the following directory: ./workspace/apache/incubator-druid/351259365
02:15:18.869 [main] DEBUG f.i.s.r.process.step.CloneRepository - STEP STATUS: [ CloneRepository : SUCCESS ]
02:15:18.869 [main] DEBUG f.i.s.r.process.step.CloneRepository - STEP DURATION: 39s
02:15:18.870 [main] DEBUG f.i.s.r.process.step.CloneRepository - EXECUTE NEXT STEP
02:15:18.870 [main] DEBUG f.i.s.r.p.s.c.CheckoutPatchedBuild - ----------------------------------------------------------------------
02:15:18.870 [main] DEBUG f.i.s.r.p.s.c.CheckoutPatchedBuild - STEP 2/22: CheckoutPatchedBuildCandidate
02:15:18.870 [main] DEBUG f.i.s.r.p.s.c.CheckoutPatchedBuild - ----------------------------------------------------------------------
02:15:18.871 [main] DEBUG f.i.s.r.p.s.c.CheckoutPatchedBuild - Checking out patched build candidate...
02:15:19.180 [main] INFO  fr.inria.jtravis.JTravis - GitHub ratelimit: Limit: 5000 Remaining: 4609 Reset hour: 19:31:43
02:15:23.181 [main] DEBUG f.i.s.r.p.s.c.CheckoutPatchedBuild - Reproduce the PR for apache/incubator-druid by fetching remote branch and merging.
02:15:32.025 [main] ERROR f.i.s.r.p.s.c.CheckoutPatchedBuild - Error while testing commit: org.eclipse.jgit.errors.MissingObjectException: Missing unknown 5b667cee7cee43bd1834a70ec6c103481e42bf19
02:15:32.027 [main] ERROR f.i.s.r.p.s.c.CheckoutPatchedBuild - Commit head ref cannot be retrieved from the repository: 5b667cee7cee43bd1834a70ec6c103481e42bf19. Operation aborted.
02:15:32.027 [main] ERROR f.i.s.r.p.s.c.CheckoutPatchedBuild - Error while merging two commits to reproduce the PR.
02:15:32.028 [main] DEBUG f.i.s.r.p.s.c.CheckoutPatchedBuild - STEP STATUS: [ CheckoutPatchedBuildCandidate : FAILURE ( BUILDNOTCHECKEDOUT ) ]
02:15:32.029 [main] DEBUG f.i.s.r.p.s.c.CheckoutPatchedBuild - STEP DURATION: 13s
02:15:32.029 [main] DEBUG f.i.s.r.p.s.c.CheckoutPatchedBuild - TERMINATE PIPELINE
02:15:32.031 [main] DEBUG f.i.s.r.p.s.c.CheckoutPatchedBuild - FINAL STEPS SKIPPED: The reproduction of the bug and/or the patch failed.
02:15:32.031 [main] INFO  f.i.s.r.p.s.c.CheckoutPatchedBuild - Serialize all data for the pair of builds 351259365, 353056021
02:15:32.325 [main] INFO  fr.inria.jtravis.JTravis - GitHub ratelimit: Limit: 5000 Remaining: 4602 Reset hour: 19:31:43
02:15:33.853 [main] INFO  f.i.s.r.p.i.ProjectInspector - ----------------------------------------------------------------------
02:15:33.853 [main] INFO  f.i.s.r.p.i.ProjectInspector - PIPELINE EXECUTION SUMMARY
02:15:33.853 [main] INFO  f.i.s.r.p.i.ProjectInspector - ----------------------------------------------------------------------
02:15:33.853 [main] INFO  f.i.s.r.p.i.ProjectInspector - CloneRepository.......................................SUCCESS [ 39 s ]
02:15:33.854 [main] INFO  f.i.s.r.p.i.ProjectInspector - CheckoutPatchedBuildCandidate.........................FAILURE [ 13 s ]
02:15:33.854 [main] INFO  f.i.s.r.p.i.ProjectInspector - ComputeSourceDir......................................NOT RUN         
02:15:33.854 [main] INFO  f.i.s.r.p.i.ProjectInspector - ComputeTestDir........................................NOT RUN         
02:15:33.855 [main] INFO  f.i.s.r.p.i.ProjectInspector - CheckoutBuggyBuildCandidateSourceCode.................NOT RUN         
02:15:33.855 [main] INFO  f.i.s.r.p.i.ProjectInspector - BuildProjectBuggyBuildCandidateSourceCode.............NOT RUN         
02:15:33.856 [main] INFO  f.i.s.r.p.i.ProjectInspector - TestProjectBuggyBuildCandidateSourceCode..............NOT RUN         
02:15:33.856 [main] INFO  f.i.s.r.p.i.ProjectInspector - GatherTestInformationBuggyBuildCandidateSourceCode....NOT RUN         
02:15:33.856 [main] INFO  f.i.s.r.p.i.ProjectInspector - CheckoutBuggyBuildTestCode............................NOT RUN         
02:15:33.856 [main] INFO  f.i.s.r.p.i.ProjectInspector - InitRepoToPush........................................NOT RUN         
02:15:33.856 [main] INFO  f.i.s.r.p.i.ProjectInspector - ComputeClasspath......................................NOT RUN         
02:15:33.856 [main] INFO  f.i.s.r.p.i.ProjectInspector - ComputeModules........................................NOT RUN         
02:15:33.856 [main] INFO  f.i.s.r.p.i.ProjectInspector - CheckoutBuggyBuildCandidateSourceCode.................NOT RUN         
02:15:33.857 [main] INFO  f.i.s.r.p.i.ProjectInspector - CommitChangedTests....................................NOT RUN         
02:15:33.857 [main] INFO  f.i.s.r.p.i.ProjectInspector - CheckoutPatchedBuildCandidate.........................NOT RUN         
02:15:33.857 [main] INFO  f.i.s.r.p.i.ProjectInspector - BuildProjectPatchedBuildCandidate.....................NOT RUN         
02:15:33.857 [main] INFO  f.i.s.r.p.i.ProjectInspector - TestProjectPatchedBuildCandidate......................NOT RUN         
02:15:33.857 [main] INFO  f.i.s.r.p.i.ProjectInspector - GatherTestInformationPatchedBuildCandidate............NOT RUN         
02:15:33.857 [main] INFO  f.i.s.r.p.i.ProjectInspector - CommitPatch...........................................NOT RUN         
02:15:33.857 [main] INFO  f.i.s.r.p.i.ProjectInspector - WritePropertyFile.....................................NOT RUN         
02:15:33.857 [main] INFO  f.i.s.r.p.i.ProjectInspector - CommitProcessEnd......................................NOT RUN         
02:15:33.858 [main] INFO  f.i.s.r.p.i.ProjectInspector - PushProcessEnd........................................NOT RUN         
02:15:33.858 [main] INFO  f.i.s.r.p.i.ProjectInspector - ----------------------------------------------------------------------
02:15:33.858 [main] INFO  f.i.s.r.p.i.ProjectInspector - PIPELINE FINDING: BUILDNOTCHECKEDOUT
02:15:33.858 [main] INFO  f.i.s.r.p.i.ProjectInspector - ----------------------------------------------------------------------
02:15:33.858 [main] INFO  f.i.s.repairnator.pipeline.Launcher - Inspector is finished. The process will exit now.
