05:24:06.877 [main] INFO  f.i.s.repairnator.pipeline.Launcher - PIPELINE VERSION: 3.0-2018-08-09 19:04
05:24:07.125 [main] INFO  f.i.s.repairnator.pipeline.Launcher - The pipeline will try to reproduce a bug from build 350144029 and its corresponding patch from build 352116634
05:24:07.126 [main] INFO  f.i.s.repairnator.pipeline.Launcher - Initialize file serializer engines.
05:24:07.128 [main] INFO  f.i.s.repairnator.pipeline.Launcher - MongoDB won't be used for serialization.
05:24:07.128 [main] INFO  f.i.s.repairnator.pipeline.Launcher - The email notifier engine won't be used.
05:24:07.132 [main] INFO  f.i.s.repairnator.pipeline.Launcher - Start by getting the build (buildId: 350144029) with the following config: RepairnatorConfig{runId='4c745e6f-5453-4a37-b2b3-14647c2331ea_03-18-week2-PASSING_AND_PASSING', launcherMode=BEARS, serializeJson=true, inputPath='null', outputPath='/var/log', mongodbHost='null', mongodbName='repairnator', smtpServer='null', notifyTo=[], notifyEndProcess=false, push=true, pushRemoteRepo='https://github.com/fermadeiral/bears-collection-pp', fork=false, lookFromDate=null, lookToDate=null, buildId=350144029, z3solverPath='./z3_for_linux', workspacePath='./workspace', githubToken='c8a341a903[...]', dockerImageName='null', skipDelete=false, createOutputDir=false, logDirectory='null', nbThreads=0, globalTimeout=0, whiteList=null, blackList=null, jobSleepTime=0, buildSleepTime=0, maxInspectedBuilds=0, duration=null, humanPatch=false, repository='null', clean=true, bearsMode=BOTH, bearsDelimiter = false, repairTools=NopolAllTests,NPEFix,AssertFixer,AstorJGenProg,AstorJKali,NopolSingleTest,AstorJMut,NopolTestExclusionStrategy, githubUserName= fermadeiral, githubUserEmail=fer.madeiral@gmail.com}
05:24:08.977 [main] DEBUG fr.inria.jtravis.helpers.BuildHelper - Get request to :https://api.travis-ci.org/build/350144029 done after 1160 ms
05:24:09.283 [main] DEBUG fr.inria.jtravis.helpers.BuildHelper - Get request to :https://api.travis-ci.org/build/352116634 done after 136 ms
05:24:09.307 [main] INFO  f.i.s.repairnator.pipeline.Launcher - The patched build (352116634) was successfully retrieved from Travis.
05:24:11.347 [main] INFO  fr.inria.jtravis.JTravis - GitHub ratelimit: Limit: 5000 Remaining: 4820 Reset hour: 19:31:55
05:24:11.666 [main] INFO  f.i.s.r.p.i.ProjectInspector - ----------------------------------------------------------------------
05:24:11.667 [main] INFO  f.i.s.r.p.i.ProjectInspector - PIPELINE STEPS
05:24:11.667 [main] INFO  f.i.s.r.p.i.ProjectInspector - ----------------------------------------------------------------------
05:24:11.667 [main] INFO  f.i.s.r.p.i.ProjectInspector - CloneRepository
05:24:11.668 [main] INFO  f.i.s.r.p.i.ProjectInspector - CheckoutPatchedBuildCandidate
05:24:11.668 [main] INFO  f.i.s.r.p.i.ProjectInspector - ComputeSourceDir
05:24:11.668 [main] INFO  f.i.s.r.p.i.ProjectInspector - ComputeTestDir
05:24:11.668 [main] INFO  f.i.s.r.p.i.ProjectInspector - CheckoutBuggyBuildCandidateSourceCode
05:24:11.669 [main] INFO  f.i.s.r.p.i.ProjectInspector - BuildProjectBuggyBuildCandidateSourceCode
05:24:11.669 [main] INFO  f.i.s.r.p.i.ProjectInspector - TestProjectBuggyBuildCandidateSourceCode
05:24:11.669 [main] INFO  f.i.s.r.p.i.ProjectInspector - GatherTestInformationBuggyBuildCandidateSourceCode
05:24:11.669 [main] INFO  f.i.s.r.p.i.ProjectInspector - CheckoutBuggyBuildTestCode
05:24:11.669 [main] INFO  f.i.s.r.p.i.ProjectInspector - InitRepoToPush
05:24:11.670 [main] INFO  f.i.s.r.p.i.ProjectInspector - ComputeClasspath
05:24:11.670 [main] INFO  f.i.s.r.p.i.ProjectInspector - ComputeModules
05:24:11.670 [main] INFO  f.i.s.r.p.i.ProjectInspector - CheckoutBuggyBuildCandidateSourceCode
05:24:11.670 [main] INFO  f.i.s.r.p.i.ProjectInspector - CommitChangedTests
05:24:11.671 [main] INFO  f.i.s.r.p.i.ProjectInspector - CheckoutPatchedBuildCandidate
05:24:11.671 [main] INFO  f.i.s.r.p.i.ProjectInspector - BuildProjectPatchedBuildCandidate
05:24:11.671 [main] INFO  f.i.s.r.p.i.ProjectInspector - TestProjectPatchedBuildCandidate
05:24:11.672 [main] INFO  f.i.s.r.p.i.ProjectInspector - GatherTestInformationPatchedBuildCandidate
05:24:11.672 [main] INFO  f.i.s.r.p.i.ProjectInspector - CommitPatch
05:24:11.672 [main] INFO  f.i.s.r.p.i.ProjectInspector - WritePropertyFile
05:24:11.672 [main] INFO  f.i.s.r.p.i.ProjectInspector - CommitProcessEnd
05:24:11.673 [main] INFO  f.i.s.r.p.i.ProjectInspector - PushProcessEnd
05:24:11.673 [main] DEBUG f.i.s.r.process.step.CloneRepository - ----------------------------------------------------------------------
05:24:11.673 [main] DEBUG f.i.s.r.process.step.CloneRepository - STEP 1/22: CloneRepository
05:24:11.674 [main] DEBUG f.i.s.r.process.step.CloneRepository - ----------------------------------------------------------------------
05:24:11.674 [main] DEBUG f.i.s.r.process.step.CloneRepository - Cloning repository runelite/runelite in the following directory: ./workspace/runelite/runelite/350144029
05:24:23.201 [main] DEBUG f.i.s.r.process.step.CloneRepository - STEP STATUS: [ CloneRepository : SUCCESS ]
05:24:23.201 [main] DEBUG f.i.s.r.process.step.CloneRepository - STEP DURATION: 11s
05:24:23.202 [main] DEBUG f.i.s.r.process.step.CloneRepository - EXECUTE NEXT STEP
05:24:23.202 [main] DEBUG f.i.s.r.p.s.c.CheckoutPatchedBuild - ----------------------------------------------------------------------
05:24:23.202 [main] DEBUG f.i.s.r.p.s.c.CheckoutPatchedBuild - STEP 2/22: CheckoutPatchedBuildCandidate
05:24:23.202 [main] DEBUG f.i.s.r.p.s.c.CheckoutPatchedBuild - ----------------------------------------------------------------------
05:24:23.202 [main] DEBUG f.i.s.r.p.s.c.CheckoutPatchedBuild - Checking out patched build candidate...
05:24:23.551 [main] INFO  fr.inria.jtravis.JTravis - GitHub ratelimit: Limit: 5000 Remaining: 4817 Reset hour: 19:31:55
05:24:25.413 [main] DEBUG f.i.s.r.p.s.c.CheckoutPatchedBuild - Reproduce the PR for runelite/runelite by fetching remote branch and merging.
05:24:35.708 [main] ERROR f.i.s.r.p.s.c.CheckoutPatchedBuild - Error while testing commit: org.eclipse.jgit.errors.MissingObjectException: Missing unknown 98f393f17a121298d1987b823e24010919b37a63
05:24:35.709 [main] ERROR f.i.s.r.p.s.c.CheckoutPatchedBuild - Error while testing commit: org.eclipse.jgit.errors.MissingObjectException: Missing unknown 4daa62cf1421debc3e266cd5e99bb14471dacc20
05:24:35.710 [main] ERROR f.i.s.r.p.s.c.CheckoutPatchedBuild - Commit head ref cannot be retrieved from the repository: 98f393f17a121298d1987b823e24010919b37a63. Operation aborted.
05:24:35.710 [main] ERROR f.i.s.r.p.s.c.CheckoutPatchedBuild - Error while merging two commits to reproduce the PR.
05:24:35.711 [main] DEBUG f.i.s.r.p.s.c.CheckoutPatchedBuild - STEP STATUS: [ CheckoutPatchedBuildCandidate : FAILURE ( BUILDNOTCHECKEDOUT ) ]
05:24:35.711 [main] DEBUG f.i.s.r.p.s.c.CheckoutPatchedBuild - STEP DURATION: 12s
05:24:35.712 [main] DEBUG f.i.s.r.p.s.c.CheckoutPatchedBuild - TERMINATE PIPELINE
05:24:35.712 [main] DEBUG f.i.s.r.p.s.c.CheckoutPatchedBuild - FINAL STEPS SKIPPED: The reproduction of the bug and/or the patch failed.
05:24:35.713 [main] INFO  f.i.s.r.p.s.c.CheckoutPatchedBuild - Serialize all data for the pair of builds 350144029, 352116634
05:24:36.018 [main] INFO  fr.inria.jtravis.JTravis - GitHub ratelimit: Limit: 5000 Remaining: 4804 Reset hour: 19:31:55
05:24:36.800 [main] INFO  f.i.s.r.p.i.ProjectInspector - ----------------------------------------------------------------------
05:24:36.800 [main] INFO  f.i.s.r.p.i.ProjectInspector - PIPELINE EXECUTION SUMMARY
05:24:36.800 [main] INFO  f.i.s.r.p.i.ProjectInspector - ----------------------------------------------------------------------
05:24:36.801 [main] INFO  f.i.s.r.p.i.ProjectInspector - CloneRepository.......................................SUCCESS [ 11 s ]
05:24:36.801 [main] INFO  f.i.s.r.p.i.ProjectInspector - CheckoutPatchedBuildCandidate.........................FAILURE [ 12 s ]
05:24:36.802 [main] INFO  f.i.s.r.p.i.ProjectInspector - ComputeSourceDir......................................NOT RUN         
05:24:36.806 [main] INFO  f.i.s.r.p.i.ProjectInspector - ComputeTestDir........................................NOT RUN         
05:24:36.807 [main] INFO  f.i.s.r.p.i.ProjectInspector - CheckoutBuggyBuildCandidateSourceCode.................NOT RUN         
05:24:36.807 [main] INFO  f.i.s.r.p.i.ProjectInspector - BuildProjectBuggyBuildCandidateSourceCode.............NOT RUN         
05:24:36.807 [main] INFO  f.i.s.r.p.i.ProjectInspector - TestProjectBuggyBuildCandidateSourceCode..............NOT RUN         
05:24:36.808 [main] INFO  f.i.s.r.p.i.ProjectInspector - GatherTestInformationBuggyBuildCandidateSourceCode....NOT RUN         
05:24:36.808 [main] INFO  f.i.s.r.p.i.ProjectInspector - CheckoutBuggyBuildTestCode............................NOT RUN         
05:24:36.809 [main] INFO  f.i.s.r.p.i.ProjectInspector - InitRepoToPush........................................NOT RUN         
05:24:36.809 [main] INFO  f.i.s.r.p.i.ProjectInspector - ComputeClasspath......................................NOT RUN         
05:24:36.809 [main] INFO  f.i.s.r.p.i.ProjectInspector - ComputeModules........................................NOT RUN         
05:24:36.810 [main] INFO  f.i.s.r.p.i.ProjectInspector - CheckoutBuggyBuildCandidateSourceCode.................NOT RUN         
05:24:36.810 [main] INFO  f.i.s.r.p.i.ProjectInspector - CommitChangedTests....................................NOT RUN         
05:24:36.811 [main] INFO  f.i.s.r.p.i.ProjectInspector - CheckoutPatchedBuildCandidate.........................NOT RUN         
05:24:36.811 [main] INFO  f.i.s.r.p.i.ProjectInspector - BuildProjectPatchedBuildCandidate.....................NOT RUN         
05:24:36.811 [main] INFO  f.i.s.r.p.i.ProjectInspector - TestProjectPatchedBuildCandidate......................NOT RUN         
05:24:36.812 [main] INFO  f.i.s.r.p.i.ProjectInspector - GatherTestInformationPatchedBuildCandidate............NOT RUN         
05:24:36.812 [main] INFO  f.i.s.r.p.i.ProjectInspector - CommitPatch...........................................NOT RUN         
05:24:36.812 [main] INFO  f.i.s.r.p.i.ProjectInspector - WritePropertyFile.....................................NOT RUN         
05:24:36.813 [main] INFO  f.i.s.r.p.i.ProjectInspector - CommitProcessEnd......................................NOT RUN         
05:24:36.813 [main] INFO  f.i.s.r.p.i.ProjectInspector - PushProcessEnd........................................NOT RUN         
05:24:36.814 [main] INFO  f.i.s.r.p.i.ProjectInspector - ----------------------------------------------------------------------
05:24:36.814 [main] INFO  f.i.s.r.p.i.ProjectInspector - PIPELINE FINDING: BUILDNOTCHECKEDOUT
05:24:36.815 [main] INFO  f.i.s.r.p.i.ProjectInspector - ----------------------------------------------------------------------
05:24:36.815 [main] INFO  f.i.s.repairnator.pipeline.Launcher - Inspector is finished. The process will exit now.
