05:30:46.724 [main] INFO  f.i.s.repairnator.pipeline.Launcher - PIPELINE VERSION: 3.0-2018-08-09 19:04
05:30:46.953 [main] INFO  f.i.s.repairnator.pipeline.Launcher - The pipeline will try to reproduce a bug from build 351197567 and its corresponding patch from build 351537467
05:30:46.953 [main] INFO  f.i.s.repairnator.pipeline.Launcher - Initialize file serializer engines.
05:30:46.956 [main] INFO  f.i.s.repairnator.pipeline.Launcher - MongoDB won't be used for serialization.
05:30:46.956 [main] INFO  f.i.s.repairnator.pipeline.Launcher - The email notifier engine won't be used.
05:30:46.961 [main] INFO  f.i.s.repairnator.pipeline.Launcher - Start by getting the build (buildId: 351197567) with the following config: RepairnatorConfig{runId='4c745e6f-5453-4a37-b2b3-14647c2331ea_03-18-week2-PASSING_AND_PASSING', launcherMode=BEARS, serializeJson=true, inputPath='null', outputPath='/var/log', mongodbHost='null', mongodbName='repairnator', smtpServer='null', notifyTo=[], notifyEndProcess=false, push=true, pushRemoteRepo='https://github.com/fermadeiral/bears-collection-pp', fork=false, lookFromDate=null, lookToDate=null, buildId=351197567, z3solverPath='./z3_for_linux', workspacePath='./workspace', githubToken='c8a341a903[...]', dockerImageName='null', skipDelete=false, createOutputDir=false, logDirectory='null', nbThreads=0, globalTimeout=0, whiteList=null, blackList=null, jobSleepTime=0, buildSleepTime=0, maxInspectedBuilds=0, duration=null, humanPatch=false, repository='null', clean=true, bearsMode=BOTH, bearsDelimiter = false, repairTools=NopolAllTests,NPEFix,AssertFixer,AstorJGenProg,AstorJKali,NopolSingleTest,AstorJMut,NopolTestExclusionStrategy, githubUserName= fermadeiral, githubUserEmail=fer.madeiral@gmail.com}
05:30:48.458 [main] DEBUG fr.inria.jtravis.helpers.BuildHelper - Get request to :https://api.travis-ci.org/build/351197567 done after 836 ms
05:30:48.701 [main] DEBUG fr.inria.jtravis.helpers.BuildHelper - Get request to :https://api.travis-ci.org/build/351537467 done after 151 ms
05:30:48.711 [main] INFO  f.i.s.repairnator.pipeline.Launcher - The patched build (351537467) was successfully retrieved from Travis.
05:30:49.913 [main] INFO  fr.inria.jtravis.JTravis - GitHub ratelimit: Limit: 5000 Remaining: 4539 Reset hour: 19:31:55
05:30:50.149 [main] INFO  f.i.s.r.p.i.ProjectInspector - ----------------------------------------------------------------------
05:30:50.149 [main] INFO  f.i.s.r.p.i.ProjectInspector - PIPELINE STEPS
05:30:50.149 [main] INFO  f.i.s.r.p.i.ProjectInspector - ----------------------------------------------------------------------
05:30:50.150 [main] INFO  f.i.s.r.p.i.ProjectInspector - CloneRepository
05:30:50.150 [main] INFO  f.i.s.r.p.i.ProjectInspector - CheckoutPatchedBuildCandidate
05:30:50.150 [main] INFO  f.i.s.r.p.i.ProjectInspector - ComputeSourceDir
05:30:50.150 [main] INFO  f.i.s.r.p.i.ProjectInspector - ComputeTestDir
05:30:50.150 [main] INFO  f.i.s.r.p.i.ProjectInspector - CheckoutBuggyBuildCandidateSourceCode
05:30:50.150 [main] INFO  f.i.s.r.p.i.ProjectInspector - BuildProjectBuggyBuildCandidateSourceCode
05:30:50.150 [main] INFO  f.i.s.r.p.i.ProjectInspector - TestProjectBuggyBuildCandidateSourceCode
05:30:50.150 [main] INFO  f.i.s.r.p.i.ProjectInspector - GatherTestInformationBuggyBuildCandidateSourceCode
05:30:50.151 [main] INFO  f.i.s.r.p.i.ProjectInspector - CheckoutBuggyBuildTestCode
05:30:50.151 [main] INFO  f.i.s.r.p.i.ProjectInspector - InitRepoToPush
05:30:50.151 [main] INFO  f.i.s.r.p.i.ProjectInspector - ComputeClasspath
05:30:50.151 [main] INFO  f.i.s.r.p.i.ProjectInspector - ComputeModules
05:30:50.151 [main] INFO  f.i.s.r.p.i.ProjectInspector - CheckoutBuggyBuildCandidateSourceCode
05:30:50.151 [main] INFO  f.i.s.r.p.i.ProjectInspector - CommitChangedTests
05:30:50.151 [main] INFO  f.i.s.r.p.i.ProjectInspector - CheckoutPatchedBuildCandidate
05:30:50.151 [main] INFO  f.i.s.r.p.i.ProjectInspector - BuildProjectPatchedBuildCandidate
05:30:50.152 [main] INFO  f.i.s.r.p.i.ProjectInspector - TestProjectPatchedBuildCandidate
05:30:50.152 [main] INFO  f.i.s.r.p.i.ProjectInspector - GatherTestInformationPatchedBuildCandidate
05:30:50.152 [main] INFO  f.i.s.r.p.i.ProjectInspector - CommitPatch
05:30:50.152 [main] INFO  f.i.s.r.p.i.ProjectInspector - WritePropertyFile
05:30:50.153 [main] INFO  f.i.s.r.p.i.ProjectInspector - CommitProcessEnd
05:30:50.153 [main] INFO  f.i.s.r.p.i.ProjectInspector - PushProcessEnd
05:30:50.153 [main] DEBUG f.i.s.r.process.step.CloneRepository - ----------------------------------------------------------------------
05:30:50.153 [main] DEBUG f.i.s.r.process.step.CloneRepository - STEP 1/22: CloneRepository
05:30:50.153 [main] DEBUG f.i.s.r.process.step.CloneRepository - ----------------------------------------------------------------------
05:30:50.154 [main] DEBUG f.i.s.r.process.step.CloneRepository - Cloning repository runelite/runelite in the following directory: ./workspace/runelite/runelite/351197567
05:31:00.971 [main] DEBUG f.i.s.r.process.step.CloneRepository - STEP STATUS: [ CloneRepository : SUCCESS ]
05:31:00.971 [main] DEBUG f.i.s.r.process.step.CloneRepository - STEP DURATION: 10s
05:31:00.972 [main] DEBUG f.i.s.r.process.step.CloneRepository - EXECUTE NEXT STEP
05:31:00.972 [main] DEBUG f.i.s.r.p.s.c.CheckoutPatchedBuild - ----------------------------------------------------------------------
05:31:00.972 [main] DEBUG f.i.s.r.p.s.c.CheckoutPatchedBuild - STEP 2/22: CheckoutPatchedBuildCandidate
05:31:00.972 [main] DEBUG f.i.s.r.p.s.c.CheckoutPatchedBuild - ----------------------------------------------------------------------
05:31:00.973 [main] DEBUG f.i.s.r.p.s.c.CheckoutPatchedBuild - Checking out patched build candidate...
05:31:01.328 [main] INFO  fr.inria.jtravis.JTravis - GitHub ratelimit: Limit: 5000 Remaining: 4534 Reset hour: 19:31:55
05:31:03.145 [main] DEBUG f.i.s.r.p.s.c.CheckoutPatchedBuild - Reproduce the PR for runelite/runelite by fetching remote branch and merging.
05:31:16.116 [main] DEBUG f.i.s.r.process.git.GitHelper - Step CheckoutPatchedBuildCandidate - Get the commit 58f6fc4e763159d29bcfc7dab43c0a627c9daf0b for repo runelite/runelite
05:31:17.275 [main] DEBUG f.i.s.r.process.git.GitHelper - Step CheckoutPatchedBuildCandidate - Do the merge with the PR commit for repo runelite/runelite
05:31:17.290 [main] INFO  f.i.s.r.process.git.GitHelper - Init git submodules.
05:31:17.344 [main] DEBUG f.i.s.r.p.s.c.CheckoutPatchedBuild - STEP STATUS: [ CheckoutPatchedBuildCandidate : SUCCESS ]
05:31:17.345 [main] DEBUG f.i.s.r.p.s.c.CheckoutPatchedBuild - STEP DURATION: 16s
05:31:17.345 [main] DEBUG f.i.s.r.p.s.c.CheckoutPatchedBuild - EXECUTE NEXT STEP
05:31:17.346 [main] DEBUG f.i.s.r.p.s.paths.ComputeSourceDir - ----------------------------------------------------------------------
05:31:17.346 [main] DEBUG f.i.s.r.p.s.paths.ComputeSourceDir - STEP 3/22: ComputeSourceDir
05:31:17.346 [main] DEBUG f.i.s.r.p.s.paths.ComputeSourceDir - ----------------------------------------------------------------------
05:31:17.347 [main] DEBUG f.i.s.r.p.s.paths.ComputeSourceDir - Computing the source directory ...
05:31:17.348 [main] DEBUG f.i.s.r.p.s.paths.ComputeSourceDir - The default source directory (/root/workspace/runelite/runelite/351197567/src/main/java) does not exist. Try to read pom.xml to get information.
05:31:17.476 [main] DEBUG f.i.s.r.p.s.paths.ComputeSourceDir - The source directory given in pom.xml (/root/workspace/runelite/runelite/351197567/src/main/java) does not exist. Continue to try to get source dir from all modules.
05:31:17.550 [main] DEBUG f.i.s.r.p.s.paths.ComputeSourceDir - The default source directory (/root/workspace/runelite/runelite/351197567/runelite-scripts/src/main/java) does not exist. Try to read pom.xml to get information.
05:31:17.554 [main] DEBUG f.i.s.r.p.s.paths.ComputeSourceDir - The source directory given in pom.xml (/root/workspace/runelite/runelite/351197567/runelite-scripts/src/main/java) does not exist. Continue to try to get source dir from all modules.
05:31:17.555 [main] ERROR f.i.s.r.p.s.paths.ComputeSourceDir - The source directory is not at default location or specified in build section from pom.xml, and no parent can be found.
05:31:17.570 [main] DEBUG f.i.s.r.p.s.paths.ComputeSourceDir - The default source directory (/root/workspace/runelite/runelite/351197567/runescape-client-injector/src/main/java) does not exist. Try to read pom.xml to get information.
05:31:17.583 [main] DEBUG f.i.s.r.p.s.paths.ComputeSourceDir - The source directory given in pom.xml (/root/workspace/runelite/runelite/351197567/runescape-client-injector/src/main/java) does not exist. Continue to try to get source dir from all modules.
05:31:17.583 [main] ERROR f.i.s.r.p.s.paths.ComputeSourceDir - The source directory is not at default location or specified in build section from pom.xml, and no parent can be found.
05:31:17.607 [main] INFO  f.i.s.r.p.s.paths.ComputeSourceDir - 17 source dirs were found:
05:31:17.607 [main] INFO  f.i.s.r.p.s.paths.ComputeSourceDir - /root/workspace/runelite/runelite/351197567/cache-client/src/main/java
05:31:17.607 [main] INFO  f.i.s.r.p.s.paths.ComputeSourceDir - /root/workspace/runelite/runelite/351197567/cache-server/src/main/java
05:31:17.608 [main] INFO  f.i.s.r.p.s.paths.ComputeSourceDir - /root/workspace/runelite/runelite/351197567/cache-updater/src/main/java
05:31:17.608 [main] INFO  f.i.s.r.p.s.paths.ComputeSourceDir - /root/workspace/runelite/runelite/351197567/cache/src/main/java
05:31:17.608 [main] INFO  f.i.s.r.p.s.paths.ComputeSourceDir - /root/workspace/runelite/runelite/351197567/deobfuscator/src/main/java
05:31:17.608 [main] INFO  f.i.s.r.p.s.paths.ComputeSourceDir - /root/workspace/runelite/runelite/351197567/http-api/src/main/java
05:31:17.609 [main] INFO  f.i.s.r.p.s.paths.ComputeSourceDir - /root/workspace/runelite/runelite/351197567/http-service/src/main/java
05:31:17.609 [main] INFO  f.i.s.r.p.s.paths.ComputeSourceDir - /root/workspace/runelite/runelite/351197567/model-viewer/src/main/java
05:31:17.609 [main] INFO  f.i.s.r.p.s.paths.ComputeSourceDir - /root/workspace/runelite/runelite/351197567/protocol-api/src/main/java
05:31:17.609 [main] INFO  f.i.s.r.p.s.paths.ComputeSourceDir - /root/workspace/runelite/runelite/351197567/protocol/src/main/java
05:31:17.610 [main] INFO  f.i.s.r.p.s.paths.ComputeSourceDir - /root/workspace/runelite/runelite/351197567/runelite-api/src/main/java
05:31:17.610 [main] INFO  f.i.s.r.p.s.paths.ComputeSourceDir - /root/workspace/runelite/runelite/351197567/runelite-client/src/main/java
05:31:17.610 [main] INFO  f.i.s.r.p.s.paths.ComputeSourceDir - /root/workspace/runelite/runelite/351197567/runelite-mixins/src/main/java
05:31:17.610 [main] INFO  f.i.s.r.p.s.paths.ComputeSourceDir - /root/workspace/runelite/runelite/351197567/runelite-script-assembler-plugin/src/main/java
05:31:17.611 [main] INFO  f.i.s.r.p.s.paths.ComputeSourceDir - /root/workspace/runelite/runelite/351197567/runescape-api/src/main/java
05:31:17.611 [main] INFO  f.i.s.r.p.s.paths.ComputeSourceDir - /root/workspace/runelite/runelite/351197567/runescape-client-injector-plugin/src/main/java
05:31:17.611 [main] INFO  f.i.s.r.p.s.paths.ComputeSourceDir - /root/workspace/runelite/runelite/351197567/runescape-client/src/main/java
05:31:17.658 [main] DEBUG f.i.s.r.p.s.paths.ComputeSourceDir - Compute the line of code of the project
05:31:17.894 [main] DEBUG f.i.s.r.p.s.paths.ComputeSourceDir - Get result from cloc process...
05:31:17.896 [main] DEBUG f.i.s.r.p.s.paths.ComputeSourceDir - STEP STATUS: [ ComputeSourceDir : SUCCESS ]
05:31:17.896 [main] DEBUG f.i.s.r.p.s.paths.ComputeSourceDir - STEP DURATION: 0s
05:31:17.897 [main] DEBUG f.i.s.r.p.s.paths.ComputeSourceDir - EXECUTE NEXT STEP
05:31:17.897 [main] DEBUG f.i.s.r.p.step.paths.ComputeTestDir - ----------------------------------------------------------------------
05:31:17.898 [main] DEBUG f.i.s.r.p.step.paths.ComputeTestDir - STEP 4/22: ComputeTestDir
05:31:17.898 [main] DEBUG f.i.s.r.p.step.paths.ComputeTestDir - ----------------------------------------------------------------------
05:31:17.899 [main] DEBUG f.i.s.r.p.step.paths.ComputeTestDir - Computing the test directory ...
05:31:17.899 [main] DEBUG f.i.s.r.p.step.paths.ComputeTestDir - The default test directory (/root/workspace/runelite/runelite/351197567/src/test/java) does not exist. Try to read pom.xml to get information.
05:31:17.909 [main] DEBUG f.i.s.r.p.step.paths.ComputeTestDir - The test directory given in pom.xml (/root/workspace/runelite/runelite/351197567/src/test/java) does not exist. Continue to try to get test dir from all modules.
05:31:17.929 [main] DEBUG f.i.s.r.p.step.paths.ComputeTestDir - The default test directory (/root/workspace/runelite/runelite/351197567/cache-updater/src/test/java) does not exist. Try to read pom.xml to get information.
05:31:17.935 [main] DEBUG f.i.s.r.p.step.paths.ComputeTestDir - The test directory given in pom.xml (/root/workspace/runelite/runelite/351197567/cache-updater/src/test/java) does not exist. Continue to try to get test dir from all modules.
05:31:17.935 [main] ERROR f.i.s.r.p.step.paths.ComputeTestDir - The test directory is not at default location or specified in build section from pom.xml, and no parent can be found.
05:31:17.942 [main] DEBUG f.i.s.r.p.step.paths.ComputeTestDir - The default test directory (/root/workspace/runelite/runelite/351197567/model-viewer/src/test/java) does not exist. Try to read pom.xml to get information.
05:31:17.947 [main] DEBUG f.i.s.r.p.step.paths.ComputeTestDir - The test directory given in pom.xml (/root/workspace/runelite/runelite/351197567/model-viewer/src/test/java) does not exist. Continue to try to get test dir from all modules.
05:31:17.950 [main] ERROR f.i.s.r.p.step.paths.ComputeTestDir - The test directory is not at default location or specified in build section from pom.xml, and no parent can be found.
05:31:17.965 [main] DEBUG f.i.s.r.p.step.paths.ComputeTestDir - The default test directory (/root/workspace/runelite/runelite/351197567/runelite-mixins/src/test/java) does not exist. Try to read pom.xml to get information.
05:31:17.971 [main] DEBUG f.i.s.r.p.step.paths.ComputeTestDir - The test directory given in pom.xml (/root/workspace/runelite/runelite/351197567/runelite-mixins/src/test/java) does not exist. Continue to try to get test dir from all modules.
05:31:17.972 [main] ERROR f.i.s.r.p.step.paths.ComputeTestDir - The test directory is not at default location or specified in build section from pom.xml, and no parent can be found.
05:31:17.972 [main] DEBUG f.i.s.r.p.step.paths.ComputeTestDir - The default test directory (/root/workspace/runelite/runelite/351197567/runelite-script-assembler-plugin/src/test/java) does not exist. Try to read pom.xml to get information.
05:31:17.977 [main] DEBUG f.i.s.r.p.step.paths.ComputeTestDir - The test directory given in pom.xml (/root/workspace/runelite/runelite/351197567/runelite-script-assembler-plugin/src/test/java) does not exist. Continue to try to get test dir from all modules.
05:31:17.977 [main] ERROR f.i.s.r.p.step.paths.ComputeTestDir - The test directory is not at default location or specified in build section from pom.xml, and no parent can be found.
05:31:17.978 [main] DEBUG f.i.s.r.p.step.paths.ComputeTestDir - The default test directory (/root/workspace/runelite/runelite/351197567/runelite-scripts/src/test/java) does not exist. Try to read pom.xml to get information.
05:31:17.983 [main] DEBUG f.i.s.r.p.step.paths.ComputeTestDir - The test directory given in pom.xml (/root/workspace/runelite/runelite/351197567/runelite-scripts/src/test/java) does not exist. Continue to try to get test dir from all modules.
05:31:17.983 [main] ERROR f.i.s.r.p.step.paths.ComputeTestDir - The test directory is not at default location or specified in build section from pom.xml, and no parent can be found.
05:31:17.984 [main] DEBUG f.i.s.r.p.step.paths.ComputeTestDir - The default test directory (/root/workspace/runelite/runelite/351197567/runescape-api/src/test/java) does not exist. Try to read pom.xml to get information.
05:31:17.988 [main] DEBUG f.i.s.r.p.step.paths.ComputeTestDir - The test directory given in pom.xml (/root/workspace/runelite/runelite/351197567/runescape-api/src/test/java) does not exist. Continue to try to get test dir from all modules.
05:31:17.991 [main] ERROR f.i.s.r.p.step.paths.ComputeTestDir - The test directory is not at default location or specified in build section from pom.xml, and no parent can be found.
05:31:17.996 [main] DEBUG f.i.s.r.p.step.paths.ComputeTestDir - The default test directory (/root/workspace/runelite/runelite/351197567/runescape-client-injector/src/test/java) does not exist. Try to read pom.xml to get information.
05:31:18.001 [main] DEBUG f.i.s.r.p.step.paths.ComputeTestDir - The test directory given in pom.xml (/root/workspace/runelite/runelite/351197567/runescape-client-injector/src/test/java) does not exist. Continue to try to get test dir from all modules.
05:31:18.001 [main] ERROR f.i.s.r.p.step.paths.ComputeTestDir - The test directory is not at default location or specified in build section from pom.xml, and no parent can be found.
05:31:18.007 [main] DEBUG f.i.s.r.p.step.paths.ComputeTestDir - The default test directory (/root/workspace/runelite/runelite/351197567/http-api/src/test/java) does not exist. Try to read pom.xml to get information.
05:31:18.017 [main] DEBUG f.i.s.r.p.step.paths.ComputeTestDir - The test directory given in pom.xml (/root/workspace/runelite/runelite/351197567/http-api/src/test/java) does not exist. Continue to try to get test dir from all modules.
05:31:18.018 [main] ERROR f.i.s.r.p.step.paths.ComputeTestDir - The test directory is not at default location or specified in build section from pom.xml, and no parent can be found.
05:31:18.025 [main] DEBUG f.i.s.r.p.step.paths.ComputeTestDir - The default test directory (/root/workspace/runelite/runelite/351197567/protocol-api/src/test/java) does not exist. Try to read pom.xml to get information.
05:31:18.038 [main] DEBUG f.i.s.r.p.step.paths.ComputeTestDir - The test directory given in pom.xml (/root/workspace/runelite/runelite/351197567/protocol-api/src/test/java) does not exist. Continue to try to get test dir from all modules.
05:31:18.038 [main] ERROR f.i.s.r.p.step.paths.ComputeTestDir - The test directory is not at default location or specified in build section from pom.xml, and no parent can be found.
05:31:18.045 [main] INFO  f.i.s.r.p.step.paths.ComputeTestDir - 10 test dirs were found:
05:31:18.045 [main] INFO  f.i.s.r.p.step.paths.ComputeTestDir - /root/workspace/runelite/runelite/351197567/cache-client/src/test/java
05:31:18.045 [main] INFO  f.i.s.r.p.step.paths.ComputeTestDir - /root/workspace/runelite/runelite/351197567/cache-server/src/test/java
05:31:18.046 [main] INFO  f.i.s.r.p.step.paths.ComputeTestDir - /root/workspace/runelite/runelite/351197567/cache/src/test/java
05:31:18.046 [main] INFO  f.i.s.r.p.step.paths.ComputeTestDir - /root/workspace/runelite/runelite/351197567/deobfuscator/src/test/java
05:31:18.046 [main] INFO  f.i.s.r.p.step.paths.ComputeTestDir - /root/workspace/runelite/runelite/351197567/http-service/src/test/java
05:31:18.047 [main] INFO  f.i.s.r.p.step.paths.ComputeTestDir - /root/workspace/runelite/runelite/351197567/protocol/src/test/java
05:31:18.047 [main] INFO  f.i.s.r.p.step.paths.ComputeTestDir - /root/workspace/runelite/runelite/351197567/runelite-api/src/test/java
05:31:18.047 [main] INFO  f.i.s.r.p.step.paths.ComputeTestDir - /root/workspace/runelite/runelite/351197567/runelite-client/src/test/java
05:31:18.047 [main] INFO  f.i.s.r.p.step.paths.ComputeTestDir - /root/workspace/runelite/runelite/351197567/runescape-client-injector-plugin/src/test/java
05:31:18.048 [main] INFO  f.i.s.r.p.step.paths.ComputeTestDir - /root/workspace/runelite/runelite/351197567/runescape-client/src/test/java
05:31:18.059 [main] DEBUG f.i.s.r.p.step.paths.ComputeTestDir - STEP STATUS: [ ComputeTestDir : SUCCESS ]
05:31:18.059 [main] DEBUG f.i.s.r.p.step.paths.ComputeTestDir - STEP DURATION: 0s
05:31:18.059 [main] DEBUG f.i.s.r.p.step.paths.ComputeTestDir - EXECUTE NEXT STEP
05:31:18.060 [main] DEBUG f.i.s.r.p.s.c.CheckoutBuggyBuildSourceCode - ----------------------------------------------------------------------
05:31:18.060 [main] DEBUG f.i.s.r.p.s.c.CheckoutBuggyBuildSourceCode - STEP 5/22: CheckoutBuggyBuildCandidateSourceCode
05:31:18.061 [main] DEBUG f.i.s.r.p.s.c.CheckoutBuggyBuildSourceCode - ----------------------------------------------------------------------
05:31:18.061 [main] DEBUG f.i.s.r.p.s.c.CheckoutBuggyBuildSourceCode - Checking out the source code of the buggy build candidate...
05:31:18.372 [main] INFO  fr.inria.jtravis.JTravis - GitHub ratelimit: Limit: 5000 Remaining: 4527 Reset hour: 19:31:55
05:31:19.878 [main] DEBUG f.i.s.r.p.s.c.CheckoutBuggyBuildSourceCode - Reproduce the PR for runelite/runelite by fetching remote branch and merging.
05:31:20.031 [main] DEBUG f.i.s.r.process.git.GitHelper - Step CheckoutBuggyBuildCandidateSourceCode - Get the commit 58f6fc4e763159d29bcfc7dab43c0a627c9daf0b for repo runelite/runelite
05:31:20.429 [main] DEBUG f.i.s.r.process.git.GitHelper - Step CheckoutBuggyBuildCandidateSourceCode - Do the merge with the PR commit for repo runelite/runelite
05:31:20.431 [main] INFO  f.i.s.r.process.git.GitHelper - Init git submodules.
05:31:20.632 [main] INFO  fr.inria.jtravis.JTravis - GitHub ratelimit: Limit: 5000 Remaining: 4520 Reset hour: 19:31:55
05:31:22.721 [main] DEBUG f.i.s.r.p.s.c.CheckoutBuggyBuildSourceCode - Reproduce the PR for runelite/runelite by fetching remote branch and merging.
05:31:23.179 [main] ERROR f.i.s.r.p.s.c.CheckoutBuggyBuildSourceCode - Error while testing commit: org.eclipse.jgit.errors.MissingObjectException: Missing unknown c81d664eaa866609601b2146fc776674dec0530e
05:31:23.181 [main] ERROR f.i.s.r.p.s.c.CheckoutBuggyBuildSourceCode - Commit head ref cannot be retrieved from the repository: c81d664eaa866609601b2146fc776674dec0530e. Operation aborted.
05:31:23.181 [main] ERROR f.i.s.r.p.s.c.CheckoutBuggyBuildSourceCode - Error while merging two commits to reproduce the PR.
05:31:23.182 [main] DEBUG f.i.s.r.p.s.c.CheckoutBuggyBuildSourceCode - STEP STATUS: [ CheckoutBuggyBuildCandidateSourceCode : FAILURE ( BUILDNOTCHECKEDOUT ) ]
05:31:23.183 [main] DEBUG f.i.s.r.p.s.c.CheckoutBuggyBuildSourceCode - STEP DURATION: 5s
05:31:23.183 [main] DEBUG f.i.s.r.p.s.c.CheckoutBuggyBuildSourceCode - TERMINATE PIPELINE
05:31:23.183 [main] DEBUG f.i.s.r.p.s.c.CheckoutBuggyBuildSourceCode - FINAL STEPS SKIPPED: The reproduction of the bug and/or the patch failed.
05:31:23.184 [main] INFO  f.i.s.r.p.s.c.CheckoutBuggyBuildSourceCode - Serialize all data for the pair of builds 351197567, 351537467
05:31:23.294 [main] INFO  fr.inria.jtravis.JTravis - GitHub ratelimit: Limit: 5000 Remaining: 4510 Reset hour: 19:31:55
05:31:24.101 [main] INFO  f.i.s.r.p.i.ProjectInspector - ----------------------------------------------------------------------
05:31:24.101 [main] INFO  f.i.s.r.p.i.ProjectInspector - PIPELINE EXECUTION SUMMARY
05:31:24.101 [main] INFO  f.i.s.r.p.i.ProjectInspector - ----------------------------------------------------------------------
05:31:24.102 [main] INFO  f.i.s.r.p.i.ProjectInspector - CloneRepository.......................................SUCCESS [ 10 s ]
05:31:24.102 [main] INFO  f.i.s.r.p.i.ProjectInspector - CheckoutPatchedBuildCandidate.........................SUCCESS [ 16 s ]
05:31:24.102 [main] INFO  f.i.s.r.p.i.ProjectInspector - ComputeSourceDir......................................SUCCESS [  0 s ]
05:31:24.102 [main] INFO  f.i.s.r.p.i.ProjectInspector - ComputeTestDir........................................SUCCESS [  0 s ]
05:31:24.104 [main] INFO  f.i.s.r.p.i.ProjectInspector - CheckoutBuggyBuildCandidateSourceCode.................FAILURE [  5 s ]
05:31:24.104 [main] INFO  f.i.s.r.p.i.ProjectInspector - BuildProjectBuggyBuildCandidateSourceCode.............NOT RUN         
05:31:24.104 [main] INFO  f.i.s.r.p.i.ProjectInspector - TestProjectBuggyBuildCandidateSourceCode..............NOT RUN         
05:31:24.105 [main] INFO  f.i.s.r.p.i.ProjectInspector - GatherTestInformationBuggyBuildCandidateSourceCode....NOT RUN         
05:31:24.105 [main] INFO  f.i.s.r.p.i.ProjectInspector - CheckoutBuggyBuildTestCode............................NOT RUN         
05:31:24.105 [main] INFO  f.i.s.r.p.i.ProjectInspector - InitRepoToPush........................................NOT RUN         
05:31:24.105 [main] INFO  f.i.s.r.p.i.ProjectInspector - ComputeClasspath......................................NOT RUN         
05:31:24.105 [main] INFO  f.i.s.r.p.i.ProjectInspector - ComputeModules........................................NOT RUN         
05:31:24.105 [main] INFO  f.i.s.r.p.i.ProjectInspector - CheckoutBuggyBuildCandidateSourceCode.................NOT RUN         
05:31:24.106 [main] INFO  f.i.s.r.p.i.ProjectInspector - CommitChangedTests....................................NOT RUN         
05:31:24.106 [main] INFO  f.i.s.r.p.i.ProjectInspector - CheckoutPatchedBuildCandidate.........................NOT RUN         
05:31:24.106 [main] INFO  f.i.s.r.p.i.ProjectInspector - BuildProjectPatchedBuildCandidate.....................NOT RUN         
05:31:24.106 [main] INFO  f.i.s.r.p.i.ProjectInspector - TestProjectPatchedBuildCandidate......................NOT RUN         
05:31:24.106 [main] INFO  f.i.s.r.p.i.ProjectInspector - GatherTestInformationPatchedBuildCandidate............NOT RUN         
05:31:24.106 [main] INFO  f.i.s.r.p.i.ProjectInspector - CommitPatch...........................................NOT RUN         
05:31:24.107 [main] INFO  f.i.s.r.p.i.ProjectInspector - WritePropertyFile.....................................NOT RUN         
05:31:24.107 [main] INFO  f.i.s.r.p.i.ProjectInspector - CommitProcessEnd......................................NOT RUN         
05:31:24.109 [main] INFO  f.i.s.r.p.i.ProjectInspector - PushProcessEnd........................................NOT RUN         
05:31:24.109 [main] INFO  f.i.s.r.p.i.ProjectInspector - ----------------------------------------------------------------------
05:31:24.110 [main] INFO  f.i.s.r.p.i.ProjectInspector - PIPELINE FINDING: BUILDNOTCHECKEDOUT
05:31:24.110 [main] INFO  f.i.s.r.p.i.ProjectInspector - ----------------------------------------------------------------------
05:31:24.110 [main] INFO  f.i.s.repairnator.pipeline.Launcher - Inspector is finished. The process will exit now.
