15:57:19.090 [main] INFO  f.i.s.repairnator.pipeline.Launcher - PIPELINE VERSION: 3.0-2018-08-09 19:04
15:57:19.255 [main] INFO  f.i.s.repairnator.pipeline.Launcher - The pipeline will try to reproduce a bug from build 318130269 and its corresponding patch from build 351319310
15:57:19.255 [main] INFO  f.i.s.repairnator.pipeline.Launcher - Initialize file serializer engines.
15:57:19.258 [main] INFO  f.i.s.repairnator.pipeline.Launcher - MongoDB won't be used for serialization.
15:57:19.258 [main] INFO  f.i.s.repairnator.pipeline.Launcher - The email notifier engine won't be used.
15:57:19.262 [main] INFO  f.i.s.repairnator.pipeline.Launcher - Start by getting the build (buildId: 318130269) with the following config: RepairnatorConfig{runId='4c745e6f-5453-4a37-b2b3-14647c2331ea_03-18-week2-PASSING_AND_PASSING', launcherMode=BEARS, serializeJson=true, inputPath='null', outputPath='/var/log', mongodbHost='null', mongodbName='repairnator', smtpServer='null', notifyTo=[], notifyEndProcess=false, push=true, pushRemoteRepo='https://github.com/fermadeiral/bears-collection-pp', fork=false, lookFromDate=null, lookToDate=null, buildId=318130269, z3solverPath='./z3_for_linux', workspacePath='./workspace', githubToken='c8a341a903[...]', dockerImageName='null', skipDelete=false, createOutputDir=false, logDirectory='null', nbThreads=0, globalTimeout=0, whiteList=null, blackList=null, jobSleepTime=0, buildSleepTime=0, maxInspectedBuilds=0, duration=null, humanPatch=false, repository='null', clean=true, bearsMode=BOTH, bearsDelimiter = false, repairTools=NopolAllTests,NPEFix,AssertFixer,AstorJGenProg,AstorJKali,NopolSingleTest,AstorJMut,NopolTestExclusionStrategy, githubUserName= fermadeiral, githubUserEmail=fer.madeiral@gmail.com}
15:57:20.617 [main] DEBUG fr.inria.jtravis.helpers.BuildHelper - Get request to :https://api.travis-ci.org/build/318130269 done after 822 ms
15:57:20.906 [main] DEBUG fr.inria.jtravis.helpers.BuildHelper - Get request to :https://api.travis-ci.org/build/351319310 done after 139 ms
15:57:20.924 [main] INFO  f.i.s.repairnator.pipeline.Launcher - The patched build (351319310) was successfully retrieved from Travis.
15:57:22.981 [main] INFO  fr.inria.jtravis.JTravis - GitHub ratelimit: Limit: 5000 Remaining: 4384 Reset hour: 19:32:32
15:57:23.468 [main] INFO  f.i.s.r.p.i.ProjectInspector - ----------------------------------------------------------------------
15:57:23.469 [main] INFO  f.i.s.r.p.i.ProjectInspector - PIPELINE STEPS
15:57:23.470 [main] INFO  f.i.s.r.p.i.ProjectInspector - ----------------------------------------------------------------------
15:57:23.470 [main] INFO  f.i.s.r.p.i.ProjectInspector - CloneRepository
15:57:23.470 [main] INFO  f.i.s.r.p.i.ProjectInspector - CheckoutPatchedBuildCandidate
15:57:23.471 [main] INFO  f.i.s.r.p.i.ProjectInspector - ComputeSourceDir
15:57:23.471 [main] INFO  f.i.s.r.p.i.ProjectInspector - ComputeTestDir
15:57:23.472 [main] INFO  f.i.s.r.p.i.ProjectInspector - CheckoutBuggyBuildCandidateSourceCode
15:57:23.472 [main] INFO  f.i.s.r.p.i.ProjectInspector - BuildProjectBuggyBuildCandidateSourceCode
15:57:23.473 [main] INFO  f.i.s.r.p.i.ProjectInspector - TestProjectBuggyBuildCandidateSourceCode
15:57:23.473 [main] INFO  f.i.s.r.p.i.ProjectInspector - GatherTestInformationBuggyBuildCandidateSourceCode
15:57:23.474 [main] INFO  f.i.s.r.p.i.ProjectInspector - CheckoutBuggyBuildTestCode
15:57:23.474 [main] INFO  f.i.s.r.p.i.ProjectInspector - InitRepoToPush
15:57:23.475 [main] INFO  f.i.s.r.p.i.ProjectInspector - ComputeClasspath
15:57:23.475 [main] INFO  f.i.s.r.p.i.ProjectInspector - ComputeModules
15:57:23.476 [main] INFO  f.i.s.r.p.i.ProjectInspector - CheckoutBuggyBuildCandidateSourceCode
15:57:23.477 [main] INFO  f.i.s.r.p.i.ProjectInspector - CommitChangedTests
15:57:23.477 [main] INFO  f.i.s.r.p.i.ProjectInspector - CheckoutPatchedBuildCandidate
15:57:23.478 [main] INFO  f.i.s.r.p.i.ProjectInspector - BuildProjectPatchedBuildCandidate
15:57:23.479 [main] INFO  f.i.s.r.p.i.ProjectInspector - TestProjectPatchedBuildCandidate
15:57:23.480 [main] INFO  f.i.s.r.p.i.ProjectInspector - GatherTestInformationPatchedBuildCandidate
15:57:23.481 [main] INFO  f.i.s.r.p.i.ProjectInspector - CommitPatch
15:57:23.481 [main] INFO  f.i.s.r.p.i.ProjectInspector - WritePropertyFile
15:57:23.481 [main] INFO  f.i.s.r.p.i.ProjectInspector - CommitProcessEnd
15:57:23.482 [main] INFO  f.i.s.r.p.i.ProjectInspector - PushProcessEnd
15:57:23.482 [main] DEBUG f.i.s.r.process.step.CloneRepository - ----------------------------------------------------------------------
15:57:23.483 [main] DEBUG f.i.s.r.process.step.CloneRepository - STEP 1/22: CloneRepository
15:57:23.483 [main] DEBUG f.i.s.r.process.step.CloneRepository - ----------------------------------------------------------------------
15:57:23.484 [main] DEBUG f.i.s.r.process.step.CloneRepository - Cloning repository danglotb/dspot in the following directory: ./workspace/danglotb/dspot/318130269
15:57:29.201 [main] DEBUG f.i.s.r.process.step.CloneRepository - STEP STATUS: [ CloneRepository : SUCCESS ]
15:57:29.201 [main] DEBUG f.i.s.r.process.step.CloneRepository - STEP DURATION: 5s
15:57:29.202 [main] DEBUG f.i.s.r.process.step.CloneRepository - EXECUTE NEXT STEP
15:57:29.202 [main] DEBUG f.i.s.r.p.s.c.CheckoutPatchedBuild - ----------------------------------------------------------------------
15:57:29.203 [main] DEBUG f.i.s.r.p.s.c.CheckoutPatchedBuild - STEP 2/22: CheckoutPatchedBuildCandidate
15:57:29.203 [main] DEBUG f.i.s.r.p.s.c.CheckoutPatchedBuild - ----------------------------------------------------------------------
15:57:29.203 [main] DEBUG f.i.s.r.p.s.c.CheckoutPatchedBuild - Checking out patched build candidate...
15:57:29.212 [main] DEBUG f.i.s.r.p.s.c.CheckoutPatchedBuild - Get commit 6573b2230359f2dec939efd795cc54b0ec5dfb34 for repo danglotb/dspot
15:57:29.409 [main] INFO  f.i.s.r.process.git.GitHelper - Init git submodules.
15:57:29.455 [main] DEBUG f.i.s.r.p.s.c.CheckoutPatchedBuild - STEP STATUS: [ CheckoutPatchedBuildCandidate : SUCCESS ]
15:57:29.455 [main] DEBUG f.i.s.r.p.s.c.CheckoutPatchedBuild - STEP DURATION: 0s
15:57:29.455 [main] DEBUG f.i.s.r.p.s.c.CheckoutPatchedBuild - EXECUTE NEXT STEP
15:57:29.455 [main] DEBUG f.i.s.r.p.s.paths.ComputeSourceDir - ----------------------------------------------------------------------
15:57:29.456 [main] DEBUG f.i.s.r.p.s.paths.ComputeSourceDir - STEP 3/22: ComputeSourceDir
15:57:29.456 [main] DEBUG f.i.s.r.p.s.paths.ComputeSourceDir - ----------------------------------------------------------------------
15:57:29.456 [main] DEBUG f.i.s.r.p.s.paths.ComputeSourceDir - Computing the source directory ...
15:57:29.457 [main] DEBUG f.i.s.r.p.s.paths.ComputeSourceDir - The default source directory (/root/workspace/danglotb/dspot/318130269/src/main/java) does not exist. Try to read pom.xml to get information.
15:57:29.573 [main] DEBUG f.i.s.r.p.s.paths.ComputeSourceDir - The source directory given in pom.xml (/root/workspace/danglotb/dspot/318130269/src/main/java) does not exist. Continue to try to get source dir from all modules.
15:57:29.595 [main] INFO  f.i.s.r.p.s.paths.ComputeSourceDir - 2 source dirs were found:
15:57:29.596 [main] INFO  f.i.s.r.p.s.paths.ComputeSourceDir - /root/workspace/danglotb/dspot/318130269/dspot-maven/src/main/java
15:57:29.596 [main] INFO  f.i.s.r.p.s.paths.ComputeSourceDir - /root/workspace/danglotb/dspot/318130269/dspot/src/main/java
15:57:29.612 [main] DEBUG f.i.s.r.p.s.paths.ComputeSourceDir - Compute the line of code of the project
15:57:29.819 [main] DEBUG f.i.s.r.p.s.paths.ComputeSourceDir - Get result from cloc process...
15:57:29.820 [main] DEBUG f.i.s.r.p.s.paths.ComputeSourceDir - STEP STATUS: [ ComputeSourceDir : SUCCESS ]
15:57:29.820 [main] DEBUG f.i.s.r.p.s.paths.ComputeSourceDir - STEP DURATION: 0s
15:57:29.820 [main] DEBUG f.i.s.r.p.s.paths.ComputeSourceDir - EXECUTE NEXT STEP
15:57:29.820 [main] DEBUG f.i.s.r.p.step.paths.ComputeTestDir - ----------------------------------------------------------------------
15:57:29.820 [main] DEBUG f.i.s.r.p.step.paths.ComputeTestDir - STEP 4/22: ComputeTestDir
15:57:29.821 [main] DEBUG f.i.s.r.p.step.paths.ComputeTestDir - ----------------------------------------------------------------------
15:57:29.821 [main] DEBUG f.i.s.r.p.step.paths.ComputeTestDir - Computing the test directory ...
15:57:29.821 [main] DEBUG f.i.s.r.p.step.paths.ComputeTestDir - The default test directory (/root/workspace/danglotb/dspot/318130269/src/test/java) does not exist. Try to read pom.xml to get information.
15:57:29.825 [main] DEBUG f.i.s.r.p.step.paths.ComputeTestDir - The test directory given in pom.xml (/root/workspace/danglotb/dspot/318130269/src/test/java) does not exist. Continue to try to get test dir from all modules.
15:57:29.832 [main] DEBUG f.i.s.r.p.step.paths.ComputeTestDir - The default test directory (/root/workspace/danglotb/dspot/318130269/dspot-maven/src/test/java) does not exist. Try to read pom.xml to get information.
15:57:29.841 [main] DEBUG f.i.s.r.p.step.paths.ComputeTestDir - The test directory given in pom.xml (/root/workspace/danglotb/dspot/318130269/dspot-maven/src/test/java) does not exist. Continue to try to get test dir from all modules.
15:57:29.848 [main] ERROR f.i.s.r.p.step.paths.ComputeTestDir - The test directory is not at default location or specified in build section from pom.xml, and no parent can be found.
15:57:29.849 [main] INFO  f.i.s.r.p.step.paths.ComputeTestDir - 1 test dir was found:
15:57:29.849 [main] INFO  f.i.s.r.p.step.paths.ComputeTestDir - /root/workspace/danglotb/dspot/318130269/dspot/src/test/java
15:57:29.854 [main] DEBUG f.i.s.r.p.step.paths.ComputeTestDir - STEP STATUS: [ ComputeTestDir : SUCCESS ]
15:57:29.854 [main] DEBUG f.i.s.r.p.step.paths.ComputeTestDir - STEP DURATION: 0s
15:57:29.855 [main] DEBUG f.i.s.r.p.step.paths.ComputeTestDir - EXECUTE NEXT STEP
15:57:29.855 [main] DEBUG f.i.s.r.p.s.c.CheckoutBuggyBuildSourceCode - ----------------------------------------------------------------------
15:57:29.855 [main] DEBUG f.i.s.r.p.s.c.CheckoutBuggyBuildSourceCode - STEP 5/22: CheckoutBuggyBuildCandidateSourceCode
15:57:29.855 [main] DEBUG f.i.s.r.p.s.c.CheckoutBuggyBuildSourceCode - ----------------------------------------------------------------------
15:57:29.856 [main] DEBUG f.i.s.r.p.s.c.CheckoutBuggyBuildSourceCode - Checking out the source code of the buggy build candidate...
15:57:29.864 [main] DEBUG f.i.s.r.p.s.c.CheckoutBuggyBuildSourceCode - Get commit 6573b2230359f2dec939efd795cc54b0ec5dfb34 for repo danglotb/dspot
15:57:30.021 [main] INFO  f.i.s.r.process.git.GitHelper - Init git submodules.
15:57:30.077 [main] ERROR f.i.s.r.p.s.c.CheckoutBuggyBuildSourceCode - Error while testing commit: org.eclipse.jgit.errors.MissingObjectException: Missing unknown c970a24b541dbd4ceea851b51135d26c8ad06693
15:57:30.078 [main] ERROR f.i.s.r.p.s.c.CheckoutBuggyBuildSourceCode - Error while getting the commit to checkout from the repo.
15:57:30.079 [main] DEBUG f.i.s.r.p.s.c.CheckoutBuggyBuildSourceCode - STEP STATUS: [ CheckoutBuggyBuildCandidateSourceCode : FAILURE ( BUILDNOTCHECKEDOUT ) ]
15:57:30.080 [main] DEBUG f.i.s.r.p.s.c.CheckoutBuggyBuildSourceCode - STEP DURATION: 0s
15:57:30.080 [main] DEBUG f.i.s.r.p.s.c.CheckoutBuggyBuildSourceCode - TERMINATE PIPELINE
15:57:30.080 [main] DEBUG f.i.s.r.p.s.c.CheckoutBuggyBuildSourceCode - FINAL STEPS SKIPPED: The reproduction of the bug and/or the patch failed.
15:57:30.081 [main] INFO  f.i.s.r.p.s.c.CheckoutBuggyBuildSourceCode - Serialize all data for the pair of builds 318130269, 351319310
15:57:30.419 [main] INFO  fr.inria.jtravis.JTravis - GitHub ratelimit: Limit: 5000 Remaining: 4382 Reset hour: 19:32:32
15:57:31.085 [main] INFO  f.i.s.r.p.i.ProjectInspector - ----------------------------------------------------------------------
15:57:31.085 [main] INFO  f.i.s.r.p.i.ProjectInspector - PIPELINE EXECUTION SUMMARY
15:57:31.085 [main] INFO  f.i.s.r.p.i.ProjectInspector - ----------------------------------------------------------------------
15:57:31.086 [main] INFO  f.i.s.r.p.i.ProjectInspector - CloneRepository........................................SUCCESS [ 5 s ]
15:57:31.086 [main] INFO  f.i.s.r.p.i.ProjectInspector - CheckoutPatchedBuildCandidate..........................SUCCESS [ 0 s ]
15:57:31.086 [main] INFO  f.i.s.r.p.i.ProjectInspector - ComputeSourceDir.......................................SUCCESS [ 0 s ]
15:57:31.087 [main] INFO  f.i.s.r.p.i.ProjectInspector - ComputeTestDir.........................................SUCCESS [ 0 s ]
15:57:31.087 [main] INFO  f.i.s.r.p.i.ProjectInspector - CheckoutBuggyBuildCandidateSourceCode..................FAILURE [ 0 s ]
15:57:31.087 [main] INFO  f.i.s.r.p.i.ProjectInspector - BuildProjectBuggyBuildCandidateSourceCode..............NOT RUN        
15:57:31.087 [main] INFO  f.i.s.r.p.i.ProjectInspector - TestProjectBuggyBuildCandidateSourceCode...............NOT RUN        
15:57:31.088 [main] INFO  f.i.s.r.p.i.ProjectInspector - GatherTestInformationBuggyBuildCandidateSourceCode.....NOT RUN        
15:57:31.088 [main] INFO  f.i.s.r.p.i.ProjectInspector - CheckoutBuggyBuildTestCode.............................NOT RUN        
15:57:31.088 [main] INFO  f.i.s.r.p.i.ProjectInspector - InitRepoToPush.........................................NOT RUN        
15:57:31.088 [main] INFO  f.i.s.r.p.i.ProjectInspector - ComputeClasspath.......................................NOT RUN        
15:57:31.088 [main] INFO  f.i.s.r.p.i.ProjectInspector - ComputeModules.........................................NOT RUN        
15:57:31.088 [main] INFO  f.i.s.r.p.i.ProjectInspector - CheckoutBuggyBuildCandidateSourceCode..................NOT RUN        
15:57:31.088 [main] INFO  f.i.s.r.p.i.ProjectInspector - CommitChangedTests.....................................NOT RUN        
15:57:31.089 [main] INFO  f.i.s.r.p.i.ProjectInspector - CheckoutPatchedBuildCandidate..........................NOT RUN        
15:57:31.089 [main] INFO  f.i.s.r.p.i.ProjectInspector - BuildProjectPatchedBuildCandidate......................NOT RUN        
15:57:31.089 [main] INFO  f.i.s.r.p.i.ProjectInspector - TestProjectPatchedBuildCandidate.......................NOT RUN        
15:57:31.089 [main] INFO  f.i.s.r.p.i.ProjectInspector - GatherTestInformationPatchedBuildCandidate.............NOT RUN        
15:57:31.089 [main] INFO  f.i.s.r.p.i.ProjectInspector - CommitPatch............................................NOT RUN        
15:57:31.089 [main] INFO  f.i.s.r.p.i.ProjectInspector - WritePropertyFile......................................NOT RUN        
15:57:31.090 [main] INFO  f.i.s.r.p.i.ProjectInspector - CommitProcessEnd.......................................NOT RUN        
15:57:31.090 [main] INFO  f.i.s.r.p.i.ProjectInspector - PushProcessEnd.........................................NOT RUN        
15:57:31.090 [main] INFO  f.i.s.r.p.i.ProjectInspector - ----------------------------------------------------------------------
15:57:31.090 [main] INFO  f.i.s.r.p.i.ProjectInspector - PIPELINE FINDING: BUILDNOTCHECKEDOUT
15:57:31.090 [main] INFO  f.i.s.r.p.i.ProjectInspector - ----------------------------------------------------------------------
15:57:31.091 [main] INFO  f.i.s.repairnator.pipeline.Launcher - Inspector is finished. The process will exit now.
