05:34:40.142 [main] INFO  f.i.s.repairnator.pipeline.Launcher - PIPELINE VERSION: 3.0-2018-08-09 19:04
05:34:40.356 [main] INFO  f.i.s.repairnator.pipeline.Launcher - The pipeline will try to reproduce a bug from build 352649713 and its corresponding patch from build 352672009
05:34:40.357 [main] INFO  f.i.s.repairnator.pipeline.Launcher - Initialize file serializer engines.
05:34:40.360 [main] INFO  f.i.s.repairnator.pipeline.Launcher - MongoDB won't be used for serialization.
05:34:40.360 [main] INFO  f.i.s.repairnator.pipeline.Launcher - The email notifier engine won't be used.
05:34:40.364 [main] INFO  f.i.s.repairnator.pipeline.Launcher - Start by getting the build (buildId: 352649713) with the following config: RepairnatorConfig{runId='4c745e6f-5453-4a37-b2b3-14647c2331ea_03-18-week2-PASSING_AND_PASSING', launcherMode=BEARS, serializeJson=true, inputPath='null', outputPath='/var/log', mongodbHost='null', mongodbName='repairnator', smtpServer='null', notifyTo=[], notifyEndProcess=false, push=true, pushRemoteRepo='https://github.com/fermadeiral/bears-collection-pp', fork=false, lookFromDate=null, lookToDate=null, buildId=352649713, z3solverPath='./z3_for_linux', workspacePath='./workspace', githubToken='c8a341a903[...]', dockerImageName='null', skipDelete=false, createOutputDir=false, logDirectory='null', nbThreads=0, globalTimeout=0, whiteList=null, blackList=null, jobSleepTime=0, buildSleepTime=0, maxInspectedBuilds=0, duration=null, humanPatch=false, repository='null', clean=true, bearsMode=BOTH, bearsDelimiter = false, repairTools=NopolAllTests,NPEFix,AssertFixer,AstorJGenProg,AstorJKali,NopolSingleTest,AstorJMut,NopolTestExclusionStrategy, githubUserName= fermadeiral, githubUserEmail=fer.madeiral@gmail.com}
05:34:43.577 [main] DEBUG fr.inria.jtravis.helpers.BuildHelper - Get request to :https://api.travis-ci.org/build/352649713 done after 1565 ms
05:34:43.861 [main] DEBUG fr.inria.jtravis.helpers.BuildHelper - Get request to :https://api.travis-ci.org/build/352672009 done after 138 ms
05:34:43.883 [main] INFO  f.i.s.repairnator.pipeline.Launcher - The patched build (352672009) was successfully retrieved from Travis.
05:34:46.045 [main] INFO  fr.inria.jtravis.JTravis - GitHub ratelimit: Limit: 5000 Remaining: 4375 Reset hour: 19:31:55
05:34:46.328 [main] INFO  f.i.s.r.p.i.ProjectInspector - ----------------------------------------------------------------------
05:34:46.329 [main] INFO  f.i.s.r.p.i.ProjectInspector - PIPELINE STEPS
05:34:46.329 [main] INFO  f.i.s.r.p.i.ProjectInspector - ----------------------------------------------------------------------
05:34:46.330 [main] INFO  f.i.s.r.p.i.ProjectInspector - CloneRepository
05:34:46.330 [main] INFO  f.i.s.r.p.i.ProjectInspector - CheckoutPatchedBuildCandidate
05:34:46.330 [main] INFO  f.i.s.r.p.i.ProjectInspector - ComputeSourceDir
05:34:46.330 [main] INFO  f.i.s.r.p.i.ProjectInspector - ComputeTestDir
05:34:46.330 [main] INFO  f.i.s.r.p.i.ProjectInspector - CheckoutBuggyBuildCandidateSourceCode
05:34:46.331 [main] INFO  f.i.s.r.p.i.ProjectInspector - BuildProjectBuggyBuildCandidateSourceCode
05:34:46.331 [main] INFO  f.i.s.r.p.i.ProjectInspector - TestProjectBuggyBuildCandidateSourceCode
05:34:46.331 [main] INFO  f.i.s.r.p.i.ProjectInspector - GatherTestInformationBuggyBuildCandidateSourceCode
05:34:46.331 [main] INFO  f.i.s.r.p.i.ProjectInspector - CheckoutBuggyBuildTestCode
05:34:46.331 [main] INFO  f.i.s.r.p.i.ProjectInspector - InitRepoToPush
05:34:46.332 [main] INFO  f.i.s.r.p.i.ProjectInspector - ComputeClasspath
05:34:46.332 [main] INFO  f.i.s.r.p.i.ProjectInspector - ComputeModules
05:34:46.332 [main] INFO  f.i.s.r.p.i.ProjectInspector - CheckoutBuggyBuildCandidateSourceCode
05:34:46.332 [main] INFO  f.i.s.r.p.i.ProjectInspector - CommitChangedTests
05:34:46.332 [main] INFO  f.i.s.r.p.i.ProjectInspector - CheckoutPatchedBuildCandidate
05:34:46.333 [main] INFO  f.i.s.r.p.i.ProjectInspector - BuildProjectPatchedBuildCandidate
05:34:46.333 [main] INFO  f.i.s.r.p.i.ProjectInspector - TestProjectPatchedBuildCandidate
05:34:46.333 [main] INFO  f.i.s.r.p.i.ProjectInspector - GatherTestInformationPatchedBuildCandidate
05:34:46.334 [main] INFO  f.i.s.r.p.i.ProjectInspector - CommitPatch
05:34:46.334 [main] INFO  f.i.s.r.p.i.ProjectInspector - WritePropertyFile
05:34:46.334 [main] INFO  f.i.s.r.p.i.ProjectInspector - CommitProcessEnd
05:34:46.334 [main] INFO  f.i.s.r.p.i.ProjectInspector - PushProcessEnd
05:34:46.335 [main] DEBUG f.i.s.r.process.step.CloneRepository - ----------------------------------------------------------------------
05:34:46.335 [main] DEBUG f.i.s.r.process.step.CloneRepository - STEP 1/22: CloneRepository
05:34:46.335 [main] DEBUG f.i.s.r.process.step.CloneRepository - ----------------------------------------------------------------------
05:34:46.336 [main] DEBUG f.i.s.r.process.step.CloneRepository - Cloning repository terasolunaorg/tutorial-apps in the following directory: ./workspace/terasolunaorg/tutorial-apps/352649713
05:34:50.503 [main] DEBUG f.i.s.r.process.step.CloneRepository - STEP STATUS: [ CloneRepository : SUCCESS ]
05:34:50.504 [main] DEBUG f.i.s.r.process.step.CloneRepository - STEP DURATION: 4s
05:34:50.504 [main] DEBUG f.i.s.r.process.step.CloneRepository - EXECUTE NEXT STEP
05:34:50.504 [main] DEBUG f.i.s.r.p.s.c.CheckoutPatchedBuild - ----------------------------------------------------------------------
05:34:50.504 [main] DEBUG f.i.s.r.p.s.c.CheckoutPatchedBuild - STEP 2/22: CheckoutPatchedBuildCandidate
05:34:50.504 [main] DEBUG f.i.s.r.p.s.c.CheckoutPatchedBuild - ----------------------------------------------------------------------
05:34:50.505 [main] DEBUG f.i.s.r.p.s.c.CheckoutPatchedBuild - Checking out patched build candidate...
05:34:50.618 [main] INFO  fr.inria.jtravis.JTravis - GitHub ratelimit: Limit: 5000 Remaining: 4372 Reset hour: 19:31:55
05:34:52.349 [main] DEBUG f.i.s.r.p.s.c.CheckoutPatchedBuild - Reproduce the PR for terasolunaorg/tutorial-apps by fetching remote branch and merging.
05:34:52.594 [main] ERROR f.i.s.r.p.s.c.CheckoutPatchedBuild - Error while testing commit: org.eclipse.jgit.errors.MissingObjectException: Missing unknown be74912f0661f19069cba5cb376f82be0f543219
05:34:52.597 [main] ERROR f.i.s.r.p.s.c.CheckoutPatchedBuild - Commit head ref cannot be retrieved from the repository: be74912f0661f19069cba5cb376f82be0f543219. Operation aborted.
05:34:52.597 [main] ERROR f.i.s.r.p.s.c.CheckoutPatchedBuild - Error while merging two commits to reproduce the PR.
05:34:52.599 [main] DEBUG f.i.s.r.p.s.c.CheckoutPatchedBuild - STEP STATUS: [ CheckoutPatchedBuildCandidate : FAILURE ( BUILDNOTCHECKEDOUT ) ]
05:34:52.599 [main] DEBUG f.i.s.r.p.s.c.CheckoutPatchedBuild - STEP DURATION: 2s
05:34:52.600 [main] DEBUG f.i.s.r.p.s.c.CheckoutPatchedBuild - TERMINATE PIPELINE
05:34:52.600 [main] DEBUG f.i.s.r.p.s.c.CheckoutPatchedBuild - FINAL STEPS SKIPPED: The reproduction of the bug and/or the patch failed.
05:34:52.601 [main] INFO  f.i.s.r.p.s.c.CheckoutPatchedBuild - Serialize all data for the pair of builds 352649713, 352672009
05:34:52.714 [main] INFO  fr.inria.jtravis.JTravis - GitHub ratelimit: Limit: 5000 Remaining: 4356 Reset hour: 19:31:55
05:34:53.264 [main] INFO  f.i.s.r.p.i.ProjectInspector - ----------------------------------------------------------------------
05:34:53.265 [main] INFO  f.i.s.r.p.i.ProjectInspector - PIPELINE EXECUTION SUMMARY
05:34:53.265 [main] INFO  f.i.s.r.p.i.ProjectInspector - ----------------------------------------------------------------------
05:34:53.266 [main] INFO  f.i.s.r.p.i.ProjectInspector - CloneRepository........................................SUCCESS [ 4 s ]
05:34:53.266 [main] INFO  f.i.s.r.p.i.ProjectInspector - CheckoutPatchedBuildCandidate..........................FAILURE [ 2 s ]
05:34:53.266 [main] INFO  f.i.s.r.p.i.ProjectInspector - ComputeSourceDir.......................................NOT RUN        
05:34:53.267 [main] INFO  f.i.s.r.p.i.ProjectInspector - ComputeTestDir.........................................NOT RUN        
05:34:53.267 [main] INFO  f.i.s.r.p.i.ProjectInspector - CheckoutBuggyBuildCandidateSourceCode..................NOT RUN        
05:34:53.268 [main] INFO  f.i.s.r.p.i.ProjectInspector - BuildProjectBuggyBuildCandidateSourceCode..............NOT RUN        
05:34:53.268 [main] INFO  f.i.s.r.p.i.ProjectInspector - TestProjectBuggyBuildCandidateSourceCode...............NOT RUN        
05:34:53.268 [main] INFO  f.i.s.r.p.i.ProjectInspector - GatherTestInformationBuggyBuildCandidateSourceCode.....NOT RUN        
05:34:53.269 [main] INFO  f.i.s.r.p.i.ProjectInspector - CheckoutBuggyBuildTestCode.............................NOT RUN        
05:34:53.269 [main] INFO  f.i.s.r.p.i.ProjectInspector - InitRepoToPush.........................................NOT RUN        
05:34:53.269 [main] INFO  f.i.s.r.p.i.ProjectInspector - ComputeClasspath.......................................NOT RUN        
05:34:53.270 [main] INFO  f.i.s.r.p.i.ProjectInspector - ComputeModules.........................................NOT RUN        
05:34:53.270 [main] INFO  f.i.s.r.p.i.ProjectInspector - CheckoutBuggyBuildCandidateSourceCode..................NOT RUN        
05:34:53.270 [main] INFO  f.i.s.r.p.i.ProjectInspector - CommitChangedTests.....................................NOT RUN        
05:34:53.271 [main] INFO  f.i.s.r.p.i.ProjectInspector - CheckoutPatchedBuildCandidate..........................NOT RUN        
05:34:53.271 [main] INFO  f.i.s.r.p.i.ProjectInspector - BuildProjectPatchedBuildCandidate......................NOT RUN        
05:34:53.271 [main] INFO  f.i.s.r.p.i.ProjectInspector - TestProjectPatchedBuildCandidate.......................NOT RUN        
05:34:53.272 [main] INFO  f.i.s.r.p.i.ProjectInspector - GatherTestInformationPatchedBuildCandidate.............NOT RUN        
05:34:53.272 [main] INFO  f.i.s.r.p.i.ProjectInspector - CommitPatch............................................NOT RUN        
05:34:53.272 [main] INFO  f.i.s.r.p.i.ProjectInspector - WritePropertyFile......................................NOT RUN        
05:34:53.273 [main] INFO  f.i.s.r.p.i.ProjectInspector - CommitProcessEnd.......................................NOT RUN        
05:34:53.273 [main] INFO  f.i.s.r.p.i.ProjectInspector - PushProcessEnd.........................................NOT RUN        
05:34:53.273 [main] INFO  f.i.s.r.p.i.ProjectInspector - ----------------------------------------------------------------------
05:34:53.274 [main] INFO  f.i.s.r.p.i.ProjectInspector - PIPELINE FINDING: BUILDNOTCHECKEDOUT
05:34:53.274 [main] INFO  f.i.s.r.p.i.ProjectInspector - ----------------------------------------------------------------------
05:34:53.275 [main] INFO  f.i.s.repairnator.pipeline.Launcher - Inspector is finished. The process will exit now.
