02:53:56.115 [main] INFO  f.i.s.repairnator.pipeline.Launcher - PIPELINE VERSION: 3.0-2018-08-09 19:04
02:53:56.258 [main] INFO  f.i.s.repairnator.pipeline.Launcher - The pipeline will try to reproduce a bug from build 326566739 and its corresponding patch from build 326571267
02:53:56.258 [main] INFO  f.i.s.repairnator.pipeline.Launcher - Initialize file serializer engines.
02:53:56.260 [main] INFO  f.i.s.repairnator.pipeline.Launcher - MongoDB won't be used for serialization.
02:53:56.260 [main] INFO  f.i.s.repairnator.pipeline.Launcher - The email notifier engine won't be used.
02:53:56.263 [main] INFO  f.i.s.repairnator.pipeline.Launcher - Start by getting the build (buildId: 326566739) with the following config: RepairnatorConfig{runId='c4edf6f8-133a-4cec-9a5e-4ad4ea8b0f50_01-18-week2-FAILING_AND_PASSING', launcherMode=BEARS, serializeJson=true, inputPath='null', outputPath='/var/log', mongodbHost='null', mongodbName='repairnator', smtpServer='null', notifyTo=[], notifyEndProcess=false, push=true, pushRemoteRepo='https://github.com/fermadeiral/bears-collection-fp', fork=false, lookFromDate=null, lookToDate=null, buildId=326566739, z3solverPath='./z3_for_linux', workspacePath='./workspace', githubToken='c8a341a903[...]', dockerImageName='null', skipDelete=false, createOutputDir=false, logDirectory='null', nbThreads=0, globalTimeout=0, whiteList=null, blackList=null, jobSleepTime=0, buildSleepTime=0, maxInspectedBuilds=0, duration=null, humanPatch=false, repository='null', clean=true, bearsMode=BOTH, bearsDelimiter = false, repairTools=NopolAllTests,NPEFix,AssertFixer,AstorJGenProg,AstorJKali,NopolSingleTest,AstorJMut,NopolTestExclusionStrategy, githubUserName= fermadeiral, githubUserEmail=fer.madeiral@gmail.com}
02:53:57.495 [main] DEBUG fr.inria.jtravis.helpers.BuildHelper - Get request to :https://api.travis-ci.org/build/326566739 done after 815 ms
02:53:57.725 [main] DEBUG fr.inria.jtravis.helpers.BuildHelper - Get request to :https://api.travis-ci.org/build/326571267 done after 138 ms
02:53:57.735 [main] INFO  f.i.s.repairnator.pipeline.Launcher - The patched build (326571267) was successfully retrieved from Travis.
02:53:58.771 [main] INFO  fr.inria.jtravis.JTravis - GitHub ratelimit: Limit: 5000 Remaining: 4874 Reset hour: 19:15:56
02:53:59.040 [main] INFO  f.i.s.r.p.i.ProjectInspector - ----------------------------------------------------------------------
02:53:59.040 [main] INFO  f.i.s.r.p.i.ProjectInspector - PIPELINE STEPS
02:53:59.040 [main] INFO  f.i.s.r.p.i.ProjectInspector - ----------------------------------------------------------------------
02:53:59.040 [main] INFO  f.i.s.r.p.i.ProjectInspector - CloneRepository
02:53:59.040 [main] INFO  f.i.s.r.p.i.ProjectInspector - CheckoutBuggyBuildCandidate
02:53:59.041 [main] INFO  f.i.s.r.p.i.ProjectInspector - ComputeSourceDir
02:53:59.041 [main] INFO  f.i.s.r.p.i.ProjectInspector - ComputeTestDir
02:53:59.041 [main] INFO  f.i.s.r.p.i.ProjectInspector - BuildProjectBuggyBuildCandidate
02:53:59.041 [main] INFO  f.i.s.r.p.i.ProjectInspector - TestProjectBuggyBuildCandidate
02:53:59.041 [main] INFO  f.i.s.r.p.i.ProjectInspector - GatherTestInformationBuggyBuildCandidate
02:53:59.042 [main] INFO  f.i.s.r.p.i.ProjectInspector - InitRepoToPush
02:53:59.042 [main] INFO  f.i.s.r.p.i.ProjectInspector - ComputeClasspath
02:53:59.042 [main] INFO  f.i.s.r.p.i.ProjectInspector - ComputeModules
02:53:59.042 [main] INFO  f.i.s.r.p.i.ProjectInspector - CheckoutPatchedBuildCandidate
02:53:59.042 [main] INFO  f.i.s.r.p.i.ProjectInspector - BuildProjectPatchedBuildCandidate
02:53:59.042 [main] INFO  f.i.s.r.p.i.ProjectInspector - TestProjectPatchedBuildCandidate
02:53:59.043 [main] INFO  f.i.s.r.p.i.ProjectInspector - GatherTestInformationPatchedBuildCandidate
02:53:59.043 [main] INFO  f.i.s.r.p.i.ProjectInspector - CommitPatch
02:53:59.043 [main] INFO  f.i.s.r.p.i.ProjectInspector - WritePropertyFile
02:53:59.043 [main] INFO  f.i.s.r.p.i.ProjectInspector - CommitProcessEnd
02:53:59.043 [main] INFO  f.i.s.r.p.i.ProjectInspector - PushProcessEnd
02:53:59.044 [main] DEBUG f.i.s.r.process.step.CloneRepository - ----------------------------------------------------------------------
02:53:59.044 [main] DEBUG f.i.s.r.process.step.CloneRepository - STEP 1/18: CloneRepository
02:53:59.044 [main] DEBUG f.i.s.r.process.step.CloneRepository - ----------------------------------------------------------------------
02:53:59.044 [main] DEBUG f.i.s.r.process.step.CloneRepository - Cloning repository batfish/batfish in the following directory: ./workspace/batfish/batfish/326566739
02:54:52.120 [main] DEBUG f.i.s.r.process.step.CloneRepository - STEP STATUS: [ CloneRepository : SUCCESS ]
02:54:52.121 [main] DEBUG f.i.s.r.process.step.CloneRepository - STEP DURATION: 53s
02:54:52.121 [main] DEBUG f.i.s.r.process.step.CloneRepository - EXECUTE NEXT STEP
02:54:52.121 [main] DEBUG f.i.s.r.p.s.c.CheckoutBuggyBuild - ----------------------------------------------------------------------
02:54:52.122 [main] DEBUG f.i.s.r.p.s.c.CheckoutBuggyBuild - STEP 2/18: CheckoutBuggyBuildCandidate
02:54:52.122 [main] DEBUG f.i.s.r.p.s.c.CheckoutBuggyBuild - ----------------------------------------------------------------------
02:54:52.122 [main] DEBUG f.i.s.r.p.s.c.CheckoutBuggyBuild - Checking out buggy build candidate...
02:54:52.162 [main] ERROR f.i.s.r.p.s.c.CheckoutBuggyBuild - Error while testing commit: org.eclipse.jgit.errors.MissingObjectException: Missing unknown ced1c491f74c4e7069c7fedcb1af18d15cac9325
02:54:52.163 [main] ERROR f.i.s.r.p.s.c.CheckoutBuggyBuild - Error while getting the commit to checkout from the repo.
02:54:52.175 [main] DEBUG f.i.s.r.p.s.c.CheckoutBuggyBuild - STEP STATUS: [ CheckoutBuggyBuildCandidate : FAILURE ( BUILDNOTCHECKEDOUT ) ]
02:54:52.175 [main] DEBUG f.i.s.r.p.s.c.CheckoutBuggyBuild - STEP DURATION: 0s
02:54:52.175 [main] DEBUG f.i.s.r.p.s.c.CheckoutBuggyBuild - TERMINATE PIPELINE
02:54:52.176 [main] DEBUG f.i.s.r.p.s.c.CheckoutBuggyBuild - FINAL STEPS SKIPPED: The reproduction of the bug and/or the patch failed.
02:54:52.176 [main] INFO  f.i.s.r.p.s.c.CheckoutBuggyBuild - Serialize all data for the pair of builds 326566739, 326571267
02:54:52.493 [main] INFO  fr.inria.jtravis.JTravis - GitHub ratelimit: Limit: 5000 Remaining: 4858 Reset hour: 19:15:56
02:54:53.365 [main] INFO  f.i.s.r.p.i.ProjectInspector - ----------------------------------------------------------------------
02:54:53.365 [main] INFO  f.i.s.r.p.i.ProjectInspector - PIPELINE EXECUTION SUMMARY
02:54:53.365 [main] INFO  f.i.s.r.p.i.ProjectInspector - ----------------------------------------------------------------------
02:54:53.366 [main] INFO  f.i.s.r.p.i.ProjectInspector - CloneRepository.......................................SUCCESS [ 53 s ]
02:54:53.366 [main] INFO  f.i.s.r.p.i.ProjectInspector - CheckoutBuggyBuildCandidate...........................FAILURE [  0 s ]
02:54:53.366 [main] INFO  f.i.s.r.p.i.ProjectInspector - ComputeSourceDir......................................NOT RUN         
02:54:53.366 [main] INFO  f.i.s.r.p.i.ProjectInspector - ComputeTestDir........................................NOT RUN         
02:54:53.366 [main] INFO  f.i.s.r.p.i.ProjectInspector - BuildProjectBuggyBuildCandidate.......................NOT RUN         
02:54:53.366 [main] INFO  f.i.s.r.p.i.ProjectInspector - TestProjectBuggyBuildCandidate........................NOT RUN         
02:54:53.366 [main] INFO  f.i.s.r.p.i.ProjectInspector - GatherTestInformationBuggyBuildCandidate..............NOT RUN         
02:54:53.366 [main] INFO  f.i.s.r.p.i.ProjectInspector - InitRepoToPush........................................NOT RUN         
02:54:53.366 [main] INFO  f.i.s.r.p.i.ProjectInspector - ComputeClasspath......................................NOT RUN         
02:54:53.366 [main] INFO  f.i.s.r.p.i.ProjectInspector - ComputeModules........................................NOT RUN         
02:54:53.367 [main] INFO  f.i.s.r.p.i.ProjectInspector - CheckoutPatchedBuildCandidate.........................NOT RUN         
02:54:53.367 [main] INFO  f.i.s.r.p.i.ProjectInspector - BuildProjectPatchedBuildCandidate.....................NOT RUN         
02:54:53.367 [main] INFO  f.i.s.r.p.i.ProjectInspector - TestProjectPatchedBuildCandidate......................NOT RUN         
02:54:53.367 [main] INFO  f.i.s.r.p.i.ProjectInspector - GatherTestInformationPatchedBuildCandidate............NOT RUN         
02:54:53.367 [main] INFO  f.i.s.r.p.i.ProjectInspector - CommitPatch...........................................NOT RUN         
02:54:53.367 [main] INFO  f.i.s.r.p.i.ProjectInspector - WritePropertyFile.....................................NOT RUN         
02:54:53.367 [main] INFO  f.i.s.r.p.i.ProjectInspector - CommitProcessEnd......................................NOT RUN         
02:54:53.367 [main] INFO  f.i.s.r.p.i.ProjectInspector - PushProcessEnd........................................NOT RUN         
02:54:53.367 [main] INFO  f.i.s.r.p.i.ProjectInspector - ----------------------------------------------------------------------
02:54:53.367 [main] INFO  f.i.s.r.p.i.ProjectInspector - PIPELINE FINDING: BUILDNOTCHECKEDOUT
02:54:53.368 [main] INFO  f.i.s.r.p.i.ProjectInspector - ----------------------------------------------------------------------
02:54:53.368 [main] INFO  f.i.s.repairnator.pipeline.Launcher - Inspector is finished. The process will exit now.
