02:58:31.878 [main] INFO  f.i.s.repairnator.pipeline.Launcher - PIPELINE VERSION: 3.0-2018-08-09 19:04
02:58:32.039 [main] INFO  f.i.s.repairnator.pipeline.Launcher - The pipeline will try to reproduce a bug from build 327778183 and its corresponding patch from build 327781306
02:58:32.039 [main] INFO  f.i.s.repairnator.pipeline.Launcher - Initialize file serializer engines.
02:58:32.042 [main] INFO  f.i.s.repairnator.pipeline.Launcher - MongoDB won't be used for serialization.
02:58:32.042 [main] INFO  f.i.s.repairnator.pipeline.Launcher - The email notifier engine won't be used.
02:58:32.046 [main] INFO  f.i.s.repairnator.pipeline.Launcher - Start by getting the build (buildId: 327778183) with the following config: RepairnatorConfig{runId='c4edf6f8-133a-4cec-9a5e-4ad4ea8b0f50_01-18-week2-FAILING_AND_PASSING', launcherMode=BEARS, serializeJson=true, inputPath='null', outputPath='/var/log', mongodbHost='null', mongodbName='repairnator', smtpServer='null', notifyTo=[], notifyEndProcess=false, push=true, pushRemoteRepo='https://github.com/fermadeiral/bears-collection-fp', fork=false, lookFromDate=null, lookToDate=null, buildId=327778183, z3solverPath='./z3_for_linux', workspacePath='./workspace', githubToken='c8a341a903[...]', dockerImageName='null', skipDelete=false, createOutputDir=false, logDirectory='null', nbThreads=0, globalTimeout=0, whiteList=null, blackList=null, jobSleepTime=0, buildSleepTime=0, maxInspectedBuilds=0, duration=null, humanPatch=false, repository='null', clean=true, bearsMode=BOTH, bearsDelimiter = false, repairTools=NopolAllTests,NPEFix,AssertFixer,AstorJGenProg,AstorJKali,NopolSingleTest,AstorJMut,NopolTestExclusionStrategy, githubUserName= fermadeiral, githubUserEmail=fer.madeiral@gmail.com}
02:58:33.500 [main] DEBUG fr.inria.jtravis.helpers.BuildHelper - Get request to :https://api.travis-ci.org/build/327778183 done after 788 ms
02:58:33.816 [main] DEBUG fr.inria.jtravis.helpers.BuildHelper - Get request to :https://api.travis-ci.org/build/327781306 done after 141 ms
02:58:33.833 [main] INFO  f.i.s.repairnator.pipeline.Launcher - The patched build (327781306) was successfully retrieved from Travis.
02:58:35.714 [main] INFO  fr.inria.jtravis.JTravis - GitHub ratelimit: Limit: 5000 Remaining: 4711 Reset hour: 19:15:56
02:58:36.003 [main] INFO  f.i.s.r.p.i.ProjectInspector - ----------------------------------------------------------------------
02:58:36.003 [main] INFO  f.i.s.r.p.i.ProjectInspector - PIPELINE STEPS
02:58:36.003 [main] INFO  f.i.s.r.p.i.ProjectInspector - ----------------------------------------------------------------------
02:58:36.003 [main] INFO  f.i.s.r.p.i.ProjectInspector - CloneRepository
02:58:36.004 [main] INFO  f.i.s.r.p.i.ProjectInspector - CheckoutBuggyBuildCandidate
02:58:36.004 [main] INFO  f.i.s.r.p.i.ProjectInspector - ComputeSourceDir
02:58:36.004 [main] INFO  f.i.s.r.p.i.ProjectInspector - ComputeTestDir
02:58:36.004 [main] INFO  f.i.s.r.p.i.ProjectInspector - BuildProjectBuggyBuildCandidate
02:58:36.005 [main] INFO  f.i.s.r.p.i.ProjectInspector - TestProjectBuggyBuildCandidate
02:58:36.005 [main] INFO  f.i.s.r.p.i.ProjectInspector - GatherTestInformationBuggyBuildCandidate
02:58:36.005 [main] INFO  f.i.s.r.p.i.ProjectInspector - InitRepoToPush
02:58:36.005 [main] INFO  f.i.s.r.p.i.ProjectInspector - ComputeClasspath
02:58:36.005 [main] INFO  f.i.s.r.p.i.ProjectInspector - ComputeModules
02:58:36.006 [main] INFO  f.i.s.r.p.i.ProjectInspector - CheckoutPatchedBuildCandidate
02:58:36.006 [main] INFO  f.i.s.r.p.i.ProjectInspector - BuildProjectPatchedBuildCandidate
02:58:36.006 [main] INFO  f.i.s.r.p.i.ProjectInspector - TestProjectPatchedBuildCandidate
02:58:36.006 [main] INFO  f.i.s.r.p.i.ProjectInspector - GatherTestInformationPatchedBuildCandidate
02:58:36.006 [main] INFO  f.i.s.r.p.i.ProjectInspector - CommitPatch
02:58:36.007 [main] INFO  f.i.s.r.p.i.ProjectInspector - WritePropertyFile
02:58:36.007 [main] INFO  f.i.s.r.p.i.ProjectInspector - CommitProcessEnd
02:58:36.007 [main] INFO  f.i.s.r.p.i.ProjectInspector - PushProcessEnd
02:58:36.007 [main] DEBUG f.i.s.r.process.step.CloneRepository - ----------------------------------------------------------------------
02:58:36.008 [main] DEBUG f.i.s.r.process.step.CloneRepository - STEP 1/18: CloneRepository
02:58:36.008 [main] DEBUG f.i.s.r.process.step.CloneRepository - ----------------------------------------------------------------------
02:58:36.008 [main] DEBUG f.i.s.r.process.step.CloneRepository - Cloning repository runelite/runelite in the following directory: ./workspace/runelite/runelite/327778183
02:58:49.547 [main] DEBUG f.i.s.r.process.step.CloneRepository - STEP STATUS: [ CloneRepository : SUCCESS ]
02:58:49.548 [main] DEBUG f.i.s.r.process.step.CloneRepository - STEP DURATION: 13s
02:58:49.548 [main] DEBUG f.i.s.r.process.step.CloneRepository - EXECUTE NEXT STEP
02:58:49.549 [main] DEBUG f.i.s.r.p.s.c.CheckoutBuggyBuild - ----------------------------------------------------------------------
02:58:49.549 [main] DEBUG f.i.s.r.p.s.c.CheckoutBuggyBuild - STEP 2/18: CheckoutBuggyBuildCandidate
02:58:49.549 [main] DEBUG f.i.s.r.p.s.c.CheckoutBuggyBuild - ----------------------------------------------------------------------
02:58:49.550 [main] DEBUG f.i.s.r.p.s.c.CheckoutBuggyBuild - Checking out buggy build candidate...
02:58:49.900 [main] INFO  fr.inria.jtravis.JTravis - GitHub ratelimit: Limit: 5000 Remaining: 4710 Reset hour: 19:15:56
02:58:50.293 [main] WARN  f.i.j.helpers.PullRequestHelper - The head repository is null: maybe it has been deleted from GitHub
02:58:50.294 [main] ERROR f.i.s.r.p.s.c.CheckoutBuggyBuild - Error while getting PR information.
02:58:50.295 [main] DEBUG f.i.s.r.p.s.c.CheckoutBuggyBuild - STEP STATUS: [ CheckoutBuggyBuildCandidate : FAILURE ( BUILDNOTCHECKEDOUT ) ]
02:58:50.296 [main] DEBUG f.i.s.r.p.s.c.CheckoutBuggyBuild - STEP DURATION: 0s
02:58:50.296 [main] DEBUG f.i.s.r.p.s.c.CheckoutBuggyBuild - TERMINATE PIPELINE
02:58:50.297 [main] DEBUG f.i.s.r.p.s.c.CheckoutBuggyBuild - FINAL STEPS SKIPPED: The reproduction of the bug and/or the patch failed.
02:58:50.298 [main] INFO  f.i.s.r.p.s.c.CheckoutBuggyBuild - Serialize all data for the pair of builds 327778183, 327781306
02:58:50.434 [main] INFO  fr.inria.jtravis.JTravis - GitHub ratelimit: Limit: 5000 Remaining: 4708 Reset hour: 19:15:56
02:58:51.328 [main] INFO  f.i.s.r.p.i.ProjectInspector - ----------------------------------------------------------------------
02:58:51.328 [main] INFO  f.i.s.r.p.i.ProjectInspector - PIPELINE EXECUTION SUMMARY
02:58:51.329 [main] INFO  f.i.s.r.p.i.ProjectInspector - ----------------------------------------------------------------------
02:58:51.329 [main] INFO  f.i.s.r.p.i.ProjectInspector - CloneRepository.......................................SUCCESS [ 13 s ]
02:58:51.330 [main] INFO  f.i.s.r.p.i.ProjectInspector - CheckoutBuggyBuildCandidate...........................FAILURE [  0 s ]
02:58:51.330 [main] INFO  f.i.s.r.p.i.ProjectInspector - ComputeSourceDir......................................NOT RUN         
02:58:51.330 [main] INFO  f.i.s.r.p.i.ProjectInspector - ComputeTestDir........................................NOT RUN         
02:58:51.331 [main] INFO  f.i.s.r.p.i.ProjectInspector - BuildProjectBuggyBuildCandidate.......................NOT RUN         
02:58:51.331 [main] INFO  f.i.s.r.p.i.ProjectInspector - TestProjectBuggyBuildCandidate........................NOT RUN         
02:58:51.331 [main] INFO  f.i.s.r.p.i.ProjectInspector - GatherTestInformationBuggyBuildCandidate..............NOT RUN         
02:58:51.332 [main] INFO  f.i.s.r.p.i.ProjectInspector - InitRepoToPush........................................NOT RUN         
02:58:51.332 [main] INFO  f.i.s.r.p.i.ProjectInspector - ComputeClasspath......................................NOT RUN         
02:58:51.332 [main] INFO  f.i.s.r.p.i.ProjectInspector - ComputeModules........................................NOT RUN         
02:58:51.333 [main] INFO  f.i.s.r.p.i.ProjectInspector - CheckoutPatchedBuildCandidate.........................NOT RUN         
02:58:51.333 [main] INFO  f.i.s.r.p.i.ProjectInspector - BuildProjectPatchedBuildCandidate.....................NOT RUN         
02:58:51.333 [main] INFO  f.i.s.r.p.i.ProjectInspector - TestProjectPatchedBuildCandidate......................NOT RUN         
02:58:51.334 [main] INFO  f.i.s.r.p.i.ProjectInspector - GatherTestInformationPatchedBuildCandidate............NOT RUN         
02:58:51.334 [main] INFO  f.i.s.r.p.i.ProjectInspector - CommitPatch...........................................NOT RUN         
02:58:51.334 [main] INFO  f.i.s.r.p.i.ProjectInspector - WritePropertyFile.....................................NOT RUN         
02:58:51.335 [main] INFO  f.i.s.r.p.i.ProjectInspector - CommitProcessEnd......................................NOT RUN         
02:58:51.335 [main] INFO  f.i.s.r.p.i.ProjectInspector - PushProcessEnd........................................NOT RUN         
02:58:51.335 [main] INFO  f.i.s.r.p.i.ProjectInspector - ----------------------------------------------------------------------
02:58:51.335 [main] INFO  f.i.s.r.p.i.ProjectInspector - PIPELINE FINDING: BUILDNOTCHECKEDOUT
02:58:51.336 [main] INFO  f.i.s.r.p.i.ProjectInspector - ----------------------------------------------------------------------
02:58:51.336 [main] INFO  f.i.s.repairnator.pipeline.Launcher - Inspector is finished. The process will exit now.
