02:57:35.439 [main] INFO  f.i.s.repairnator.pipeline.Launcher - PIPELINE VERSION: 3.0-2018-08-09 19:04
02:57:35.560 [main] INFO  f.i.s.repairnator.pipeline.Launcher - The pipeline will try to reproduce a bug from build 328605297 and its corresponding patch from build 328607551
02:57:35.560 [main] INFO  f.i.s.repairnator.pipeline.Launcher - Initialize file serializer engines.
02:57:35.562 [main] INFO  f.i.s.repairnator.pipeline.Launcher - MongoDB won't be used for serialization.
02:57:35.562 [main] INFO  f.i.s.repairnator.pipeline.Launcher - The email notifier engine won't be used.
02:57:35.565 [main] INFO  f.i.s.repairnator.pipeline.Launcher - Start by getting the build (buildId: 328605297) with the following config: RepairnatorConfig{runId='c4edf6f8-133a-4cec-9a5e-4ad4ea8b0f50_01-18-week2-FAILING_AND_PASSING', launcherMode=BEARS, serializeJson=true, inputPath='null', outputPath='/var/log', mongodbHost='null', mongodbName='repairnator', smtpServer='null', notifyTo=[], notifyEndProcess=false, push=true, pushRemoteRepo='https://github.com/fermadeiral/bears-collection-fp', fork=false, lookFromDate=null, lookToDate=null, buildId=328605297, z3solverPath='./z3_for_linux', workspacePath='./workspace', githubToken='c8a341a903[...]', dockerImageName='null', skipDelete=false, createOutputDir=false, logDirectory='null', nbThreads=0, globalTimeout=0, whiteList=null, blackList=null, jobSleepTime=0, buildSleepTime=0, maxInspectedBuilds=0, duration=null, humanPatch=false, repository='null', clean=true, bearsMode=BOTH, bearsDelimiter = false, repairTools=NopolAllTests,NPEFix,AssertFixer,AstorJGenProg,AstorJKali,NopolSingleTest,AstorJMut,NopolTestExclusionStrategy, githubUserName= fermadeiral, githubUserEmail=fer.madeiral@gmail.com}
02:57:36.774 [main] DEBUG fr.inria.jtravis.helpers.BuildHelper - Get request to :https://api.travis-ci.org/build/328605297 done after 826 ms
02:57:37.024 [main] DEBUG fr.inria.jtravis.helpers.BuildHelper - Get request to :https://api.travis-ci.org/build/328607551 done after 158 ms
02:57:37.040 [main] INFO  f.i.s.repairnator.pipeline.Launcher - The patched build (328607551) was successfully retrieved from Travis.
02:57:38.061 [main] INFO  fr.inria.jtravis.JTravis - GitHub ratelimit: Limit: 5000 Remaining: 4750 Reset hour: 19:15:56
02:57:38.296 [main] INFO  f.i.s.r.p.i.ProjectInspector - ----------------------------------------------------------------------
02:57:38.297 [main] INFO  f.i.s.r.p.i.ProjectInspector - PIPELINE STEPS
02:57:38.297 [main] INFO  f.i.s.r.p.i.ProjectInspector - ----------------------------------------------------------------------
02:57:38.297 [main] INFO  f.i.s.r.p.i.ProjectInspector - CloneRepository
02:57:38.297 [main] INFO  f.i.s.r.p.i.ProjectInspector - CheckoutBuggyBuildCandidate
02:57:38.297 [main] INFO  f.i.s.r.p.i.ProjectInspector - ComputeSourceDir
02:57:38.297 [main] INFO  f.i.s.r.p.i.ProjectInspector - ComputeTestDir
02:57:38.298 [main] INFO  f.i.s.r.p.i.ProjectInspector - BuildProjectBuggyBuildCandidate
02:57:38.298 [main] INFO  f.i.s.r.p.i.ProjectInspector - TestProjectBuggyBuildCandidate
02:57:38.298 [main] INFO  f.i.s.r.p.i.ProjectInspector - GatherTestInformationBuggyBuildCandidate
02:57:38.298 [main] INFO  f.i.s.r.p.i.ProjectInspector - InitRepoToPush
02:57:38.298 [main] INFO  f.i.s.r.p.i.ProjectInspector - ComputeClasspath
02:57:38.298 [main] INFO  f.i.s.r.p.i.ProjectInspector - ComputeModules
02:57:38.298 [main] INFO  f.i.s.r.p.i.ProjectInspector - CheckoutPatchedBuildCandidate
02:57:38.299 [main] INFO  f.i.s.r.p.i.ProjectInspector - BuildProjectPatchedBuildCandidate
02:57:38.299 [main] INFO  f.i.s.r.p.i.ProjectInspector - TestProjectPatchedBuildCandidate
02:57:38.299 [main] INFO  f.i.s.r.p.i.ProjectInspector - GatherTestInformationPatchedBuildCandidate
02:57:38.299 [main] INFO  f.i.s.r.p.i.ProjectInspector - CommitPatch
02:57:38.299 [main] INFO  f.i.s.r.p.i.ProjectInspector - WritePropertyFile
02:57:38.300 [main] INFO  f.i.s.r.p.i.ProjectInspector - CommitProcessEnd
02:57:38.300 [main] INFO  f.i.s.r.p.i.ProjectInspector - PushProcessEnd
02:57:38.300 [main] DEBUG f.i.s.r.process.step.CloneRepository - ----------------------------------------------------------------------
02:57:38.300 [main] DEBUG f.i.s.r.process.step.CloneRepository - STEP 1/18: CloneRepository
02:57:38.301 [main] DEBUG f.i.s.r.process.step.CloneRepository - ----------------------------------------------------------------------
02:57:38.301 [main] DEBUG f.i.s.r.process.step.CloneRepository - Cloning repository runelite/runelite in the following directory: ./workspace/runelite/runelite/328605297
02:57:48.214 [main] DEBUG f.i.s.r.process.step.CloneRepository - STEP STATUS: [ CloneRepository : SUCCESS ]
02:57:48.214 [main] DEBUG f.i.s.r.process.step.CloneRepository - STEP DURATION: 9s
02:57:48.215 [main] DEBUG f.i.s.r.process.step.CloneRepository - EXECUTE NEXT STEP
02:57:48.215 [main] DEBUG f.i.s.r.p.s.c.CheckoutBuggyBuild - ----------------------------------------------------------------------
02:57:48.215 [main] DEBUG f.i.s.r.p.s.c.CheckoutBuggyBuild - STEP 2/18: CheckoutBuggyBuildCandidate
02:57:48.215 [main] DEBUG f.i.s.r.p.s.c.CheckoutBuggyBuild - ----------------------------------------------------------------------
02:57:48.215 [main] DEBUG f.i.s.r.p.s.c.CheckoutBuggyBuild - Checking out buggy build candidate...
02:57:48.531 [main] INFO  fr.inria.jtravis.JTravis - GitHub ratelimit: Limit: 5000 Remaining: 4747 Reset hour: 19:15:56
02:57:50.643 [main] DEBUG f.i.s.r.p.s.c.CheckoutBuggyBuild - Reproduce the PR for runelite/runelite by fetching remote branch and merging.
02:58:02.849 [main] ERROR f.i.s.r.p.s.c.CheckoutBuggyBuild - Error while testing commit: org.eclipse.jgit.errors.MissingObjectException: Missing unknown 3fa1d6668c82c065d8eacb39dfa401ad47bc2c70
02:58:02.854 [main] ERROR f.i.s.r.p.s.c.CheckoutBuggyBuild - Commit head ref cannot be retrieved from the repository: 3fa1d6668c82c065d8eacb39dfa401ad47bc2c70. Operation aborted.
02:58:02.855 [main] ERROR f.i.s.r.p.s.c.CheckoutBuggyBuild - Error while merging two commits to reproduce the PR.
02:58:02.856 [main] DEBUG f.i.s.r.p.s.c.CheckoutBuggyBuild - STEP STATUS: [ CheckoutBuggyBuildCandidate : FAILURE ( BUILDNOTCHECKEDOUT ) ]
02:58:02.856 [main] DEBUG f.i.s.r.p.s.c.CheckoutBuggyBuild - STEP DURATION: 14s
02:58:02.856 [main] DEBUG f.i.s.r.p.s.c.CheckoutBuggyBuild - TERMINATE PIPELINE
02:58:02.856 [main] DEBUG f.i.s.r.p.s.c.CheckoutBuggyBuild - FINAL STEPS SKIPPED: The reproduction of the bug and/or the patch failed.
02:58:02.856 [main] INFO  f.i.s.r.p.s.c.CheckoutBuggyBuild - Serialize all data for the pair of builds 328605297, 328607551
02:58:03.169 [main] INFO  fr.inria.jtravis.JTravis - GitHub ratelimit: Limit: 5000 Remaining: 4734 Reset hour: 19:15:56
02:58:04.525 [main] INFO  f.i.s.r.p.i.ProjectInspector - ----------------------------------------------------------------------
02:58:04.525 [main] INFO  f.i.s.r.p.i.ProjectInspector - PIPELINE EXECUTION SUMMARY
02:58:04.526 [main] INFO  f.i.s.r.p.i.ProjectInspector - ----------------------------------------------------------------------
02:58:04.526 [main] INFO  f.i.s.r.p.i.ProjectInspector - CloneRepository.......................................SUCCESS [  9 s ]
02:58:04.526 [main] INFO  f.i.s.r.p.i.ProjectInspector - CheckoutBuggyBuildCandidate...........................FAILURE [ 14 s ]
02:58:04.527 [main] INFO  f.i.s.r.p.i.ProjectInspector - ComputeSourceDir......................................NOT RUN         
02:58:04.528 [main] INFO  f.i.s.r.p.i.ProjectInspector - ComputeTestDir........................................NOT RUN         
02:58:04.528 [main] INFO  f.i.s.r.p.i.ProjectInspector - BuildProjectBuggyBuildCandidate.......................NOT RUN         
02:58:04.528 [main] INFO  f.i.s.r.p.i.ProjectInspector - TestProjectBuggyBuildCandidate........................NOT RUN         
02:58:04.528 [main] INFO  f.i.s.r.p.i.ProjectInspector - GatherTestInformationBuggyBuildCandidate..............NOT RUN         
02:58:04.529 [main] INFO  f.i.s.r.p.i.ProjectInspector - InitRepoToPush........................................NOT RUN         
02:58:04.533 [main] INFO  f.i.s.r.p.i.ProjectInspector - ComputeClasspath......................................NOT RUN         
02:58:04.533 [main] INFO  f.i.s.r.p.i.ProjectInspector - ComputeModules........................................NOT RUN         
02:58:04.533 [main] INFO  f.i.s.r.p.i.ProjectInspector - CheckoutPatchedBuildCandidate.........................NOT RUN         
02:58:04.533 [main] INFO  f.i.s.r.p.i.ProjectInspector - BuildProjectPatchedBuildCandidate.....................NOT RUN         
02:58:04.533 [main] INFO  f.i.s.r.p.i.ProjectInspector - TestProjectPatchedBuildCandidate......................NOT RUN         
02:58:04.534 [main] INFO  f.i.s.r.p.i.ProjectInspector - GatherTestInformationPatchedBuildCandidate............NOT RUN         
02:58:04.534 [main] INFO  f.i.s.r.p.i.ProjectInspector - CommitPatch...........................................NOT RUN         
02:58:04.534 [main] INFO  f.i.s.r.p.i.ProjectInspector - WritePropertyFile.....................................NOT RUN         
02:58:04.534 [main] INFO  f.i.s.r.p.i.ProjectInspector - CommitProcessEnd......................................NOT RUN         
02:58:04.535 [main] INFO  f.i.s.r.p.i.ProjectInspector - PushProcessEnd........................................NOT RUN         
02:58:04.535 [main] INFO  f.i.s.r.p.i.ProjectInspector - ----------------------------------------------------------------------
02:58:04.535 [main] INFO  f.i.s.r.p.i.ProjectInspector - PIPELINE FINDING: BUILDNOTCHECKEDOUT
02:58:04.535 [main] INFO  f.i.s.r.p.i.ProjectInspector - ----------------------------------------------------------------------
02:58:04.536 [main] INFO  f.i.s.repairnator.pipeline.Launcher - Inspector is finished. The process will exit now.
