02:30:19.949 [main] INFO  f.i.s.repairnator.pipeline.Launcher - PIPELINE VERSION: 3.0-2018-08-09 19:04
02:30:20.114 [main] INFO  f.i.s.repairnator.pipeline.Launcher - The pipeline will try to reproduce a bug from build 325070287 and its corresponding patch from build 326986010
02:30:20.114 [main] INFO  f.i.s.repairnator.pipeline.Launcher - Initialize file serializer engines.
02:30:20.116 [main] INFO  f.i.s.repairnator.pipeline.Launcher - MongoDB won't be used for serialization.
02:30:20.116 [main] INFO  f.i.s.repairnator.pipeline.Launcher - The email notifier engine won't be used.
02:30:20.119 [main] INFO  f.i.s.repairnator.pipeline.Launcher - Start by getting the build (buildId: 325070287) with the following config: RepairnatorConfig{runId='c4edf6f8-133a-4cec-9a5e-4ad4ea8b0f50_01-18-week2-FAILING_AND_PASSING', launcherMode=BEARS, serializeJson=true, inputPath='null', outputPath='/var/log', mongodbHost='null', mongodbName='repairnator', smtpServer='null', notifyTo=[], notifyEndProcess=false, push=true, pushRemoteRepo='https://github.com/fermadeiral/bears-collection-fp', fork=false, lookFromDate=null, lookToDate=null, buildId=325070287, z3solverPath='./z3_for_linux', workspacePath='./workspace', githubToken='c8a341a903[...]', dockerImageName='null', skipDelete=false, createOutputDir=false, logDirectory='null', nbThreads=0, globalTimeout=0, whiteList=null, blackList=null, jobSleepTime=0, buildSleepTime=0, maxInspectedBuilds=0, duration=null, humanPatch=false, repository='null', clean=true, bearsMode=BOTH, bearsDelimiter = false, repairTools=NopolAllTests,NPEFix,AssertFixer,AstorJGenProg,AstorJKali,NopolSingleTest,AstorJMut,NopolTestExclusionStrategy, githubUserName= fermadeiral, githubUserEmail=fer.madeiral@gmail.com}
02:30:21.561 [main] DEBUG fr.inria.jtravis.helpers.BuildHelper - Get request to :https://api.travis-ci.org/build/325070287 done after 972 ms
02:30:22.007 [main] DEBUG fr.inria.jtravis.helpers.BuildHelper - Get request to :https://api.travis-ci.org/build/326986010 done after 344 ms
02:30:22.019 [main] INFO  f.i.s.repairnator.pipeline.Launcher - The patched build (326986010) was successfully retrieved from Travis.
02:30:23.106 [main] INFO  fr.inria.jtravis.JTravis - GitHub ratelimit: Limit: 5000 Remaining: 4910 Reset hour: 19:15:52
02:30:23.408 [main] INFO  f.i.s.r.p.i.ProjectInspector - ----------------------------------------------------------------------
02:30:23.408 [main] INFO  f.i.s.r.p.i.ProjectInspector - PIPELINE STEPS
02:30:23.408 [main] INFO  f.i.s.r.p.i.ProjectInspector - ----------------------------------------------------------------------
02:30:23.409 [main] INFO  f.i.s.r.p.i.ProjectInspector - CloneRepository
02:30:23.409 [main] INFO  f.i.s.r.p.i.ProjectInspector - CheckoutBuggyBuildCandidate
02:30:23.409 [main] INFO  f.i.s.r.p.i.ProjectInspector - ComputeSourceDir
02:30:23.410 [main] INFO  f.i.s.r.p.i.ProjectInspector - ComputeTestDir
02:30:23.410 [main] INFO  f.i.s.r.p.i.ProjectInspector - BuildProjectBuggyBuildCandidate
02:30:23.410 [main] INFO  f.i.s.r.p.i.ProjectInspector - TestProjectBuggyBuildCandidate
02:30:23.411 [main] INFO  f.i.s.r.p.i.ProjectInspector - GatherTestInformationBuggyBuildCandidate
02:30:23.411 [main] INFO  f.i.s.r.p.i.ProjectInspector - InitRepoToPush
02:30:23.411 [main] INFO  f.i.s.r.p.i.ProjectInspector - ComputeClasspath
02:30:23.411 [main] INFO  f.i.s.r.p.i.ProjectInspector - ComputeModules
02:30:23.412 [main] INFO  f.i.s.r.p.i.ProjectInspector - CheckoutPatchedBuildCandidate
02:30:23.412 [main] INFO  f.i.s.r.p.i.ProjectInspector - BuildProjectPatchedBuildCandidate
02:30:23.412 [main] INFO  f.i.s.r.p.i.ProjectInspector - TestProjectPatchedBuildCandidate
02:30:23.413 [main] INFO  f.i.s.r.p.i.ProjectInspector - GatherTestInformationPatchedBuildCandidate
02:30:23.413 [main] INFO  f.i.s.r.p.i.ProjectInspector - CommitPatch
02:30:23.413 [main] INFO  f.i.s.r.p.i.ProjectInspector - WritePropertyFile
02:30:23.414 [main] INFO  f.i.s.r.p.i.ProjectInspector - CommitProcessEnd
02:30:23.414 [main] INFO  f.i.s.r.p.i.ProjectInspector - PushProcessEnd
02:30:23.415 [main] DEBUG f.i.s.r.process.step.CloneRepository - ----------------------------------------------------------------------
02:30:23.415 [main] DEBUG f.i.s.r.process.step.CloneRepository - STEP 1/18: CloneRepository
02:30:23.415 [main] DEBUG f.i.s.r.process.step.CloneRepository - ----------------------------------------------------------------------
02:30:23.416 [main] DEBUG f.i.s.r.process.step.CloneRepository - Cloning repository apache/nifi in the following directory: ./workspace/apache/nifi/325070287
02:31:00.019 [main] DEBUG f.i.s.r.process.step.CloneRepository - STEP STATUS: [ CloneRepository : SUCCESS ]
02:31:00.020 [main] DEBUG f.i.s.r.process.step.CloneRepository - STEP DURATION: 36s
02:31:00.020 [main] DEBUG f.i.s.r.process.step.CloneRepository - EXECUTE NEXT STEP
02:31:00.021 [main] DEBUG f.i.s.r.p.s.c.CheckoutBuggyBuild - ----------------------------------------------------------------------
02:31:00.021 [main] DEBUG f.i.s.r.p.s.c.CheckoutBuggyBuild - STEP 2/18: CheckoutBuggyBuildCandidate
02:31:00.022 [main] DEBUG f.i.s.r.p.s.c.CheckoutBuggyBuild - ----------------------------------------------------------------------
02:31:00.022 [main] DEBUG f.i.s.r.p.s.c.CheckoutBuggyBuild - Checking out buggy build candidate...
02:31:00.389 [main] INFO  fr.inria.jtravis.JTravis - GitHub ratelimit: Limit: 5000 Remaining: 4909 Reset hour: 19:15:52
02:31:03.473 [main] DEBUG f.i.s.r.p.s.c.CheckoutBuggyBuild - Reproduce the PR for apache/nifi by fetching remote branch and merging.
02:31:08.538 [main] ERROR f.i.s.r.p.s.c.CheckoutBuggyBuild - Error while testing commit: org.eclipse.jgit.errors.MissingObjectException: Missing unknown adf5bc21ef290d1dd713cedff51478cec836b87a
02:31:08.540 [main] ERROR f.i.s.r.p.s.c.CheckoutBuggyBuild - Commit head ref cannot be retrieved from the repository: adf5bc21ef290d1dd713cedff51478cec836b87a. Operation aborted.
02:31:08.540 [main] ERROR f.i.s.r.p.s.c.CheckoutBuggyBuild - Error while merging two commits to reproduce the PR.
02:31:08.542 [main] DEBUG f.i.s.r.p.s.c.CheckoutBuggyBuild - STEP STATUS: [ CheckoutBuggyBuildCandidate : FAILURE ( BUILDNOTCHECKEDOUT ) ]
02:31:08.542 [main] DEBUG f.i.s.r.p.s.c.CheckoutBuggyBuild - STEP DURATION: 8s
02:31:08.542 [main] DEBUG f.i.s.r.p.s.c.CheckoutBuggyBuild - TERMINATE PIPELINE
02:31:08.543 [main] DEBUG f.i.s.r.p.s.c.CheckoutBuggyBuild - FINAL STEPS SKIPPED: The reproduction of the bug and/or the patch failed.
02:31:08.544 [main] INFO  f.i.s.r.p.s.c.CheckoutBuggyBuild - Serialize all data for the pair of builds 325070287, 326986010
02:31:08.883 [main] INFO  fr.inria.jtravis.JTravis - GitHub ratelimit: Limit: 5000 Remaining: 4902 Reset hour: 19:15:52
02:31:10.954 [main] INFO  f.i.s.r.p.i.ProjectInspector - ----------------------------------------------------------------------
02:31:10.954 [main] INFO  f.i.s.r.p.i.ProjectInspector - PIPELINE EXECUTION SUMMARY
02:31:10.954 [main] INFO  f.i.s.r.p.i.ProjectInspector - ----------------------------------------------------------------------
02:31:10.955 [main] INFO  f.i.s.r.p.i.ProjectInspector - CloneRepository.......................................SUCCESS [ 36 s ]
02:31:10.955 [main] INFO  f.i.s.r.p.i.ProjectInspector - CheckoutBuggyBuildCandidate...........................FAILURE [  8 s ]
02:31:10.956 [main] INFO  f.i.s.r.p.i.ProjectInspector - ComputeSourceDir......................................NOT RUN         
02:31:10.956 [main] INFO  f.i.s.r.p.i.ProjectInspector - ComputeTestDir........................................NOT RUN         
02:31:10.956 [main] INFO  f.i.s.r.p.i.ProjectInspector - BuildProjectBuggyBuildCandidate.......................NOT RUN         
02:31:10.956 [main] INFO  f.i.s.r.p.i.ProjectInspector - TestProjectBuggyBuildCandidate........................NOT RUN         
02:31:10.957 [main] INFO  f.i.s.r.p.i.ProjectInspector - GatherTestInformationBuggyBuildCandidate..............NOT RUN         
02:31:10.957 [main] INFO  f.i.s.r.p.i.ProjectInspector - InitRepoToPush........................................NOT RUN         
02:31:10.957 [main] INFO  f.i.s.r.p.i.ProjectInspector - ComputeClasspath......................................NOT RUN         
02:31:10.957 [main] INFO  f.i.s.r.p.i.ProjectInspector - ComputeModules........................................NOT RUN         
02:31:10.958 [main] INFO  f.i.s.r.p.i.ProjectInspector - CheckoutPatchedBuildCandidate.........................NOT RUN         
02:31:10.958 [main] INFO  f.i.s.r.p.i.ProjectInspector - BuildProjectPatchedBuildCandidate.....................NOT RUN         
02:31:10.958 [main] INFO  f.i.s.r.p.i.ProjectInspector - TestProjectPatchedBuildCandidate......................NOT RUN         
02:31:10.958 [main] INFO  f.i.s.r.p.i.ProjectInspector - GatherTestInformationPatchedBuildCandidate............NOT RUN         
02:31:10.959 [main] INFO  f.i.s.r.p.i.ProjectInspector - CommitPatch...........................................NOT RUN         
02:31:10.959 [main] INFO  f.i.s.r.p.i.ProjectInspector - WritePropertyFile.....................................NOT RUN         
02:31:10.959 [main] INFO  f.i.s.r.p.i.ProjectInspector - CommitProcessEnd......................................NOT RUN         
02:31:10.959 [main] INFO  f.i.s.r.p.i.ProjectInspector - PushProcessEnd........................................NOT RUN         
02:31:10.959 [main] INFO  f.i.s.r.p.i.ProjectInspector - ----------------------------------------------------------------------
02:31:10.959 [main] INFO  f.i.s.r.p.i.ProjectInspector - PIPELINE FINDING: BUILDNOTCHECKEDOUT
02:31:10.960 [main] INFO  f.i.s.r.p.i.ProjectInspector - ----------------------------------------------------------------------
02:31:10.960 [main] INFO  f.i.s.repairnator.pipeline.Launcher - Inspector is finished. The process will exit now.
