02:49:59.916 [main] INFO  f.i.s.repairnator.pipeline.Launcher - PIPELINE VERSION: 3.0-2018-08-09 19:04
02:50:00.046 [main] INFO  f.i.s.repairnator.pipeline.Launcher - The pipeline will try to reproduce a bug from build 326069604 and its corresponding patch from build 326268380
02:50:00.046 [main] INFO  f.i.s.repairnator.pipeline.Launcher - Initialize file serializer engines.
02:50:00.048 [main] INFO  f.i.s.repairnator.pipeline.Launcher - MongoDB won't be used for serialization.
02:50:00.048 [main] INFO  f.i.s.repairnator.pipeline.Launcher - The email notifier engine won't be used.
02:50:00.051 [main] INFO  f.i.s.repairnator.pipeline.Launcher - Start by getting the build (buildId: 326069604) with the following config: RepairnatorConfig{runId='c4edf6f8-133a-4cec-9a5e-4ad4ea8b0f50_01-18-week2-FAILING_AND_PASSING', launcherMode=BEARS, serializeJson=true, inputPath='null', outputPath='/var/log', mongodbHost='null', mongodbName='repairnator', smtpServer='null', notifyTo=[], notifyEndProcess=false, push=true, pushRemoteRepo='https://github.com/fermadeiral/bears-collection-fp', fork=false, lookFromDate=null, lookToDate=null, buildId=326069604, z3solverPath='./z3_for_linux', workspacePath='./workspace', githubToken='c8a341a903[...]', dockerImageName='null', skipDelete=false, createOutputDir=false, logDirectory='null', nbThreads=0, globalTimeout=0, whiteList=null, blackList=null, jobSleepTime=0, buildSleepTime=0, maxInspectedBuilds=0, duration=null, humanPatch=false, repository='null', clean=true, bearsMode=BOTH, bearsDelimiter = false, repairTools=NopolAllTests,NPEFix,AssertFixer,AstorJGenProg,AstorJKali,NopolSingleTest,AstorJMut,NopolTestExclusionStrategy, githubUserName= fermadeiral, githubUserEmail=fer.madeiral@gmail.com}
02:50:01.513 [main] DEBUG fr.inria.jtravis.helpers.BuildHelper - Get request to :https://api.travis-ci.org/build/326069604 done after 1059 ms
02:50:01.761 [main] DEBUG fr.inria.jtravis.helpers.BuildHelper - Get request to :https://api.travis-ci.org/build/326268380 done after 141 ms
02:50:01.786 [main] INFO  f.i.s.repairnator.pipeline.Launcher - The patched build (326268380) was successfully retrieved from Travis.
02:50:03.028 [main] INFO  fr.inria.jtravis.JTravis - GitHub ratelimit: Limit: 5000 Remaining: 4939 Reset hour: 19:15:56
02:50:03.291 [main] INFO  f.i.s.r.p.i.ProjectInspector - ----------------------------------------------------------------------
02:50:03.291 [main] INFO  f.i.s.r.p.i.ProjectInspector - PIPELINE STEPS
02:50:03.292 [main] INFO  f.i.s.r.p.i.ProjectInspector - ----------------------------------------------------------------------
02:50:03.292 [main] INFO  f.i.s.r.p.i.ProjectInspector - CloneRepository
02:50:03.292 [main] INFO  f.i.s.r.p.i.ProjectInspector - CheckoutBuggyBuildCandidate
02:50:03.292 [main] INFO  f.i.s.r.p.i.ProjectInspector - ComputeSourceDir
02:50:03.292 [main] INFO  f.i.s.r.p.i.ProjectInspector - ComputeTestDir
02:50:03.292 [main] INFO  f.i.s.r.p.i.ProjectInspector - BuildProjectBuggyBuildCandidate
02:50:03.292 [main] INFO  f.i.s.r.p.i.ProjectInspector - TestProjectBuggyBuildCandidate
02:50:03.292 [main] INFO  f.i.s.r.p.i.ProjectInspector - GatherTestInformationBuggyBuildCandidate
02:50:03.293 [main] INFO  f.i.s.r.p.i.ProjectInspector - InitRepoToPush
02:50:03.293 [main] INFO  f.i.s.r.p.i.ProjectInspector - ComputeClasspath
02:50:03.293 [main] INFO  f.i.s.r.p.i.ProjectInspector - ComputeModules
02:50:03.293 [main] INFO  f.i.s.r.p.i.ProjectInspector - CheckoutPatchedBuildCandidate
02:50:03.293 [main] INFO  f.i.s.r.p.i.ProjectInspector - BuildProjectPatchedBuildCandidate
02:50:03.293 [main] INFO  f.i.s.r.p.i.ProjectInspector - TestProjectPatchedBuildCandidate
02:50:03.293 [main] INFO  f.i.s.r.p.i.ProjectInspector - GatherTestInformationPatchedBuildCandidate
02:50:03.293 [main] INFO  f.i.s.r.p.i.ProjectInspector - CommitPatch
02:50:03.294 [main] INFO  f.i.s.r.p.i.ProjectInspector - WritePropertyFile
02:50:03.294 [main] INFO  f.i.s.r.p.i.ProjectInspector - CommitProcessEnd
02:50:03.294 [main] INFO  f.i.s.r.p.i.ProjectInspector - PushProcessEnd
02:50:03.294 [main] DEBUG f.i.s.r.process.step.CloneRepository - ----------------------------------------------------------------------
02:50:03.295 [main] DEBUG f.i.s.r.process.step.CloneRepository - STEP 1/18: CloneRepository
02:50:03.295 [main] DEBUG f.i.s.r.process.step.CloneRepository - ----------------------------------------------------------------------
02:50:03.295 [main] DEBUG f.i.s.r.process.step.CloneRepository - Cloning repository EnMasseProject/enmasse in the following directory: ./workspace/EnMasseProject/enmasse/326069604
02:50:31.176 [main] DEBUG f.i.s.r.process.step.CloneRepository - STEP STATUS: [ CloneRepository : SUCCESS ]
02:50:31.176 [main] DEBUG f.i.s.r.process.step.CloneRepository - STEP DURATION: 27s
02:50:31.176 [main] DEBUG f.i.s.r.process.step.CloneRepository - EXECUTE NEXT STEP
02:50:31.177 [main] DEBUG f.i.s.r.p.s.c.CheckoutBuggyBuild - ----------------------------------------------------------------------
02:50:31.177 [main] DEBUG f.i.s.r.p.s.c.CheckoutBuggyBuild - STEP 2/18: CheckoutBuggyBuildCandidate
02:50:31.177 [main] DEBUG f.i.s.r.p.s.c.CheckoutBuggyBuild - ----------------------------------------------------------------------
02:50:31.177 [main] DEBUG f.i.s.r.p.s.c.CheckoutBuggyBuild - Checking out buggy build candidate...
02:50:31.185 [main] ERROR f.i.s.r.p.s.c.CheckoutBuggyBuild - Error while testing commit: org.eclipse.jgit.errors.MissingObjectException: Missing unknown e920db14b9f83b43f83aa8bb9d08703b79431f9a
02:50:31.185 [main] ERROR f.i.s.r.p.s.c.CheckoutBuggyBuild - Error while getting the commit to checkout from the repo.
02:50:31.186 [main] DEBUG f.i.s.r.p.s.c.CheckoutBuggyBuild - STEP STATUS: [ CheckoutBuggyBuildCandidate : FAILURE ( BUILDNOTCHECKEDOUT ) ]
02:50:31.186 [main] DEBUG f.i.s.r.p.s.c.CheckoutBuggyBuild - STEP DURATION: 0s
02:50:31.186 [main] DEBUG f.i.s.r.p.s.c.CheckoutBuggyBuild - TERMINATE PIPELINE
02:50:31.187 [main] DEBUG f.i.s.r.p.s.c.CheckoutBuggyBuild - FINAL STEPS SKIPPED: The reproduction of the bug and/or the patch failed.
02:50:31.187 [main] INFO  f.i.s.r.p.s.c.CheckoutBuggyBuild - Serialize all data for the pair of builds 326069604, 326268380
02:50:31.545 [main] INFO  fr.inria.jtravis.JTravis - GitHub ratelimit: Limit: 5000 Remaining: 4927 Reset hour: 19:15:56
02:50:32.928 [main] INFO  f.i.s.r.p.i.ProjectInspector - ----------------------------------------------------------------------
02:50:32.929 [main] INFO  f.i.s.r.p.i.ProjectInspector - PIPELINE EXECUTION SUMMARY
02:50:32.929 [main] INFO  f.i.s.r.p.i.ProjectInspector - ----------------------------------------------------------------------
02:50:32.929 [main] INFO  f.i.s.r.p.i.ProjectInspector - CloneRepository.......................................SUCCESS [ 27 s ]
02:50:32.930 [main] INFO  f.i.s.r.p.i.ProjectInspector - CheckoutBuggyBuildCandidate...........................FAILURE [  0 s ]
02:50:32.930 [main] INFO  f.i.s.r.p.i.ProjectInspector - ComputeSourceDir......................................NOT RUN         
02:50:32.930 [main] INFO  f.i.s.r.p.i.ProjectInspector - ComputeTestDir........................................NOT RUN         
02:50:32.931 [main] INFO  f.i.s.r.p.i.ProjectInspector - BuildProjectBuggyBuildCandidate.......................NOT RUN         
02:50:32.931 [main] INFO  f.i.s.r.p.i.ProjectInspector - TestProjectBuggyBuildCandidate........................NOT RUN         
02:50:32.931 [main] INFO  f.i.s.r.p.i.ProjectInspector - GatherTestInformationBuggyBuildCandidate..............NOT RUN         
02:50:32.932 [main] INFO  f.i.s.r.p.i.ProjectInspector - InitRepoToPush........................................NOT RUN         
02:50:32.933 [main] INFO  f.i.s.r.p.i.ProjectInspector - ComputeClasspath......................................NOT RUN         
02:50:32.934 [main] INFO  f.i.s.r.p.i.ProjectInspector - ComputeModules........................................NOT RUN         
02:50:32.934 [main] INFO  f.i.s.r.p.i.ProjectInspector - CheckoutPatchedBuildCandidate.........................NOT RUN         
02:50:32.935 [main] INFO  f.i.s.r.p.i.ProjectInspector - BuildProjectPatchedBuildCandidate.....................NOT RUN         
02:50:32.936 [main] INFO  f.i.s.r.p.i.ProjectInspector - TestProjectPatchedBuildCandidate......................NOT RUN         
02:50:32.938 [main] INFO  f.i.s.r.p.i.ProjectInspector - GatherTestInformationPatchedBuildCandidate............NOT RUN         
02:50:32.938 [main] INFO  f.i.s.r.p.i.ProjectInspector - CommitPatch...........................................NOT RUN         
02:50:32.939 [main] INFO  f.i.s.r.p.i.ProjectInspector - WritePropertyFile.....................................NOT RUN         
02:50:32.939 [main] INFO  f.i.s.r.p.i.ProjectInspector - CommitProcessEnd......................................NOT RUN         
02:50:32.940 [main] INFO  f.i.s.r.p.i.ProjectInspector - PushProcessEnd........................................NOT RUN         
02:50:32.940 [main] INFO  f.i.s.r.p.i.ProjectInspector - ----------------------------------------------------------------------
02:50:32.940 [main] INFO  f.i.s.r.p.i.ProjectInspector - PIPELINE FINDING: BUILDNOTCHECKEDOUT
02:50:32.940 [main] INFO  f.i.s.r.p.i.ProjectInspector - ----------------------------------------------------------------------
02:50:32.941 [main] INFO  f.i.s.repairnator.pipeline.Launcher - Inspector is finished. The process will exit now.
