02:51:52.048 [main] INFO  f.i.s.repairnator.pipeline.Launcher - PIPELINE VERSION: 3.0-2018-08-09 19:04
02:51:52.181 [main] INFO  f.i.s.repairnator.pipeline.Launcher - The pipeline will try to reproduce a bug from build 326969837 and its corresponding patch from build 326973943
02:51:52.181 [main] INFO  f.i.s.repairnator.pipeline.Launcher - Initialize file serializer engines.
02:51:52.183 [main] INFO  f.i.s.repairnator.pipeline.Launcher - MongoDB won't be used for serialization.
02:51:52.183 [main] INFO  f.i.s.repairnator.pipeline.Launcher - The email notifier engine won't be used.
02:51:52.186 [main] INFO  f.i.s.repairnator.pipeline.Launcher - Start by getting the build (buildId: 326969837) with the following config: RepairnatorConfig{runId='c4edf6f8-133a-4cec-9a5e-4ad4ea8b0f50_01-18-week2-FAILING_AND_PASSING', launcherMode=BEARS, serializeJson=true, inputPath='null', outputPath='/var/log', mongodbHost='null', mongodbName='repairnator', smtpServer='null', notifyTo=[], notifyEndProcess=false, push=true, pushRemoteRepo='https://github.com/fermadeiral/bears-collection-fp', fork=false, lookFromDate=null, lookToDate=null, buildId=326969837, z3solverPath='./z3_for_linux', workspacePath='./workspace', githubToken='c8a341a903[...]', dockerImageName='null', skipDelete=false, createOutputDir=false, logDirectory='null', nbThreads=0, globalTimeout=0, whiteList=null, blackList=null, jobSleepTime=0, buildSleepTime=0, maxInspectedBuilds=0, duration=null, humanPatch=false, repository='null', clean=true, bearsMode=BOTH, bearsDelimiter = false, repairTools=NopolAllTests,NPEFix,AssertFixer,AstorJGenProg,AstorJKali,NopolSingleTest,AstorJMut,NopolTestExclusionStrategy, githubUserName= fermadeiral, githubUserEmail=fer.madeiral@gmail.com}
02:51:53.639 [main] DEBUG fr.inria.jtravis.helpers.BuildHelper - Get request to :https://api.travis-ci.org/build/326969837 done after 957 ms
02:51:54.103 [main] DEBUG fr.inria.jtravis.helpers.BuildHelper - Get request to :https://api.travis-ci.org/build/326973943 done after 364 ms
02:51:54.125 [main] INFO  f.i.s.repairnator.pipeline.Launcher - The patched build (326973943) was successfully retrieved from Travis.
02:51:55.237 [main] INFO  fr.inria.jtravis.JTravis - GitHub ratelimit: Limit: 5000 Remaining: 4901 Reset hour: 19:15:56
02:51:55.463 [main] INFO  f.i.s.r.p.i.ProjectInspector - ----------------------------------------------------------------------
02:51:55.464 [main] INFO  f.i.s.r.p.i.ProjectInspector - PIPELINE STEPS
02:51:55.464 [main] INFO  f.i.s.r.p.i.ProjectInspector - ----------------------------------------------------------------------
02:51:55.464 [main] INFO  f.i.s.r.p.i.ProjectInspector - CloneRepository
02:51:55.464 [main] INFO  f.i.s.r.p.i.ProjectInspector - CheckoutBuggyBuildCandidate
02:51:55.465 [main] INFO  f.i.s.r.p.i.ProjectInspector - ComputeSourceDir
02:51:55.465 [main] INFO  f.i.s.r.p.i.ProjectInspector - ComputeTestDir
02:51:55.465 [main] INFO  f.i.s.r.p.i.ProjectInspector - BuildProjectBuggyBuildCandidate
02:51:55.466 [main] INFO  f.i.s.r.p.i.ProjectInspector - TestProjectBuggyBuildCandidate
02:51:55.466 [main] INFO  f.i.s.r.p.i.ProjectInspector - GatherTestInformationBuggyBuildCandidate
02:51:55.466 [main] INFO  f.i.s.r.p.i.ProjectInspector - InitRepoToPush
02:51:55.466 [main] INFO  f.i.s.r.p.i.ProjectInspector - ComputeClasspath
02:51:55.467 [main] INFO  f.i.s.r.p.i.ProjectInspector - ComputeModules
02:51:55.467 [main] INFO  f.i.s.r.p.i.ProjectInspector - CheckoutPatchedBuildCandidate
02:51:55.467 [main] INFO  f.i.s.r.p.i.ProjectInspector - BuildProjectPatchedBuildCandidate
02:51:55.467 [main] INFO  f.i.s.r.p.i.ProjectInspector - TestProjectPatchedBuildCandidate
02:51:55.468 [main] INFO  f.i.s.r.p.i.ProjectInspector - GatherTestInformationPatchedBuildCandidate
02:51:55.468 [main] INFO  f.i.s.r.p.i.ProjectInspector - CommitPatch
02:51:55.468 [main] INFO  f.i.s.r.p.i.ProjectInspector - WritePropertyFile
02:51:55.468 [main] INFO  f.i.s.r.p.i.ProjectInspector - CommitProcessEnd
02:51:55.469 [main] INFO  f.i.s.r.p.i.ProjectInspector - PushProcessEnd
02:51:55.469 [main] DEBUG f.i.s.r.process.step.CloneRepository - ----------------------------------------------------------------------
02:51:55.469 [main] DEBUG f.i.s.r.process.step.CloneRepository - STEP 1/18: CloneRepository
02:51:55.470 [main] DEBUG f.i.s.r.process.step.CloneRepository - ----------------------------------------------------------------------
02:51:55.470 [main] DEBUG f.i.s.r.process.step.CloneRepository - Cloning repository batfish/batfish in the following directory: ./workspace/batfish/batfish/326969837
02:53:07.226 [main] DEBUG f.i.s.r.process.step.CloneRepository - STEP STATUS: [ CloneRepository : SUCCESS ]
02:53:07.226 [main] DEBUG f.i.s.r.process.step.CloneRepository - STEP DURATION: 71s
02:53:07.227 [main] DEBUG f.i.s.r.process.step.CloneRepository - EXECUTE NEXT STEP
02:53:07.227 [main] DEBUG f.i.s.r.p.s.c.CheckoutBuggyBuild - ----------------------------------------------------------------------
02:53:07.227 [main] DEBUG f.i.s.r.p.s.c.CheckoutBuggyBuild - STEP 2/18: CheckoutBuggyBuildCandidate
02:53:07.227 [main] DEBUG f.i.s.r.p.s.c.CheckoutBuggyBuild - ----------------------------------------------------------------------
02:53:07.228 [main] DEBUG f.i.s.r.p.s.c.CheckoutBuggyBuild - Checking out buggy build candidate...
02:53:07.242 [main] ERROR f.i.s.r.p.s.c.CheckoutBuggyBuild - Error while testing commit: org.eclipse.jgit.errors.MissingObjectException: Missing unknown 2facc9de3afc17b32a63e28334bd4213f566a0dc
02:53:07.243 [main] ERROR f.i.s.r.p.s.c.CheckoutBuggyBuild - Error while getting the commit to checkout from the repo.
02:53:07.245 [main] DEBUG f.i.s.r.p.s.c.CheckoutBuggyBuild - STEP STATUS: [ CheckoutBuggyBuildCandidate : FAILURE ( BUILDNOTCHECKEDOUT ) ]
02:53:07.246 [main] DEBUG f.i.s.r.p.s.c.CheckoutBuggyBuild - STEP DURATION: 0s
02:53:07.246 [main] DEBUG f.i.s.r.p.s.c.CheckoutBuggyBuild - TERMINATE PIPELINE
02:53:07.246 [main] DEBUG f.i.s.r.p.s.c.CheckoutBuggyBuild - FINAL STEPS SKIPPED: The reproduction of the bug and/or the patch failed.
02:53:07.247 [main] INFO  f.i.s.r.p.s.c.CheckoutBuggyBuild - Serialize all data for the pair of builds 326969837, 326973943
02:53:07.568 [main] INFO  fr.inria.jtravis.JTravis - GitHub ratelimit: Limit: 5000 Remaining: 4885 Reset hour: 19:15:56
02:53:08.401 [main] INFO  f.i.s.r.p.i.ProjectInspector - ----------------------------------------------------------------------
02:53:08.401 [main] INFO  f.i.s.r.p.i.ProjectInspector - PIPELINE EXECUTION SUMMARY
02:53:08.401 [main] INFO  f.i.s.r.p.i.ProjectInspector - ----------------------------------------------------------------------
02:53:08.402 [main] INFO  f.i.s.r.p.i.ProjectInspector - CloneRepository.......................................SUCCESS [ 71 s ]
02:53:08.402 [main] INFO  f.i.s.r.p.i.ProjectInspector - CheckoutBuggyBuildCandidate...........................FAILURE [  0 s ]
02:53:08.402 [main] INFO  f.i.s.r.p.i.ProjectInspector - ComputeSourceDir......................................NOT RUN         
02:53:08.403 [main] INFO  f.i.s.r.p.i.ProjectInspector - ComputeTestDir........................................NOT RUN         
02:53:08.403 [main] INFO  f.i.s.r.p.i.ProjectInspector - BuildProjectBuggyBuildCandidate.......................NOT RUN         
02:53:08.403 [main] INFO  f.i.s.r.p.i.ProjectInspector - TestProjectBuggyBuildCandidate........................NOT RUN         
02:53:08.403 [main] INFO  f.i.s.r.p.i.ProjectInspector - GatherTestInformationBuggyBuildCandidate..............NOT RUN         
02:53:08.403 [main] INFO  f.i.s.r.p.i.ProjectInspector - InitRepoToPush........................................NOT RUN         
02:53:08.404 [main] INFO  f.i.s.r.p.i.ProjectInspector - ComputeClasspath......................................NOT RUN         
02:53:08.404 [main] INFO  f.i.s.r.p.i.ProjectInspector - ComputeModules........................................NOT RUN         
02:53:08.404 [main] INFO  f.i.s.r.p.i.ProjectInspector - CheckoutPatchedBuildCandidate.........................NOT RUN         
02:53:08.405 [main] INFO  f.i.s.r.p.i.ProjectInspector - BuildProjectPatchedBuildCandidate.....................NOT RUN         
02:53:08.405 [main] INFO  f.i.s.r.p.i.ProjectInspector - TestProjectPatchedBuildCandidate......................NOT RUN         
02:53:08.405 [main] INFO  f.i.s.r.p.i.ProjectInspector - GatherTestInformationPatchedBuildCandidate............NOT RUN         
02:53:08.405 [main] INFO  f.i.s.r.p.i.ProjectInspector - CommitPatch...........................................NOT RUN         
02:53:08.406 [main] INFO  f.i.s.r.p.i.ProjectInspector - WritePropertyFile.....................................NOT RUN         
02:53:08.406 [main] INFO  f.i.s.r.p.i.ProjectInspector - CommitProcessEnd......................................NOT RUN         
02:53:08.406 [main] INFO  f.i.s.r.p.i.ProjectInspector - PushProcessEnd........................................NOT RUN         
02:53:08.406 [main] INFO  f.i.s.r.p.i.ProjectInspector - ----------------------------------------------------------------------
02:53:08.407 [main] INFO  f.i.s.r.p.i.ProjectInspector - PIPELINE FINDING: BUILDNOTCHECKEDOUT
02:53:08.407 [main] INFO  f.i.s.r.p.i.ProjectInspector - ----------------------------------------------------------------------
02:53:08.408 [main] INFO  f.i.s.repairnator.pipeline.Launcher - Inspector is finished. The process will exit now.
