18:05:02.165 [main] INFO  f.i.s.repairnator.pipeline.Launcher - PIPELINE VERSION: 3.0-2018-08-09 19:04
18:05:02.397 [main] INFO  f.i.s.repairnator.pipeline.Launcher - The pipeline will try to reproduce a bug from build 325927842 and its corresponding patch from build 325928215
18:05:02.398 [main] INFO  f.i.s.repairnator.pipeline.Launcher - Initialize file serializer engines.
18:05:02.400 [main] INFO  f.i.s.repairnator.pipeline.Launcher - MongoDB won't be used for serialization.
18:05:02.400 [main] INFO  f.i.s.repairnator.pipeline.Launcher - The email notifier engine won't be used.
18:05:02.405 [main] INFO  f.i.s.repairnator.pipeline.Launcher - Start by getting the build (buildId: 325927842) with the following config: RepairnatorConfig{runId='1c2dcf8c-1783-41b0-9cdb-5cb8478a1ab9_01-18-week1-PASSING_AND_PASSING', launcherMode=BEARS, serializeJson=true, inputPath='null', outputPath='/var/log', mongodbHost='null', mongodbName='repairnator', smtpServer='null', notifyTo=[], notifyEndProcess=false, push=true, pushRemoteRepo='https://github.com/fermadeiral/bears-collection-pp', fork=false, lookFromDate=null, lookToDate=null, buildId=325927842, z3solverPath='./z3_for_linux', workspacePath='./workspace', githubToken='c8a341a903[...]', dockerImageName='null', skipDelete=false, createOutputDir=false, logDirectory='null', nbThreads=0, globalTimeout=0, whiteList=null, blackList=null, jobSleepTime=0, buildSleepTime=0, maxInspectedBuilds=0, duration=null, humanPatch=false, repository='null', clean=true, bearsMode=BOTH, bearsDelimiter = false, repairTools=NopolAllTests,NPEFix,AssertFixer,AstorJGenProg,AstorJKali,NopolSingleTest,AstorJMut,NopolTestExclusionStrategy, githubUserName= fermadeiral, githubUserEmail=fer.madeiral@gmail.com}
18:05:03.959 [main] DEBUG fr.inria.jtravis.helpers.BuildHelper - Get request to :https://api.travis-ci.org/build/325927842 done after 894 ms
18:05:04.211 [main] DEBUG fr.inria.jtravis.helpers.BuildHelper - Get request to :https://api.travis-ci.org/build/325928215 done after 140 ms
18:05:04.229 [main] INFO  f.i.s.repairnator.pipeline.Launcher - The patched build (325928215) was successfully retrieved from Travis.
18:05:05.553 [main] INFO  fr.inria.jtravis.JTravis - GitHub ratelimit: Limit: 5000 Remaining: 4844 Reset hour: 19:15:25
18:05:05.874 [main] INFO  f.i.s.r.p.i.ProjectInspector - ----------------------------------------------------------------------
18:05:05.874 [main] INFO  f.i.s.r.p.i.ProjectInspector - PIPELINE STEPS
18:05:05.875 [main] INFO  f.i.s.r.p.i.ProjectInspector - ----------------------------------------------------------------------
18:05:05.875 [main] INFO  f.i.s.r.p.i.ProjectInspector - CloneRepository
18:05:05.875 [main] INFO  f.i.s.r.p.i.ProjectInspector - CheckoutPatchedBuildCandidate
18:05:05.875 [main] INFO  f.i.s.r.p.i.ProjectInspector - ComputeSourceDir
18:05:05.876 [main] INFO  f.i.s.r.p.i.ProjectInspector - ComputeTestDir
18:05:05.876 [main] INFO  f.i.s.r.p.i.ProjectInspector - CheckoutBuggyBuildCandidateSourceCode
18:05:05.876 [main] INFO  f.i.s.r.p.i.ProjectInspector - BuildProjectBuggyBuildCandidateSourceCode
18:05:05.876 [main] INFO  f.i.s.r.p.i.ProjectInspector - TestProjectBuggyBuildCandidateSourceCode
18:05:05.877 [main] INFO  f.i.s.r.p.i.ProjectInspector - GatherTestInformationBuggyBuildCandidateSourceCode
18:05:05.877 [main] INFO  f.i.s.r.p.i.ProjectInspector - CheckoutBuggyBuildTestCode
18:05:05.877 [main] INFO  f.i.s.r.p.i.ProjectInspector - InitRepoToPush
18:05:05.877 [main] INFO  f.i.s.r.p.i.ProjectInspector - ComputeClasspath
18:05:05.878 [main] INFO  f.i.s.r.p.i.ProjectInspector - ComputeModules
18:05:05.878 [main] INFO  f.i.s.r.p.i.ProjectInspector - CheckoutBuggyBuildCandidateSourceCode
18:05:05.878 [main] INFO  f.i.s.r.p.i.ProjectInspector - CommitChangedTests
18:05:05.878 [main] INFO  f.i.s.r.p.i.ProjectInspector - CheckoutPatchedBuildCandidate
18:05:05.879 [main] INFO  f.i.s.r.p.i.ProjectInspector - BuildProjectPatchedBuildCandidate
18:05:05.879 [main] INFO  f.i.s.r.p.i.ProjectInspector - TestProjectPatchedBuildCandidate
18:05:05.880 [main] INFO  f.i.s.r.p.i.ProjectInspector - GatherTestInformationPatchedBuildCandidate
18:05:05.881 [main] INFO  f.i.s.r.p.i.ProjectInspector - CommitPatch
18:05:05.881 [main] INFO  f.i.s.r.p.i.ProjectInspector - WritePropertyFile
18:05:05.881 [main] INFO  f.i.s.r.p.i.ProjectInspector - CommitProcessEnd
18:05:05.881 [main] INFO  f.i.s.r.p.i.ProjectInspector - PushProcessEnd
18:05:05.882 [main] DEBUG f.i.s.r.process.step.CloneRepository - ----------------------------------------------------------------------
18:05:05.882 [main] DEBUG f.i.s.r.process.step.CloneRepository - STEP 1/22: CloneRepository
18:05:05.883 [main] DEBUG f.i.s.r.process.step.CloneRepository - ----------------------------------------------------------------------
18:05:05.883 [main] DEBUG f.i.s.r.process.step.CloneRepository - Cloning repository runelite/runelite in the following directory: ./workspace/runelite/runelite/325927842
18:05:17.403 [main] DEBUG f.i.s.r.process.step.CloneRepository - STEP STATUS: [ CloneRepository : SUCCESS ]
18:05:17.403 [main] DEBUG f.i.s.r.process.step.CloneRepository - STEP DURATION: 11s
18:05:17.404 [main] DEBUG f.i.s.r.process.step.CloneRepository - EXECUTE NEXT STEP
18:05:17.404 [main] DEBUG f.i.s.r.p.s.c.CheckoutPatchedBuild - ----------------------------------------------------------------------
18:05:17.404 [main] DEBUG f.i.s.r.p.s.c.CheckoutPatchedBuild - STEP 2/22: CheckoutPatchedBuildCandidate
18:05:17.404 [main] DEBUG f.i.s.r.p.s.c.CheckoutPatchedBuild - ----------------------------------------------------------------------
18:05:17.405 [main] DEBUG f.i.s.r.p.s.c.CheckoutPatchedBuild - Checking out patched build candidate...
18:05:17.417 [main] ERROR f.i.s.r.p.s.c.CheckoutPatchedBuild - Error while testing commit: org.eclipse.jgit.errors.MissingObjectException: Missing unknown a5e7f74fdcb2ef6f5e546d92c62ac5899c4e0ea6
18:05:17.418 [main] ERROR f.i.s.r.p.s.c.CheckoutPatchedBuild - Error while getting the commit to checkout from the repo.
18:05:17.419 [main] DEBUG f.i.s.r.p.s.c.CheckoutPatchedBuild - STEP STATUS: [ CheckoutPatchedBuildCandidate : FAILURE ( BUILDNOTCHECKEDOUT ) ]
18:05:17.419 [main] DEBUG f.i.s.r.p.s.c.CheckoutPatchedBuild - STEP DURATION: 0s
18:05:17.420 [main] DEBUG f.i.s.r.p.s.c.CheckoutPatchedBuild - TERMINATE PIPELINE
18:05:17.420 [main] DEBUG f.i.s.r.p.s.c.CheckoutPatchedBuild - FINAL STEPS SKIPPED: The reproduction of the bug and/or the patch failed.
18:05:17.420 [main] INFO  f.i.s.r.p.s.c.CheckoutPatchedBuild - Serialize all data for the pair of builds 325927842, 325928215
18:05:17.752 [main] INFO  fr.inria.jtravis.JTravis - GitHub ratelimit: Limit: 5000 Remaining: 4843 Reset hour: 19:15:25
18:05:18.466 [main] INFO  f.i.s.r.p.i.ProjectInspector - ----------------------------------------------------------------------
18:05:18.466 [main] INFO  f.i.s.r.p.i.ProjectInspector - PIPELINE EXECUTION SUMMARY
18:05:18.467 [main] INFO  f.i.s.r.p.i.ProjectInspector - ----------------------------------------------------------------------
18:05:18.467 [main] INFO  f.i.s.r.p.i.ProjectInspector - CloneRepository.......................................SUCCESS [ 11 s ]
18:05:18.467 [main] INFO  f.i.s.r.p.i.ProjectInspector - CheckoutPatchedBuildCandidate.........................FAILURE [  0 s ]
18:05:18.467 [main] INFO  f.i.s.r.p.i.ProjectInspector - ComputeSourceDir......................................NOT RUN         
18:05:18.468 [main] INFO  f.i.s.r.p.i.ProjectInspector - ComputeTestDir........................................NOT RUN         
18:05:18.468 [main] INFO  f.i.s.r.p.i.ProjectInspector - CheckoutBuggyBuildCandidateSourceCode.................NOT RUN         
18:05:18.468 [main] INFO  f.i.s.r.p.i.ProjectInspector - BuildProjectBuggyBuildCandidateSourceCode.............NOT RUN         
18:05:18.468 [main] INFO  f.i.s.r.p.i.ProjectInspector - TestProjectBuggyBuildCandidateSourceCode..............NOT RUN         
18:05:18.468 [main] INFO  f.i.s.r.p.i.ProjectInspector - GatherTestInformationBuggyBuildCandidateSourceCode....NOT RUN         
18:05:18.469 [main] INFO  f.i.s.r.p.i.ProjectInspector - CheckoutBuggyBuildTestCode............................NOT RUN         
18:05:18.469 [main] INFO  f.i.s.r.p.i.ProjectInspector - InitRepoToPush........................................NOT RUN         
18:05:18.469 [main] INFO  f.i.s.r.p.i.ProjectInspector - ComputeClasspath......................................NOT RUN         
18:05:18.469 [main] INFO  f.i.s.r.p.i.ProjectInspector - ComputeModules........................................NOT RUN         
18:05:18.469 [main] INFO  f.i.s.r.p.i.ProjectInspector - CheckoutBuggyBuildCandidateSourceCode.................NOT RUN         
18:05:18.470 [main] INFO  f.i.s.r.p.i.ProjectInspector - CommitChangedTests....................................NOT RUN         
18:05:18.470 [main] INFO  f.i.s.r.p.i.ProjectInspector - CheckoutPatchedBuildCandidate.........................NOT RUN         
18:05:18.470 [main] INFO  f.i.s.r.p.i.ProjectInspector - BuildProjectPatchedBuildCandidate.....................NOT RUN         
18:05:18.470 [main] INFO  f.i.s.r.p.i.ProjectInspector - TestProjectPatchedBuildCandidate......................NOT RUN         
18:05:18.471 [main] INFO  f.i.s.r.p.i.ProjectInspector - GatherTestInformationPatchedBuildCandidate............NOT RUN         
18:05:18.471 [main] INFO  f.i.s.r.p.i.ProjectInspector - CommitPatch...........................................NOT RUN         
18:05:18.471 [main] INFO  f.i.s.r.p.i.ProjectInspector - WritePropertyFile.....................................NOT RUN         
18:05:18.471 [main] INFO  f.i.s.r.p.i.ProjectInspector - CommitProcessEnd......................................NOT RUN         
18:05:18.471 [main] INFO  f.i.s.r.p.i.ProjectInspector - PushProcessEnd........................................NOT RUN         
18:05:18.471 [main] INFO  f.i.s.r.p.i.ProjectInspector - ----------------------------------------------------------------------
18:05:18.472 [main] INFO  f.i.s.r.p.i.ProjectInspector - PIPELINE FINDING: BUILDNOTCHECKEDOUT
18:05:18.472 [main] INFO  f.i.s.r.p.i.ProjectInspector - ----------------------------------------------------------------------
18:05:18.472 [main] INFO  f.i.s.repairnator.pipeline.Launcher - Inspector is finished. The process will exit now.
