18:07:04.072 [main] INFO  f.i.s.repairnator.pipeline.Launcher - PIPELINE VERSION: 3.0-2018-08-09 19:04
18:07:04.266 [main] INFO  f.i.s.repairnator.pipeline.Launcher - The pipeline will try to reproduce a bug from build 324122858 and its corresponding patch from build 324126398
18:07:04.266 [main] INFO  f.i.s.repairnator.pipeline.Launcher - Initialize file serializer engines.
18:07:04.268 [main] INFO  f.i.s.repairnator.pipeline.Launcher - MongoDB won't be used for serialization.
18:07:04.268 [main] INFO  f.i.s.repairnator.pipeline.Launcher - The email notifier engine won't be used.
18:07:04.271 [main] INFO  f.i.s.repairnator.pipeline.Launcher - Start by getting the build (buildId: 324122858) with the following config: RepairnatorConfig{runId='1c2dcf8c-1783-41b0-9cdb-5cb8478a1ab9_01-18-week1-PASSING_AND_PASSING', launcherMode=BEARS, serializeJson=true, inputPath='null', outputPath='/var/log', mongodbHost='null', mongodbName='repairnator', smtpServer='null', notifyTo=[], notifyEndProcess=false, push=true, pushRemoteRepo='https://github.com/fermadeiral/bears-collection-pp', fork=false, lookFromDate=null, lookToDate=null, buildId=324122858, z3solverPath='./z3_for_linux', workspacePath='./workspace', githubToken='c8a341a903[...]', dockerImageName='null', skipDelete=false, createOutputDir=false, logDirectory='null', nbThreads=0, globalTimeout=0, whiteList=null, blackList=null, jobSleepTime=0, buildSleepTime=0, maxInspectedBuilds=0, duration=null, humanPatch=false, repository='null', clean=true, bearsMode=BOTH, bearsDelimiter = false, repairTools=NopolAllTests,NPEFix,AssertFixer,AstorJGenProg,AstorJKali,NopolSingleTest,AstorJMut,NopolTestExclusionStrategy, githubUserName= fermadeiral, githubUserEmail=fer.madeiral@gmail.com}
18:07:05.882 [main] DEBUG fr.inria.jtravis.helpers.BuildHelper - Get request to :https://api.travis-ci.org/build/324122858 done after 1068 ms
18:07:06.201 [main] DEBUG fr.inria.jtravis.helpers.BuildHelper - Get request to :https://api.travis-ci.org/build/324126398 done after 220 ms
18:07:06.214 [main] INFO  f.i.s.repairnator.pipeline.Launcher - The patched build (324126398) was successfully retrieved from Travis.
18:07:07.273 [main] INFO  fr.inria.jtravis.JTravis - GitHub ratelimit: Limit: 5000 Remaining: 4798 Reset hour: 19:15:25
18:07:07.576 [main] INFO  f.i.s.r.p.i.ProjectInspector - ----------------------------------------------------------------------
18:07:07.576 [main] INFO  f.i.s.r.p.i.ProjectInspector - PIPELINE STEPS
18:07:07.577 [main] INFO  f.i.s.r.p.i.ProjectInspector - ----------------------------------------------------------------------
18:07:07.577 [main] INFO  f.i.s.r.p.i.ProjectInspector - CloneRepository
18:07:07.577 [main] INFO  f.i.s.r.p.i.ProjectInspector - CheckoutPatchedBuildCandidate
18:07:07.579 [main] INFO  f.i.s.r.p.i.ProjectInspector - ComputeSourceDir
18:07:07.579 [main] INFO  f.i.s.r.p.i.ProjectInspector - ComputeTestDir
18:07:07.580 [main] INFO  f.i.s.r.p.i.ProjectInspector - CheckoutBuggyBuildCandidateSourceCode
18:07:07.580 [main] INFO  f.i.s.r.p.i.ProjectInspector - BuildProjectBuggyBuildCandidateSourceCode
18:07:07.580 [main] INFO  f.i.s.r.p.i.ProjectInspector - TestProjectBuggyBuildCandidateSourceCode
18:07:07.580 [main] INFO  f.i.s.r.p.i.ProjectInspector - GatherTestInformationBuggyBuildCandidateSourceCode
18:07:07.581 [main] INFO  f.i.s.r.p.i.ProjectInspector - CheckoutBuggyBuildTestCode
18:07:07.581 [main] INFO  f.i.s.r.p.i.ProjectInspector - InitRepoToPush
18:07:07.581 [main] INFO  f.i.s.r.p.i.ProjectInspector - ComputeClasspath
18:07:07.581 [main] INFO  f.i.s.r.p.i.ProjectInspector - ComputeModules
18:07:07.581 [main] INFO  f.i.s.r.p.i.ProjectInspector - CheckoutBuggyBuildCandidateSourceCode
18:07:07.582 [main] INFO  f.i.s.r.p.i.ProjectInspector - CommitChangedTests
18:07:07.582 [main] INFO  f.i.s.r.p.i.ProjectInspector - CheckoutPatchedBuildCandidate
18:07:07.582 [main] INFO  f.i.s.r.p.i.ProjectInspector - BuildProjectPatchedBuildCandidate
18:07:07.583 [main] INFO  f.i.s.r.p.i.ProjectInspector - TestProjectPatchedBuildCandidate
18:07:07.583 [main] INFO  f.i.s.r.p.i.ProjectInspector - GatherTestInformationPatchedBuildCandidate
18:07:07.583 [main] INFO  f.i.s.r.p.i.ProjectInspector - CommitPatch
18:07:07.584 [main] INFO  f.i.s.r.p.i.ProjectInspector - WritePropertyFile
18:07:07.585 [main] INFO  f.i.s.r.p.i.ProjectInspector - CommitProcessEnd
18:07:07.586 [main] INFO  f.i.s.r.p.i.ProjectInspector - PushProcessEnd
18:07:07.587 [main] DEBUG f.i.s.r.process.step.CloneRepository - ----------------------------------------------------------------------
18:07:07.587 [main] DEBUG f.i.s.r.process.step.CloneRepository - STEP 1/22: CloneRepository
18:07:07.587 [main] DEBUG f.i.s.r.process.step.CloneRepository - ----------------------------------------------------------------------
18:07:07.588 [main] DEBUG f.i.s.r.process.step.CloneRepository - Cloning repository runelite/runelite in the following directory: ./workspace/runelite/runelite/324122858
18:07:18.140 [main] DEBUG f.i.s.r.process.step.CloneRepository - STEP STATUS: [ CloneRepository : SUCCESS ]
18:07:18.140 [main] DEBUG f.i.s.r.process.step.CloneRepository - STEP DURATION: 10s
18:07:18.141 [main] DEBUG f.i.s.r.process.step.CloneRepository - EXECUTE NEXT STEP
18:07:18.142 [main] DEBUG f.i.s.r.p.s.c.CheckoutPatchedBuild - ----------------------------------------------------------------------
18:07:18.145 [main] DEBUG f.i.s.r.p.s.c.CheckoutPatchedBuild - STEP 2/22: CheckoutPatchedBuildCandidate
18:07:18.145 [main] DEBUG f.i.s.r.p.s.c.CheckoutPatchedBuild - ----------------------------------------------------------------------
18:07:18.145 [main] DEBUG f.i.s.r.p.s.c.CheckoutPatchedBuild - Checking out patched build candidate...
18:07:18.471 [main] INFO  fr.inria.jtravis.JTravis - GitHub ratelimit: Limit: 5000 Remaining: 4793 Reset hour: 19:15:25
18:07:18.947 [main] WARN  f.i.j.helpers.PullRequestHelper - The head repository is null: maybe it has been deleted from GitHub
18:07:18.947 [main] ERROR f.i.s.r.p.s.c.CheckoutPatchedBuild - Error while getting PR information.
18:07:18.953 [main] DEBUG f.i.s.r.p.s.c.CheckoutPatchedBuild - STEP STATUS: [ CheckoutPatchedBuildCandidate : FAILURE ( BUILDNOTCHECKEDOUT ) ]
18:07:18.954 [main] DEBUG f.i.s.r.p.s.c.CheckoutPatchedBuild - STEP DURATION: 0s
18:07:18.957 [main] DEBUG f.i.s.r.p.s.c.CheckoutPatchedBuild - TERMINATE PIPELINE
18:07:18.957 [main] DEBUG f.i.s.r.p.s.c.CheckoutPatchedBuild - FINAL STEPS SKIPPED: The reproduction of the bug and/or the patch failed.
18:07:18.958 [main] INFO  f.i.s.r.p.s.c.CheckoutPatchedBuild - Serialize all data for the pair of builds 324122858, 324126398
18:07:19.077 [main] INFO  fr.inria.jtravis.JTravis - GitHub ratelimit: Limit: 5000 Remaining: 4791 Reset hour: 19:15:25
18:07:20.113 [main] INFO  f.i.s.r.p.i.ProjectInspector - ----------------------------------------------------------------------
18:07:20.113 [main] INFO  f.i.s.r.p.i.ProjectInspector - PIPELINE EXECUTION SUMMARY
18:07:20.113 [main] INFO  f.i.s.r.p.i.ProjectInspector - ----------------------------------------------------------------------
18:07:20.114 [main] INFO  f.i.s.r.p.i.ProjectInspector - CloneRepository.......................................SUCCESS [ 10 s ]
18:07:20.114 [main] INFO  f.i.s.r.p.i.ProjectInspector - CheckoutPatchedBuildCandidate.........................FAILURE [  0 s ]
18:07:20.114 [main] INFO  f.i.s.r.p.i.ProjectInspector - ComputeSourceDir......................................NOT RUN         
18:07:20.114 [main] INFO  f.i.s.r.p.i.ProjectInspector - ComputeTestDir........................................NOT RUN         
18:07:20.114 [main] INFO  f.i.s.r.p.i.ProjectInspector - CheckoutBuggyBuildCandidateSourceCode.................NOT RUN         
18:07:20.115 [main] INFO  f.i.s.r.p.i.ProjectInspector - BuildProjectBuggyBuildCandidateSourceCode.............NOT RUN         
18:07:20.115 [main] INFO  f.i.s.r.p.i.ProjectInspector - TestProjectBuggyBuildCandidateSourceCode..............NOT RUN         
18:07:20.115 [main] INFO  f.i.s.r.p.i.ProjectInspector - GatherTestInformationBuggyBuildCandidateSourceCode....NOT RUN         
18:07:20.115 [main] INFO  f.i.s.r.p.i.ProjectInspector - CheckoutBuggyBuildTestCode............................NOT RUN         
18:07:20.115 [main] INFO  f.i.s.r.p.i.ProjectInspector - InitRepoToPush........................................NOT RUN         
18:07:20.116 [main] INFO  f.i.s.r.p.i.ProjectInspector - ComputeClasspath......................................NOT RUN         
18:07:20.116 [main] INFO  f.i.s.r.p.i.ProjectInspector - ComputeModules........................................NOT RUN         
18:07:20.116 [main] INFO  f.i.s.r.p.i.ProjectInspector - CheckoutBuggyBuildCandidateSourceCode.................NOT RUN         
18:07:20.116 [main] INFO  f.i.s.r.p.i.ProjectInspector - CommitChangedTests....................................NOT RUN         
18:07:20.116 [main] INFO  f.i.s.r.p.i.ProjectInspector - CheckoutPatchedBuildCandidate.........................NOT RUN         
18:07:20.116 [main] INFO  f.i.s.r.p.i.ProjectInspector - BuildProjectPatchedBuildCandidate.....................NOT RUN         
18:07:20.117 [main] INFO  f.i.s.r.p.i.ProjectInspector - TestProjectPatchedBuildCandidate......................NOT RUN         
18:07:20.117 [main] INFO  f.i.s.r.p.i.ProjectInspector - GatherTestInformationPatchedBuildCandidate............NOT RUN         
18:07:20.117 [main] INFO  f.i.s.r.p.i.ProjectInspector - CommitPatch...........................................NOT RUN         
18:07:20.117 [main] INFO  f.i.s.r.p.i.ProjectInspector - WritePropertyFile.....................................NOT RUN         
18:07:20.117 [main] INFO  f.i.s.r.p.i.ProjectInspector - CommitProcessEnd......................................NOT RUN         
18:07:20.117 [main] INFO  f.i.s.r.p.i.ProjectInspector - PushProcessEnd........................................NOT RUN         
18:07:20.118 [main] INFO  f.i.s.r.p.i.ProjectInspector - ----------------------------------------------------------------------
18:07:20.118 [main] INFO  f.i.s.r.p.i.ProjectInspector - PIPELINE FINDING: BUILDNOTCHECKEDOUT
18:07:20.118 [main] INFO  f.i.s.r.p.i.ProjectInspector - ----------------------------------------------------------------------
18:07:20.118 [main] INFO  f.i.s.repairnator.pipeline.Launcher - Inspector is finished. The process will exit now.
