13:56:57.248 [main] INFO  f.i.s.repairnator.pipeline.Launcher - PIPELINE VERSION: 3.0-2018-08-09 19:04
13:56:57.449 [main] INFO  f.i.s.repairnator.pipeline.Launcher - The pipeline will try to reproduce a bug from build 361937455 and its corresponding patch from build 362313616
13:56:57.450 [main] INFO  f.i.s.repairnator.pipeline.Launcher - Initialize file serializer engines.
13:56:57.452 [main] INFO  f.i.s.repairnator.pipeline.Launcher - MongoDB won't be used for serialization.
13:56:57.453 [main] INFO  f.i.s.repairnator.pipeline.Launcher - The email notifier engine won't be used.
13:56:57.457 [main] INFO  f.i.s.repairnator.pipeline.Launcher - Start by getting the build (buildId: 361937455) with the following config: RepairnatorConfig{runId='cbc977a0-20a7-4a06-bcfb-bc20c5ff9a19_04-18-week1-FAILING_AND_PASSING', launcherMode=BEARS, serializeJson=true, inputPath='null', outputPath='/var/log', mongodbHost='null', mongodbName='repairnator', smtpServer='null', notifyTo=[], notifyEndProcess=false, push=true, pushRemoteRepo='https://github.com/fermadeiral/bears-collection-fp', fork=false, lookFromDate=null, lookToDate=null, buildId=361937455, z3solverPath='./z3_for_linux', workspacePath='./workspace', githubToken='c8a341a903[...]', dockerImageName='null', skipDelete=false, createOutputDir=false, logDirectory='null', nbThreads=0, globalTimeout=0, whiteList=null, blackList=null, jobSleepTime=0, buildSleepTime=0, maxInspectedBuilds=0, duration=null, humanPatch=false, repository='null', clean=true, bearsMode=BOTH, bearsDelimiter = false, repairTools=NopolAllTests,NPEFix,AssertFixer,AstorJGenProg,AstorJKali,NopolSingleTest,AstorJMut,NopolTestExclusionStrategy, githubUserName= fermadeiral, githubUserEmail=fer.madeiral@gmail.com}
13:56:58.674 [main] DEBUG fr.inria.jtravis.helpers.BuildHelper - Get request to :https://api.travis-ci.org/build/361937455 done after 786 ms
13:56:58.926 [main] DEBUG fr.inria.jtravis.helpers.BuildHelper - Get request to :https://api.travis-ci.org/build/362313616 done after 142 ms
13:56:58.959 [main] INFO  f.i.s.repairnator.pipeline.Launcher - The patched build (362313616) was successfully retrieved from Travis.
13:57:00.195 [main] INFO  fr.inria.jtravis.JTravis - GitHub ratelimit: Limit: 5000 Remaining: 4868 Reset hour: 19:36:43
13:57:00.498 [main] INFO  f.i.s.r.p.i.ProjectInspector - ----------------------------------------------------------------------
13:57:00.498 [main] INFO  f.i.s.r.p.i.ProjectInspector - PIPELINE STEPS
13:57:00.498 [main] INFO  f.i.s.r.p.i.ProjectInspector - ----------------------------------------------------------------------
13:57:00.498 [main] INFO  f.i.s.r.p.i.ProjectInspector - CloneRepository
13:57:00.498 [main] INFO  f.i.s.r.p.i.ProjectInspector - CheckoutBuggyBuildCandidate
13:57:00.498 [main] INFO  f.i.s.r.p.i.ProjectInspector - ComputeSourceDir
13:57:00.499 [main] INFO  f.i.s.r.p.i.ProjectInspector - ComputeTestDir
13:57:00.499 [main] INFO  f.i.s.r.p.i.ProjectInspector - BuildProjectBuggyBuildCandidate
13:57:00.499 [main] INFO  f.i.s.r.p.i.ProjectInspector - TestProjectBuggyBuildCandidate
13:57:00.499 [main] INFO  f.i.s.r.p.i.ProjectInspector - GatherTestInformationBuggyBuildCandidate
13:57:00.499 [main] INFO  f.i.s.r.p.i.ProjectInspector - InitRepoToPush
13:57:00.499 [main] INFO  f.i.s.r.p.i.ProjectInspector - ComputeClasspath
13:57:00.499 [main] INFO  f.i.s.r.p.i.ProjectInspector - ComputeModules
13:57:00.499 [main] INFO  f.i.s.r.p.i.ProjectInspector - CheckoutPatchedBuildCandidate
13:57:00.500 [main] INFO  f.i.s.r.p.i.ProjectInspector - BuildProjectPatchedBuildCandidate
13:57:00.500 [main] INFO  f.i.s.r.p.i.ProjectInspector - TestProjectPatchedBuildCandidate
13:57:00.500 [main] INFO  f.i.s.r.p.i.ProjectInspector - GatherTestInformationPatchedBuildCandidate
13:57:00.500 [main] INFO  f.i.s.r.p.i.ProjectInspector - CommitPatch
13:57:00.500 [main] INFO  f.i.s.r.p.i.ProjectInspector - WritePropertyFile
13:57:00.500 [main] INFO  f.i.s.r.p.i.ProjectInspector - CommitProcessEnd
13:57:00.500 [main] INFO  f.i.s.r.p.i.ProjectInspector - PushProcessEnd
13:57:00.501 [main] DEBUG f.i.s.r.process.step.CloneRepository - ----------------------------------------------------------------------
13:57:00.501 [main] DEBUG f.i.s.r.process.step.CloneRepository - STEP 1/18: CloneRepository
13:57:00.501 [main] DEBUG f.i.s.r.process.step.CloneRepository - ----------------------------------------------------------------------
13:57:00.501 [main] DEBUG f.i.s.r.process.step.CloneRepository - Cloning repository prestodb/presto in the following directory: ./workspace/prestodb/presto/361937455
13:57:51.282 [main] DEBUG f.i.s.r.process.step.CloneRepository - STEP STATUS: [ CloneRepository : SUCCESS ]
13:57:51.283 [main] DEBUG f.i.s.r.process.step.CloneRepository - STEP DURATION: 50s
13:57:51.283 [main] DEBUG f.i.s.r.process.step.CloneRepository - EXECUTE NEXT STEP
13:57:51.284 [main] DEBUG f.i.s.r.p.s.c.CheckoutBuggyBuild - ----------------------------------------------------------------------
13:57:51.284 [main] DEBUG f.i.s.r.p.s.c.CheckoutBuggyBuild - STEP 2/18: CheckoutBuggyBuildCandidate
13:57:51.284 [main] DEBUG f.i.s.r.p.s.c.CheckoutBuggyBuild - ----------------------------------------------------------------------
13:57:51.284 [main] DEBUG f.i.s.r.p.s.c.CheckoutBuggyBuild - Checking out buggy build candidate...
13:57:51.605 [main] INFO  fr.inria.jtravis.JTravis - GitHub ratelimit: Limit: 5000 Remaining: 4849 Reset hour: 19:36:43
13:57:54.022 [main] DEBUG f.i.s.r.p.s.c.CheckoutBuggyBuild - Reproduce the PR for prestodb/presto by fetching remote branch and merging.
13:57:58.849 [main] ERROR f.i.s.r.p.s.c.CheckoutBuggyBuild - Error while testing commit: org.eclipse.jgit.errors.MissingObjectException: Missing unknown bc75964730cbfc006405525fbdad6c6f981240d5
13:57:58.851 [main] ERROR f.i.s.r.p.s.c.CheckoutBuggyBuild - Commit head ref cannot be retrieved from the repository: bc75964730cbfc006405525fbdad6c6f981240d5. Operation aborted.
13:57:58.851 [main] ERROR f.i.s.r.p.s.c.CheckoutBuggyBuild - Error while merging two commits to reproduce the PR.
13:57:58.852 [main] DEBUG f.i.s.r.p.s.c.CheckoutBuggyBuild - STEP STATUS: [ CheckoutBuggyBuildCandidate : FAILURE ( BUILDNOTCHECKEDOUT ) ]
13:57:58.853 [main] DEBUG f.i.s.r.p.s.c.CheckoutBuggyBuild - STEP DURATION: 7s
13:57:58.853 [main] DEBUG f.i.s.r.p.s.c.CheckoutBuggyBuild - TERMINATE PIPELINE
13:57:58.854 [main] DEBUG f.i.s.r.p.s.c.CheckoutBuggyBuild - FINAL STEPS SKIPPED: The reproduction of the bug and/or the patch failed.
13:57:58.854 [main] INFO  f.i.s.r.p.s.c.CheckoutBuggyBuild - Serialize all data for the pair of builds 361937455, 362313616
13:57:59.208 [main] INFO  fr.inria.jtravis.JTravis - GitHub ratelimit: Limit: 5000 Remaining: 4838 Reset hour: 19:36:43
13:58:00.808 [main] INFO  f.i.s.r.p.i.ProjectInspector - ----------------------------------------------------------------------
13:58:00.809 [main] INFO  f.i.s.r.p.i.ProjectInspector - PIPELINE EXECUTION SUMMARY
13:58:00.809 [main] INFO  f.i.s.r.p.i.ProjectInspector - ----------------------------------------------------------------------
13:58:00.810 [main] INFO  f.i.s.r.p.i.ProjectInspector - CloneRepository.......................................SUCCESS [ 50 s ]
13:58:00.811 [main] INFO  f.i.s.r.p.i.ProjectInspector - CheckoutBuggyBuildCandidate...........................FAILURE [  7 s ]
13:58:00.811 [main] INFO  f.i.s.r.p.i.ProjectInspector - ComputeSourceDir......................................NOT RUN         
13:58:00.811 [main] INFO  f.i.s.r.p.i.ProjectInspector - ComputeTestDir........................................NOT RUN         
13:58:00.812 [main] INFO  f.i.s.r.p.i.ProjectInspector - BuildProjectBuggyBuildCandidate.......................NOT RUN         
13:58:00.812 [main] INFO  f.i.s.r.p.i.ProjectInspector - TestProjectBuggyBuildCandidate........................NOT RUN         
13:58:00.812 [main] INFO  f.i.s.r.p.i.ProjectInspector - GatherTestInformationBuggyBuildCandidate..............NOT RUN         
13:58:00.812 [main] INFO  f.i.s.r.p.i.ProjectInspector - InitRepoToPush........................................NOT RUN         
13:58:00.813 [main] INFO  f.i.s.r.p.i.ProjectInspector - ComputeClasspath......................................NOT RUN         
13:58:00.813 [main] INFO  f.i.s.r.p.i.ProjectInspector - ComputeModules........................................NOT RUN         
13:58:00.813 [main] INFO  f.i.s.r.p.i.ProjectInspector - CheckoutPatchedBuildCandidate.........................NOT RUN         
13:58:00.813 [main] INFO  f.i.s.r.p.i.ProjectInspector - BuildProjectPatchedBuildCandidate.....................NOT RUN         
13:58:00.813 [main] INFO  f.i.s.r.p.i.ProjectInspector - TestProjectPatchedBuildCandidate......................NOT RUN         
13:58:00.814 [main] INFO  f.i.s.r.p.i.ProjectInspector - GatherTestInformationPatchedBuildCandidate............NOT RUN         
13:58:00.814 [main] INFO  f.i.s.r.p.i.ProjectInspector - CommitPatch...........................................NOT RUN         
13:58:00.814 [main] INFO  f.i.s.r.p.i.ProjectInspector - WritePropertyFile.....................................NOT RUN         
13:58:00.814 [main] INFO  f.i.s.r.p.i.ProjectInspector - CommitProcessEnd......................................NOT RUN         
13:58:00.815 [main] INFO  f.i.s.r.p.i.ProjectInspector - PushProcessEnd........................................NOT RUN         
13:58:00.815 [main] INFO  f.i.s.r.p.i.ProjectInspector - ----------------------------------------------------------------------
13:58:00.815 [main] INFO  f.i.s.r.p.i.ProjectInspector - PIPELINE FINDING: BUILDNOTCHECKEDOUT
13:58:00.815 [main] INFO  f.i.s.r.p.i.ProjectInspector - ----------------------------------------------------------------------
13:58:00.815 [main] INFO  f.i.s.repairnator.pipeline.Launcher - Inspector is finished. The process will exit now.
