20:08:18.355 [main] INFO  f.i.s.repairnator.pipeline.Launcher - PIPELINE VERSION: 3.0-2018-08-09 19:04
20:08:18.483 [main] INFO  f.i.s.repairnator.pipeline.Launcher - The pipeline will try to reproduce a bug from build 360337059 and its corresponding patch from build 361523662
20:08:18.483 [main] INFO  f.i.s.repairnator.pipeline.Launcher - Initialize file serializer engines.
20:08:18.485 [main] INFO  f.i.s.repairnator.pipeline.Launcher - MongoDB won't be used for serialization.
20:08:18.485 [main] INFO  f.i.s.repairnator.pipeline.Launcher - The email notifier engine won't be used.
20:08:18.488 [main] INFO  f.i.s.repairnator.pipeline.Launcher - Start by getting the build (buildId: 360337059) with the following config: RepairnatorConfig{runId='cbc977a0-20a7-4a06-bcfb-bc20c5ff9a19_04-18-week1-FAILING_AND_PASSING', launcherMode=BEARS, serializeJson=true, inputPath='null', outputPath='/var/log', mongodbHost='null', mongodbName='repairnator', smtpServer='null', notifyTo=[], notifyEndProcess=false, push=true, pushRemoteRepo='https://github.com/fermadeiral/bears-collection-fp', fork=false, lookFromDate=null, lookToDate=null, buildId=360337059, z3solverPath='./z3_for_linux', workspacePath='./workspace', githubToken='c8a341a903[...]', dockerImageName='null', skipDelete=false, createOutputDir=false, logDirectory='null', nbThreads=0, globalTimeout=0, whiteList=null, blackList=null, jobSleepTime=0, buildSleepTime=0, maxInspectedBuilds=0, duration=null, humanPatch=false, repository='null', clean=true, bearsMode=BOTH, bearsDelimiter = false, repairTools=NopolAllTests,NPEFix,AssertFixer,AstorJGenProg,AstorJKali,NopolSingleTest,AstorJMut,NopolTestExclusionStrategy, githubUserName= fermadeiral, githubUserEmail=fer.madeiral@gmail.com}
20:08:19.921 [main] DEBUG fr.inria.jtravis.helpers.BuildHelper - Get request to :https://api.travis-ci.org/build/360337059 done after 969 ms
20:08:20.137 [main] DEBUG fr.inria.jtravis.helpers.BuildHelper - Get request to :https://api.travis-ci.org/build/361523662 done after 136 ms
20:08:20.147 [main] INFO  f.i.s.repairnator.pipeline.Launcher - The patched build (361523662) was successfully retrieved from Travis.
20:08:21.204 [main] INFO  fr.inria.jtravis.JTravis - GitHub ratelimit: Limit: 5000 Remaining: 4933 Reset hour: 19:37:07
20:08:21.446 [main] INFO  f.i.s.r.p.i.ProjectInspector - ----------------------------------------------------------------------
20:08:21.447 [main] INFO  f.i.s.r.p.i.ProjectInspector - PIPELINE STEPS
20:08:21.447 [main] INFO  f.i.s.r.p.i.ProjectInspector - ----------------------------------------------------------------------
20:08:21.447 [main] INFO  f.i.s.r.p.i.ProjectInspector - CloneRepository
20:08:21.447 [main] INFO  f.i.s.r.p.i.ProjectInspector - CheckoutBuggyBuildCandidate
20:08:21.448 [main] INFO  f.i.s.r.p.i.ProjectInspector - ComputeSourceDir
20:08:21.448 [main] INFO  f.i.s.r.p.i.ProjectInspector - ComputeTestDir
20:08:21.448 [main] INFO  f.i.s.r.p.i.ProjectInspector - BuildProjectBuggyBuildCandidate
20:08:21.448 [main] INFO  f.i.s.r.p.i.ProjectInspector - TestProjectBuggyBuildCandidate
20:08:21.448 [main] INFO  f.i.s.r.p.i.ProjectInspector - GatherTestInformationBuggyBuildCandidate
20:08:21.450 [main] INFO  f.i.s.r.p.i.ProjectInspector - InitRepoToPush
20:08:21.451 [main] INFO  f.i.s.r.p.i.ProjectInspector - ComputeClasspath
20:08:21.451 [main] INFO  f.i.s.r.p.i.ProjectInspector - ComputeModules
20:08:21.451 [main] INFO  f.i.s.r.p.i.ProjectInspector - CheckoutPatchedBuildCandidate
20:08:21.451 [main] INFO  f.i.s.r.p.i.ProjectInspector - BuildProjectPatchedBuildCandidate
20:08:21.451 [main] INFO  f.i.s.r.p.i.ProjectInspector - TestProjectPatchedBuildCandidate
20:08:21.451 [main] INFO  f.i.s.r.p.i.ProjectInspector - GatherTestInformationPatchedBuildCandidate
20:08:21.451 [main] INFO  f.i.s.r.p.i.ProjectInspector - CommitPatch
20:08:21.452 [main] INFO  f.i.s.r.p.i.ProjectInspector - WritePropertyFile
20:08:21.452 [main] INFO  f.i.s.r.p.i.ProjectInspector - CommitProcessEnd
20:08:21.452 [main] INFO  f.i.s.r.p.i.ProjectInspector - PushProcessEnd
20:08:21.452 [main] DEBUG f.i.s.r.process.step.CloneRepository - ----------------------------------------------------------------------
20:08:21.453 [main] DEBUG f.i.s.r.process.step.CloneRepository - STEP 1/18: CloneRepository
20:08:21.453 [main] DEBUG f.i.s.r.process.step.CloneRepository - ----------------------------------------------------------------------
20:08:21.454 [main] DEBUG f.i.s.r.process.step.CloneRepository - Cloning repository algolia/algoliasearch-client-java-2 in the following directory: ./workspace/algolia/algoliasearch-client-java-2/360337059
20:08:25.975 [main] DEBUG f.i.s.r.process.step.CloneRepository - STEP STATUS: [ CloneRepository : SUCCESS ]
20:08:25.976 [main] DEBUG f.i.s.r.process.step.CloneRepository - STEP DURATION: 4s
20:08:25.976 [main] DEBUG f.i.s.r.process.step.CloneRepository - EXECUTE NEXT STEP
20:08:25.976 [main] DEBUG f.i.s.r.p.s.c.CheckoutBuggyBuild - ----------------------------------------------------------------------
20:08:25.976 [main] DEBUG f.i.s.r.p.s.c.CheckoutBuggyBuild - STEP 2/18: CheckoutBuggyBuildCandidate
20:08:25.977 [main] DEBUG f.i.s.r.p.s.c.CheckoutBuggyBuild - ----------------------------------------------------------------------
20:08:25.977 [main] DEBUG f.i.s.r.p.s.c.CheckoutBuggyBuild - Checking out buggy build candidate...
20:08:26.106 [main] INFO  fr.inria.jtravis.JTravis - GitHub ratelimit: Limit: 5000 Remaining: 4932 Reset hour: 19:37:07
20:08:27.764 [main] DEBUG f.i.s.r.p.s.c.CheckoutBuggyBuild - Reproduce the PR for algolia/algoliasearch-client-java-2 by fetching remote branch and merging.
20:08:27.934 [main] ERROR f.i.s.r.p.s.c.CheckoutBuggyBuild - Error while testing commit: org.eclipse.jgit.errors.MissingObjectException: Missing unknown 31b2471553a5c7534202b14dc0fe67e8eaaafcec
20:08:27.935 [main] ERROR f.i.s.r.p.s.c.CheckoutBuggyBuild - Commit head ref cannot be retrieved from the repository: 31b2471553a5c7534202b14dc0fe67e8eaaafcec. Operation aborted.
20:08:27.936 [main] ERROR f.i.s.r.p.s.c.CheckoutBuggyBuild - Error while merging two commits to reproduce the PR.
20:08:27.936 [main] DEBUG f.i.s.r.p.s.c.CheckoutBuggyBuild - STEP STATUS: [ CheckoutBuggyBuildCandidate : FAILURE ( BUILDNOTCHECKEDOUT ) ]
20:08:27.936 [main] DEBUG f.i.s.r.p.s.c.CheckoutBuggyBuild - STEP DURATION: 1s
20:08:27.937 [main] DEBUG f.i.s.r.p.s.c.CheckoutBuggyBuild - TERMINATE PIPELINE
20:08:27.938 [main] DEBUG f.i.s.r.p.s.c.CheckoutBuggyBuild - FINAL STEPS SKIPPED: The reproduction of the bug and/or the patch failed.
20:08:27.939 [main] INFO  f.i.s.r.p.s.c.CheckoutBuggyBuild - Serialize all data for the pair of builds 360337059, 361523662
20:08:28.071 [main] INFO  fr.inria.jtravis.JTravis - GitHub ratelimit: Limit: 5000 Remaining: 4925 Reset hour: 19:37:07
20:08:28.594 [main] INFO  f.i.s.r.p.i.ProjectInspector - ----------------------------------------------------------------------
20:08:28.594 [main] INFO  f.i.s.r.p.i.ProjectInspector - PIPELINE EXECUTION SUMMARY
20:08:28.594 [main] INFO  f.i.s.r.p.i.ProjectInspector - ----------------------------------------------------------------------
20:08:28.595 [main] INFO  f.i.s.r.p.i.ProjectInspector - CloneRepository........................................SUCCESS [ 4 s ]
20:08:28.595 [main] INFO  f.i.s.r.p.i.ProjectInspector - CheckoutBuggyBuildCandidate............................FAILURE [ 1 s ]
20:08:28.595 [main] INFO  f.i.s.r.p.i.ProjectInspector - ComputeSourceDir.......................................NOT RUN        
20:08:28.595 [main] INFO  f.i.s.r.p.i.ProjectInspector - ComputeTestDir.........................................NOT RUN        
20:08:28.596 [main] INFO  f.i.s.r.p.i.ProjectInspector - BuildProjectBuggyBuildCandidate........................NOT RUN        
20:08:28.596 [main] INFO  f.i.s.r.p.i.ProjectInspector - TestProjectBuggyBuildCandidate.........................NOT RUN        
20:08:28.597 [main] INFO  f.i.s.r.p.i.ProjectInspector - GatherTestInformationBuggyBuildCandidate...............NOT RUN        
20:08:28.597 [main] INFO  f.i.s.r.p.i.ProjectInspector - InitRepoToPush.........................................NOT RUN        
20:08:28.597 [main] INFO  f.i.s.r.p.i.ProjectInspector - ComputeClasspath.......................................NOT RUN        
20:08:28.597 [main] INFO  f.i.s.r.p.i.ProjectInspector - ComputeModules.........................................NOT RUN        
20:08:28.597 [main] INFO  f.i.s.r.p.i.ProjectInspector - CheckoutPatchedBuildCandidate..........................NOT RUN        
20:08:28.597 [main] INFO  f.i.s.r.p.i.ProjectInspector - BuildProjectPatchedBuildCandidate......................NOT RUN        
20:08:28.598 [main] INFO  f.i.s.r.p.i.ProjectInspector - TestProjectPatchedBuildCandidate.......................NOT RUN        
20:08:28.598 [main] INFO  f.i.s.r.p.i.ProjectInspector - GatherTestInformationPatchedBuildCandidate.............NOT RUN        
20:08:28.598 [main] INFO  f.i.s.r.p.i.ProjectInspector - CommitPatch............................................NOT RUN        
20:08:28.598 [main] INFO  f.i.s.r.p.i.ProjectInspector - WritePropertyFile......................................NOT RUN        
20:08:28.598 [main] INFO  f.i.s.r.p.i.ProjectInspector - CommitProcessEnd.......................................NOT RUN        
20:08:28.599 [main] INFO  f.i.s.r.p.i.ProjectInspector - PushProcessEnd.........................................NOT RUN        
20:08:28.599 [main] INFO  f.i.s.r.p.i.ProjectInspector - ----------------------------------------------------------------------
20:08:28.599 [main] INFO  f.i.s.r.p.i.ProjectInspector - PIPELINE FINDING: BUILDNOTCHECKEDOUT
20:08:28.599 [main] INFO  f.i.s.r.p.i.ProjectInspector - ----------------------------------------------------------------------
20:08:28.599 [main] INFO  f.i.s.repairnator.pipeline.Launcher - Inspector is finished. The process will exit now.
