13:04:28.258 [main] INFO  f.i.s.repairnator.pipeline.Launcher - PIPELINE VERSION: 3.0-2018-08-09 19:04
13:04:28.472 [main] INFO  f.i.s.repairnator.pipeline.Launcher - The pipeline will try to reproduce a bug from build 361500420 and its corresponding patch from build 362647381
13:04:28.473 [main] INFO  f.i.s.repairnator.pipeline.Launcher - Initialize file serializer engines.
13:04:28.475 [main] INFO  f.i.s.repairnator.pipeline.Launcher - MongoDB won't be used for serialization.
13:04:28.475 [main] INFO  f.i.s.repairnator.pipeline.Launcher - The email notifier engine won't be used.
13:04:28.479 [main] INFO  f.i.s.repairnator.pipeline.Launcher - Start by getting the build (buildId: 361500420) with the following config: RepairnatorConfig{runId='cbc977a0-20a7-4a06-bcfb-bc20c5ff9a19_04-18-week1-FAILING_AND_PASSING', launcherMode=BEARS, serializeJson=true, inputPath='null', outputPath='/var/log', mongodbHost='null', mongodbName='repairnator', smtpServer='null', notifyTo=[], notifyEndProcess=false, push=true, pushRemoteRepo='https://github.com/fermadeiral/bears-collection-fp', fork=false, lookFromDate=null, lookToDate=null, buildId=361500420, z3solverPath='./z3_for_linux', workspacePath='./workspace', githubToken='c8a341a903[...]', dockerImageName='null', skipDelete=false, createOutputDir=false, logDirectory='null', nbThreads=0, globalTimeout=0, whiteList=null, blackList=null, jobSleepTime=0, buildSleepTime=0, maxInspectedBuilds=0, duration=null, humanPatch=false, repository='null', clean=true, bearsMode=BOTH, bearsDelimiter = false, repairTools=NopolAllTests,NPEFix,AssertFixer,AstorJGenProg,AstorJKali,NopolSingleTest,AstorJMut,NopolTestExclusionStrategy, githubUserName= fermadeiral, githubUserEmail=fer.madeiral@gmail.com}
13:04:30.067 [main] DEBUG fr.inria.jtravis.helpers.BuildHelper - Get request to :https://api.travis-ci.org/build/361500420 done after 935 ms
13:04:30.387 [main] DEBUG fr.inria.jtravis.helpers.BuildHelper - Get request to :https://api.travis-ci.org/build/362647381 done after 143 ms
13:04:30.412 [main] INFO  f.i.s.repairnator.pipeline.Launcher - The patched build (362647381) was successfully retrieved from Travis.
13:04:31.795 [main] INFO  fr.inria.jtravis.JTravis - GitHub ratelimit: Limit: 5000 Remaining: 4995 Reset hour: 19:36:43
13:04:32.085 [main] INFO  f.i.s.r.p.i.ProjectInspector - ----------------------------------------------------------------------
13:04:32.085 [main] INFO  f.i.s.r.p.i.ProjectInspector - PIPELINE STEPS
13:04:32.086 [main] INFO  f.i.s.r.p.i.ProjectInspector - ----------------------------------------------------------------------
13:04:32.086 [main] INFO  f.i.s.r.p.i.ProjectInspector - CloneRepository
13:04:32.086 [main] INFO  f.i.s.r.p.i.ProjectInspector - CheckoutBuggyBuildCandidate
13:04:32.087 [main] INFO  f.i.s.r.p.i.ProjectInspector - ComputeSourceDir
13:04:32.087 [main] INFO  f.i.s.r.p.i.ProjectInspector - ComputeTestDir
13:04:32.087 [main] INFO  f.i.s.r.p.i.ProjectInspector - BuildProjectBuggyBuildCandidate
13:04:32.087 [main] INFO  f.i.s.r.p.i.ProjectInspector - TestProjectBuggyBuildCandidate
13:04:32.088 [main] INFO  f.i.s.r.p.i.ProjectInspector - GatherTestInformationBuggyBuildCandidate
13:04:32.088 [main] INFO  f.i.s.r.p.i.ProjectInspector - InitRepoToPush
13:04:32.088 [main] INFO  f.i.s.r.p.i.ProjectInspector - ComputeClasspath
13:04:32.089 [main] INFO  f.i.s.r.p.i.ProjectInspector - ComputeModules
13:04:32.089 [main] INFO  f.i.s.r.p.i.ProjectInspector - CheckoutPatchedBuildCandidate
13:04:32.089 [main] INFO  f.i.s.r.p.i.ProjectInspector - BuildProjectPatchedBuildCandidate
13:04:32.089 [main] INFO  f.i.s.r.p.i.ProjectInspector - TestProjectPatchedBuildCandidate
13:04:32.090 [main] INFO  f.i.s.r.p.i.ProjectInspector - GatherTestInformationPatchedBuildCandidate
13:04:32.090 [main] INFO  f.i.s.r.p.i.ProjectInspector - CommitPatch
13:04:32.090 [main] INFO  f.i.s.r.p.i.ProjectInspector - WritePropertyFile
13:04:32.090 [main] INFO  f.i.s.r.p.i.ProjectInspector - CommitProcessEnd
13:04:32.090 [main] INFO  f.i.s.r.p.i.ProjectInspector - PushProcessEnd
13:04:32.091 [main] DEBUG f.i.s.r.process.step.CloneRepository - ----------------------------------------------------------------------
13:04:32.091 [main] DEBUG f.i.s.r.process.step.CloneRepository - STEP 1/18: CloneRepository
13:04:32.092 [main] DEBUG f.i.s.r.process.step.CloneRepository - ----------------------------------------------------------------------
13:04:32.092 [main] DEBUG f.i.s.r.process.step.CloneRepository - Cloning repository apache/flink in the following directory: ./workspace/apache/flink/361500420
13:05:42.395 [main] DEBUG f.i.s.r.process.step.CloneRepository - STEP STATUS: [ CloneRepository : SUCCESS ]
13:05:42.396 [main] DEBUG f.i.s.r.process.step.CloneRepository - STEP DURATION: 70s
13:05:42.396 [main] DEBUG f.i.s.r.process.step.CloneRepository - EXECUTE NEXT STEP
13:05:42.397 [main] DEBUG f.i.s.r.p.s.c.CheckoutBuggyBuild - ----------------------------------------------------------------------
13:05:42.397 [main] DEBUG f.i.s.r.p.s.c.CheckoutBuggyBuild - STEP 2/18: CheckoutBuggyBuildCandidate
13:05:42.397 [main] DEBUG f.i.s.r.p.s.c.CheckoutBuggyBuild - ----------------------------------------------------------------------
13:05:42.397 [main] DEBUG f.i.s.r.p.s.c.CheckoutBuggyBuild - Checking out buggy build candidate...
13:05:42.745 [main] INFO  fr.inria.jtravis.JTravis - GitHub ratelimit: Limit: 5000 Remaining: 4992 Reset hour: 19:36:43
13:05:45.704 [main] DEBUG f.i.s.r.p.s.c.CheckoutBuggyBuild - Reproduce the PR for apache/flink by fetching remote branch and merging.
13:05:49.196 [main] ERROR f.i.s.r.p.s.c.CheckoutBuggyBuild - Error while testing commit: org.eclipse.jgit.errors.MissingObjectException: Missing unknown b9dfb6c2ac0dc1509ce0a4e931d9f2cf7071a985
13:05:49.198 [main] ERROR f.i.s.r.p.s.c.CheckoutBuggyBuild - Commit head ref cannot be retrieved from the repository: b9dfb6c2ac0dc1509ce0a4e931d9f2cf7071a985. Operation aborted.
13:05:49.198 [main] ERROR f.i.s.r.p.s.c.CheckoutBuggyBuild - Error while merging two commits to reproduce the PR.
13:05:49.199 [main] DEBUG f.i.s.r.p.s.c.CheckoutBuggyBuild - STEP STATUS: [ CheckoutBuggyBuildCandidate : FAILURE ( BUILDNOTCHECKEDOUT ) ]
13:05:49.200 [main] DEBUG f.i.s.r.p.s.c.CheckoutBuggyBuild - STEP DURATION: 6s
13:05:49.200 [main] DEBUG f.i.s.r.p.s.c.CheckoutBuggyBuild - TERMINATE PIPELINE
13:05:49.201 [main] DEBUG f.i.s.r.p.s.c.CheckoutBuggyBuild - FINAL STEPS SKIPPED: The reproduction of the bug and/or the patch failed.
13:05:49.201 [main] INFO  f.i.s.r.p.s.c.CheckoutBuggyBuild - Serialize all data for the pair of builds 361500420, 362647381
13:05:49.327 [main] INFO  fr.inria.jtravis.JTravis - GitHub ratelimit: Limit: 5000 Remaining: 4985 Reset hour: 19:36:43
13:05:51.214 [main] INFO  f.i.s.r.p.i.ProjectInspector - ----------------------------------------------------------------------
13:05:51.215 [main] INFO  f.i.s.r.p.i.ProjectInspector - PIPELINE EXECUTION SUMMARY
13:05:51.215 [main] INFO  f.i.s.r.p.i.ProjectInspector - ----------------------------------------------------------------------
13:05:51.215 [main] INFO  f.i.s.r.p.i.ProjectInspector - CloneRepository.......................................SUCCESS [ 70 s ]
13:05:51.215 [main] INFO  f.i.s.r.p.i.ProjectInspector - CheckoutBuggyBuildCandidate...........................FAILURE [  6 s ]
13:05:51.216 [main] INFO  f.i.s.r.p.i.ProjectInspector - ComputeSourceDir......................................NOT RUN         
13:05:51.216 [main] INFO  f.i.s.r.p.i.ProjectInspector - ComputeTestDir........................................NOT RUN         
13:05:51.216 [main] INFO  f.i.s.r.p.i.ProjectInspector - BuildProjectBuggyBuildCandidate.......................NOT RUN         
13:05:51.216 [main] INFO  f.i.s.r.p.i.ProjectInspector - TestProjectBuggyBuildCandidate........................NOT RUN         
13:05:51.216 [main] INFO  f.i.s.r.p.i.ProjectInspector - GatherTestInformationBuggyBuildCandidate..............NOT RUN         
13:05:51.216 [main] INFO  f.i.s.r.p.i.ProjectInspector - InitRepoToPush........................................NOT RUN         
13:05:51.218 [main] INFO  f.i.s.r.p.i.ProjectInspector - ComputeClasspath......................................NOT RUN         
13:05:51.218 [main] INFO  f.i.s.r.p.i.ProjectInspector - ComputeModules........................................NOT RUN         
13:05:51.218 [main] INFO  f.i.s.r.p.i.ProjectInspector - CheckoutPatchedBuildCandidate.........................NOT RUN         
13:05:51.218 [main] INFO  f.i.s.r.p.i.ProjectInspector - BuildProjectPatchedBuildCandidate.....................NOT RUN         
13:05:51.218 [main] INFO  f.i.s.r.p.i.ProjectInspector - TestProjectPatchedBuildCandidate......................NOT RUN         
13:05:51.218 [main] INFO  f.i.s.r.p.i.ProjectInspector - GatherTestInformationPatchedBuildCandidate............NOT RUN         
13:05:51.219 [main] INFO  f.i.s.r.p.i.ProjectInspector - CommitPatch...........................................NOT RUN         
13:05:51.219 [main] INFO  f.i.s.r.p.i.ProjectInspector - WritePropertyFile.....................................NOT RUN         
13:05:51.219 [main] INFO  f.i.s.r.p.i.ProjectInspector - CommitProcessEnd......................................NOT RUN         
13:05:51.219 [main] INFO  f.i.s.r.p.i.ProjectInspector - PushProcessEnd........................................NOT RUN         
13:05:51.219 [main] INFO  f.i.s.r.p.i.ProjectInspector - ----------------------------------------------------------------------
13:05:51.219 [main] INFO  f.i.s.r.p.i.ProjectInspector - PIPELINE FINDING: BUILDNOTCHECKEDOUT
13:05:51.219 [main] INFO  f.i.s.r.p.i.ProjectInspector - ----------------------------------------------------------------------
13:05:51.220 [main] INFO  f.i.s.repairnator.pipeline.Launcher - Inspector is finished. The process will exit now.
