13:33:01.014 [main] INFO  f.i.s.repairnator.pipeline.Launcher - PIPELINE VERSION: 3.0-2018-08-09 19:04
13:33:01.161 [main] INFO  f.i.s.repairnator.pipeline.Launcher - The pipeline will try to reproduce a bug from build 330728874 and its corresponding patch from build 365084856
13:33:01.162 [main] INFO  f.i.s.repairnator.pipeline.Launcher - Initialize file serializer engines.
13:33:01.163 [main] INFO  f.i.s.repairnator.pipeline.Launcher - MongoDB won't be used for serialization.
13:33:01.163 [main] INFO  f.i.s.repairnator.pipeline.Launcher - The email notifier engine won't be used.
13:33:01.166 [main] INFO  f.i.s.repairnator.pipeline.Launcher - Start by getting the build (buildId: 330728874) with the following config: RepairnatorConfig{runId='0c1dbb4d-1cbc-485c-8949-10b1e9ab500a_04-18-week2-PASSING_AND_PASSING', launcherMode=BEARS, serializeJson=true, inputPath='null', outputPath='/var/log', mongodbHost='null', mongodbName='repairnator', smtpServer='null', notifyTo=[], notifyEndProcess=false, push=true, pushRemoteRepo='https://github.com/fermadeiral/bears-collection-pp', fork=false, lookFromDate=null, lookToDate=null, buildId=330728874, z3solverPath='./z3_for_linux', workspacePath='./workspace', githubToken='c8a341a903[...]', dockerImageName='null', skipDelete=false, createOutputDir=false, logDirectory='null', nbThreads=0, globalTimeout=0, whiteList=null, blackList=null, jobSleepTime=0, buildSleepTime=0, maxInspectedBuilds=0, duration=null, humanPatch=false, repository='null', clean=true, bearsMode=BOTH, bearsDelimiter = false, repairTools=NopolAllTests,NPEFix,AssertFixer,AstorJGenProg,AstorJKali,NopolSingleTest,AstorJMut,NopolTestExclusionStrategy, githubUserName= fermadeiral, githubUserEmail=fer.madeiral@gmail.com}
13:33:02.676 [main] DEBUG fr.inria.jtravis.helpers.BuildHelper - Get request to :https://api.travis-ci.org/build/330728874 done after 902 ms
13:33:02.967 [main] DEBUG fr.inria.jtravis.helpers.BuildHelper - Get request to :https://api.travis-ci.org/build/365084856 done after 136 ms
13:33:02.985 [main] INFO  f.i.s.repairnator.pipeline.Launcher - The patched build (365084856) was successfully retrieved from Travis.
13:33:04.189 [main] INFO  fr.inria.jtravis.JTravis - GitHub ratelimit: Limit: 5000 Remaining: 4151 Reset hour: 19:39:35
13:33:04.589 [main] INFO  f.i.s.r.p.i.ProjectInspector - ----------------------------------------------------------------------
13:33:04.589 [main] INFO  f.i.s.r.p.i.ProjectInspector - PIPELINE STEPS
13:33:04.589 [main] INFO  f.i.s.r.p.i.ProjectInspector - ----------------------------------------------------------------------
13:33:04.590 [main] INFO  f.i.s.r.p.i.ProjectInspector - CloneRepository
13:33:04.590 [main] INFO  f.i.s.r.p.i.ProjectInspector - CheckoutPatchedBuildCandidate
13:33:04.590 [main] INFO  f.i.s.r.p.i.ProjectInspector - ComputeSourceDir
13:33:04.590 [main] INFO  f.i.s.r.p.i.ProjectInspector - ComputeTestDir
13:33:04.590 [main] INFO  f.i.s.r.p.i.ProjectInspector - CheckoutBuggyBuildCandidateSourceCode
13:33:04.590 [main] INFO  f.i.s.r.p.i.ProjectInspector - BuildProjectBuggyBuildCandidateSourceCode
13:33:04.590 [main] INFO  f.i.s.r.p.i.ProjectInspector - TestProjectBuggyBuildCandidateSourceCode
13:33:04.591 [main] INFO  f.i.s.r.p.i.ProjectInspector - GatherTestInformationBuggyBuildCandidateSourceCode
13:33:04.591 [main] INFO  f.i.s.r.p.i.ProjectInspector - CheckoutBuggyBuildTestCode
13:33:04.591 [main] INFO  f.i.s.r.p.i.ProjectInspector - InitRepoToPush
13:33:04.591 [main] INFO  f.i.s.r.p.i.ProjectInspector - ComputeClasspath
13:33:04.591 [main] INFO  f.i.s.r.p.i.ProjectInspector - ComputeModules
13:33:04.591 [main] INFO  f.i.s.r.p.i.ProjectInspector - CheckoutBuggyBuildCandidateSourceCode
13:33:04.592 [main] INFO  f.i.s.r.p.i.ProjectInspector - CommitChangedTests
13:33:04.592 [main] INFO  f.i.s.r.p.i.ProjectInspector - CheckoutPatchedBuildCandidate
13:33:04.592 [main] INFO  f.i.s.r.p.i.ProjectInspector - BuildProjectPatchedBuildCandidate
13:33:04.592 [main] INFO  f.i.s.r.p.i.ProjectInspector - TestProjectPatchedBuildCandidate
13:33:04.592 [main] INFO  f.i.s.r.p.i.ProjectInspector - GatherTestInformationPatchedBuildCandidate
13:33:04.593 [main] INFO  f.i.s.r.p.i.ProjectInspector - CommitPatch
13:33:04.593 [main] INFO  f.i.s.r.p.i.ProjectInspector - WritePropertyFile
13:33:04.593 [main] INFO  f.i.s.r.p.i.ProjectInspector - CommitProcessEnd
13:33:04.593 [main] INFO  f.i.s.r.p.i.ProjectInspector - PushProcessEnd
13:33:04.593 [main] DEBUG f.i.s.r.process.step.CloneRepository - ----------------------------------------------------------------------
13:33:04.593 [main] DEBUG f.i.s.r.process.step.CloneRepository - STEP 1/22: CloneRepository
13:33:04.594 [main] DEBUG f.i.s.r.process.step.CloneRepository - ----------------------------------------------------------------------
13:33:04.594 [main] DEBUG f.i.s.r.process.step.CloneRepository - Cloning repository MyCoRe-Org/mycore in the following directory: ./workspace/MyCoRe-Org/mycore/330728874
13:33:54.384 [main] DEBUG f.i.s.r.process.step.CloneRepository - STEP STATUS: [ CloneRepository : SUCCESS ]
13:33:54.384 [main] DEBUG f.i.s.r.process.step.CloneRepository - STEP DURATION: 49s
13:33:54.384 [main] DEBUG f.i.s.r.process.step.CloneRepository - EXECUTE NEXT STEP
13:33:54.385 [main] DEBUG f.i.s.r.p.s.c.CheckoutPatchedBuild - ----------------------------------------------------------------------
13:33:54.385 [main] DEBUG f.i.s.r.p.s.c.CheckoutPatchedBuild - STEP 2/22: CheckoutPatchedBuildCandidate
13:33:54.385 [main] DEBUG f.i.s.r.p.s.c.CheckoutPatchedBuild - ----------------------------------------------------------------------
13:33:54.385 [main] DEBUG f.i.s.r.p.s.c.CheckoutPatchedBuild - Checking out patched build candidate...
13:33:54.398 [main] ERROR f.i.s.r.p.s.c.CheckoutPatchedBuild - Error while testing commit: org.eclipse.jgit.errors.MissingObjectException: Missing unknown b3b6b9f612e61895fddeb0b59e2db9689e98c5af
13:33:54.398 [main] ERROR f.i.s.r.p.s.c.CheckoutPatchedBuild - Error while getting the commit to checkout from the repo.
13:33:54.399 [main] DEBUG f.i.s.r.p.s.c.CheckoutPatchedBuild - STEP STATUS: [ CheckoutPatchedBuildCandidate : FAILURE ( BUILDNOTCHECKEDOUT ) ]
13:33:54.399 [main] DEBUG f.i.s.r.p.s.c.CheckoutPatchedBuild - STEP DURATION: 0s
13:33:54.399 [main] DEBUG f.i.s.r.p.s.c.CheckoutPatchedBuild - TERMINATE PIPELINE
13:33:54.400 [main] DEBUG f.i.s.r.p.s.c.CheckoutPatchedBuild - FINAL STEPS SKIPPED: The reproduction of the bug and/or the patch failed.
13:33:54.400 [main] INFO  f.i.s.r.p.s.c.CheckoutPatchedBuild - Serialize all data for the pair of builds 330728874, 365084856
13:33:54.747 [main] INFO  fr.inria.jtravis.JTravis - GitHub ratelimit: Limit: 5000 Remaining: 4135 Reset hour: 19:39:35
13:33:55.476 [main] INFO  f.i.s.r.p.i.ProjectInspector - ----------------------------------------------------------------------
13:33:55.477 [main] INFO  f.i.s.r.p.i.ProjectInspector - PIPELINE EXECUTION SUMMARY
13:33:55.477 [main] INFO  f.i.s.r.p.i.ProjectInspector - ----------------------------------------------------------------------
13:33:55.477 [main] INFO  f.i.s.r.p.i.ProjectInspector - CloneRepository.......................................SUCCESS [ 49 s ]
13:33:55.477 [main] INFO  f.i.s.r.p.i.ProjectInspector - CheckoutPatchedBuildCandidate.........................FAILURE [  0 s ]
13:33:55.477 [main] INFO  f.i.s.r.p.i.ProjectInspector - ComputeSourceDir......................................NOT RUN         
13:33:55.477 [main] INFO  f.i.s.r.p.i.ProjectInspector - ComputeTestDir........................................NOT RUN         
13:33:55.477 [main] INFO  f.i.s.r.p.i.ProjectInspector - CheckoutBuggyBuildCandidateSourceCode.................NOT RUN         
13:33:55.478 [main] INFO  f.i.s.r.p.i.ProjectInspector - BuildProjectBuggyBuildCandidateSourceCode.............NOT RUN         
13:33:55.478 [main] INFO  f.i.s.r.p.i.ProjectInspector - TestProjectBuggyBuildCandidateSourceCode..............NOT RUN         
13:33:55.478 [main] INFO  f.i.s.r.p.i.ProjectInspector - GatherTestInformationBuggyBuildCandidateSourceCode....NOT RUN         
13:33:55.478 [main] INFO  f.i.s.r.p.i.ProjectInspector - CheckoutBuggyBuildTestCode............................NOT RUN         
13:33:55.478 [main] INFO  f.i.s.r.p.i.ProjectInspector - InitRepoToPush........................................NOT RUN         
13:33:55.478 [main] INFO  f.i.s.r.p.i.ProjectInspector - ComputeClasspath......................................NOT RUN         
13:33:55.478 [main] INFO  f.i.s.r.p.i.ProjectInspector - ComputeModules........................................NOT RUN         
13:33:55.479 [main] INFO  f.i.s.r.p.i.ProjectInspector - CheckoutBuggyBuildCandidateSourceCode.................NOT RUN         
13:33:55.479 [main] INFO  f.i.s.r.p.i.ProjectInspector - CommitChangedTests....................................NOT RUN         
13:33:55.479 [main] INFO  f.i.s.r.p.i.ProjectInspector - CheckoutPatchedBuildCandidate.........................NOT RUN         
13:33:55.479 [main] INFO  f.i.s.r.p.i.ProjectInspector - BuildProjectPatchedBuildCandidate.....................NOT RUN         
13:33:55.479 [main] INFO  f.i.s.r.p.i.ProjectInspector - TestProjectPatchedBuildCandidate......................NOT RUN         
13:33:55.479 [main] INFO  f.i.s.r.p.i.ProjectInspector - GatherTestInformationPatchedBuildCandidate............NOT RUN         
13:33:55.479 [main] INFO  f.i.s.r.p.i.ProjectInspector - CommitPatch...........................................NOT RUN         
13:33:55.479 [main] INFO  f.i.s.r.p.i.ProjectInspector - WritePropertyFile.....................................NOT RUN         
13:33:55.479 [main] INFO  f.i.s.r.p.i.ProjectInspector - CommitProcessEnd......................................NOT RUN         
13:33:55.480 [main] INFO  f.i.s.r.p.i.ProjectInspector - PushProcessEnd........................................NOT RUN         
13:33:55.480 [main] INFO  f.i.s.r.p.i.ProjectInspector - ----------------------------------------------------------------------
13:33:55.480 [main] INFO  f.i.s.r.p.i.ProjectInspector - PIPELINE FINDING: BUILDNOTCHECKEDOUT
13:33:55.480 [main] INFO  f.i.s.r.p.i.ProjectInspector - ----------------------------------------------------------------------
13:33:55.480 [main] INFO  f.i.s.repairnator.pipeline.Launcher - Inspector is finished. The process will exit now.
