04:12:42.013 [main] INFO  f.i.s.repairnator.pipeline.Launcher - PIPELINE VERSION: 3.0-2018-08-09 19:04
04:12:42.148 [main] INFO  f.i.s.repairnator.pipeline.Launcher - The pipeline will try to reproduce a bug from build 366320321 and its corresponding patch from build 366369173
04:12:42.148 [main] INFO  f.i.s.repairnator.pipeline.Launcher - Initialize file serializer engines.
04:12:42.150 [main] INFO  f.i.s.repairnator.pipeline.Launcher - MongoDB won't be used for serialization.
04:12:42.150 [main] INFO  f.i.s.repairnator.pipeline.Launcher - The email notifier engine won't be used.
04:12:42.153 [main] INFO  f.i.s.repairnator.pipeline.Launcher - Start by getting the build (buildId: 366320321) with the following config: RepairnatorConfig{runId='0c1dbb4d-1cbc-485c-8949-10b1e9ab500a_04-18-week2-PASSING_AND_PASSING', launcherMode=BEARS, serializeJson=true, inputPath='null', outputPath='/var/log', mongodbHost='null', mongodbName='repairnator', smtpServer='null', notifyTo=[], notifyEndProcess=false, push=true, pushRemoteRepo='https://github.com/fermadeiral/bears-collection-pp', fork=false, lookFromDate=null, lookToDate=null, buildId=366320321, z3solverPath='./z3_for_linux', workspacePath='./workspace', githubToken='c8a341a903[...]', dockerImageName='null', skipDelete=false, createOutputDir=false, logDirectory='null', nbThreads=0, globalTimeout=0, whiteList=null, blackList=null, jobSleepTime=0, buildSleepTime=0, maxInspectedBuilds=0, duration=null, humanPatch=false, repository='null', clean=true, bearsMode=BOTH, bearsDelimiter = false, repairTools=NopolAllTests,NPEFix,AssertFixer,AstorJGenProg,AstorJKali,NopolSingleTest,AstorJMut,NopolTestExclusionStrategy, githubUserName= fermadeiral, githubUserEmail=fer.madeiral@gmail.com}
04:12:43.566 [main] DEBUG fr.inria.jtravis.helpers.BuildHelper - Get request to :https://api.travis-ci.org/build/366320321 done after 881 ms
04:12:43.834 [main] DEBUG fr.inria.jtravis.helpers.BuildHelper - Get request to :https://api.travis-ci.org/build/366369173 done after 146 ms
04:12:43.850 [main] INFO  f.i.s.repairnator.pipeline.Launcher - The patched build (366369173) was successfully retrieved from Travis.
04:12:46.143 [main] INFO  fr.inria.jtravis.JTravis - GitHub ratelimit: Limit: 5000 Remaining: 4913 Reset hour: 19:39:03
04:12:46.717 [main] INFO  f.i.s.r.p.i.ProjectInspector - ----------------------------------------------------------------------
04:12:46.717 [main] INFO  f.i.s.r.p.i.ProjectInspector - PIPELINE STEPS
04:12:46.717 [main] INFO  f.i.s.r.p.i.ProjectInspector - ----------------------------------------------------------------------
04:12:46.717 [main] INFO  f.i.s.r.p.i.ProjectInspector - CloneRepository
04:12:46.717 [main] INFO  f.i.s.r.p.i.ProjectInspector - CheckoutPatchedBuildCandidate
04:12:46.717 [main] INFO  f.i.s.r.p.i.ProjectInspector - ComputeSourceDir
04:12:46.718 [main] INFO  f.i.s.r.p.i.ProjectInspector - ComputeTestDir
04:12:46.718 [main] INFO  f.i.s.r.p.i.ProjectInspector - CheckoutBuggyBuildCandidateSourceCode
04:12:46.718 [main] INFO  f.i.s.r.p.i.ProjectInspector - BuildProjectBuggyBuildCandidateSourceCode
04:12:46.718 [main] INFO  f.i.s.r.p.i.ProjectInspector - TestProjectBuggyBuildCandidateSourceCode
04:12:46.718 [main] INFO  f.i.s.r.p.i.ProjectInspector - GatherTestInformationBuggyBuildCandidateSourceCode
04:12:46.718 [main] INFO  f.i.s.r.p.i.ProjectInspector - CheckoutBuggyBuildTestCode
04:12:46.718 [main] INFO  f.i.s.r.p.i.ProjectInspector - InitRepoToPush
04:12:46.718 [main] INFO  f.i.s.r.p.i.ProjectInspector - ComputeClasspath
04:12:46.719 [main] INFO  f.i.s.r.p.i.ProjectInspector - ComputeModules
04:12:46.719 [main] INFO  f.i.s.r.p.i.ProjectInspector - CheckoutBuggyBuildCandidateSourceCode
04:12:46.719 [main] INFO  f.i.s.r.p.i.ProjectInspector - CommitChangedTests
04:12:46.719 [main] INFO  f.i.s.r.p.i.ProjectInspector - CheckoutPatchedBuildCandidate
04:12:46.719 [main] INFO  f.i.s.r.p.i.ProjectInspector - BuildProjectPatchedBuildCandidate
04:12:46.719 [main] INFO  f.i.s.r.p.i.ProjectInspector - TestProjectPatchedBuildCandidate
04:12:46.719 [main] INFO  f.i.s.r.p.i.ProjectInspector - GatherTestInformationPatchedBuildCandidate
04:12:46.720 [main] INFO  f.i.s.r.p.i.ProjectInspector - CommitPatch
04:12:46.720 [main] INFO  f.i.s.r.p.i.ProjectInspector - WritePropertyFile
04:12:46.720 [main] INFO  f.i.s.r.p.i.ProjectInspector - CommitProcessEnd
04:12:46.720 [main] INFO  f.i.s.r.p.i.ProjectInspector - PushProcessEnd
04:12:46.720 [main] DEBUG f.i.s.r.process.step.CloneRepository - ----------------------------------------------------------------------
04:12:46.721 [main] DEBUG f.i.s.r.process.step.CloneRepository - STEP 1/22: CloneRepository
04:12:46.721 [main] DEBUG f.i.s.r.process.step.CloneRepository - ----------------------------------------------------------------------
04:12:46.721 [main] DEBUG f.i.s.r.process.step.CloneRepository - Cloning repository batfish/batfish in the following directory: ./workspace/batfish/batfish/366320321
04:13:46.525 [main] DEBUG f.i.s.r.process.step.CloneRepository - STEP STATUS: [ CloneRepository : SUCCESS ]
04:13:46.526 [main] DEBUG f.i.s.r.process.step.CloneRepository - STEP DURATION: 59s
04:13:46.526 [main] DEBUG f.i.s.r.process.step.CloneRepository - EXECUTE NEXT STEP
04:13:46.527 [main] DEBUG f.i.s.r.p.s.c.CheckoutPatchedBuild - ----------------------------------------------------------------------
04:13:46.527 [main] DEBUG f.i.s.r.p.s.c.CheckoutPatchedBuild - STEP 2/22: CheckoutPatchedBuildCandidate
04:13:46.527 [main] DEBUG f.i.s.r.p.s.c.CheckoutPatchedBuild - ----------------------------------------------------------------------
04:13:46.527 [main] DEBUG f.i.s.r.p.s.c.CheckoutPatchedBuild - Checking out patched build candidate...
04:13:46.538 [main] ERROR f.i.s.r.p.s.c.CheckoutPatchedBuild - Error while testing commit: org.eclipse.jgit.errors.MissingObjectException: Missing unknown a75b5bf14a927fc29392bff59576d23eb7800911
04:13:46.538 [main] ERROR f.i.s.r.p.s.c.CheckoutPatchedBuild - Error while getting the commit to checkout from the repo.
04:13:46.539 [main] DEBUG f.i.s.r.p.s.c.CheckoutPatchedBuild - STEP STATUS: [ CheckoutPatchedBuildCandidate : FAILURE ( BUILDNOTCHECKEDOUT ) ]
04:13:46.539 [main] DEBUG f.i.s.r.p.s.c.CheckoutPatchedBuild - STEP DURATION: 0s
04:13:46.539 [main] DEBUG f.i.s.r.p.s.c.CheckoutPatchedBuild - TERMINATE PIPELINE
04:13:46.540 [main] DEBUG f.i.s.r.p.s.c.CheckoutPatchedBuild - FINAL STEPS SKIPPED: The reproduction of the bug and/or the patch failed.
04:13:46.540 [main] INFO  f.i.s.r.p.s.c.CheckoutPatchedBuild - Serialize all data for the pair of builds 366320321, 366369173
04:13:46.870 [main] INFO  fr.inria.jtravis.JTravis - GitHub ratelimit: Limit: 5000 Remaining: 4908 Reset hour: 19:39:03
04:13:47.723 [main] INFO  f.i.s.r.p.i.ProjectInspector - ----------------------------------------------------------------------
04:13:47.724 [main] INFO  f.i.s.r.p.i.ProjectInspector - PIPELINE EXECUTION SUMMARY
04:13:47.724 [main] INFO  f.i.s.r.p.i.ProjectInspector - ----------------------------------------------------------------------
04:13:47.724 [main] INFO  f.i.s.r.p.i.ProjectInspector - CloneRepository.......................................SUCCESS [ 59 s ]
04:13:47.724 [main] INFO  f.i.s.r.p.i.ProjectInspector - CheckoutPatchedBuildCandidate.........................FAILURE [  0 s ]
04:13:47.724 [main] INFO  f.i.s.r.p.i.ProjectInspector - ComputeSourceDir......................................NOT RUN         
04:13:47.725 [main] INFO  f.i.s.r.p.i.ProjectInspector - ComputeTestDir........................................NOT RUN         
04:13:47.725 [main] INFO  f.i.s.r.p.i.ProjectInspector - CheckoutBuggyBuildCandidateSourceCode.................NOT RUN         
04:13:47.725 [main] INFO  f.i.s.r.p.i.ProjectInspector - BuildProjectBuggyBuildCandidateSourceCode.............NOT RUN         
04:13:47.725 [main] INFO  f.i.s.r.p.i.ProjectInspector - TestProjectBuggyBuildCandidateSourceCode..............NOT RUN         
04:13:47.725 [main] INFO  f.i.s.r.p.i.ProjectInspector - GatherTestInformationBuggyBuildCandidateSourceCode....NOT RUN         
04:13:47.725 [main] INFO  f.i.s.r.p.i.ProjectInspector - CheckoutBuggyBuildTestCode............................NOT RUN         
04:13:47.725 [main] INFO  f.i.s.r.p.i.ProjectInspector - InitRepoToPush........................................NOT RUN         
04:13:47.726 [main] INFO  f.i.s.r.p.i.ProjectInspector - ComputeClasspath......................................NOT RUN         
04:13:47.726 [main] INFO  f.i.s.r.p.i.ProjectInspector - ComputeModules........................................NOT RUN         
04:13:47.726 [main] INFO  f.i.s.r.p.i.ProjectInspector - CheckoutBuggyBuildCandidateSourceCode.................NOT RUN         
04:13:47.726 [main] INFO  f.i.s.r.p.i.ProjectInspector - CommitChangedTests....................................NOT RUN         
04:13:47.726 [main] INFO  f.i.s.r.p.i.ProjectInspector - CheckoutPatchedBuildCandidate.........................NOT RUN         
04:13:47.727 [main] INFO  f.i.s.r.p.i.ProjectInspector - BuildProjectPatchedBuildCandidate.....................NOT RUN         
04:13:47.728 [main] INFO  f.i.s.r.p.i.ProjectInspector - TestProjectPatchedBuildCandidate......................NOT RUN         
04:13:47.728 [main] INFO  f.i.s.r.p.i.ProjectInspector - GatherTestInformationPatchedBuildCandidate............NOT RUN         
04:13:47.728 [main] INFO  f.i.s.r.p.i.ProjectInspector - CommitPatch...........................................NOT RUN         
04:13:47.728 [main] INFO  f.i.s.r.p.i.ProjectInspector - WritePropertyFile.....................................NOT RUN         
04:13:47.728 [main] INFO  f.i.s.r.p.i.ProjectInspector - CommitProcessEnd......................................NOT RUN         
04:13:47.728 [main] INFO  f.i.s.r.p.i.ProjectInspector - PushProcessEnd........................................NOT RUN         
04:13:47.728 [main] INFO  f.i.s.r.p.i.ProjectInspector - ----------------------------------------------------------------------
04:13:47.728 [main] INFO  f.i.s.r.p.i.ProjectInspector - PIPELINE FINDING: BUILDNOTCHECKEDOUT
04:13:47.728 [main] INFO  f.i.s.r.p.i.ProjectInspector - ----------------------------------------------------------------------
04:13:47.729 [main] INFO  f.i.s.repairnator.pipeline.Launcher - Inspector is finished. The process will exit now.
