04:21:44.750 [main] INFO  f.i.s.repairnator.pipeline.Launcher - PIPELINE VERSION: 3.0-2018-08-09 19:04
04:21:44.899 [main] INFO  f.i.s.repairnator.pipeline.Launcher - The pipeline will try to reproduce a bug from build 364930990 and its corresponding patch from build 365302720
04:21:44.900 [main] INFO  f.i.s.repairnator.pipeline.Launcher - Initialize file serializer engines.
04:21:44.901 [main] INFO  f.i.s.repairnator.pipeline.Launcher - MongoDB won't be used for serialization.
04:21:44.902 [main] INFO  f.i.s.repairnator.pipeline.Launcher - The email notifier engine won't be used.
04:21:44.909 [main] INFO  f.i.s.repairnator.pipeline.Launcher - Start by getting the build (buildId: 364930990) with the following config: RepairnatorConfig{runId='0c1dbb4d-1cbc-485c-8949-10b1e9ab500a_04-18-week2-PASSING_AND_PASSING', launcherMode=BEARS, serializeJson=true, inputPath='null', outputPath='/var/log', mongodbHost='null', mongodbName='repairnator', smtpServer='null', notifyTo=[], notifyEndProcess=false, push=true, pushRemoteRepo='https://github.com/fermadeiral/bears-collection-pp', fork=false, lookFromDate=null, lookToDate=null, buildId=364930990, z3solverPath='./z3_for_linux', workspacePath='./workspace', githubToken='c8a341a903[...]', dockerImageName='null', skipDelete=false, createOutputDir=false, logDirectory='null', nbThreads=0, globalTimeout=0, whiteList=null, blackList=null, jobSleepTime=0, buildSleepTime=0, maxInspectedBuilds=0, duration=null, humanPatch=false, repository='null', clean=true, bearsMode=BOTH, bearsDelimiter = false, repairTools=NopolAllTests,NPEFix,AssertFixer,AstorJGenProg,AstorJKali,NopolSingleTest,AstorJMut,NopolTestExclusionStrategy, githubUserName= fermadeiral, githubUserEmail=fer.madeiral@gmail.com}
04:21:46.048 [main] DEBUG fr.inria.jtravis.helpers.BuildHelper - Get request to :https://api.travis-ci.org/build/364930990 done after 753 ms
04:21:46.260 [main] DEBUG fr.inria.jtravis.helpers.BuildHelper - Get request to :https://api.travis-ci.org/build/365302720 done after 133 ms
04:21:46.270 [main] INFO  f.i.s.repairnator.pipeline.Launcher - The patched build (365302720) was successfully retrieved from Travis.
04:21:47.433 [main] INFO  fr.inria.jtravis.JTravis - GitHub ratelimit: Limit: 5000 Remaining: 4747 Reset hour: 19:39:03
04:21:47.706 [main] INFO  f.i.s.r.p.i.ProjectInspector - ----------------------------------------------------------------------
04:21:47.706 [main] INFO  f.i.s.r.p.i.ProjectInspector - PIPELINE STEPS
04:21:47.707 [main] INFO  f.i.s.r.p.i.ProjectInspector - ----------------------------------------------------------------------
04:21:47.707 [main] INFO  f.i.s.r.p.i.ProjectInspector - CloneRepository
04:21:47.707 [main] INFO  f.i.s.r.p.i.ProjectInspector - CheckoutPatchedBuildCandidate
04:21:47.707 [main] INFO  f.i.s.r.p.i.ProjectInspector - ComputeSourceDir
04:21:47.707 [main] INFO  f.i.s.r.p.i.ProjectInspector - ComputeTestDir
04:21:47.707 [main] INFO  f.i.s.r.p.i.ProjectInspector - CheckoutBuggyBuildCandidateSourceCode
04:21:47.707 [main] INFO  f.i.s.r.p.i.ProjectInspector - BuildProjectBuggyBuildCandidateSourceCode
04:21:47.708 [main] INFO  f.i.s.r.p.i.ProjectInspector - TestProjectBuggyBuildCandidateSourceCode
04:21:47.708 [main] INFO  f.i.s.r.p.i.ProjectInspector - GatherTestInformationBuggyBuildCandidateSourceCode
04:21:47.708 [main] INFO  f.i.s.r.p.i.ProjectInspector - CheckoutBuggyBuildTestCode
04:21:47.708 [main] INFO  f.i.s.r.p.i.ProjectInspector - InitRepoToPush
04:21:47.708 [main] INFO  f.i.s.r.p.i.ProjectInspector - ComputeClasspath
04:21:47.708 [main] INFO  f.i.s.r.p.i.ProjectInspector - ComputeModules
04:21:47.708 [main] INFO  f.i.s.r.p.i.ProjectInspector - CheckoutBuggyBuildCandidateSourceCode
04:21:47.708 [main] INFO  f.i.s.r.p.i.ProjectInspector - CommitChangedTests
04:21:47.709 [main] INFO  f.i.s.r.p.i.ProjectInspector - CheckoutPatchedBuildCandidate
04:21:47.709 [main] INFO  f.i.s.r.p.i.ProjectInspector - BuildProjectPatchedBuildCandidate
04:21:47.709 [main] INFO  f.i.s.r.p.i.ProjectInspector - TestProjectPatchedBuildCandidate
04:21:47.709 [main] INFO  f.i.s.r.p.i.ProjectInspector - GatherTestInformationPatchedBuildCandidate
04:21:47.709 [main] INFO  f.i.s.r.p.i.ProjectInspector - CommitPatch
04:21:47.710 [main] INFO  f.i.s.r.p.i.ProjectInspector - WritePropertyFile
04:21:47.710 [main] INFO  f.i.s.r.p.i.ProjectInspector - CommitProcessEnd
04:21:47.711 [main] INFO  f.i.s.r.p.i.ProjectInspector - PushProcessEnd
04:21:47.711 [main] DEBUG f.i.s.r.process.step.CloneRepository - ----------------------------------------------------------------------
04:21:47.712 [main] DEBUG f.i.s.r.process.step.CloneRepository - STEP 1/22: CloneRepository
04:21:47.712 [main] DEBUG f.i.s.r.process.step.CloneRepository - ----------------------------------------------------------------------
04:21:47.712 [main] DEBUG f.i.s.r.process.step.CloneRepository - Cloning repository batfish/batfish in the following directory: ./workspace/batfish/batfish/364930990
04:22:42.714 [main] DEBUG f.i.s.r.process.step.CloneRepository - STEP STATUS: [ CloneRepository : SUCCESS ]
04:22:42.714 [main] DEBUG f.i.s.r.process.step.CloneRepository - STEP DURATION: 55s
04:22:42.714 [main] DEBUG f.i.s.r.process.step.CloneRepository - EXECUTE NEXT STEP
04:22:42.715 [main] DEBUG f.i.s.r.p.s.c.CheckoutPatchedBuild - ----------------------------------------------------------------------
04:22:42.715 [main] DEBUG f.i.s.r.p.s.c.CheckoutPatchedBuild - STEP 2/22: CheckoutPatchedBuildCandidate
04:22:42.715 [main] DEBUG f.i.s.r.p.s.c.CheckoutPatchedBuild - ----------------------------------------------------------------------
04:22:42.715 [main] DEBUG f.i.s.r.p.s.c.CheckoutPatchedBuild - Checking out patched build candidate...
04:22:42.733 [main] ERROR f.i.s.r.p.s.c.CheckoutPatchedBuild - Error while testing commit: org.eclipse.jgit.errors.MissingObjectException: Missing unknown 0bd3cce260a74f323dc2b565905ccfb8d8b3bbdc
04:22:42.734 [main] ERROR f.i.s.r.p.s.c.CheckoutPatchedBuild - Error while getting the commit to checkout from the repo.
04:22:42.735 [main] DEBUG f.i.s.r.p.s.c.CheckoutPatchedBuild - STEP STATUS: [ CheckoutPatchedBuildCandidate : FAILURE ( BUILDNOTCHECKEDOUT ) ]
04:22:42.735 [main] DEBUG f.i.s.r.p.s.c.CheckoutPatchedBuild - STEP DURATION: 0s
04:22:42.736 [main] DEBUG f.i.s.r.p.s.c.CheckoutPatchedBuild - TERMINATE PIPELINE
04:22:42.736 [main] DEBUG f.i.s.r.p.s.c.CheckoutPatchedBuild - FINAL STEPS SKIPPED: The reproduction of the bug and/or the patch failed.
04:22:42.736 [main] INFO  f.i.s.r.p.s.c.CheckoutPatchedBuild - Serialize all data for the pair of builds 364930990, 365302720
04:22:43.114 [main] INFO  fr.inria.jtravis.JTravis - GitHub ratelimit: Limit: 5000 Remaining: 4738 Reset hour: 19:39:03
04:22:44.283 [main] INFO  f.i.s.r.p.i.ProjectInspector - ----------------------------------------------------------------------
04:22:44.284 [main] INFO  f.i.s.r.p.i.ProjectInspector - PIPELINE EXECUTION SUMMARY
04:22:44.284 [main] INFO  f.i.s.r.p.i.ProjectInspector - ----------------------------------------------------------------------
04:22:44.284 [main] INFO  f.i.s.r.p.i.ProjectInspector - CloneRepository.......................................SUCCESS [ 55 s ]
04:22:44.285 [main] INFO  f.i.s.r.p.i.ProjectInspector - CheckoutPatchedBuildCandidate.........................FAILURE [  0 s ]
04:22:44.285 [main] INFO  f.i.s.r.p.i.ProjectInspector - ComputeSourceDir......................................NOT RUN         
04:22:44.285 [main] INFO  f.i.s.r.p.i.ProjectInspector - ComputeTestDir........................................NOT RUN         
04:22:44.285 [main] INFO  f.i.s.r.p.i.ProjectInspector - CheckoutBuggyBuildCandidateSourceCode.................NOT RUN         
04:22:44.286 [main] INFO  f.i.s.r.p.i.ProjectInspector - BuildProjectBuggyBuildCandidateSourceCode.............NOT RUN         
04:22:44.286 [main] INFO  f.i.s.r.p.i.ProjectInspector - TestProjectBuggyBuildCandidateSourceCode..............NOT RUN         
04:22:44.286 [main] INFO  f.i.s.r.p.i.ProjectInspector - GatherTestInformationBuggyBuildCandidateSourceCode....NOT RUN         
04:22:44.286 [main] INFO  f.i.s.r.p.i.ProjectInspector - CheckoutBuggyBuildTestCode............................NOT RUN         
04:22:44.287 [main] INFO  f.i.s.r.p.i.ProjectInspector - InitRepoToPush........................................NOT RUN         
04:22:44.287 [main] INFO  f.i.s.r.p.i.ProjectInspector - ComputeClasspath......................................NOT RUN         
04:22:44.287 [main] INFO  f.i.s.r.p.i.ProjectInspector - ComputeModules........................................NOT RUN         
04:22:44.287 [main] INFO  f.i.s.r.p.i.ProjectInspector - CheckoutBuggyBuildCandidateSourceCode.................NOT RUN         
04:22:44.287 [main] INFO  f.i.s.r.p.i.ProjectInspector - CommitChangedTests....................................NOT RUN         
04:22:44.287 [main] INFO  f.i.s.r.p.i.ProjectInspector - CheckoutPatchedBuildCandidate.........................NOT RUN         
04:22:44.288 [main] INFO  f.i.s.r.p.i.ProjectInspector - BuildProjectPatchedBuildCandidate.....................NOT RUN         
04:22:44.288 [main] INFO  f.i.s.r.p.i.ProjectInspector - TestProjectPatchedBuildCandidate......................NOT RUN         
04:22:44.288 [main] INFO  f.i.s.r.p.i.ProjectInspector - GatherTestInformationPatchedBuildCandidate............NOT RUN         
04:22:44.289 [main] INFO  f.i.s.r.p.i.ProjectInspector - CommitPatch...........................................NOT RUN         
04:22:44.289 [main] INFO  f.i.s.r.p.i.ProjectInspector - WritePropertyFile.....................................NOT RUN         
04:22:44.289 [main] INFO  f.i.s.r.p.i.ProjectInspector - CommitProcessEnd......................................NOT RUN         
04:22:44.290 [main] INFO  f.i.s.r.p.i.ProjectInspector - PushProcessEnd........................................NOT RUN         
04:22:44.290 [main] INFO  f.i.s.r.p.i.ProjectInspector - ----------------------------------------------------------------------
04:22:44.290 [main] INFO  f.i.s.r.p.i.ProjectInspector - PIPELINE FINDING: BUILDNOTCHECKEDOUT
04:22:44.290 [main] INFO  f.i.s.r.p.i.ProjectInspector - ----------------------------------------------------------------------
04:22:44.290 [main] INFO  f.i.s.repairnator.pipeline.Launcher - Inspector is finished. The process will exit now.
