05:36:33.836 [main] INFO  f.i.s.repairnator.pipeline.Launcher - PIPELINE VERSION: 3.0-2018-08-09 19:04
05:36:33.998 [main] INFO  f.i.s.repairnator.pipeline.Launcher - The pipeline will try to reproduce a bug from build 364062561 and its corresponding patch from build 364084064
05:36:33.999 [main] INFO  f.i.s.repairnator.pipeline.Launcher - Initialize file serializer engines.
05:36:34.002 [main] INFO  f.i.s.repairnator.pipeline.Launcher - MongoDB won't be used for serialization.
05:36:34.002 [main] INFO  f.i.s.repairnator.pipeline.Launcher - The email notifier engine won't be used.
05:36:34.006 [main] INFO  f.i.s.repairnator.pipeline.Launcher - Start by getting the build (buildId: 364062561) with the following config: RepairnatorConfig{runId='0c1dbb4d-1cbc-485c-8949-10b1e9ab500a_04-18-week2-PASSING_AND_PASSING', launcherMode=BEARS, serializeJson=true, inputPath='null', outputPath='/var/log', mongodbHost='null', mongodbName='repairnator', smtpServer='null', notifyTo=[], notifyEndProcess=false, push=true, pushRemoteRepo='https://github.com/fermadeiral/bears-collection-pp', fork=false, lookFromDate=null, lookToDate=null, buildId=364062561, z3solverPath='./z3_for_linux', workspacePath='./workspace', githubToken='c8a341a903[...]', dockerImageName='null', skipDelete=false, createOutputDir=false, logDirectory='null', nbThreads=0, globalTimeout=0, whiteList=null, blackList=null, jobSleepTime=0, buildSleepTime=0, maxInspectedBuilds=0, duration=null, humanPatch=false, repository='null', clean=true, bearsMode=BOTH, bearsDelimiter = false, repairTools=NopolAllTests,NPEFix,AssertFixer,AstorJGenProg,AstorJKali,NopolSingleTest,AstorJMut,NopolTestExclusionStrategy, githubUserName= fermadeiral, githubUserEmail=fer.madeiral@gmail.com}
05:36:35.564 [main] DEBUG fr.inria.jtravis.helpers.BuildHelper - Get request to :https://api.travis-ci.org/build/364062561 done after 960 ms
05:36:35.874 [main] DEBUG fr.inria.jtravis.helpers.BuildHelper - Get request to :https://api.travis-ci.org/build/364084064 done after 131 ms
05:36:35.902 [main] INFO  f.i.s.repairnator.pipeline.Launcher - The patched build (364084064) was successfully retrieved from Travis.
05:36:37.276 [main] INFO  fr.inria.jtravis.JTravis - GitHub ratelimit: Limit: 5000 Remaining: 4739 Reset hour: 19:39:08
05:36:37.567 [main] INFO  f.i.s.r.p.i.ProjectInspector - ----------------------------------------------------------------------
05:36:37.568 [main] INFO  f.i.s.r.p.i.ProjectInspector - PIPELINE STEPS
05:36:37.568 [main] INFO  f.i.s.r.p.i.ProjectInspector - ----------------------------------------------------------------------
05:36:37.568 [main] INFO  f.i.s.r.p.i.ProjectInspector - CloneRepository
05:36:37.569 [main] INFO  f.i.s.r.p.i.ProjectInspector - CheckoutPatchedBuildCandidate
05:36:37.569 [main] INFO  f.i.s.r.p.i.ProjectInspector - ComputeSourceDir
05:36:37.569 [main] INFO  f.i.s.r.p.i.ProjectInspector - ComputeTestDir
05:36:37.570 [main] INFO  f.i.s.r.p.i.ProjectInspector - CheckoutBuggyBuildCandidateSourceCode
05:36:37.570 [main] INFO  f.i.s.r.p.i.ProjectInspector - BuildProjectBuggyBuildCandidateSourceCode
05:36:37.570 [main] INFO  f.i.s.r.p.i.ProjectInspector - TestProjectBuggyBuildCandidateSourceCode
05:36:37.570 [main] INFO  f.i.s.r.p.i.ProjectInspector - GatherTestInformationBuggyBuildCandidateSourceCode
05:36:37.571 [main] INFO  f.i.s.r.p.i.ProjectInspector - CheckoutBuggyBuildTestCode
05:36:37.571 [main] INFO  f.i.s.r.p.i.ProjectInspector - InitRepoToPush
05:36:37.571 [main] INFO  f.i.s.r.p.i.ProjectInspector - ComputeClasspath
05:36:37.571 [main] INFO  f.i.s.r.p.i.ProjectInspector - ComputeModules
05:36:37.571 [main] INFO  f.i.s.r.p.i.ProjectInspector - CheckoutBuggyBuildCandidateSourceCode
05:36:37.572 [main] INFO  f.i.s.r.p.i.ProjectInspector - CommitChangedTests
05:36:37.572 [main] INFO  f.i.s.r.p.i.ProjectInspector - CheckoutPatchedBuildCandidate
05:36:37.572 [main] INFO  f.i.s.r.p.i.ProjectInspector - BuildProjectPatchedBuildCandidate
05:36:37.572 [main] INFO  f.i.s.r.p.i.ProjectInspector - TestProjectPatchedBuildCandidate
05:36:37.573 [main] INFO  f.i.s.r.p.i.ProjectInspector - GatherTestInformationPatchedBuildCandidate
05:36:37.574 [main] INFO  f.i.s.r.p.i.ProjectInspector - CommitPatch
05:36:37.574 [main] INFO  f.i.s.r.p.i.ProjectInspector - WritePropertyFile
05:36:37.574 [main] INFO  f.i.s.r.p.i.ProjectInspector - CommitProcessEnd
05:36:37.575 [main] INFO  f.i.s.r.p.i.ProjectInspector - PushProcessEnd
05:36:37.575 [main] DEBUG f.i.s.r.process.step.CloneRepository - ----------------------------------------------------------------------
05:36:37.575 [main] DEBUG f.i.s.r.process.step.CloneRepository - STEP 1/22: CloneRepository
05:36:37.576 [main] DEBUG f.i.s.r.process.step.CloneRepository - ----------------------------------------------------------------------
05:36:37.576 [main] DEBUG f.i.s.r.process.step.CloneRepository - Cloning repository runelite/runelite in the following directory: ./workspace/runelite/runelite/364062561
05:36:48.423 [main] DEBUG f.i.s.r.process.step.CloneRepository - STEP STATUS: [ CloneRepository : SUCCESS ]
05:36:48.423 [main] DEBUG f.i.s.r.process.step.CloneRepository - STEP DURATION: 10s
05:36:48.423 [main] DEBUG f.i.s.r.process.step.CloneRepository - EXECUTE NEXT STEP
05:36:48.424 [main] DEBUG f.i.s.r.p.s.c.CheckoutPatchedBuild - ----------------------------------------------------------------------
05:36:48.424 [main] DEBUG f.i.s.r.p.s.c.CheckoutPatchedBuild - STEP 2/22: CheckoutPatchedBuildCandidate
05:36:48.424 [main] DEBUG f.i.s.r.p.s.c.CheckoutPatchedBuild - ----------------------------------------------------------------------
05:36:48.424 [main] DEBUG f.i.s.r.p.s.c.CheckoutPatchedBuild - Checking out patched build candidate...
05:36:48.438 [main] ERROR f.i.s.r.p.s.c.CheckoutPatchedBuild - Error while testing commit: org.eclipse.jgit.errors.MissingObjectException: Missing unknown 6716eb92c38853b0facc963a36573ef21bcddf74
05:36:48.438 [main] ERROR f.i.s.r.p.s.c.CheckoutPatchedBuild - Error while getting the commit to checkout from the repo.
05:36:48.439 [main] DEBUG f.i.s.r.p.s.c.CheckoutPatchedBuild - STEP STATUS: [ CheckoutPatchedBuildCandidate : FAILURE ( BUILDNOTCHECKEDOUT ) ]
05:36:48.439 [main] DEBUG f.i.s.r.p.s.c.CheckoutPatchedBuild - STEP DURATION: 0s
05:36:48.439 [main] DEBUG f.i.s.r.p.s.c.CheckoutPatchedBuild - TERMINATE PIPELINE
05:36:48.439 [main] DEBUG f.i.s.r.p.s.c.CheckoutPatchedBuild - FINAL STEPS SKIPPED: The reproduction of the bug and/or the patch failed.
05:36:48.440 [main] INFO  f.i.s.r.p.s.c.CheckoutPatchedBuild - Serialize all data for the pair of builds 364062561, 364084064
05:36:48.737 [main] INFO  fr.inria.jtravis.JTravis - GitHub ratelimit: Limit: 5000 Remaining: 4736 Reset hour: 19:39:08
05:36:49.492 [main] INFO  f.i.s.r.p.i.ProjectInspector - ----------------------------------------------------------------------
05:36:49.492 [main] INFO  f.i.s.r.p.i.ProjectInspector - PIPELINE EXECUTION SUMMARY
05:36:49.492 [main] INFO  f.i.s.r.p.i.ProjectInspector - ----------------------------------------------------------------------
05:36:49.493 [main] INFO  f.i.s.r.p.i.ProjectInspector - CloneRepository.......................................SUCCESS [ 10 s ]
05:36:49.493 [main] INFO  f.i.s.r.p.i.ProjectInspector - CheckoutPatchedBuildCandidate.........................FAILURE [  0 s ]
05:36:49.493 [main] INFO  f.i.s.r.p.i.ProjectInspector - ComputeSourceDir......................................NOT RUN         
05:36:49.493 [main] INFO  f.i.s.r.p.i.ProjectInspector - ComputeTestDir........................................NOT RUN         
05:36:49.493 [main] INFO  f.i.s.r.p.i.ProjectInspector - CheckoutBuggyBuildCandidateSourceCode.................NOT RUN         
05:36:49.493 [main] INFO  f.i.s.r.p.i.ProjectInspector - BuildProjectBuggyBuildCandidateSourceCode.............NOT RUN         
05:36:49.493 [main] INFO  f.i.s.r.p.i.ProjectInspector - TestProjectBuggyBuildCandidateSourceCode..............NOT RUN         
05:36:49.494 [main] INFO  f.i.s.r.p.i.ProjectInspector - GatherTestInformationBuggyBuildCandidateSourceCode....NOT RUN         
05:36:49.494 [main] INFO  f.i.s.r.p.i.ProjectInspector - CheckoutBuggyBuildTestCode............................NOT RUN         
05:36:49.494 [main] INFO  f.i.s.r.p.i.ProjectInspector - InitRepoToPush........................................NOT RUN         
05:36:49.494 [main] INFO  f.i.s.r.p.i.ProjectInspector - ComputeClasspath......................................NOT RUN         
05:36:49.494 [main] INFO  f.i.s.r.p.i.ProjectInspector - ComputeModules........................................NOT RUN         
05:36:49.494 [main] INFO  f.i.s.r.p.i.ProjectInspector - CheckoutBuggyBuildCandidateSourceCode.................NOT RUN         
05:36:49.495 [main] INFO  f.i.s.r.p.i.ProjectInspector - CommitChangedTests....................................NOT RUN         
05:36:49.495 [main] INFO  f.i.s.r.p.i.ProjectInspector - CheckoutPatchedBuildCandidate.........................NOT RUN         
05:36:49.495 [main] INFO  f.i.s.r.p.i.ProjectInspector - BuildProjectPatchedBuildCandidate.....................NOT RUN         
05:36:49.497 [main] INFO  f.i.s.r.p.i.ProjectInspector - TestProjectPatchedBuildCandidate......................NOT RUN         
05:36:49.497 [main] INFO  f.i.s.r.p.i.ProjectInspector - GatherTestInformationPatchedBuildCandidate............NOT RUN         
05:36:49.497 [main] INFO  f.i.s.r.p.i.ProjectInspector - CommitPatch...........................................NOT RUN         
05:36:49.497 [main] INFO  f.i.s.r.p.i.ProjectInspector - WritePropertyFile.....................................NOT RUN         
05:36:49.497 [main] INFO  f.i.s.r.p.i.ProjectInspector - CommitProcessEnd......................................NOT RUN         
05:36:49.498 [main] INFO  f.i.s.r.p.i.ProjectInspector - PushProcessEnd........................................NOT RUN         
05:36:49.498 [main] INFO  f.i.s.r.p.i.ProjectInspector - ----------------------------------------------------------------------
05:36:49.498 [main] INFO  f.i.s.r.p.i.ProjectInspector - PIPELINE FINDING: BUILDNOTCHECKEDOUT
05:36:49.498 [main] INFO  f.i.s.r.p.i.ProjectInspector - ----------------------------------------------------------------------
05:36:49.498 [main] INFO  f.i.s.repairnator.pipeline.Launcher - Inspector is finished. The process will exit now.
