05:48:34.692 [main] INFO  f.i.s.repairnator.pipeline.Launcher - PIPELINE VERSION: 3.0-2018-08-09 19:04
05:48:34.906 [main] INFO  f.i.s.repairnator.pipeline.Launcher - The pipeline will try to reproduce a bug from build 363665636 and its corresponding patch from build 363670026
05:48:34.907 [main] INFO  f.i.s.repairnator.pipeline.Launcher - Initialize file serializer engines.
05:48:34.908 [main] INFO  f.i.s.repairnator.pipeline.Launcher - MongoDB won't be used for serialization.
05:48:34.908 [main] INFO  f.i.s.repairnator.pipeline.Launcher - The email notifier engine won't be used.
05:48:34.911 [main] INFO  f.i.s.repairnator.pipeline.Launcher - Start by getting the build (buildId: 363665636) with the following config: RepairnatorConfig{runId='0c1dbb4d-1cbc-485c-8949-10b1e9ab500a_04-18-week2-PASSING_AND_PASSING', launcherMode=BEARS, serializeJson=true, inputPath='null', outputPath='/var/log', mongodbHost='null', mongodbName='repairnator', smtpServer='null', notifyTo=[], notifyEndProcess=false, push=true, pushRemoteRepo='https://github.com/fermadeiral/bears-collection-pp', fork=false, lookFromDate=null, lookToDate=null, buildId=363665636, z3solverPath='./z3_for_linux', workspacePath='./workspace', githubToken='c8a341a903[...]', dockerImageName='null', skipDelete=false, createOutputDir=false, logDirectory='null', nbThreads=0, globalTimeout=0, whiteList=null, blackList=null, jobSleepTime=0, buildSleepTime=0, maxInspectedBuilds=0, duration=null, humanPatch=false, repository='null', clean=true, bearsMode=BOTH, bearsDelimiter = false, repairTools=NopolAllTests,NPEFix,AssertFixer,AstorJGenProg,AstorJKali,NopolSingleTest,AstorJMut,NopolTestExclusionStrategy, githubUserName= fermadeiral, githubUserEmail=fer.madeiral@gmail.com}
05:48:36.157 [main] DEBUG fr.inria.jtravis.helpers.BuildHelper - Get request to :https://api.travis-ci.org/build/363665636 done after 771 ms
05:48:36.405 [main] DEBUG fr.inria.jtravis.helpers.BuildHelper - Get request to :https://api.travis-ci.org/build/363670026 done after 135 ms
05:48:36.427 [main] INFO  f.i.s.repairnator.pipeline.Launcher - The patched build (363670026) was successfully retrieved from Travis.
05:48:37.700 [main] INFO  fr.inria.jtravis.JTravis - GitHub ratelimit: Limit: 5000 Remaining: 4473 Reset hour: 19:39:08
05:48:37.985 [main] INFO  f.i.s.r.p.i.ProjectInspector - ----------------------------------------------------------------------
05:48:37.985 [main] INFO  f.i.s.r.p.i.ProjectInspector - PIPELINE STEPS
05:48:37.986 [main] INFO  f.i.s.r.p.i.ProjectInspector - ----------------------------------------------------------------------
05:48:37.986 [main] INFO  f.i.s.r.p.i.ProjectInspector - CloneRepository
05:48:37.986 [main] INFO  f.i.s.r.p.i.ProjectInspector - CheckoutPatchedBuildCandidate
05:48:37.986 [main] INFO  f.i.s.r.p.i.ProjectInspector - ComputeSourceDir
05:48:37.987 [main] INFO  f.i.s.r.p.i.ProjectInspector - ComputeTestDir
05:48:37.987 [main] INFO  f.i.s.r.p.i.ProjectInspector - CheckoutBuggyBuildCandidateSourceCode
05:48:37.987 [main] INFO  f.i.s.r.p.i.ProjectInspector - BuildProjectBuggyBuildCandidateSourceCode
05:48:37.988 [main] INFO  f.i.s.r.p.i.ProjectInspector - TestProjectBuggyBuildCandidateSourceCode
05:48:37.988 [main] INFO  f.i.s.r.p.i.ProjectInspector - GatherTestInformationBuggyBuildCandidateSourceCode
05:48:37.988 [main] INFO  f.i.s.r.p.i.ProjectInspector - CheckoutBuggyBuildTestCode
05:48:37.989 [main] INFO  f.i.s.r.p.i.ProjectInspector - InitRepoToPush
05:48:37.989 [main] INFO  f.i.s.r.p.i.ProjectInspector - ComputeClasspath
05:48:37.989 [main] INFO  f.i.s.r.p.i.ProjectInspector - ComputeModules
05:48:37.990 [main] INFO  f.i.s.r.p.i.ProjectInspector - CheckoutBuggyBuildCandidateSourceCode
05:48:37.990 [main] INFO  f.i.s.r.p.i.ProjectInspector - CommitChangedTests
05:48:37.990 [main] INFO  f.i.s.r.p.i.ProjectInspector - CheckoutPatchedBuildCandidate
05:48:37.991 [main] INFO  f.i.s.r.p.i.ProjectInspector - BuildProjectPatchedBuildCandidate
05:48:37.991 [main] INFO  f.i.s.r.p.i.ProjectInspector - TestProjectPatchedBuildCandidate
05:48:37.991 [main] INFO  f.i.s.r.p.i.ProjectInspector - GatherTestInformationPatchedBuildCandidate
05:48:37.992 [main] INFO  f.i.s.r.p.i.ProjectInspector - CommitPatch
05:48:37.992 [main] INFO  f.i.s.r.p.i.ProjectInspector - WritePropertyFile
05:48:37.993 [main] INFO  f.i.s.r.p.i.ProjectInspector - CommitProcessEnd
05:48:37.993 [main] INFO  f.i.s.r.p.i.ProjectInspector - PushProcessEnd
05:48:37.993 [main] DEBUG f.i.s.r.process.step.CloneRepository - ----------------------------------------------------------------------
05:48:37.994 [main] DEBUG f.i.s.r.process.step.CloneRepository - STEP 1/22: CloneRepository
05:48:37.994 [main] DEBUG f.i.s.r.process.step.CloneRepository - ----------------------------------------------------------------------
05:48:37.995 [main] DEBUG f.i.s.r.process.step.CloneRepository - Cloning repository apache/activemq-artemis in the following directory: ./workspace/apache/activemq-artemis/363665636
05:49:04.881 [main] DEBUG f.i.s.r.process.step.CloneRepository - STEP STATUS: [ CloneRepository : SUCCESS ]
05:49:04.882 [main] DEBUG f.i.s.r.process.step.CloneRepository - STEP DURATION: 26s
05:49:04.883 [main] DEBUG f.i.s.r.process.step.CloneRepository - EXECUTE NEXT STEP
05:49:04.883 [main] DEBUG f.i.s.r.p.s.c.CheckoutPatchedBuild - ----------------------------------------------------------------------
05:49:04.884 [main] DEBUG f.i.s.r.p.s.c.CheckoutPatchedBuild - STEP 2/22: CheckoutPatchedBuildCandidate
05:49:04.884 [main] DEBUG f.i.s.r.p.s.c.CheckoutPatchedBuild - ----------------------------------------------------------------------
05:49:04.885 [main] DEBUG f.i.s.r.p.s.c.CheckoutPatchedBuild - Checking out patched build candidate...
05:49:05.208 [main] INFO  fr.inria.jtravis.JTravis - GitHub ratelimit: Limit: 5000 Remaining: 4468 Reset hour: 19:39:08
05:49:07.700 [main] DEBUG f.i.s.r.p.s.c.CheckoutPatchedBuild - Reproduce the PR for apache/activemq-artemis by fetching remote branch and merging.
05:49:11.534 [main] ERROR f.i.s.r.p.s.c.CheckoutPatchedBuild - Error while testing commit: org.eclipse.jgit.errors.MissingObjectException: Missing unknown 7044c9dcc774bdaafb45d9e47a8d5b23ab044fae
05:49:11.535 [main] ERROR f.i.s.r.p.s.c.CheckoutPatchedBuild - Commit head ref cannot be retrieved from the repository: 7044c9dcc774bdaafb45d9e47a8d5b23ab044fae. Operation aborted.
05:49:11.536 [main] ERROR f.i.s.r.p.s.c.CheckoutPatchedBuild - Error while merging two commits to reproduce the PR.
05:49:11.537 [main] DEBUG f.i.s.r.p.s.c.CheckoutPatchedBuild - STEP STATUS: [ CheckoutPatchedBuildCandidate : FAILURE ( BUILDNOTCHECKEDOUT ) ]
05:49:11.538 [main] DEBUG f.i.s.r.p.s.c.CheckoutPatchedBuild - STEP DURATION: 6s
05:49:11.538 [main] DEBUG f.i.s.r.p.s.c.CheckoutPatchedBuild - TERMINATE PIPELINE
05:49:11.539 [main] DEBUG f.i.s.r.p.s.c.CheckoutPatchedBuild - FINAL STEPS SKIPPED: The reproduction of the bug and/or the patch failed.
05:49:11.539 [main] INFO  f.i.s.r.p.s.c.CheckoutPatchedBuild - Serialize all data for the pair of builds 363665636, 363670026
05:49:11.665 [main] INFO  fr.inria.jtravis.JTravis - GitHub ratelimit: Limit: 5000 Remaining: 4461 Reset hour: 19:39:08
05:49:13.083 [main] INFO  f.i.s.r.p.i.ProjectInspector - ----------------------------------------------------------------------
05:49:13.084 [main] INFO  f.i.s.r.p.i.ProjectInspector - PIPELINE EXECUTION SUMMARY
05:49:13.085 [main] INFO  f.i.s.r.p.i.ProjectInspector - ----------------------------------------------------------------------
05:49:13.085 [main] INFO  f.i.s.r.p.i.ProjectInspector - CloneRepository.......................................SUCCESS [ 26 s ]
05:49:13.086 [main] INFO  f.i.s.r.p.i.ProjectInspector - CheckoutPatchedBuildCandidate.........................FAILURE [  6 s ]
05:49:13.086 [main] INFO  f.i.s.r.p.i.ProjectInspector - ComputeSourceDir......................................NOT RUN         
05:49:13.087 [main] INFO  f.i.s.r.p.i.ProjectInspector - ComputeTestDir........................................NOT RUN         
05:49:13.087 [main] INFO  f.i.s.r.p.i.ProjectInspector - CheckoutBuggyBuildCandidateSourceCode.................NOT RUN         
05:49:13.088 [main] INFO  f.i.s.r.p.i.ProjectInspector - BuildProjectBuggyBuildCandidateSourceCode.............NOT RUN         
05:49:13.088 [main] INFO  f.i.s.r.p.i.ProjectInspector - TestProjectBuggyBuildCandidateSourceCode..............NOT RUN         
05:49:13.089 [main] INFO  f.i.s.r.p.i.ProjectInspector - GatherTestInformationBuggyBuildCandidateSourceCode....NOT RUN         
05:49:13.089 [main] INFO  f.i.s.r.p.i.ProjectInspector - CheckoutBuggyBuildTestCode............................NOT RUN         
05:49:13.090 [main] INFO  f.i.s.r.p.i.ProjectInspector - InitRepoToPush........................................NOT RUN         
05:49:13.090 [main] INFO  f.i.s.r.p.i.ProjectInspector - ComputeClasspath......................................NOT RUN         
05:49:13.091 [main] INFO  f.i.s.r.p.i.ProjectInspector - ComputeModules........................................NOT RUN         
05:49:13.091 [main] INFO  f.i.s.r.p.i.ProjectInspector - CheckoutBuggyBuildCandidateSourceCode.................NOT RUN         
05:49:13.092 [main] INFO  f.i.s.r.p.i.ProjectInspector - CommitChangedTests....................................NOT RUN         
05:49:13.092 [main] INFO  f.i.s.r.p.i.ProjectInspector - CheckoutPatchedBuildCandidate.........................NOT RUN         
05:49:13.093 [main] INFO  f.i.s.r.p.i.ProjectInspector - BuildProjectPatchedBuildCandidate.....................NOT RUN         
05:49:13.093 [main] INFO  f.i.s.r.p.i.ProjectInspector - TestProjectPatchedBuildCandidate......................NOT RUN         
05:49:13.094 [main] INFO  f.i.s.r.p.i.ProjectInspector - GatherTestInformationPatchedBuildCandidate............NOT RUN         
05:49:13.094 [main] INFO  f.i.s.r.p.i.ProjectInspector - CommitPatch...........................................NOT RUN         
05:49:13.095 [main] INFO  f.i.s.r.p.i.ProjectInspector - WritePropertyFile.....................................NOT RUN         
05:49:13.095 [main] INFO  f.i.s.r.p.i.ProjectInspector - CommitProcessEnd......................................NOT RUN         
05:49:13.096 [main] INFO  f.i.s.r.p.i.ProjectInspector - PushProcessEnd........................................NOT RUN         
05:49:13.096 [main] INFO  f.i.s.r.p.i.ProjectInspector - ----------------------------------------------------------------------
05:49:13.097 [main] INFO  f.i.s.r.p.i.ProjectInspector - PIPELINE FINDING: BUILDNOTCHECKEDOUT
05:49:13.099 [main] INFO  f.i.s.r.p.i.ProjectInspector - ----------------------------------------------------------------------
05:49:13.099 [main] INFO  f.i.s.repairnator.pipeline.Launcher - Inspector is finished. The process will exit now.
