05:34:11.481 [main] INFO  f.i.s.repairnator.pipeline.Launcher - PIPELINE VERSION: 3.0-2018-08-09 19:04
05:34:11.707 [main] INFO  f.i.s.repairnator.pipeline.Launcher - The pipeline will try to reproduce a bug from build 363899590 and its corresponding patch from build 366119660
05:34:11.708 [main] INFO  f.i.s.repairnator.pipeline.Launcher - Initialize file serializer engines.
05:34:11.712 [main] INFO  f.i.s.repairnator.pipeline.Launcher - MongoDB won't be used for serialization.
05:34:11.712 [main] INFO  f.i.s.repairnator.pipeline.Launcher - The email notifier engine won't be used.
05:34:11.718 [main] INFO  f.i.s.repairnator.pipeline.Launcher - Start by getting the build (buildId: 363899590) with the following config: RepairnatorConfig{runId='0c1dbb4d-1cbc-485c-8949-10b1e9ab500a_04-18-week2-PASSING_AND_PASSING', launcherMode=BEARS, serializeJson=true, inputPath='null', outputPath='/var/log', mongodbHost='null', mongodbName='repairnator', smtpServer='null', notifyTo=[], notifyEndProcess=false, push=true, pushRemoteRepo='https://github.com/fermadeiral/bears-collection-pp', fork=false, lookFromDate=null, lookToDate=null, buildId=363899590, z3solverPath='./z3_for_linux', workspacePath='./workspace', githubToken='c8a341a903[...]', dockerImageName='null', skipDelete=false, createOutputDir=false, logDirectory='null', nbThreads=0, globalTimeout=0, whiteList=null, blackList=null, jobSleepTime=0, buildSleepTime=0, maxInspectedBuilds=0, duration=null, humanPatch=false, repository='null', clean=true, bearsMode=BOTH, bearsDelimiter = false, repairTools=NopolAllTests,NPEFix,AssertFixer,AstorJGenProg,AstorJKali,NopolSingleTest,AstorJMut,NopolTestExclusionStrategy, githubUserName= fermadeiral, githubUserEmail=fer.madeiral@gmail.com}
05:34:13.415 [main] DEBUG fr.inria.jtravis.helpers.BuildHelper - Get request to :https://api.travis-ci.org/build/363899590 done after 921 ms
05:34:13.626 [main] DEBUG fr.inria.jtravis.helpers.BuildHelper - Get request to :https://api.travis-ci.org/build/366119660 done after 128 ms
05:34:13.637 [main] INFO  f.i.s.repairnator.pipeline.Launcher - The patched build (366119660) was successfully retrieved from Travis.
05:34:14.820 [main] INFO  fr.inria.jtravis.JTravis - GitHub ratelimit: Limit: 5000 Remaining: 4807 Reset hour: 19:39:08
05:34:15.118 [main] INFO  f.i.s.r.p.i.ProjectInspector - ----------------------------------------------------------------------
05:34:15.118 [main] INFO  f.i.s.r.p.i.ProjectInspector - PIPELINE STEPS
05:34:15.118 [main] INFO  f.i.s.r.p.i.ProjectInspector - ----------------------------------------------------------------------
05:34:15.119 [main] INFO  f.i.s.r.p.i.ProjectInspector - CloneRepository
05:34:15.119 [main] INFO  f.i.s.r.p.i.ProjectInspector - CheckoutPatchedBuildCandidate
05:34:15.119 [main] INFO  f.i.s.r.p.i.ProjectInspector - ComputeSourceDir
05:34:15.119 [main] INFO  f.i.s.r.p.i.ProjectInspector - ComputeTestDir
05:34:15.120 [main] INFO  f.i.s.r.p.i.ProjectInspector - CheckoutBuggyBuildCandidateSourceCode
05:34:15.120 [main] INFO  f.i.s.r.p.i.ProjectInspector - BuildProjectBuggyBuildCandidateSourceCode
05:34:15.120 [main] INFO  f.i.s.r.p.i.ProjectInspector - TestProjectBuggyBuildCandidateSourceCode
05:34:15.120 [main] INFO  f.i.s.r.p.i.ProjectInspector - GatherTestInformationBuggyBuildCandidateSourceCode
05:34:15.121 [main] INFO  f.i.s.r.p.i.ProjectInspector - CheckoutBuggyBuildTestCode
05:34:15.121 [main] INFO  f.i.s.r.p.i.ProjectInspector - InitRepoToPush
05:34:15.121 [main] INFO  f.i.s.r.p.i.ProjectInspector - ComputeClasspath
05:34:15.122 [main] INFO  f.i.s.r.p.i.ProjectInspector - ComputeModules
05:34:15.122 [main] INFO  f.i.s.r.p.i.ProjectInspector - CheckoutBuggyBuildCandidateSourceCode
05:34:15.122 [main] INFO  f.i.s.r.p.i.ProjectInspector - CommitChangedTests
05:34:15.123 [main] INFO  f.i.s.r.p.i.ProjectInspector - CheckoutPatchedBuildCandidate
05:34:15.123 [main] INFO  f.i.s.r.p.i.ProjectInspector - BuildProjectPatchedBuildCandidate
05:34:15.124 [main] INFO  f.i.s.r.p.i.ProjectInspector - TestProjectPatchedBuildCandidate
05:34:15.124 [main] INFO  f.i.s.r.p.i.ProjectInspector - GatherTestInformationPatchedBuildCandidate
05:34:15.124 [main] INFO  f.i.s.r.p.i.ProjectInspector - CommitPatch
05:34:15.125 [main] INFO  f.i.s.r.p.i.ProjectInspector - WritePropertyFile
05:34:15.125 [main] INFO  f.i.s.r.p.i.ProjectInspector - CommitProcessEnd
05:34:15.126 [main] INFO  f.i.s.r.p.i.ProjectInspector - PushProcessEnd
05:34:15.127 [main] DEBUG f.i.s.r.process.step.CloneRepository - ----------------------------------------------------------------------
05:34:15.128 [main] DEBUG f.i.s.r.process.step.CloneRepository - STEP 1/22: CloneRepository
05:34:15.129 [main] DEBUG f.i.s.r.process.step.CloneRepository - ----------------------------------------------------------------------
05:34:15.129 [main] DEBUG f.i.s.r.process.step.CloneRepository - Cloning repository runelite/runelite in the following directory: ./workspace/runelite/runelite/363899590
05:34:25.960 [main] DEBUG f.i.s.r.process.step.CloneRepository - STEP STATUS: [ CloneRepository : SUCCESS ]
05:34:25.962 [main] DEBUG f.i.s.r.process.step.CloneRepository - STEP DURATION: 10s
05:34:25.962 [main] DEBUG f.i.s.r.process.step.CloneRepository - EXECUTE NEXT STEP
05:34:25.962 [main] DEBUG f.i.s.r.p.s.c.CheckoutPatchedBuild - ----------------------------------------------------------------------
05:34:25.963 [main] DEBUG f.i.s.r.p.s.c.CheckoutPatchedBuild - STEP 2/22: CheckoutPatchedBuildCandidate
05:34:25.963 [main] DEBUG f.i.s.r.p.s.c.CheckoutPatchedBuild - ----------------------------------------------------------------------
05:34:25.963 [main] DEBUG f.i.s.r.p.s.c.CheckoutPatchedBuild - Checking out patched build candidate...
05:34:26.257 [main] INFO  fr.inria.jtravis.JTravis - GitHub ratelimit: Limit: 5000 Remaining: 4806 Reset hour: 19:39:08
05:34:26.626 [main] WARN  f.i.j.helpers.PullRequestHelper - The head repository is null: maybe it has been deleted from GitHub
05:34:26.626 [main] ERROR f.i.s.r.p.s.c.CheckoutPatchedBuild - Error while getting PR information.
05:34:26.627 [main] DEBUG f.i.s.r.p.s.c.CheckoutPatchedBuild - STEP STATUS: [ CheckoutPatchedBuildCandidate : FAILURE ( BUILDNOTCHECKEDOUT ) ]
05:34:26.628 [main] DEBUG f.i.s.r.p.s.c.CheckoutPatchedBuild - STEP DURATION: 0s
05:34:26.628 [main] DEBUG f.i.s.r.p.s.c.CheckoutPatchedBuild - TERMINATE PIPELINE
05:34:26.629 [main] DEBUG f.i.s.r.p.s.c.CheckoutPatchedBuild - FINAL STEPS SKIPPED: The reproduction of the bug and/or the patch failed.
05:34:26.629 [main] INFO  f.i.s.r.p.s.c.CheckoutPatchedBuild - Serialize all data for the pair of builds 363899590, 366119660
05:34:26.741 [main] INFO  fr.inria.jtravis.JTravis - GitHub ratelimit: Limit: 5000 Remaining: 4804 Reset hour: 19:39:08
05:34:27.643 [main] INFO  f.i.s.r.p.i.ProjectInspector - ----------------------------------------------------------------------
05:34:27.644 [main] INFO  f.i.s.r.p.i.ProjectInspector - PIPELINE EXECUTION SUMMARY
05:34:27.644 [main] INFO  f.i.s.r.p.i.ProjectInspector - ----------------------------------------------------------------------
05:34:27.645 [main] INFO  f.i.s.r.p.i.ProjectInspector - CloneRepository.......................................SUCCESS [ 10 s ]
05:34:27.645 [main] INFO  f.i.s.r.p.i.ProjectInspector - CheckoutPatchedBuildCandidate.........................FAILURE [  0 s ]
05:34:27.645 [main] INFO  f.i.s.r.p.i.ProjectInspector - ComputeSourceDir......................................NOT RUN         
05:34:27.646 [main] INFO  f.i.s.r.p.i.ProjectInspector - ComputeTestDir........................................NOT RUN         
05:34:27.646 [main] INFO  f.i.s.r.p.i.ProjectInspector - CheckoutBuggyBuildCandidateSourceCode.................NOT RUN         
05:34:27.646 [main] INFO  f.i.s.r.p.i.ProjectInspector - BuildProjectBuggyBuildCandidateSourceCode.............NOT RUN         
05:34:27.647 [main] INFO  f.i.s.r.p.i.ProjectInspector - TestProjectBuggyBuildCandidateSourceCode..............NOT RUN         
05:34:27.647 [main] INFO  f.i.s.r.p.i.ProjectInspector - GatherTestInformationBuggyBuildCandidateSourceCode....NOT RUN         
05:34:27.647 [main] INFO  f.i.s.r.p.i.ProjectInspector - CheckoutBuggyBuildTestCode............................NOT RUN         
05:34:27.648 [main] INFO  f.i.s.r.p.i.ProjectInspector - InitRepoToPush........................................NOT RUN         
05:34:27.648 [main] INFO  f.i.s.r.p.i.ProjectInspector - ComputeClasspath......................................NOT RUN         
05:34:27.648 [main] INFO  f.i.s.r.p.i.ProjectInspector - ComputeModules........................................NOT RUN         
05:34:27.649 [main] INFO  f.i.s.r.p.i.ProjectInspector - CheckoutBuggyBuildCandidateSourceCode.................NOT RUN         
05:34:27.649 [main] INFO  f.i.s.r.p.i.ProjectInspector - CommitChangedTests....................................NOT RUN         
05:34:27.649 [main] INFO  f.i.s.r.p.i.ProjectInspector - CheckoutPatchedBuildCandidate.........................NOT RUN         
05:34:27.649 [main] INFO  f.i.s.r.p.i.ProjectInspector - BuildProjectPatchedBuildCandidate.....................NOT RUN         
05:34:27.650 [main] INFO  f.i.s.r.p.i.ProjectInspector - TestProjectPatchedBuildCandidate......................NOT RUN         
05:34:27.650 [main] INFO  f.i.s.r.p.i.ProjectInspector - GatherTestInformationPatchedBuildCandidate............NOT RUN         
05:34:27.650 [main] INFO  f.i.s.r.p.i.ProjectInspector - CommitPatch...........................................NOT RUN         
05:34:27.651 [main] INFO  f.i.s.r.p.i.ProjectInspector - WritePropertyFile.....................................NOT RUN         
05:34:27.651 [main] INFO  f.i.s.r.p.i.ProjectInspector - CommitProcessEnd......................................NOT RUN         
05:34:27.651 [main] INFO  f.i.s.r.p.i.ProjectInspector - PushProcessEnd........................................NOT RUN         
05:34:27.652 [main] INFO  f.i.s.r.p.i.ProjectInspector - ----------------------------------------------------------------------
05:34:27.652 [main] INFO  f.i.s.r.p.i.ProjectInspector - PIPELINE FINDING: BUILDNOTCHECKEDOUT
05:34:27.652 [main] INFO  f.i.s.r.p.i.ProjectInspector - ----------------------------------------------------------------------
05:34:27.653 [main] INFO  f.i.s.repairnator.pipeline.Launcher - Inspector is finished. The process will exit now.
