14:18:43.832 [main] INFO  f.i.s.repairnator.pipeline.Launcher - PIPELINE VERSION: 3.0-2018-08-09 19:04
14:18:43.973 [main] INFO  f.i.s.repairnator.pipeline.Launcher - The pipeline will try to reproduce a bug from build 364507105 and its corresponding patch from build 364571840
14:18:43.973 [main] INFO  f.i.s.repairnator.pipeline.Launcher - Initialize file serializer engines.
14:18:43.974 [main] INFO  f.i.s.repairnator.pipeline.Launcher - MongoDB won't be used for serialization.
14:18:43.975 [main] INFO  f.i.s.repairnator.pipeline.Launcher - The email notifier engine won't be used.
14:18:43.978 [main] INFO  f.i.s.repairnator.pipeline.Launcher - Start by getting the build (buildId: 364507105) with the following config: RepairnatorConfig{runId='0c1dbb4d-1cbc-485c-8949-10b1e9ab500a_04-18-week2-PASSING_AND_PASSING', launcherMode=BEARS, serializeJson=true, inputPath='null', outputPath='/var/log', mongodbHost='null', mongodbName='repairnator', smtpServer='null', notifyTo=[], notifyEndProcess=false, push=true, pushRemoteRepo='https://github.com/fermadeiral/bears-collection-pp', fork=false, lookFromDate=null, lookToDate=null, buildId=364507105, z3solverPath='./z3_for_linux', workspacePath='./workspace', githubToken='c8a341a903[...]', dockerImageName='null', skipDelete=false, createOutputDir=false, logDirectory='null', nbThreads=0, globalTimeout=0, whiteList=null, blackList=null, jobSleepTime=0, buildSleepTime=0, maxInspectedBuilds=0, duration=null, humanPatch=false, repository='null', clean=true, bearsMode=BOTH, bearsDelimiter = false, repairTools=NopolAllTests,NPEFix,AssertFixer,AstorJGenProg,AstorJKali,NopolSingleTest,AstorJMut,NopolTestExclusionStrategy, githubUserName= fermadeiral, githubUserEmail=fer.madeiral@gmail.com}
14:18:45.290 [main] DEBUG fr.inria.jtravis.helpers.BuildHelper - Get request to :https://api.travis-ci.org/build/364507105 done after 790 ms
14:18:45.541 [main] DEBUG fr.inria.jtravis.helpers.BuildHelper - Get request to :https://api.travis-ci.org/build/364571840 done after 142 ms
14:18:45.553 [main] INFO  f.i.s.repairnator.pipeline.Launcher - The patched build (364571840) was successfully retrieved from Travis.
14:18:46.673 [main] INFO  fr.inria.jtravis.JTravis - GitHub ratelimit: Limit: 5000 Remaining: 4706 Reset hour: 19:39:39
14:18:46.936 [main] INFO  f.i.s.r.p.i.ProjectInspector - ----------------------------------------------------------------------
14:18:46.937 [main] INFO  f.i.s.r.p.i.ProjectInspector - PIPELINE STEPS
14:18:46.937 [main] INFO  f.i.s.r.p.i.ProjectInspector - ----------------------------------------------------------------------
14:18:46.937 [main] INFO  f.i.s.r.p.i.ProjectInspector - CloneRepository
14:18:46.937 [main] INFO  f.i.s.r.p.i.ProjectInspector - CheckoutPatchedBuildCandidate
14:18:46.937 [main] INFO  f.i.s.r.p.i.ProjectInspector - ComputeSourceDir
14:18:46.937 [main] INFO  f.i.s.r.p.i.ProjectInspector - ComputeTestDir
14:18:46.938 [main] INFO  f.i.s.r.p.i.ProjectInspector - CheckoutBuggyBuildCandidateSourceCode
14:18:46.938 [main] INFO  f.i.s.r.p.i.ProjectInspector - BuildProjectBuggyBuildCandidateSourceCode
14:18:46.938 [main] INFO  f.i.s.r.p.i.ProjectInspector - TestProjectBuggyBuildCandidateSourceCode
14:18:46.938 [main] INFO  f.i.s.r.p.i.ProjectInspector - GatherTestInformationBuggyBuildCandidateSourceCode
14:18:46.938 [main] INFO  f.i.s.r.p.i.ProjectInspector - CheckoutBuggyBuildTestCode
14:18:46.938 [main] INFO  f.i.s.r.p.i.ProjectInspector - InitRepoToPush
14:18:46.938 [main] INFO  f.i.s.r.p.i.ProjectInspector - ComputeClasspath
14:18:46.938 [main] INFO  f.i.s.r.p.i.ProjectInspector - ComputeModules
14:18:46.939 [main] INFO  f.i.s.r.p.i.ProjectInspector - CheckoutBuggyBuildCandidateSourceCode
14:18:46.939 [main] INFO  f.i.s.r.p.i.ProjectInspector - CommitChangedTests
14:18:46.939 [main] INFO  f.i.s.r.p.i.ProjectInspector - CheckoutPatchedBuildCandidate
14:18:46.939 [main] INFO  f.i.s.r.p.i.ProjectInspector - BuildProjectPatchedBuildCandidate
14:18:46.939 [main] INFO  f.i.s.r.p.i.ProjectInspector - TestProjectPatchedBuildCandidate
14:18:46.939 [main] INFO  f.i.s.r.p.i.ProjectInspector - GatherTestInformationPatchedBuildCandidate
14:18:46.939 [main] INFO  f.i.s.r.p.i.ProjectInspector - CommitPatch
14:18:46.940 [main] INFO  f.i.s.r.p.i.ProjectInspector - WritePropertyFile
14:18:46.940 [main] INFO  f.i.s.r.p.i.ProjectInspector - CommitProcessEnd
14:18:46.942 [main] INFO  f.i.s.r.p.i.ProjectInspector - PushProcessEnd
14:18:46.943 [main] DEBUG f.i.s.r.process.step.CloneRepository - ----------------------------------------------------------------------
14:18:46.943 [main] DEBUG f.i.s.r.process.step.CloneRepository - STEP 1/22: CloneRepository
14:18:46.944 [main] DEBUG f.i.s.r.process.step.CloneRepository - ----------------------------------------------------------------------
14:18:46.944 [main] DEBUG f.i.s.r.process.step.CloneRepository - Cloning repository B3Partners/brmo in the following directory: ./workspace/B3Partners/brmo/364507105
14:20:10.132 [main] DEBUG f.i.s.r.process.step.CloneRepository - STEP STATUS: [ CloneRepository : SUCCESS ]
14:20:10.132 [main] DEBUG f.i.s.r.process.step.CloneRepository - STEP DURATION: 83s
14:20:10.132 [main] DEBUG f.i.s.r.process.step.CloneRepository - EXECUTE NEXT STEP
14:20:10.132 [main] DEBUG f.i.s.r.p.s.c.CheckoutPatchedBuild - ----------------------------------------------------------------------
14:20:10.133 [main] DEBUG f.i.s.r.p.s.c.CheckoutPatchedBuild - STEP 2/22: CheckoutPatchedBuildCandidate
14:20:10.133 [main] DEBUG f.i.s.r.p.s.c.CheckoutPatchedBuild - ----------------------------------------------------------------------
14:20:10.133 [main] DEBUG f.i.s.r.p.s.c.CheckoutPatchedBuild - Checking out patched build candidate...
14:20:10.146 [main] ERROR f.i.s.r.p.s.c.CheckoutPatchedBuild - Error while testing commit: org.eclipse.jgit.errors.MissingObjectException: Missing unknown b58e3a904f298000d9f492b7584d49111d5853bd
14:20:10.147 [main] ERROR f.i.s.r.p.s.c.CheckoutPatchedBuild - Error while getting the commit to checkout from the repo.
14:20:10.148 [main] DEBUG f.i.s.r.p.s.c.CheckoutPatchedBuild - STEP STATUS: [ CheckoutPatchedBuildCandidate : FAILURE ( BUILDNOTCHECKEDOUT ) ]
14:20:10.148 [main] DEBUG f.i.s.r.p.s.c.CheckoutPatchedBuild - STEP DURATION: 0s
14:20:10.148 [main] DEBUG f.i.s.r.p.s.c.CheckoutPatchedBuild - TERMINATE PIPELINE
14:20:10.148 [main] DEBUG f.i.s.r.p.s.c.CheckoutPatchedBuild - FINAL STEPS SKIPPED: The reproduction of the bug and/or the patch failed.
14:20:10.148 [main] INFO  f.i.s.r.p.s.c.CheckoutPatchedBuild - Serialize all data for the pair of builds 364507105, 364571840
14:20:10.474 [main] INFO  fr.inria.jtravis.JTravis - GitHub ratelimit: Limit: 5000 Remaining: 4696 Reset hour: 19:39:39
14:20:11.626 [main] INFO  f.i.s.r.p.i.ProjectInspector - ----------------------------------------------------------------------
14:20:11.627 [main] INFO  f.i.s.r.p.i.ProjectInspector - PIPELINE EXECUTION SUMMARY
14:20:11.627 [main] INFO  f.i.s.r.p.i.ProjectInspector - ----------------------------------------------------------------------
14:20:11.628 [main] INFO  f.i.s.r.p.i.ProjectInspector - CloneRepository.......................................SUCCESS [ 83 s ]
14:20:11.628 [main] INFO  f.i.s.r.p.i.ProjectInspector - CheckoutPatchedBuildCandidate.........................FAILURE [  0 s ]
14:20:11.628 [main] INFO  f.i.s.r.p.i.ProjectInspector - ComputeSourceDir......................................NOT RUN         
14:20:11.628 [main] INFO  f.i.s.r.p.i.ProjectInspector - ComputeTestDir........................................NOT RUN         
14:20:11.629 [main] INFO  f.i.s.r.p.i.ProjectInspector - CheckoutBuggyBuildCandidateSourceCode.................NOT RUN         
14:20:11.629 [main] INFO  f.i.s.r.p.i.ProjectInspector - BuildProjectBuggyBuildCandidateSourceCode.............NOT RUN         
14:20:11.630 [main] INFO  f.i.s.r.p.i.ProjectInspector - TestProjectBuggyBuildCandidateSourceCode..............NOT RUN         
14:20:11.630 [main] INFO  f.i.s.r.p.i.ProjectInspector - GatherTestInformationBuggyBuildCandidateSourceCode....NOT RUN         
14:20:11.630 [main] INFO  f.i.s.r.p.i.ProjectInspector - CheckoutBuggyBuildTestCode............................NOT RUN         
14:20:11.631 [main] INFO  f.i.s.r.p.i.ProjectInspector - InitRepoToPush........................................NOT RUN         
14:20:11.631 [main] INFO  f.i.s.r.p.i.ProjectInspector - ComputeClasspath......................................NOT RUN         
14:20:11.631 [main] INFO  f.i.s.r.p.i.ProjectInspector - ComputeModules........................................NOT RUN         
14:20:11.632 [main] INFO  f.i.s.r.p.i.ProjectInspector - CheckoutBuggyBuildCandidateSourceCode.................NOT RUN         
14:20:11.632 [main] INFO  f.i.s.r.p.i.ProjectInspector - CommitChangedTests....................................NOT RUN         
14:20:11.632 [main] INFO  f.i.s.r.p.i.ProjectInspector - CheckoutPatchedBuildCandidate.........................NOT RUN         
14:20:11.632 [main] INFO  f.i.s.r.p.i.ProjectInspector - BuildProjectPatchedBuildCandidate.....................NOT RUN         
14:20:11.633 [main] INFO  f.i.s.r.p.i.ProjectInspector - TestProjectPatchedBuildCandidate......................NOT RUN         
14:20:11.634 [main] INFO  f.i.s.r.p.i.ProjectInspector - GatherTestInformationPatchedBuildCandidate............NOT RUN         
14:20:11.634 [main] INFO  f.i.s.r.p.i.ProjectInspector - CommitPatch...........................................NOT RUN         
14:20:11.634 [main] INFO  f.i.s.r.p.i.ProjectInspector - WritePropertyFile.....................................NOT RUN         
14:20:11.635 [main] INFO  f.i.s.r.p.i.ProjectInspector - CommitProcessEnd......................................NOT RUN         
14:20:11.635 [main] INFO  f.i.s.r.p.i.ProjectInspector - PushProcessEnd........................................NOT RUN         
14:20:11.635 [main] INFO  f.i.s.r.p.i.ProjectInspector - ----------------------------------------------------------------------
14:20:11.635 [main] INFO  f.i.s.r.p.i.ProjectInspector - PIPELINE FINDING: BUILDNOTCHECKEDOUT
14:20:11.636 [main] INFO  f.i.s.r.p.i.ProjectInspector - ----------------------------------------------------------------------
14:20:11.636 [main] INFO  f.i.s.repairnator.pipeline.Launcher - Inspector is finished. The process will exit now.
