04:29:43.731 [main] INFO  f.i.s.repairnator.pipeline.Launcher - PIPELINE VERSION: 3.0-2018-08-09 19:04
04:29:43.873 [main] INFO  f.i.s.repairnator.pipeline.Launcher - The pipeline will try to reproduce a bug from build 364265528 and its corresponding patch from build 364266659
04:29:43.874 [main] INFO  f.i.s.repairnator.pipeline.Launcher - Initialize file serializer engines.
04:29:43.875 [main] INFO  f.i.s.repairnator.pipeline.Launcher - MongoDB won't be used for serialization.
04:29:43.876 [main] INFO  f.i.s.repairnator.pipeline.Launcher - The email notifier engine won't be used.
04:29:43.879 [main] INFO  f.i.s.repairnator.pipeline.Launcher - Start by getting the build (buildId: 364265528) with the following config: RepairnatorConfig{runId='0c1dbb4d-1cbc-485c-8949-10b1e9ab500a_04-18-week2-PASSING_AND_PASSING', launcherMode=BEARS, serializeJson=true, inputPath='null', outputPath='/var/log', mongodbHost='null', mongodbName='repairnator', smtpServer='null', notifyTo=[], notifyEndProcess=false, push=true, pushRemoteRepo='https://github.com/fermadeiral/bears-collection-pp', fork=false, lookFromDate=null, lookToDate=null, buildId=364265528, z3solverPath='./z3_for_linux', workspacePath='./workspace', githubToken='c8a341a903[...]', dockerImageName='null', skipDelete=false, createOutputDir=false, logDirectory='null', nbThreads=0, globalTimeout=0, whiteList=null, blackList=null, jobSleepTime=0, buildSleepTime=0, maxInspectedBuilds=0, duration=null, humanPatch=false, repository='null', clean=true, bearsMode=BOTH, bearsDelimiter = false, repairTools=NopolAllTests,NPEFix,AssertFixer,AstorJGenProg,AstorJKali,NopolSingleTest,AstorJMut,NopolTestExclusionStrategy, githubUserName= fermadeiral, githubUserEmail=fer.madeiral@gmail.com}
04:29:45.190 [main] DEBUG fr.inria.jtravis.helpers.BuildHelper - Get request to :https://api.travis-ci.org/build/364265528 done after 755 ms
04:29:45.591 [main] DEBUG fr.inria.jtravis.helpers.BuildHelper - Get request to :https://api.travis-ci.org/build/364266659 done after 298 ms
04:29:45.607 [main] INFO  f.i.s.repairnator.pipeline.Launcher - The patched build (364266659) was successfully retrieved from Travis.
04:29:46.676 [main] INFO  fr.inria.jtravis.JTravis - GitHub ratelimit: Limit: 5000 Remaining: 4630 Reset hour: 19:39:03
04:29:46.929 [main] INFO  f.i.s.r.p.i.ProjectInspector - ----------------------------------------------------------------------
04:29:46.929 [main] INFO  f.i.s.r.p.i.ProjectInspector - PIPELINE STEPS
04:29:46.929 [main] INFO  f.i.s.r.p.i.ProjectInspector - ----------------------------------------------------------------------
04:29:46.929 [main] INFO  f.i.s.r.p.i.ProjectInspector - CloneRepository
04:29:46.929 [main] INFO  f.i.s.r.p.i.ProjectInspector - CheckoutPatchedBuildCandidate
04:29:46.930 [main] INFO  f.i.s.r.p.i.ProjectInspector - ComputeSourceDir
04:29:46.930 [main] INFO  f.i.s.r.p.i.ProjectInspector - ComputeTestDir
04:29:46.930 [main] INFO  f.i.s.r.p.i.ProjectInspector - CheckoutBuggyBuildCandidateSourceCode
04:29:46.930 [main] INFO  f.i.s.r.p.i.ProjectInspector - BuildProjectBuggyBuildCandidateSourceCode
04:29:46.930 [main] INFO  f.i.s.r.p.i.ProjectInspector - TestProjectBuggyBuildCandidateSourceCode
04:29:46.930 [main] INFO  f.i.s.r.p.i.ProjectInspector - GatherTestInformationBuggyBuildCandidateSourceCode
04:29:46.931 [main] INFO  f.i.s.r.p.i.ProjectInspector - CheckoutBuggyBuildTestCode
04:29:46.931 [main] INFO  f.i.s.r.p.i.ProjectInspector - InitRepoToPush
04:29:46.931 [main] INFO  f.i.s.r.p.i.ProjectInspector - ComputeClasspath
04:29:46.931 [main] INFO  f.i.s.r.p.i.ProjectInspector - ComputeModules
04:29:46.931 [main] INFO  f.i.s.r.p.i.ProjectInspector - CheckoutBuggyBuildCandidateSourceCode
04:29:46.931 [main] INFO  f.i.s.r.p.i.ProjectInspector - CommitChangedTests
04:29:46.931 [main] INFO  f.i.s.r.p.i.ProjectInspector - CheckoutPatchedBuildCandidate
04:29:46.932 [main] INFO  f.i.s.r.p.i.ProjectInspector - BuildProjectPatchedBuildCandidate
04:29:46.932 [main] INFO  f.i.s.r.p.i.ProjectInspector - TestProjectPatchedBuildCandidate
04:29:46.932 [main] INFO  f.i.s.r.p.i.ProjectInspector - GatherTestInformationPatchedBuildCandidate
04:29:46.932 [main] INFO  f.i.s.r.p.i.ProjectInspector - CommitPatch
04:29:46.932 [main] INFO  f.i.s.r.p.i.ProjectInspector - WritePropertyFile
04:29:46.933 [main] INFO  f.i.s.r.p.i.ProjectInspector - CommitProcessEnd
04:29:46.933 [main] INFO  f.i.s.r.p.i.ProjectInspector - PushProcessEnd
04:29:46.933 [main] DEBUG f.i.s.r.process.step.CloneRepository - ----------------------------------------------------------------------
04:29:46.933 [main] DEBUG f.i.s.r.process.step.CloneRepository - STEP 1/22: CloneRepository
04:29:46.934 [main] DEBUG f.i.s.r.process.step.CloneRepository - ----------------------------------------------------------------------
04:29:46.934 [main] DEBUG f.i.s.r.process.step.CloneRepository - Cloning repository batfish/batfish in the following directory: ./workspace/batfish/batfish/364265528
04:30:37.922 [main] DEBUG f.i.s.r.process.step.CloneRepository - STEP STATUS: [ CloneRepository : SUCCESS ]
04:30:37.923 [main] DEBUG f.i.s.r.process.step.CloneRepository - STEP DURATION: 50s
04:30:37.923 [main] DEBUG f.i.s.r.process.step.CloneRepository - EXECUTE NEXT STEP
04:30:37.923 [main] DEBUG f.i.s.r.p.s.c.CheckoutPatchedBuild - ----------------------------------------------------------------------
04:30:37.923 [main] DEBUG f.i.s.r.p.s.c.CheckoutPatchedBuild - STEP 2/22: CheckoutPatchedBuildCandidate
04:30:37.924 [main] DEBUG f.i.s.r.p.s.c.CheckoutPatchedBuild - ----------------------------------------------------------------------
04:30:37.924 [main] DEBUG f.i.s.r.p.s.c.CheckoutPatchedBuild - Checking out patched build candidate...
04:30:38.272 [main] INFO  fr.inria.jtravis.JTravis - GitHub ratelimit: Limit: 5000 Remaining: 4617 Reset hour: 19:39:03
04:30:40.175 [main] DEBUG f.i.s.r.p.s.c.CheckoutPatchedBuild - Reproduce the PR for batfish/batfish by fetching remote branch and merging.
04:30:40.528 [main] ERROR f.i.s.r.p.s.c.CheckoutPatchedBuild - Error while testing commit: org.eclipse.jgit.errors.MissingObjectException: Missing unknown 4b10dc7aed3ff4344f51e4bc4a99b32cacfc0920
04:30:40.529 [main] ERROR f.i.s.r.p.s.c.CheckoutPatchedBuild - Commit head ref cannot be retrieved from the repository: 4b10dc7aed3ff4344f51e4bc4a99b32cacfc0920. Operation aborted.
04:30:40.529 [main] ERROR f.i.s.r.p.s.c.CheckoutPatchedBuild - Error while merging two commits to reproduce the PR.
04:30:40.530 [main] DEBUG f.i.s.r.p.s.c.CheckoutPatchedBuild - STEP STATUS: [ CheckoutPatchedBuildCandidate : FAILURE ( BUILDNOTCHECKEDOUT ) ]
04:30:40.530 [main] DEBUG f.i.s.r.p.s.c.CheckoutPatchedBuild - STEP DURATION: 2s
04:30:40.530 [main] DEBUG f.i.s.r.p.s.c.CheckoutPatchedBuild - TERMINATE PIPELINE
04:30:40.530 [main] DEBUG f.i.s.r.p.s.c.CheckoutPatchedBuild - FINAL STEPS SKIPPED: The reproduction of the bug and/or the patch failed.
04:30:40.530 [main] INFO  f.i.s.r.p.s.c.CheckoutPatchedBuild - Serialize all data for the pair of builds 364265528, 364266659
04:30:40.649 [main] INFO  fr.inria.jtravis.JTravis - GitHub ratelimit: Limit: 5000 Remaining: 4610 Reset hour: 19:39:03
04:30:41.708 [main] INFO  f.i.s.r.p.i.ProjectInspector - ----------------------------------------------------------------------
04:30:41.708 [main] INFO  f.i.s.r.p.i.ProjectInspector - PIPELINE EXECUTION SUMMARY
04:30:41.709 [main] INFO  f.i.s.r.p.i.ProjectInspector - ----------------------------------------------------------------------
04:30:41.709 [main] INFO  f.i.s.r.p.i.ProjectInspector - CloneRepository.......................................SUCCESS [ 50 s ]
04:30:41.709 [main] INFO  f.i.s.r.p.i.ProjectInspector - CheckoutPatchedBuildCandidate.........................FAILURE [  2 s ]
04:30:41.710 [main] INFO  f.i.s.r.p.i.ProjectInspector - ComputeSourceDir......................................NOT RUN         
04:30:41.710 [main] INFO  f.i.s.r.p.i.ProjectInspector - ComputeTestDir........................................NOT RUN         
04:30:41.710 [main] INFO  f.i.s.r.p.i.ProjectInspector - CheckoutBuggyBuildCandidateSourceCode.................NOT RUN         
04:30:41.711 [main] INFO  f.i.s.r.p.i.ProjectInspector - BuildProjectBuggyBuildCandidateSourceCode.............NOT RUN         
04:30:41.711 [main] INFO  f.i.s.r.p.i.ProjectInspector - TestProjectBuggyBuildCandidateSourceCode..............NOT RUN         
04:30:41.712 [main] INFO  f.i.s.r.p.i.ProjectInspector - GatherTestInformationBuggyBuildCandidateSourceCode....NOT RUN         
04:30:41.712 [main] INFO  f.i.s.r.p.i.ProjectInspector - CheckoutBuggyBuildTestCode............................NOT RUN         
04:30:41.712 [main] INFO  f.i.s.r.p.i.ProjectInspector - InitRepoToPush........................................NOT RUN         
04:30:41.712 [main] INFO  f.i.s.r.p.i.ProjectInspector - ComputeClasspath......................................NOT RUN         
04:30:41.713 [main] INFO  f.i.s.r.p.i.ProjectInspector - ComputeModules........................................NOT RUN         
04:30:41.713 [main] INFO  f.i.s.r.p.i.ProjectInspector - CheckoutBuggyBuildCandidateSourceCode.................NOT RUN         
04:30:41.713 [main] INFO  f.i.s.r.p.i.ProjectInspector - CommitChangedTests....................................NOT RUN         
04:30:41.713 [main] INFO  f.i.s.r.p.i.ProjectInspector - CheckoutPatchedBuildCandidate.........................NOT RUN         
04:30:41.714 [main] INFO  f.i.s.r.p.i.ProjectInspector - BuildProjectPatchedBuildCandidate.....................NOT RUN         
04:30:41.714 [main] INFO  f.i.s.r.p.i.ProjectInspector - TestProjectPatchedBuildCandidate......................NOT RUN         
04:30:41.714 [main] INFO  f.i.s.r.p.i.ProjectInspector - GatherTestInformationPatchedBuildCandidate............NOT RUN         
04:30:41.714 [main] INFO  f.i.s.r.p.i.ProjectInspector - CommitPatch...........................................NOT RUN         
04:30:41.715 [main] INFO  f.i.s.r.p.i.ProjectInspector - WritePropertyFile.....................................NOT RUN         
04:30:41.715 [main] INFO  f.i.s.r.p.i.ProjectInspector - CommitProcessEnd......................................NOT RUN         
04:30:41.715 [main] INFO  f.i.s.r.p.i.ProjectInspector - PushProcessEnd........................................NOT RUN         
04:30:41.715 [main] INFO  f.i.s.r.p.i.ProjectInspector - ----------------------------------------------------------------------
04:30:41.715 [main] INFO  f.i.s.r.p.i.ProjectInspector - PIPELINE FINDING: BUILDNOTCHECKEDOUT
04:30:41.716 [main] INFO  f.i.s.r.p.i.ProjectInspector - ----------------------------------------------------------------------
04:30:41.716 [main] INFO  f.i.s.repairnator.pipeline.Launcher - Inspector is finished. The process will exit now.
