14:27:52.849 [main] INFO  f.i.s.repairnator.pipeline.Launcher - PIPELINE VERSION: 3.0-2018-08-09 19:04
14:27:52.984 [main] INFO  f.i.s.repairnator.pipeline.Launcher - The pipeline will try to reproduce a bug from build 362634844 and its corresponding patch from build 365493367
14:27:52.984 [main] INFO  f.i.s.repairnator.pipeline.Launcher - Initialize file serializer engines.
14:27:52.986 [main] INFO  f.i.s.repairnator.pipeline.Launcher - MongoDB won't be used for serialization.
14:27:52.986 [main] INFO  f.i.s.repairnator.pipeline.Launcher - The email notifier engine won't be used.
14:27:52.989 [main] INFO  f.i.s.repairnator.pipeline.Launcher - Start by getting the build (buildId: 362634844) with the following config: RepairnatorConfig{runId='0c1dbb4d-1cbc-485c-8949-10b1e9ab500a_04-18-week2-PASSING_AND_PASSING', launcherMode=BEARS, serializeJson=true, inputPath='null', outputPath='/var/log', mongodbHost='null', mongodbName='repairnator', smtpServer='null', notifyTo=[], notifyEndProcess=false, push=true, pushRemoteRepo='https://github.com/fermadeiral/bears-collection-pp', fork=false, lookFromDate=null, lookToDate=null, buildId=362634844, z3solverPath='./z3_for_linux', workspacePath='./workspace', githubToken='c8a341a903[...]', dockerImageName='null', skipDelete=false, createOutputDir=false, logDirectory='null', nbThreads=0, globalTimeout=0, whiteList=null, blackList=null, jobSleepTime=0, buildSleepTime=0, maxInspectedBuilds=0, duration=null, humanPatch=false, repository='null', clean=true, bearsMode=BOTH, bearsDelimiter = false, repairTools=NopolAllTests,NPEFix,AssertFixer,AstorJGenProg,AstorJKali,NopolSingleTest,AstorJMut,NopolTestExclusionStrategy, githubUserName= fermadeiral, githubUserEmail=fer.madeiral@gmail.com}
14:27:54.236 [main] DEBUG fr.inria.jtravis.helpers.BuildHelper - Get request to :https://api.travis-ci.org/build/362634844 done after 779 ms
14:27:54.472 [main] DEBUG fr.inria.jtravis.helpers.BuildHelper - Get request to :https://api.travis-ci.org/build/365493367 done after 140 ms
14:27:54.488 [main] INFO  f.i.s.repairnator.pipeline.Launcher - The patched build (365493367) was successfully retrieved from Travis.
14:27:55.641 [main] INFO  fr.inria.jtravis.JTravis - GitHub ratelimit: Limit: 5000 Remaining: 4586 Reset hour: 19:39:39
14:27:55.898 [main] INFO  f.i.s.r.p.i.ProjectInspector - ----------------------------------------------------------------------
14:27:55.898 [main] INFO  f.i.s.r.p.i.ProjectInspector - PIPELINE STEPS
14:27:55.898 [main] INFO  f.i.s.r.p.i.ProjectInspector - ----------------------------------------------------------------------
14:27:55.898 [main] INFO  f.i.s.r.p.i.ProjectInspector - CloneRepository
14:27:55.898 [main] INFO  f.i.s.r.p.i.ProjectInspector - CheckoutPatchedBuildCandidate
14:27:55.898 [main] INFO  f.i.s.r.p.i.ProjectInspector - ComputeSourceDir
14:27:55.899 [main] INFO  f.i.s.r.p.i.ProjectInspector - ComputeTestDir
14:27:55.899 [main] INFO  f.i.s.r.p.i.ProjectInspector - CheckoutBuggyBuildCandidateSourceCode
14:27:55.899 [main] INFO  f.i.s.r.p.i.ProjectInspector - BuildProjectBuggyBuildCandidateSourceCode
14:27:55.899 [main] INFO  f.i.s.r.p.i.ProjectInspector - TestProjectBuggyBuildCandidateSourceCode
14:27:55.899 [main] INFO  f.i.s.r.p.i.ProjectInspector - GatherTestInformationBuggyBuildCandidateSourceCode
14:27:55.899 [main] INFO  f.i.s.r.p.i.ProjectInspector - CheckoutBuggyBuildTestCode
14:27:55.900 [main] INFO  f.i.s.r.p.i.ProjectInspector - InitRepoToPush
14:27:55.900 [main] INFO  f.i.s.r.p.i.ProjectInspector - ComputeClasspath
14:27:55.900 [main] INFO  f.i.s.r.p.i.ProjectInspector - ComputeModules
14:27:55.900 [main] INFO  f.i.s.r.p.i.ProjectInspector - CheckoutBuggyBuildCandidateSourceCode
14:27:55.900 [main] INFO  f.i.s.r.p.i.ProjectInspector - CommitChangedTests
14:27:55.900 [main] INFO  f.i.s.r.p.i.ProjectInspector - CheckoutPatchedBuildCandidate
14:27:55.900 [main] INFO  f.i.s.r.p.i.ProjectInspector - BuildProjectPatchedBuildCandidate
14:27:55.900 [main] INFO  f.i.s.r.p.i.ProjectInspector - TestProjectPatchedBuildCandidate
14:27:55.900 [main] INFO  f.i.s.r.p.i.ProjectInspector - GatherTestInformationPatchedBuildCandidate
14:27:55.901 [main] INFO  f.i.s.r.p.i.ProjectInspector - CommitPatch
14:27:55.901 [main] INFO  f.i.s.r.p.i.ProjectInspector - WritePropertyFile
14:27:55.901 [main] INFO  f.i.s.r.p.i.ProjectInspector - CommitProcessEnd
14:27:55.901 [main] INFO  f.i.s.r.p.i.ProjectInspector - PushProcessEnd
14:27:55.901 [main] DEBUG f.i.s.r.process.step.CloneRepository - ----------------------------------------------------------------------
14:27:55.902 [main] DEBUG f.i.s.r.process.step.CloneRepository - STEP 1/22: CloneRepository
14:27:55.902 [main] DEBUG f.i.s.r.process.step.CloneRepository - ----------------------------------------------------------------------
14:27:55.902 [main] DEBUG f.i.s.r.process.step.CloneRepository - Cloning repository Spirals-Team/repairnator in the following directory: ./workspace/Spirals-Team/repairnator/362634844
14:28:14.083 [main] DEBUG f.i.s.r.process.step.CloneRepository - STEP STATUS: [ CloneRepository : SUCCESS ]
14:28:14.084 [main] DEBUG f.i.s.r.process.step.CloneRepository - STEP DURATION: 18s
14:28:14.084 [main] DEBUG f.i.s.r.process.step.CloneRepository - EXECUTE NEXT STEP
14:28:14.085 [main] DEBUG f.i.s.r.p.s.c.CheckoutPatchedBuild - ----------------------------------------------------------------------
14:28:14.085 [main] DEBUG f.i.s.r.p.s.c.CheckoutPatchedBuild - STEP 2/22: CheckoutPatchedBuildCandidate
14:28:14.085 [main] DEBUG f.i.s.r.p.s.c.CheckoutPatchedBuild - ----------------------------------------------------------------------
14:28:14.086 [main] DEBUG f.i.s.r.p.s.c.CheckoutPatchedBuild - Checking out patched build candidate...
14:28:14.093 [main] ERROR f.i.s.r.p.s.c.CheckoutPatchedBuild - Error while testing commit: org.eclipse.jgit.errors.MissingObjectException: Missing unknown bde52b7f89040dcfc47df83a45e89f3708417362
14:28:14.094 [main] ERROR f.i.s.r.p.s.c.CheckoutPatchedBuild - Error while getting the commit to checkout from the repo.
14:28:14.095 [main] DEBUG f.i.s.r.p.s.c.CheckoutPatchedBuild - STEP STATUS: [ CheckoutPatchedBuildCandidate : FAILURE ( BUILDNOTCHECKEDOUT ) ]
14:28:14.095 [main] DEBUG f.i.s.r.p.s.c.CheckoutPatchedBuild - STEP DURATION: 0s
14:28:14.095 [main] DEBUG f.i.s.r.p.s.c.CheckoutPatchedBuild - TERMINATE PIPELINE
14:28:14.096 [main] DEBUG f.i.s.r.p.s.c.CheckoutPatchedBuild - FINAL STEPS SKIPPED: The reproduction of the bug and/or the patch failed.
14:28:14.096 [main] INFO  f.i.s.r.p.s.c.CheckoutPatchedBuild - Serialize all data for the pair of builds 362634844, 365493367
14:28:14.446 [main] INFO  fr.inria.jtravis.JTravis - GitHub ratelimit: Limit: 5000 Remaining: 4574 Reset hour: 19:39:39
14:28:15.251 [main] INFO  f.i.s.r.p.i.ProjectInspector - ----------------------------------------------------------------------
14:28:15.252 [main] INFO  f.i.s.r.p.i.ProjectInspector - PIPELINE EXECUTION SUMMARY
14:28:15.252 [main] INFO  f.i.s.r.p.i.ProjectInspector - ----------------------------------------------------------------------
14:28:15.253 [main] INFO  f.i.s.r.p.i.ProjectInspector - CloneRepository.......................................SUCCESS [ 18 s ]
14:28:15.253 [main] INFO  f.i.s.r.p.i.ProjectInspector - CheckoutPatchedBuildCandidate.........................FAILURE [  0 s ]
14:28:15.253 [main] INFO  f.i.s.r.p.i.ProjectInspector - ComputeSourceDir......................................NOT RUN         
14:28:15.253 [main] INFO  f.i.s.r.p.i.ProjectInspector - ComputeTestDir........................................NOT RUN         
14:28:15.254 [main] INFO  f.i.s.r.p.i.ProjectInspector - CheckoutBuggyBuildCandidateSourceCode.................NOT RUN         
14:28:15.254 [main] INFO  f.i.s.r.p.i.ProjectInspector - BuildProjectBuggyBuildCandidateSourceCode.............NOT RUN         
14:28:15.254 [main] INFO  f.i.s.r.p.i.ProjectInspector - TestProjectBuggyBuildCandidateSourceCode..............NOT RUN         
14:28:15.254 [main] INFO  f.i.s.r.p.i.ProjectInspector - GatherTestInformationBuggyBuildCandidateSourceCode....NOT RUN         
14:28:15.255 [main] INFO  f.i.s.r.p.i.ProjectInspector - CheckoutBuggyBuildTestCode............................NOT RUN         
14:28:15.255 [main] INFO  f.i.s.r.p.i.ProjectInspector - InitRepoToPush........................................NOT RUN         
14:28:15.255 [main] INFO  f.i.s.r.p.i.ProjectInspector - ComputeClasspath......................................NOT RUN         
14:28:15.255 [main] INFO  f.i.s.r.p.i.ProjectInspector - ComputeModules........................................NOT RUN         
14:28:15.255 [main] INFO  f.i.s.r.p.i.ProjectInspector - CheckoutBuggyBuildCandidateSourceCode.................NOT RUN         
14:28:15.256 [main] INFO  f.i.s.r.p.i.ProjectInspector - CommitChangedTests....................................NOT RUN         
14:28:15.256 [main] INFO  f.i.s.r.p.i.ProjectInspector - CheckoutPatchedBuildCandidate.........................NOT RUN         
14:28:15.256 [main] INFO  f.i.s.r.p.i.ProjectInspector - BuildProjectPatchedBuildCandidate.....................NOT RUN         
14:28:15.256 [main] INFO  f.i.s.r.p.i.ProjectInspector - TestProjectPatchedBuildCandidate......................NOT RUN         
14:28:15.256 [main] INFO  f.i.s.r.p.i.ProjectInspector - GatherTestInformationPatchedBuildCandidate............NOT RUN         
14:28:15.257 [main] INFO  f.i.s.r.p.i.ProjectInspector - CommitPatch...........................................NOT RUN         
14:28:15.257 [main] INFO  f.i.s.r.p.i.ProjectInspector - WritePropertyFile.....................................NOT RUN         
14:28:15.257 [main] INFO  f.i.s.r.p.i.ProjectInspector - CommitProcessEnd......................................NOT RUN         
14:28:15.257 [main] INFO  f.i.s.r.p.i.ProjectInspector - PushProcessEnd........................................NOT RUN         
14:28:15.257 [main] INFO  f.i.s.r.p.i.ProjectInspector - ----------------------------------------------------------------------
14:28:15.258 [main] INFO  f.i.s.r.p.i.ProjectInspector - PIPELINE FINDING: BUILDNOTCHECKEDOUT
14:28:15.258 [main] INFO  f.i.s.r.p.i.ProjectInspector - ----------------------------------------------------------------------
14:28:15.258 [main] INFO  f.i.s.repairnator.pipeline.Launcher - Inspector is finished. The process will exit now.
