13:33:18.998 [main] INFO  f.i.s.repairnator.pipeline.Launcher - PIPELINE VERSION: 3.0-2018-08-09 19:04
13:33:19.148 [main] INFO  f.i.s.repairnator.pipeline.Launcher - The pipeline will try to reproduce a bug from build 361632752 and its corresponding patch from build 364540717
13:33:19.148 [main] INFO  f.i.s.repairnator.pipeline.Launcher - Initialize file serializer engines.
13:33:19.150 [main] INFO  f.i.s.repairnator.pipeline.Launcher - MongoDB won't be used for serialization.
13:33:19.150 [main] INFO  f.i.s.repairnator.pipeline.Launcher - The email notifier engine won't be used.
13:33:19.153 [main] INFO  f.i.s.repairnator.pipeline.Launcher - Start by getting the build (buildId: 361632752) with the following config: RepairnatorConfig{runId='0c1dbb4d-1cbc-485c-8949-10b1e9ab500a_04-18-week2-PASSING_AND_PASSING', launcherMode=BEARS, serializeJson=true, inputPath='null', outputPath='/var/log', mongodbHost='null', mongodbName='repairnator', smtpServer='null', notifyTo=[], notifyEndProcess=false, push=true, pushRemoteRepo='https://github.com/fermadeiral/bears-collection-pp', fork=false, lookFromDate=null, lookToDate=null, buildId=361632752, z3solverPath='./z3_for_linux', workspacePath='./workspace', githubToken='c8a341a903[...]', dockerImageName='null', skipDelete=false, createOutputDir=false, logDirectory='null', nbThreads=0, globalTimeout=0, whiteList=null, blackList=null, jobSleepTime=0, buildSleepTime=0, maxInspectedBuilds=0, duration=null, humanPatch=false, repository='null', clean=true, bearsMode=BOTH, bearsDelimiter = false, repairTools=NopolAllTests,NPEFix,AssertFixer,AstorJGenProg,AstorJKali,NopolSingleTest,AstorJMut,NopolTestExclusionStrategy, githubUserName= fermadeiral, githubUserEmail=fer.madeiral@gmail.com}
13:33:20.562 [main] DEBUG fr.inria.jtravis.helpers.BuildHelper - Get request to :https://api.travis-ci.org/build/361632752 done after 840 ms
13:33:20.799 [main] DEBUG fr.inria.jtravis.helpers.BuildHelper - Get request to :https://api.travis-ci.org/build/364540717 done after 142 ms
13:33:20.819 [main] INFO  f.i.s.repairnator.pipeline.Launcher - The patched build (364540717) was successfully retrieved from Travis.
13:33:21.917 [main] INFO  fr.inria.jtravis.JTravis - GitHub ratelimit: Limit: 5000 Remaining: 4136 Reset hour: 19:39:35
13:33:22.190 [main] INFO  f.i.s.r.p.i.ProjectInspector - ----------------------------------------------------------------------
13:33:22.191 [main] INFO  f.i.s.r.p.i.ProjectInspector - PIPELINE STEPS
13:33:22.191 [main] INFO  f.i.s.r.p.i.ProjectInspector - ----------------------------------------------------------------------
13:33:22.191 [main] INFO  f.i.s.r.p.i.ProjectInspector - CloneRepository
13:33:22.191 [main] INFO  f.i.s.r.p.i.ProjectInspector - CheckoutPatchedBuildCandidate
13:33:22.192 [main] INFO  f.i.s.r.p.i.ProjectInspector - ComputeSourceDir
13:33:22.192 [main] INFO  f.i.s.r.p.i.ProjectInspector - ComputeTestDir
13:33:22.192 [main] INFO  f.i.s.r.p.i.ProjectInspector - CheckoutBuggyBuildCandidateSourceCode
13:33:22.192 [main] INFO  f.i.s.r.p.i.ProjectInspector - BuildProjectBuggyBuildCandidateSourceCode
13:33:22.192 [main] INFO  f.i.s.r.p.i.ProjectInspector - TestProjectBuggyBuildCandidateSourceCode
13:33:22.193 [main] INFO  f.i.s.r.p.i.ProjectInspector - GatherTestInformationBuggyBuildCandidateSourceCode
13:33:22.193 [main] INFO  f.i.s.r.p.i.ProjectInspector - CheckoutBuggyBuildTestCode
13:33:22.193 [main] INFO  f.i.s.r.p.i.ProjectInspector - InitRepoToPush
13:33:22.193 [main] INFO  f.i.s.r.p.i.ProjectInspector - ComputeClasspath
13:33:22.193 [main] INFO  f.i.s.r.p.i.ProjectInspector - ComputeModules
13:33:22.193 [main] INFO  f.i.s.r.p.i.ProjectInspector - CheckoutBuggyBuildCandidateSourceCode
13:33:22.193 [main] INFO  f.i.s.r.p.i.ProjectInspector - CommitChangedTests
13:33:22.197 [main] INFO  f.i.s.r.p.i.ProjectInspector - CheckoutPatchedBuildCandidate
13:33:22.197 [main] INFO  f.i.s.r.p.i.ProjectInspector - BuildProjectPatchedBuildCandidate
13:33:22.197 [main] INFO  f.i.s.r.p.i.ProjectInspector - TestProjectPatchedBuildCandidate
13:33:22.198 [main] INFO  f.i.s.r.p.i.ProjectInspector - GatherTestInformationPatchedBuildCandidate
13:33:22.198 [main] INFO  f.i.s.r.p.i.ProjectInspector - CommitPatch
13:33:22.198 [main] INFO  f.i.s.r.p.i.ProjectInspector - WritePropertyFile
13:33:22.199 [main] INFO  f.i.s.r.p.i.ProjectInspector - CommitProcessEnd
13:33:22.199 [main] INFO  f.i.s.r.p.i.ProjectInspector - PushProcessEnd
13:33:22.199 [main] DEBUG f.i.s.r.process.step.CloneRepository - ----------------------------------------------------------------------
13:33:22.200 [main] DEBUG f.i.s.r.process.step.CloneRepository - STEP 1/22: CloneRepository
13:33:22.200 [main] DEBUG f.i.s.r.process.step.CloneRepository - ----------------------------------------------------------------------
13:33:22.201 [main] DEBUG f.i.s.r.process.step.CloneRepository - Cloning repository MyCoRe-Org/mycore in the following directory: ./workspace/MyCoRe-Org/mycore/361632752
13:34:47.569 [main] DEBUG f.i.s.r.process.step.CloneRepository - STEP STATUS: [ CloneRepository : SUCCESS ]
13:34:47.570 [main] DEBUG f.i.s.r.process.step.CloneRepository - STEP DURATION: 85s
13:34:47.570 [main] DEBUG f.i.s.r.process.step.CloneRepository - EXECUTE NEXT STEP
13:34:47.571 [main] DEBUG f.i.s.r.p.s.c.CheckoutPatchedBuild - ----------------------------------------------------------------------
13:34:47.573 [main] DEBUG f.i.s.r.p.s.c.CheckoutPatchedBuild - STEP 2/22: CheckoutPatchedBuildCandidate
13:34:47.573 [main] DEBUG f.i.s.r.p.s.c.CheckoutPatchedBuild - ----------------------------------------------------------------------
13:34:47.573 [main] DEBUG f.i.s.r.p.s.c.CheckoutPatchedBuild - Checking out patched build candidate...
13:34:47.902 [main] INFO  fr.inria.jtravis.JTravis - GitHub ratelimit: Limit: 5000 Remaining: 4131 Reset hour: 19:39:35
13:34:50.222 [main] DEBUG f.i.s.r.p.s.c.CheckoutPatchedBuild - Reproduce the PR for MyCoRe-Org/mycore by fetching remote branch and merging.
13:34:50.454 [main] ERROR f.i.s.r.p.s.c.CheckoutPatchedBuild - Error while testing commit: org.eclipse.jgit.errors.MissingObjectException: Missing unknown d7ea2d933f25abeac146443b4661840ab861e1a9
13:34:50.455 [main] ERROR f.i.s.r.p.s.c.CheckoutPatchedBuild - Commit head ref cannot be retrieved from the repository: d7ea2d933f25abeac146443b4661840ab861e1a9. Operation aborted.
13:34:50.455 [main] ERROR f.i.s.r.p.s.c.CheckoutPatchedBuild - Error while merging two commits to reproduce the PR.
13:34:50.456 [main] DEBUG f.i.s.r.p.s.c.CheckoutPatchedBuild - STEP STATUS: [ CheckoutPatchedBuildCandidate : FAILURE ( BUILDNOTCHECKEDOUT ) ]
13:34:50.456 [main] DEBUG f.i.s.r.p.s.c.CheckoutPatchedBuild - STEP DURATION: 2s
13:34:50.456 [main] DEBUG f.i.s.r.p.s.c.CheckoutPatchedBuild - TERMINATE PIPELINE
13:34:50.457 [main] DEBUG f.i.s.r.p.s.c.CheckoutPatchedBuild - FINAL STEPS SKIPPED: The reproduction of the bug and/or the patch failed.
13:34:50.457 [main] INFO  f.i.s.r.p.s.c.CheckoutPatchedBuild - Serialize all data for the pair of builds 361632752, 364540717
13:34:50.576 [main] INFO  fr.inria.jtravis.JTravis - GitHub ratelimit: Limit: 5000 Remaining: 4124 Reset hour: 19:39:35
13:34:51.368 [main] INFO  f.i.s.r.p.i.ProjectInspector - ----------------------------------------------------------------------
13:34:51.368 [main] INFO  f.i.s.r.p.i.ProjectInspector - PIPELINE EXECUTION SUMMARY
13:34:51.368 [main] INFO  f.i.s.r.p.i.ProjectInspector - ----------------------------------------------------------------------
13:34:51.368 [main] INFO  f.i.s.r.p.i.ProjectInspector - CloneRepository.......................................SUCCESS [ 85 s ]
13:34:51.369 [main] INFO  f.i.s.r.p.i.ProjectInspector - CheckoutPatchedBuildCandidate.........................FAILURE [  2 s ]
13:34:51.369 [main] INFO  f.i.s.r.p.i.ProjectInspector - ComputeSourceDir......................................NOT RUN         
13:34:51.369 [main] INFO  f.i.s.r.p.i.ProjectInspector - ComputeTestDir........................................NOT RUN         
13:34:51.370 [main] INFO  f.i.s.r.p.i.ProjectInspector - CheckoutBuggyBuildCandidateSourceCode.................NOT RUN         
13:34:51.370 [main] INFO  f.i.s.r.p.i.ProjectInspector - BuildProjectBuggyBuildCandidateSourceCode.............NOT RUN         
13:34:51.370 [main] INFO  f.i.s.r.p.i.ProjectInspector - TestProjectBuggyBuildCandidateSourceCode..............NOT RUN         
13:34:51.370 [main] INFO  f.i.s.r.p.i.ProjectInspector - GatherTestInformationBuggyBuildCandidateSourceCode....NOT RUN         
13:34:51.370 [main] INFO  f.i.s.r.p.i.ProjectInspector - CheckoutBuggyBuildTestCode............................NOT RUN         
13:34:51.370 [main] INFO  f.i.s.r.p.i.ProjectInspector - InitRepoToPush........................................NOT RUN         
13:34:51.370 [main] INFO  f.i.s.r.p.i.ProjectInspector - ComputeClasspath......................................NOT RUN         
13:34:51.371 [main] INFO  f.i.s.r.p.i.ProjectInspector - ComputeModules........................................NOT RUN         
13:34:51.371 [main] INFO  f.i.s.r.p.i.ProjectInspector - CheckoutBuggyBuildCandidateSourceCode.................NOT RUN         
13:34:51.371 [main] INFO  f.i.s.r.p.i.ProjectInspector - CommitChangedTests....................................NOT RUN         
13:34:51.371 [main] INFO  f.i.s.r.p.i.ProjectInspector - CheckoutPatchedBuildCandidate.........................NOT RUN         
13:34:51.371 [main] INFO  f.i.s.r.p.i.ProjectInspector - BuildProjectPatchedBuildCandidate.....................NOT RUN         
13:34:51.372 [main] INFO  f.i.s.r.p.i.ProjectInspector - TestProjectPatchedBuildCandidate......................NOT RUN         
13:34:51.372 [main] INFO  f.i.s.r.p.i.ProjectInspector - GatherTestInformationPatchedBuildCandidate............NOT RUN         
13:34:51.372 [main] INFO  f.i.s.r.p.i.ProjectInspector - CommitPatch...........................................NOT RUN         
13:34:51.372 [main] INFO  f.i.s.r.p.i.ProjectInspector - WritePropertyFile.....................................NOT RUN         
13:34:51.372 [main] INFO  f.i.s.r.p.i.ProjectInspector - CommitProcessEnd......................................NOT RUN         
13:34:51.372 [main] INFO  f.i.s.r.p.i.ProjectInspector - PushProcessEnd........................................NOT RUN         
13:34:51.373 [main] INFO  f.i.s.r.p.i.ProjectInspector - ----------------------------------------------------------------------
13:34:51.373 [main] INFO  f.i.s.r.p.i.ProjectInspector - PIPELINE FINDING: BUILDNOTCHECKEDOUT
13:34:51.373 [main] INFO  f.i.s.r.p.i.ProjectInspector - ----------------------------------------------------------------------
13:34:51.373 [main] INFO  f.i.s.repairnator.pipeline.Launcher - Inspector is finished. The process will exit now.
