14:23:37.815 [main] INFO  f.i.s.repairnator.pipeline.Launcher - PIPELINE VERSION: 3.0-2018-08-09 19:04
14:23:37.999 [main] INFO  f.i.s.repairnator.pipeline.Launcher - The pipeline will try to reproduce a bug from build 364193541 and its corresponding patch from build 364272581
14:23:38.000 [main] INFO  f.i.s.repairnator.pipeline.Launcher - Initialize file serializer engines.
14:23:38.002 [main] INFO  f.i.s.repairnator.pipeline.Launcher - MongoDB won't be used for serialization.
14:23:38.003 [main] INFO  f.i.s.repairnator.pipeline.Launcher - The email notifier engine won't be used.
14:23:38.007 [main] INFO  f.i.s.repairnator.pipeline.Launcher - Start by getting the build (buildId: 364193541) with the following config: RepairnatorConfig{runId='0c1dbb4d-1cbc-485c-8949-10b1e9ab500a_04-18-week2-PASSING_AND_PASSING', launcherMode=BEARS, serializeJson=true, inputPath='null', outputPath='/var/log', mongodbHost='null', mongodbName='repairnator', smtpServer='null', notifyTo=[], notifyEndProcess=false, push=true, pushRemoteRepo='https://github.com/fermadeiral/bears-collection-pp', fork=false, lookFromDate=null, lookToDate=null, buildId=364193541, z3solverPath='./z3_for_linux', workspacePath='./workspace', githubToken='c8a341a903[...]', dockerImageName='null', skipDelete=false, createOutputDir=false, logDirectory='null', nbThreads=0, globalTimeout=0, whiteList=null, blackList=null, jobSleepTime=0, buildSleepTime=0, maxInspectedBuilds=0, duration=null, humanPatch=false, repository='null', clean=true, bearsMode=BOTH, bearsDelimiter = false, repairTools=NopolAllTests,NPEFix,AssertFixer,AstorJGenProg,AstorJKali,NopolSingleTest,AstorJMut,NopolTestExclusionStrategy, githubUserName= fermadeiral, githubUserEmail=fer.madeiral@gmail.com}
14:23:39.355 [main] DEBUG fr.inria.jtravis.helpers.BuildHelper - Get request to :https://api.travis-ci.org/build/364193541 done after 770 ms
14:23:39.571 [main] DEBUG fr.inria.jtravis.helpers.BuildHelper - Get request to :https://api.travis-ci.org/build/364272581 done after 121 ms
14:23:39.593 [main] INFO  f.i.s.repairnator.pipeline.Launcher - The patched build (364272581) was successfully retrieved from Travis.
14:23:40.694 [main] INFO  fr.inria.jtravis.JTravis - GitHub ratelimit: Limit: 5000 Remaining: 4635 Reset hour: 19:39:39
14:23:40.953 [main] INFO  f.i.s.r.p.i.ProjectInspector - ----------------------------------------------------------------------
14:23:40.953 [main] INFO  f.i.s.r.p.i.ProjectInspector - PIPELINE STEPS
14:23:40.953 [main] INFO  f.i.s.r.p.i.ProjectInspector - ----------------------------------------------------------------------
14:23:40.953 [main] INFO  f.i.s.r.p.i.ProjectInspector - CloneRepository
14:23:40.954 [main] INFO  f.i.s.r.p.i.ProjectInspector - CheckoutPatchedBuildCandidate
14:23:40.954 [main] INFO  f.i.s.r.p.i.ProjectInspector - ComputeSourceDir
14:23:40.954 [main] INFO  f.i.s.r.p.i.ProjectInspector - ComputeTestDir
14:23:40.954 [main] INFO  f.i.s.r.p.i.ProjectInspector - CheckoutBuggyBuildCandidateSourceCode
14:23:40.954 [main] INFO  f.i.s.r.p.i.ProjectInspector - BuildProjectBuggyBuildCandidateSourceCode
14:23:40.955 [main] INFO  f.i.s.r.p.i.ProjectInspector - TestProjectBuggyBuildCandidateSourceCode
14:23:40.955 [main] INFO  f.i.s.r.p.i.ProjectInspector - GatherTestInformationBuggyBuildCandidateSourceCode
14:23:40.955 [main] INFO  f.i.s.r.p.i.ProjectInspector - CheckoutBuggyBuildTestCode
14:23:40.955 [main] INFO  f.i.s.r.p.i.ProjectInspector - InitRepoToPush
14:23:40.955 [main] INFO  f.i.s.r.p.i.ProjectInspector - ComputeClasspath
14:23:40.955 [main] INFO  f.i.s.r.p.i.ProjectInspector - ComputeModules
14:23:40.955 [main] INFO  f.i.s.r.p.i.ProjectInspector - CheckoutBuggyBuildCandidateSourceCode
14:23:40.955 [main] INFO  f.i.s.r.p.i.ProjectInspector - CommitChangedTests
14:23:40.956 [main] INFO  f.i.s.r.p.i.ProjectInspector - CheckoutPatchedBuildCandidate
14:23:40.956 [main] INFO  f.i.s.r.p.i.ProjectInspector - BuildProjectPatchedBuildCandidate
14:23:40.956 [main] INFO  f.i.s.r.p.i.ProjectInspector - TestProjectPatchedBuildCandidate
14:23:40.958 [main] INFO  f.i.s.r.p.i.ProjectInspector - GatherTestInformationPatchedBuildCandidate
14:23:40.958 [main] INFO  f.i.s.r.p.i.ProjectInspector - CommitPatch
14:23:40.958 [main] INFO  f.i.s.r.p.i.ProjectInspector - WritePropertyFile
14:23:40.959 [main] INFO  f.i.s.r.p.i.ProjectInspector - CommitProcessEnd
14:23:40.959 [main] INFO  f.i.s.r.p.i.ProjectInspector - PushProcessEnd
14:23:40.959 [main] DEBUG f.i.s.r.process.step.CloneRepository - ----------------------------------------------------------------------
14:23:40.960 [main] DEBUG f.i.s.r.process.step.CloneRepository - STEP 1/22: CloneRepository
14:23:40.960 [main] DEBUG f.i.s.r.process.step.CloneRepository - ----------------------------------------------------------------------
14:23:40.960 [main] DEBUG f.i.s.r.process.step.CloneRepository - Cloning repository B3Partners/brmo in the following directory: ./workspace/B3Partners/brmo/364193541
14:25:01.173 [main] DEBUG f.i.s.r.process.step.CloneRepository - STEP STATUS: [ CloneRepository : SUCCESS ]
14:25:01.173 [main] DEBUG f.i.s.r.process.step.CloneRepository - STEP DURATION: 80s
14:25:01.174 [main] DEBUG f.i.s.r.process.step.CloneRepository - EXECUTE NEXT STEP
14:25:01.174 [main] DEBUG f.i.s.r.p.s.c.CheckoutPatchedBuild - ----------------------------------------------------------------------
14:25:01.175 [main] DEBUG f.i.s.r.p.s.c.CheckoutPatchedBuild - STEP 2/22: CheckoutPatchedBuildCandidate
14:25:01.175 [main] DEBUG f.i.s.r.p.s.c.CheckoutPatchedBuild - ----------------------------------------------------------------------
14:25:01.175 [main] DEBUG f.i.s.r.p.s.c.CheckoutPatchedBuild - Checking out patched build candidate...
14:25:01.536 [main] INFO  fr.inria.jtravis.JTravis - GitHub ratelimit: Limit: 5000 Remaining: 4634 Reset hour: 19:39:39
14:25:04.151 [main] DEBUG f.i.s.r.p.s.c.CheckoutPatchedBuild - Reproduce the PR for B3Partners/brmo by fetching remote branch and merging.
14:25:05.295 [main] ERROR f.i.s.r.p.s.c.CheckoutPatchedBuild - Error while testing commit: org.eclipse.jgit.errors.MissingObjectException: Missing unknown 54cddc9a5adb0581d54d9f6aaa2aa7f5e8ee2af1
14:25:05.296 [main] ERROR f.i.s.r.p.s.c.CheckoutPatchedBuild - Commit head ref cannot be retrieved from the repository: 54cddc9a5adb0581d54d9f6aaa2aa7f5e8ee2af1. Operation aborted.
14:25:05.297 [main] ERROR f.i.s.r.p.s.c.CheckoutPatchedBuild - Error while merging two commits to reproduce the PR.
14:25:05.298 [main] DEBUG f.i.s.r.p.s.c.CheckoutPatchedBuild - STEP STATUS: [ CheckoutPatchedBuildCandidate : FAILURE ( BUILDNOTCHECKEDOUT ) ]
14:25:05.298 [main] DEBUG f.i.s.r.p.s.c.CheckoutPatchedBuild - STEP DURATION: 4s
14:25:05.298 [main] DEBUG f.i.s.r.p.s.c.CheckoutPatchedBuild - TERMINATE PIPELINE
14:25:05.299 [main] DEBUG f.i.s.r.p.s.c.CheckoutPatchedBuild - FINAL STEPS SKIPPED: The reproduction of the bug and/or the patch failed.
14:25:05.299 [main] INFO  f.i.s.r.p.s.c.CheckoutPatchedBuild - Serialize all data for the pair of builds 364193541, 364272581
14:25:05.421 [main] INFO  fr.inria.jtravis.JTravis - GitHub ratelimit: Limit: 5000 Remaining: 4627 Reset hour: 19:39:39
14:25:06.287 [main] INFO  f.i.s.r.p.i.ProjectInspector - ----------------------------------------------------------------------
14:25:06.288 [main] INFO  f.i.s.r.p.i.ProjectInspector - PIPELINE EXECUTION SUMMARY
14:25:06.288 [main] INFO  f.i.s.r.p.i.ProjectInspector - ----------------------------------------------------------------------
14:25:06.288 [main] INFO  f.i.s.r.p.i.ProjectInspector - CloneRepository.......................................SUCCESS [ 80 s ]
14:25:06.288 [main] INFO  f.i.s.r.p.i.ProjectInspector - CheckoutPatchedBuildCandidate.........................FAILURE [  4 s ]
14:25:06.288 [main] INFO  f.i.s.r.p.i.ProjectInspector - ComputeSourceDir......................................NOT RUN         
14:25:06.289 [main] INFO  f.i.s.r.p.i.ProjectInspector - ComputeTestDir........................................NOT RUN         
14:25:06.289 [main] INFO  f.i.s.r.p.i.ProjectInspector - CheckoutBuggyBuildCandidateSourceCode.................NOT RUN         
14:25:06.289 [main] INFO  f.i.s.r.p.i.ProjectInspector - BuildProjectBuggyBuildCandidateSourceCode.............NOT RUN         
14:25:06.289 [main] INFO  f.i.s.r.p.i.ProjectInspector - TestProjectBuggyBuildCandidateSourceCode..............NOT RUN         
14:25:06.289 [main] INFO  f.i.s.r.p.i.ProjectInspector - GatherTestInformationBuggyBuildCandidateSourceCode....NOT RUN         
14:25:06.290 [main] INFO  f.i.s.r.p.i.ProjectInspector - CheckoutBuggyBuildTestCode............................NOT RUN         
14:25:06.290 [main] INFO  f.i.s.r.p.i.ProjectInspector - InitRepoToPush........................................NOT RUN         
14:25:06.290 [main] INFO  f.i.s.r.p.i.ProjectInspector - ComputeClasspath......................................NOT RUN         
14:25:06.290 [main] INFO  f.i.s.r.p.i.ProjectInspector - ComputeModules........................................NOT RUN         
14:25:06.290 [main] INFO  f.i.s.r.p.i.ProjectInspector - CheckoutBuggyBuildCandidateSourceCode.................NOT RUN         
14:25:06.290 [main] INFO  f.i.s.r.p.i.ProjectInspector - CommitChangedTests....................................NOT RUN         
14:25:06.290 [main] INFO  f.i.s.r.p.i.ProjectInspector - CheckoutPatchedBuildCandidate.........................NOT RUN         
14:25:06.290 [main] INFO  f.i.s.r.p.i.ProjectInspector - BuildProjectPatchedBuildCandidate.....................NOT RUN         
14:25:06.290 [main] INFO  f.i.s.r.p.i.ProjectInspector - TestProjectPatchedBuildCandidate......................NOT RUN         
14:25:06.290 [main] INFO  f.i.s.r.p.i.ProjectInspector - GatherTestInformationPatchedBuildCandidate............NOT RUN         
14:25:06.291 [main] INFO  f.i.s.r.p.i.ProjectInspector - CommitPatch...........................................NOT RUN         
14:25:06.291 [main] INFO  f.i.s.r.p.i.ProjectInspector - WritePropertyFile.....................................NOT RUN         
14:25:06.291 [main] INFO  f.i.s.r.p.i.ProjectInspector - CommitProcessEnd......................................NOT RUN         
14:25:06.291 [main] INFO  f.i.s.r.p.i.ProjectInspector - PushProcessEnd........................................NOT RUN         
14:25:06.291 [main] INFO  f.i.s.r.p.i.ProjectInspector - ----------------------------------------------------------------------
14:25:06.291 [main] INFO  f.i.s.r.p.i.ProjectInspector - PIPELINE FINDING: BUILDNOTCHECKEDOUT
14:25:06.291 [main] INFO  f.i.s.r.p.i.ProjectInspector - ----------------------------------------------------------------------
14:25:06.291 [main] INFO  f.i.s.repairnator.pipeline.Launcher - Inspector is finished. The process will exit now.
