05:43:31.111 [main] INFO  f.i.s.repairnator.pipeline.Launcher - PIPELINE VERSION: 3.0-2018-08-09 19:04
05:43:31.230 [main] INFO  f.i.s.repairnator.pipeline.Launcher - The pipeline will try to reproduce a bug from build 364400845 and its corresponding patch from build 364795932
05:43:31.231 [main] INFO  f.i.s.repairnator.pipeline.Launcher - Initialize file serializer engines.
05:43:31.232 [main] INFO  f.i.s.repairnator.pipeline.Launcher - MongoDB won't be used for serialization.
05:43:31.233 [main] INFO  f.i.s.repairnator.pipeline.Launcher - The email notifier engine won't be used.
05:43:31.235 [main] INFO  f.i.s.repairnator.pipeline.Launcher - Start by getting the build (buildId: 364400845) with the following config: RepairnatorConfig{runId='0c1dbb4d-1cbc-485c-8949-10b1e9ab500a_04-18-week2-PASSING_AND_PASSING', launcherMode=BEARS, serializeJson=true, inputPath='null', outputPath='/var/log', mongodbHost='null', mongodbName='repairnator', smtpServer='null', notifyTo=[], notifyEndProcess=false, push=true, pushRemoteRepo='https://github.com/fermadeiral/bears-collection-pp', fork=false, lookFromDate=null, lookToDate=null, buildId=364400845, z3solverPath='./z3_for_linux', workspacePath='./workspace', githubToken='c8a341a903[...]', dockerImageName='null', skipDelete=false, createOutputDir=false, logDirectory='null', nbThreads=0, globalTimeout=0, whiteList=null, blackList=null, jobSleepTime=0, buildSleepTime=0, maxInspectedBuilds=0, duration=null, humanPatch=false, repository='null', clean=true, bearsMode=BOTH, bearsDelimiter = false, repairTools=NopolAllTests,NPEFix,AssertFixer,AstorJGenProg,AstorJKali,NopolSingleTest,AstorJMut,NopolTestExclusionStrategy, githubUserName= fermadeiral, githubUserEmail=fer.madeiral@gmail.com}
05:43:32.355 [main] DEBUG fr.inria.jtravis.helpers.BuildHelper - Get request to :https://api.travis-ci.org/build/364400845 done after 717 ms
05:43:32.593 [main] DEBUG fr.inria.jtravis.helpers.BuildHelper - Get request to :https://api.travis-ci.org/build/364795932 done after 142 ms
05:43:32.645 [main] INFO  f.i.s.repairnator.pipeline.Launcher - The patched build (364795932) was successfully retrieved from Travis.
05:43:33.766 [main] INFO  fr.inria.jtravis.JTravis - GitHub ratelimit: Limit: 5000 Remaining: 4578 Reset hour: 19:39:08
05:43:34.040 [main] INFO  f.i.s.r.p.i.ProjectInspector - ----------------------------------------------------------------------
05:43:34.041 [main] INFO  f.i.s.r.p.i.ProjectInspector - PIPELINE STEPS
05:43:34.041 [main] INFO  f.i.s.r.p.i.ProjectInspector - ----------------------------------------------------------------------
05:43:34.042 [main] INFO  f.i.s.r.p.i.ProjectInspector - CloneRepository
05:43:34.042 [main] INFO  f.i.s.r.p.i.ProjectInspector - CheckoutPatchedBuildCandidate
05:43:34.043 [main] INFO  f.i.s.r.p.i.ProjectInspector - ComputeSourceDir
05:43:34.043 [main] INFO  f.i.s.r.p.i.ProjectInspector - ComputeTestDir
05:43:34.044 [main] INFO  f.i.s.r.p.i.ProjectInspector - CheckoutBuggyBuildCandidateSourceCode
05:43:34.044 [main] INFO  f.i.s.r.p.i.ProjectInspector - BuildProjectBuggyBuildCandidateSourceCode
05:43:34.045 [main] INFO  f.i.s.r.p.i.ProjectInspector - TestProjectBuggyBuildCandidateSourceCode
05:43:34.045 [main] INFO  f.i.s.r.p.i.ProjectInspector - GatherTestInformationBuggyBuildCandidateSourceCode
05:43:34.046 [main] INFO  f.i.s.r.p.i.ProjectInspector - CheckoutBuggyBuildTestCode
05:43:34.047 [main] INFO  f.i.s.r.p.i.ProjectInspector - InitRepoToPush
05:43:34.047 [main] INFO  f.i.s.r.p.i.ProjectInspector - ComputeClasspath
05:43:34.047 [main] INFO  f.i.s.r.p.i.ProjectInspector - ComputeModules
05:43:34.048 [main] INFO  f.i.s.r.p.i.ProjectInspector - CheckoutBuggyBuildCandidateSourceCode
05:43:34.048 [main] INFO  f.i.s.r.p.i.ProjectInspector - CommitChangedTests
05:43:34.049 [main] INFO  f.i.s.r.p.i.ProjectInspector - CheckoutPatchedBuildCandidate
05:43:34.049 [main] INFO  f.i.s.r.p.i.ProjectInspector - BuildProjectPatchedBuildCandidate
05:43:34.050 [main] INFO  f.i.s.r.p.i.ProjectInspector - TestProjectPatchedBuildCandidate
05:43:34.050 [main] INFO  f.i.s.r.p.i.ProjectInspector - GatherTestInformationPatchedBuildCandidate
05:43:34.051 [main] INFO  f.i.s.r.p.i.ProjectInspector - CommitPatch
05:43:34.052 [main] INFO  f.i.s.r.p.i.ProjectInspector - WritePropertyFile
05:43:34.052 [main] INFO  f.i.s.r.p.i.ProjectInspector - CommitProcessEnd
05:43:34.053 [main] INFO  f.i.s.r.p.i.ProjectInspector - PushProcessEnd
05:43:34.053 [main] DEBUG f.i.s.r.process.step.CloneRepository - ----------------------------------------------------------------------
05:43:34.054 [main] DEBUG f.i.s.r.process.step.CloneRepository - STEP 1/22: CloneRepository
05:43:34.054 [main] DEBUG f.i.s.r.process.step.CloneRepository - ----------------------------------------------------------------------
05:43:34.055 [main] DEBUG f.i.s.r.process.step.CloneRepository - Cloning repository CorfuDB/CorfuDB in the following directory: ./workspace/CorfuDB/CorfuDB/364400845
05:47:48.143 [main] DEBUG f.i.s.r.process.step.CloneRepository - STEP STATUS: [ CloneRepository : SUCCESS ]
05:47:48.144 [main] DEBUG f.i.s.r.process.step.CloneRepository - STEP DURATION: 254s
05:47:48.144 [main] DEBUG f.i.s.r.process.step.CloneRepository - EXECUTE NEXT STEP
05:47:48.144 [main] DEBUG f.i.s.r.p.s.c.CheckoutPatchedBuild - ----------------------------------------------------------------------
05:47:48.145 [main] DEBUG f.i.s.r.p.s.c.CheckoutPatchedBuild - STEP 2/22: CheckoutPatchedBuildCandidate
05:47:48.145 [main] DEBUG f.i.s.r.p.s.c.CheckoutPatchedBuild - ----------------------------------------------------------------------
05:47:48.146 [main] DEBUG f.i.s.r.p.s.c.CheckoutPatchedBuild - Checking out patched build candidate...
05:47:48.191 [main] ERROR f.i.s.r.p.s.c.CheckoutPatchedBuild - Error while testing commit: org.eclipse.jgit.errors.MissingObjectException: Missing unknown 2d30bfd089e3e5224e511ff5bb6c22b69712eb66
05:47:48.192 [main] ERROR f.i.s.r.p.s.c.CheckoutPatchedBuild - Error while getting the commit to checkout from the repo.
05:47:48.193 [main] DEBUG f.i.s.r.p.s.c.CheckoutPatchedBuild - STEP STATUS: [ CheckoutPatchedBuildCandidate : FAILURE ( BUILDNOTCHECKEDOUT ) ]
05:47:48.194 [main] DEBUG f.i.s.r.p.s.c.CheckoutPatchedBuild - STEP DURATION: 0s
05:47:48.194 [main] DEBUG f.i.s.r.p.s.c.CheckoutPatchedBuild - TERMINATE PIPELINE
05:47:48.195 [main] DEBUG f.i.s.r.p.s.c.CheckoutPatchedBuild - FINAL STEPS SKIPPED: The reproduction of the bug and/or the patch failed.
05:47:48.195 [main] INFO  f.i.s.r.p.s.c.CheckoutPatchedBuild - Serialize all data for the pair of builds 364400845, 364795932
05:47:48.524 [main] INFO  fr.inria.jtravis.JTravis - GitHub ratelimit: Limit: 5000 Remaining: 4523 Reset hour: 19:39:08
05:47:49.062 [main] INFO  f.i.s.r.p.i.ProjectInspector - ----------------------------------------------------------------------
05:47:49.062 [main] INFO  f.i.s.r.p.i.ProjectInspector - PIPELINE EXECUTION SUMMARY
05:47:49.062 [main] INFO  f.i.s.r.p.i.ProjectInspector - ----------------------------------------------------------------------
05:47:49.063 [main] INFO  f.i.s.r.p.i.ProjectInspector - CloneRepository......................................SUCCESS [ 254 s ]
05:47:49.063 [main] INFO  f.i.s.r.p.i.ProjectInspector - CheckoutPatchedBuildCandidate........................FAILURE [   0 s ]
05:47:49.063 [main] INFO  f.i.s.r.p.i.ProjectInspector - ComputeSourceDir.....................................NOT RUN          
05:47:49.063 [main] INFO  f.i.s.r.p.i.ProjectInspector - ComputeTestDir.......................................NOT RUN          
05:47:49.064 [main] INFO  f.i.s.r.p.i.ProjectInspector - CheckoutBuggyBuildCandidateSourceCode................NOT RUN          
05:47:49.064 [main] INFO  f.i.s.r.p.i.ProjectInspector - BuildProjectBuggyBuildCandidateSourceCode............NOT RUN          
05:47:49.064 [main] INFO  f.i.s.r.p.i.ProjectInspector - TestProjectBuggyBuildCandidateSourceCode.............NOT RUN          
05:47:49.067 [main] INFO  f.i.s.r.p.i.ProjectInspector - GatherTestInformationBuggyBuildCandidateSourceCode...NOT RUN          
05:47:49.067 [main] INFO  f.i.s.r.p.i.ProjectInspector - CheckoutBuggyBuildTestCode...........................NOT RUN          
05:47:49.068 [main] INFO  f.i.s.r.p.i.ProjectInspector - InitRepoToPush.......................................NOT RUN          
05:47:49.068 [main] INFO  f.i.s.r.p.i.ProjectInspector - ComputeClasspath.....................................NOT RUN          
05:47:49.068 [main] INFO  f.i.s.r.p.i.ProjectInspector - ComputeModules.......................................NOT RUN          
05:47:49.068 [main] INFO  f.i.s.r.p.i.ProjectInspector - CheckoutBuggyBuildCandidateSourceCode................NOT RUN          
05:47:49.068 [main] INFO  f.i.s.r.p.i.ProjectInspector - CommitChangedTests...................................NOT RUN          
05:47:49.068 [main] INFO  f.i.s.r.p.i.ProjectInspector - CheckoutPatchedBuildCandidate........................NOT RUN          
05:47:49.068 [main] INFO  f.i.s.r.p.i.ProjectInspector - BuildProjectPatchedBuildCandidate....................NOT RUN          
05:47:49.068 [main] INFO  f.i.s.r.p.i.ProjectInspector - TestProjectPatchedBuildCandidate.....................NOT RUN          
05:47:49.069 [main] INFO  f.i.s.r.p.i.ProjectInspector - GatherTestInformationPatchedBuildCandidate...........NOT RUN          
05:47:49.069 [main] INFO  f.i.s.r.p.i.ProjectInspector - CommitPatch..........................................NOT RUN          
05:47:49.069 [main] INFO  f.i.s.r.p.i.ProjectInspector - WritePropertyFile....................................NOT RUN          
05:47:49.069 [main] INFO  f.i.s.r.p.i.ProjectInspector - CommitProcessEnd.....................................NOT RUN          
05:47:49.069 [main] INFO  f.i.s.r.p.i.ProjectInspector - PushProcessEnd.......................................NOT RUN          
05:47:49.069 [main] INFO  f.i.s.r.p.i.ProjectInspector - ----------------------------------------------------------------------
05:47:49.069 [main] INFO  f.i.s.r.p.i.ProjectInspector - PIPELINE FINDING: BUILDNOTCHECKEDOUT
05:47:49.069 [main] INFO  f.i.s.r.p.i.ProjectInspector - ----------------------------------------------------------------------
05:47:49.070 [main] INFO  f.i.s.repairnator.pipeline.Launcher - Inspector is finished. The process will exit now.
