01:51:44.958 [main] INFO  f.i.s.repairnator.pipeline.Launcher - PIPELINE VERSION: 3.0-2018-08-09 19:04
01:51:45.072 [main] INFO  f.i.s.repairnator.pipeline.Launcher - The pipeline will try to reproduce a bug from build 364308297 and its corresponding patch from build 365899787
01:51:45.073 [main] INFO  f.i.s.repairnator.pipeline.Launcher - Initialize file serializer engines.
01:51:45.075 [main] INFO  f.i.s.repairnator.pipeline.Launcher - MongoDB won't be used for serialization.
01:51:45.075 [main] INFO  f.i.s.repairnator.pipeline.Launcher - The email notifier engine won't be used.
01:51:45.078 [main] INFO  f.i.s.repairnator.pipeline.Launcher - Start by getting the build (buildId: 364308297) with the following config: RepairnatorConfig{runId='0c1dbb4d-1cbc-485c-8949-10b1e9ab500a_04-18-week2-PASSING_AND_PASSING', launcherMode=BEARS, serializeJson=true, inputPath='null', outputPath='/var/log', mongodbHost='null', mongodbName='repairnator', smtpServer='null', notifyTo=[], notifyEndProcess=false, push=true, pushRemoteRepo='https://github.com/fermadeiral/bears-collection-pp', fork=false, lookFromDate=null, lookToDate=null, buildId=364308297, z3solverPath='./z3_for_linux', workspacePath='./workspace', githubToken='c8a341a903[...]', dockerImageName='null', skipDelete=false, createOutputDir=false, logDirectory='null', nbThreads=0, globalTimeout=0, whiteList=null, blackList=null, jobSleepTime=0, buildSleepTime=0, maxInspectedBuilds=0, duration=null, humanPatch=false, repository='null', clean=true, bearsMode=BOTH, bearsDelimiter = false, repairTools=NopolAllTests,NPEFix,AssertFixer,AstorJGenProg,AstorJKali,NopolSingleTest,AstorJMut,NopolTestExclusionStrategy, githubUserName= fermadeiral, githubUserEmail=fer.madeiral@gmail.com}
01:51:46.349 [main] DEBUG fr.inria.jtravis.helpers.BuildHelper - Get request to :https://api.travis-ci.org/build/364308297 done after 849 ms
01:51:46.651 [main] DEBUG fr.inria.jtravis.helpers.BuildHelper - Get request to :https://api.travis-ci.org/build/365899787 done after 125 ms
01:51:46.670 [main] INFO  f.i.s.repairnator.pipeline.Launcher - The patched build (365899787) was successfully retrieved from Travis.
01:51:47.988 [main] INFO  fr.inria.jtravis.JTravis - GitHub ratelimit: Limit: 5000 Remaining: 4865 Reset hour: 19:38:55
01:51:48.220 [main] INFO  f.i.s.r.p.i.ProjectInspector - ----------------------------------------------------------------------
01:51:48.221 [main] INFO  f.i.s.r.p.i.ProjectInspector - PIPELINE STEPS
01:51:48.221 [main] INFO  f.i.s.r.p.i.ProjectInspector - ----------------------------------------------------------------------
01:51:48.221 [main] INFO  f.i.s.r.p.i.ProjectInspector - CloneRepository
01:51:48.221 [main] INFO  f.i.s.r.p.i.ProjectInspector - CheckoutPatchedBuildCandidate
01:51:48.221 [main] INFO  f.i.s.r.p.i.ProjectInspector - ComputeSourceDir
01:51:48.222 [main] INFO  f.i.s.r.p.i.ProjectInspector - ComputeTestDir
01:51:48.222 [main] INFO  f.i.s.r.p.i.ProjectInspector - CheckoutBuggyBuildCandidateSourceCode
01:51:48.222 [main] INFO  f.i.s.r.p.i.ProjectInspector - BuildProjectBuggyBuildCandidateSourceCode
01:51:48.222 [main] INFO  f.i.s.r.p.i.ProjectInspector - TestProjectBuggyBuildCandidateSourceCode
01:51:48.223 [main] INFO  f.i.s.r.p.i.ProjectInspector - GatherTestInformationBuggyBuildCandidateSourceCode
01:51:48.223 [main] INFO  f.i.s.r.p.i.ProjectInspector - CheckoutBuggyBuildTestCode
01:51:48.223 [main] INFO  f.i.s.r.p.i.ProjectInspector - InitRepoToPush
01:51:48.223 [main] INFO  f.i.s.r.p.i.ProjectInspector - ComputeClasspath
01:51:48.223 [main] INFO  f.i.s.r.p.i.ProjectInspector - ComputeModules
01:51:48.223 [main] INFO  f.i.s.r.p.i.ProjectInspector - CheckoutBuggyBuildCandidateSourceCode
01:51:48.223 [main] INFO  f.i.s.r.p.i.ProjectInspector - CommitChangedTests
01:51:48.223 [main] INFO  f.i.s.r.p.i.ProjectInspector - CheckoutPatchedBuildCandidate
01:51:48.224 [main] INFO  f.i.s.r.p.i.ProjectInspector - BuildProjectPatchedBuildCandidate
01:51:48.224 [main] INFO  f.i.s.r.p.i.ProjectInspector - TestProjectPatchedBuildCandidate
01:51:48.224 [main] INFO  f.i.s.r.p.i.ProjectInspector - GatherTestInformationPatchedBuildCandidate
01:51:48.224 [main] INFO  f.i.s.r.p.i.ProjectInspector - CommitPatch
01:51:48.224 [main] INFO  f.i.s.r.p.i.ProjectInspector - WritePropertyFile
01:51:48.225 [main] INFO  f.i.s.r.p.i.ProjectInspector - CommitProcessEnd
01:51:48.225 [main] INFO  f.i.s.r.p.i.ProjectInspector - PushProcessEnd
01:51:48.225 [main] DEBUG f.i.s.r.process.step.CloneRepository - ----------------------------------------------------------------------
01:51:48.226 [main] DEBUG f.i.s.r.process.step.CloneRepository - STEP 1/22: CloneRepository
01:51:48.226 [main] DEBUG f.i.s.r.process.step.CloneRepository - ----------------------------------------------------------------------
01:51:48.226 [main] DEBUG f.i.s.r.process.step.CloneRepository - Cloning repository apache/incubator-druid in the following directory: ./workspace/apache/incubator-druid/364308297
01:52:25.241 [main] DEBUG f.i.s.r.process.step.CloneRepository - STEP STATUS: [ CloneRepository : SUCCESS ]
01:52:25.241 [main] DEBUG f.i.s.r.process.step.CloneRepository - STEP DURATION: 37s
01:52:25.241 [main] DEBUG f.i.s.r.process.step.CloneRepository - EXECUTE NEXT STEP
01:52:25.241 [main] DEBUG f.i.s.r.p.s.c.CheckoutPatchedBuild - ----------------------------------------------------------------------
01:52:25.242 [main] DEBUG f.i.s.r.p.s.c.CheckoutPatchedBuild - STEP 2/22: CheckoutPatchedBuildCandidate
01:52:25.242 [main] DEBUG f.i.s.r.p.s.c.CheckoutPatchedBuild - ----------------------------------------------------------------------
01:52:25.242 [main] DEBUG f.i.s.r.p.s.c.CheckoutPatchedBuild - Checking out patched build candidate...
01:52:25.576 [main] INFO  fr.inria.jtravis.JTravis - GitHub ratelimit: Limit: 5000 Remaining: 4857 Reset hour: 19:38:55
01:52:27.963 [main] DEBUG f.i.s.r.p.s.c.CheckoutPatchedBuild - Reproduce the PR for apache/incubator-druid by fetching remote branch and merging.
01:52:30.010 [main] ERROR f.i.s.r.p.s.c.CheckoutPatchedBuild - Error while testing commit: org.eclipse.jgit.errors.MissingObjectException: Missing unknown 94cd7db54b7f62b9e551bed629ce7967feb47363
01:52:30.012 [main] ERROR f.i.s.r.p.s.c.CheckoutPatchedBuild - Commit head ref cannot be retrieved from the repository: 94cd7db54b7f62b9e551bed629ce7967feb47363. Operation aborted.
01:52:30.013 [main] ERROR f.i.s.r.p.s.c.CheckoutPatchedBuild - Error while merging two commits to reproduce the PR.
01:52:30.014 [main] DEBUG f.i.s.r.p.s.c.CheckoutPatchedBuild - STEP STATUS: [ CheckoutPatchedBuildCandidate : FAILURE ( BUILDNOTCHECKEDOUT ) ]
01:52:30.015 [main] DEBUG f.i.s.r.p.s.c.CheckoutPatchedBuild - STEP DURATION: 4s
01:52:30.015 [main] DEBUG f.i.s.r.p.s.c.CheckoutPatchedBuild - TERMINATE PIPELINE
01:52:30.016 [main] DEBUG f.i.s.r.p.s.c.CheckoutPatchedBuild - FINAL STEPS SKIPPED: The reproduction of the bug and/or the patch failed.
01:52:30.017 [main] INFO  f.i.s.r.p.s.c.CheckoutPatchedBuild - Serialize all data for the pair of builds 364308297, 365899787
01:52:30.131 [main] INFO  fr.inria.jtravis.JTravis - GitHub ratelimit: Limit: 5000 Remaining: 4850 Reset hour: 19:38:55
01:52:31.614 [main] INFO  f.i.s.r.p.i.ProjectInspector - ----------------------------------------------------------------------
01:52:31.615 [main] INFO  f.i.s.r.p.i.ProjectInspector - PIPELINE EXECUTION SUMMARY
01:52:31.615 [main] INFO  f.i.s.r.p.i.ProjectInspector - ----------------------------------------------------------------------
01:52:31.616 [main] INFO  f.i.s.r.p.i.ProjectInspector - CloneRepository.......................................SUCCESS [ 37 s ]
01:52:31.616 [main] INFO  f.i.s.r.p.i.ProjectInspector - CheckoutPatchedBuildCandidate.........................FAILURE [  4 s ]
01:52:31.616 [main] INFO  f.i.s.r.p.i.ProjectInspector - ComputeSourceDir......................................NOT RUN         
01:52:31.617 [main] INFO  f.i.s.r.p.i.ProjectInspector - ComputeTestDir........................................NOT RUN         
01:52:31.617 [main] INFO  f.i.s.r.p.i.ProjectInspector - CheckoutBuggyBuildCandidateSourceCode.................NOT RUN         
01:52:31.617 [main] INFO  f.i.s.r.p.i.ProjectInspector - BuildProjectBuggyBuildCandidateSourceCode.............NOT RUN         
01:52:31.618 [main] INFO  f.i.s.r.p.i.ProjectInspector - TestProjectBuggyBuildCandidateSourceCode..............NOT RUN         
01:52:31.618 [main] INFO  f.i.s.r.p.i.ProjectInspector - GatherTestInformationBuggyBuildCandidateSourceCode....NOT RUN         
01:52:31.618 [main] INFO  f.i.s.r.p.i.ProjectInspector - CheckoutBuggyBuildTestCode............................NOT RUN         
01:52:31.619 [main] INFO  f.i.s.r.p.i.ProjectInspector - InitRepoToPush........................................NOT RUN         
01:52:31.619 [main] INFO  f.i.s.r.p.i.ProjectInspector - ComputeClasspath......................................NOT RUN         
01:52:31.619 [main] INFO  f.i.s.r.p.i.ProjectInspector - ComputeModules........................................NOT RUN         
01:52:31.619 [main] INFO  f.i.s.r.p.i.ProjectInspector - CheckoutBuggyBuildCandidateSourceCode.................NOT RUN         
01:52:31.620 [main] INFO  f.i.s.r.p.i.ProjectInspector - CommitChangedTests....................................NOT RUN         
01:52:31.620 [main] INFO  f.i.s.r.p.i.ProjectInspector - CheckoutPatchedBuildCandidate.........................NOT RUN         
01:52:31.620 [main] INFO  f.i.s.r.p.i.ProjectInspector - BuildProjectPatchedBuildCandidate.....................NOT RUN         
01:52:31.621 [main] INFO  f.i.s.r.p.i.ProjectInspector - TestProjectPatchedBuildCandidate......................NOT RUN         
01:52:31.621 [main] INFO  f.i.s.r.p.i.ProjectInspector - GatherTestInformationPatchedBuildCandidate............NOT RUN         
01:52:31.621 [main] INFO  f.i.s.r.p.i.ProjectInspector - CommitPatch...........................................NOT RUN         
01:52:31.621 [main] INFO  f.i.s.r.p.i.ProjectInspector - WritePropertyFile.....................................NOT RUN         
01:52:31.622 [main] INFO  f.i.s.r.p.i.ProjectInspector - CommitProcessEnd......................................NOT RUN         
01:52:31.622 [main] INFO  f.i.s.r.p.i.ProjectInspector - PushProcessEnd........................................NOT RUN         
01:52:31.622 [main] INFO  f.i.s.r.p.i.ProjectInspector - ----------------------------------------------------------------------
01:52:31.623 [main] INFO  f.i.s.r.p.i.ProjectInspector - PIPELINE FINDING: BUILDNOTCHECKEDOUT
01:52:31.623 [main] INFO  f.i.s.r.p.i.ProjectInspector - ----------------------------------------------------------------------
01:52:31.623 [main] INFO  f.i.s.repairnator.pipeline.Launcher - Inspector is finished. The process will exit now.
