13:56:04.573 [main] INFO  f.i.s.repairnator.pipeline.Launcher - PIPELINE VERSION: 3.0-2018-08-09 19:04
13:56:04.754 [main] INFO  f.i.s.repairnator.pipeline.Launcher - The pipeline will try to reproduce a bug from build 366002226 and its corresponding patch from build 366113309
13:56:04.755 [main] INFO  f.i.s.repairnator.pipeline.Launcher - Initialize file serializer engines.
13:56:04.758 [main] INFO  f.i.s.repairnator.pipeline.Launcher - MongoDB won't be used for serialization.
13:56:04.758 [main] INFO  f.i.s.repairnator.pipeline.Launcher - The email notifier engine won't be used.
13:56:04.763 [main] INFO  f.i.s.repairnator.pipeline.Launcher - Start by getting the build (buildId: 366002226) with the following config: RepairnatorConfig{runId='0c1dbb4d-1cbc-485c-8949-10b1e9ab500a_04-18-week2-PASSING_AND_PASSING', launcherMode=BEARS, serializeJson=true, inputPath='null', outputPath='/var/log', mongodbHost='null', mongodbName='repairnator', smtpServer='null', notifyTo=[], notifyEndProcess=false, push=true, pushRemoteRepo='https://github.com/fermadeiral/bears-collection-pp', fork=false, lookFromDate=null, lookToDate=null, buildId=366002226, z3solverPath='./z3_for_linux', workspacePath='./workspace', githubToken='c8a341a903[...]', dockerImageName='null', skipDelete=false, createOutputDir=false, logDirectory='null', nbThreads=0, globalTimeout=0, whiteList=null, blackList=null, jobSleepTime=0, buildSleepTime=0, maxInspectedBuilds=0, duration=null, humanPatch=false, repository='null', clean=true, bearsMode=BOTH, bearsDelimiter = false, repairTools=NopolAllTests,NPEFix,AssertFixer,AstorJGenProg,AstorJKali,NopolSingleTest,AstorJMut,NopolTestExclusionStrategy, githubUserName= fermadeiral, githubUserEmail=fer.madeiral@gmail.com}
13:57:06.271 [main] DEBUG fr.inria.jtravis.helpers.BuildHelper - Get request to :https://api.travis-ci.org/build/366002226 done after 60804 ms
13:57:06.508 [main] DEBUG fr.inria.jtravis.helpers.BuildHelper - Get request to :https://api.travis-ci.org/build/366113309 done after 137 ms
13:57:06.520 [main] INFO  f.i.s.repairnator.pipeline.Launcher - The patched build (366113309) was successfully retrieved from Travis.
13:57:07.775 [main] INFO  fr.inria.jtravis.JTravis - GitHub ratelimit: Limit: 5000 Remaining: 3565 Reset hour: 19:39:35
13:57:08.007 [main] INFO  f.i.s.r.p.i.ProjectInspector - ----------------------------------------------------------------------
13:57:08.007 [main] INFO  f.i.s.r.p.i.ProjectInspector - PIPELINE STEPS
13:57:08.008 [main] INFO  f.i.s.r.p.i.ProjectInspector - ----------------------------------------------------------------------
13:57:08.008 [main] INFO  f.i.s.r.p.i.ProjectInspector - CloneRepository
13:57:08.008 [main] INFO  f.i.s.r.p.i.ProjectInspector - CheckoutPatchedBuildCandidate
13:57:08.008 [main] INFO  f.i.s.r.p.i.ProjectInspector - ComputeSourceDir
13:57:08.008 [main] INFO  f.i.s.r.p.i.ProjectInspector - ComputeTestDir
13:57:08.008 [main] INFO  f.i.s.r.p.i.ProjectInspector - CheckoutBuggyBuildCandidateSourceCode
13:57:08.008 [main] INFO  f.i.s.r.p.i.ProjectInspector - BuildProjectBuggyBuildCandidateSourceCode
13:57:08.009 [main] INFO  f.i.s.r.p.i.ProjectInspector - TestProjectBuggyBuildCandidateSourceCode
13:57:08.009 [main] INFO  f.i.s.r.p.i.ProjectInspector - GatherTestInformationBuggyBuildCandidateSourceCode
13:57:08.009 [main] INFO  f.i.s.r.p.i.ProjectInspector - CheckoutBuggyBuildTestCode
13:57:08.009 [main] INFO  f.i.s.r.p.i.ProjectInspector - InitRepoToPush
13:57:08.009 [main] INFO  f.i.s.r.p.i.ProjectInspector - ComputeClasspath
13:57:08.009 [main] INFO  f.i.s.r.p.i.ProjectInspector - ComputeModules
13:57:08.009 [main] INFO  f.i.s.r.p.i.ProjectInspector - CheckoutBuggyBuildCandidateSourceCode
13:57:08.009 [main] INFO  f.i.s.r.p.i.ProjectInspector - CommitChangedTests
13:57:08.010 [main] INFO  f.i.s.r.p.i.ProjectInspector - CheckoutPatchedBuildCandidate
13:57:08.010 [main] INFO  f.i.s.r.p.i.ProjectInspector - BuildProjectPatchedBuildCandidate
13:57:08.010 [main] INFO  f.i.s.r.p.i.ProjectInspector - TestProjectPatchedBuildCandidate
13:57:08.010 [main] INFO  f.i.s.r.p.i.ProjectInspector - GatherTestInformationPatchedBuildCandidate
13:57:08.010 [main] INFO  f.i.s.r.p.i.ProjectInspector - CommitPatch
13:57:08.010 [main] INFO  f.i.s.r.p.i.ProjectInspector - WritePropertyFile
13:57:08.011 [main] INFO  f.i.s.r.p.i.ProjectInspector - CommitProcessEnd
13:57:08.011 [main] INFO  f.i.s.r.p.i.ProjectInspector - PushProcessEnd
13:57:08.011 [main] DEBUG f.i.s.r.process.step.CloneRepository - ----------------------------------------------------------------------
13:57:08.011 [main] DEBUG f.i.s.r.process.step.CloneRepository - STEP 1/22: CloneRepository
13:57:08.012 [main] DEBUG f.i.s.r.process.step.CloneRepository - ----------------------------------------------------------------------
13:57:08.012 [main] DEBUG f.i.s.r.process.step.CloneRepository - Cloning repository fabric8io/fabric8-maven-plugin in the following directory: ./workspace/fabric8io/fabric8-maven-plugin/366002226
13:57:39.522 [main] DEBUG f.i.s.r.process.step.CloneRepository - STEP STATUS: [ CloneRepository : SUCCESS ]
13:57:39.523 [main] DEBUG f.i.s.r.process.step.CloneRepository - STEP DURATION: 31s
13:57:39.524 [main] DEBUG f.i.s.r.process.step.CloneRepository - EXECUTE NEXT STEP
13:57:39.524 [main] DEBUG f.i.s.r.p.s.c.CheckoutPatchedBuild - ----------------------------------------------------------------------
13:57:39.525 [main] DEBUG f.i.s.r.p.s.c.CheckoutPatchedBuild - STEP 2/22: CheckoutPatchedBuildCandidate
13:57:39.525 [main] DEBUG f.i.s.r.p.s.c.CheckoutPatchedBuild - ----------------------------------------------------------------------
13:57:39.526 [main] DEBUG f.i.s.r.p.s.c.CheckoutPatchedBuild - Checking out patched build candidate...
13:57:39.884 [main] INFO  fr.inria.jtravis.JTravis - GitHub ratelimit: Limit: 5000 Remaining: 3537 Reset hour: 19:39:35
13:57:41.697 [main] DEBUG f.i.s.r.p.s.c.CheckoutPatchedBuild - Reproduce the PR for fabric8io/fabric8-maven-plugin by fetching remote branch and merging.
13:57:46.349 [main] DEBUG f.i.s.r.process.git.GitHelper - Step CheckoutPatchedBuildCandidate - Get the commit a1fa8414823489a58a3da936dbdfb98e5d5d3b67 for repo fabric8io/fabric8-maven-plugin
13:57:46.717 [main] DEBUG f.i.s.r.process.git.GitHelper - Step CheckoutPatchedBuildCandidate - Do the merge with the PR commit for repo fabric8io/fabric8-maven-plugin
13:57:47.059 [main] INFO  f.i.s.r.process.git.GitHelper - Init git submodules.
13:57:47.134 [main] DEBUG f.i.s.r.p.s.c.CheckoutPatchedBuild - STEP STATUS: [ CheckoutPatchedBuildCandidate : SUCCESS ]
13:57:47.135 [main] DEBUG f.i.s.r.p.s.c.CheckoutPatchedBuild - STEP DURATION: 7s
13:57:47.135 [main] DEBUG f.i.s.r.p.s.c.CheckoutPatchedBuild - EXECUTE NEXT STEP
13:57:47.135 [main] DEBUG f.i.s.r.p.s.paths.ComputeSourceDir - ----------------------------------------------------------------------
13:57:47.135 [main] DEBUG f.i.s.r.p.s.paths.ComputeSourceDir - STEP 3/22: ComputeSourceDir
13:57:47.135 [main] DEBUG f.i.s.r.p.s.paths.ComputeSourceDir - ----------------------------------------------------------------------
13:57:47.136 [main] DEBUG f.i.s.r.p.s.paths.ComputeSourceDir - Computing the source directory ...
13:57:47.137 [main] DEBUG f.i.s.r.p.s.paths.ComputeSourceDir - The default source directory (/root/workspace/fabric8io/fabric8-maven-plugin/366002226/src/main/java) does not exist. Try to read pom.xml to get information.
13:57:47.348 [main] DEBUG f.i.s.r.p.s.paths.ComputeSourceDir - The source directory given in pom.xml (/root/workspace/fabric8io/fabric8-maven-plugin/366002226/src/main/java) does not exist. Continue to try to get source dir from all modules.
13:57:47.348 [main] DEBUG f.i.s.r.p.s.paths.ComputeSourceDir - The default source directory (/root/workspace/fabric8io/fabric8-maven-plugin/366002226/parent/src/main/java) does not exist. Try to read pom.xml to get information.
13:57:47.361 [main] DEBUG f.i.s.r.p.s.paths.ComputeSourceDir - The source directory given in pom.xml (/root/workspace/fabric8io/fabric8-maven-plugin/366002226/parent/src/main/java) does not exist. Continue to try to get source dir from all modules.
13:57:47.361 [main] ERROR f.i.s.r.p.s.paths.ComputeSourceDir - The source directory is not at default location or specified in build section from pom.xml, and no parent can be found.
13:57:47.425 [main] DEBUG f.i.s.r.p.m.RepositoryModelResolver - Downloading https://repo1.maven.org/maven2/io/fabric8/fabric8-project/3.0.8/fabric8-project-3.0.8.pom
13:57:47.594 [main] DEBUG f.i.s.r.p.m.RepositoryModelResolver - Downloading https://repo1.maven.org/maven2/org/sonatype/oss/oss-parent/9/oss-parent-9.pom
13:57:47.696 [main] DEBUG f.i.s.r.p.m.RepositoryModelResolver - Downloading https://repo1.maven.org/maven2/org/apache/camel/camel-parent/2.19.1/camel-parent-2.19.1.pom
13:57:47.867 [main] DEBUG f.i.s.r.p.m.RepositoryModelResolver - Downloading https://repo1.maven.org/maven2/org/apache/camel/camel/2.19.1/camel-2.19.1.pom
13:57:47.965 [main] DEBUG f.i.s.r.p.m.RepositoryModelResolver - Downloading https://repo1.maven.org/maven2/org/apache/apache/18/apache-18.pom
13:57:48.081 [main] DEBUG f.i.s.r.p.m.RepositoryModelResolver - Downloading https://repo1.maven.org/maven2/org/optaplanner/optaplanner-bom/6.5.0.Final/optaplanner-bom-6.5.0.Final.pom
13:57:48.162 [main] DEBUG f.i.s.r.p.m.RepositoryModelResolver - Downloading https://repo1.maven.org/maven2/org/kie/kie-parent-metadata/6.5.0.Final/kie-parent-metadata-6.5.0.Final.pom
13:57:48.263 [main] DEBUG f.i.s.r.p.m.RepositoryModelResolver - Downloading https://repo1.maven.org/maven2/org/jboss/integration-platform/jboss-integration-platform-parent/6.0.8.Final/jboss-integration-platform-parent-6.0.8.Final.pom
13:57:48.356 [main] DEBUG f.i.s.r.p.m.RepositoryModelResolver - Downloading https://repo1.maven.org/maven2/org/jboss/jboss-parent/19/jboss-parent-19.pom
13:57:48.519 [main] DEBUG f.i.s.r.p.m.RepositoryModelResolver - Downloading https://repo1.maven.org/maven2/org/springframework/spring-framework-bom/4.3.9.RELEASE/spring-framework-bom-4.3.9.RELEASE.pom
13:57:48.626 [main] DEBUG f.i.s.r.p.m.RepositoryModelResolver - Downloading https://repo1.maven.org/maven2/org/jboss/shrinkwrap/resolver/shrinkwrap-resolver-bom/2.2.2/shrinkwrap-resolver-bom-2.2.2.pom
13:57:48.718 [main] DEBUG f.i.s.r.p.m.RepositoryModelResolver - Downloading https://repo1.maven.org/maven2/org/jboss/arquillian/arquillian-bom/1.1.12.Final/arquillian-bom-1.1.12.Final.pom
13:57:48.811 [main] DEBUG f.i.s.r.p.m.RepositoryModelResolver - Downloading https://repo1.maven.org/maven2/org/jboss/shrinkwrap/shrinkwrap-bom/1.2.6/shrinkwrap-bom-1.2.6.pom
13:57:48.915 [main] DEBUG f.i.s.r.p.m.RepositoryModelResolver - Downloading https://repo1.maven.org/maven2/org/jboss/shrinkwrap/resolver/shrinkwrap-resolver-bom/2.2.4/shrinkwrap-resolver-bom-2.2.4.pom
13:57:49.006 [main] DEBUG f.i.s.r.p.m.RepositoryModelResolver - Downloading https://repo1.maven.org/maven2/org/jboss/shrinkwrap/descriptors/shrinkwrap-descriptors-bom/2.0.0-alpha-10/shrinkwrap-descriptors-bom-2.0.0-alpha-10.pom
13:57:49.100 [main] ERROR f.i.s.r.process.maven.MavenHelper - Error while building complete model. The raw model will be used. Error message: 9 problems were encountered while building the effective model for io.fabric8:fabric8-maven-enricher-fabric8:3.5-SNAPSHOT
[ERROR] Failed to determine Java version for profile sun-tools-1.7 @ io.fabric8:fabric8-project:3.0.8
[ERROR] Failed to determine Java version for profile sun-tools-1.8 @ io.fabric8:fabric8-project:3.0.8
[ERROR] Failed to determine Java version for profile doclint-java8-disable @ io.fabric8:fabric8-project:3.0.8
[ERROR] Failed to determine Java version for profile jdk1.8 @ org.apache.camel:camel-parent:[unknown-version]
[ERROR] Failed to determine Java version for profile jdk9-build @ org.apache.camel:camel-parent:[unknown-version]
[ERROR] Failed to determine Java version for profile jdk8-build @ org.apache.camel:camel:2.19.1
[ERROR] Failed to determine Java version for profile doclint-java8-disable @ org.apache.camel:camel:2.19.1
[ERROR] Failed to determine Java version for profile doclint-java8-disable @ org.jboss:jboss-parent:19
[ERROR] 'dependencyManagement.dependencies.dependency.systemPath' for com.sun:tools:jar must specify an absolute path but is ${java.home}/../lib/tools.jar @ io.fabric8:fabric8-project:3.0.8

13:57:49.202 [main] DEBUG f.i.s.r.p.s.paths.ComputeSourceDir - The default source directory (/root/workspace/fabric8io/fabric8-maven-plugin/366002226/it/src/main/java) does not exist. Try to read pom.xml to get information.
13:57:49.209 [main] DEBUG f.i.s.r.p.s.paths.ComputeSourceDir - The source directory given in pom.xml (/root/workspace/fabric8io/fabric8-maven-plugin/366002226/it/src/main/java) does not exist. Continue to try to get source dir from all modules.
13:57:49.210 [main] ERROR f.i.s.r.p.s.paths.ComputeSourceDir - The source directory is not at default location or specified in build section from pom.xml, and no parent can be found.
13:57:49.210 [main] DEBUG f.i.s.r.p.s.paths.ComputeSourceDir - The default source directory (/root/workspace/fabric8io/fabric8-maven-plugin/366002226/rt/src/main/java) does not exist. Try to read pom.xml to get information.
13:57:49.216 [main] DEBUG f.i.s.r.p.s.paths.ComputeSourceDir - The source directory given in pom.xml (/root/workspace/fabric8io/fabric8-maven-plugin/366002226/rt/src/main/java) does not exist. Continue to try to get source dir from all modules.
13:57:49.217 [main] ERROR f.i.s.r.p.s.paths.ComputeSourceDir - The source directory is not at default location or specified in build section from pom.xml, and no parent can be found.
13:57:49.218 [main] DEBUG f.i.s.r.p.s.paths.ComputeSourceDir - The default source directory (/root/workspace/fabric8io/fabric8-maven-plugin/366002226/parent/src/main/java) does not exist. Try to read pom.xml to get information.
13:57:49.218 [main] INFO  f.i.s.r.p.s.paths.ComputeSourceDir - It seems the step is entering in a loop while searching the source dir. The following file has already been visited: /root/workspace/fabric8io/fabric8-maven-plugin/366002226/parent/pom.xml
13:57:49.219 [main] INFO  f.i.s.r.p.s.paths.ComputeSourceDir - 14 source dirs were found:
13:57:49.220 [main] INFO  f.i.s.r.p.s.paths.ComputeSourceDir - /root/workspace/fabric8io/fabric8-maven-plugin/366002226/core/src/main/java
13:57:49.220 [main] INFO  f.i.s.r.p.s.paths.ComputeSourceDir - /root/workspace/fabric8io/fabric8-maven-plugin/366002226/enricher/api/src/main/java
13:57:49.220 [main] INFO  f.i.s.r.p.s.paths.ComputeSourceDir - /root/workspace/fabric8io/fabric8-maven-plugin/366002226/enricher/fabric8/src/main/java
13:57:49.221 [main] INFO  f.i.s.r.p.s.paths.ComputeSourceDir - /root/workspace/fabric8io/fabric8-maven-plugin/366002226/enricher/standard/src/main/java
13:57:49.221 [main] INFO  f.i.s.r.p.s.paths.ComputeSourceDir - /root/workspace/fabric8io/fabric8-maven-plugin/366002226/generator/api/src/main/java
13:57:49.221 [main] INFO  f.i.s.r.p.s.paths.ComputeSourceDir - /root/workspace/fabric8io/fabric8-maven-plugin/366002226/generator/java-exec/src/main/java
13:57:49.222 [main] INFO  f.i.s.r.p.s.paths.ComputeSourceDir - /root/workspace/fabric8io/fabric8-maven-plugin/366002226/generator/karaf/src/main/java
13:57:49.223 [main] INFO  f.i.s.r.p.s.paths.ComputeSourceDir - /root/workspace/fabric8io/fabric8-maven-plugin/366002226/generator/spring-boot/src/main/java
13:57:49.223 [main] INFO  f.i.s.r.p.s.paths.ComputeSourceDir - /root/workspace/fabric8io/fabric8-maven-plugin/366002226/generator/vertx/src/main/java
13:57:49.224 [main] INFO  f.i.s.r.p.s.paths.ComputeSourceDir - /root/workspace/fabric8io/fabric8-maven-plugin/366002226/generator/webapp/src/main/java
13:57:49.224 [main] INFO  f.i.s.r.p.s.paths.ComputeSourceDir - /root/workspace/fabric8io/fabric8-maven-plugin/366002226/generator/wildfly-swarm/src/main/java
13:57:49.224 [main] INFO  f.i.s.r.p.s.paths.ComputeSourceDir - /root/workspace/fabric8io/fabric8-maven-plugin/366002226/plugin/src/main/java
13:57:49.225 [main] INFO  f.i.s.r.p.s.paths.ComputeSourceDir - /root/workspace/fabric8io/fabric8-maven-plugin/366002226/watcher/api/src/main/java
13:57:49.225 [main] INFO  f.i.s.r.p.s.paths.ComputeSourceDir - /root/workspace/fabric8io/fabric8-maven-plugin/366002226/watcher/standard/src/main/java
13:57:49.258 [main] DEBUG f.i.s.r.p.s.paths.ComputeSourceDir - Compute the line of code of the project
13:57:49.486 [main] DEBUG f.i.s.r.p.s.paths.ComputeSourceDir - Get result from cloc process...
13:57:49.488 [main] DEBUG f.i.s.r.p.s.paths.ComputeSourceDir - STEP STATUS: [ ComputeSourceDir : SUCCESS ]
13:57:49.488 [main] DEBUG f.i.s.r.p.s.paths.ComputeSourceDir - STEP DURATION: 2s
13:57:49.489 [main] DEBUG f.i.s.r.p.s.paths.ComputeSourceDir - EXECUTE NEXT STEP
13:57:49.493 [main] DEBUG f.i.s.r.p.step.paths.ComputeTestDir - ----------------------------------------------------------------------
13:57:49.494 [main] DEBUG f.i.s.r.p.step.paths.ComputeTestDir - STEP 4/22: ComputeTestDir
13:57:49.494 [main] DEBUG f.i.s.r.p.step.paths.ComputeTestDir - ----------------------------------------------------------------------
13:57:49.495 [main] DEBUG f.i.s.r.p.step.paths.ComputeTestDir - Computing the test directory ...
13:57:49.496 [main] DEBUG f.i.s.r.p.step.paths.ComputeTestDir - The default test directory (/root/workspace/fabric8io/fabric8-maven-plugin/366002226/src/test/java) does not exist. Try to read pom.xml to get information.
13:57:49.505 [main] DEBUG f.i.s.r.p.step.paths.ComputeTestDir - The test directory given in pom.xml (/root/workspace/fabric8io/fabric8-maven-plugin/366002226/src/test/java) does not exist. Continue to try to get test dir from all modules.
13:57:49.506 [main] DEBUG f.i.s.r.p.step.paths.ComputeTestDir - The default test directory (/root/workspace/fabric8io/fabric8-maven-plugin/366002226/parent/src/test/java) does not exist. Try to read pom.xml to get information.
13:57:49.511 [main] DEBUG f.i.s.r.p.step.paths.ComputeTestDir - The test directory given in pom.xml (/root/workspace/fabric8io/fabric8-maven-plugin/366002226/parent/src/test/java) does not exist. Continue to try to get test dir from all modules.
13:57:49.511 [main] ERROR f.i.s.r.p.step.paths.ComputeTestDir - The test directory is not at default location or specified in build section from pom.xml, and no parent can be found.
13:57:49.616 [main] ERROR f.i.s.r.process.maven.MavenHelper - Error while building complete model. The raw model will be used. Error message: 9 problems were encountered while building the effective model for io.fabric8:fabric8-maven-enricher-fabric8:3.5-SNAPSHOT
[ERROR] Failed to determine Java version for profile sun-tools-1.7 @ io.fabric8:fabric8-project:3.0.8
[ERROR] Failed to determine Java version for profile sun-tools-1.8 @ io.fabric8:fabric8-project:3.0.8
[ERROR] Failed to determine Java version for profile doclint-java8-disable @ io.fabric8:fabric8-project:3.0.8
[ERROR] Failed to determine Java version for profile jdk1.8 @ org.apache.camel:camel-parent:[unknown-version]
[ERROR] Failed to determine Java version for profile jdk9-build @ org.apache.camel:camel-parent:[unknown-version]
[ERROR] Failed to determine Java version for profile jdk8-build @ org.apache.camel:camel:2.19.1
[ERROR] Failed to determine Java version for profile doclint-java8-disable @ org.apache.camel:camel:2.19.1
[ERROR] Failed to determine Java version for profile doclint-java8-disable @ org.jboss:jboss-parent:19
[ERROR] 'dependencyManagement.dependencies.dependency.systemPath' for com.sun:tools:jar must specify an absolute path but is ${java.home}/../lib/tools.jar @ io.fabric8:fabric8-project:3.0.8

13:57:49.652 [main] DEBUG f.i.s.r.p.step.paths.ComputeTestDir - The default test directory (/root/workspace/fabric8io/fabric8-maven-plugin/366002226/generator/wildfly-swarm/src/test/java) does not exist. Try to read pom.xml to get information.
13:57:49.659 [main] DEBUG f.i.s.r.p.step.paths.ComputeTestDir - The test directory given in pom.xml (/root/workspace/fabric8io/fabric8-maven-plugin/366002226/generator/wildfly-swarm/src/test/java) does not exist. Continue to try to get test dir from all modules.
13:57:49.659 [main] ERROR f.i.s.r.p.step.paths.ComputeTestDir - The test directory is not at default location or specified in build section from pom.xml, and no parent can be found.
13:57:49.660 [main] DEBUG f.i.s.r.p.step.paths.ComputeTestDir - The default test directory (/root/workspace/fabric8io/fabric8-maven-plugin/366002226/generator/karaf/src/test/java) does not exist. Try to read pom.xml to get information.
13:57:49.666 [main] DEBUG f.i.s.r.p.step.paths.ComputeTestDir - The test directory given in pom.xml (/root/workspace/fabric8io/fabric8-maven-plugin/366002226/generator/karaf/src/test/java) does not exist. Continue to try to get test dir from all modules.
13:57:49.669 [main] ERROR f.i.s.r.p.step.paths.ComputeTestDir - The test directory is not at default location or specified in build section from pom.xml, and no parent can be found.
13:57:49.687 [main] DEBUG f.i.s.r.p.step.paths.ComputeTestDir - The default test directory (/root/workspace/fabric8io/fabric8-maven-plugin/366002226/watcher/api/src/test/java) does not exist. Try to read pom.xml to get information.
13:57:49.701 [main] DEBUG f.i.s.r.p.step.paths.ComputeTestDir - The test directory given in pom.xml (/root/workspace/fabric8io/fabric8-maven-plugin/366002226/watcher/api/src/test/java) does not exist. Continue to try to get test dir from all modules.
13:57:49.701 [main] ERROR f.i.s.r.p.step.paths.ComputeTestDir - The test directory is not at default location or specified in build section from pom.xml, and no parent can be found.
13:57:49.702 [main] DEBUG f.i.s.r.p.step.paths.ComputeTestDir - The default test directory (/root/workspace/fabric8io/fabric8-maven-plugin/366002226/watcher/standard/src/test/java) does not exist. Try to read pom.xml to get information.
13:57:49.707 [main] DEBUG f.i.s.r.p.step.paths.ComputeTestDir - The test directory given in pom.xml (/root/workspace/fabric8io/fabric8-maven-plugin/366002226/watcher/standard/src/test/java) does not exist. Continue to try to get test dir from all modules.
13:57:49.708 [main] ERROR f.i.s.r.p.step.paths.ComputeTestDir - The test directory is not at default location or specified in build section from pom.xml, and no parent can be found.
13:57:49.721 [main] DEBUG f.i.s.r.p.step.paths.ComputeTestDir - The default test directory (/root/workspace/fabric8io/fabric8-maven-plugin/366002226/parent/src/test/java) does not exist. Try to read pom.xml to get information.
13:57:49.726 [main] INFO  f.i.s.r.p.step.paths.ComputeTestDir - It seems the step is entering in a loop while searching the test dir. The following file has already been visited: /root/workspace/fabric8io/fabric8-maven-plugin/366002226/parent/pom.xml
13:57:49.726 [main] INFO  f.i.s.r.p.step.paths.ComputeTestDir - 12 test dirs were found:
13:57:49.726 [main] INFO  f.i.s.r.p.step.paths.ComputeTestDir - /root/workspace/fabric8io/fabric8-maven-plugin/366002226/core/src/test/java
13:57:49.727 [main] INFO  f.i.s.r.p.step.paths.ComputeTestDir - /root/workspace/fabric8io/fabric8-maven-plugin/366002226/enricher/api/src/test/java
13:57:49.727 [main] INFO  f.i.s.r.p.step.paths.ComputeTestDir - /root/workspace/fabric8io/fabric8-maven-plugin/366002226/enricher/fabric8/src/test/java
13:57:49.727 [main] INFO  f.i.s.r.p.step.paths.ComputeTestDir - /root/workspace/fabric8io/fabric8-maven-plugin/366002226/enricher/standard/src/test/java
13:57:49.727 [main] INFO  f.i.s.r.p.step.paths.ComputeTestDir - /root/workspace/fabric8io/fabric8-maven-plugin/366002226/generator/api/src/test/java
13:57:49.727 [main] INFO  f.i.s.r.p.step.paths.ComputeTestDir - /root/workspace/fabric8io/fabric8-maven-plugin/366002226/generator/java-exec/src/test/java
13:57:49.727 [main] INFO  f.i.s.r.p.step.paths.ComputeTestDir - /root/workspace/fabric8io/fabric8-maven-plugin/366002226/generator/spring-boot/src/test/java
13:57:49.727 [main] INFO  f.i.s.r.p.step.paths.ComputeTestDir - /root/workspace/fabric8io/fabric8-maven-plugin/366002226/generator/vertx/src/test/java
13:57:49.728 [main] INFO  f.i.s.r.p.step.paths.ComputeTestDir - /root/workspace/fabric8io/fabric8-maven-plugin/366002226/generator/webapp/src/test/java
13:57:49.728 [main] INFO  f.i.s.r.p.step.paths.ComputeTestDir - /root/workspace/fabric8io/fabric8-maven-plugin/366002226/it/src/test/java
13:57:49.728 [main] INFO  f.i.s.r.p.step.paths.ComputeTestDir - /root/workspace/fabric8io/fabric8-maven-plugin/366002226/plugin/src/test/java
13:57:49.728 [main] INFO  f.i.s.r.p.step.paths.ComputeTestDir - /root/workspace/fabric8io/fabric8-maven-plugin/366002226/rt/src/test/java
13:57:49.736 [main] DEBUG f.i.s.r.p.step.paths.ComputeTestDir - STEP STATUS: [ ComputeTestDir : SUCCESS ]
13:57:49.736 [main] DEBUG f.i.s.r.p.step.paths.ComputeTestDir - STEP DURATION: 0s
13:57:49.736 [main] DEBUG f.i.s.r.p.step.paths.ComputeTestDir - EXECUTE NEXT STEP
13:57:49.736 [main] DEBUG f.i.s.r.p.s.c.CheckoutBuggyBuildSourceCode - ----------------------------------------------------------------------
13:57:49.737 [main] DEBUG f.i.s.r.p.s.c.CheckoutBuggyBuildSourceCode - STEP 5/22: CheckoutBuggyBuildCandidateSourceCode
13:57:49.737 [main] DEBUG f.i.s.r.p.s.c.CheckoutBuggyBuildSourceCode - ----------------------------------------------------------------------
13:57:49.737 [main] DEBUG f.i.s.r.p.s.c.CheckoutBuggyBuildSourceCode - Checking out the source code of the buggy build candidate...
13:57:50.081 [main] INFO  fr.inria.jtravis.JTravis - GitHub ratelimit: Limit: 5000 Remaining: 3524 Reset hour: 19:39:35
13:57:51.632 [main] DEBUG f.i.s.r.process.git.GitHelper - Commit repairnator files...
13:57:51.633 [main] INFO  f.i.s.r.process.git.GitHelper - There is no repairnator file to commit.
13:57:51.633 [main] DEBUG f.i.s.r.p.s.c.CheckoutBuggyBuildSourceCode - Reproduce the PR for fabric8io/fabric8-maven-plugin by fetching remote branch and merging.
13:57:52.211 [main] DEBUG f.i.s.r.process.git.GitHelper - Step CheckoutBuggyBuildCandidateSourceCode - Get the commit a1fa8414823489a58a3da936dbdfb98e5d5d3b67 for repo fabric8io/fabric8-maven-plugin
13:57:52.272 [main] DEBUG f.i.s.r.process.git.GitHelper - Step CheckoutBuggyBuildCandidateSourceCode - Do the merge with the PR commit for repo fabric8io/fabric8-maven-plugin
13:57:52.425 [main] INFO  f.i.s.r.process.git.GitHelper - Init git submodules.
13:57:52.612 [main] INFO  fr.inria.jtravis.JTravis - GitHub ratelimit: Limit: 5000 Remaining: 3517 Reset hour: 19:39:35
13:57:53.890 [main] DEBUG f.i.s.r.process.git.GitHelper - Commit repairnator files...
13:57:53.890 [main] INFO  f.i.s.r.process.git.GitHelper - There is no repairnator file to commit.
13:57:53.890 [main] DEBUG f.i.s.r.p.s.c.CheckoutBuggyBuildSourceCode - Reproduce the PR for fabric8io/fabric8-maven-plugin by fetching remote branch and merging.
13:57:54.441 [main] ERROR f.i.s.r.p.s.c.CheckoutBuggyBuildSourceCode - Error while testing commit: org.eclipse.jgit.errors.MissingObjectException: Missing unknown 7bd43a151c2247f5bc12fb16efa660e6eb16992c
13:57:54.442 [main] ERROR f.i.s.r.p.s.c.CheckoutBuggyBuildSourceCode - Commit head ref cannot be retrieved from the repository: 7bd43a151c2247f5bc12fb16efa660e6eb16992c. Operation aborted.
13:57:54.442 [main] ERROR f.i.s.r.p.s.c.CheckoutBuggyBuildSourceCode - Error while merging two commits to reproduce the PR.
13:57:54.443 [main] DEBUG f.i.s.r.p.s.c.CheckoutBuggyBuildSourceCode - STEP STATUS: [ CheckoutBuggyBuildCandidateSourceCode : FAILURE ( BUILDNOTCHECKEDOUT ) ]
13:57:54.443 [main] DEBUG f.i.s.r.p.s.c.CheckoutBuggyBuildSourceCode - STEP DURATION: 4s
13:57:54.444 [main] DEBUG f.i.s.r.p.s.c.CheckoutBuggyBuildSourceCode - TERMINATE PIPELINE
13:57:54.444 [main] DEBUG f.i.s.r.p.s.c.CheckoutBuggyBuildSourceCode - FINAL STEPS SKIPPED: The reproduction of the bug and/or the patch failed.
13:57:54.444 [main] INFO  f.i.s.r.p.s.c.CheckoutBuggyBuildSourceCode - Serialize all data for the pair of builds 366002226, 366113309
13:57:54.571 [main] INFO  fr.inria.jtravis.JTravis - GitHub ratelimit: Limit: 5000 Remaining: 3510 Reset hour: 19:39:35
13:57:55.178 [main] INFO  f.i.s.r.p.i.ProjectInspector - ----------------------------------------------------------------------
13:57:55.178 [main] INFO  f.i.s.r.p.i.ProjectInspector - PIPELINE EXECUTION SUMMARY
13:57:55.178 [main] INFO  f.i.s.r.p.i.ProjectInspector - ----------------------------------------------------------------------
13:57:55.178 [main] INFO  f.i.s.r.p.i.ProjectInspector - CloneRepository.......................................SUCCESS [ 31 s ]
13:57:55.179 [main] INFO  f.i.s.r.p.i.ProjectInspector - CheckoutPatchedBuildCandidate.........................SUCCESS [  7 s ]
13:57:55.179 [main] INFO  f.i.s.r.p.i.ProjectInspector - ComputeSourceDir......................................SUCCESS [  2 s ]
13:57:55.179 [main] INFO  f.i.s.r.p.i.ProjectInspector - ComputeTestDir........................................SUCCESS [  0 s ]
13:57:55.179 [main] INFO  f.i.s.r.p.i.ProjectInspector - CheckoutBuggyBuildCandidateSourceCode.................FAILURE [  4 s ]
13:57:55.179 [main] INFO  f.i.s.r.p.i.ProjectInspector - BuildProjectBuggyBuildCandidateSourceCode.............NOT RUN         
13:57:55.179 [main] INFO  f.i.s.r.p.i.ProjectInspector - TestProjectBuggyBuildCandidateSourceCode..............NOT RUN         
13:57:55.179 [main] INFO  f.i.s.r.p.i.ProjectInspector - GatherTestInformationBuggyBuildCandidateSourceCode....NOT RUN         
13:57:55.179 [main] INFO  f.i.s.r.p.i.ProjectInspector - CheckoutBuggyBuildTestCode............................NOT RUN         
13:57:55.179 [main] INFO  f.i.s.r.p.i.ProjectInspector - InitRepoToPush........................................NOT RUN         
13:57:55.179 [main] INFO  f.i.s.r.p.i.ProjectInspector - ComputeClasspath......................................NOT RUN         
13:57:55.179 [main] INFO  f.i.s.r.p.i.ProjectInspector - ComputeModules........................................NOT RUN         
13:57:55.179 [main] INFO  f.i.s.r.p.i.ProjectInspector - CheckoutBuggyBuildCandidateSourceCode.................NOT RUN         
13:57:55.179 [main] INFO  f.i.s.r.p.i.ProjectInspector - CommitChangedTests....................................NOT RUN         
13:57:55.180 [main] INFO  f.i.s.r.p.i.ProjectInspector - CheckoutPatchedBuildCandidate.........................NOT RUN         
13:57:55.180 [main] INFO  f.i.s.r.p.i.ProjectInspector - BuildProjectPatchedBuildCandidate.....................NOT RUN         
13:57:55.180 [main] INFO  f.i.s.r.p.i.ProjectInspector - TestProjectPatchedBuildCandidate......................NOT RUN         
13:57:55.180 [main] INFO  f.i.s.r.p.i.ProjectInspector - GatherTestInformationPatchedBuildCandidate............NOT RUN         
13:57:55.180 [main] INFO  f.i.s.r.p.i.ProjectInspector - CommitPatch...........................................NOT RUN         
13:57:55.180 [main] INFO  f.i.s.r.p.i.ProjectInspector - WritePropertyFile.....................................NOT RUN         
13:57:55.180 [main] INFO  f.i.s.r.p.i.ProjectInspector - CommitProcessEnd......................................NOT RUN         
13:57:55.180 [main] INFO  f.i.s.r.p.i.ProjectInspector - PushProcessEnd........................................NOT RUN         
13:57:55.180 [main] INFO  f.i.s.r.p.i.ProjectInspector - ----------------------------------------------------------------------
13:57:55.180 [main] INFO  f.i.s.r.p.i.ProjectInspector - PIPELINE FINDING: BUILDNOTCHECKEDOUT
13:57:55.180 [main] INFO  f.i.s.r.p.i.ProjectInspector - ----------------------------------------------------------------------
13:57:55.180 [main] INFO  f.i.s.repairnator.pipeline.Launcher - Inspector is finished. The process will exit now.
