18:11:48.933 [main] INFO  f.i.s.repairnator.pipeline.Launcher - PIPELINE VERSION: 3.0-2018-08-09 19:04
18:11:49.053 [main] INFO  f.i.s.repairnator.pipeline.Launcher - The pipeline will try to reproduce a bug from build 367943820 and its corresponding patch from build 367955363
18:11:49.054 [main] INFO  f.i.s.repairnator.pipeline.Launcher - Initialize file serializer engines.
18:11:49.055 [main] INFO  f.i.s.repairnator.pipeline.Launcher - MongoDB won't be used for serialization.
18:11:49.055 [main] INFO  f.i.s.repairnator.pipeline.Launcher - The email notifier engine won't be used.
18:11:49.058 [main] INFO  f.i.s.repairnator.pipeline.Launcher - Start by getting the build (buildId: 367943820) with the following config: RepairnatorConfig{runId='5ea16782-d44d-4134-9946-fad8a6d96571_04-18-week3-FAILING_AND_PASSING', launcherMode=BEARS, serializeJson=true, inputPath='null', outputPath='/var/log', mongodbHost='null', mongodbName='repairnator', smtpServer='null', notifyTo=[], notifyEndProcess=false, push=true, pushRemoteRepo='https://github.com/fermadeiral/bears-collection-fp', fork=false, lookFromDate=null, lookToDate=null, buildId=367943820, z3solverPath='./z3_for_linux', workspacePath='./workspace', githubToken='c8a341a903[...]', dockerImageName='null', skipDelete=false, createOutputDir=false, logDirectory='null', nbThreads=0, globalTimeout=0, whiteList=null, blackList=null, jobSleepTime=0, buildSleepTime=0, maxInspectedBuilds=0, duration=null, humanPatch=false, repository='null', clean=true, bearsMode=BOTH, bearsDelimiter = false, repairTools=NopolAllTests,NPEFix,AssertFixer,AstorJGenProg,AstorJKali,NopolSingleTest,AstorJMut,NopolTestExclusionStrategy, githubUserName= fermadeiral, githubUserEmail=fer.madeiral@gmail.com}
18:11:50.201 [main] DEBUG fr.inria.jtravis.helpers.BuildHelper - Get request to :https://api.travis-ci.org/build/367943820 done after 728 ms
18:11:50.465 [main] DEBUG fr.inria.jtravis.helpers.BuildHelper - Get request to :https://api.travis-ci.org/build/367955363 done after 143 ms
18:11:50.483 [main] INFO  f.i.s.repairnator.pipeline.Launcher - The patched build (367955363) was successfully retrieved from Travis.
18:11:51.822 [main] INFO  fr.inria.jtravis.JTravis - GitHub ratelimit: Limit: 5000 Remaining: 4812 Reset hour: 19:39:52
18:11:52.079 [main] INFO  f.i.s.r.p.i.ProjectInspector - ----------------------------------------------------------------------
18:11:52.079 [main] INFO  f.i.s.r.p.i.ProjectInspector - PIPELINE STEPS
18:11:52.080 [main] INFO  f.i.s.r.p.i.ProjectInspector - ----------------------------------------------------------------------
18:11:52.080 [main] INFO  f.i.s.r.p.i.ProjectInspector - CloneRepository
18:11:52.080 [main] INFO  f.i.s.r.p.i.ProjectInspector - CheckoutBuggyBuildCandidate
18:11:52.080 [main] INFO  f.i.s.r.p.i.ProjectInspector - ComputeSourceDir
18:11:52.081 [main] INFO  f.i.s.r.p.i.ProjectInspector - ComputeTestDir
18:11:52.081 [main] INFO  f.i.s.r.p.i.ProjectInspector - BuildProjectBuggyBuildCandidate
18:11:52.081 [main] INFO  f.i.s.r.p.i.ProjectInspector - TestProjectBuggyBuildCandidate
18:11:52.081 [main] INFO  f.i.s.r.p.i.ProjectInspector - GatherTestInformationBuggyBuildCandidate
18:11:52.082 [main] INFO  f.i.s.r.p.i.ProjectInspector - InitRepoToPush
18:11:52.082 [main] INFO  f.i.s.r.p.i.ProjectInspector - ComputeClasspath
18:11:52.082 [main] INFO  f.i.s.r.p.i.ProjectInspector - ComputeModules
18:11:52.082 [main] INFO  f.i.s.r.p.i.ProjectInspector - CheckoutPatchedBuildCandidate
18:11:52.083 [main] INFO  f.i.s.r.p.i.ProjectInspector - BuildProjectPatchedBuildCandidate
18:11:52.083 [main] INFO  f.i.s.r.p.i.ProjectInspector - TestProjectPatchedBuildCandidate
18:11:52.083 [main] INFO  f.i.s.r.p.i.ProjectInspector - GatherTestInformationPatchedBuildCandidate
18:11:52.083 [main] INFO  f.i.s.r.p.i.ProjectInspector - CommitPatch
18:11:52.084 [main] INFO  f.i.s.r.p.i.ProjectInspector - WritePropertyFile
18:11:52.084 [main] INFO  f.i.s.r.p.i.ProjectInspector - CommitProcessEnd
18:11:52.084 [main] INFO  f.i.s.r.p.i.ProjectInspector - PushProcessEnd
18:11:52.085 [main] DEBUG f.i.s.r.process.step.CloneRepository - ----------------------------------------------------------------------
18:11:52.085 [main] DEBUG f.i.s.r.process.step.CloneRepository - STEP 1/18: CloneRepository
18:11:52.085 [main] DEBUG f.i.s.r.process.step.CloneRepository - ----------------------------------------------------------------------
18:11:52.086 [main] DEBUG f.i.s.r.process.step.CloneRepository - Cloning repository batfish/batfish in the following directory: ./workspace/batfish/batfish/367943820
18:12:44.102 [main] DEBUG f.i.s.r.process.step.CloneRepository - STEP STATUS: [ CloneRepository : SUCCESS ]
18:12:44.102 [main] DEBUG f.i.s.r.process.step.CloneRepository - STEP DURATION: 52s
18:12:44.102 [main] DEBUG f.i.s.r.process.step.CloneRepository - EXECUTE NEXT STEP
18:12:44.102 [main] DEBUG f.i.s.r.p.s.c.CheckoutBuggyBuild - ----------------------------------------------------------------------
18:12:44.103 [main] DEBUG f.i.s.r.p.s.c.CheckoutBuggyBuild - STEP 2/18: CheckoutBuggyBuildCandidate
18:12:44.103 [main] DEBUG f.i.s.r.p.s.c.CheckoutBuggyBuild - ----------------------------------------------------------------------
18:12:44.103 [main] DEBUG f.i.s.r.p.s.c.CheckoutBuggyBuild - Checking out buggy build candidate...
18:12:44.114 [main] ERROR f.i.s.r.p.s.c.CheckoutBuggyBuild - Error while testing commit: org.eclipse.jgit.errors.MissingObjectException: Missing unknown 50d1fb3730d291530bdeb31c60b9e07bba5b5c3a
18:12:44.114 [main] ERROR f.i.s.r.p.s.c.CheckoutBuggyBuild - Error while getting the commit to checkout from the repo.
18:12:44.115 [main] DEBUG f.i.s.r.p.s.c.CheckoutBuggyBuild - STEP STATUS: [ CheckoutBuggyBuildCandidate : FAILURE ( BUILDNOTCHECKEDOUT ) ]
18:12:44.115 [main] DEBUG f.i.s.r.p.s.c.CheckoutBuggyBuild - STEP DURATION: 0s
18:12:44.115 [main] DEBUG f.i.s.r.p.s.c.CheckoutBuggyBuild - TERMINATE PIPELINE
18:12:44.115 [main] DEBUG f.i.s.r.p.s.c.CheckoutBuggyBuild - FINAL STEPS SKIPPED: The reproduction of the bug and/or the patch failed.
18:12:44.116 [main] INFO  f.i.s.r.p.s.c.CheckoutBuggyBuild - Serialize all data for the pair of builds 367943820, 367955363
18:12:44.456 [main] INFO  fr.inria.jtravis.JTravis - GitHub ratelimit: Limit: 5000 Remaining: 4785 Reset hour: 19:39:52
18:12:45.390 [main] INFO  f.i.s.r.p.i.ProjectInspector - ----------------------------------------------------------------------
18:12:45.390 [main] INFO  f.i.s.r.p.i.ProjectInspector - PIPELINE EXECUTION SUMMARY
18:12:45.390 [main] INFO  f.i.s.r.p.i.ProjectInspector - ----------------------------------------------------------------------
18:12:45.390 [main] INFO  f.i.s.r.p.i.ProjectInspector - CloneRepository.......................................SUCCESS [ 52 s ]
18:12:45.390 [main] INFO  f.i.s.r.p.i.ProjectInspector - CheckoutBuggyBuildCandidate...........................FAILURE [  0 s ]
18:12:45.391 [main] INFO  f.i.s.r.p.i.ProjectInspector - ComputeSourceDir......................................NOT RUN         
18:12:45.391 [main] INFO  f.i.s.r.p.i.ProjectInspector - ComputeTestDir........................................NOT RUN         
18:12:45.391 [main] INFO  f.i.s.r.p.i.ProjectInspector - BuildProjectBuggyBuildCandidate.......................NOT RUN         
18:12:45.391 [main] INFO  f.i.s.r.p.i.ProjectInspector - TestProjectBuggyBuildCandidate........................NOT RUN         
18:12:45.391 [main] INFO  f.i.s.r.p.i.ProjectInspector - GatherTestInformationBuggyBuildCandidate..............NOT RUN         
18:12:45.391 [main] INFO  f.i.s.r.p.i.ProjectInspector - InitRepoToPush........................................NOT RUN         
18:12:45.391 [main] INFO  f.i.s.r.p.i.ProjectInspector - ComputeClasspath......................................NOT RUN         
18:12:45.391 [main] INFO  f.i.s.r.p.i.ProjectInspector - ComputeModules........................................NOT RUN         
18:12:45.392 [main] INFO  f.i.s.r.p.i.ProjectInspector - CheckoutPatchedBuildCandidate.........................NOT RUN         
18:12:45.392 [main] INFO  f.i.s.r.p.i.ProjectInspector - BuildProjectPatchedBuildCandidate.....................NOT RUN         
18:12:45.392 [main] INFO  f.i.s.r.p.i.ProjectInspector - TestProjectPatchedBuildCandidate......................NOT RUN         
18:12:45.392 [main] INFO  f.i.s.r.p.i.ProjectInspector - GatherTestInformationPatchedBuildCandidate............NOT RUN         
18:12:45.392 [main] INFO  f.i.s.r.p.i.ProjectInspector - CommitPatch...........................................NOT RUN         
18:12:45.392 [main] INFO  f.i.s.r.p.i.ProjectInspector - WritePropertyFile.....................................NOT RUN         
18:12:45.392 [main] INFO  f.i.s.r.p.i.ProjectInspector - CommitProcessEnd......................................NOT RUN         
18:12:45.393 [main] INFO  f.i.s.r.p.i.ProjectInspector - PushProcessEnd........................................NOT RUN         
18:12:45.393 [main] INFO  f.i.s.r.p.i.ProjectInspector - ----------------------------------------------------------------------
18:12:45.393 [main] INFO  f.i.s.r.p.i.ProjectInspector - PIPELINE FINDING: BUILDNOTCHECKEDOUT
18:12:45.393 [main] INFO  f.i.s.r.p.i.ProjectInspector - ----------------------------------------------------------------------
18:12:45.393 [main] INFO  f.i.s.repairnator.pipeline.Launcher - Inspector is finished. The process will exit now.
