18:16:55.395 [main] INFO  f.i.s.repairnator.pipeline.Launcher - PIPELINE VERSION: 3.0-2018-08-09 19:04
18:16:55.543 [main] INFO  f.i.s.repairnator.pipeline.Launcher - The pipeline will try to reproduce a bug from build 365950514 and its corresponding patch from build 367096987
18:16:55.543 [main] INFO  f.i.s.repairnator.pipeline.Launcher - Initialize file serializer engines.
18:16:55.545 [main] INFO  f.i.s.repairnator.pipeline.Launcher - MongoDB won't be used for serialization.
18:16:55.545 [main] INFO  f.i.s.repairnator.pipeline.Launcher - The email notifier engine won't be used.
18:16:55.549 [main] INFO  f.i.s.repairnator.pipeline.Launcher - Start by getting the build (buildId: 365950514) with the following config: RepairnatorConfig{runId='5ea16782-d44d-4134-9946-fad8a6d96571_04-18-week3-FAILING_AND_PASSING', launcherMode=BEARS, serializeJson=true, inputPath='null', outputPath='/var/log', mongodbHost='null', mongodbName='repairnator', smtpServer='null', notifyTo=[], notifyEndProcess=false, push=true, pushRemoteRepo='https://github.com/fermadeiral/bears-collection-fp', fork=false, lookFromDate=null, lookToDate=null, buildId=365950514, z3solverPath='./z3_for_linux', workspacePath='./workspace', githubToken='c8a341a903[...]', dockerImageName='null', skipDelete=false, createOutputDir=false, logDirectory='null', nbThreads=0, globalTimeout=0, whiteList=null, blackList=null, jobSleepTime=0, buildSleepTime=0, maxInspectedBuilds=0, duration=null, humanPatch=false, repository='null', clean=true, bearsMode=BOTH, bearsDelimiter = false, repairTools=NopolAllTests,NPEFix,AssertFixer,AstorJGenProg,AstorJKali,NopolSingleTest,AstorJMut,NopolTestExclusionStrategy, githubUserName= fermadeiral, githubUserEmail=fer.madeiral@gmail.com}
18:16:56.998 [main] DEBUG fr.inria.jtravis.helpers.BuildHelper - Get request to :https://api.travis-ci.org/build/365950514 done after 825 ms
18:16:57.254 [main] DEBUG fr.inria.jtravis.helpers.BuildHelper - Get request to :https://api.travis-ci.org/build/367096987 done after 144 ms
18:16:57.267 [main] INFO  f.i.s.repairnator.pipeline.Launcher - The patched build (367096987) was successfully retrieved from Travis.
18:16:58.322 [main] INFO  fr.inria.jtravis.JTravis - GitHub ratelimit: Limit: 5000 Remaining: 4693 Reset hour: 19:39:52
18:16:58.566 [main] INFO  f.i.s.r.p.i.ProjectInspector - ----------------------------------------------------------------------
18:16:58.566 [main] INFO  f.i.s.r.p.i.ProjectInspector - PIPELINE STEPS
18:16:58.567 [main] INFO  f.i.s.r.p.i.ProjectInspector - ----------------------------------------------------------------------
18:16:58.567 [main] INFO  f.i.s.r.p.i.ProjectInspector - CloneRepository
18:16:58.567 [main] INFO  f.i.s.r.p.i.ProjectInspector - CheckoutBuggyBuildCandidate
18:16:58.567 [main] INFO  f.i.s.r.p.i.ProjectInspector - ComputeSourceDir
18:16:58.567 [main] INFO  f.i.s.r.p.i.ProjectInspector - ComputeTestDir
18:16:58.567 [main] INFO  f.i.s.r.p.i.ProjectInspector - BuildProjectBuggyBuildCandidate
18:16:58.567 [main] INFO  f.i.s.r.p.i.ProjectInspector - TestProjectBuggyBuildCandidate
18:16:58.568 [main] INFO  f.i.s.r.p.i.ProjectInspector - GatherTestInformationBuggyBuildCandidate
18:16:58.568 [main] INFO  f.i.s.r.p.i.ProjectInspector - InitRepoToPush
18:16:58.568 [main] INFO  f.i.s.r.p.i.ProjectInspector - ComputeClasspath
18:16:58.568 [main] INFO  f.i.s.r.p.i.ProjectInspector - ComputeModules
18:16:58.568 [main] INFO  f.i.s.r.p.i.ProjectInspector - CheckoutPatchedBuildCandidate
18:16:58.568 [main] INFO  f.i.s.r.p.i.ProjectInspector - BuildProjectPatchedBuildCandidate
18:16:58.568 [main] INFO  f.i.s.r.p.i.ProjectInspector - TestProjectPatchedBuildCandidate
18:16:58.568 [main] INFO  f.i.s.r.p.i.ProjectInspector - GatherTestInformationPatchedBuildCandidate
18:16:58.568 [main] INFO  f.i.s.r.p.i.ProjectInspector - CommitPatch
18:16:58.569 [main] INFO  f.i.s.r.p.i.ProjectInspector - WritePropertyFile
18:16:58.569 [main] INFO  f.i.s.r.p.i.ProjectInspector - CommitProcessEnd
18:16:58.569 [main] INFO  f.i.s.r.p.i.ProjectInspector - PushProcessEnd
18:16:58.570 [main] DEBUG f.i.s.r.process.step.CloneRepository - ----------------------------------------------------------------------
18:16:58.570 [main] DEBUG f.i.s.r.process.step.CloneRepository - STEP 1/18: CloneRepository
18:16:58.570 [main] DEBUG f.i.s.r.process.step.CloneRepository - ----------------------------------------------------------------------
18:16:58.570 [main] DEBUG f.i.s.r.process.step.CloneRepository - Cloning repository apache/incubator-servicecomb-java-chassis in the following directory: ./workspace/apache/incubator-servicecomb-java-chassis/365950514
18:17:09.904 [main] DEBUG f.i.s.r.process.step.CloneRepository - STEP STATUS: [ CloneRepository : SUCCESS ]
18:17:09.904 [main] DEBUG f.i.s.r.process.step.CloneRepository - STEP DURATION: 11s
18:17:09.904 [main] DEBUG f.i.s.r.process.step.CloneRepository - EXECUTE NEXT STEP
18:17:09.905 [main] DEBUG f.i.s.r.p.s.c.CheckoutBuggyBuild - ----------------------------------------------------------------------
18:17:09.905 [main] DEBUG f.i.s.r.p.s.c.CheckoutBuggyBuild - STEP 2/18: CheckoutBuggyBuildCandidate
18:17:09.905 [main] DEBUG f.i.s.r.p.s.c.CheckoutBuggyBuild - ----------------------------------------------------------------------
18:17:09.905 [main] DEBUG f.i.s.r.p.s.c.CheckoutBuggyBuild - Checking out buggy build candidate...
18:17:10.259 [main] INFO  fr.inria.jtravis.JTravis - GitHub ratelimit: Limit: 5000 Remaining: 4690 Reset hour: 19:39:52
18:17:12.491 [main] DEBUG f.i.s.r.p.s.c.CheckoutBuggyBuild - Reproduce the PR for apache/incubator-servicecomb-java-chassis by fetching remote branch and merging.
18:17:13.770 [main] ERROR f.i.s.r.p.s.c.CheckoutBuggyBuild - Error while testing commit: org.eclipse.jgit.errors.MissingObjectException: Missing unknown ccb8202baa75bb065cb369f9505be4406af7974d
18:17:13.772 [main] ERROR f.i.s.r.p.s.c.CheckoutBuggyBuild - Commit head ref cannot be retrieved from the repository: ccb8202baa75bb065cb369f9505be4406af7974d. Operation aborted.
18:17:13.773 [main] ERROR f.i.s.r.p.s.c.CheckoutBuggyBuild - Error while merging two commits to reproduce the PR.
18:17:13.774 [main] DEBUG f.i.s.r.p.s.c.CheckoutBuggyBuild - STEP STATUS: [ CheckoutBuggyBuildCandidate : FAILURE ( BUILDNOTCHECKEDOUT ) ]
18:17:13.775 [main] DEBUG f.i.s.r.p.s.c.CheckoutBuggyBuild - STEP DURATION: 3s
18:17:13.775 [main] DEBUG f.i.s.r.p.s.c.CheckoutBuggyBuild - TERMINATE PIPELINE
18:17:13.776 [main] DEBUG f.i.s.r.p.s.c.CheckoutBuggyBuild - FINAL STEPS SKIPPED: The reproduction of the bug and/or the patch failed.
18:17:13.776 [main] INFO  f.i.s.r.p.s.c.CheckoutBuggyBuild - Serialize all data for the pair of builds 365950514, 367096987
18:17:13.907 [main] INFO  fr.inria.jtravis.JTravis - GitHub ratelimit: Limit: 5000 Remaining: 4683 Reset hour: 19:39:52
18:17:14.823 [main] INFO  f.i.s.r.p.i.ProjectInspector - ----------------------------------------------------------------------
18:17:14.823 [main] INFO  f.i.s.r.p.i.ProjectInspector - PIPELINE EXECUTION SUMMARY
18:17:14.823 [main] INFO  f.i.s.r.p.i.ProjectInspector - ----------------------------------------------------------------------
18:17:14.824 [main] INFO  f.i.s.r.p.i.ProjectInspector - CloneRepository.......................................SUCCESS [ 11 s ]
18:17:14.824 [main] INFO  f.i.s.r.p.i.ProjectInspector - CheckoutBuggyBuildCandidate...........................FAILURE [  3 s ]
18:17:14.824 [main] INFO  f.i.s.r.p.i.ProjectInspector - ComputeSourceDir......................................NOT RUN         
18:17:14.824 [main] INFO  f.i.s.r.p.i.ProjectInspector - ComputeTestDir........................................NOT RUN         
18:17:14.824 [main] INFO  f.i.s.r.p.i.ProjectInspector - BuildProjectBuggyBuildCandidate.......................NOT RUN         
18:17:14.824 [main] INFO  f.i.s.r.p.i.ProjectInspector - TestProjectBuggyBuildCandidate........................NOT RUN         
18:17:14.824 [main] INFO  f.i.s.r.p.i.ProjectInspector - GatherTestInformationBuggyBuildCandidate..............NOT RUN         
18:17:14.824 [main] INFO  f.i.s.r.p.i.ProjectInspector - InitRepoToPush........................................NOT RUN         
18:17:14.825 [main] INFO  f.i.s.r.p.i.ProjectInspector - ComputeClasspath......................................NOT RUN         
18:17:14.825 [main] INFO  f.i.s.r.p.i.ProjectInspector - ComputeModules........................................NOT RUN         
18:17:14.825 [main] INFO  f.i.s.r.p.i.ProjectInspector - CheckoutPatchedBuildCandidate.........................NOT RUN         
18:17:14.825 [main] INFO  f.i.s.r.p.i.ProjectInspector - BuildProjectPatchedBuildCandidate.....................NOT RUN         
18:17:14.825 [main] INFO  f.i.s.r.p.i.ProjectInspector - TestProjectPatchedBuildCandidate......................NOT RUN         
18:17:14.825 [main] INFO  f.i.s.r.p.i.ProjectInspector - GatherTestInformationPatchedBuildCandidate............NOT RUN         
18:17:14.825 [main] INFO  f.i.s.r.p.i.ProjectInspector - CommitPatch...........................................NOT RUN         
18:17:14.825 [main] INFO  f.i.s.r.p.i.ProjectInspector - WritePropertyFile.....................................NOT RUN         
18:17:14.826 [main] INFO  f.i.s.r.p.i.ProjectInspector - CommitProcessEnd......................................NOT RUN         
18:17:14.826 [main] INFO  f.i.s.r.p.i.ProjectInspector - PushProcessEnd........................................NOT RUN         
18:17:14.826 [main] INFO  f.i.s.r.p.i.ProjectInspector - ----------------------------------------------------------------------
18:17:14.826 [main] INFO  f.i.s.r.p.i.ProjectInspector - PIPELINE FINDING: BUILDNOTCHECKEDOUT
18:17:14.826 [main] INFO  f.i.s.r.p.i.ProjectInspector - ----------------------------------------------------------------------
18:17:14.826 [main] INFO  f.i.s.repairnator.pipeline.Launcher - Inspector is finished. The process will exit now.
