18:06:19.145 [main] INFO  f.i.s.repairnator.pipeline.Launcher - PIPELINE VERSION: 3.0-2018-08-09 19:04
18:06:19.274 [main] INFO  f.i.s.repairnator.pipeline.Launcher - The pipeline will try to reproduce a bug from build 368995020 and its corresponding patch from build 369019324
18:06:19.275 [main] INFO  f.i.s.repairnator.pipeline.Launcher - Initialize file serializer engines.
18:06:19.276 [main] INFO  f.i.s.repairnator.pipeline.Launcher - MongoDB won't be used for serialization.
18:06:19.276 [main] INFO  f.i.s.repairnator.pipeline.Launcher - The email notifier engine won't be used.
18:06:19.279 [main] INFO  f.i.s.repairnator.pipeline.Launcher - Start by getting the build (buildId: 368995020) with the following config: RepairnatorConfig{runId='5ea16782-d44d-4134-9946-fad8a6d96571_04-18-week3-FAILING_AND_PASSING', launcherMode=BEARS, serializeJson=true, inputPath='null', outputPath='/var/log', mongodbHost='null', mongodbName='repairnator', smtpServer='null', notifyTo=[], notifyEndProcess=false, push=true, pushRemoteRepo='https://github.com/fermadeiral/bears-collection-fp', fork=false, lookFromDate=null, lookToDate=null, buildId=368995020, z3solverPath='./z3_for_linux', workspacePath='./workspace', githubToken='c8a341a903[...]', dockerImageName='null', skipDelete=false, createOutputDir=false, logDirectory='null', nbThreads=0, globalTimeout=0, whiteList=null, blackList=null, jobSleepTime=0, buildSleepTime=0, maxInspectedBuilds=0, duration=null, humanPatch=false, repository='null', clean=true, bearsMode=BOTH, bearsDelimiter = false, repairTools=NopolAllTests,NPEFix,AssertFixer,AstorJGenProg,AstorJKali,NopolSingleTest,AstorJMut,NopolTestExclusionStrategy, githubUserName= fermadeiral, githubUserEmail=fer.madeiral@gmail.com}
18:06:20.395 [main] DEBUG fr.inria.jtravis.helpers.BuildHelper - Get request to :https://api.travis-ci.org/build/368995020 done after 731 ms
18:06:20.610 [main] DEBUG fr.inria.jtravis.helpers.BuildHelper - Get request to :https://api.travis-ci.org/build/369019324 done after 139 ms
18:06:20.624 [main] INFO  f.i.s.repairnator.pipeline.Launcher - The patched build (369019324) was successfully retrieved from Travis.
18:06:21.810 [main] INFO  fr.inria.jtravis.JTravis - GitHub ratelimit: Limit: 5000 Remaining: 4906 Reset hour: 19:39:52
18:06:22.040 [main] INFO  f.i.s.r.p.i.ProjectInspector - ----------------------------------------------------------------------
18:06:22.040 [main] INFO  f.i.s.r.p.i.ProjectInspector - PIPELINE STEPS
18:06:22.040 [main] INFO  f.i.s.r.p.i.ProjectInspector - ----------------------------------------------------------------------
18:06:22.040 [main] INFO  f.i.s.r.p.i.ProjectInspector - CloneRepository
18:06:22.041 [main] INFO  f.i.s.r.p.i.ProjectInspector - CheckoutBuggyBuildCandidate
18:06:22.041 [main] INFO  f.i.s.r.p.i.ProjectInspector - ComputeSourceDir
18:06:22.041 [main] INFO  f.i.s.r.p.i.ProjectInspector - ComputeTestDir
18:06:22.041 [main] INFO  f.i.s.r.p.i.ProjectInspector - BuildProjectBuggyBuildCandidate
18:06:22.042 [main] INFO  f.i.s.r.p.i.ProjectInspector - TestProjectBuggyBuildCandidate
18:06:22.042 [main] INFO  f.i.s.r.p.i.ProjectInspector - GatherTestInformationBuggyBuildCandidate
18:06:22.042 [main] INFO  f.i.s.r.p.i.ProjectInspector - InitRepoToPush
18:06:22.042 [main] INFO  f.i.s.r.p.i.ProjectInspector - ComputeClasspath
18:06:22.042 [main] INFO  f.i.s.r.p.i.ProjectInspector - ComputeModules
18:06:22.042 [main] INFO  f.i.s.r.p.i.ProjectInspector - CheckoutPatchedBuildCandidate
18:06:22.042 [main] INFO  f.i.s.r.p.i.ProjectInspector - BuildProjectPatchedBuildCandidate
18:06:22.042 [main] INFO  f.i.s.r.p.i.ProjectInspector - TestProjectPatchedBuildCandidate
18:06:22.043 [main] INFO  f.i.s.r.p.i.ProjectInspector - GatherTestInformationPatchedBuildCandidate
18:06:22.043 [main] INFO  f.i.s.r.p.i.ProjectInspector - CommitPatch
18:06:22.043 [main] INFO  f.i.s.r.p.i.ProjectInspector - WritePropertyFile
18:06:22.043 [main] INFO  f.i.s.r.p.i.ProjectInspector - CommitProcessEnd
18:06:22.043 [main] INFO  f.i.s.r.p.i.ProjectInspector - PushProcessEnd
18:06:22.044 [main] DEBUG f.i.s.r.process.step.CloneRepository - ----------------------------------------------------------------------
18:06:22.044 [main] DEBUG f.i.s.r.process.step.CloneRepository - STEP 1/18: CloneRepository
18:06:22.044 [main] DEBUG f.i.s.r.process.step.CloneRepository - ----------------------------------------------------------------------
18:06:22.045 [main] DEBUG f.i.s.r.process.step.CloneRepository - Cloning repository EnMasseProject/enmasse in the following directory: ./workspace/EnMasseProject/enmasse/368995020
18:06:50.369 [main] DEBUG f.i.s.r.process.step.CloneRepository - STEP STATUS: [ CloneRepository : SUCCESS ]
18:06:50.370 [main] DEBUG f.i.s.r.process.step.CloneRepository - STEP DURATION: 28s
18:06:50.371 [main] DEBUG f.i.s.r.process.step.CloneRepository - EXECUTE NEXT STEP
18:06:50.372 [main] DEBUG f.i.s.r.p.s.c.CheckoutBuggyBuild - ----------------------------------------------------------------------
18:06:50.372 [main] DEBUG f.i.s.r.p.s.c.CheckoutBuggyBuild - STEP 2/18: CheckoutBuggyBuildCandidate
18:06:50.373 [main] DEBUG f.i.s.r.p.s.c.CheckoutBuggyBuild - ----------------------------------------------------------------------
18:06:50.373 [main] DEBUG f.i.s.r.p.s.c.CheckoutBuggyBuild - Checking out buggy build candidate...
18:06:50.388 [main] ERROR f.i.s.r.p.s.c.CheckoutBuggyBuild - Error while testing commit: org.eclipse.jgit.errors.MissingObjectException: Missing unknown 68137a2adddc5d1e7c32c3eb3e7f28398a580af6
18:06:50.389 [main] ERROR f.i.s.r.p.s.c.CheckoutBuggyBuild - Error while getting the commit to checkout from the repo.
18:06:50.391 [main] DEBUG f.i.s.r.p.s.c.CheckoutBuggyBuild - STEP STATUS: [ CheckoutBuggyBuildCandidate : FAILURE ( BUILDNOTCHECKEDOUT ) ]
18:06:50.392 [main] DEBUG f.i.s.r.p.s.c.CheckoutBuggyBuild - STEP DURATION: 0s
18:06:50.393 [main] DEBUG f.i.s.r.p.s.c.CheckoutBuggyBuild - TERMINATE PIPELINE
18:06:50.394 [main] DEBUG f.i.s.r.p.s.c.CheckoutBuggyBuild - FINAL STEPS SKIPPED: The reproduction of the bug and/or the patch failed.
18:06:50.394 [main] INFO  f.i.s.r.p.s.c.CheckoutBuggyBuild - Serialize all data for the pair of builds 368995020, 369019324
18:06:50.710 [main] INFO  fr.inria.jtravis.JTravis - GitHub ratelimit: Limit: 5000 Remaining: 4894 Reset hour: 19:39:52
18:06:52.059 [main] INFO  f.i.s.r.p.i.ProjectInspector - ----------------------------------------------------------------------
18:06:52.060 [main] INFO  f.i.s.r.p.i.ProjectInspector - PIPELINE EXECUTION SUMMARY
18:06:52.060 [main] INFO  f.i.s.r.p.i.ProjectInspector - ----------------------------------------------------------------------
18:06:52.060 [main] INFO  f.i.s.r.p.i.ProjectInspector - CloneRepository.......................................SUCCESS [ 28 s ]
18:06:52.060 [main] INFO  f.i.s.r.p.i.ProjectInspector - CheckoutBuggyBuildCandidate...........................FAILURE [  0 s ]
18:06:52.061 [main] INFO  f.i.s.r.p.i.ProjectInspector - ComputeSourceDir......................................NOT RUN         
18:06:52.061 [main] INFO  f.i.s.r.p.i.ProjectInspector - ComputeTestDir........................................NOT RUN         
18:06:52.061 [main] INFO  f.i.s.r.p.i.ProjectInspector - BuildProjectBuggyBuildCandidate.......................NOT RUN         
18:06:52.061 [main] INFO  f.i.s.r.p.i.ProjectInspector - TestProjectBuggyBuildCandidate........................NOT RUN         
18:06:52.061 [main] INFO  f.i.s.r.p.i.ProjectInspector - GatherTestInformationBuggyBuildCandidate..............NOT RUN         
18:06:52.061 [main] INFO  f.i.s.r.p.i.ProjectInspector - InitRepoToPush........................................NOT RUN         
18:06:52.062 [main] INFO  f.i.s.r.p.i.ProjectInspector - ComputeClasspath......................................NOT RUN         
18:06:52.062 [main] INFO  f.i.s.r.p.i.ProjectInspector - ComputeModules........................................NOT RUN         
18:06:52.062 [main] INFO  f.i.s.r.p.i.ProjectInspector - CheckoutPatchedBuildCandidate.........................NOT RUN         
18:06:52.062 [main] INFO  f.i.s.r.p.i.ProjectInspector - BuildProjectPatchedBuildCandidate.....................NOT RUN         
18:06:52.062 [main] INFO  f.i.s.r.p.i.ProjectInspector - TestProjectPatchedBuildCandidate......................NOT RUN         
18:06:52.063 [main] INFO  f.i.s.r.p.i.ProjectInspector - GatherTestInformationPatchedBuildCandidate............NOT RUN         
18:06:52.063 [main] INFO  f.i.s.r.p.i.ProjectInspector - CommitPatch...........................................NOT RUN         
18:06:52.063 [main] INFO  f.i.s.r.p.i.ProjectInspector - WritePropertyFile.....................................NOT RUN         
18:06:52.063 [main] INFO  f.i.s.r.p.i.ProjectInspector - CommitProcessEnd......................................NOT RUN         
18:06:52.063 [main] INFO  f.i.s.r.p.i.ProjectInspector - PushProcessEnd........................................NOT RUN         
18:06:52.063 [main] INFO  f.i.s.r.p.i.ProjectInspector - ----------------------------------------------------------------------
18:06:52.064 [main] INFO  f.i.s.r.p.i.ProjectInspector - PIPELINE FINDING: BUILDNOTCHECKEDOUT
18:06:52.064 [main] INFO  f.i.s.r.p.i.ProjectInspector - ----------------------------------------------------------------------
18:06:52.064 [main] INFO  f.i.s.repairnator.pipeline.Launcher - Inspector is finished. The process will exit now.
