18:31:32.767 [main] INFO  f.i.s.repairnator.pipeline.Launcher - PIPELINE VERSION: 3.0-2018-08-09 19:04
18:31:32.922 [main] INFO  f.i.s.repairnator.pipeline.Launcher - The pipeline will try to reproduce a bug from build 367033873 and its corresponding patch from build 367036666
18:31:32.923 [main] INFO  f.i.s.repairnator.pipeline.Launcher - Initialize file serializer engines.
18:31:32.925 [main] INFO  f.i.s.repairnator.pipeline.Launcher - MongoDB won't be used for serialization.
18:31:32.925 [main] INFO  f.i.s.repairnator.pipeline.Launcher - The email notifier engine won't be used.
18:31:32.928 [main] INFO  f.i.s.repairnator.pipeline.Launcher - Start by getting the build (buildId: 367033873) with the following config: RepairnatorConfig{runId='5ea16782-d44d-4134-9946-fad8a6d96571_04-18-week3-FAILING_AND_PASSING', launcherMode=BEARS, serializeJson=true, inputPath='null', outputPath='/var/log', mongodbHost='null', mongodbName='repairnator', smtpServer='null', notifyTo=[], notifyEndProcess=false, push=true, pushRemoteRepo='https://github.com/fermadeiral/bears-collection-fp', fork=false, lookFromDate=null, lookToDate=null, buildId=367033873, z3solverPath='./z3_for_linux', workspacePath='./workspace', githubToken='c8a341a903[...]', dockerImageName='null', skipDelete=false, createOutputDir=false, logDirectory='null', nbThreads=0, globalTimeout=0, whiteList=null, blackList=null, jobSleepTime=0, buildSleepTime=0, maxInspectedBuilds=0, duration=null, humanPatch=false, repository='null', clean=true, bearsMode=BOTH, bearsDelimiter = false, repairTools=NopolAllTests,NPEFix,AssertFixer,AstorJGenProg,AstorJKali,NopolSingleTest,AstorJMut,NopolTestExclusionStrategy, githubUserName= fermadeiral, githubUserEmail=fer.madeiral@gmail.com}
18:31:34.110 [main] DEBUG fr.inria.jtravis.helpers.BuildHelper - Get request to :https://api.travis-ci.org/build/367033873 done after 765 ms
18:31:34.355 [main] DEBUG fr.inria.jtravis.helpers.BuildHelper - Get request to :https://api.travis-ci.org/build/367036666 done after 132 ms
18:31:34.373 [main] INFO  f.i.s.repairnator.pipeline.Launcher - The patched build (367036666) was successfully retrieved from Travis.
18:31:35.922 [main] INFO  fr.inria.jtravis.JTravis - GitHub ratelimit: Limit: 5000 Remaining: 4975 Reset hour: 19:39:55
18:31:36.173 [main] INFO  f.i.s.r.p.i.ProjectInspector - ----------------------------------------------------------------------
18:31:36.173 [main] INFO  f.i.s.r.p.i.ProjectInspector - PIPELINE STEPS
18:31:36.173 [main] INFO  f.i.s.r.p.i.ProjectInspector - ----------------------------------------------------------------------
18:31:36.173 [main] INFO  f.i.s.r.p.i.ProjectInspector - CloneRepository
18:31:36.174 [main] INFO  f.i.s.r.p.i.ProjectInspector - CheckoutBuggyBuildCandidate
18:31:36.174 [main] INFO  f.i.s.r.p.i.ProjectInspector - ComputeSourceDir
18:31:36.174 [main] INFO  f.i.s.r.p.i.ProjectInspector - ComputeTestDir
18:31:36.174 [main] INFO  f.i.s.r.p.i.ProjectInspector - BuildProjectBuggyBuildCandidate
18:31:36.175 [main] INFO  f.i.s.r.p.i.ProjectInspector - TestProjectBuggyBuildCandidate
18:31:36.175 [main] INFO  f.i.s.r.p.i.ProjectInspector - GatherTestInformationBuggyBuildCandidate
18:31:36.175 [main] INFO  f.i.s.r.p.i.ProjectInspector - InitRepoToPush
18:31:36.175 [main] INFO  f.i.s.r.p.i.ProjectInspector - ComputeClasspath
18:31:36.175 [main] INFO  f.i.s.r.p.i.ProjectInspector - ComputeModules
18:31:36.176 [main] INFO  f.i.s.r.p.i.ProjectInspector - CheckoutPatchedBuildCandidate
18:31:36.176 [main] INFO  f.i.s.r.p.i.ProjectInspector - BuildProjectPatchedBuildCandidate
18:31:36.176 [main] INFO  f.i.s.r.p.i.ProjectInspector - TestProjectPatchedBuildCandidate
18:31:36.176 [main] INFO  f.i.s.r.p.i.ProjectInspector - GatherTestInformationPatchedBuildCandidate
18:31:36.176 [main] INFO  f.i.s.r.p.i.ProjectInspector - CommitPatch
18:31:36.176 [main] INFO  f.i.s.r.p.i.ProjectInspector - WritePropertyFile
18:31:36.177 [main] INFO  f.i.s.r.p.i.ProjectInspector - CommitProcessEnd
18:31:36.177 [main] INFO  f.i.s.r.p.i.ProjectInspector - PushProcessEnd
18:31:36.177 [main] DEBUG f.i.s.r.process.step.CloneRepository - ----------------------------------------------------------------------
18:31:36.178 [main] DEBUG f.i.s.r.process.step.CloneRepository - STEP 1/18: CloneRepository
18:31:36.178 [main] DEBUG f.i.s.r.process.step.CloneRepository - ----------------------------------------------------------------------
18:31:36.178 [main] DEBUG f.i.s.r.process.step.CloneRepository - Cloning repository ChargeTimeEU/Java-OCA-OCPP in the following directory: ./workspace/ChargeTimeEU/Java-OCA-OCPP/367033873
18:31:39.613 [main] DEBUG f.i.s.r.process.step.CloneRepository - STEP STATUS: [ CloneRepository : SUCCESS ]
18:31:39.614 [main] DEBUG f.i.s.r.process.step.CloneRepository - STEP DURATION: 3s
18:31:39.614 [main] DEBUG f.i.s.r.process.step.CloneRepository - EXECUTE NEXT STEP
18:31:39.615 [main] DEBUG f.i.s.r.p.s.c.CheckoutBuggyBuild - ----------------------------------------------------------------------
18:31:39.615 [main] DEBUG f.i.s.r.p.s.c.CheckoutBuggyBuild - STEP 2/18: CheckoutBuggyBuildCandidate
18:31:39.615 [main] DEBUG f.i.s.r.p.s.c.CheckoutBuggyBuild - ----------------------------------------------------------------------
18:31:39.616 [main] DEBUG f.i.s.r.p.s.c.CheckoutBuggyBuild - Checking out buggy build candidate...
18:31:39.747 [main] INFO  fr.inria.jtravis.JTravis - GitHub ratelimit: Limit: 5000 Remaining: 4974 Reset hour: 19:39:55
18:31:41.552 [main] DEBUG f.i.s.r.p.s.c.CheckoutBuggyBuild - Reproduce the PR for ChargeTimeEU/Java-OCA-OCPP by fetching remote branch and merging.
18:31:42.308 [main] ERROR f.i.s.r.p.s.c.CheckoutBuggyBuild - Error while testing commit: org.eclipse.jgit.errors.MissingObjectException: Missing unknown 9a7b07797fe6d4aafa4bab52ce44714607a5e6d5
18:31:42.310 [main] ERROR f.i.s.r.p.s.c.CheckoutBuggyBuild - Commit head ref cannot be retrieved from the repository: 9a7b07797fe6d4aafa4bab52ce44714607a5e6d5. Operation aborted.
18:31:42.310 [main] ERROR f.i.s.r.p.s.c.CheckoutBuggyBuild - Error while merging two commits to reproduce the PR.
18:31:42.312 [main] DEBUG f.i.s.r.p.s.c.CheckoutBuggyBuild - STEP STATUS: [ CheckoutBuggyBuildCandidate : FAILURE ( BUILDNOTCHECKEDOUT ) ]
18:31:42.312 [main] DEBUG f.i.s.r.p.s.c.CheckoutBuggyBuild - STEP DURATION: 2s
18:31:42.312 [main] DEBUG f.i.s.r.p.s.c.CheckoutBuggyBuild - TERMINATE PIPELINE
18:31:42.313 [main] DEBUG f.i.s.r.p.s.c.CheckoutBuggyBuild - FINAL STEPS SKIPPED: The reproduction of the bug and/or the patch failed.
18:31:42.313 [main] INFO  f.i.s.r.p.s.c.CheckoutBuggyBuild - Serialize all data for the pair of builds 367033873, 367036666
18:31:42.751 [main] INFO  fr.inria.jtravis.JTravis - GitHub ratelimit: Limit: 5000 Remaining: 4967 Reset hour: 19:39:55
18:31:43.344 [main] INFO  f.i.s.r.p.i.ProjectInspector - ----------------------------------------------------------------------
18:31:43.344 [main] INFO  f.i.s.r.p.i.ProjectInspector - PIPELINE EXECUTION SUMMARY
18:31:43.345 [main] INFO  f.i.s.r.p.i.ProjectInspector - ----------------------------------------------------------------------
18:31:43.345 [main] INFO  f.i.s.r.p.i.ProjectInspector - CloneRepository........................................SUCCESS [ 3 s ]
18:31:43.345 [main] INFO  f.i.s.r.p.i.ProjectInspector - CheckoutBuggyBuildCandidate............................FAILURE [ 2 s ]
18:31:43.346 [main] INFO  f.i.s.r.p.i.ProjectInspector - ComputeSourceDir.......................................NOT RUN        
18:31:43.346 [main] INFO  f.i.s.r.p.i.ProjectInspector - ComputeTestDir.........................................NOT RUN        
18:31:43.346 [main] INFO  f.i.s.r.p.i.ProjectInspector - BuildProjectBuggyBuildCandidate........................NOT RUN        
18:31:43.346 [main] INFO  f.i.s.r.p.i.ProjectInspector - TestProjectBuggyBuildCandidate.........................NOT RUN        
18:31:43.347 [main] INFO  f.i.s.r.p.i.ProjectInspector - GatherTestInformationBuggyBuildCandidate...............NOT RUN        
18:31:43.347 [main] INFO  f.i.s.r.p.i.ProjectInspector - InitRepoToPush.........................................NOT RUN        
18:31:43.347 [main] INFO  f.i.s.r.p.i.ProjectInspector - ComputeClasspath.......................................NOT RUN        
18:31:43.347 [main] INFO  f.i.s.r.p.i.ProjectInspector - ComputeModules.........................................NOT RUN        
18:31:43.347 [main] INFO  f.i.s.r.p.i.ProjectInspector - CheckoutPatchedBuildCandidate..........................NOT RUN        
18:31:43.347 [main] INFO  f.i.s.r.p.i.ProjectInspector - BuildProjectPatchedBuildCandidate......................NOT RUN        
18:31:43.347 [main] INFO  f.i.s.r.p.i.ProjectInspector - TestProjectPatchedBuildCandidate.......................NOT RUN        
18:31:43.348 [main] INFO  f.i.s.r.p.i.ProjectInspector - GatherTestInformationPatchedBuildCandidate.............NOT RUN        
18:31:43.348 [main] INFO  f.i.s.r.p.i.ProjectInspector - CommitPatch............................................NOT RUN        
18:31:43.348 [main] INFO  f.i.s.r.p.i.ProjectInspector - WritePropertyFile......................................NOT RUN        
18:31:43.348 [main] INFO  f.i.s.r.p.i.ProjectInspector - CommitProcessEnd.......................................NOT RUN        
18:31:43.348 [main] INFO  f.i.s.r.p.i.ProjectInspector - PushProcessEnd.........................................NOT RUN        
18:31:43.348 [main] INFO  f.i.s.r.p.i.ProjectInspector - ----------------------------------------------------------------------
18:31:43.348 [main] INFO  f.i.s.r.p.i.ProjectInspector - PIPELINE FINDING: BUILDNOTCHECKEDOUT
18:31:43.348 [main] INFO  f.i.s.r.p.i.ProjectInspector - ----------------------------------------------------------------------
18:31:43.349 [main] INFO  f.i.s.repairnator.pipeline.Launcher - Inspector is finished. The process will exit now.
