16:56:47.391 [main] INFO  f.i.s.repairnator.pipeline.Launcher - PIPELINE VERSION: 3.0-2018-08-09 19:04
16:56:47.514 [main] INFO  f.i.s.repairnator.pipeline.Launcher - The pipeline will try to reproduce a bug from build 367606552 and its corresponding patch from build 367968979
16:56:47.514 [main] INFO  f.i.s.repairnator.pipeline.Launcher - Initialize file serializer engines.
16:56:47.516 [main] INFO  f.i.s.repairnator.pipeline.Launcher - MongoDB won't be used for serialization.
16:56:47.516 [main] INFO  f.i.s.repairnator.pipeline.Launcher - The email notifier engine won't be used.
16:56:47.519 [main] INFO  f.i.s.repairnator.pipeline.Launcher - Start by getting the build (buildId: 367606552) with the following config: RepairnatorConfig{runId='5ea16782-d44d-4134-9946-fad8a6d96571_04-18-week3-FAILING_AND_PASSING', launcherMode=BEARS, serializeJson=true, inputPath='null', outputPath='/var/log', mongodbHost='null', mongodbName='repairnator', smtpServer='null', notifyTo=[], notifyEndProcess=false, push=true, pushRemoteRepo='https://github.com/fermadeiral/bears-collection-fp', fork=false, lookFromDate=null, lookToDate=null, buildId=367606552, z3solverPath='./z3_for_linux', workspacePath='./workspace', githubToken='c8a341a903[...]', dockerImageName='null', skipDelete=false, createOutputDir=false, logDirectory='null', nbThreads=0, globalTimeout=0, whiteList=null, blackList=null, jobSleepTime=0, buildSleepTime=0, maxInspectedBuilds=0, duration=null, humanPatch=false, repository='null', clean=true, bearsMode=BOTH, bearsDelimiter = false, repairTools=NopolAllTests,NPEFix,AssertFixer,AstorJGenProg,AstorJKali,NopolSingleTest,AstorJMut,NopolTestExclusionStrategy, githubUserName= fermadeiral, githubUserEmail=fer.madeiral@gmail.com}
16:56:48.694 [main] DEBUG fr.inria.jtravis.helpers.BuildHelper - Get request to :https://api.travis-ci.org/build/367606552 done after 757 ms
16:56:48.908 [main] DEBUG fr.inria.jtravis.helpers.BuildHelper - Get request to :https://api.travis-ci.org/build/367968979 done after 130 ms
16:56:48.921 [main] INFO  f.i.s.repairnator.pipeline.Launcher - The patched build (367968979) was successfully retrieved from Travis.
16:56:49.909 [main] INFO  fr.inria.jtravis.JTravis - GitHub ratelimit: Limit: 5000 Remaining: 4880 Reset hour: 19:39:48
16:56:50.137 [main] INFO  f.i.s.r.p.i.ProjectInspector - ----------------------------------------------------------------------
16:56:50.137 [main] INFO  f.i.s.r.p.i.ProjectInspector - PIPELINE STEPS
16:56:50.137 [main] INFO  f.i.s.r.p.i.ProjectInspector - ----------------------------------------------------------------------
16:56:50.137 [main] INFO  f.i.s.r.p.i.ProjectInspector - CloneRepository
16:56:50.138 [main] INFO  f.i.s.r.p.i.ProjectInspector - CheckoutBuggyBuildCandidate
16:56:50.138 [main] INFO  f.i.s.r.p.i.ProjectInspector - ComputeSourceDir
16:56:50.138 [main] INFO  f.i.s.r.p.i.ProjectInspector - ComputeTestDir
16:56:50.138 [main] INFO  f.i.s.r.p.i.ProjectInspector - BuildProjectBuggyBuildCandidate
16:56:50.138 [main] INFO  f.i.s.r.p.i.ProjectInspector - TestProjectBuggyBuildCandidate
16:56:50.138 [main] INFO  f.i.s.r.p.i.ProjectInspector - GatherTestInformationBuggyBuildCandidate
16:56:50.138 [main] INFO  f.i.s.r.p.i.ProjectInspector - InitRepoToPush
16:56:50.138 [main] INFO  f.i.s.r.p.i.ProjectInspector - ComputeClasspath
16:56:50.139 [main] INFO  f.i.s.r.p.i.ProjectInspector - ComputeModules
16:56:50.139 [main] INFO  f.i.s.r.p.i.ProjectInspector - CheckoutPatchedBuildCandidate
16:56:50.139 [main] INFO  f.i.s.r.p.i.ProjectInspector - BuildProjectPatchedBuildCandidate
16:56:50.139 [main] INFO  f.i.s.r.p.i.ProjectInspector - TestProjectPatchedBuildCandidate
16:56:50.139 [main] INFO  f.i.s.r.p.i.ProjectInspector - GatherTestInformationPatchedBuildCandidate
16:56:50.139 [main] INFO  f.i.s.r.p.i.ProjectInspector - CommitPatch
16:56:50.139 [main] INFO  f.i.s.r.p.i.ProjectInspector - WritePropertyFile
16:56:50.139 [main] INFO  f.i.s.r.p.i.ProjectInspector - CommitProcessEnd
16:56:50.139 [main] INFO  f.i.s.r.p.i.ProjectInspector - PushProcessEnd
16:56:50.140 [main] DEBUG f.i.s.r.process.step.CloneRepository - ----------------------------------------------------------------------
16:56:50.140 [main] DEBUG f.i.s.r.process.step.CloneRepository - STEP 1/18: CloneRepository
16:56:50.140 [main] DEBUG f.i.s.r.process.step.CloneRepository - ----------------------------------------------------------------------
16:56:50.140 [main] DEBUG f.i.s.r.process.step.CloneRepository - Cloning repository thelastpickle/cassandra-reaper in the following directory: ./workspace/thelastpickle/cassandra-reaper/367606552
16:56:58.012 [main] DEBUG f.i.s.r.process.step.CloneRepository - STEP STATUS: [ CloneRepository : SUCCESS ]
16:56:58.012 [main] DEBUG f.i.s.r.process.step.CloneRepository - STEP DURATION: 7s
16:56:58.012 [main] DEBUG f.i.s.r.process.step.CloneRepository - EXECUTE NEXT STEP
16:56:58.013 [main] DEBUG f.i.s.r.p.s.c.CheckoutBuggyBuild - ----------------------------------------------------------------------
16:56:58.015 [main] DEBUG f.i.s.r.p.s.c.CheckoutBuggyBuild - STEP 2/18: CheckoutBuggyBuildCandidate
16:56:58.015 [main] DEBUG f.i.s.r.p.s.c.CheckoutBuggyBuild - ----------------------------------------------------------------------
16:56:58.015 [main] DEBUG f.i.s.r.p.s.c.CheckoutBuggyBuild - Checking out buggy build candidate...
16:56:58.351 [main] INFO  fr.inria.jtravis.JTravis - GitHub ratelimit: Limit: 5000 Remaining: 4879 Reset hour: 19:39:48
16:57:00.705 [main] DEBUG f.i.s.r.p.s.c.CheckoutBuggyBuild - Reproduce the PR for thelastpickle/cassandra-reaper by fetching remote branch and merging.
16:57:00.997 [main] ERROR f.i.s.r.p.s.c.CheckoutBuggyBuild - Error while testing commit: org.eclipse.jgit.errors.MissingObjectException: Missing unknown 508a9158421e36ac17ee9ad86151b18a3d4ed7f3
16:57:00.998 [main] ERROR f.i.s.r.p.s.c.CheckoutBuggyBuild - Commit head ref cannot be retrieved from the repository: 508a9158421e36ac17ee9ad86151b18a3d4ed7f3. Operation aborted.
16:57:00.998 [main] ERROR f.i.s.r.p.s.c.CheckoutBuggyBuild - Error while merging two commits to reproduce the PR.
16:57:00.999 [main] DEBUG f.i.s.r.p.s.c.CheckoutBuggyBuild - STEP STATUS: [ CheckoutBuggyBuildCandidate : FAILURE ( BUILDNOTCHECKEDOUT ) ]
16:57:00.999 [main] DEBUG f.i.s.r.p.s.c.CheckoutBuggyBuild - STEP DURATION: 2s
16:57:00.999 [main] DEBUG f.i.s.r.p.s.c.CheckoutBuggyBuild - TERMINATE PIPELINE
16:57:01.000 [main] DEBUG f.i.s.r.p.s.c.CheckoutBuggyBuild - FINAL STEPS SKIPPED: The reproduction of the bug and/or the patch failed.
16:57:01.000 [main] INFO  f.i.s.r.p.s.c.CheckoutBuggyBuild - Serialize all data for the pair of builds 367606552, 367968979
16:57:01.616 [main] INFO  fr.inria.jtravis.JTravis - GitHub ratelimit: Limit: 5000 Remaining: 4872 Reset hour: 19:39:48
16:57:02.283 [main] INFO  f.i.s.r.p.i.ProjectInspector - ----------------------------------------------------------------------
16:57:02.284 [main] INFO  f.i.s.r.p.i.ProjectInspector - PIPELINE EXECUTION SUMMARY
16:57:02.284 [main] INFO  f.i.s.r.p.i.ProjectInspector - ----------------------------------------------------------------------
16:57:02.284 [main] INFO  f.i.s.r.p.i.ProjectInspector - CloneRepository........................................SUCCESS [ 7 s ]
16:57:02.285 [main] INFO  f.i.s.r.p.i.ProjectInspector - CheckoutBuggyBuildCandidate............................FAILURE [ 2 s ]
16:57:02.285 [main] INFO  f.i.s.r.p.i.ProjectInspector - ComputeSourceDir.......................................NOT RUN        
16:57:02.285 [main] INFO  f.i.s.r.p.i.ProjectInspector - ComputeTestDir.........................................NOT RUN        
16:57:02.285 [main] INFO  f.i.s.r.p.i.ProjectInspector - BuildProjectBuggyBuildCandidate........................NOT RUN        
16:57:02.285 [main] INFO  f.i.s.r.p.i.ProjectInspector - TestProjectBuggyBuildCandidate.........................NOT RUN        
16:57:02.285 [main] INFO  f.i.s.r.p.i.ProjectInspector - GatherTestInformationBuggyBuildCandidate...............NOT RUN        
16:57:02.285 [main] INFO  f.i.s.r.p.i.ProjectInspector - InitRepoToPush.........................................NOT RUN        
16:57:02.285 [main] INFO  f.i.s.r.p.i.ProjectInspector - ComputeClasspath.......................................NOT RUN        
16:57:02.286 [main] INFO  f.i.s.r.p.i.ProjectInspector - ComputeModules.........................................NOT RUN        
16:57:02.286 [main] INFO  f.i.s.r.p.i.ProjectInspector - CheckoutPatchedBuildCandidate..........................NOT RUN        
16:57:02.286 [main] INFO  f.i.s.r.p.i.ProjectInspector - BuildProjectPatchedBuildCandidate......................NOT RUN        
16:57:02.286 [main] INFO  f.i.s.r.p.i.ProjectInspector - TestProjectPatchedBuildCandidate.......................NOT RUN        
16:57:02.286 [main] INFO  f.i.s.r.p.i.ProjectInspector - GatherTestInformationPatchedBuildCandidate.............NOT RUN        
16:57:02.287 [main] INFO  f.i.s.r.p.i.ProjectInspector - CommitPatch............................................NOT RUN        
16:57:02.287 [main] INFO  f.i.s.r.p.i.ProjectInspector - WritePropertyFile......................................NOT RUN        
16:57:02.287 [main] INFO  f.i.s.r.p.i.ProjectInspector - CommitProcessEnd.......................................NOT RUN        
16:57:02.287 [main] INFO  f.i.s.r.p.i.ProjectInspector - PushProcessEnd.........................................NOT RUN        
16:57:02.287 [main] INFO  f.i.s.r.p.i.ProjectInspector - ----------------------------------------------------------------------
16:57:02.288 [main] INFO  f.i.s.r.p.i.ProjectInspector - PIPELINE FINDING: BUILDNOTCHECKEDOUT
16:57:02.288 [main] INFO  f.i.s.r.p.i.ProjectInspector - ----------------------------------------------------------------------
16:57:02.288 [main] INFO  f.i.s.repairnator.pipeline.Launcher - Inspector is finished. The process will exit now.
