18:24:10.478 [main] INFO  f.i.s.repairnator.pipeline.Launcher - PIPELINE VERSION: 3.0-2018-08-09 19:04
18:24:10.617 [main] INFO  f.i.s.repairnator.pipeline.Launcher - The pipeline will try to reproduce a bug from build 366932336 and its corresponding patch from build 366946692
18:24:10.618 [main] INFO  f.i.s.repairnator.pipeline.Launcher - Initialize file serializer engines.
18:24:10.620 [main] INFO  f.i.s.repairnator.pipeline.Launcher - MongoDB won't be used for serialization.
18:24:10.620 [main] INFO  f.i.s.repairnator.pipeline.Launcher - The email notifier engine won't be used.
18:24:10.623 [main] INFO  f.i.s.repairnator.pipeline.Launcher - Start by getting the build (buildId: 366932336) with the following config: RepairnatorConfig{runId='5ea16782-d44d-4134-9946-fad8a6d96571_04-18-week3-FAILING_AND_PASSING', launcherMode=BEARS, serializeJson=true, inputPath='null', outputPath='/var/log', mongodbHost='null', mongodbName='repairnator', smtpServer='null', notifyTo=[], notifyEndProcess=false, push=true, pushRemoteRepo='https://github.com/fermadeiral/bears-collection-fp', fork=false, lookFromDate=null, lookToDate=null, buildId=366932336, z3solverPath='./z3_for_linux', workspacePath='./workspace', githubToken='c8a341a903[...]', dockerImageName='null', skipDelete=false, createOutputDir=false, logDirectory='null', nbThreads=0, globalTimeout=0, whiteList=null, blackList=null, jobSleepTime=0, buildSleepTime=0, maxInspectedBuilds=0, duration=null, humanPatch=false, repository='null', clean=true, bearsMode=BOTH, bearsDelimiter = false, repairTools=NopolAllTests,NPEFix,AssertFixer,AstorJGenProg,AstorJKali,NopolSingleTest,AstorJMut,NopolTestExclusionStrategy, githubUserName= fermadeiral, githubUserEmail=fer.madeiral@gmail.com}
18:24:11.886 [main] DEBUG fr.inria.jtravis.helpers.BuildHelper - Get request to :https://api.travis-ci.org/build/366932336 done after 811 ms
18:24:12.160 [main] DEBUG fr.inria.jtravis.helpers.BuildHelper - Get request to :https://api.travis-ci.org/build/366946692 done after 142 ms
18:24:12.190 [main] INFO  f.i.s.repairnator.pipeline.Launcher - The patched build (366946692) was successfully retrieved from Travis.
18:24:13.469 [main] INFO  fr.inria.jtravis.JTravis - GitHub ratelimit: Limit: 5000 Remaining: 4479 Reset hour: 19:39:52
18:24:13.783 [main] INFO  f.i.s.r.p.i.ProjectInspector - ----------------------------------------------------------------------
18:24:13.784 [main] INFO  f.i.s.r.p.i.ProjectInspector - PIPELINE STEPS
18:24:13.784 [main] INFO  f.i.s.r.p.i.ProjectInspector - ----------------------------------------------------------------------
18:24:13.784 [main] INFO  f.i.s.r.p.i.ProjectInspector - CloneRepository
18:24:13.785 [main] INFO  f.i.s.r.p.i.ProjectInspector - CheckoutBuggyBuildCandidate
18:24:13.785 [main] INFO  f.i.s.r.p.i.ProjectInspector - ComputeSourceDir
18:24:13.785 [main] INFO  f.i.s.r.p.i.ProjectInspector - ComputeTestDir
18:24:13.785 [main] INFO  f.i.s.r.p.i.ProjectInspector - BuildProjectBuggyBuildCandidate
18:24:13.786 [main] INFO  f.i.s.r.p.i.ProjectInspector - TestProjectBuggyBuildCandidate
18:24:13.786 [main] INFO  f.i.s.r.p.i.ProjectInspector - GatherTestInformationBuggyBuildCandidate
18:24:13.786 [main] INFO  f.i.s.r.p.i.ProjectInspector - InitRepoToPush
18:24:13.786 [main] INFO  f.i.s.r.p.i.ProjectInspector - ComputeClasspath
18:24:13.787 [main] INFO  f.i.s.r.p.i.ProjectInspector - ComputeModules
18:24:13.787 [main] INFO  f.i.s.r.p.i.ProjectInspector - CheckoutPatchedBuildCandidate
18:24:13.787 [main] INFO  f.i.s.r.p.i.ProjectInspector - BuildProjectPatchedBuildCandidate
18:24:13.788 [main] INFO  f.i.s.r.p.i.ProjectInspector - TestProjectPatchedBuildCandidate
18:24:13.788 [main] INFO  f.i.s.r.p.i.ProjectInspector - GatherTestInformationPatchedBuildCandidate
18:24:13.788 [main] INFO  f.i.s.r.p.i.ProjectInspector - CommitPatch
18:24:13.788 [main] INFO  f.i.s.r.p.i.ProjectInspector - WritePropertyFile
18:24:13.789 [main] INFO  f.i.s.r.p.i.ProjectInspector - CommitProcessEnd
18:24:13.789 [main] INFO  f.i.s.r.p.i.ProjectInspector - PushProcessEnd
18:24:13.790 [main] DEBUG f.i.s.r.process.step.CloneRepository - ----------------------------------------------------------------------
18:24:13.790 [main] DEBUG f.i.s.r.process.step.CloneRepository - STEP 1/18: CloneRepository
18:24:13.790 [main] DEBUG f.i.s.r.process.step.CloneRepository - ----------------------------------------------------------------------
18:24:13.791 [main] DEBUG f.i.s.r.process.step.CloneRepository - Cloning repository runelite/runelite in the following directory: ./workspace/runelite/runelite/366932336
18:24:25.473 [main] DEBUG f.i.s.r.process.step.CloneRepository - STEP STATUS: [ CloneRepository : SUCCESS ]
18:24:25.473 [main] DEBUG f.i.s.r.process.step.CloneRepository - STEP DURATION: 11s
18:24:25.474 [main] DEBUG f.i.s.r.process.step.CloneRepository - EXECUTE NEXT STEP
18:24:25.474 [main] DEBUG f.i.s.r.p.s.c.CheckoutBuggyBuild - ----------------------------------------------------------------------
18:24:25.474 [main] DEBUG f.i.s.r.p.s.c.CheckoutBuggyBuild - STEP 2/18: CheckoutBuggyBuildCandidate
18:24:25.474 [main] DEBUG f.i.s.r.p.s.c.CheckoutBuggyBuild - ----------------------------------------------------------------------
18:24:25.475 [main] DEBUG f.i.s.r.p.s.c.CheckoutBuggyBuild - Checking out buggy build candidate...
18:24:25.823 [main] INFO  fr.inria.jtravis.JTravis - GitHub ratelimit: Limit: 5000 Remaining: 4474 Reset hour: 19:39:52
18:24:29.182 [main] DEBUG f.i.s.r.p.s.c.CheckoutBuggyBuild - Reproduce the PR for runelite/runelite by fetching remote branch and merging.
18:24:42.290 [main] ERROR f.i.s.r.p.s.c.CheckoutBuggyBuild - Error while testing commit: org.eclipse.jgit.errors.MissingObjectException: Missing unknown 25fb3ed9779234edc2bc0a3bbd0d9bde906774eb
18:24:42.292 [main] ERROR f.i.s.r.p.s.c.CheckoutBuggyBuild - Commit head ref cannot be retrieved from the repository: 25fb3ed9779234edc2bc0a3bbd0d9bde906774eb. Operation aborted.
18:24:42.293 [main] ERROR f.i.s.r.p.s.c.CheckoutBuggyBuild - Error while merging two commits to reproduce the PR.
18:24:42.294 [main] DEBUG f.i.s.r.p.s.c.CheckoutBuggyBuild - STEP STATUS: [ CheckoutBuggyBuildCandidate : FAILURE ( BUILDNOTCHECKEDOUT ) ]
18:24:42.295 [main] DEBUG f.i.s.r.p.s.c.CheckoutBuggyBuild - STEP DURATION: 16s
18:24:42.296 [main] DEBUG f.i.s.r.p.s.c.CheckoutBuggyBuild - TERMINATE PIPELINE
18:24:42.296 [main] DEBUG f.i.s.r.p.s.c.CheckoutBuggyBuild - FINAL STEPS SKIPPED: The reproduction of the bug and/or the patch failed.
18:24:42.297 [main] INFO  f.i.s.r.p.s.c.CheckoutBuggyBuild - Serialize all data for the pair of builds 366932336, 366946692
18:24:42.643 [main] INFO  fr.inria.jtravis.JTravis - GitHub ratelimit: Limit: 5000 Remaining: 4464 Reset hour: 19:39:52
18:24:43.362 [main] INFO  f.i.s.r.p.i.ProjectInspector - ----------------------------------------------------------------------
18:24:43.363 [main] INFO  f.i.s.r.p.i.ProjectInspector - PIPELINE EXECUTION SUMMARY
18:24:43.363 [main] INFO  f.i.s.r.p.i.ProjectInspector - ----------------------------------------------------------------------
18:24:43.363 [main] INFO  f.i.s.r.p.i.ProjectInspector - CloneRepository.......................................SUCCESS [ 11 s ]
18:24:43.363 [main] INFO  f.i.s.r.p.i.ProjectInspector - CheckoutBuggyBuildCandidate...........................FAILURE [ 16 s ]
18:24:43.363 [main] INFO  f.i.s.r.p.i.ProjectInspector - ComputeSourceDir......................................NOT RUN         
18:24:43.364 [main] INFO  f.i.s.r.p.i.ProjectInspector - ComputeTestDir........................................NOT RUN         
18:24:43.364 [main] INFO  f.i.s.r.p.i.ProjectInspector - BuildProjectBuggyBuildCandidate.......................NOT RUN         
18:24:43.364 [main] INFO  f.i.s.r.p.i.ProjectInspector - TestProjectBuggyBuildCandidate........................NOT RUN         
18:24:43.364 [main] INFO  f.i.s.r.p.i.ProjectInspector - GatherTestInformationBuggyBuildCandidate..............NOT RUN         
18:24:43.364 [main] INFO  f.i.s.r.p.i.ProjectInspector - InitRepoToPush........................................NOT RUN         
18:24:43.365 [main] INFO  f.i.s.r.p.i.ProjectInspector - ComputeClasspath......................................NOT RUN         
18:24:43.365 [main] INFO  f.i.s.r.p.i.ProjectInspector - ComputeModules........................................NOT RUN         
18:24:43.365 [main] INFO  f.i.s.r.p.i.ProjectInspector - CheckoutPatchedBuildCandidate.........................NOT RUN         
18:24:43.365 [main] INFO  f.i.s.r.p.i.ProjectInspector - BuildProjectPatchedBuildCandidate.....................NOT RUN         
18:24:43.365 [main] INFO  f.i.s.r.p.i.ProjectInspector - TestProjectPatchedBuildCandidate......................NOT RUN         
18:24:43.365 [main] INFO  f.i.s.r.p.i.ProjectInspector - GatherTestInformationPatchedBuildCandidate............NOT RUN         
18:24:43.366 [main] INFO  f.i.s.r.p.i.ProjectInspector - CommitPatch...........................................NOT RUN         
18:24:43.366 [main] INFO  f.i.s.r.p.i.ProjectInspector - WritePropertyFile.....................................NOT RUN         
18:24:43.366 [main] INFO  f.i.s.r.p.i.ProjectInspector - CommitProcessEnd......................................NOT RUN         
18:24:43.366 [main] INFO  f.i.s.r.p.i.ProjectInspector - PushProcessEnd........................................NOT RUN         
18:24:43.366 [main] INFO  f.i.s.r.p.i.ProjectInspector - ----------------------------------------------------------------------
18:24:43.366 [main] INFO  f.i.s.r.p.i.ProjectInspector - PIPELINE FINDING: BUILDNOTCHECKEDOUT
18:24:43.367 [main] INFO  f.i.s.r.p.i.ProjectInspector - ----------------------------------------------------------------------
18:24:43.367 [main] INFO  f.i.s.repairnator.pipeline.Launcher - Inspector is finished. The process will exit now.
