19:12:42.749 [main] INFO  f.i.s.repairnator.pipeline.Launcher - PIPELINE VERSION: 3.0-2018-08-09 19:04
19:12:42.855 [main] INFO  f.i.s.repairnator.pipeline.Launcher - The pipeline will try to reproduce a bug from build 353257660 and its corresponding patch from build 353276136
19:12:42.855 [main] INFO  f.i.s.repairnator.pipeline.Launcher - Initialize file serializer engines.
19:12:42.857 [main] INFO  f.i.s.repairnator.pipeline.Launcher - MongoDB won't be used for serialization.
19:12:42.857 [main] INFO  f.i.s.repairnator.pipeline.Launcher - The email notifier engine won't be used.
19:12:42.860 [main] INFO  f.i.s.repairnator.pipeline.Launcher - Start by getting the build (buildId: 353257660) with the following config: RepairnatorConfig{runId='9575d8af-9671-4a9d-853f-fad6e89e933b_03-18-week2-FAILING_AND_PASSING', launcherMode=BEARS, serializeJson=true, inputPath='null', outputPath='/var/log', mongodbHost='null', mongodbName='repairnator', smtpServer='null', notifyTo=[], notifyEndProcess=false, push=true, pushRemoteRepo='https://github.com/fermadeiral/bears-collection-fp', fork=false, lookFromDate=null, lookToDate=null, buildId=353257660, z3solverPath='./z3_for_linux', workspacePath='./workspace', githubToken='c8a341a903[...]', dockerImageName='null', skipDelete=false, createOutputDir=false, logDirectory='null', nbThreads=0, globalTimeout=0, whiteList=null, blackList=null, jobSleepTime=0, buildSleepTime=0, maxInspectedBuilds=0, duration=null, humanPatch=false, repository='null', clean=true, bearsMode=BOTH, bearsDelimiter = false, repairTools=NopolAllTests,NPEFix,AssertFixer,AstorJGenProg,AstorJKali,NopolSingleTest,AstorJMut,NopolTestExclusionStrategy, githubUserName= fermadeiral, githubUserEmail=fer.madeiral@gmail.com}
19:12:44.076 [main] DEBUG fr.inria.jtravis.helpers.BuildHelper - Get request to :https://api.travis-ci.org/build/353257660 done after 745 ms
19:12:44.303 [main] DEBUG fr.inria.jtravis.helpers.BuildHelper - Get request to :https://api.travis-ci.org/build/353276136 done after 139 ms
19:12:44.343 [main] INFO  f.i.s.repairnator.pipeline.Launcher - The patched build (353276136) was successfully retrieved from Travis.
19:12:45.428 [main] INFO  fr.inria.jtravis.JTravis - GitHub ratelimit: Limit: 5000 Remaining: 4860 Reset hour: 19:31:17
19:12:45.712 [main] INFO  f.i.s.r.p.i.ProjectInspector - ----------------------------------------------------------------------
19:12:45.712 [main] INFO  f.i.s.r.p.i.ProjectInspector - PIPELINE STEPS
19:12:45.712 [main] INFO  f.i.s.r.p.i.ProjectInspector - ----------------------------------------------------------------------
19:12:45.712 [main] INFO  f.i.s.r.p.i.ProjectInspector - CloneRepository
19:12:45.712 [main] INFO  f.i.s.r.p.i.ProjectInspector - CheckoutBuggyBuildCandidate
19:12:45.712 [main] INFO  f.i.s.r.p.i.ProjectInspector - ComputeSourceDir
19:12:45.712 [main] INFO  f.i.s.r.p.i.ProjectInspector - ComputeTestDir
19:12:45.712 [main] INFO  f.i.s.r.p.i.ProjectInspector - BuildProjectBuggyBuildCandidate
19:12:45.713 [main] INFO  f.i.s.r.p.i.ProjectInspector - TestProjectBuggyBuildCandidate
19:12:45.713 [main] INFO  f.i.s.r.p.i.ProjectInspector - GatherTestInformationBuggyBuildCandidate
19:12:45.713 [main] INFO  f.i.s.r.p.i.ProjectInspector - InitRepoToPush
19:12:45.713 [main] INFO  f.i.s.r.p.i.ProjectInspector - ComputeClasspath
19:12:45.713 [main] INFO  f.i.s.r.p.i.ProjectInspector - ComputeModules
19:12:45.713 [main] INFO  f.i.s.r.p.i.ProjectInspector - CheckoutPatchedBuildCandidate
19:12:45.713 [main] INFO  f.i.s.r.p.i.ProjectInspector - BuildProjectPatchedBuildCandidate
19:12:45.713 [main] INFO  f.i.s.r.p.i.ProjectInspector - TestProjectPatchedBuildCandidate
19:12:45.714 [main] INFO  f.i.s.r.p.i.ProjectInspector - GatherTestInformationPatchedBuildCandidate
19:12:45.714 [main] INFO  f.i.s.r.p.i.ProjectInspector - CommitPatch
19:12:45.714 [main] INFO  f.i.s.r.p.i.ProjectInspector - WritePropertyFile
19:12:45.714 [main] INFO  f.i.s.r.p.i.ProjectInspector - CommitProcessEnd
19:12:45.714 [main] INFO  f.i.s.r.p.i.ProjectInspector - PushProcessEnd
19:12:45.715 [main] DEBUG f.i.s.r.process.step.CloneRepository - ----------------------------------------------------------------------
19:12:45.715 [main] DEBUG f.i.s.r.process.step.CloneRepository - STEP 1/18: CloneRepository
19:12:45.715 [main] DEBUG f.i.s.r.process.step.CloneRepository - ----------------------------------------------------------------------
19:12:45.715 [main] DEBUG f.i.s.r.process.step.CloneRepository - Cloning repository EnMasseProject/enmasse in the following directory: ./workspace/EnMasseProject/enmasse/353257660
19:13:12.430 [main] DEBUG f.i.s.r.process.step.CloneRepository - STEP STATUS: [ CloneRepository : SUCCESS ]
19:13:12.431 [main] DEBUG f.i.s.r.process.step.CloneRepository - STEP DURATION: 26s
19:13:12.431 [main] DEBUG f.i.s.r.process.step.CloneRepository - EXECUTE NEXT STEP
19:13:12.431 [main] DEBUG f.i.s.r.p.s.c.CheckoutBuggyBuild - ----------------------------------------------------------------------
19:13:12.432 [main] DEBUG f.i.s.r.p.s.c.CheckoutBuggyBuild - STEP 2/18: CheckoutBuggyBuildCandidate
19:13:12.432 [main] DEBUG f.i.s.r.p.s.c.CheckoutBuggyBuild - ----------------------------------------------------------------------
19:13:12.432 [main] DEBUG f.i.s.r.p.s.c.CheckoutBuggyBuild - Checking out buggy build candidate...
19:13:12.445 [main] ERROR f.i.s.r.p.s.c.CheckoutBuggyBuild - Error while testing commit: org.eclipse.jgit.errors.MissingObjectException: Missing unknown b826b8b6e755c973c4db4e24f18f382282d1709c
19:13:12.462 [main] ERROR f.i.s.r.p.s.c.CheckoutBuggyBuild - Error while getting the commit to checkout from the repo.
19:13:12.463 [main] DEBUG f.i.s.r.p.s.c.CheckoutBuggyBuild - STEP STATUS: [ CheckoutBuggyBuildCandidate : FAILURE ( BUILDNOTCHECKEDOUT ) ]
19:13:12.463 [main] DEBUG f.i.s.r.p.s.c.CheckoutBuggyBuild - STEP DURATION: 0s
19:13:12.463 [main] DEBUG f.i.s.r.p.s.c.CheckoutBuggyBuild - TERMINATE PIPELINE
19:13:12.464 [main] DEBUG f.i.s.r.p.s.c.CheckoutBuggyBuild - FINAL STEPS SKIPPED: The reproduction of the bug and/or the patch failed.
19:13:12.464 [main] INFO  f.i.s.r.p.s.c.CheckoutBuggyBuild - Serialize all data for the pair of builds 353257660, 353276136
19:13:12.805 [main] INFO  fr.inria.jtravis.JTravis - GitHub ratelimit: Limit: 5000 Remaining: 4855 Reset hour: 19:31:17
19:13:14.912 [main] INFO  f.i.s.r.p.i.ProjectInspector - ----------------------------------------------------------------------
19:13:14.913 [main] INFO  f.i.s.r.p.i.ProjectInspector - PIPELINE EXECUTION SUMMARY
19:13:14.913 [main] INFO  f.i.s.r.p.i.ProjectInspector - ----------------------------------------------------------------------
19:13:14.913 [main] INFO  f.i.s.r.p.i.ProjectInspector - CloneRepository.......................................SUCCESS [ 26 s ]
19:13:14.913 [main] INFO  f.i.s.r.p.i.ProjectInspector - CheckoutBuggyBuildCandidate...........................FAILURE [  0 s ]
19:13:14.913 [main] INFO  f.i.s.r.p.i.ProjectInspector - ComputeSourceDir......................................NOT RUN         
19:13:14.913 [main] INFO  f.i.s.r.p.i.ProjectInspector - ComputeTestDir........................................NOT RUN         
19:13:14.914 [main] INFO  f.i.s.r.p.i.ProjectInspector - BuildProjectBuggyBuildCandidate.......................NOT RUN         
19:13:14.914 [main] INFO  f.i.s.r.p.i.ProjectInspector - TestProjectBuggyBuildCandidate........................NOT RUN         
19:13:14.914 [main] INFO  f.i.s.r.p.i.ProjectInspector - GatherTestInformationBuggyBuildCandidate..............NOT RUN         
19:13:14.914 [main] INFO  f.i.s.r.p.i.ProjectInspector - InitRepoToPush........................................NOT RUN         
19:13:14.914 [main] INFO  f.i.s.r.p.i.ProjectInspector - ComputeClasspath......................................NOT RUN         
19:13:14.914 [main] INFO  f.i.s.r.p.i.ProjectInspector - ComputeModules........................................NOT RUN         
19:13:14.914 [main] INFO  f.i.s.r.p.i.ProjectInspector - CheckoutPatchedBuildCandidate.........................NOT RUN         
19:13:14.915 [main] INFO  f.i.s.r.p.i.ProjectInspector - BuildProjectPatchedBuildCandidate.....................NOT RUN         
19:13:14.915 [main] INFO  f.i.s.r.p.i.ProjectInspector - TestProjectPatchedBuildCandidate......................NOT RUN         
19:13:14.915 [main] INFO  f.i.s.r.p.i.ProjectInspector - GatherTestInformationPatchedBuildCandidate............NOT RUN         
19:13:14.916 [main] INFO  f.i.s.r.p.i.ProjectInspector - CommitPatch...........................................NOT RUN         
19:13:14.916 [main] INFO  f.i.s.r.p.i.ProjectInspector - WritePropertyFile.....................................NOT RUN         
19:13:14.916 [main] INFO  f.i.s.r.p.i.ProjectInspector - CommitProcessEnd......................................NOT RUN         
19:13:14.916 [main] INFO  f.i.s.r.p.i.ProjectInspector - PushProcessEnd........................................NOT RUN         
19:13:14.916 [main] INFO  f.i.s.r.p.i.ProjectInspector - ----------------------------------------------------------------------
19:13:14.916 [main] INFO  f.i.s.r.p.i.ProjectInspector - PIPELINE FINDING: BUILDNOTCHECKEDOUT
19:13:14.916 [main] INFO  f.i.s.r.p.i.ProjectInspector - ----------------------------------------------------------------------
19:13:14.916 [main] INFO  f.i.s.repairnator.pipeline.Launcher - Inspector is finished. The process will exit now.
