19:49:26.632 [main] INFO  f.i.s.repairnator.pipeline.Launcher - PIPELINE VERSION: 3.0-2018-08-09 19:04
19:49:26.800 [main] INFO  f.i.s.repairnator.pipeline.Launcher - The pipeline will try to reproduce a bug from build 353149392 and its corresponding patch from build 353152028
19:49:26.800 [main] INFO  f.i.s.repairnator.pipeline.Launcher - Initialize file serializer engines.
19:49:26.802 [main] INFO  f.i.s.repairnator.pipeline.Launcher - MongoDB won't be used for serialization.
19:49:26.803 [main] INFO  f.i.s.repairnator.pipeline.Launcher - The email notifier engine won't be used.
19:49:26.807 [main] INFO  f.i.s.repairnator.pipeline.Launcher - Start by getting the build (buildId: 353149392) with the following config: RepairnatorConfig{runId='9575d8af-9671-4a9d-853f-fad6e89e933b_03-18-week2-FAILING_AND_PASSING', launcherMode=BEARS, serializeJson=true, inputPath='null', outputPath='/var/log', mongodbHost='null', mongodbName='repairnator', smtpServer='null', notifyTo=[], notifyEndProcess=false, push=true, pushRemoteRepo='https://github.com/fermadeiral/bears-collection-fp', fork=false, lookFromDate=null, lookToDate=null, buildId=353149392, z3solverPath='./z3_for_linux', workspacePath='./workspace', githubToken='c8a341a903[...]', dockerImageName='null', skipDelete=false, createOutputDir=false, logDirectory='null', nbThreads=0, globalTimeout=0, whiteList=null, blackList=null, jobSleepTime=0, buildSleepTime=0, maxInspectedBuilds=0, duration=null, humanPatch=false, repository='null', clean=true, bearsMode=BOTH, bearsDelimiter = false, repairTools=NopolAllTests,NPEFix,AssertFixer,AstorJGenProg,AstorJKali,NopolSingleTest,AstorJMut,NopolTestExclusionStrategy, githubUserName= fermadeiral, githubUserEmail=fer.madeiral@gmail.com}
19:49:28.306 [main] DEBUG fr.inria.jtravis.helpers.BuildHelper - Get request to :https://api.travis-ci.org/build/353149392 done after 968 ms
19:49:28.698 [main] DEBUG fr.inria.jtravis.helpers.BuildHelper - Get request to :https://api.travis-ci.org/build/353152028 done after 257 ms
19:49:28.714 [main] INFO  f.i.s.repairnator.pipeline.Launcher - The patched build (353152028) was successfully retrieved from Travis.
19:49:30.207 [main] INFO  fr.inria.jtravis.JTravis - GitHub ratelimit: Limit: 5000 Remaining: 4791 Reset hour: 19:31:21
19:49:30.526 [main] INFO  f.i.s.r.p.i.ProjectInspector - ----------------------------------------------------------------------
19:49:30.527 [main] INFO  f.i.s.r.p.i.ProjectInspector - PIPELINE STEPS
19:49:30.527 [main] INFO  f.i.s.r.p.i.ProjectInspector - ----------------------------------------------------------------------
19:49:30.527 [main] INFO  f.i.s.r.p.i.ProjectInspector - CloneRepository
19:49:30.528 [main] INFO  f.i.s.r.p.i.ProjectInspector - CheckoutBuggyBuildCandidate
19:49:30.528 [main] INFO  f.i.s.r.p.i.ProjectInspector - ComputeSourceDir
19:49:30.529 [main] INFO  f.i.s.r.p.i.ProjectInspector - ComputeTestDir
19:49:30.529 [main] INFO  f.i.s.r.p.i.ProjectInspector - BuildProjectBuggyBuildCandidate
19:49:30.530 [main] INFO  f.i.s.r.p.i.ProjectInspector - TestProjectBuggyBuildCandidate
19:49:30.530 [main] INFO  f.i.s.r.p.i.ProjectInspector - GatherTestInformationBuggyBuildCandidate
19:49:30.531 [main] INFO  f.i.s.r.p.i.ProjectInspector - InitRepoToPush
19:49:30.531 [main] INFO  f.i.s.r.p.i.ProjectInspector - ComputeClasspath
19:49:30.532 [main] INFO  f.i.s.r.p.i.ProjectInspector - ComputeModules
19:49:30.532 [main] INFO  f.i.s.r.p.i.ProjectInspector - CheckoutPatchedBuildCandidate
19:49:30.533 [main] INFO  f.i.s.r.p.i.ProjectInspector - BuildProjectPatchedBuildCandidate
19:49:30.533 [main] INFO  f.i.s.r.p.i.ProjectInspector - TestProjectPatchedBuildCandidate
19:49:30.534 [main] INFO  f.i.s.r.p.i.ProjectInspector - GatherTestInformationPatchedBuildCandidate
19:49:30.534 [main] INFO  f.i.s.r.p.i.ProjectInspector - CommitPatch
19:49:30.535 [main] INFO  f.i.s.r.p.i.ProjectInspector - WritePropertyFile
19:49:30.535 [main] INFO  f.i.s.r.p.i.ProjectInspector - CommitProcessEnd
19:49:30.536 [main] INFO  f.i.s.r.p.i.ProjectInspector - PushProcessEnd
19:49:30.536 [main] DEBUG f.i.s.r.process.step.CloneRepository - ----------------------------------------------------------------------
19:49:30.537 [main] DEBUG f.i.s.r.process.step.CloneRepository - STEP 1/18: CloneRepository
19:49:30.538 [main] DEBUG f.i.s.r.process.step.CloneRepository - ----------------------------------------------------------------------
19:49:30.538 [main] DEBUG f.i.s.r.process.step.CloneRepository - Cloning repository CorfuDB/CorfuDB in the following directory: ./workspace/CorfuDB/CorfuDB/353149392
19:56:36.931 [main] DEBUG f.i.s.r.process.step.CloneRepository - STEP STATUS: [ CloneRepository : SUCCESS ]
19:56:36.932 [main] DEBUG f.i.s.r.process.step.CloneRepository - STEP DURATION: 426s
19:56:36.932 [main] DEBUG f.i.s.r.process.step.CloneRepository - EXECUTE NEXT STEP
19:56:36.933 [main] DEBUG f.i.s.r.p.s.c.CheckoutBuggyBuild - ----------------------------------------------------------------------
19:56:36.933 [main] DEBUG f.i.s.r.p.s.c.CheckoutBuggyBuild - STEP 2/18: CheckoutBuggyBuildCandidate
19:56:36.933 [main] DEBUG f.i.s.r.p.s.c.CheckoutBuggyBuild - ----------------------------------------------------------------------
19:56:36.934 [main] DEBUG f.i.s.r.p.s.c.CheckoutBuggyBuild - Checking out buggy build candidate...
19:56:37.359 [main] INFO  fr.inria.jtravis.JTravis - GitHub ratelimit: Limit: 5000 Remaining: 4766 Reset hour: 19:31:21
19:56:39.948 [main] DEBUG f.i.s.r.p.s.c.CheckoutBuggyBuild - Reproduce the PR for CorfuDB/CorfuDB by fetching remote branch and merging.
19:56:40.878 [main] ERROR f.i.s.r.p.s.c.CheckoutBuggyBuild - Error while testing commit: org.eclipse.jgit.errors.MissingObjectException: Missing unknown 5b5635dcc64c7c9b4c09e5675e4e99ef6fe6391a
19:56:40.879 [main] ERROR f.i.s.r.p.s.c.CheckoutBuggyBuild - Commit head ref cannot be retrieved from the repository: 5b5635dcc64c7c9b4c09e5675e4e99ef6fe6391a. Operation aborted.
19:56:40.879 [main] ERROR f.i.s.r.p.s.c.CheckoutBuggyBuild - Error while merging two commits to reproduce the PR.
19:56:40.880 [main] DEBUG f.i.s.r.p.s.c.CheckoutBuggyBuild - STEP STATUS: [ CheckoutBuggyBuildCandidate : FAILURE ( BUILDNOTCHECKEDOUT ) ]
19:56:40.880 [main] DEBUG f.i.s.r.p.s.c.CheckoutBuggyBuild - STEP DURATION: 3s
19:56:40.880 [main] DEBUG f.i.s.r.p.s.c.CheckoutBuggyBuild - TERMINATE PIPELINE
19:56:40.881 [main] DEBUG f.i.s.r.p.s.c.CheckoutBuggyBuild - FINAL STEPS SKIPPED: The reproduction of the bug and/or the patch failed.
19:56:40.881 [main] INFO  f.i.s.r.p.s.c.CheckoutBuggyBuild - Serialize all data for the pair of builds 353149392, 353152028
19:56:40.998 [main] INFO  fr.inria.jtravis.JTravis - GitHub ratelimit: Limit: 5000 Remaining: 4759 Reset hour: 19:31:21
19:56:41.769 [main] INFO  f.i.s.r.p.i.ProjectInspector - ----------------------------------------------------------------------
19:56:41.770 [main] INFO  f.i.s.r.p.i.ProjectInspector - PIPELINE EXECUTION SUMMARY
19:56:41.770 [main] INFO  f.i.s.r.p.i.ProjectInspector - ----------------------------------------------------------------------
19:56:41.771 [main] INFO  f.i.s.r.p.i.ProjectInspector - CloneRepository......................................SUCCESS [ 426 s ]
19:56:41.771 [main] INFO  f.i.s.r.p.i.ProjectInspector - CheckoutBuggyBuildCandidate..........................FAILURE [   3 s ]
19:56:41.771 [main] INFO  f.i.s.r.p.i.ProjectInspector - ComputeSourceDir.....................................NOT RUN          
19:56:41.771 [main] INFO  f.i.s.r.p.i.ProjectInspector - ComputeTestDir.......................................NOT RUN          
19:56:41.772 [main] INFO  f.i.s.r.p.i.ProjectInspector - BuildProjectBuggyBuildCandidate......................NOT RUN          
19:56:41.772 [main] INFO  f.i.s.r.p.i.ProjectInspector - TestProjectBuggyBuildCandidate.......................NOT RUN          
19:56:41.772 [main] INFO  f.i.s.r.p.i.ProjectInspector - GatherTestInformationBuggyBuildCandidate.............NOT RUN          
19:56:41.773 [main] INFO  f.i.s.r.p.i.ProjectInspector - InitRepoToPush.......................................NOT RUN          
19:56:41.773 [main] INFO  f.i.s.r.p.i.ProjectInspector - ComputeClasspath.....................................NOT RUN          
19:56:41.773 [main] INFO  f.i.s.r.p.i.ProjectInspector - ComputeModules.......................................NOT RUN          
19:56:41.774 [main] INFO  f.i.s.r.p.i.ProjectInspector - CheckoutPatchedBuildCandidate........................NOT RUN          
19:56:41.774 [main] INFO  f.i.s.r.p.i.ProjectInspector - BuildProjectPatchedBuildCandidate....................NOT RUN          
19:56:41.774 [main] INFO  f.i.s.r.p.i.ProjectInspector - TestProjectPatchedBuildCandidate.....................NOT RUN          
19:56:41.775 [main] INFO  f.i.s.r.p.i.ProjectInspector - GatherTestInformationPatchedBuildCandidate...........NOT RUN          
19:56:41.775 [main] INFO  f.i.s.r.p.i.ProjectInspector - CommitPatch..........................................NOT RUN          
19:56:41.775 [main] INFO  f.i.s.r.p.i.ProjectInspector - WritePropertyFile....................................NOT RUN          
19:56:41.775 [main] INFO  f.i.s.r.p.i.ProjectInspector - CommitProcessEnd.....................................NOT RUN          
19:56:41.776 [main] INFO  f.i.s.r.p.i.ProjectInspector - PushProcessEnd.......................................NOT RUN          
19:56:41.776 [main] INFO  f.i.s.r.p.i.ProjectInspector - ----------------------------------------------------------------------
19:56:41.776 [main] INFO  f.i.s.r.p.i.ProjectInspector - PIPELINE FINDING: BUILDNOTCHECKEDOUT
19:56:41.777 [main] INFO  f.i.s.r.p.i.ProjectInspector - ----------------------------------------------------------------------
19:56:41.777 [main] INFO  f.i.s.repairnator.pipeline.Launcher - Inspector is finished. The process will exit now.
