19:12:56.770 [main] INFO  f.i.s.repairnator.pipeline.Launcher - PIPELINE VERSION: 3.0-2018-08-09 19:04
19:12:56.896 [main] INFO  f.i.s.repairnator.pipeline.Launcher - The pipeline will try to reproduce a bug from build 353257667 and its corresponding patch from build 353276246
19:12:56.897 [main] INFO  f.i.s.repairnator.pipeline.Launcher - Initialize file serializer engines.
19:12:56.899 [main] INFO  f.i.s.repairnator.pipeline.Launcher - MongoDB won't be used for serialization.
19:12:56.899 [main] INFO  f.i.s.repairnator.pipeline.Launcher - The email notifier engine won't be used.
19:12:56.902 [main] INFO  f.i.s.repairnator.pipeline.Launcher - Start by getting the build (buildId: 353257667) with the following config: RepairnatorConfig{runId='9575d8af-9671-4a9d-853f-fad6e89e933b_03-18-week2-FAILING_AND_PASSING', launcherMode=BEARS, serializeJson=true, inputPath='null', outputPath='/var/log', mongodbHost='null', mongodbName='repairnator', smtpServer='null', notifyTo=[], notifyEndProcess=false, push=true, pushRemoteRepo='https://github.com/fermadeiral/bears-collection-fp', fork=false, lookFromDate=null, lookToDate=null, buildId=353257667, z3solverPath='./z3_for_linux', workspacePath='./workspace', githubToken='c8a341a903[...]', dockerImageName='null', skipDelete=false, createOutputDir=false, logDirectory='null', nbThreads=0, globalTimeout=0, whiteList=null, blackList=null, jobSleepTime=0, buildSleepTime=0, maxInspectedBuilds=0, duration=null, humanPatch=false, repository='null', clean=true, bearsMode=BOTH, bearsDelimiter = false, repairTools=NopolAllTests,NPEFix,AssertFixer,AstorJGenProg,AstorJKali,NopolSingleTest,AstorJMut,NopolTestExclusionStrategy, githubUserName= fermadeiral, githubUserEmail=fer.madeiral@gmail.com}
19:12:58.088 [main] DEBUG fr.inria.jtravis.helpers.BuildHelper - Get request to :https://api.travis-ci.org/build/353257667 done after 749 ms
19:12:58.316 [main] DEBUG fr.inria.jtravis.helpers.BuildHelper - Get request to :https://api.travis-ci.org/build/353276246 done after 132 ms
19:12:58.328 [main] INFO  f.i.s.repairnator.pipeline.Launcher - The patched build (353276246) was successfully retrieved from Travis.
19:12:59.386 [main] INFO  fr.inria.jtravis.JTravis - GitHub ratelimit: Limit: 5000 Remaining: 4856 Reset hour: 19:31:17
19:12:59.629 [main] INFO  f.i.s.r.p.i.ProjectInspector - ----------------------------------------------------------------------
19:12:59.629 [main] INFO  f.i.s.r.p.i.ProjectInspector - PIPELINE STEPS
19:12:59.630 [main] INFO  f.i.s.r.p.i.ProjectInspector - ----------------------------------------------------------------------
19:12:59.630 [main] INFO  f.i.s.r.p.i.ProjectInspector - CloneRepository
19:12:59.630 [main] INFO  f.i.s.r.p.i.ProjectInspector - CheckoutBuggyBuildCandidate
19:12:59.630 [main] INFO  f.i.s.r.p.i.ProjectInspector - ComputeSourceDir
19:12:59.630 [main] INFO  f.i.s.r.p.i.ProjectInspector - ComputeTestDir
19:12:59.630 [main] INFO  f.i.s.r.p.i.ProjectInspector - BuildProjectBuggyBuildCandidate
19:12:59.630 [main] INFO  f.i.s.r.p.i.ProjectInspector - TestProjectBuggyBuildCandidate
19:12:59.630 [main] INFO  f.i.s.r.p.i.ProjectInspector - GatherTestInformationBuggyBuildCandidate
19:12:59.631 [main] INFO  f.i.s.r.p.i.ProjectInspector - InitRepoToPush
19:12:59.631 [main] INFO  f.i.s.r.p.i.ProjectInspector - ComputeClasspath
19:12:59.631 [main] INFO  f.i.s.r.p.i.ProjectInspector - ComputeModules
19:12:59.631 [main] INFO  f.i.s.r.p.i.ProjectInspector - CheckoutPatchedBuildCandidate
19:12:59.631 [main] INFO  f.i.s.r.p.i.ProjectInspector - BuildProjectPatchedBuildCandidate
19:12:59.632 [main] INFO  f.i.s.r.p.i.ProjectInspector - TestProjectPatchedBuildCandidate
19:12:59.632 [main] INFO  f.i.s.r.p.i.ProjectInspector - GatherTestInformationPatchedBuildCandidate
19:12:59.632 [main] INFO  f.i.s.r.p.i.ProjectInspector - CommitPatch
19:12:59.632 [main] INFO  f.i.s.r.p.i.ProjectInspector - WritePropertyFile
19:12:59.632 [main] INFO  f.i.s.r.p.i.ProjectInspector - CommitProcessEnd
19:12:59.632 [main] INFO  f.i.s.r.p.i.ProjectInspector - PushProcessEnd
19:12:59.633 [main] DEBUG f.i.s.r.process.step.CloneRepository - ----------------------------------------------------------------------
19:12:59.633 [main] DEBUG f.i.s.r.process.step.CloneRepository - STEP 1/18: CloneRepository
19:12:59.633 [main] DEBUG f.i.s.r.process.step.CloneRepository - ----------------------------------------------------------------------
19:12:59.634 [main] DEBUG f.i.s.r.process.step.CloneRepository - Cloning repository EnMasseProject/enmasse in the following directory: ./workspace/EnMasseProject/enmasse/353257667
19:13:29.860 [main] DEBUG f.i.s.r.process.step.CloneRepository - STEP STATUS: [ CloneRepository : SUCCESS ]
19:13:29.861 [main] DEBUG f.i.s.r.process.step.CloneRepository - STEP DURATION: 30s
19:13:29.861 [main] DEBUG f.i.s.r.process.step.CloneRepository - EXECUTE NEXT STEP
19:13:29.862 [main] DEBUG f.i.s.r.p.s.c.CheckoutBuggyBuild - ----------------------------------------------------------------------
19:13:29.862 [main] DEBUG f.i.s.r.p.s.c.CheckoutBuggyBuild - STEP 2/18: CheckoutBuggyBuildCandidate
19:13:29.862 [main] DEBUG f.i.s.r.p.s.c.CheckoutBuggyBuild - ----------------------------------------------------------------------
19:13:29.862 [main] DEBUG f.i.s.r.p.s.c.CheckoutBuggyBuild - Checking out buggy build candidate...
19:13:30.235 [main] INFO  fr.inria.jtravis.JTravis - GitHub ratelimit: Limit: 5000 Remaining: 4849 Reset hour: 19:31:17
19:13:32.417 [main] DEBUG f.i.s.r.p.s.c.CheckoutBuggyBuild - Reproduce the PR for EnMasseProject/enmasse by fetching remote branch and merging.
19:13:33.133 [main] ERROR f.i.s.r.p.s.c.CheckoutBuggyBuild - Error while testing commit: org.eclipse.jgit.errors.MissingObjectException: Missing unknown b826b8b6e755c973c4db4e24f18f382282d1709c
19:13:33.134 [main] ERROR f.i.s.r.p.s.c.CheckoutBuggyBuild - Commit head ref cannot be retrieved from the repository: b826b8b6e755c973c4db4e24f18f382282d1709c. Operation aborted.
19:13:33.134 [main] ERROR f.i.s.r.p.s.c.CheckoutBuggyBuild - Error while merging two commits to reproduce the PR.
19:13:33.135 [main] DEBUG f.i.s.r.p.s.c.CheckoutBuggyBuild - STEP STATUS: [ CheckoutBuggyBuildCandidate : FAILURE ( BUILDNOTCHECKEDOUT ) ]
19:13:33.135 [main] DEBUG f.i.s.r.p.s.c.CheckoutBuggyBuild - STEP DURATION: 3s
19:13:33.136 [main] DEBUG f.i.s.r.p.s.c.CheckoutBuggyBuild - TERMINATE PIPELINE
19:13:33.136 [main] DEBUG f.i.s.r.p.s.c.CheckoutBuggyBuild - FINAL STEPS SKIPPED: The reproduction of the bug and/or the patch failed.
19:13:33.136 [main] INFO  f.i.s.r.p.s.c.CheckoutBuggyBuild - Serialize all data for the pair of builds 353257667, 353276246
19:13:33.286 [main] INFO  fr.inria.jtravis.JTravis - GitHub ratelimit: Limit: 5000 Remaining: 4842 Reset hour: 19:31:17
19:13:34.325 [main] INFO  f.i.s.r.p.i.ProjectInspector - ----------------------------------------------------------------------
19:13:34.326 [main] INFO  f.i.s.r.p.i.ProjectInspector - PIPELINE EXECUTION SUMMARY
19:13:34.326 [main] INFO  f.i.s.r.p.i.ProjectInspector - ----------------------------------------------------------------------
19:13:34.326 [main] INFO  f.i.s.r.p.i.ProjectInspector - CloneRepository.......................................SUCCESS [ 30 s ]
19:13:34.326 [main] INFO  f.i.s.r.p.i.ProjectInspector - CheckoutBuggyBuildCandidate...........................FAILURE [  3 s ]
19:13:34.327 [main] INFO  f.i.s.r.p.i.ProjectInspector - ComputeSourceDir......................................NOT RUN         
19:13:34.327 [main] INFO  f.i.s.r.p.i.ProjectInspector - ComputeTestDir........................................NOT RUN         
19:13:34.327 [main] INFO  f.i.s.r.p.i.ProjectInspector - BuildProjectBuggyBuildCandidate.......................NOT RUN         
19:13:34.327 [main] INFO  f.i.s.r.p.i.ProjectInspector - TestProjectBuggyBuildCandidate........................NOT RUN         
19:13:34.327 [main] INFO  f.i.s.r.p.i.ProjectInspector - GatherTestInformationBuggyBuildCandidate..............NOT RUN         
19:13:34.327 [main] INFO  f.i.s.r.p.i.ProjectInspector - InitRepoToPush........................................NOT RUN         
19:13:34.327 [main] INFO  f.i.s.r.p.i.ProjectInspector - ComputeClasspath......................................NOT RUN         
19:13:34.328 [main] INFO  f.i.s.r.p.i.ProjectInspector - ComputeModules........................................NOT RUN         
19:13:34.328 [main] INFO  f.i.s.r.p.i.ProjectInspector - CheckoutPatchedBuildCandidate.........................NOT RUN         
19:13:34.328 [main] INFO  f.i.s.r.p.i.ProjectInspector - BuildProjectPatchedBuildCandidate.....................NOT RUN         
19:13:34.328 [main] INFO  f.i.s.r.p.i.ProjectInspector - TestProjectPatchedBuildCandidate......................NOT RUN         
19:13:34.328 [main] INFO  f.i.s.r.p.i.ProjectInspector - GatherTestInformationPatchedBuildCandidate............NOT RUN         
19:13:34.328 [main] INFO  f.i.s.r.p.i.ProjectInspector - CommitPatch...........................................NOT RUN         
19:13:34.329 [main] INFO  f.i.s.r.p.i.ProjectInspector - WritePropertyFile.....................................NOT RUN         
19:13:34.329 [main] INFO  f.i.s.r.p.i.ProjectInspector - CommitProcessEnd......................................NOT RUN         
19:13:34.329 [main] INFO  f.i.s.r.p.i.ProjectInspector - PushProcessEnd........................................NOT RUN         
19:13:34.329 [main] INFO  f.i.s.r.p.i.ProjectInspector - ----------------------------------------------------------------------
19:13:34.329 [main] INFO  f.i.s.r.p.i.ProjectInspector - PIPELINE FINDING: BUILDNOTCHECKEDOUT
19:13:34.329 [main] INFO  f.i.s.r.p.i.ProjectInspector - ----------------------------------------------------------------------
19:13:34.329 [main] INFO  f.i.s.repairnator.pipeline.Launcher - Inspector is finished. The process will exit now.
