19:51:52.712 [main] INFO  f.i.s.repairnator.pipeline.Launcher - PIPELINE VERSION: 3.0-2018-08-09 19:04
19:51:52.818 [main] INFO  f.i.s.repairnator.pipeline.Launcher - The pipeline will try to reproduce a bug from build 351556987 and its corresponding patch from build 351569792
19:51:52.818 [main] INFO  f.i.s.repairnator.pipeline.Launcher - Initialize file serializer engines.
19:51:52.819 [main] INFO  f.i.s.repairnator.pipeline.Launcher - MongoDB won't be used for serialization.
19:51:52.820 [main] INFO  f.i.s.repairnator.pipeline.Launcher - The email notifier engine won't be used.
19:51:52.822 [main] INFO  f.i.s.repairnator.pipeline.Launcher - Start by getting the build (buildId: 351556987) with the following config: RepairnatorConfig{runId='9575d8af-9671-4a9d-853f-fad6e89e933b_03-18-week2-FAILING_AND_PASSING', launcherMode=BEARS, serializeJson=true, inputPath='null', outputPath='/var/log', mongodbHost='null', mongodbName='repairnator', smtpServer='null', notifyTo=[], notifyEndProcess=false, push=true, pushRemoteRepo='https://github.com/fermadeiral/bears-collection-fp', fork=false, lookFromDate=null, lookToDate=null, buildId=351556987, z3solverPath='./z3_for_linux', workspacePath='./workspace', githubToken='c8a341a903[...]', dockerImageName='null', skipDelete=false, createOutputDir=false, logDirectory='null', nbThreads=0, globalTimeout=0, whiteList=null, blackList=null, jobSleepTime=0, buildSleepTime=0, maxInspectedBuilds=0, duration=null, humanPatch=false, repository='null', clean=true, bearsMode=BOTH, bearsDelimiter = false, repairTools=NopolAllTests,NPEFix,AssertFixer,AstorJGenProg,AstorJKali,NopolSingleTest,AstorJMut,NopolTestExclusionStrategy, githubUserName= fermadeiral, githubUserEmail=fer.madeiral@gmail.com}
19:51:53.965 [main] DEBUG fr.inria.jtravis.helpers.BuildHelper - Get request to :https://api.travis-ci.org/build/351556987 done after 761 ms
19:51:54.183 [main] DEBUG fr.inria.jtravis.helpers.BuildHelper - Get request to :https://api.travis-ci.org/build/351569792 done after 135 ms
19:51:54.193 [main] INFO  f.i.s.repairnator.pipeline.Launcher - The patched build (351569792) was successfully retrieved from Travis.
19:51:55.216 [main] INFO  fr.inria.jtravis.JTravis - GitHub ratelimit: Limit: 5000 Remaining: 4782 Reset hour: 19:31:21
19:51:55.455 [main] INFO  f.i.s.r.p.i.ProjectInspector - ----------------------------------------------------------------------
19:51:55.455 [main] INFO  f.i.s.r.p.i.ProjectInspector - PIPELINE STEPS
19:51:55.455 [main] INFO  f.i.s.r.p.i.ProjectInspector - ----------------------------------------------------------------------
19:51:55.455 [main] INFO  f.i.s.r.p.i.ProjectInspector - CloneRepository
19:51:55.456 [main] INFO  f.i.s.r.p.i.ProjectInspector - CheckoutBuggyBuildCandidate
19:51:55.456 [main] INFO  f.i.s.r.p.i.ProjectInspector - ComputeSourceDir
19:51:55.456 [main] INFO  f.i.s.r.p.i.ProjectInspector - ComputeTestDir
19:51:55.456 [main] INFO  f.i.s.r.p.i.ProjectInspector - BuildProjectBuggyBuildCandidate
19:51:55.456 [main] INFO  f.i.s.r.p.i.ProjectInspector - TestProjectBuggyBuildCandidate
19:51:55.456 [main] INFO  f.i.s.r.p.i.ProjectInspector - GatherTestInformationBuggyBuildCandidate
19:51:55.456 [main] INFO  f.i.s.r.p.i.ProjectInspector - InitRepoToPush
19:51:55.456 [main] INFO  f.i.s.r.p.i.ProjectInspector - ComputeClasspath
19:51:55.457 [main] INFO  f.i.s.r.p.i.ProjectInspector - ComputeModules
19:51:55.457 [main] INFO  f.i.s.r.p.i.ProjectInspector - CheckoutPatchedBuildCandidate
19:51:55.457 [main] INFO  f.i.s.r.p.i.ProjectInspector - BuildProjectPatchedBuildCandidate
19:51:55.457 [main] INFO  f.i.s.r.p.i.ProjectInspector - TestProjectPatchedBuildCandidate
19:51:55.457 [main] INFO  f.i.s.r.p.i.ProjectInspector - GatherTestInformationPatchedBuildCandidate
19:51:55.457 [main] INFO  f.i.s.r.p.i.ProjectInspector - CommitPatch
19:51:55.457 [main] INFO  f.i.s.r.p.i.ProjectInspector - WritePropertyFile
19:51:55.457 [main] INFO  f.i.s.r.p.i.ProjectInspector - CommitProcessEnd
19:51:55.457 [main] INFO  f.i.s.r.p.i.ProjectInspector - PushProcessEnd
19:51:55.458 [main] DEBUG f.i.s.r.process.step.CloneRepository - ----------------------------------------------------------------------
19:51:55.458 [main] DEBUG f.i.s.r.process.step.CloneRepository - STEP 1/18: CloneRepository
19:51:55.459 [main] DEBUG f.i.s.r.process.step.CloneRepository - ----------------------------------------------------------------------
19:51:55.459 [main] DEBUG f.i.s.r.process.step.CloneRepository - Cloning repository CorfuDB/CorfuDB in the following directory: ./workspace/CorfuDB/CorfuDB/351556987
19:55:59.991 [main] DEBUG f.i.s.r.process.step.CloneRepository - STEP STATUS: [ CloneRepository : SUCCESS ]
19:55:59.992 [main] DEBUG f.i.s.r.process.step.CloneRepository - STEP DURATION: 244s
19:55:59.992 [main] DEBUG f.i.s.r.process.step.CloneRepository - EXECUTE NEXT STEP
19:55:59.993 [main] DEBUG f.i.s.r.p.s.c.CheckoutBuggyBuild - ----------------------------------------------------------------------
19:55:59.993 [main] DEBUG f.i.s.r.p.s.c.CheckoutBuggyBuild - STEP 2/18: CheckoutBuggyBuildCandidate
19:55:59.993 [main] DEBUG f.i.s.r.p.s.c.CheckoutBuggyBuild - ----------------------------------------------------------------------
19:55:59.994 [main] DEBUG f.i.s.r.p.s.c.CheckoutBuggyBuild - Checking out buggy build candidate...
19:56:00.461 [main] INFO  fr.inria.jtravis.JTravis - GitHub ratelimit: Limit: 5000 Remaining: 4777 Reset hour: 19:31:21
19:56:04.125 [main] DEBUG f.i.s.r.p.s.c.CheckoutBuggyBuild - Reproduce the PR for CorfuDB/CorfuDB by fetching remote branch and merging.
19:56:05.147 [main] ERROR f.i.s.r.p.s.c.CheckoutBuggyBuild - Error while testing commit: org.eclipse.jgit.errors.MissingObjectException: Missing unknown 387f80cc498fa04b7373414e9b884bc3c0637d94
19:56:05.148 [main] ERROR f.i.s.r.p.s.c.CheckoutBuggyBuild - Commit head ref cannot be retrieved from the repository: 387f80cc498fa04b7373414e9b884bc3c0637d94. Operation aborted.
19:56:05.148 [main] ERROR f.i.s.r.p.s.c.CheckoutBuggyBuild - Error while merging two commits to reproduce the PR.
19:56:05.149 [main] DEBUG f.i.s.r.p.s.c.CheckoutBuggyBuild - STEP STATUS: [ CheckoutBuggyBuildCandidate : FAILURE ( BUILDNOTCHECKEDOUT ) ]
19:56:05.149 [main] DEBUG f.i.s.r.p.s.c.CheckoutBuggyBuild - STEP DURATION: 5s
19:56:05.149 [main] DEBUG f.i.s.r.p.s.c.CheckoutBuggyBuild - TERMINATE PIPELINE
19:56:05.149 [main] DEBUG f.i.s.r.p.s.c.CheckoutBuggyBuild - FINAL STEPS SKIPPED: The reproduction of the bug and/or the patch failed.
19:56:05.150 [main] INFO  f.i.s.r.p.s.c.CheckoutBuggyBuild - Serialize all data for the pair of builds 351556987, 351569792
19:56:05.390 [main] INFO  fr.inria.jtravis.JTravis - GitHub ratelimit: Limit: 5000 Remaining: 4770 Reset hour: 19:31:21
19:56:06.024 [main] INFO  f.i.s.r.p.i.ProjectInspector - ----------------------------------------------------------------------
19:56:06.024 [main] INFO  f.i.s.r.p.i.ProjectInspector - PIPELINE EXECUTION SUMMARY
19:56:06.025 [main] INFO  f.i.s.r.p.i.ProjectInspector - ----------------------------------------------------------------------
19:56:06.025 [main] INFO  f.i.s.r.p.i.ProjectInspector - CloneRepository......................................SUCCESS [ 244 s ]
19:56:06.025 [main] INFO  f.i.s.r.p.i.ProjectInspector - CheckoutBuggyBuildCandidate..........................FAILURE [   5 s ]
19:56:06.025 [main] INFO  f.i.s.r.p.i.ProjectInspector - ComputeSourceDir.....................................NOT RUN          
19:56:06.026 [main] INFO  f.i.s.r.p.i.ProjectInspector - ComputeTestDir.......................................NOT RUN          
19:56:06.026 [main] INFO  f.i.s.r.p.i.ProjectInspector - BuildProjectBuggyBuildCandidate......................NOT RUN          
19:56:06.026 [main] INFO  f.i.s.r.p.i.ProjectInspector - TestProjectBuggyBuildCandidate.......................NOT RUN          
19:56:06.027 [main] INFO  f.i.s.r.p.i.ProjectInspector - GatherTestInformationBuggyBuildCandidate.............NOT RUN          
19:56:06.027 [main] INFO  f.i.s.r.p.i.ProjectInspector - InitRepoToPush.......................................NOT RUN          
19:56:06.027 [main] INFO  f.i.s.r.p.i.ProjectInspector - ComputeClasspath.....................................NOT RUN          
19:56:06.027 [main] INFO  f.i.s.r.p.i.ProjectInspector - ComputeModules.......................................NOT RUN          
19:56:06.028 [main] INFO  f.i.s.r.p.i.ProjectInspector - CheckoutPatchedBuildCandidate........................NOT RUN          
19:56:06.028 [main] INFO  f.i.s.r.p.i.ProjectInspector - BuildProjectPatchedBuildCandidate....................NOT RUN          
19:56:06.028 [main] INFO  f.i.s.r.p.i.ProjectInspector - TestProjectPatchedBuildCandidate.....................NOT RUN          
19:56:06.028 [main] INFO  f.i.s.r.p.i.ProjectInspector - GatherTestInformationPatchedBuildCandidate...........NOT RUN          
19:56:06.029 [main] INFO  f.i.s.r.p.i.ProjectInspector - CommitPatch..........................................NOT RUN          
19:56:06.029 [main] INFO  f.i.s.r.p.i.ProjectInspector - WritePropertyFile....................................NOT RUN          
19:56:06.029 [main] INFO  f.i.s.r.p.i.ProjectInspector - CommitProcessEnd.....................................NOT RUN          
19:56:06.029 [main] INFO  f.i.s.r.p.i.ProjectInspector - PushProcessEnd.......................................NOT RUN          
19:56:06.030 [main] INFO  f.i.s.r.p.i.ProjectInspector - ----------------------------------------------------------------------
19:56:06.030 [main] INFO  f.i.s.r.p.i.ProjectInspector - PIPELINE FINDING: BUILDNOTCHECKEDOUT
19:56:06.030 [main] INFO  f.i.s.r.p.i.ProjectInspector - ----------------------------------------------------------------------
19:56:06.030 [main] INFO  f.i.s.repairnator.pipeline.Launcher - Inspector is finished. The process will exit now.
