19:13:18.505 [main] INFO  f.i.s.repairnator.pipeline.Launcher - PIPELINE VERSION: 3.0-2018-08-09 19:04
19:13:18.639 [main] INFO  f.i.s.repairnator.pipeline.Launcher - The pipeline will try to reproduce a bug from build 351547248 and its corresponding patch from build 352255395
19:13:18.640 [main] INFO  f.i.s.repairnator.pipeline.Launcher - Initialize file serializer engines.
19:13:18.642 [main] INFO  f.i.s.repairnator.pipeline.Launcher - MongoDB won't be used for serialization.
19:13:18.642 [main] INFO  f.i.s.repairnator.pipeline.Launcher - The email notifier engine won't be used.
19:13:18.645 [main] INFO  f.i.s.repairnator.pipeline.Launcher - Start by getting the build (buildId: 351547248) with the following config: RepairnatorConfig{runId='9575d8af-9671-4a9d-853f-fad6e89e933b_03-18-week2-FAILING_AND_PASSING', launcherMode=BEARS, serializeJson=true, inputPath='null', outputPath='/var/log', mongodbHost='null', mongodbName='repairnator', smtpServer='null', notifyTo=[], notifyEndProcess=false, push=true, pushRemoteRepo='https://github.com/fermadeiral/bears-collection-fp', fork=false, lookFromDate=null, lookToDate=null, buildId=351547248, z3solverPath='./z3_for_linux', workspacePath='./workspace', githubToken='c8a341a903[...]', dockerImageName='null', skipDelete=false, createOutputDir=false, logDirectory='null', nbThreads=0, globalTimeout=0, whiteList=null, blackList=null, jobSleepTime=0, buildSleepTime=0, maxInspectedBuilds=0, duration=null, humanPatch=false, repository='null', clean=true, bearsMode=BOTH, bearsDelimiter = false, repairTools=NopolAllTests,NPEFix,AssertFixer,AstorJGenProg,AstorJKali,NopolSingleTest,AstorJMut,NopolTestExclusionStrategy, githubUserName= fermadeiral, githubUserEmail=fer.madeiral@gmail.com}
19:13:19.861 [main] DEBUG fr.inria.jtravis.helpers.BuildHelper - Get request to :https://api.travis-ci.org/build/351547248 done after 749 ms
19:13:20.109 [main] DEBUG fr.inria.jtravis.helpers.BuildHelper - Get request to :https://api.travis-ci.org/build/352255395 done after 153 ms
19:13:20.121 [main] INFO  f.i.s.repairnator.pipeline.Launcher - The patched build (352255395) was successfully retrieved from Travis.
19:13:21.321 [main] INFO  fr.inria.jtravis.JTravis - GitHub ratelimit: Limit: 5000 Remaining: 4852 Reset hour: 19:31:17
19:13:21.583 [main] INFO  f.i.s.r.p.i.ProjectInspector - ----------------------------------------------------------------------
19:13:21.583 [main] INFO  f.i.s.r.p.i.ProjectInspector - PIPELINE STEPS
19:13:21.583 [main] INFO  f.i.s.r.p.i.ProjectInspector - ----------------------------------------------------------------------
19:13:21.583 [main] INFO  f.i.s.r.p.i.ProjectInspector - CloneRepository
19:13:21.583 [main] INFO  f.i.s.r.p.i.ProjectInspector - CheckoutBuggyBuildCandidate
19:13:21.583 [main] INFO  f.i.s.r.p.i.ProjectInspector - ComputeSourceDir
19:13:21.583 [main] INFO  f.i.s.r.p.i.ProjectInspector - ComputeTestDir
19:13:21.584 [main] INFO  f.i.s.r.p.i.ProjectInspector - BuildProjectBuggyBuildCandidate
19:13:21.584 [main] INFO  f.i.s.r.p.i.ProjectInspector - TestProjectBuggyBuildCandidate
19:13:21.584 [main] INFO  f.i.s.r.p.i.ProjectInspector - GatherTestInformationBuggyBuildCandidate
19:13:21.584 [main] INFO  f.i.s.r.p.i.ProjectInspector - InitRepoToPush
19:13:21.584 [main] INFO  f.i.s.r.p.i.ProjectInspector - ComputeClasspath
19:13:21.584 [main] INFO  f.i.s.r.p.i.ProjectInspector - ComputeModules
19:13:21.584 [main] INFO  f.i.s.r.p.i.ProjectInspector - CheckoutPatchedBuildCandidate
19:13:21.584 [main] INFO  f.i.s.r.p.i.ProjectInspector - BuildProjectPatchedBuildCandidate
19:13:21.584 [main] INFO  f.i.s.r.p.i.ProjectInspector - TestProjectPatchedBuildCandidate
19:13:21.584 [main] INFO  f.i.s.r.p.i.ProjectInspector - GatherTestInformationPatchedBuildCandidate
19:13:21.585 [main] INFO  f.i.s.r.p.i.ProjectInspector - CommitPatch
19:13:21.585 [main] INFO  f.i.s.r.p.i.ProjectInspector - WritePropertyFile
19:13:21.585 [main] INFO  f.i.s.r.p.i.ProjectInspector - CommitProcessEnd
19:13:21.585 [main] INFO  f.i.s.r.p.i.ProjectInspector - PushProcessEnd
19:13:21.585 [main] DEBUG f.i.s.r.process.step.CloneRepository - ----------------------------------------------------------------------
19:13:21.585 [main] DEBUG f.i.s.r.process.step.CloneRepository - STEP 1/18: CloneRepository
19:13:21.585 [main] DEBUG f.i.s.r.process.step.CloneRepository - ----------------------------------------------------------------------
19:13:21.586 [main] DEBUG f.i.s.r.process.step.CloneRepository - Cloning repository EnMasseProject/enmasse in the following directory: ./workspace/EnMasseProject/enmasse/351547248
19:13:51.007 [main] DEBUG f.i.s.r.process.step.CloneRepository - STEP STATUS: [ CloneRepository : SUCCESS ]
19:13:51.008 [main] DEBUG f.i.s.r.process.step.CloneRepository - STEP DURATION: 29s
19:13:51.008 [main] DEBUG f.i.s.r.process.step.CloneRepository - EXECUTE NEXT STEP
19:13:51.008 [main] DEBUG f.i.s.r.p.s.c.CheckoutBuggyBuild - ----------------------------------------------------------------------
19:13:51.008 [main] DEBUG f.i.s.r.p.s.c.CheckoutBuggyBuild - STEP 2/18: CheckoutBuggyBuildCandidate
19:13:51.008 [main] DEBUG f.i.s.r.p.s.c.CheckoutBuggyBuild - ----------------------------------------------------------------------
19:13:51.009 [main] DEBUG f.i.s.r.p.s.c.CheckoutBuggyBuild - Checking out buggy build candidate...
19:13:51.016 [main] ERROR f.i.s.r.p.s.c.CheckoutBuggyBuild - Error while testing commit: org.eclipse.jgit.errors.MissingObjectException: Missing unknown 5596d9676f4bb9f10611352f5ae44bba9516c04a
19:13:51.016 [main] ERROR f.i.s.r.p.s.c.CheckoutBuggyBuild - Error while getting the commit to checkout from the repo.
19:13:51.017 [main] DEBUG f.i.s.r.p.s.c.CheckoutBuggyBuild - STEP STATUS: [ CheckoutBuggyBuildCandidate : FAILURE ( BUILDNOTCHECKEDOUT ) ]
19:13:51.017 [main] DEBUG f.i.s.r.p.s.c.CheckoutBuggyBuild - STEP DURATION: 0s
19:13:51.017 [main] DEBUG f.i.s.r.p.s.c.CheckoutBuggyBuild - TERMINATE PIPELINE
19:13:51.018 [main] DEBUG f.i.s.r.p.s.c.CheckoutBuggyBuild - FINAL STEPS SKIPPED: The reproduction of the bug and/or the patch failed.
19:13:51.018 [main] INFO  f.i.s.r.p.s.c.CheckoutBuggyBuild - Serialize all data for the pair of builds 351547248, 352255395
19:13:51.366 [main] INFO  fr.inria.jtravis.JTravis - GitHub ratelimit: Limit: 5000 Remaining: 4836 Reset hour: 19:31:17
19:13:52.400 [main] INFO  f.i.s.r.p.i.ProjectInspector - ----------------------------------------------------------------------
19:13:52.400 [main] INFO  f.i.s.r.p.i.ProjectInspector - PIPELINE EXECUTION SUMMARY
19:13:52.400 [main] INFO  f.i.s.r.p.i.ProjectInspector - ----------------------------------------------------------------------
19:13:52.400 [main] INFO  f.i.s.r.p.i.ProjectInspector - CloneRepository.......................................SUCCESS [ 29 s ]
19:13:52.401 [main] INFO  f.i.s.r.p.i.ProjectInspector - CheckoutBuggyBuildCandidate...........................FAILURE [  0 s ]
19:13:52.401 [main] INFO  f.i.s.r.p.i.ProjectInspector - ComputeSourceDir......................................NOT RUN         
19:13:52.401 [main] INFO  f.i.s.r.p.i.ProjectInspector - ComputeTestDir........................................NOT RUN         
19:13:52.401 [main] INFO  f.i.s.r.p.i.ProjectInspector - BuildProjectBuggyBuildCandidate.......................NOT RUN         
19:13:52.401 [main] INFO  f.i.s.r.p.i.ProjectInspector - TestProjectBuggyBuildCandidate........................NOT RUN         
19:13:52.401 [main] INFO  f.i.s.r.p.i.ProjectInspector - GatherTestInformationBuggyBuildCandidate..............NOT RUN         
19:13:52.401 [main] INFO  f.i.s.r.p.i.ProjectInspector - InitRepoToPush........................................NOT RUN         
19:13:52.406 [main] INFO  f.i.s.r.p.i.ProjectInspector - ComputeClasspath......................................NOT RUN         
19:13:52.406 [main] INFO  f.i.s.r.p.i.ProjectInspector - ComputeModules........................................NOT RUN         
19:13:52.406 [main] INFO  f.i.s.r.p.i.ProjectInspector - CheckoutPatchedBuildCandidate.........................NOT RUN         
19:13:52.407 [main] INFO  f.i.s.r.p.i.ProjectInspector - BuildProjectPatchedBuildCandidate.....................NOT RUN         
19:13:52.407 [main] INFO  f.i.s.r.p.i.ProjectInspector - TestProjectPatchedBuildCandidate......................NOT RUN         
19:13:52.407 [main] INFO  f.i.s.r.p.i.ProjectInspector - GatherTestInformationPatchedBuildCandidate............NOT RUN         
19:13:52.407 [main] INFO  f.i.s.r.p.i.ProjectInspector - CommitPatch...........................................NOT RUN         
19:13:52.407 [main] INFO  f.i.s.r.p.i.ProjectInspector - WritePropertyFile.....................................NOT RUN         
19:13:52.407 [main] INFO  f.i.s.r.p.i.ProjectInspector - CommitProcessEnd......................................NOT RUN         
19:13:52.407 [main] INFO  f.i.s.r.p.i.ProjectInspector - PushProcessEnd........................................NOT RUN         
19:13:52.408 [main] INFO  f.i.s.r.p.i.ProjectInspector - ----------------------------------------------------------------------
19:13:52.408 [main] INFO  f.i.s.r.p.i.ProjectInspector - PIPELINE FINDING: BUILDNOTCHECKEDOUT
19:13:52.408 [main] INFO  f.i.s.r.p.i.ProjectInspector - ----------------------------------------------------------------------
19:13:52.408 [main] INFO  f.i.s.repairnator.pipeline.Launcher - Inspector is finished. The process will exit now.
