12:09:08.581 [main] INFO  f.i.s.repairnator.pipeline.Launcher - PIPELINE VERSION: 3.0-2018-08-09 19:04
12:09:08.823 [main] INFO  f.i.s.repairnator.pipeline.Launcher - The pipeline will try to reproduce a bug from build 335594654 and its corresponding patch from build 335597744
12:09:08.824 [main] INFO  f.i.s.repairnator.pipeline.Launcher - Initialize file serializer engines.
12:09:08.828 [main] INFO  f.i.s.repairnator.pipeline.Launcher - MongoDB won't be used for serialization.
12:09:08.828 [main] INFO  f.i.s.repairnator.pipeline.Launcher - The email notifier engine won't be used.
12:09:08.834 [main] INFO  f.i.s.repairnator.pipeline.Launcher - Start by getting the build (buildId: 335594654) with the following config: RepairnatorConfig{runId='e37d2f70-f43d-494e-93aa-3a56dc324afd_01-18-week4-PASSING_AND_PASSING', launcherMode=BEARS, serializeJson=true, inputPath='null', outputPath='/var/log', mongodbHost='null', mongodbName='repairnator', smtpServer='null', notifyTo=[], notifyEndProcess=false, push=true, pushRemoteRepo='https://github.com/fermadeiral/bears-collection-pp', fork=false, lookFromDate=null, lookToDate=null, buildId=335594654, z3solverPath='./z3_for_linux', workspacePath='./workspace', githubToken='c8a341a903[...]', dockerImageName='null', skipDelete=false, createOutputDir=false, logDirectory='null', nbThreads=0, globalTimeout=0, whiteList=null, blackList=null, jobSleepTime=0, buildSleepTime=0, maxInspectedBuilds=0, duration=null, humanPatch=false, repository='null', clean=true, bearsMode=BOTH, bearsDelimiter = false, repairTools=NopolAllTests,NPEFix,AssertFixer,AstorJGenProg,AstorJKali,NopolSingleTest,AstorJMut,NopolTestExclusionStrategy, githubUserName= fermadeiral, githubUserEmail=fer.madeiral@gmail.com}
12:09:10.506 [main] DEBUG fr.inria.jtravis.helpers.BuildHelper - Get request to :https://api.travis-ci.org/build/335594654 done after 858 ms
12:09:10.815 [main] DEBUG fr.inria.jtravis.helpers.BuildHelper - Get request to :https://api.travis-ci.org/build/335597744 done after 156 ms
12:09:10.833 [main] INFO  f.i.s.repairnator.pipeline.Launcher - The patched build (335597744) was successfully retrieved from Travis.
12:09:12.194 [main] INFO  fr.inria.jtravis.JTravis - GitHub ratelimit: Limit: 5000 Remaining: 4818 Reset hour: 19:20:49
12:09:12.523 [main] INFO  f.i.s.r.p.i.ProjectInspector - ----------------------------------------------------------------------
12:09:12.523 [main] INFO  f.i.s.r.p.i.ProjectInspector - PIPELINE STEPS
12:09:12.524 [main] INFO  f.i.s.r.p.i.ProjectInspector - ----------------------------------------------------------------------
12:09:12.524 [main] INFO  f.i.s.r.p.i.ProjectInspector - CloneRepository
12:09:12.524 [main] INFO  f.i.s.r.p.i.ProjectInspector - CheckoutPatchedBuildCandidate
12:09:12.524 [main] INFO  f.i.s.r.p.i.ProjectInspector - ComputeSourceDir
12:09:12.524 [main] INFO  f.i.s.r.p.i.ProjectInspector - ComputeTestDir
12:09:12.524 [main] INFO  f.i.s.r.p.i.ProjectInspector - CheckoutBuggyBuildCandidateSourceCode
12:09:12.524 [main] INFO  f.i.s.r.p.i.ProjectInspector - BuildProjectBuggyBuildCandidateSourceCode
12:09:12.524 [main] INFO  f.i.s.r.p.i.ProjectInspector - TestProjectBuggyBuildCandidateSourceCode
12:09:12.525 [main] INFO  f.i.s.r.p.i.ProjectInspector - GatherTestInformationBuggyBuildCandidateSourceCode
12:09:12.525 [main] INFO  f.i.s.r.p.i.ProjectInspector - CheckoutBuggyBuildTestCode
12:09:12.525 [main] INFO  f.i.s.r.p.i.ProjectInspector - InitRepoToPush
12:09:12.525 [main] INFO  f.i.s.r.p.i.ProjectInspector - ComputeClasspath
12:09:12.525 [main] INFO  f.i.s.r.p.i.ProjectInspector - ComputeModules
12:09:12.525 [main] INFO  f.i.s.r.p.i.ProjectInspector - CheckoutBuggyBuildCandidateSourceCode
12:09:12.525 [main] INFO  f.i.s.r.p.i.ProjectInspector - CommitChangedTests
12:09:12.526 [main] INFO  f.i.s.r.p.i.ProjectInspector - CheckoutPatchedBuildCandidate
12:09:12.526 [main] INFO  f.i.s.r.p.i.ProjectInspector - BuildProjectPatchedBuildCandidate
12:09:12.526 [main] INFO  f.i.s.r.p.i.ProjectInspector - TestProjectPatchedBuildCandidate
12:09:12.526 [main] INFO  f.i.s.r.p.i.ProjectInspector - GatherTestInformationPatchedBuildCandidate
12:09:12.526 [main] INFO  f.i.s.r.p.i.ProjectInspector - CommitPatch
12:09:12.526 [main] INFO  f.i.s.r.p.i.ProjectInspector - WritePropertyFile
12:09:12.526 [main] INFO  f.i.s.r.p.i.ProjectInspector - CommitProcessEnd
12:09:12.527 [main] INFO  f.i.s.r.p.i.ProjectInspector - PushProcessEnd
12:09:12.527 [main] DEBUG f.i.s.r.process.step.CloneRepository - ----------------------------------------------------------------------
12:09:12.527 [main] DEBUG f.i.s.r.process.step.CloneRepository - STEP 1/22: CloneRepository
12:09:12.527 [main] DEBUG f.i.s.r.process.step.CloneRepository - ----------------------------------------------------------------------
12:09:12.527 [main] DEBUG f.i.s.r.process.step.CloneRepository - Cloning repository StuPro-TOSCAna/TOSCAna in the following directory: ./workspace/StuPro-TOSCAna/TOSCAna/335594654
12:09:34.309 [main] DEBUG f.i.s.r.process.step.CloneRepository - STEP STATUS: [ CloneRepository : SUCCESS ]
12:09:34.310 [main] DEBUG f.i.s.r.process.step.CloneRepository - STEP DURATION: 21s
12:09:34.311 [main] DEBUG f.i.s.r.process.step.CloneRepository - EXECUTE NEXT STEP
12:09:34.311 [main] DEBUG f.i.s.r.p.s.c.CheckoutPatchedBuild - ----------------------------------------------------------------------
12:09:34.312 [main] DEBUG f.i.s.r.p.s.c.CheckoutPatchedBuild - STEP 2/22: CheckoutPatchedBuildCandidate
12:09:34.312 [main] DEBUG f.i.s.r.p.s.c.CheckoutPatchedBuild - ----------------------------------------------------------------------
12:09:34.312 [main] DEBUG f.i.s.r.p.s.c.CheckoutPatchedBuild - Checking out patched build candidate...
12:09:34.658 [main] INFO  fr.inria.jtravis.JTravis - GitHub ratelimit: Limit: 5000 Remaining: 4811 Reset hour: 19:20:49
12:09:36.451 [main] DEBUG f.i.s.r.p.s.c.CheckoutPatchedBuild - Reproduce the PR for StuPro-TOSCAna/TOSCAna by fetching remote branch and merging.
12:09:36.821 [main] ERROR f.i.s.r.p.s.c.CheckoutPatchedBuild - Error while testing commit: org.eclipse.jgit.errors.MissingObjectException: Missing unknown 4179f7337d85562f6a37b6fa7d531dd8b13f1cbd
12:09:36.823 [main] ERROR f.i.s.r.p.s.c.CheckoutPatchedBuild - Commit head ref cannot be retrieved from the repository: 4179f7337d85562f6a37b6fa7d531dd8b13f1cbd. Operation aborted.
12:09:36.823 [main] ERROR f.i.s.r.p.s.c.CheckoutPatchedBuild - Error while merging two commits to reproduce the PR.
12:09:36.824 [main] DEBUG f.i.s.r.p.s.c.CheckoutPatchedBuild - STEP STATUS: [ CheckoutPatchedBuildCandidate : FAILURE ( BUILDNOTCHECKEDOUT ) ]
12:09:36.825 [main] DEBUG f.i.s.r.p.s.c.CheckoutPatchedBuild - STEP DURATION: 2s
12:09:36.825 [main] DEBUG f.i.s.r.p.s.c.CheckoutPatchedBuild - TERMINATE PIPELINE
12:09:36.825 [main] DEBUG f.i.s.r.p.s.c.CheckoutPatchedBuild - FINAL STEPS SKIPPED: The reproduction of the bug and/or the patch failed.
12:09:36.826 [main] INFO  f.i.s.r.p.s.c.CheckoutPatchedBuild - Serialize all data for the pair of builds 335594654, 335597744
12:09:36.958 [main] INFO  fr.inria.jtravis.JTravis - GitHub ratelimit: Limit: 5000 Remaining: 4802 Reset hour: 19:20:49
12:09:37.937 [main] INFO  f.i.s.r.p.i.ProjectInspector - ----------------------------------------------------------------------
12:09:37.938 [main] INFO  f.i.s.r.p.i.ProjectInspector - PIPELINE EXECUTION SUMMARY
12:09:37.938 [main] INFO  f.i.s.r.p.i.ProjectInspector - ----------------------------------------------------------------------
12:09:37.938 [main] INFO  f.i.s.r.p.i.ProjectInspector - CloneRepository.......................................SUCCESS [ 21 s ]
12:09:37.939 [main] INFO  f.i.s.r.p.i.ProjectInspector - CheckoutPatchedBuildCandidate.........................FAILURE [  2 s ]
12:09:37.939 [main] INFO  f.i.s.r.p.i.ProjectInspector - ComputeSourceDir......................................NOT RUN         
12:09:37.941 [main] INFO  f.i.s.r.p.i.ProjectInspector - ComputeTestDir........................................NOT RUN         
12:09:37.942 [main] INFO  f.i.s.r.p.i.ProjectInspector - CheckoutBuggyBuildCandidateSourceCode.................NOT RUN         
12:09:37.943 [main] INFO  f.i.s.r.p.i.ProjectInspector - BuildProjectBuggyBuildCandidateSourceCode.............NOT RUN         
12:09:37.944 [main] INFO  f.i.s.r.p.i.ProjectInspector - TestProjectBuggyBuildCandidateSourceCode..............NOT RUN         
12:09:37.944 [main] INFO  f.i.s.r.p.i.ProjectInspector - GatherTestInformationBuggyBuildCandidateSourceCode....NOT RUN         
12:09:37.945 [main] INFO  f.i.s.r.p.i.ProjectInspector - CheckoutBuggyBuildTestCode............................NOT RUN         
12:09:37.945 [main] INFO  f.i.s.r.p.i.ProjectInspector - InitRepoToPush........................................NOT RUN         
12:09:37.946 [main] INFO  f.i.s.r.p.i.ProjectInspector - ComputeClasspath......................................NOT RUN         
12:09:37.946 [main] INFO  f.i.s.r.p.i.ProjectInspector - ComputeModules........................................NOT RUN         
12:09:37.946 [main] INFO  f.i.s.r.p.i.ProjectInspector - CheckoutBuggyBuildCandidateSourceCode.................NOT RUN         
12:09:37.947 [main] INFO  f.i.s.r.p.i.ProjectInspector - CommitChangedTests....................................NOT RUN         
12:09:37.947 [main] INFO  f.i.s.r.p.i.ProjectInspector - CheckoutPatchedBuildCandidate.........................NOT RUN         
12:09:37.948 [main] INFO  f.i.s.r.p.i.ProjectInspector - BuildProjectPatchedBuildCandidate.....................NOT RUN         
12:09:37.948 [main] INFO  f.i.s.r.p.i.ProjectInspector - TestProjectPatchedBuildCandidate......................NOT RUN         
12:09:37.948 [main] INFO  f.i.s.r.p.i.ProjectInspector - GatherTestInformationPatchedBuildCandidate............NOT RUN         
12:09:37.949 [main] INFO  f.i.s.r.p.i.ProjectInspector - CommitPatch...........................................NOT RUN         
12:09:37.949 [main] INFO  f.i.s.r.p.i.ProjectInspector - WritePropertyFile.....................................NOT RUN         
12:09:37.950 [main] INFO  f.i.s.r.p.i.ProjectInspector - CommitProcessEnd......................................NOT RUN         
12:09:37.950 [main] INFO  f.i.s.r.p.i.ProjectInspector - PushProcessEnd........................................NOT RUN         
12:09:37.951 [main] INFO  f.i.s.r.p.i.ProjectInspector - ----------------------------------------------------------------------
12:09:37.951 [main] INFO  f.i.s.r.p.i.ProjectInspector - PIPELINE FINDING: BUILDNOTCHECKEDOUT
12:09:37.951 [main] INFO  f.i.s.r.p.i.ProjectInspector - ----------------------------------------------------------------------
12:09:37.951 [main] INFO  f.i.s.repairnator.pipeline.Launcher - Inspector is finished. The process will exit now.
