09:38:28.725 [main] INFO  f.i.s.repairnator.pipeline.Launcher - PIPELINE VERSION: 3.0-2018-08-09 19:04
09:38:28.840 [main] INFO  f.i.s.repairnator.pipeline.Launcher - The pipeline will try to reproduce a bug from build 331553606 and its corresponding patch from build 331939881
09:38:28.840 [main] INFO  f.i.s.repairnator.pipeline.Launcher - Initialize file serializer engines.
09:38:28.842 [main] INFO  f.i.s.repairnator.pipeline.Launcher - MongoDB won't be used for serialization.
09:38:28.842 [main] INFO  f.i.s.repairnator.pipeline.Launcher - The email notifier engine won't be used.
09:38:28.845 [main] INFO  f.i.s.repairnator.pipeline.Launcher - Start by getting the build (buildId: 331553606) with the following config: RepairnatorConfig{runId='e37d2f70-f43d-494e-93aa-3a56dc324afd_01-18-week4-PASSING_AND_PASSING', launcherMode=BEARS, serializeJson=true, inputPath='null', outputPath='/var/log', mongodbHost='null', mongodbName='repairnator', smtpServer='null', notifyTo=[], notifyEndProcess=false, push=true, pushRemoteRepo='https://github.com/fermadeiral/bears-collection-pp', fork=false, lookFromDate=null, lookToDate=null, buildId=331553606, z3solverPath='./z3_for_linux', workspacePath='./workspace', githubToken='c8a341a903[...]', dockerImageName='null', skipDelete=false, createOutputDir=false, logDirectory='null', nbThreads=0, globalTimeout=0, whiteList=null, blackList=null, jobSleepTime=0, buildSleepTime=0, maxInspectedBuilds=0, duration=null, humanPatch=false, repository='null', clean=true, bearsMode=BOTH, bearsDelimiter = false, repairTools=NopolAllTests,NPEFix,AssertFixer,AstorJGenProg,AstorJKali,NopolSingleTest,AstorJMut,NopolTestExclusionStrategy, githubUserName= fermadeiral, githubUserEmail=fer.madeiral@gmail.com}
09:38:30.386 [main] DEBUG fr.inria.jtravis.helpers.BuildHelper - Get request to :https://api.travis-ci.org/build/331553606 done after 1171 ms
09:38:30.623 [main] DEBUG fr.inria.jtravis.helpers.BuildHelper - Get request to :https://api.travis-ci.org/build/331939881 done after 134 ms
09:38:30.632 [main] INFO  f.i.s.repairnator.pipeline.Launcher - The patched build (331939881) was successfully retrieved from Travis.
09:38:31.706 [main] INFO  fr.inria.jtravis.JTravis - GitHub ratelimit: Limit: 5000 Remaining: 4263 Reset hour: 19:20:37
09:38:31.953 [main] INFO  f.i.s.r.p.i.ProjectInspector - ----------------------------------------------------------------------
09:38:31.954 [main] INFO  f.i.s.r.p.i.ProjectInspector - PIPELINE STEPS
09:38:31.954 [main] INFO  f.i.s.r.p.i.ProjectInspector - ----------------------------------------------------------------------
09:38:31.954 [main] INFO  f.i.s.r.p.i.ProjectInspector - CloneRepository
09:38:31.954 [main] INFO  f.i.s.r.p.i.ProjectInspector - CheckoutPatchedBuildCandidate
09:38:31.954 [main] INFO  f.i.s.r.p.i.ProjectInspector - ComputeSourceDir
09:38:31.954 [main] INFO  f.i.s.r.p.i.ProjectInspector - ComputeTestDir
09:38:31.955 [main] INFO  f.i.s.r.p.i.ProjectInspector - CheckoutBuggyBuildCandidateSourceCode
09:38:31.955 [main] INFO  f.i.s.r.p.i.ProjectInspector - BuildProjectBuggyBuildCandidateSourceCode
09:38:31.955 [main] INFO  f.i.s.r.p.i.ProjectInspector - TestProjectBuggyBuildCandidateSourceCode
09:38:31.955 [main] INFO  f.i.s.r.p.i.ProjectInspector - GatherTestInformationBuggyBuildCandidateSourceCode
09:38:31.955 [main] INFO  f.i.s.r.p.i.ProjectInspector - CheckoutBuggyBuildTestCode
09:38:31.955 [main] INFO  f.i.s.r.p.i.ProjectInspector - InitRepoToPush
09:38:31.955 [main] INFO  f.i.s.r.p.i.ProjectInspector - ComputeClasspath
09:38:31.956 [main] INFO  f.i.s.r.p.i.ProjectInspector - ComputeModules
09:38:31.956 [main] INFO  f.i.s.r.p.i.ProjectInspector - CheckoutBuggyBuildCandidateSourceCode
09:38:31.956 [main] INFO  f.i.s.r.p.i.ProjectInspector - CommitChangedTests
09:38:31.956 [main] INFO  f.i.s.r.p.i.ProjectInspector - CheckoutPatchedBuildCandidate
09:38:31.956 [main] INFO  f.i.s.r.p.i.ProjectInspector - BuildProjectPatchedBuildCandidate
09:38:31.956 [main] INFO  f.i.s.r.p.i.ProjectInspector - TestProjectPatchedBuildCandidate
09:38:31.956 [main] INFO  f.i.s.r.p.i.ProjectInspector - GatherTestInformationPatchedBuildCandidate
09:38:31.957 [main] INFO  f.i.s.r.p.i.ProjectInspector - CommitPatch
09:38:31.957 [main] INFO  f.i.s.r.p.i.ProjectInspector - WritePropertyFile
09:38:31.957 [main] INFO  f.i.s.r.p.i.ProjectInspector - CommitProcessEnd
09:38:31.957 [main] INFO  f.i.s.r.p.i.ProjectInspector - PushProcessEnd
09:38:31.957 [main] DEBUG f.i.s.r.process.step.CloneRepository - ----------------------------------------------------------------------
09:38:31.958 [main] DEBUG f.i.s.r.process.step.CloneRepository - STEP 1/22: CloneRepository
09:38:31.958 [main] DEBUG f.i.s.r.process.step.CloneRepository - ----------------------------------------------------------------------
09:38:31.958 [main] DEBUG f.i.s.r.process.step.CloneRepository - Cloning repository CorfuDB/CorfuDB in the following directory: ./workspace/CorfuDB/CorfuDB/331553606
09:43:08.782 [main] DEBUG f.i.s.r.process.step.CloneRepository - STEP STATUS: [ CloneRepository : SUCCESS ]
09:43:08.783 [main] DEBUG f.i.s.r.process.step.CloneRepository - STEP DURATION: 276s
09:43:08.783 [main] DEBUG f.i.s.r.process.step.CloneRepository - EXECUTE NEXT STEP
09:43:08.783 [main] DEBUG f.i.s.r.p.s.c.CheckoutPatchedBuild - ----------------------------------------------------------------------
09:43:08.783 [main] DEBUG f.i.s.r.p.s.c.CheckoutPatchedBuild - STEP 2/22: CheckoutPatchedBuildCandidate
09:43:08.783 [main] DEBUG f.i.s.r.p.s.c.CheckoutPatchedBuild - ----------------------------------------------------------------------
09:43:08.783 [main] DEBUG f.i.s.r.p.s.c.CheckoutPatchedBuild - Checking out patched build candidate...
09:43:09.234 [main] INFO  fr.inria.jtravis.JTravis - GitHub ratelimit: Limit: 5000 Remaining: 4174 Reset hour: 19:20:37
09:43:11.186 [main] DEBUG f.i.s.r.p.s.c.CheckoutPatchedBuild - Reproduce the PR for CorfuDB/CorfuDB by fetching remote branch and merging.
09:43:12.528 [main] ERROR f.i.s.r.p.s.c.CheckoutPatchedBuild - Error while testing commit: org.eclipse.jgit.errors.MissingObjectException: Missing unknown 0c4123a59662f154bb523be514af7fa9cf7ed716
09:43:12.538 [main] ERROR f.i.s.r.p.s.c.CheckoutPatchedBuild - Commit head ref cannot be retrieved from the repository: 0c4123a59662f154bb523be514af7fa9cf7ed716. Operation aborted.
09:43:12.539 [main] ERROR f.i.s.r.p.s.c.CheckoutPatchedBuild - Error while merging two commits to reproduce the PR.
09:43:12.540 [main] DEBUG f.i.s.r.p.s.c.CheckoutPatchedBuild - STEP STATUS: [ CheckoutPatchedBuildCandidate : FAILURE ( BUILDNOTCHECKEDOUT ) ]
09:43:12.541 [main] DEBUG f.i.s.r.p.s.c.CheckoutPatchedBuild - STEP DURATION: 3s
09:43:12.541 [main] DEBUG f.i.s.r.p.s.c.CheckoutPatchedBuild - TERMINATE PIPELINE
09:43:12.541 [main] DEBUG f.i.s.r.p.s.c.CheckoutPatchedBuild - FINAL STEPS SKIPPED: The reproduction of the bug and/or the patch failed.
09:43:12.542 [main] INFO  f.i.s.r.p.s.c.CheckoutPatchedBuild - Serialize all data for the pair of builds 331553606, 331939881
09:43:12.669 [main] INFO  fr.inria.jtravis.JTravis - GitHub ratelimit: Limit: 5000 Remaining: 4167 Reset hour: 19:20:37
09:43:13.208 [main] INFO  f.i.s.r.p.i.ProjectInspector - ----------------------------------------------------------------------
09:43:13.208 [main] INFO  f.i.s.r.p.i.ProjectInspector - PIPELINE EXECUTION SUMMARY
09:43:13.208 [main] INFO  f.i.s.r.p.i.ProjectInspector - ----------------------------------------------------------------------
09:43:13.209 [main] INFO  f.i.s.r.p.i.ProjectInspector - CloneRepository......................................SUCCESS [ 276 s ]
09:43:13.209 [main] INFO  f.i.s.r.p.i.ProjectInspector - CheckoutPatchedBuildCandidate........................FAILURE [   3 s ]
09:43:13.210 [main] INFO  f.i.s.r.p.i.ProjectInspector - ComputeSourceDir.....................................NOT RUN          
09:43:13.210 [main] INFO  f.i.s.r.p.i.ProjectInspector - ComputeTestDir.......................................NOT RUN          
09:43:13.210 [main] INFO  f.i.s.r.p.i.ProjectInspector - CheckoutBuggyBuildCandidateSourceCode................NOT RUN          
09:43:13.210 [main] INFO  f.i.s.r.p.i.ProjectInspector - BuildProjectBuggyBuildCandidateSourceCode............NOT RUN          
09:43:13.211 [main] INFO  f.i.s.r.p.i.ProjectInspector - TestProjectBuggyBuildCandidateSourceCode.............NOT RUN          
09:43:13.211 [main] INFO  f.i.s.r.p.i.ProjectInspector - GatherTestInformationBuggyBuildCandidateSourceCode...NOT RUN          
09:43:13.211 [main] INFO  f.i.s.r.p.i.ProjectInspector - CheckoutBuggyBuildTestCode...........................NOT RUN          
09:43:13.211 [main] INFO  f.i.s.r.p.i.ProjectInspector - InitRepoToPush.......................................NOT RUN          
09:43:13.211 [main] INFO  f.i.s.r.p.i.ProjectInspector - ComputeClasspath.....................................NOT RUN          
09:43:13.211 [main] INFO  f.i.s.r.p.i.ProjectInspector - ComputeModules.......................................NOT RUN          
09:43:13.212 [main] INFO  f.i.s.r.p.i.ProjectInspector - CheckoutBuggyBuildCandidateSourceCode................NOT RUN          
09:43:13.212 [main] INFO  f.i.s.r.p.i.ProjectInspector - CommitChangedTests...................................NOT RUN          
09:43:13.212 [main] INFO  f.i.s.r.p.i.ProjectInspector - CheckoutPatchedBuildCandidate........................NOT RUN          
09:43:13.212 [main] INFO  f.i.s.r.p.i.ProjectInspector - BuildProjectPatchedBuildCandidate....................NOT RUN          
09:43:13.212 [main] INFO  f.i.s.r.p.i.ProjectInspector - TestProjectPatchedBuildCandidate.....................NOT RUN          
09:43:13.212 [main] INFO  f.i.s.r.p.i.ProjectInspector - GatherTestInformationPatchedBuildCandidate...........NOT RUN          
09:43:13.213 [main] INFO  f.i.s.r.p.i.ProjectInspector - CommitPatch..........................................NOT RUN          
09:43:13.213 [main] INFO  f.i.s.r.p.i.ProjectInspector - WritePropertyFile....................................NOT RUN          
09:43:13.213 [main] INFO  f.i.s.r.p.i.ProjectInspector - CommitProcessEnd.....................................NOT RUN          
09:43:13.213 [main] INFO  f.i.s.r.p.i.ProjectInspector - PushProcessEnd.......................................NOT RUN          
09:43:13.213 [main] INFO  f.i.s.r.p.i.ProjectInspector - ----------------------------------------------------------------------
09:43:13.213 [main] INFO  f.i.s.r.p.i.ProjectInspector - PIPELINE FINDING: BUILDNOTCHECKEDOUT
09:43:13.213 [main] INFO  f.i.s.r.p.i.ProjectInspector - ----------------------------------------------------------------------
09:43:13.214 [main] INFO  f.i.s.repairnator.pipeline.Launcher - Inspector is finished. The process will exit now.
