08:58:50.386 [main] INFO  f.i.s.repairnator.pipeline.Launcher - PIPELINE VERSION: 3.0-2018-08-09 19:04
08:58:50.511 [main] INFO  f.i.s.repairnator.pipeline.Launcher - The pipeline will try to reproduce a bug from build 333665327 and its corresponding patch from build 333667870
08:58:50.511 [main] INFO  f.i.s.repairnator.pipeline.Launcher - Initialize file serializer engines.
08:58:50.513 [main] INFO  f.i.s.repairnator.pipeline.Launcher - MongoDB won't be used for serialization.
08:58:50.513 [main] INFO  f.i.s.repairnator.pipeline.Launcher - The email notifier engine won't be used.
08:58:50.516 [main] INFO  f.i.s.repairnator.pipeline.Launcher - Start by getting the build (buildId: 333665327) with the following config: RepairnatorConfig{runId='e37d2f70-f43d-494e-93aa-3a56dc324afd_01-18-week4-PASSING_AND_PASSING', launcherMode=BEARS, serializeJson=true, inputPath='null', outputPath='/var/log', mongodbHost='null', mongodbName='repairnator', smtpServer='null', notifyTo=[], notifyEndProcess=false, push=true, pushRemoteRepo='https://github.com/fermadeiral/bears-collection-pp', fork=false, lookFromDate=null, lookToDate=null, buildId=333665327, z3solverPath='./z3_for_linux', workspacePath='./workspace', githubToken='c8a341a903[...]', dockerImageName='null', skipDelete=false, createOutputDir=false, logDirectory='null', nbThreads=0, globalTimeout=0, whiteList=null, blackList=null, jobSleepTime=0, buildSleepTime=0, maxInspectedBuilds=0, duration=null, humanPatch=false, repository='null', clean=true, bearsMode=BOTH, bearsDelimiter = false, repairTools=NopolAllTests,NPEFix,AssertFixer,AstorJGenProg,AstorJKali,NopolSingleTest,AstorJMut,NopolTestExclusionStrategy, githubUserName= fermadeiral, githubUserEmail=fer.madeiral@gmail.com}
08:58:51.792 [main] DEBUG fr.inria.jtravis.helpers.BuildHelper - Get request to :https://api.travis-ci.org/build/333665327 done after 834 ms
08:58:52.070 [main] DEBUG fr.inria.jtravis.helpers.BuildHelper - Get request to :https://api.travis-ci.org/build/333667870 done after 155 ms
08:58:52.093 [main] INFO  f.i.s.repairnator.pipeline.Launcher - The patched build (333667870) was successfully retrieved from Travis.
08:58:53.451 [main] INFO  fr.inria.jtravis.JTravis - GitHub ratelimit: Limit: 5000 Remaining: 4653 Reset hour: 19:20:37
08:58:53.902 [main] INFO  f.i.s.r.p.i.ProjectInspector - ----------------------------------------------------------------------
08:58:53.903 [main] INFO  f.i.s.r.p.i.ProjectInspector - PIPELINE STEPS
08:58:53.903 [main] INFO  f.i.s.r.p.i.ProjectInspector - ----------------------------------------------------------------------
08:58:53.903 [main] INFO  f.i.s.r.p.i.ProjectInspector - CloneRepository
08:58:53.904 [main] INFO  f.i.s.r.p.i.ProjectInspector - CheckoutPatchedBuildCandidate
08:58:53.904 [main] INFO  f.i.s.r.p.i.ProjectInspector - ComputeSourceDir
08:58:53.905 [main] INFO  f.i.s.r.p.i.ProjectInspector - ComputeTestDir
08:58:53.905 [main] INFO  f.i.s.r.p.i.ProjectInspector - CheckoutBuggyBuildCandidateSourceCode
08:58:53.905 [main] INFO  f.i.s.r.p.i.ProjectInspector - BuildProjectBuggyBuildCandidateSourceCode
08:58:53.906 [main] INFO  f.i.s.r.p.i.ProjectInspector - TestProjectBuggyBuildCandidateSourceCode
08:58:53.906 [main] INFO  f.i.s.r.p.i.ProjectInspector - GatherTestInformationBuggyBuildCandidateSourceCode
08:58:53.906 [main] INFO  f.i.s.r.p.i.ProjectInspector - CheckoutBuggyBuildTestCode
08:58:53.907 [main] INFO  f.i.s.r.p.i.ProjectInspector - InitRepoToPush
08:58:53.907 [main] INFO  f.i.s.r.p.i.ProjectInspector - ComputeClasspath
08:58:53.907 [main] INFO  f.i.s.r.p.i.ProjectInspector - ComputeModules
08:58:53.907 [main] INFO  f.i.s.r.p.i.ProjectInspector - CheckoutBuggyBuildCandidateSourceCode
08:58:53.908 [main] INFO  f.i.s.r.p.i.ProjectInspector - CommitChangedTests
08:58:53.908 [main] INFO  f.i.s.r.p.i.ProjectInspector - CheckoutPatchedBuildCandidate
08:58:53.909 [main] INFO  f.i.s.r.p.i.ProjectInspector - BuildProjectPatchedBuildCandidate
08:58:53.909 [main] INFO  f.i.s.r.p.i.ProjectInspector - TestProjectPatchedBuildCandidate
08:58:53.909 [main] INFO  f.i.s.r.p.i.ProjectInspector - GatherTestInformationPatchedBuildCandidate
08:58:53.910 [main] INFO  f.i.s.r.p.i.ProjectInspector - CommitPatch
08:58:53.910 [main] INFO  f.i.s.r.p.i.ProjectInspector - WritePropertyFile
08:58:53.911 [main] INFO  f.i.s.r.p.i.ProjectInspector - CommitProcessEnd
08:58:53.911 [main] INFO  f.i.s.r.p.i.ProjectInspector - PushProcessEnd
08:58:53.911 [main] DEBUG f.i.s.r.process.step.CloneRepository - ----------------------------------------------------------------------
08:58:53.912 [main] DEBUG f.i.s.r.process.step.CloneRepository - STEP 1/22: CloneRepository
08:58:53.912 [main] DEBUG f.i.s.r.process.step.CloneRepository - ----------------------------------------------------------------------
08:58:53.913 [main] DEBUG f.i.s.r.process.step.CloneRepository - Cloning repository runelite/runelite in the following directory: ./workspace/runelite/runelite/333665327
08:59:06.232 [main] DEBUG f.i.s.r.process.step.CloneRepository - STEP STATUS: [ CloneRepository : SUCCESS ]
08:59:06.233 [main] DEBUG f.i.s.r.process.step.CloneRepository - STEP DURATION: 12s
08:59:06.233 [main] DEBUG f.i.s.r.process.step.CloneRepository - EXECUTE NEXT STEP
08:59:06.233 [main] DEBUG f.i.s.r.p.s.c.CheckoutPatchedBuild - ----------------------------------------------------------------------
08:59:06.233 [main] DEBUG f.i.s.r.p.s.c.CheckoutPatchedBuild - STEP 2/22: CheckoutPatchedBuildCandidate
08:59:06.233 [main] DEBUG f.i.s.r.p.s.c.CheckoutPatchedBuild - ----------------------------------------------------------------------
08:59:06.234 [main] DEBUG f.i.s.r.p.s.c.CheckoutPatchedBuild - Checking out patched build candidate...
08:59:06.582 [main] INFO  fr.inria.jtravis.JTravis - GitHub ratelimit: Limit: 5000 Remaining: 4645 Reset hour: 19:20:37
08:59:06.986 [main] WARN  f.i.j.helpers.PullRequestHelper - The head repository is null: maybe it has been deleted from GitHub
08:59:06.987 [main] ERROR f.i.s.r.p.s.c.CheckoutPatchedBuild - Error while getting PR information.
08:59:06.988 [main] DEBUG f.i.s.r.p.s.c.CheckoutPatchedBuild - STEP STATUS: [ CheckoutPatchedBuildCandidate : FAILURE ( BUILDNOTCHECKEDOUT ) ]
08:59:06.988 [main] DEBUG f.i.s.r.p.s.c.CheckoutPatchedBuild - STEP DURATION: 0s
08:59:06.988 [main] DEBUG f.i.s.r.p.s.c.CheckoutPatchedBuild - TERMINATE PIPELINE
08:59:06.989 [main] DEBUG f.i.s.r.p.s.c.CheckoutPatchedBuild - FINAL STEPS SKIPPED: The reproduction of the bug and/or the patch failed.
08:59:06.989 [main] INFO  f.i.s.r.p.s.c.CheckoutPatchedBuild - Serialize all data for the pair of builds 333665327, 333667870
08:59:07.120 [main] INFO  fr.inria.jtravis.JTravis - GitHub ratelimit: Limit: 5000 Remaining: 4641 Reset hour: 19:20:37
08:59:08.202 [main] INFO  f.i.s.r.p.i.ProjectInspector - ----------------------------------------------------------------------
08:59:08.202 [main] INFO  f.i.s.r.p.i.ProjectInspector - PIPELINE EXECUTION SUMMARY
08:59:08.203 [main] INFO  f.i.s.r.p.i.ProjectInspector - ----------------------------------------------------------------------
08:59:08.203 [main] INFO  f.i.s.r.p.i.ProjectInspector - CloneRepository.......................................SUCCESS [ 12 s ]
08:59:08.204 [main] INFO  f.i.s.r.p.i.ProjectInspector - CheckoutPatchedBuildCandidate.........................FAILURE [  0 s ]
08:59:08.204 [main] INFO  f.i.s.r.p.i.ProjectInspector - ComputeSourceDir......................................NOT RUN         
08:59:08.204 [main] INFO  f.i.s.r.p.i.ProjectInspector - ComputeTestDir........................................NOT RUN         
08:59:08.205 [main] INFO  f.i.s.r.p.i.ProjectInspector - CheckoutBuggyBuildCandidateSourceCode.................NOT RUN         
08:59:08.205 [main] INFO  f.i.s.r.p.i.ProjectInspector - BuildProjectBuggyBuildCandidateSourceCode.............NOT RUN         
08:59:08.205 [main] INFO  f.i.s.r.p.i.ProjectInspector - TestProjectBuggyBuildCandidateSourceCode..............NOT RUN         
08:59:08.206 [main] INFO  f.i.s.r.p.i.ProjectInspector - GatherTestInformationBuggyBuildCandidateSourceCode....NOT RUN         
08:59:08.206 [main] INFO  f.i.s.r.p.i.ProjectInspector - CheckoutBuggyBuildTestCode............................NOT RUN         
08:59:08.206 [main] INFO  f.i.s.r.p.i.ProjectInspector - InitRepoToPush........................................NOT RUN         
08:59:08.207 [main] INFO  f.i.s.r.p.i.ProjectInspector - ComputeClasspath......................................NOT RUN         
08:59:08.207 [main] INFO  f.i.s.r.p.i.ProjectInspector - ComputeModules........................................NOT RUN         
08:59:08.207 [main] INFO  f.i.s.r.p.i.ProjectInspector - CheckoutBuggyBuildCandidateSourceCode.................NOT RUN         
08:59:08.208 [main] INFO  f.i.s.r.p.i.ProjectInspector - CommitChangedTests....................................NOT RUN         
08:59:08.208 [main] INFO  f.i.s.r.p.i.ProjectInspector - CheckoutPatchedBuildCandidate.........................NOT RUN         
08:59:08.208 [main] INFO  f.i.s.r.p.i.ProjectInspector - BuildProjectPatchedBuildCandidate.....................NOT RUN         
08:59:08.209 [main] INFO  f.i.s.r.p.i.ProjectInspector - TestProjectPatchedBuildCandidate......................NOT RUN         
08:59:08.209 [main] INFO  f.i.s.r.p.i.ProjectInspector - GatherTestInformationPatchedBuildCandidate............NOT RUN         
08:59:08.209 [main] INFO  f.i.s.r.p.i.ProjectInspector - CommitPatch...........................................NOT RUN         
08:59:08.210 [main] INFO  f.i.s.r.p.i.ProjectInspector - WritePropertyFile.....................................NOT RUN         
08:59:08.210 [main] INFO  f.i.s.r.p.i.ProjectInspector - CommitProcessEnd......................................NOT RUN         
08:59:08.210 [main] INFO  f.i.s.r.p.i.ProjectInspector - PushProcessEnd........................................NOT RUN         
08:59:08.211 [main] INFO  f.i.s.r.p.i.ProjectInspector - ----------------------------------------------------------------------
08:59:08.211 [main] INFO  f.i.s.r.p.i.ProjectInspector - PIPELINE FINDING: BUILDNOTCHECKEDOUT
08:59:08.211 [main] INFO  f.i.s.r.p.i.ProjectInspector - ----------------------------------------------------------------------
08:59:08.211 [main] INFO  f.i.s.repairnator.pipeline.Launcher - Inspector is finished. The process will exit now.
