05:06:23.665 [main] INFO  f.i.s.repairnator.pipeline.Launcher - PIPELINE VERSION: 3.0-2018-08-09 19:04
05:06:23.787 [main] INFO  f.i.s.repairnator.pipeline.Launcher - The pipeline will try to reproduce a bug from build 333380419 and its corresponding patch from build 333721310
05:06:23.787 [main] INFO  f.i.s.repairnator.pipeline.Launcher - Initialize file serializer engines.
05:06:23.789 [main] INFO  f.i.s.repairnator.pipeline.Launcher - MongoDB won't be used for serialization.
05:06:23.789 [main] INFO  f.i.s.repairnator.pipeline.Launcher - The email notifier engine won't be used.
05:06:23.792 [main] INFO  f.i.s.repairnator.pipeline.Launcher - Start by getting the build (buildId: 333380419) with the following config: RepairnatorConfig{runId='e37d2f70-f43d-494e-93aa-3a56dc324afd_01-18-week4-PASSING_AND_PASSING', launcherMode=BEARS, serializeJson=true, inputPath='null', outputPath='/var/log', mongodbHost='null', mongodbName='repairnator', smtpServer='null', notifyTo=[], notifyEndProcess=false, push=true, pushRemoteRepo='https://github.com/fermadeiral/bears-collection-pp', fork=false, lookFromDate=null, lookToDate=null, buildId=333380419, z3solverPath='./z3_for_linux', workspacePath='./workspace', githubToken='c8a341a903[...]', dockerImageName='null', skipDelete=false, createOutputDir=false, logDirectory='null', nbThreads=0, globalTimeout=0, whiteList=null, blackList=null, jobSleepTime=0, buildSleepTime=0, maxInspectedBuilds=0, duration=null, humanPatch=false, repository='null', clean=true, bearsMode=BOTH, bearsDelimiter = false, repairTools=NopolAllTests,NPEFix,AssertFixer,AstorJGenProg,AstorJKali,NopolSingleTest,AstorJMut,NopolTestExclusionStrategy, githubUserName= fermadeiral, githubUserEmail=fer.madeiral@gmail.com}
05:06:25.075 [main] DEBUG fr.inria.jtravis.helpers.BuildHelper - Get request to :https://api.travis-ci.org/build/333380419 done after 797 ms
05:06:25.368 [main] DEBUG fr.inria.jtravis.helpers.BuildHelper - Get request to :https://api.travis-ci.org/build/333721310 done after 150 ms
05:06:25.398 [main] INFO  f.i.s.repairnator.pipeline.Launcher - The patched build (333721310) was successfully retrieved from Travis.
05:06:26.538 [main] INFO  fr.inria.jtravis.JTravis - GitHub ratelimit: Limit: 5000 Remaining: 4633 Reset hour: 19:20:21
05:06:26.781 [main] INFO  f.i.s.r.p.i.ProjectInspector - ----------------------------------------------------------------------
05:06:26.782 [main] INFO  f.i.s.r.p.i.ProjectInspector - PIPELINE STEPS
05:06:26.782 [main] INFO  f.i.s.r.p.i.ProjectInspector - ----------------------------------------------------------------------
05:06:26.783 [main] INFO  f.i.s.r.p.i.ProjectInspector - CloneRepository
05:06:26.783 [main] INFO  f.i.s.r.p.i.ProjectInspector - CheckoutPatchedBuildCandidate
05:06:26.783 [main] INFO  f.i.s.r.p.i.ProjectInspector - ComputeSourceDir
05:06:26.784 [main] INFO  f.i.s.r.p.i.ProjectInspector - ComputeTestDir
05:06:26.784 [main] INFO  f.i.s.r.p.i.ProjectInspector - CheckoutBuggyBuildCandidateSourceCode
05:06:26.784 [main] INFO  f.i.s.r.p.i.ProjectInspector - BuildProjectBuggyBuildCandidateSourceCode
05:06:26.784 [main] INFO  f.i.s.r.p.i.ProjectInspector - TestProjectBuggyBuildCandidateSourceCode
05:06:26.785 [main] INFO  f.i.s.r.p.i.ProjectInspector - GatherTestInformationBuggyBuildCandidateSourceCode
05:06:26.785 [main] INFO  f.i.s.r.p.i.ProjectInspector - CheckoutBuggyBuildTestCode
05:06:26.785 [main] INFO  f.i.s.r.p.i.ProjectInspector - InitRepoToPush
05:06:26.786 [main] INFO  f.i.s.r.p.i.ProjectInspector - ComputeClasspath
05:06:26.786 [main] INFO  f.i.s.r.p.i.ProjectInspector - ComputeModules
05:06:26.786 [main] INFO  f.i.s.r.p.i.ProjectInspector - CheckoutBuggyBuildCandidateSourceCode
05:06:26.786 [main] INFO  f.i.s.r.p.i.ProjectInspector - CommitChangedTests
05:06:26.788 [main] INFO  f.i.s.r.p.i.ProjectInspector - CheckoutPatchedBuildCandidate
05:06:26.789 [main] INFO  f.i.s.r.p.i.ProjectInspector - BuildProjectPatchedBuildCandidate
05:06:26.789 [main] INFO  f.i.s.r.p.i.ProjectInspector - TestProjectPatchedBuildCandidate
05:06:26.789 [main] INFO  f.i.s.r.p.i.ProjectInspector - GatherTestInformationPatchedBuildCandidate
05:06:26.790 [main] INFO  f.i.s.r.p.i.ProjectInspector - CommitPatch
05:06:26.790 [main] INFO  f.i.s.r.p.i.ProjectInspector - WritePropertyFile
05:06:26.790 [main] INFO  f.i.s.r.p.i.ProjectInspector - CommitProcessEnd
05:06:26.791 [main] INFO  f.i.s.r.p.i.ProjectInspector - PushProcessEnd
05:06:26.791 [main] DEBUG f.i.s.r.process.step.CloneRepository - ----------------------------------------------------------------------
05:06:26.791 [main] DEBUG f.i.s.r.process.step.CloneRepository - STEP 1/22: CloneRepository
05:06:26.792 [main] DEBUG f.i.s.r.process.step.CloneRepository - ----------------------------------------------------------------------
05:06:26.792 [main] DEBUG f.i.s.r.process.step.CloneRepository - Cloning repository EnMasseProject/enmasse in the following directory: ./workspace/EnMasseProject/enmasse/333380419
05:06:56.741 [main] DEBUG f.i.s.r.process.step.CloneRepository - STEP STATUS: [ CloneRepository : SUCCESS ]
05:06:56.742 [main] DEBUG f.i.s.r.process.step.CloneRepository - STEP DURATION: 29s
05:06:56.742 [main] DEBUG f.i.s.r.process.step.CloneRepository - EXECUTE NEXT STEP
05:06:56.742 [main] DEBUG f.i.s.r.p.s.c.CheckoutPatchedBuild - ----------------------------------------------------------------------
05:06:56.743 [main] DEBUG f.i.s.r.p.s.c.CheckoutPatchedBuild - STEP 2/22: CheckoutPatchedBuildCandidate
05:06:56.743 [main] DEBUG f.i.s.r.p.s.c.CheckoutPatchedBuild - ----------------------------------------------------------------------
05:06:56.743 [main] DEBUG f.i.s.r.p.s.c.CheckoutPatchedBuild - Checking out patched build candidate...
05:06:57.084 [main] INFO  fr.inria.jtravis.JTravis - GitHub ratelimit: Limit: 5000 Remaining: 4624 Reset hour: 19:20:21
05:06:58.789 [main] DEBUG f.i.s.r.p.s.c.CheckoutPatchedBuild - Reproduce the PR for EnMasseProject/enmasse by fetching remote branch and merging.
05:06:59.714 [main] ERROR f.i.s.r.p.s.c.CheckoutPatchedBuild - Error while testing commit: org.eclipse.jgit.errors.MissingObjectException: Missing unknown cccf8cdcb81c59b0b0324ea02f93108c35331d03
05:06:59.715 [main] ERROR f.i.s.r.p.s.c.CheckoutPatchedBuild - Commit head ref cannot be retrieved from the repository: cccf8cdcb81c59b0b0324ea02f93108c35331d03. Operation aborted.
05:06:59.715 [main] ERROR f.i.s.r.p.s.c.CheckoutPatchedBuild - Error while merging two commits to reproduce the PR.
05:06:59.716 [main] DEBUG f.i.s.r.p.s.c.CheckoutPatchedBuild - STEP STATUS: [ CheckoutPatchedBuildCandidate : FAILURE ( BUILDNOTCHECKEDOUT ) ]
05:06:59.716 [main] DEBUG f.i.s.r.p.s.c.CheckoutPatchedBuild - STEP DURATION: 2s
05:06:59.716 [main] DEBUG f.i.s.r.p.s.c.CheckoutPatchedBuild - TERMINATE PIPELINE
05:06:59.716 [main] DEBUG f.i.s.r.p.s.c.CheckoutPatchedBuild - FINAL STEPS SKIPPED: The reproduction of the bug and/or the patch failed.
05:06:59.717 [main] INFO  f.i.s.r.p.s.c.CheckoutPatchedBuild - Serialize all data for the pair of builds 333380419, 333721310
05:06:59.849 [main] INFO  fr.inria.jtravis.JTravis - GitHub ratelimit: Limit: 5000 Remaining: 4617 Reset hour: 19:20:21
05:07:00.931 [main] INFO  f.i.s.r.p.i.ProjectInspector - ----------------------------------------------------------------------
05:07:00.932 [main] INFO  f.i.s.r.p.i.ProjectInspector - PIPELINE EXECUTION SUMMARY
05:07:00.932 [main] INFO  f.i.s.r.p.i.ProjectInspector - ----------------------------------------------------------------------
05:07:00.932 [main] INFO  f.i.s.r.p.i.ProjectInspector - CloneRepository.......................................SUCCESS [ 29 s ]
05:07:00.932 [main] INFO  f.i.s.r.p.i.ProjectInspector - CheckoutPatchedBuildCandidate.........................FAILURE [  2 s ]
05:07:00.932 [main] INFO  f.i.s.r.p.i.ProjectInspector - ComputeSourceDir......................................NOT RUN         
05:07:00.933 [main] INFO  f.i.s.r.p.i.ProjectInspector - ComputeTestDir........................................NOT RUN         
05:07:00.933 [main] INFO  f.i.s.r.p.i.ProjectInspector - CheckoutBuggyBuildCandidateSourceCode.................NOT RUN         
05:07:00.933 [main] INFO  f.i.s.r.p.i.ProjectInspector - BuildProjectBuggyBuildCandidateSourceCode.............NOT RUN         
05:07:00.933 [main] INFO  f.i.s.r.p.i.ProjectInspector - TestProjectBuggyBuildCandidateSourceCode..............NOT RUN         
05:07:00.933 [main] INFO  f.i.s.r.p.i.ProjectInspector - GatherTestInformationBuggyBuildCandidateSourceCode....NOT RUN         
05:07:00.933 [main] INFO  f.i.s.r.p.i.ProjectInspector - CheckoutBuggyBuildTestCode............................NOT RUN         
05:07:00.934 [main] INFO  f.i.s.r.p.i.ProjectInspector - InitRepoToPush........................................NOT RUN         
05:07:00.934 [main] INFO  f.i.s.r.p.i.ProjectInspector - ComputeClasspath......................................NOT RUN         
05:07:00.934 [main] INFO  f.i.s.r.p.i.ProjectInspector - ComputeModules........................................NOT RUN         
05:07:00.934 [main] INFO  f.i.s.r.p.i.ProjectInspector - CheckoutBuggyBuildCandidateSourceCode.................NOT RUN         
05:07:00.934 [main] INFO  f.i.s.r.p.i.ProjectInspector - CommitChangedTests....................................NOT RUN         
05:07:00.934 [main] INFO  f.i.s.r.p.i.ProjectInspector - CheckoutPatchedBuildCandidate.........................NOT RUN         
05:07:00.934 [main] INFO  f.i.s.r.p.i.ProjectInspector - BuildProjectPatchedBuildCandidate.....................NOT RUN         
05:07:00.934 [main] INFO  f.i.s.r.p.i.ProjectInspector - TestProjectPatchedBuildCandidate......................NOT RUN         
05:07:00.935 [main] INFO  f.i.s.r.p.i.ProjectInspector - GatherTestInformationPatchedBuildCandidate............NOT RUN         
05:07:00.935 [main] INFO  f.i.s.r.p.i.ProjectInspector - CommitPatch...........................................NOT RUN         
05:07:00.935 [main] INFO  f.i.s.r.p.i.ProjectInspector - WritePropertyFile.....................................NOT RUN         
05:07:00.942 [main] INFO  f.i.s.r.p.i.ProjectInspector - CommitProcessEnd......................................NOT RUN         
05:07:00.942 [main] INFO  f.i.s.r.p.i.ProjectInspector - PushProcessEnd........................................NOT RUN         
05:07:00.942 [main] INFO  f.i.s.r.p.i.ProjectInspector - ----------------------------------------------------------------------
05:07:00.942 [main] INFO  f.i.s.r.p.i.ProjectInspector - PIPELINE FINDING: BUILDNOTCHECKEDOUT
05:07:00.942 [main] INFO  f.i.s.r.p.i.ProjectInspector - ----------------------------------------------------------------------
05:07:00.942 [main] INFO  f.i.s.repairnator.pipeline.Launcher - Inspector is finished. The process will exit now.
