12:21:31.309 [main] INFO  f.i.s.repairnator.pipeline.Launcher - PIPELINE VERSION: 3.0-2018-08-09 19:04
12:21:32.464 [main] INFO  f.i.s.repairnator.pipeline.Launcher - The pipeline will try to reproduce a bug from build 333841423 and its corresponding patch from build 334658791
12:21:32.474 [main] INFO  f.i.s.repairnator.pipeline.Launcher - Initialize file serializer engines.
12:21:32.477 [main] INFO  f.i.s.repairnator.pipeline.Launcher - MongoDB won't be used for serialization.
12:21:32.482 [main] INFO  f.i.s.repairnator.pipeline.Launcher - The email notifier engine won't be used.
12:21:32.503 [main] INFO  f.i.s.repairnator.pipeline.Launcher - Start by getting the build (buildId: 333841423) with the following config: RepairnatorConfig{runId='e37d2f70-f43d-494e-93aa-3a56dc324afd_01-18-week4-PASSING_AND_PASSING', launcherMode=BEARS, serializeJson=true, inputPath='null', outputPath='/var/log', mongodbHost='null', mongodbName='repairnator', smtpServer='null', notifyTo=[], notifyEndProcess=false, push=true, pushRemoteRepo='https://github.com/fermadeiral/bears-collection-pp', fork=false, lookFromDate=null, lookToDate=null, buildId=333841423, z3solverPath='./z3_for_linux', workspacePath='./workspace', githubToken='c8a341a903[...]', dockerImageName='null', skipDelete=false, createOutputDir=false, logDirectory='null', nbThreads=0, globalTimeout=0, whiteList=null, blackList=null, jobSleepTime=0, buildSleepTime=0, maxInspectedBuilds=0, duration=null, humanPatch=false, repository='null', clean=true, bearsMode=BOTH, bearsDelimiter = false, repairTools=NopolAllTests,NPEFix,AssertFixer,AstorJGenProg,AstorJKali,NopolSingleTest,AstorJMut,NopolTestExclusionStrategy, githubUserName= fermadeiral, githubUserEmail=fer.madeiral@gmail.com}
12:21:34.066 [main] DEBUG fr.inria.jtravis.helpers.BuildHelper - Get request to :https://api.travis-ci.org/build/333841423 done after 938 ms
12:21:34.356 [main] DEBUG fr.inria.jtravis.helpers.BuildHelper - Get request to :https://api.travis-ci.org/build/334658791 done after 143 ms
12:21:34.379 [main] INFO  f.i.s.repairnator.pipeline.Launcher - The patched build (334658791) was successfully retrieved from Travis.
12:21:35.618 [main] INFO  fr.inria.jtravis.JTravis - GitHub ratelimit: Limit: 5000 Remaining: 4610 Reset hour: 19:20:49
12:21:35.867 [main] INFO  f.i.s.r.p.i.ProjectInspector - ----------------------------------------------------------------------
12:21:35.868 [main] INFO  f.i.s.r.p.i.ProjectInspector - PIPELINE STEPS
12:21:35.868 [main] INFO  f.i.s.r.p.i.ProjectInspector - ----------------------------------------------------------------------
12:21:35.868 [main] INFO  f.i.s.r.p.i.ProjectInspector - CloneRepository
12:21:35.868 [main] INFO  f.i.s.r.p.i.ProjectInspector - CheckoutPatchedBuildCandidate
12:21:35.868 [main] INFO  f.i.s.r.p.i.ProjectInspector - ComputeSourceDir
12:21:35.869 [main] INFO  f.i.s.r.p.i.ProjectInspector - ComputeTestDir
12:21:35.869 [main] INFO  f.i.s.r.p.i.ProjectInspector - CheckoutBuggyBuildCandidateSourceCode
12:21:35.869 [main] INFO  f.i.s.r.p.i.ProjectInspector - BuildProjectBuggyBuildCandidateSourceCode
12:21:35.869 [main] INFO  f.i.s.r.p.i.ProjectInspector - TestProjectBuggyBuildCandidateSourceCode
12:21:35.869 [main] INFO  f.i.s.r.p.i.ProjectInspector - GatherTestInformationBuggyBuildCandidateSourceCode
12:21:35.869 [main] INFO  f.i.s.r.p.i.ProjectInspector - CheckoutBuggyBuildTestCode
12:21:35.869 [main] INFO  f.i.s.r.p.i.ProjectInspector - InitRepoToPush
12:21:35.870 [main] INFO  f.i.s.r.p.i.ProjectInspector - ComputeClasspath
12:21:35.870 [main] INFO  f.i.s.r.p.i.ProjectInspector - ComputeModules
12:21:35.870 [main] INFO  f.i.s.r.p.i.ProjectInspector - CheckoutBuggyBuildCandidateSourceCode
12:21:35.870 [main] INFO  f.i.s.r.p.i.ProjectInspector - CommitChangedTests
12:21:35.870 [main] INFO  f.i.s.r.p.i.ProjectInspector - CheckoutPatchedBuildCandidate
12:21:35.870 [main] INFO  f.i.s.r.p.i.ProjectInspector - BuildProjectPatchedBuildCandidate
12:21:35.870 [main] INFO  f.i.s.r.p.i.ProjectInspector - TestProjectPatchedBuildCandidate
12:21:35.870 [main] INFO  f.i.s.r.p.i.ProjectInspector - GatherTestInformationPatchedBuildCandidate
12:21:35.870 [main] INFO  f.i.s.r.p.i.ProjectInspector - CommitPatch
12:21:35.871 [main] INFO  f.i.s.r.p.i.ProjectInspector - WritePropertyFile
12:21:35.871 [main] INFO  f.i.s.r.p.i.ProjectInspector - CommitProcessEnd
12:21:35.871 [main] INFO  f.i.s.r.p.i.ProjectInspector - PushProcessEnd
12:21:35.871 [main] DEBUG f.i.s.r.process.step.CloneRepository - ----------------------------------------------------------------------
12:21:35.871 [main] DEBUG f.i.s.r.process.step.CloneRepository - STEP 1/22: CloneRepository
12:21:35.871 [main] DEBUG f.i.s.r.process.step.CloneRepository - ----------------------------------------------------------------------
12:21:35.872 [main] DEBUG f.i.s.r.process.step.CloneRepository - Cloning repository StuPro-TOSCAna/TOSCAna in the following directory: ./workspace/StuPro-TOSCAna/TOSCAna/333841423
12:21:53.513 [main] DEBUG f.i.s.r.process.step.CloneRepository - STEP STATUS: [ CloneRepository : SUCCESS ]
12:21:53.514 [main] DEBUG f.i.s.r.process.step.CloneRepository - STEP DURATION: 17s
12:21:53.514 [main] DEBUG f.i.s.r.process.step.CloneRepository - EXECUTE NEXT STEP
12:21:53.514 [main] DEBUG f.i.s.r.p.s.c.CheckoutPatchedBuild - ----------------------------------------------------------------------
12:21:53.515 [main] DEBUG f.i.s.r.p.s.c.CheckoutPatchedBuild - STEP 2/22: CheckoutPatchedBuildCandidate
12:21:53.515 [main] DEBUG f.i.s.r.p.s.c.CheckoutPatchedBuild - ----------------------------------------------------------------------
12:21:53.515 [main] DEBUG f.i.s.r.p.s.c.CheckoutPatchedBuild - Checking out patched build candidate...
12:21:53.524 [main] ERROR f.i.s.r.p.s.c.CheckoutPatchedBuild - Error while testing commit: org.eclipse.jgit.errors.MissingObjectException: Missing unknown 0c06a8aa85efd809bd577087ea771c6d31ecd95a
12:21:53.524 [main] ERROR f.i.s.r.p.s.c.CheckoutPatchedBuild - Error while getting the commit to checkout from the repo.
12:21:53.525 [main] DEBUG f.i.s.r.p.s.c.CheckoutPatchedBuild - STEP STATUS: [ CheckoutPatchedBuildCandidate : FAILURE ( BUILDNOTCHECKEDOUT ) ]
12:21:53.525 [main] DEBUG f.i.s.r.p.s.c.CheckoutPatchedBuild - STEP DURATION: 0s
12:21:53.525 [main] DEBUG f.i.s.r.p.s.c.CheckoutPatchedBuild - TERMINATE PIPELINE
12:21:53.525 [main] DEBUG f.i.s.r.p.s.c.CheckoutPatchedBuild - FINAL STEPS SKIPPED: The reproduction of the bug and/or the patch failed.
12:21:53.526 [main] INFO  f.i.s.r.p.s.c.CheckoutPatchedBuild - Serialize all data for the pair of builds 333841423, 334658791
12:21:53.837 [main] INFO  fr.inria.jtravis.JTravis - GitHub ratelimit: Limit: 5000 Remaining: 4607 Reset hour: 19:20:49
12:21:55.291 [main] INFO  f.i.s.r.p.i.ProjectInspector - ----------------------------------------------------------------------
12:21:55.292 [main] INFO  f.i.s.r.p.i.ProjectInspector - PIPELINE EXECUTION SUMMARY
12:21:55.292 [main] INFO  f.i.s.r.p.i.ProjectInspector - ----------------------------------------------------------------------
12:21:55.292 [main] INFO  f.i.s.r.p.i.ProjectInspector - CloneRepository.......................................SUCCESS [ 17 s ]
12:21:55.293 [main] INFO  f.i.s.r.p.i.ProjectInspector - CheckoutPatchedBuildCandidate.........................FAILURE [  0 s ]
12:21:55.293 [main] INFO  f.i.s.r.p.i.ProjectInspector - ComputeSourceDir......................................NOT RUN         
12:21:55.293 [main] INFO  f.i.s.r.p.i.ProjectInspector - ComputeTestDir........................................NOT RUN         
12:21:55.294 [main] INFO  f.i.s.r.p.i.ProjectInspector - CheckoutBuggyBuildCandidateSourceCode.................NOT RUN         
12:21:55.294 [main] INFO  f.i.s.r.p.i.ProjectInspector - BuildProjectBuggyBuildCandidateSourceCode.............NOT RUN         
12:21:55.294 [main] INFO  f.i.s.r.p.i.ProjectInspector - TestProjectBuggyBuildCandidateSourceCode..............NOT RUN         
12:21:55.295 [main] INFO  f.i.s.r.p.i.ProjectInspector - GatherTestInformationBuggyBuildCandidateSourceCode....NOT RUN         
12:21:55.295 [main] INFO  f.i.s.r.p.i.ProjectInspector - CheckoutBuggyBuildTestCode............................NOT RUN         
12:21:55.295 [main] INFO  f.i.s.r.p.i.ProjectInspector - InitRepoToPush........................................NOT RUN         
12:21:55.296 [main] INFO  f.i.s.r.p.i.ProjectInspector - ComputeClasspath......................................NOT RUN         
12:21:55.296 [main] INFO  f.i.s.r.p.i.ProjectInspector - ComputeModules........................................NOT RUN         
12:21:55.296 [main] INFO  f.i.s.r.p.i.ProjectInspector - CheckoutBuggyBuildCandidateSourceCode.................NOT RUN         
12:21:55.297 [main] INFO  f.i.s.r.p.i.ProjectInspector - CommitChangedTests....................................NOT RUN         
12:21:55.297 [main] INFO  f.i.s.r.p.i.ProjectInspector - CheckoutPatchedBuildCandidate.........................NOT RUN         
12:21:55.298 [main] INFO  f.i.s.r.p.i.ProjectInspector - BuildProjectPatchedBuildCandidate.....................NOT RUN         
12:21:55.298 [main] INFO  f.i.s.r.p.i.ProjectInspector - TestProjectPatchedBuildCandidate......................NOT RUN         
12:21:55.299 [main] INFO  f.i.s.r.p.i.ProjectInspector - GatherTestInformationPatchedBuildCandidate............NOT RUN         
12:21:55.299 [main] INFO  f.i.s.r.p.i.ProjectInspector - CommitPatch...........................................NOT RUN         
12:21:55.299 [main] INFO  f.i.s.r.p.i.ProjectInspector - WritePropertyFile.....................................NOT RUN         
12:21:55.300 [main] INFO  f.i.s.r.p.i.ProjectInspector - CommitProcessEnd......................................NOT RUN         
12:21:55.300 [main] INFO  f.i.s.r.p.i.ProjectInspector - PushProcessEnd........................................NOT RUN         
12:21:55.301 [main] INFO  f.i.s.r.p.i.ProjectInspector - ----------------------------------------------------------------------
12:21:55.301 [main] INFO  f.i.s.r.p.i.ProjectInspector - PIPELINE FINDING: BUILDNOTCHECKEDOUT
12:21:55.301 [main] INFO  f.i.s.r.p.i.ProjectInspector - ----------------------------------------------------------------------
12:21:55.301 [main] INFO  f.i.s.repairnator.pipeline.Launcher - Inspector is finished. The process will exit now.
