12:08:39.393 [main] INFO  f.i.s.repairnator.pipeline.Launcher - PIPELINE VERSION: 3.0-2018-08-09 19:04
12:08:39.594 [main] INFO  f.i.s.repairnator.pipeline.Launcher - The pipeline will try to reproduce a bug from build 334108321 and its corresponding patch from build 335601152
12:08:39.595 [main] INFO  f.i.s.repairnator.pipeline.Launcher - Initialize file serializer engines.
12:08:39.597 [main] INFO  f.i.s.repairnator.pipeline.Launcher - MongoDB won't be used for serialization.
12:08:39.597 [main] INFO  f.i.s.repairnator.pipeline.Launcher - The email notifier engine won't be used.
12:08:39.601 [main] INFO  f.i.s.repairnator.pipeline.Launcher - Start by getting the build (buildId: 334108321) with the following config: RepairnatorConfig{runId='e37d2f70-f43d-494e-93aa-3a56dc324afd_01-18-week4-PASSING_AND_PASSING', launcherMode=BEARS, serializeJson=true, inputPath='null', outputPath='/var/log', mongodbHost='null', mongodbName='repairnator', smtpServer='null', notifyTo=[], notifyEndProcess=false, push=true, pushRemoteRepo='https://github.com/fermadeiral/bears-collection-pp', fork=false, lookFromDate=null, lookToDate=null, buildId=334108321, z3solverPath='./z3_for_linux', workspacePath='./workspace', githubToken='c8a341a903[...]', dockerImageName='null', skipDelete=false, createOutputDir=false, logDirectory='null', nbThreads=0, globalTimeout=0, whiteList=null, blackList=null, jobSleepTime=0, buildSleepTime=0, maxInspectedBuilds=0, duration=null, humanPatch=false, repository='null', clean=true, bearsMode=BOTH, bearsDelimiter = false, repairTools=NopolAllTests,NPEFix,AssertFixer,AstorJGenProg,AstorJKali,NopolSingleTest,AstorJMut,NopolTestExclusionStrategy, githubUserName= fermadeiral, githubUserEmail=fer.madeiral@gmail.com}
12:08:41.181 [main] DEBUG fr.inria.jtravis.helpers.BuildHelper - Get request to :https://api.travis-ci.org/build/334108321 done after 951 ms
12:08:41.517 [main] DEBUG fr.inria.jtravis.helpers.BuildHelper - Get request to :https://api.travis-ci.org/build/335601152 done after 137 ms
12:08:41.548 [main] INFO  f.i.s.repairnator.pipeline.Launcher - The patched build (335601152) was successfully retrieved from Travis.
12:08:43.170 [main] INFO  fr.inria.jtravis.JTravis - GitHub ratelimit: Limit: 5000 Remaining: 4833 Reset hour: 19:20:49
12:08:43.394 [main] INFO  f.i.s.r.p.i.ProjectInspector - ----------------------------------------------------------------------
12:08:43.394 [main] INFO  f.i.s.r.p.i.ProjectInspector - PIPELINE STEPS
12:08:43.394 [main] INFO  f.i.s.r.p.i.ProjectInspector - ----------------------------------------------------------------------
12:08:43.394 [main] INFO  f.i.s.r.p.i.ProjectInspector - CloneRepository
12:08:43.394 [main] INFO  f.i.s.r.p.i.ProjectInspector - CheckoutPatchedBuildCandidate
12:08:43.394 [main] INFO  f.i.s.r.p.i.ProjectInspector - ComputeSourceDir
12:08:43.394 [main] INFO  f.i.s.r.p.i.ProjectInspector - ComputeTestDir
12:08:43.395 [main] INFO  f.i.s.r.p.i.ProjectInspector - CheckoutBuggyBuildCandidateSourceCode
12:08:43.395 [main] INFO  f.i.s.r.p.i.ProjectInspector - BuildProjectBuggyBuildCandidateSourceCode
12:08:43.395 [main] INFO  f.i.s.r.p.i.ProjectInspector - TestProjectBuggyBuildCandidateSourceCode
12:08:43.395 [main] INFO  f.i.s.r.p.i.ProjectInspector - GatherTestInformationBuggyBuildCandidateSourceCode
12:08:43.395 [main] INFO  f.i.s.r.p.i.ProjectInspector - CheckoutBuggyBuildTestCode
12:08:43.395 [main] INFO  f.i.s.r.p.i.ProjectInspector - InitRepoToPush
12:08:43.395 [main] INFO  f.i.s.r.p.i.ProjectInspector - ComputeClasspath
12:08:43.396 [main] INFO  f.i.s.r.p.i.ProjectInspector - ComputeModules
12:08:43.396 [main] INFO  f.i.s.r.p.i.ProjectInspector - CheckoutBuggyBuildCandidateSourceCode
12:08:43.396 [main] INFO  f.i.s.r.p.i.ProjectInspector - CommitChangedTests
12:08:43.396 [main] INFO  f.i.s.r.p.i.ProjectInspector - CheckoutPatchedBuildCandidate
12:08:43.396 [main] INFO  f.i.s.r.p.i.ProjectInspector - BuildProjectPatchedBuildCandidate
12:08:43.396 [main] INFO  f.i.s.r.p.i.ProjectInspector - TestProjectPatchedBuildCandidate
12:08:43.396 [main] INFO  f.i.s.r.p.i.ProjectInspector - GatherTestInformationPatchedBuildCandidate
12:08:43.396 [main] INFO  f.i.s.r.p.i.ProjectInspector - CommitPatch
12:08:43.397 [main] INFO  f.i.s.r.p.i.ProjectInspector - WritePropertyFile
12:08:43.397 [main] INFO  f.i.s.r.p.i.ProjectInspector - CommitProcessEnd
12:08:43.397 [main] INFO  f.i.s.r.p.i.ProjectInspector - PushProcessEnd
12:08:43.397 [main] DEBUG f.i.s.r.process.step.CloneRepository - ----------------------------------------------------------------------
12:08:43.397 [main] DEBUG f.i.s.r.process.step.CloneRepository - STEP 1/22: CloneRepository
12:08:43.397 [main] DEBUG f.i.s.r.process.step.CloneRepository - ----------------------------------------------------------------------
12:08:43.398 [main] DEBUG f.i.s.r.process.step.CloneRepository - Cloning repository StuPro-TOSCAna/TOSCAna in the following directory: ./workspace/StuPro-TOSCAna/TOSCAna/334108321
12:09:00.002 [main] DEBUG f.i.s.r.process.step.CloneRepository - STEP STATUS: [ CloneRepository : SUCCESS ]
12:09:00.002 [main] DEBUG f.i.s.r.process.step.CloneRepository - STEP DURATION: 16s
12:09:00.002 [main] DEBUG f.i.s.r.process.step.CloneRepository - EXECUTE NEXT STEP
12:09:00.003 [main] DEBUG f.i.s.r.p.s.c.CheckoutPatchedBuild - ----------------------------------------------------------------------
12:09:00.007 [main] DEBUG f.i.s.r.p.s.c.CheckoutPatchedBuild - STEP 2/22: CheckoutPatchedBuildCandidate
12:09:00.007 [main] DEBUG f.i.s.r.p.s.c.CheckoutPatchedBuild - ----------------------------------------------------------------------
12:09:00.007 [main] DEBUG f.i.s.r.p.s.c.CheckoutPatchedBuild - Checking out patched build candidate...
12:09:00.324 [main] INFO  fr.inria.jtravis.JTravis - GitHub ratelimit: Limit: 5000 Remaining: 4830 Reset hour: 19:20:49
12:09:02.589 [main] DEBUG f.i.s.r.p.s.c.CheckoutPatchedBuild - Reproduce the PR for StuPro-TOSCAna/TOSCAna by fetching remote branch and merging.
12:09:03.358 [main] ERROR f.i.s.r.p.s.c.CheckoutPatchedBuild - Error while testing commit: org.eclipse.jgit.errors.MissingObjectException: Missing unknown 1bc6eae53f4f35d315516ff0796da1dfbe460480
12:09:03.360 [main] ERROR f.i.s.r.p.s.c.CheckoutPatchedBuild - Commit head ref cannot be retrieved from the repository: 1bc6eae53f4f35d315516ff0796da1dfbe460480. Operation aborted.
12:09:03.361 [main] ERROR f.i.s.r.p.s.c.CheckoutPatchedBuild - Error while merging two commits to reproduce the PR.
12:09:03.362 [main] DEBUG f.i.s.r.p.s.c.CheckoutPatchedBuild - STEP STATUS: [ CheckoutPatchedBuildCandidate : FAILURE ( BUILDNOTCHECKEDOUT ) ]
12:09:03.363 [main] DEBUG f.i.s.r.p.s.c.CheckoutPatchedBuild - STEP DURATION: 3s
12:09:03.363 [main] DEBUG f.i.s.r.p.s.c.CheckoutPatchedBuild - TERMINATE PIPELINE
12:09:03.363 [main] DEBUG f.i.s.r.p.s.c.CheckoutPatchedBuild - FINAL STEPS SKIPPED: The reproduction of the bug and/or the patch failed.
12:09:03.364 [main] INFO  f.i.s.r.p.s.c.CheckoutPatchedBuild - Serialize all data for the pair of builds 334108321, 335601152
12:09:03.494 [main] INFO  fr.inria.jtravis.JTravis - GitHub ratelimit: Limit: 5000 Remaining: 4821 Reset hour: 19:20:49
12:09:04.123 [main] INFO  f.i.s.r.p.i.ProjectInspector - ----------------------------------------------------------------------
12:09:04.123 [main] INFO  f.i.s.r.p.i.ProjectInspector - PIPELINE EXECUTION SUMMARY
12:09:04.123 [main] INFO  f.i.s.r.p.i.ProjectInspector - ----------------------------------------------------------------------
12:09:04.124 [main] INFO  f.i.s.r.p.i.ProjectInspector - CloneRepository.......................................SUCCESS [ 16 s ]
12:09:04.124 [main] INFO  f.i.s.r.p.i.ProjectInspector - CheckoutPatchedBuildCandidate.........................FAILURE [  3 s ]
12:09:04.124 [main] INFO  f.i.s.r.p.i.ProjectInspector - ComputeSourceDir......................................NOT RUN         
12:09:04.124 [main] INFO  f.i.s.r.p.i.ProjectInspector - ComputeTestDir........................................NOT RUN         
12:09:04.125 [main] INFO  f.i.s.r.p.i.ProjectInspector - CheckoutBuggyBuildCandidateSourceCode.................NOT RUN         
12:09:04.125 [main] INFO  f.i.s.r.p.i.ProjectInspector - BuildProjectBuggyBuildCandidateSourceCode.............NOT RUN         
12:09:04.125 [main] INFO  f.i.s.r.p.i.ProjectInspector - TestProjectBuggyBuildCandidateSourceCode..............NOT RUN         
12:09:04.125 [main] INFO  f.i.s.r.p.i.ProjectInspector - GatherTestInformationBuggyBuildCandidateSourceCode....NOT RUN         
12:09:04.126 [main] INFO  f.i.s.r.p.i.ProjectInspector - CheckoutBuggyBuildTestCode............................NOT RUN         
12:09:04.126 [main] INFO  f.i.s.r.p.i.ProjectInspector - InitRepoToPush........................................NOT RUN         
12:09:04.126 [main] INFO  f.i.s.r.p.i.ProjectInspector - ComputeClasspath......................................NOT RUN         
12:09:04.126 [main] INFO  f.i.s.r.p.i.ProjectInspector - ComputeModules........................................NOT RUN         
12:09:04.126 [main] INFO  f.i.s.r.p.i.ProjectInspector - CheckoutBuggyBuildCandidateSourceCode.................NOT RUN         
12:09:04.127 [main] INFO  f.i.s.r.p.i.ProjectInspector - CommitChangedTests....................................NOT RUN         
12:09:04.127 [main] INFO  f.i.s.r.p.i.ProjectInspector - CheckoutPatchedBuildCandidate.........................NOT RUN         
12:09:04.127 [main] INFO  f.i.s.r.p.i.ProjectInspector - BuildProjectPatchedBuildCandidate.....................NOT RUN         
12:09:04.127 [main] INFO  f.i.s.r.p.i.ProjectInspector - TestProjectPatchedBuildCandidate......................NOT RUN         
12:09:04.127 [main] INFO  f.i.s.r.p.i.ProjectInspector - GatherTestInformationPatchedBuildCandidate............NOT RUN         
12:09:04.128 [main] INFO  f.i.s.r.p.i.ProjectInspector - CommitPatch...........................................NOT RUN         
12:09:04.128 [main] INFO  f.i.s.r.p.i.ProjectInspector - WritePropertyFile.....................................NOT RUN         
12:09:04.128 [main] INFO  f.i.s.r.p.i.ProjectInspector - CommitProcessEnd......................................NOT RUN         
12:09:04.128 [main] INFO  f.i.s.r.p.i.ProjectInspector - PushProcessEnd........................................NOT RUN         
12:09:04.128 [main] INFO  f.i.s.r.p.i.ProjectInspector - ----------------------------------------------------------------------
12:09:04.129 [main] INFO  f.i.s.r.p.i.ProjectInspector - PIPELINE FINDING: BUILDNOTCHECKEDOUT
12:09:04.129 [main] INFO  f.i.s.r.p.i.ProjectInspector - ----------------------------------------------------------------------
12:09:04.129 [main] INFO  f.i.s.repairnator.pipeline.Launcher - Inspector is finished. The process will exit now.
