09:06:16.166 [main] INFO  f.i.s.repairnator.pipeline.Launcher - PIPELINE VERSION: 3.0-2018-08-09 19:04
09:06:16.288 [main] INFO  f.i.s.repairnator.pipeline.Launcher - The pipeline will try to reproduce a bug from build 333215076 and its corresponding patch from build 335815327
09:06:16.289 [main] INFO  f.i.s.repairnator.pipeline.Launcher - Initialize file serializer engines.
09:06:16.290 [main] INFO  f.i.s.repairnator.pipeline.Launcher - MongoDB won't be used for serialization.
09:06:16.291 [main] INFO  f.i.s.repairnator.pipeline.Launcher - The email notifier engine won't be used.
09:06:16.294 [main] INFO  f.i.s.repairnator.pipeline.Launcher - Start by getting the build (buildId: 333215076) with the following config: RepairnatorConfig{runId='e37d2f70-f43d-494e-93aa-3a56dc324afd_01-18-week4-PASSING_AND_PASSING', launcherMode=BEARS, serializeJson=true, inputPath='null', outputPath='/var/log', mongodbHost='null', mongodbName='repairnator', smtpServer='null', notifyTo=[], notifyEndProcess=false, push=true, pushRemoteRepo='https://github.com/fermadeiral/bears-collection-pp', fork=false, lookFromDate=null, lookToDate=null, buildId=333215076, z3solverPath='./z3_for_linux', workspacePath='./workspace', githubToken='c8a341a903[...]', dockerImageName='null', skipDelete=false, createOutputDir=false, logDirectory='null', nbThreads=0, globalTimeout=0, whiteList=null, blackList=null, jobSleepTime=0, buildSleepTime=0, maxInspectedBuilds=0, duration=null, humanPatch=false, repository='null', clean=true, bearsMode=BOTH, bearsDelimiter = false, repairTools=NopolAllTests,NPEFix,AssertFixer,AstorJGenProg,AstorJKali,NopolSingleTest,AstorJMut,NopolTestExclusionStrategy, githubUserName= fermadeiral, githubUserEmail=fer.madeiral@gmail.com}
09:06:17.870 [main] DEBUG fr.inria.jtravis.helpers.BuildHelper - Get request to :https://api.travis-ci.org/build/333215076 done after 858 ms
09:06:18.129 [main] DEBUG fr.inria.jtravis.helpers.BuildHelper - Get request to :https://api.travis-ci.org/build/335815327 done after 144 ms
09:06:18.155 [main] INFO  f.i.s.repairnator.pipeline.Launcher - The patched build (335815327) was successfully retrieved from Travis.
09:06:19.514 [main] INFO  fr.inria.jtravis.JTravis - GitHub ratelimit: Limit: 5000 Remaining: 4456 Reset hour: 19:20:37
09:06:19.808 [main] INFO  f.i.s.r.p.i.ProjectInspector - ----------------------------------------------------------------------
09:06:19.809 [main] INFO  f.i.s.r.p.i.ProjectInspector - PIPELINE STEPS
09:06:19.810 [main] INFO  f.i.s.r.p.i.ProjectInspector - ----------------------------------------------------------------------
09:06:19.810 [main] INFO  f.i.s.r.p.i.ProjectInspector - CloneRepository
09:06:19.810 [main] INFO  f.i.s.r.p.i.ProjectInspector - CheckoutPatchedBuildCandidate
09:06:19.811 [main] INFO  f.i.s.r.p.i.ProjectInspector - ComputeSourceDir
09:06:19.812 [main] INFO  f.i.s.r.p.i.ProjectInspector - ComputeTestDir
09:06:19.812 [main] INFO  f.i.s.r.p.i.ProjectInspector - CheckoutBuggyBuildCandidateSourceCode
09:06:19.813 [main] INFO  f.i.s.r.p.i.ProjectInspector - BuildProjectBuggyBuildCandidateSourceCode
09:06:19.813 [main] INFO  f.i.s.r.p.i.ProjectInspector - TestProjectBuggyBuildCandidateSourceCode
09:06:19.814 [main] INFO  f.i.s.r.p.i.ProjectInspector - GatherTestInformationBuggyBuildCandidateSourceCode
09:06:19.814 [main] INFO  f.i.s.r.p.i.ProjectInspector - CheckoutBuggyBuildTestCode
09:06:19.814 [main] INFO  f.i.s.r.p.i.ProjectInspector - InitRepoToPush
09:06:19.815 [main] INFO  f.i.s.r.p.i.ProjectInspector - ComputeClasspath
09:06:19.815 [main] INFO  f.i.s.r.p.i.ProjectInspector - ComputeModules
09:06:19.815 [main] INFO  f.i.s.r.p.i.ProjectInspector - CheckoutBuggyBuildCandidateSourceCode
09:06:19.816 [main] INFO  f.i.s.r.p.i.ProjectInspector - CommitChangedTests
09:06:19.816 [main] INFO  f.i.s.r.p.i.ProjectInspector - CheckoutPatchedBuildCandidate
09:06:19.816 [main] INFO  f.i.s.r.p.i.ProjectInspector - BuildProjectPatchedBuildCandidate
09:06:19.817 [main] INFO  f.i.s.r.p.i.ProjectInspector - TestProjectPatchedBuildCandidate
09:06:19.818 [main] INFO  f.i.s.r.p.i.ProjectInspector - GatherTestInformationPatchedBuildCandidate
09:06:19.818 [main] INFO  f.i.s.r.p.i.ProjectInspector - CommitPatch
09:06:19.819 [main] INFO  f.i.s.r.p.i.ProjectInspector - WritePropertyFile
09:06:19.819 [main] INFO  f.i.s.r.p.i.ProjectInspector - CommitProcessEnd
09:06:19.820 [main] INFO  f.i.s.r.p.i.ProjectInspector - PushProcessEnd
09:06:19.820 [main] DEBUG f.i.s.r.process.step.CloneRepository - ----------------------------------------------------------------------
09:06:19.821 [main] DEBUG f.i.s.r.process.step.CloneRepository - STEP 1/22: CloneRepository
09:06:19.821 [main] DEBUG f.i.s.r.process.step.CloneRepository - ----------------------------------------------------------------------
09:06:19.822 [main] DEBUG f.i.s.r.process.step.CloneRepository - Cloning repository CorfuDB/CorfuDB in the following directory: ./workspace/CorfuDB/CorfuDB/333215076
09:10:28.329 [main] DEBUG f.i.s.r.process.step.CloneRepository - STEP STATUS: [ CloneRepository : SUCCESS ]
09:10:28.329 [main] DEBUG f.i.s.r.process.step.CloneRepository - STEP DURATION: 248s
09:10:28.330 [main] DEBUG f.i.s.r.process.step.CloneRepository - EXECUTE NEXT STEP
09:10:28.330 [main] DEBUG f.i.s.r.p.s.c.CheckoutPatchedBuild - ----------------------------------------------------------------------
09:10:28.330 [main] DEBUG f.i.s.r.p.s.c.CheckoutPatchedBuild - STEP 2/22: CheckoutPatchedBuildCandidate
09:10:28.330 [main] DEBUG f.i.s.r.p.s.c.CheckoutPatchedBuild - ----------------------------------------------------------------------
09:10:28.330 [main] DEBUG f.i.s.r.p.s.c.CheckoutPatchedBuild - Checking out patched build candidate...
09:10:28.367 [main] ERROR f.i.s.r.p.s.c.CheckoutPatchedBuild - Error while testing commit: org.eclipse.jgit.errors.MissingObjectException: Missing unknown 0e8f1049fdd1f0aaa5a1540a6d1d74cc2d63bd5f
09:10:28.367 [main] ERROR f.i.s.r.p.s.c.CheckoutPatchedBuild - Error while getting the commit to checkout from the repo.
09:10:28.368 [main] DEBUG f.i.s.r.p.s.c.CheckoutPatchedBuild - STEP STATUS: [ CheckoutPatchedBuildCandidate : FAILURE ( BUILDNOTCHECKEDOUT ) ]
09:10:28.369 [main] DEBUG f.i.s.r.p.s.c.CheckoutPatchedBuild - STEP DURATION: 0s
09:10:28.369 [main] DEBUG f.i.s.r.p.s.c.CheckoutPatchedBuild - TERMINATE PIPELINE
09:10:28.369 [main] DEBUG f.i.s.r.p.s.c.CheckoutPatchedBuild - FINAL STEPS SKIPPED: The reproduction of the bug and/or the patch failed.
09:10:28.369 [main] INFO  f.i.s.r.p.s.c.CheckoutPatchedBuild - Serialize all data for the pair of builds 333215076, 335815327
09:10:28.715 [main] INFO  fr.inria.jtravis.JTravis - GitHub ratelimit: Limit: 5000 Remaining: 4440 Reset hour: 19:20:37
09:10:29.266 [main] INFO  f.i.s.r.p.i.ProjectInspector - ----------------------------------------------------------------------
09:10:29.266 [main] INFO  f.i.s.r.p.i.ProjectInspector - PIPELINE EXECUTION SUMMARY
09:10:29.266 [main] INFO  f.i.s.r.p.i.ProjectInspector - ----------------------------------------------------------------------
09:10:29.267 [main] INFO  f.i.s.r.p.i.ProjectInspector - CloneRepository......................................SUCCESS [ 248 s ]
09:10:29.267 [main] INFO  f.i.s.r.p.i.ProjectInspector - CheckoutPatchedBuildCandidate........................FAILURE [   0 s ]
09:10:29.267 [main] INFO  f.i.s.r.p.i.ProjectInspector - ComputeSourceDir.....................................NOT RUN          
09:10:29.268 [main] INFO  f.i.s.r.p.i.ProjectInspector - ComputeTestDir.......................................NOT RUN          
09:10:29.268 [main] INFO  f.i.s.r.p.i.ProjectInspector - CheckoutBuggyBuildCandidateSourceCode................NOT RUN          
09:10:29.268 [main] INFO  f.i.s.r.p.i.ProjectInspector - BuildProjectBuggyBuildCandidateSourceCode............NOT RUN          
09:10:29.268 [main] INFO  f.i.s.r.p.i.ProjectInspector - TestProjectBuggyBuildCandidateSourceCode.............NOT RUN          
09:10:29.270 [main] INFO  f.i.s.r.p.i.ProjectInspector - GatherTestInformationBuggyBuildCandidateSourceCode...NOT RUN          
09:10:29.270 [main] INFO  f.i.s.r.p.i.ProjectInspector - CheckoutBuggyBuildTestCode...........................NOT RUN          
09:10:29.270 [main] INFO  f.i.s.r.p.i.ProjectInspector - InitRepoToPush.......................................NOT RUN          
09:10:29.270 [main] INFO  f.i.s.r.p.i.ProjectInspector - ComputeClasspath.....................................NOT RUN          
09:10:29.271 [main] INFO  f.i.s.r.p.i.ProjectInspector - ComputeModules.......................................NOT RUN          
09:10:29.271 [main] INFO  f.i.s.r.p.i.ProjectInspector - CheckoutBuggyBuildCandidateSourceCode................NOT RUN          
09:10:29.271 [main] INFO  f.i.s.r.p.i.ProjectInspector - CommitChangedTests...................................NOT RUN          
09:10:29.271 [main] INFO  f.i.s.r.p.i.ProjectInspector - CheckoutPatchedBuildCandidate........................NOT RUN          
09:10:29.271 [main] INFO  f.i.s.r.p.i.ProjectInspector - BuildProjectPatchedBuildCandidate....................NOT RUN          
09:10:29.272 [main] INFO  f.i.s.r.p.i.ProjectInspector - TestProjectPatchedBuildCandidate.....................NOT RUN          
09:10:29.272 [main] INFO  f.i.s.r.p.i.ProjectInspector - GatherTestInformationPatchedBuildCandidate...........NOT RUN          
09:10:29.272 [main] INFO  f.i.s.r.p.i.ProjectInspector - CommitPatch..........................................NOT RUN          
09:10:29.272 [main] INFO  f.i.s.r.p.i.ProjectInspector - WritePropertyFile....................................NOT RUN          
09:10:29.273 [main] INFO  f.i.s.r.p.i.ProjectInspector - CommitProcessEnd.....................................NOT RUN          
09:10:29.273 [main] INFO  f.i.s.r.p.i.ProjectInspector - PushProcessEnd.......................................NOT RUN          
09:10:29.273 [main] INFO  f.i.s.r.p.i.ProjectInspector - ----------------------------------------------------------------------
09:10:29.273 [main] INFO  f.i.s.r.p.i.ProjectInspector - PIPELINE FINDING: BUILDNOTCHECKEDOUT
09:10:29.273 [main] INFO  f.i.s.r.p.i.ProjectInspector - ----------------------------------------------------------------------
09:10:29.274 [main] INFO  f.i.s.repairnator.pipeline.Launcher - Inspector is finished. The process will exit now.
