09:10:33.294 [main] INFO  f.i.s.repairnator.pipeline.Launcher - PIPELINE VERSION: 3.0-2018-08-09 19:04
09:10:33.752 [main] INFO  f.i.s.repairnator.pipeline.Launcher - The pipeline will try to reproduce a bug from build 334987591 and its corresponding patch from build 335354023
09:10:33.752 [main] INFO  f.i.s.repairnator.pipeline.Launcher - Initialize file serializer engines.
09:10:33.753 [main] INFO  f.i.s.repairnator.pipeline.Launcher - MongoDB won't be used for serialization.
09:10:33.754 [main] INFO  f.i.s.repairnator.pipeline.Launcher - The email notifier engine won't be used.
09:10:33.757 [main] INFO  f.i.s.repairnator.pipeline.Launcher - Start by getting the build (buildId: 334987591) with the following config: RepairnatorConfig{runId='e37d2f70-f43d-494e-93aa-3a56dc324afd_01-18-week4-PASSING_AND_PASSING', launcherMode=BEARS, serializeJson=true, inputPath='null', outputPath='/var/log', mongodbHost='null', mongodbName='repairnator', smtpServer='null', notifyTo=[], notifyEndProcess=false, push=true, pushRemoteRepo='https://github.com/fermadeiral/bears-collection-pp', fork=false, lookFromDate=null, lookToDate=null, buildId=334987591, z3solverPath='./z3_for_linux', workspacePath='./workspace', githubToken='c8a341a903[...]', dockerImageName='null', skipDelete=false, createOutputDir=false, logDirectory='null', nbThreads=0, globalTimeout=0, whiteList=null, blackList=null, jobSleepTime=0, buildSleepTime=0, maxInspectedBuilds=0, duration=null, humanPatch=false, repository='null', clean=true, bearsMode=BOTH, bearsDelimiter = false, repairTools=NopolAllTests,NPEFix,AssertFixer,AstorJGenProg,AstorJKali,NopolSingleTest,AstorJMut,NopolTestExclusionStrategy, githubUserName= fermadeiral, githubUserEmail=fer.madeiral@gmail.com}
09:10:35.321 [main] DEBUG fr.inria.jtravis.helpers.BuildHelper - Get request to :https://api.travis-ci.org/build/334987591 done after 889 ms
09:10:35.669 [main] DEBUG fr.inria.jtravis.helpers.BuildHelper - Get request to :https://api.travis-ci.org/build/335354023 done after 140 ms
09:10:35.695 [main] INFO  f.i.s.repairnator.pipeline.Launcher - The patched build (335354023) was successfully retrieved from Travis.
09:10:37.492 [main] INFO  fr.inria.jtravis.JTravis - GitHub ratelimit: Limit: 5000 Remaining: 4435 Reset hour: 19:20:37
09:10:37.750 [main] INFO  f.i.s.r.p.i.ProjectInspector - ----------------------------------------------------------------------
09:10:37.751 [main] INFO  f.i.s.r.p.i.ProjectInspector - PIPELINE STEPS
09:10:37.751 [main] INFO  f.i.s.r.p.i.ProjectInspector - ----------------------------------------------------------------------
09:10:37.751 [main] INFO  f.i.s.r.p.i.ProjectInspector - CloneRepository
09:10:37.751 [main] INFO  f.i.s.r.p.i.ProjectInspector - CheckoutPatchedBuildCandidate
09:10:37.751 [main] INFO  f.i.s.r.p.i.ProjectInspector - ComputeSourceDir
09:10:37.751 [main] INFO  f.i.s.r.p.i.ProjectInspector - ComputeTestDir
09:10:37.752 [main] INFO  f.i.s.r.p.i.ProjectInspector - CheckoutBuggyBuildCandidateSourceCode
09:10:37.752 [main] INFO  f.i.s.r.p.i.ProjectInspector - BuildProjectBuggyBuildCandidateSourceCode
09:10:37.752 [main] INFO  f.i.s.r.p.i.ProjectInspector - TestProjectBuggyBuildCandidateSourceCode
09:10:37.752 [main] INFO  f.i.s.r.p.i.ProjectInspector - GatherTestInformationBuggyBuildCandidateSourceCode
09:10:37.752 [main] INFO  f.i.s.r.p.i.ProjectInspector - CheckoutBuggyBuildTestCode
09:10:37.752 [main] INFO  f.i.s.r.p.i.ProjectInspector - InitRepoToPush
09:10:37.753 [main] INFO  f.i.s.r.p.i.ProjectInspector - ComputeClasspath
09:10:37.753 [main] INFO  f.i.s.r.p.i.ProjectInspector - ComputeModules
09:10:37.753 [main] INFO  f.i.s.r.p.i.ProjectInspector - CheckoutBuggyBuildCandidateSourceCode
09:10:37.753 [main] INFO  f.i.s.r.p.i.ProjectInspector - CommitChangedTests
09:10:37.753 [main] INFO  f.i.s.r.p.i.ProjectInspector - CheckoutPatchedBuildCandidate
09:10:37.753 [main] INFO  f.i.s.r.p.i.ProjectInspector - BuildProjectPatchedBuildCandidate
09:10:37.753 [main] INFO  f.i.s.r.p.i.ProjectInspector - TestProjectPatchedBuildCandidate
09:10:37.753 [main] INFO  f.i.s.r.p.i.ProjectInspector - GatherTestInformationPatchedBuildCandidate
09:10:37.754 [main] INFO  f.i.s.r.p.i.ProjectInspector - CommitPatch
09:10:37.754 [main] INFO  f.i.s.r.p.i.ProjectInspector - WritePropertyFile
09:10:37.754 [main] INFO  f.i.s.r.p.i.ProjectInspector - CommitProcessEnd
09:10:37.755 [main] INFO  f.i.s.r.p.i.ProjectInspector - PushProcessEnd
09:10:37.755 [main] DEBUG f.i.s.r.process.step.CloneRepository - ----------------------------------------------------------------------
09:10:37.755 [main] DEBUG f.i.s.r.process.step.CloneRepository - STEP 1/22: CloneRepository
09:10:37.756 [main] DEBUG f.i.s.r.process.step.CloneRepository - ----------------------------------------------------------------------
09:10:37.756 [main] DEBUG f.i.s.r.process.step.CloneRepository - Cloning repository CorfuDB/CorfuDB in the following directory: ./workspace/CorfuDB/CorfuDB/334987591
09:15:46.644 [main] DEBUG f.i.s.r.process.step.CloneRepository - STEP STATUS: [ CloneRepository : SUCCESS ]
09:15:46.644 [main] DEBUG f.i.s.r.process.step.CloneRepository - STEP DURATION: 308s
09:15:46.644 [main] DEBUG f.i.s.r.process.step.CloneRepository - EXECUTE NEXT STEP
09:15:46.645 [main] DEBUG f.i.s.r.p.s.c.CheckoutPatchedBuild - ----------------------------------------------------------------------
09:15:46.645 [main] DEBUG f.i.s.r.p.s.c.CheckoutPatchedBuild - STEP 2/22: CheckoutPatchedBuildCandidate
09:15:46.645 [main] DEBUG f.i.s.r.p.s.c.CheckoutPatchedBuild - ----------------------------------------------------------------------
09:15:46.645 [main] DEBUG f.i.s.r.p.s.c.CheckoutPatchedBuild - Checking out patched build candidate...
09:15:46.682 [main] ERROR f.i.s.r.p.s.c.CheckoutPatchedBuild - Error while testing commit: org.eclipse.jgit.errors.MissingObjectException: Missing unknown 3b8c91cc0ac9578502a2def3716b9aadcf8b4134
09:15:46.683 [main] ERROR f.i.s.r.p.s.c.CheckoutPatchedBuild - Error while getting the commit to checkout from the repo.
09:15:46.685 [main] DEBUG f.i.s.r.p.s.c.CheckoutPatchedBuild - STEP STATUS: [ CheckoutPatchedBuildCandidate : FAILURE ( BUILDNOTCHECKEDOUT ) ]
09:15:46.685 [main] DEBUG f.i.s.r.p.s.c.CheckoutPatchedBuild - STEP DURATION: 0s
09:15:46.686 [main] DEBUG f.i.s.r.p.s.c.CheckoutPatchedBuild - TERMINATE PIPELINE
09:15:46.686 [main] DEBUG f.i.s.r.p.s.c.CheckoutPatchedBuild - FINAL STEPS SKIPPED: The reproduction of the bug and/or the patch failed.
09:15:46.686 [main] INFO  f.i.s.r.p.s.c.CheckoutPatchedBuild - Serialize all data for the pair of builds 334987591, 335354023
09:15:47.118 [main] INFO  fr.inria.jtravis.JTravis - GitHub ratelimit: Limit: 5000 Remaining: 4415 Reset hour: 19:20:37
09:15:47.726 [main] INFO  f.i.s.r.p.i.ProjectInspector - ----------------------------------------------------------------------
09:15:47.726 [main] INFO  f.i.s.r.p.i.ProjectInspector - PIPELINE EXECUTION SUMMARY
09:15:47.727 [main] INFO  f.i.s.r.p.i.ProjectInspector - ----------------------------------------------------------------------
09:15:47.727 [main] INFO  f.i.s.r.p.i.ProjectInspector - CloneRepository......................................SUCCESS [ 308 s ]
09:15:47.728 [main] INFO  f.i.s.r.p.i.ProjectInspector - CheckoutPatchedBuildCandidate........................FAILURE [   0 s ]
09:15:47.728 [main] INFO  f.i.s.r.p.i.ProjectInspector - ComputeSourceDir.....................................NOT RUN          
09:15:47.728 [main] INFO  f.i.s.r.p.i.ProjectInspector - ComputeTestDir.......................................NOT RUN          
09:15:47.728 [main] INFO  f.i.s.r.p.i.ProjectInspector - CheckoutBuggyBuildCandidateSourceCode................NOT RUN          
09:15:47.729 [main] INFO  f.i.s.r.p.i.ProjectInspector - BuildProjectBuggyBuildCandidateSourceCode............NOT RUN          
09:15:47.731 [main] INFO  f.i.s.r.p.i.ProjectInspector - TestProjectBuggyBuildCandidateSourceCode.............NOT RUN          
09:15:47.732 [main] INFO  f.i.s.r.p.i.ProjectInspector - GatherTestInformationBuggyBuildCandidateSourceCode...NOT RUN          
09:15:47.732 [main] INFO  f.i.s.r.p.i.ProjectInspector - CheckoutBuggyBuildTestCode...........................NOT RUN          
09:15:47.733 [main] INFO  f.i.s.r.p.i.ProjectInspector - InitRepoToPush.......................................NOT RUN          
09:15:47.733 [main] INFO  f.i.s.r.p.i.ProjectInspector - ComputeClasspath.....................................NOT RUN          
09:15:47.733 [main] INFO  f.i.s.r.p.i.ProjectInspector - ComputeModules.......................................NOT RUN          
09:15:47.733 [main] INFO  f.i.s.r.p.i.ProjectInspector - CheckoutBuggyBuildCandidateSourceCode................NOT RUN          
09:15:47.734 [main] INFO  f.i.s.r.p.i.ProjectInspector - CommitChangedTests...................................NOT RUN          
09:15:47.734 [main] INFO  f.i.s.r.p.i.ProjectInspector - CheckoutPatchedBuildCandidate........................NOT RUN          
09:15:47.734 [main] INFO  f.i.s.r.p.i.ProjectInspector - BuildProjectPatchedBuildCandidate....................NOT RUN          
09:15:47.735 [main] INFO  f.i.s.r.p.i.ProjectInspector - TestProjectPatchedBuildCandidate.....................NOT RUN          
09:15:47.735 [main] INFO  f.i.s.r.p.i.ProjectInspector - GatherTestInformationPatchedBuildCandidate...........NOT RUN          
09:15:47.735 [main] INFO  f.i.s.r.p.i.ProjectInspector - CommitPatch..........................................NOT RUN          
09:15:47.735 [main] INFO  f.i.s.r.p.i.ProjectInspector - WritePropertyFile....................................NOT RUN          
09:15:47.736 [main] INFO  f.i.s.r.p.i.ProjectInspector - CommitProcessEnd.....................................NOT RUN          
09:15:47.736 [main] INFO  f.i.s.r.p.i.ProjectInspector - PushProcessEnd.......................................NOT RUN          
09:15:47.736 [main] INFO  f.i.s.r.p.i.ProjectInspector - ----------------------------------------------------------------------
09:15:47.737 [main] INFO  f.i.s.r.p.i.ProjectInspector - PIPELINE FINDING: BUILDNOTCHECKEDOUT
09:15:47.737 [main] INFO  f.i.s.r.p.i.ProjectInspector - ----------------------------------------------------------------------
09:15:47.737 [main] INFO  f.i.s.repairnator.pipeline.Launcher - Inspector is finished. The process will exit now.
