07:51:08.655 [main] INFO  f.i.s.repairnator.pipeline.Launcher - PIPELINE VERSION: 3.0-2018-08-09 19:04
07:51:08.799 [main] INFO  f.i.s.repairnator.pipeline.Launcher - The pipeline will try to reproduce a bug from build 355740574 and its corresponding patch from build 355741002
07:51:08.800 [main] INFO  f.i.s.repairnator.pipeline.Launcher - Initialize file serializer engines.
07:51:08.802 [main] INFO  f.i.s.repairnator.pipeline.Launcher - MongoDB won't be used for serialization.
07:51:08.802 [main] INFO  f.i.s.repairnator.pipeline.Launcher - The email notifier engine won't be used.
07:51:08.806 [main] INFO  f.i.s.repairnator.pipeline.Launcher - Start by getting the build (buildId: 355740574) with the following config: RepairnatorConfig{runId='e853272b-bf8e-41a0-b5a0-9d347947f4f6_03-18-week3-PASSING_AND_PASSING', launcherMode=BEARS, serializeJson=true, inputPath='null', outputPath='/var/log', mongodbHost='null', mongodbName='repairnator', smtpServer='null', notifyTo=[], notifyEndProcess=false, push=true, pushRemoteRepo='https://github.com/fermadeiral/bears-collection-pp', fork=false, lookFromDate=null, lookToDate=null, buildId=355740574, z3solverPath='./z3_for_linux', workspacePath='./workspace', githubToken='c8a341a903[...]', dockerImageName='null', skipDelete=false, createOutputDir=false, logDirectory='null', nbThreads=0, globalTimeout=0, whiteList=null, blackList=null, jobSleepTime=0, buildSleepTime=0, maxInspectedBuilds=0, duration=null, humanPatch=false, repository='null', clean=true, bearsMode=BOTH, bearsDelimiter = false, repairTools=NopolAllTests,NPEFix,AssertFixer,AstorJGenProg,AstorJKali,NopolSingleTest,AstorJMut,NopolTestExclusionStrategy, githubUserName= fermadeiral, githubUserEmail=fer.madeiral@gmail.com}
07:51:10.052 [main] DEBUG fr.inria.jtravis.helpers.BuildHelper - Get request to :https://api.travis-ci.org/build/355740574 done after 756 ms
07:51:10.272 [main] DEBUG fr.inria.jtravis.helpers.BuildHelper - Get request to :https://api.travis-ci.org/build/355741002 done after 137 ms
07:51:10.289 [main] INFO  f.i.s.repairnator.pipeline.Launcher - The patched build (355741002) was successfully retrieved from Travis.
07:51:12.093 [main] INFO  fr.inria.jtravis.JTravis - GitHub ratelimit: Limit: 5000 Remaining: 4577 Reset hour: 19:33:30
07:51:12.372 [main] INFO  f.i.s.r.p.i.ProjectInspector - ----------------------------------------------------------------------
07:51:12.373 [main] INFO  f.i.s.r.p.i.ProjectInspector - PIPELINE STEPS
07:51:12.373 [main] INFO  f.i.s.r.p.i.ProjectInspector - ----------------------------------------------------------------------
07:51:12.373 [main] INFO  f.i.s.r.p.i.ProjectInspector - CloneRepository
07:51:12.374 [main] INFO  f.i.s.r.p.i.ProjectInspector - CheckoutPatchedBuildCandidate
07:51:12.374 [main] INFO  f.i.s.r.p.i.ProjectInspector - ComputeSourceDir
07:51:12.374 [main] INFO  f.i.s.r.p.i.ProjectInspector - ComputeTestDir
07:51:12.374 [main] INFO  f.i.s.r.p.i.ProjectInspector - CheckoutBuggyBuildCandidateSourceCode
07:51:12.374 [main] INFO  f.i.s.r.p.i.ProjectInspector - BuildProjectBuggyBuildCandidateSourceCode
07:51:12.374 [main] INFO  f.i.s.r.p.i.ProjectInspector - TestProjectBuggyBuildCandidateSourceCode
07:51:12.375 [main] INFO  f.i.s.r.p.i.ProjectInspector - GatherTestInformationBuggyBuildCandidateSourceCode
07:51:12.375 [main] INFO  f.i.s.r.p.i.ProjectInspector - CheckoutBuggyBuildTestCode
07:51:12.375 [main] INFO  f.i.s.r.p.i.ProjectInspector - InitRepoToPush
07:51:12.375 [main] INFO  f.i.s.r.p.i.ProjectInspector - ComputeClasspath
07:51:12.375 [main] INFO  f.i.s.r.p.i.ProjectInspector - ComputeModules
07:51:12.375 [main] INFO  f.i.s.r.p.i.ProjectInspector - CheckoutBuggyBuildCandidateSourceCode
07:51:12.375 [main] INFO  f.i.s.r.p.i.ProjectInspector - CommitChangedTests
07:51:12.375 [main] INFO  f.i.s.r.p.i.ProjectInspector - CheckoutPatchedBuildCandidate
07:51:12.376 [main] INFO  f.i.s.r.p.i.ProjectInspector - BuildProjectPatchedBuildCandidate
07:51:12.376 [main] INFO  f.i.s.r.p.i.ProjectInspector - TestProjectPatchedBuildCandidate
07:51:12.376 [main] INFO  f.i.s.r.p.i.ProjectInspector - GatherTestInformationPatchedBuildCandidate
07:51:12.376 [main] INFO  f.i.s.r.p.i.ProjectInspector - CommitPatch
07:51:12.376 [main] INFO  f.i.s.r.p.i.ProjectInspector - WritePropertyFile
07:51:12.376 [main] INFO  f.i.s.r.p.i.ProjectInspector - CommitProcessEnd
07:51:12.376 [main] INFO  f.i.s.r.p.i.ProjectInspector - PushProcessEnd
07:51:12.377 [main] DEBUG f.i.s.r.process.step.CloneRepository - ----------------------------------------------------------------------
07:51:12.377 [main] DEBUG f.i.s.r.process.step.CloneRepository - STEP 1/22: CloneRepository
07:51:12.377 [main] DEBUG f.i.s.r.process.step.CloneRepository - ----------------------------------------------------------------------
07:51:12.378 [main] DEBUG f.i.s.r.process.step.CloneRepository - Cloning repository batfish/batfish in the following directory: ./workspace/batfish/batfish/355740574
07:52:12.082 [main] DEBUG f.i.s.r.process.step.CloneRepository - STEP STATUS: [ CloneRepository : SUCCESS ]
07:52:12.083 [main] DEBUG f.i.s.r.process.step.CloneRepository - STEP DURATION: 59s
07:52:12.083 [main] DEBUG f.i.s.r.process.step.CloneRepository - EXECUTE NEXT STEP
07:52:12.083 [main] DEBUG f.i.s.r.p.s.c.CheckoutPatchedBuild - ----------------------------------------------------------------------
07:52:12.083 [main] DEBUG f.i.s.r.p.s.c.CheckoutPatchedBuild - STEP 2/22: CheckoutPatchedBuildCandidate
07:52:12.084 [main] DEBUG f.i.s.r.p.s.c.CheckoutPatchedBuild - ----------------------------------------------------------------------
07:52:12.084 [main] DEBUG f.i.s.r.p.s.c.CheckoutPatchedBuild - Checking out patched build candidate...
07:52:12.098 [main] DEBUG f.i.s.r.p.s.c.CheckoutPatchedBuild - Get commit 9aa596c533f4fa6c58650272d04c866a517cce76 for repo batfish/batfish
07:52:13.469 [main] INFO  f.i.s.r.process.git.GitHelper - Init git submodules.
07:52:13.551 [main] DEBUG f.i.s.r.p.s.c.CheckoutPatchedBuild - STEP STATUS: [ CheckoutPatchedBuildCandidate : SUCCESS ]
07:52:13.551 [main] DEBUG f.i.s.r.p.s.c.CheckoutPatchedBuild - STEP DURATION: 1s
07:52:13.551 [main] DEBUG f.i.s.r.p.s.c.CheckoutPatchedBuild - EXECUTE NEXT STEP
07:52:13.552 [main] DEBUG f.i.s.r.p.s.paths.ComputeSourceDir - ----------------------------------------------------------------------
07:52:13.552 [main] DEBUG f.i.s.r.p.s.paths.ComputeSourceDir - STEP 3/22: ComputeSourceDir
07:52:13.552 [main] DEBUG f.i.s.r.p.s.paths.ComputeSourceDir - ----------------------------------------------------------------------
07:52:13.553 [main] DEBUG f.i.s.r.p.s.paths.ComputeSourceDir - Computing the source directory ...
07:52:13.554 [main] DEBUG f.i.s.r.p.s.paths.ComputeSourceDir - The default source directory (/root/workspace/batfish/batfish/355740574/src/main/java) does not exist. Try to read pom.xml to get information.
07:52:13.554 [main] INFO  f.i.s.r.p.s.paths.ComputeSourceDir - The pom.xml file is not at the root of the repository. Start to search it in folders...
07:52:13.555 [main] INFO  f.i.s.r.p.s.paths.ComputeSourceDir - A pom.xml was found in the following directory: ./workspace/batfish/batfish/355740574/projects
07:52:13.693 [main] DEBUG f.i.s.r.p.m.RepositoryModelResolver - Downloading https://repo1.maven.org/maven2/com/fasterxml/jackson/jackson-bom/2.9.0/jackson-bom-2.9.0.pom
07:52:13.810 [main] DEBUG f.i.s.r.p.m.RepositoryModelResolver - Downloading https://repo1.maven.org/maven2/com/fasterxml/jackson/jackson-parent/2.9.0/jackson-parent-2.9.0.pom
07:52:13.894 [main] DEBUG f.i.s.r.p.m.RepositoryModelResolver - Downloading https://repo1.maven.org/maven2/com/fasterxml/oss-parent/28/oss-parent-28.pom
07:52:14.026 [main] DEBUG f.i.s.r.p.s.paths.ComputeSourceDir - The source directory given in pom.xml (/root/./workspace/batfish/batfish/355740574/projects/src/main/java) does not exist. Continue to try to get source dir from all modules.
07:52:14.157 [main] DEBUG f.i.s.r.p.s.paths.ComputeSourceDir - The default source directory (/root/workspace/batfish/batfish/355740574/projects/build-tools/src/main/java) does not exist. Try to read pom.xml to get information.
07:52:14.171 [main] DEBUG f.i.s.r.p.s.paths.ComputeSourceDir - The source directory given in pom.xml (/root/workspace/batfish/batfish/355740574/projects/build-tools/src/main/java) does not exist. Continue to try to get source dir from all modules.
07:52:14.172 [main] ERROR f.i.s.r.p.s.paths.ComputeSourceDir - The source directory is not at default location or specified in build section from pom.xml, and no parent can be found.
07:52:14.204 [main] INFO  f.i.s.r.p.s.paths.ComputeSourceDir - 6 source dirs were found:
07:52:14.204 [main] INFO  f.i.s.r.p.s.paths.ComputeSourceDir - /root/workspace/batfish/batfish/355740574/projects/allinone/src/main/java
07:52:14.204 [main] INFO  f.i.s.r.p.s.paths.ComputeSourceDir - /root/workspace/batfish/batfish/355740574/projects/batfish-client/src/main/java
07:52:14.204 [main] INFO  f.i.s.r.p.s.paths.ComputeSourceDir - /root/workspace/batfish/batfish/355740574/projects/batfish-common-protocol/src/main/java
07:52:14.205 [main] INFO  f.i.s.r.p.s.paths.ComputeSourceDir - /root/workspace/batfish/batfish/355740574/projects/batfish/src/main/java
07:52:14.205 [main] INFO  f.i.s.r.p.s.paths.ComputeSourceDir - /root/workspace/batfish/batfish/355740574/projects/coordinator/src/main/java
07:52:14.205 [main] INFO  f.i.s.r.p.s.paths.ComputeSourceDir - /root/workspace/batfish/batfish/355740574/projects/question/src/main/java
07:52:14.248 [main] DEBUG f.i.s.r.p.s.paths.ComputeSourceDir - Compute the line of code of the project
07:52:15.270 [main] DEBUG f.i.s.r.p.s.paths.ComputeSourceDir - Get result from cloc process...
07:52:15.271 [main] DEBUG f.i.s.r.p.s.paths.ComputeSourceDir - STEP STATUS: [ ComputeSourceDir : SUCCESS ]
07:52:15.272 [main] DEBUG f.i.s.r.p.s.paths.ComputeSourceDir - STEP DURATION: 1s
07:52:15.272 [main] DEBUG f.i.s.r.p.s.paths.ComputeSourceDir - EXECUTE NEXT STEP
07:52:15.272 [main] DEBUG f.i.s.r.p.step.paths.ComputeTestDir - ----------------------------------------------------------------------
07:52:15.272 [main] DEBUG f.i.s.r.p.step.paths.ComputeTestDir - STEP 4/22: ComputeTestDir
07:52:15.272 [main] DEBUG f.i.s.r.p.step.paths.ComputeTestDir - ----------------------------------------------------------------------
07:52:15.272 [main] DEBUG f.i.s.r.p.step.paths.ComputeTestDir - Computing the test directory ...
07:52:15.272 [main] DEBUG f.i.s.r.p.step.paths.ComputeTestDir - The default test directory (/root/workspace/batfish/batfish/355740574/src/test/java) does not exist. Try to read pom.xml to get information.
07:52:15.273 [main] INFO  f.i.s.r.p.step.paths.ComputeTestDir - The pom.xml file is not at the root of the repository. Start to search it in folders...
07:52:15.273 [main] INFO  f.i.s.r.p.step.paths.ComputeTestDir - A pom.xml was found in the following directory: ./workspace/batfish/batfish/355740574/projects
07:52:15.284 [main] DEBUG f.i.s.r.p.step.paths.ComputeTestDir - The test directory given in pom.xml (/root/./workspace/batfish/batfish/355740574/projects/src/test/java) does not exist. Continue to try to get test dir from all modules.
07:52:15.284 [main] DEBUG f.i.s.r.p.step.paths.ComputeTestDir - The default test directory (/root/workspace/batfish/batfish/355740574/projects/allinone/src/test/java) does not exist. Try to read pom.xml to get information.
07:52:15.294 [main] DEBUG f.i.s.r.p.step.paths.ComputeTestDir - The test directory given in pom.xml (/root/workspace/batfish/batfish/355740574/projects/allinone/src/test/java) does not exist. Continue to try to get test dir from all modules.
07:52:15.295 [main] ERROR f.i.s.r.p.step.paths.ComputeTestDir - The test directory is not at default location or specified in build section from pom.xml, and no parent can be found.
07:52:15.335 [main] DEBUG f.i.s.r.p.step.paths.ComputeTestDir - The default test directory (/root/workspace/batfish/batfish/355740574/projects/build-tools/src/test/java) does not exist. Try to read pom.xml to get information.
07:52:15.344 [main] DEBUG f.i.s.r.p.step.paths.ComputeTestDir - The test directory given in pom.xml (/root/workspace/batfish/batfish/355740574/projects/build-tools/src/test/java) does not exist. Continue to try to get test dir from all modules.
07:52:15.344 [main] ERROR f.i.s.r.p.step.paths.ComputeTestDir - The test directory is not at default location or specified in build section from pom.xml, and no parent can be found.
07:52:15.370 [main] INFO  f.i.s.r.p.step.paths.ComputeTestDir - 5 test dirs were found:
07:52:15.371 [main] INFO  f.i.s.r.p.step.paths.ComputeTestDir - /root/workspace/batfish/batfish/355740574/projects/batfish-client/src/test/java
07:52:15.371 [main] INFO  f.i.s.r.p.step.paths.ComputeTestDir - /root/workspace/batfish/batfish/355740574/projects/batfish-common-protocol/src/test/java
07:52:15.371 [main] INFO  f.i.s.r.p.step.paths.ComputeTestDir - /root/workspace/batfish/batfish/355740574/projects/batfish/src/test/java
07:52:15.371 [main] INFO  f.i.s.r.p.step.paths.ComputeTestDir - /root/workspace/batfish/batfish/355740574/projects/coordinator/src/test/java
07:52:15.371 [main] INFO  f.i.s.r.p.step.paths.ComputeTestDir - /root/workspace/batfish/batfish/355740574/projects/question/src/test/java
07:52:15.377 [main] DEBUG f.i.s.r.p.step.paths.ComputeTestDir - STEP STATUS: [ ComputeTestDir : SUCCESS ]
07:52:15.377 [main] DEBUG f.i.s.r.p.step.paths.ComputeTestDir - STEP DURATION: 0s
07:52:15.377 [main] DEBUG f.i.s.r.p.step.paths.ComputeTestDir - EXECUTE NEXT STEP
07:52:15.378 [main] DEBUG f.i.s.r.p.s.c.CheckoutBuggyBuildSourceCode - ----------------------------------------------------------------------
07:52:15.379 [main] DEBUG f.i.s.r.p.s.c.CheckoutBuggyBuildSourceCode - STEP 5/22: CheckoutBuggyBuildCandidateSourceCode
07:52:15.379 [main] DEBUG f.i.s.r.p.s.c.CheckoutBuggyBuildSourceCode - ----------------------------------------------------------------------
07:52:15.380 [main] DEBUG f.i.s.r.p.s.c.CheckoutBuggyBuildSourceCode - Checking out the source code of the buggy build candidate...
07:52:15.388 [main] DEBUG f.i.s.r.p.s.c.CheckoutBuggyBuildSourceCode - Get commit 9aa596c533f4fa6c58650272d04c866a517cce76 for repo batfish/batfish
07:52:15.864 [main] INFO  f.i.s.r.process.git.GitHelper - Init git submodules.
07:52:15.947 [main] ERROR f.i.s.r.p.s.c.CheckoutBuggyBuildSourceCode - Error while testing commit: org.eclipse.jgit.errors.MissingObjectException: Missing unknown fc9a5beea0143aa374e2a50f8040418a9e139253
07:52:15.947 [main] ERROR f.i.s.r.p.s.c.CheckoutBuggyBuildSourceCode - Error while getting the commit to checkout from the repo.
07:52:15.948 [main] DEBUG f.i.s.r.p.s.c.CheckoutBuggyBuildSourceCode - STEP STATUS: [ CheckoutBuggyBuildCandidateSourceCode : FAILURE ( BUILDNOTCHECKEDOUT ) ]
07:52:15.948 [main] DEBUG f.i.s.r.p.s.c.CheckoutBuggyBuildSourceCode - STEP DURATION: 0s
07:52:15.949 [main] DEBUG f.i.s.r.p.s.c.CheckoutBuggyBuildSourceCode - TERMINATE PIPELINE
07:52:15.949 [main] DEBUG f.i.s.r.p.s.c.CheckoutBuggyBuildSourceCode - FINAL STEPS SKIPPED: The reproduction of the bug and/or the patch failed.
07:52:15.949 [main] INFO  f.i.s.r.p.s.c.CheckoutBuggyBuildSourceCode - Serialize all data for the pair of builds 355740574, 355741002
07:52:16.295 [main] INFO  fr.inria.jtravis.JTravis - GitHub ratelimit: Limit: 5000 Remaining: 4552 Reset hour: 19:33:30
07:52:17.239 [main] INFO  f.i.s.r.p.i.ProjectInspector - ----------------------------------------------------------------------
07:52:17.240 [main] INFO  f.i.s.r.p.i.ProjectInspector - PIPELINE EXECUTION SUMMARY
07:52:17.240 [main] INFO  f.i.s.r.p.i.ProjectInspector - ----------------------------------------------------------------------
07:52:17.240 [main] INFO  f.i.s.r.p.i.ProjectInspector - CloneRepository.......................................SUCCESS [ 59 s ]
07:52:17.240 [main] INFO  f.i.s.r.p.i.ProjectInspector - CheckoutPatchedBuildCandidate.........................SUCCESS [  1 s ]
07:52:17.240 [main] INFO  f.i.s.r.p.i.ProjectInspector - ComputeSourceDir......................................SUCCESS [  1 s ]
07:52:17.240 [main] INFO  f.i.s.r.p.i.ProjectInspector - ComputeTestDir........................................SUCCESS [  0 s ]
07:52:17.241 [main] INFO  f.i.s.r.p.i.ProjectInspector - CheckoutBuggyBuildCandidateSourceCode.................FAILURE [  0 s ]
07:52:17.241 [main] INFO  f.i.s.r.p.i.ProjectInspector - BuildProjectBuggyBuildCandidateSourceCode.............NOT RUN         
07:52:17.241 [main] INFO  f.i.s.r.p.i.ProjectInspector - TestProjectBuggyBuildCandidateSourceCode..............NOT RUN         
07:52:17.241 [main] INFO  f.i.s.r.p.i.ProjectInspector - GatherTestInformationBuggyBuildCandidateSourceCode....NOT RUN         
07:52:17.241 [main] INFO  f.i.s.r.p.i.ProjectInspector - CheckoutBuggyBuildTestCode............................NOT RUN         
07:52:17.241 [main] INFO  f.i.s.r.p.i.ProjectInspector - InitRepoToPush........................................NOT RUN         
07:52:17.241 [main] INFO  f.i.s.r.p.i.ProjectInspector - ComputeClasspath......................................NOT RUN         
07:52:17.241 [main] INFO  f.i.s.r.p.i.ProjectInspector - ComputeModules........................................NOT RUN         
07:52:17.241 [main] INFO  f.i.s.r.p.i.ProjectInspector - CheckoutBuggyBuildCandidateSourceCode.................NOT RUN         
07:52:17.242 [main] INFO  f.i.s.r.p.i.ProjectInspector - CommitChangedTests....................................NOT RUN         
07:52:17.242 [main] INFO  f.i.s.r.p.i.ProjectInspector - CheckoutPatchedBuildCandidate.........................NOT RUN         
07:52:17.242 [main] INFO  f.i.s.r.p.i.ProjectInspector - BuildProjectPatchedBuildCandidate.....................NOT RUN         
07:52:17.242 [main] INFO  f.i.s.r.p.i.ProjectInspector - TestProjectPatchedBuildCandidate......................NOT RUN         
07:52:17.242 [main] INFO  f.i.s.r.p.i.ProjectInspector - GatherTestInformationPatchedBuildCandidate............NOT RUN         
07:52:17.242 [main] INFO  f.i.s.r.p.i.ProjectInspector - CommitPatch...........................................NOT RUN         
07:52:17.242 [main] INFO  f.i.s.r.p.i.ProjectInspector - WritePropertyFile.....................................NOT RUN         
07:52:17.243 [main] INFO  f.i.s.r.p.i.ProjectInspector - CommitProcessEnd......................................NOT RUN         
07:52:17.243 [main] INFO  f.i.s.r.p.i.ProjectInspector - PushProcessEnd........................................NOT RUN         
07:52:17.243 [main] INFO  f.i.s.r.p.i.ProjectInspector - ----------------------------------------------------------------------
07:52:17.243 [main] INFO  f.i.s.r.p.i.ProjectInspector - PIPELINE FINDING: BUILDNOTCHECKEDOUT
07:52:17.243 [main] INFO  f.i.s.r.p.i.ProjectInspector - ----------------------------------------------------------------------
07:52:17.243 [main] INFO  f.i.s.repairnator.pipeline.Launcher - Inspector is finished. The process will exit now.
