08:19:31.986 [main] INFO  f.i.s.repairnator.pipeline.Launcher - PIPELINE VERSION: 3.0-2018-08-09 19:04
08:19:32.116 [main] INFO  f.i.s.repairnator.pipeline.Launcher - The pipeline will try to reproduce a bug from build 355028129 and its corresponding patch from build 355058278
08:19:32.116 [main] INFO  f.i.s.repairnator.pipeline.Launcher - Initialize file serializer engines.
08:19:32.118 [main] INFO  f.i.s.repairnator.pipeline.Launcher - MongoDB won't be used for serialization.
08:19:32.118 [main] INFO  f.i.s.repairnator.pipeline.Launcher - The email notifier engine won't be used.
08:19:32.121 [main] INFO  f.i.s.repairnator.pipeline.Launcher - Start by getting the build (buildId: 355028129) with the following config: RepairnatorConfig{runId='e853272b-bf8e-41a0-b5a0-9d347947f4f6_03-18-week3-PASSING_AND_PASSING', launcherMode=BEARS, serializeJson=true, inputPath='null', outputPath='/var/log', mongodbHost='null', mongodbName='repairnator', smtpServer='null', notifyTo=[], notifyEndProcess=false, push=true, pushRemoteRepo='https://github.com/fermadeiral/bears-collection-pp', fork=false, lookFromDate=null, lookToDate=null, buildId=355028129, z3solverPath='./z3_for_linux', workspacePath='./workspace', githubToken='c8a341a903[...]', dockerImageName='null', skipDelete=false, createOutputDir=false, logDirectory='null', nbThreads=0, globalTimeout=0, whiteList=null, blackList=null, jobSleepTime=0, buildSleepTime=0, maxInspectedBuilds=0, duration=null, humanPatch=false, repository='null', clean=true, bearsMode=BOTH, bearsDelimiter = false, repairTools=NopolAllTests,NPEFix,AssertFixer,AstorJGenProg,AstorJKali,NopolSingleTest,AstorJMut,NopolTestExclusionStrategy, githubUserName= fermadeiral, githubUserEmail=fer.madeiral@gmail.com}
08:19:33.371 [main] DEBUG fr.inria.jtravis.helpers.BuildHelper - Get request to :https://api.travis-ci.org/build/355028129 done after 747 ms
08:19:33.603 [main] DEBUG fr.inria.jtravis.helpers.BuildHelper - Get request to :https://api.travis-ci.org/build/355058278 done after 135 ms
08:19:33.612 [main] INFO  f.i.s.repairnator.pipeline.Launcher - The patched build (355058278) was successfully retrieved from Travis.
08:19:34.605 [main] INFO  fr.inria.jtravis.JTravis - GitHub ratelimit: Limit: 5000 Remaining: 4196 Reset hour: 19:33:30
08:19:34.867 [main] INFO  f.i.s.r.p.i.ProjectInspector - ----------------------------------------------------------------------
08:19:34.867 [main] INFO  f.i.s.r.p.i.ProjectInspector - PIPELINE STEPS
08:19:34.867 [main] INFO  f.i.s.r.p.i.ProjectInspector - ----------------------------------------------------------------------
08:19:34.868 [main] INFO  f.i.s.r.p.i.ProjectInspector - CloneRepository
08:19:34.868 [main] INFO  f.i.s.r.p.i.ProjectInspector - CheckoutPatchedBuildCandidate
08:19:34.868 [main] INFO  f.i.s.r.p.i.ProjectInspector - ComputeSourceDir
08:19:34.868 [main] INFO  f.i.s.r.p.i.ProjectInspector - ComputeTestDir
08:19:34.869 [main] INFO  f.i.s.r.p.i.ProjectInspector - CheckoutBuggyBuildCandidateSourceCode
08:19:34.869 [main] INFO  f.i.s.r.p.i.ProjectInspector - BuildProjectBuggyBuildCandidateSourceCode
08:19:34.869 [main] INFO  f.i.s.r.p.i.ProjectInspector - TestProjectBuggyBuildCandidateSourceCode
08:19:34.869 [main] INFO  f.i.s.r.p.i.ProjectInspector - GatherTestInformationBuggyBuildCandidateSourceCode
08:19:34.870 [main] INFO  f.i.s.r.p.i.ProjectInspector - CheckoutBuggyBuildTestCode
08:19:34.870 [main] INFO  f.i.s.r.p.i.ProjectInspector - InitRepoToPush
08:19:34.870 [main] INFO  f.i.s.r.p.i.ProjectInspector - ComputeClasspath
08:19:34.870 [main] INFO  f.i.s.r.p.i.ProjectInspector - ComputeModules
08:19:34.871 [main] INFO  f.i.s.r.p.i.ProjectInspector - CheckoutBuggyBuildCandidateSourceCode
08:19:34.871 [main] INFO  f.i.s.r.p.i.ProjectInspector - CommitChangedTests
08:19:34.871 [main] INFO  f.i.s.r.p.i.ProjectInspector - CheckoutPatchedBuildCandidate
08:19:34.871 [main] INFO  f.i.s.r.p.i.ProjectInspector - BuildProjectPatchedBuildCandidate
08:19:34.872 [main] INFO  f.i.s.r.p.i.ProjectInspector - TestProjectPatchedBuildCandidate
08:19:34.872 [main] INFO  f.i.s.r.p.i.ProjectInspector - GatherTestInformationPatchedBuildCandidate
08:19:34.872 [main] INFO  f.i.s.r.p.i.ProjectInspector - CommitPatch
08:19:34.873 [main] INFO  f.i.s.r.p.i.ProjectInspector - WritePropertyFile
08:19:34.873 [main] INFO  f.i.s.r.p.i.ProjectInspector - CommitProcessEnd
08:19:34.874 [main] INFO  f.i.s.r.p.i.ProjectInspector - PushProcessEnd
08:19:34.874 [main] DEBUG f.i.s.r.process.step.CloneRepository - ----------------------------------------------------------------------
08:19:34.875 [main] DEBUG f.i.s.r.process.step.CloneRepository - STEP 1/22: CloneRepository
08:19:34.875 [main] DEBUG f.i.s.r.process.step.CloneRepository - ----------------------------------------------------------------------
08:19:34.876 [main] DEBUG f.i.s.r.process.step.CloneRepository - Cloning repository runelite/runelite in the following directory: ./workspace/runelite/runelite/355028129
08:19:46.721 [main] DEBUG f.i.s.r.process.step.CloneRepository - STEP STATUS: [ CloneRepository : SUCCESS ]
08:19:46.721 [main] DEBUG f.i.s.r.process.step.CloneRepository - STEP DURATION: 11s
08:19:46.722 [main] DEBUG f.i.s.r.process.step.CloneRepository - EXECUTE NEXT STEP
08:19:46.722 [main] DEBUG f.i.s.r.p.s.c.CheckoutPatchedBuild - ----------------------------------------------------------------------
08:19:46.723 [main] DEBUG f.i.s.r.p.s.c.CheckoutPatchedBuild - STEP 2/22: CheckoutPatchedBuildCandidate
08:19:46.723 [main] DEBUG f.i.s.r.p.s.c.CheckoutPatchedBuild - ----------------------------------------------------------------------
08:19:46.723 [main] DEBUG f.i.s.r.p.s.c.CheckoutPatchedBuild - Checking out patched build candidate...
08:19:47.048 [main] INFO  fr.inria.jtravis.JTravis - GitHub ratelimit: Limit: 5000 Remaining: 4193 Reset hour: 19:33:30
08:19:47.429 [main] WARN  f.i.j.helpers.PullRequestHelper - The head repository is null: maybe it has been deleted from GitHub
08:19:47.430 [main] ERROR f.i.s.r.p.s.c.CheckoutPatchedBuild - Error while getting PR information.
08:19:47.431 [main] DEBUG f.i.s.r.p.s.c.CheckoutPatchedBuild - STEP STATUS: [ CheckoutPatchedBuildCandidate : FAILURE ( BUILDNOTCHECKEDOUT ) ]
08:19:47.431 [main] DEBUG f.i.s.r.p.s.c.CheckoutPatchedBuild - STEP DURATION: 0s
08:19:47.432 [main] DEBUG f.i.s.r.p.s.c.CheckoutPatchedBuild - TERMINATE PIPELINE
08:19:47.432 [main] DEBUG f.i.s.r.p.s.c.CheckoutPatchedBuild - FINAL STEPS SKIPPED: The reproduction of the bug and/or the patch failed.
08:19:47.432 [main] INFO  f.i.s.r.p.s.c.CheckoutPatchedBuild - Serialize all data for the pair of builds 355028129, 355058278
08:19:47.546 [main] INFO  fr.inria.jtravis.JTravis - GitHub ratelimit: Limit: 5000 Remaining: 4191 Reset hour: 19:33:30
08:19:48.444 [main] INFO  f.i.s.r.p.i.ProjectInspector - ----------------------------------------------------------------------
08:19:48.445 [main] INFO  f.i.s.r.p.i.ProjectInspector - PIPELINE EXECUTION SUMMARY
08:19:48.445 [main] INFO  f.i.s.r.p.i.ProjectInspector - ----------------------------------------------------------------------
08:19:48.446 [main] INFO  f.i.s.r.p.i.ProjectInspector - CloneRepository.......................................SUCCESS [ 11 s ]
08:19:48.446 [main] INFO  f.i.s.r.p.i.ProjectInspector - CheckoutPatchedBuildCandidate.........................FAILURE [  0 s ]
08:19:48.447 [main] INFO  f.i.s.r.p.i.ProjectInspector - ComputeSourceDir......................................NOT RUN         
08:19:48.447 [main] INFO  f.i.s.r.p.i.ProjectInspector - ComputeTestDir........................................NOT RUN         
08:19:48.448 [main] INFO  f.i.s.r.p.i.ProjectInspector - CheckoutBuggyBuildCandidateSourceCode.................NOT RUN         
08:19:48.448 [main] INFO  f.i.s.r.p.i.ProjectInspector - BuildProjectBuggyBuildCandidateSourceCode.............NOT RUN         
08:19:48.449 [main] INFO  f.i.s.r.p.i.ProjectInspector - TestProjectBuggyBuildCandidateSourceCode..............NOT RUN         
08:19:48.449 [main] INFO  f.i.s.r.p.i.ProjectInspector - GatherTestInformationBuggyBuildCandidateSourceCode....NOT RUN         
08:19:48.450 [main] INFO  f.i.s.r.p.i.ProjectInspector - CheckoutBuggyBuildTestCode............................NOT RUN         
08:19:48.450 [main] INFO  f.i.s.r.p.i.ProjectInspector - InitRepoToPush........................................NOT RUN         
08:19:48.451 [main] INFO  f.i.s.r.p.i.ProjectInspector - ComputeClasspath......................................NOT RUN         
08:19:48.451 [main] INFO  f.i.s.r.p.i.ProjectInspector - ComputeModules........................................NOT RUN         
08:19:48.452 [main] INFO  f.i.s.r.p.i.ProjectInspector - CheckoutBuggyBuildCandidateSourceCode.................NOT RUN         
08:19:48.452 [main] INFO  f.i.s.r.p.i.ProjectInspector - CommitChangedTests....................................NOT RUN         
08:19:48.453 [main] INFO  f.i.s.r.p.i.ProjectInspector - CheckoutPatchedBuildCandidate.........................NOT RUN         
08:19:48.453 [main] INFO  f.i.s.r.p.i.ProjectInspector - BuildProjectPatchedBuildCandidate.....................NOT RUN         
08:19:48.454 [main] INFO  f.i.s.r.p.i.ProjectInspector - TestProjectPatchedBuildCandidate......................NOT RUN         
08:19:48.454 [main] INFO  f.i.s.r.p.i.ProjectInspector - GatherTestInformationPatchedBuildCandidate............NOT RUN         
08:19:48.455 [main] INFO  f.i.s.r.p.i.ProjectInspector - CommitPatch...........................................NOT RUN         
08:19:48.455 [main] INFO  f.i.s.r.p.i.ProjectInspector - WritePropertyFile.....................................NOT RUN         
08:19:48.455 [main] INFO  f.i.s.r.p.i.ProjectInspector - CommitProcessEnd......................................NOT RUN         
08:19:48.456 [main] INFO  f.i.s.r.p.i.ProjectInspector - PushProcessEnd........................................NOT RUN         
08:19:48.456 [main] INFO  f.i.s.r.p.i.ProjectInspector - ----------------------------------------------------------------------
08:19:48.456 [main] INFO  f.i.s.r.p.i.ProjectInspector - PIPELINE FINDING: BUILDNOTCHECKEDOUT
08:19:48.456 [main] INFO  f.i.s.r.p.i.ProjectInspector - ----------------------------------------------------------------------
08:19:48.456 [main] INFO  f.i.s.repairnator.pipeline.Launcher - Inspector is finished. The process will exit now.
