14:04:24.269 [main] INFO  f.i.s.repairnator.pipeline.Launcher - PIPELINE VERSION: 3.0-2018-08-09 19:04
14:04:24.416 [main] INFO  f.i.s.repairnator.pipeline.Launcher - The pipeline will try to reproduce a bug from build 354065556 and its corresponding patch from build 354468346
14:04:24.417 [main] INFO  f.i.s.repairnator.pipeline.Launcher - Initialize file serializer engines.
14:04:24.419 [main] INFO  f.i.s.repairnator.pipeline.Launcher - MongoDB won't be used for serialization.
14:04:24.419 [main] INFO  f.i.s.repairnator.pipeline.Launcher - The email notifier engine won't be used.
14:04:24.421 [main] INFO  f.i.s.repairnator.pipeline.Launcher - Start by getting the build (buildId: 354065556) with the following config: RepairnatorConfig{runId='e853272b-bf8e-41a0-b5a0-9d347947f4f6_03-18-week3-PASSING_AND_PASSING', launcherMode=BEARS, serializeJson=true, inputPath='null', outputPath='/var/log', mongodbHost='null', mongodbName='repairnator', smtpServer='null', notifyTo=[], notifyEndProcess=false, push=true, pushRemoteRepo='https://github.com/fermadeiral/bears-collection-pp', fork=false, lookFromDate=null, lookToDate=null, buildId=354065556, z3solverPath='./z3_for_linux', workspacePath='./workspace', githubToken='c8a341a903[...]', dockerImageName='null', skipDelete=false, createOutputDir=false, logDirectory='null', nbThreads=0, globalTimeout=0, whiteList=null, blackList=null, jobSleepTime=0, buildSleepTime=0, maxInspectedBuilds=0, duration=null, humanPatch=false, repository='null', clean=true, bearsMode=BOTH, bearsDelimiter = false, repairTools=NopolAllTests,NPEFix,AssertFixer,AstorJGenProg,AstorJKali,NopolSingleTest,AstorJMut,NopolTestExclusionStrategy, githubUserName= fermadeiral, githubUserEmail=fer.madeiral@gmail.com}
14:04:25.748 [main] DEBUG fr.inria.jtravis.helpers.BuildHelper - Get request to :https://api.travis-ci.org/build/354065556 done after 815 ms
14:04:25.976 [main] DEBUG fr.inria.jtravis.helpers.BuildHelper - Get request to :https://api.travis-ci.org/build/354468346 done after 132 ms
14:04:25.992 [main] INFO  f.i.s.repairnator.pipeline.Launcher - The patched build (354468346) was successfully retrieved from Travis.
14:04:27.091 [main] INFO  fr.inria.jtravis.JTravis - GitHub ratelimit: Limit: 5000 Remaining: 4963 Reset hour: 19:33:54
14:04:27.348 [main] INFO  f.i.s.r.p.i.ProjectInspector - ----------------------------------------------------------------------
14:04:27.348 [main] INFO  f.i.s.r.p.i.ProjectInspector - PIPELINE STEPS
14:04:27.348 [main] INFO  f.i.s.r.p.i.ProjectInspector - ----------------------------------------------------------------------
14:04:27.348 [main] INFO  f.i.s.r.p.i.ProjectInspector - CloneRepository
14:04:27.348 [main] INFO  f.i.s.r.p.i.ProjectInspector - CheckoutPatchedBuildCandidate
14:04:27.349 [main] INFO  f.i.s.r.p.i.ProjectInspector - ComputeSourceDir
14:04:27.349 [main] INFO  f.i.s.r.p.i.ProjectInspector - ComputeTestDir
14:04:27.349 [main] INFO  f.i.s.r.p.i.ProjectInspector - CheckoutBuggyBuildCandidateSourceCode
14:04:27.349 [main] INFO  f.i.s.r.p.i.ProjectInspector - BuildProjectBuggyBuildCandidateSourceCode
14:04:27.349 [main] INFO  f.i.s.r.p.i.ProjectInspector - TestProjectBuggyBuildCandidateSourceCode
14:04:27.349 [main] INFO  f.i.s.r.p.i.ProjectInspector - GatherTestInformationBuggyBuildCandidateSourceCode
14:04:27.349 [main] INFO  f.i.s.r.p.i.ProjectInspector - CheckoutBuggyBuildTestCode
14:04:27.350 [main] INFO  f.i.s.r.p.i.ProjectInspector - InitRepoToPush
14:04:27.350 [main] INFO  f.i.s.r.p.i.ProjectInspector - ComputeClasspath
14:04:27.350 [main] INFO  f.i.s.r.p.i.ProjectInspector - ComputeModules
14:04:27.350 [main] INFO  f.i.s.r.p.i.ProjectInspector - CheckoutBuggyBuildCandidateSourceCode
14:04:27.350 [main] INFO  f.i.s.r.p.i.ProjectInspector - CommitChangedTests
14:04:27.350 [main] INFO  f.i.s.r.p.i.ProjectInspector - CheckoutPatchedBuildCandidate
14:04:27.350 [main] INFO  f.i.s.r.p.i.ProjectInspector - BuildProjectPatchedBuildCandidate
14:04:27.350 [main] INFO  f.i.s.r.p.i.ProjectInspector - TestProjectPatchedBuildCandidate
14:04:27.351 [main] INFO  f.i.s.r.p.i.ProjectInspector - GatherTestInformationPatchedBuildCandidate
14:04:27.351 [main] INFO  f.i.s.r.p.i.ProjectInspector - CommitPatch
14:04:27.351 [main] INFO  f.i.s.r.p.i.ProjectInspector - WritePropertyFile
14:04:27.351 [main] INFO  f.i.s.r.p.i.ProjectInspector - CommitProcessEnd
14:04:27.351 [main] INFO  f.i.s.r.p.i.ProjectInspector - PushProcessEnd
14:04:27.351 [main] DEBUG f.i.s.r.process.step.CloneRepository - ----------------------------------------------------------------------
14:04:27.352 [main] DEBUG f.i.s.r.process.step.CloneRepository - STEP 1/22: CloneRepository
14:04:27.352 [main] DEBUG f.i.s.r.process.step.CloneRepository - ----------------------------------------------------------------------
14:04:27.352 [main] DEBUG f.i.s.r.process.step.CloneRepository - Cloning repository resteasy/Resteasy in the following directory: ./workspace/resteasy/Resteasy/354065556
14:04:45.617 [main] DEBUG f.i.s.r.process.step.CloneRepository - STEP STATUS: [ CloneRepository : SUCCESS ]
14:04:45.617 [main] DEBUG f.i.s.r.process.step.CloneRepository - STEP DURATION: 18s
14:04:45.617 [main] DEBUG f.i.s.r.process.step.CloneRepository - EXECUTE NEXT STEP
14:04:45.617 [main] DEBUG f.i.s.r.p.s.c.CheckoutPatchedBuild - ----------------------------------------------------------------------
14:04:45.618 [main] DEBUG f.i.s.r.p.s.c.CheckoutPatchedBuild - STEP 2/22: CheckoutPatchedBuildCandidate
14:04:45.618 [main] DEBUG f.i.s.r.p.s.c.CheckoutPatchedBuild - ----------------------------------------------------------------------
14:04:45.618 [main] DEBUG f.i.s.r.p.s.c.CheckoutPatchedBuild - Checking out patched build candidate...
14:04:45.968 [main] INFO  fr.inria.jtravis.JTravis - GitHub ratelimit: Limit: 5000 Remaining: 4962 Reset hour: 19:33:54
14:04:48.080 [main] DEBUG f.i.s.r.p.s.c.CheckoutPatchedBuild - Reproduce the PR for resteasy/Resteasy by fetching remote branch and merging.
14:04:50.512 [main] ERROR f.i.s.r.p.s.c.CheckoutPatchedBuild - Error while testing commit: org.eclipse.jgit.errors.MissingObjectException: Missing unknown 194575bb2bd76019660027ada768c72a0f845d88
14:04:50.513 [main] ERROR f.i.s.r.p.s.c.CheckoutPatchedBuild - Commit head ref cannot be retrieved from the repository: 194575bb2bd76019660027ada768c72a0f845d88. Operation aborted.
14:04:50.513 [main] ERROR f.i.s.r.p.s.c.CheckoutPatchedBuild - Error while merging two commits to reproduce the PR.
14:04:50.514 [main] DEBUG f.i.s.r.p.s.c.CheckoutPatchedBuild - STEP STATUS: [ CheckoutPatchedBuildCandidate : FAILURE ( BUILDNOTCHECKEDOUT ) ]
14:04:50.515 [main] DEBUG f.i.s.r.p.s.c.CheckoutPatchedBuild - STEP DURATION: 4s
14:04:50.515 [main] DEBUG f.i.s.r.p.s.c.CheckoutPatchedBuild - TERMINATE PIPELINE
14:04:50.516 [main] DEBUG f.i.s.r.p.s.c.CheckoutPatchedBuild - FINAL STEPS SKIPPED: The reproduction of the bug and/or the patch failed.
14:04:50.516 [main] INFO  f.i.s.r.p.s.c.CheckoutPatchedBuild - Serialize all data for the pair of builds 354065556, 354468346
14:04:50.643 [main] INFO  fr.inria.jtravis.JTravis - GitHub ratelimit: Limit: 5000 Remaining: 4954 Reset hour: 19:33:54
14:04:51.685 [main] INFO  f.i.s.r.p.i.ProjectInspector - ----------------------------------------------------------------------
14:04:51.685 [main] INFO  f.i.s.r.p.i.ProjectInspector - PIPELINE EXECUTION SUMMARY
14:04:51.686 [main] INFO  f.i.s.r.p.i.ProjectInspector - ----------------------------------------------------------------------
14:04:51.686 [main] INFO  f.i.s.r.p.i.ProjectInspector - CloneRepository.......................................SUCCESS [ 18 s ]
14:04:51.686 [main] INFO  f.i.s.r.p.i.ProjectInspector - CheckoutPatchedBuildCandidate.........................FAILURE [  4 s ]
14:04:51.686 [main] INFO  f.i.s.r.p.i.ProjectInspector - ComputeSourceDir......................................NOT RUN         
14:04:51.687 [main] INFO  f.i.s.r.p.i.ProjectInspector - ComputeTestDir........................................NOT RUN         
14:04:51.688 [main] INFO  f.i.s.r.p.i.ProjectInspector - CheckoutBuggyBuildCandidateSourceCode.................NOT RUN         
14:04:51.688 [main] INFO  f.i.s.r.p.i.ProjectInspector - BuildProjectBuggyBuildCandidateSourceCode.............NOT RUN         
14:04:51.688 [main] INFO  f.i.s.r.p.i.ProjectInspector - TestProjectBuggyBuildCandidateSourceCode..............NOT RUN         
14:04:51.688 [main] INFO  f.i.s.r.p.i.ProjectInspector - GatherTestInformationBuggyBuildCandidateSourceCode....NOT RUN         
14:04:51.688 [main] INFO  f.i.s.r.p.i.ProjectInspector - CheckoutBuggyBuildTestCode............................NOT RUN         
14:04:51.688 [main] INFO  f.i.s.r.p.i.ProjectInspector - InitRepoToPush........................................NOT RUN         
14:04:51.689 [main] INFO  f.i.s.r.p.i.ProjectInspector - ComputeClasspath......................................NOT RUN         
14:04:51.689 [main] INFO  f.i.s.r.p.i.ProjectInspector - ComputeModules........................................NOT RUN         
14:04:51.689 [main] INFO  f.i.s.r.p.i.ProjectInspector - CheckoutBuggyBuildCandidateSourceCode.................NOT RUN         
14:04:51.689 [main] INFO  f.i.s.r.p.i.ProjectInspector - CommitChangedTests....................................NOT RUN         
14:04:51.689 [main] INFO  f.i.s.r.p.i.ProjectInspector - CheckoutPatchedBuildCandidate.........................NOT RUN         
14:04:51.689 [main] INFO  f.i.s.r.p.i.ProjectInspector - BuildProjectPatchedBuildCandidate.....................NOT RUN         
14:04:51.690 [main] INFO  f.i.s.r.p.i.ProjectInspector - TestProjectPatchedBuildCandidate......................NOT RUN         
14:04:51.690 [main] INFO  f.i.s.r.p.i.ProjectInspector - GatherTestInformationPatchedBuildCandidate............NOT RUN         
14:04:51.690 [main] INFO  f.i.s.r.p.i.ProjectInspector - CommitPatch...........................................NOT RUN         
14:04:51.690 [main] INFO  f.i.s.r.p.i.ProjectInspector - WritePropertyFile.....................................NOT RUN         
14:04:51.690 [main] INFO  f.i.s.r.p.i.ProjectInspector - CommitProcessEnd......................................NOT RUN         
14:04:51.690 [main] INFO  f.i.s.r.p.i.ProjectInspector - PushProcessEnd........................................NOT RUN         
14:04:51.691 [main] INFO  f.i.s.r.p.i.ProjectInspector - ----------------------------------------------------------------------
14:04:51.691 [main] INFO  f.i.s.r.p.i.ProjectInspector - PIPELINE FINDING: BUILDNOTCHECKEDOUT
14:04:51.691 [main] INFO  f.i.s.r.p.i.ProjectInspector - ----------------------------------------------------------------------
14:04:51.691 [main] INFO  f.i.s.repairnator.pipeline.Launcher - Inspector is finished. The process will exit now.
