16:20:18.521 [main] INFO  f.i.s.repairnator.pipeline.Launcher - PIPELINE VERSION: 3.0-2018-08-09 19:04
16:20:18.689 [main] INFO  f.i.s.repairnator.pipeline.Launcher - The pipeline will try to reproduce a bug from build 355489529 and its corresponding patch from build 355524311
16:20:18.690 [main] INFO  f.i.s.repairnator.pipeline.Launcher - Initialize file serializer engines.
16:20:18.692 [main] INFO  f.i.s.repairnator.pipeline.Launcher - MongoDB won't be used for serialization.
16:20:18.693 [main] INFO  f.i.s.repairnator.pipeline.Launcher - The email notifier engine won't be used.
16:20:18.697 [main] INFO  f.i.s.repairnator.pipeline.Launcher - Start by getting the build (buildId: 355489529) with the following config: RepairnatorConfig{runId='e853272b-bf8e-41a0-b5a0-9d347947f4f6_03-18-week3-PASSING_AND_PASSING', launcherMode=BEARS, serializeJson=true, inputPath='null', outputPath='/var/log', mongodbHost='null', mongodbName='repairnator', smtpServer='null', notifyTo=[], notifyEndProcess=false, push=true, pushRemoteRepo='https://github.com/fermadeiral/bears-collection-pp', fork=false, lookFromDate=null, lookToDate=null, buildId=355489529, z3solverPath='./z3_for_linux', workspacePath='./workspace', githubToken='c8a341a903[...]', dockerImageName='null', skipDelete=false, createOutputDir=false, logDirectory='null', nbThreads=0, globalTimeout=0, whiteList=null, blackList=null, jobSleepTime=0, buildSleepTime=0, maxInspectedBuilds=0, duration=null, humanPatch=false, repository='null', clean=true, bearsMode=BOTH, bearsDelimiter = false, repairTools=NopolAllTests,NPEFix,AssertFixer,AstorJGenProg,AstorJKali,NopolSingleTest,AstorJMut,NopolTestExclusionStrategy, githubUserName= fermadeiral, githubUserEmail=fer.madeiral@gmail.com}
16:20:20.152 [main] DEBUG fr.inria.jtravis.helpers.BuildHelper - Get request to :https://api.travis-ci.org/build/355489529 done after 878 ms
16:20:20.438 [main] DEBUG fr.inria.jtravis.helpers.BuildHelper - Get request to :https://api.travis-ci.org/build/355524311 done after 143 ms
16:20:20.462 [main] INFO  f.i.s.repairnator.pipeline.Launcher - The patched build (355524311) was successfully retrieved from Travis.
16:20:21.713 [main] INFO  fr.inria.jtravis.JTravis - GitHub ratelimit: Limit: 5000 Remaining: 4688 Reset hour: 19:34:01
16:20:22.010 [main] INFO  f.i.s.r.p.i.ProjectInspector - ----------------------------------------------------------------------
16:20:22.011 [main] INFO  f.i.s.r.p.i.ProjectInspector - PIPELINE STEPS
16:20:22.011 [main] INFO  f.i.s.r.p.i.ProjectInspector - ----------------------------------------------------------------------
16:20:22.011 [main] INFO  f.i.s.r.p.i.ProjectInspector - CloneRepository
16:20:22.011 [main] INFO  f.i.s.r.p.i.ProjectInspector - CheckoutPatchedBuildCandidate
16:20:22.011 [main] INFO  f.i.s.r.p.i.ProjectInspector - ComputeSourceDir
16:20:22.012 [main] INFO  f.i.s.r.p.i.ProjectInspector - ComputeTestDir
16:20:22.012 [main] INFO  f.i.s.r.p.i.ProjectInspector - CheckoutBuggyBuildCandidateSourceCode
16:20:22.012 [main] INFO  f.i.s.r.p.i.ProjectInspector - BuildProjectBuggyBuildCandidateSourceCode
16:20:22.012 [main] INFO  f.i.s.r.p.i.ProjectInspector - TestProjectBuggyBuildCandidateSourceCode
16:20:22.012 [main] INFO  f.i.s.r.p.i.ProjectInspector - GatherTestInformationBuggyBuildCandidateSourceCode
16:20:22.013 [main] INFO  f.i.s.r.p.i.ProjectInspector - CheckoutBuggyBuildTestCode
16:20:22.013 [main] INFO  f.i.s.r.p.i.ProjectInspector - InitRepoToPush
16:20:22.013 [main] INFO  f.i.s.r.p.i.ProjectInspector - ComputeClasspath
16:20:22.013 [main] INFO  f.i.s.r.p.i.ProjectInspector - ComputeModules
16:20:22.014 [main] INFO  f.i.s.r.p.i.ProjectInspector - CheckoutBuggyBuildCandidateSourceCode
16:20:22.014 [main] INFO  f.i.s.r.p.i.ProjectInspector - CommitChangedTests
16:20:22.014 [main] INFO  f.i.s.r.p.i.ProjectInspector - CheckoutPatchedBuildCandidate
16:20:22.014 [main] INFO  f.i.s.r.p.i.ProjectInspector - BuildProjectPatchedBuildCandidate
16:20:22.014 [main] INFO  f.i.s.r.p.i.ProjectInspector - TestProjectPatchedBuildCandidate
16:20:22.015 [main] INFO  f.i.s.r.p.i.ProjectInspector - GatherTestInformationPatchedBuildCandidate
16:20:22.016 [main] INFO  f.i.s.r.p.i.ProjectInspector - CommitPatch
16:20:22.016 [main] INFO  f.i.s.r.p.i.ProjectInspector - WritePropertyFile
16:20:22.016 [main] INFO  f.i.s.r.p.i.ProjectInspector - CommitProcessEnd
16:20:22.017 [main] INFO  f.i.s.r.p.i.ProjectInspector - PushProcessEnd
16:20:22.017 [main] DEBUG f.i.s.r.process.step.CloneRepository - ----------------------------------------------------------------------
16:20:22.017 [main] DEBUG f.i.s.r.process.step.CloneRepository - STEP 1/22: CloneRepository
16:20:22.018 [main] DEBUG f.i.s.r.process.step.CloneRepository - ----------------------------------------------------------------------
16:20:22.018 [main] DEBUG f.i.s.r.process.step.CloneRepository - Cloning repository spring-cloud/spring-cloud-gcp in the following directory: ./workspace/spring-cloud/spring-cloud-gcp/355489529
16:20:26.513 [main] DEBUG f.i.s.r.process.step.CloneRepository - STEP STATUS: [ CloneRepository : SUCCESS ]
16:20:26.514 [main] DEBUG f.i.s.r.process.step.CloneRepository - STEP DURATION: 4s
16:20:26.514 [main] DEBUG f.i.s.r.process.step.CloneRepository - EXECUTE NEXT STEP
16:20:26.515 [main] DEBUG f.i.s.r.p.s.c.CheckoutPatchedBuild - ----------------------------------------------------------------------
16:20:26.515 [main] DEBUG f.i.s.r.p.s.c.CheckoutPatchedBuild - STEP 2/22: CheckoutPatchedBuildCandidate
16:20:26.515 [main] DEBUG f.i.s.r.p.s.c.CheckoutPatchedBuild - ----------------------------------------------------------------------
16:20:26.516 [main] DEBUG f.i.s.r.p.s.c.CheckoutPatchedBuild - Checking out patched build candidate...
16:20:26.659 [main] INFO  fr.inria.jtravis.JTravis - GitHub ratelimit: Limit: 5000 Remaining: 4687 Reset hour: 19:34:01
16:20:28.632 [main] DEBUG f.i.s.r.p.s.c.CheckoutPatchedBuild - Reproduce the PR for spring-cloud/spring-cloud-gcp by fetching remote branch and merging.
16:20:28.899 [main] ERROR f.i.s.r.p.s.c.CheckoutPatchedBuild - Error while testing commit: org.eclipse.jgit.errors.MissingObjectException: Missing unknown 7b79eb76e6df7bc64e9d11be23b73999d4e2ae7f
16:20:28.902 [main] ERROR f.i.s.r.p.s.c.CheckoutPatchedBuild - Commit head ref cannot be retrieved from the repository: 7b79eb76e6df7bc64e9d11be23b73999d4e2ae7f. Operation aborted.
16:20:28.902 [main] ERROR f.i.s.r.p.s.c.CheckoutPatchedBuild - Error while merging two commits to reproduce the PR.
16:20:28.903 [main] DEBUG f.i.s.r.p.s.c.CheckoutPatchedBuild - STEP STATUS: [ CheckoutPatchedBuildCandidate : FAILURE ( BUILDNOTCHECKEDOUT ) ]
16:20:28.904 [main] DEBUG f.i.s.r.p.s.c.CheckoutPatchedBuild - STEP DURATION: 2s
16:20:28.904 [main] DEBUG f.i.s.r.p.s.c.CheckoutPatchedBuild - TERMINATE PIPELINE
16:20:28.905 [main] DEBUG f.i.s.r.p.s.c.CheckoutPatchedBuild - FINAL STEPS SKIPPED: The reproduction of the bug and/or the patch failed.
16:20:28.905 [main] INFO  f.i.s.r.p.s.c.CheckoutPatchedBuild - Serialize all data for the pair of builds 355489529, 355524311
16:20:29.030 [main] INFO  fr.inria.jtravis.JTravis - GitHub ratelimit: Limit: 5000 Remaining: 4680 Reset hour: 19:34:01
16:20:29.598 [main] INFO  f.i.s.r.p.i.ProjectInspector - ----------------------------------------------------------------------
16:20:29.599 [main] INFO  f.i.s.r.p.i.ProjectInspector - PIPELINE EXECUTION SUMMARY
16:20:29.599 [main] INFO  f.i.s.r.p.i.ProjectInspector - ----------------------------------------------------------------------
16:20:29.600 [main] INFO  f.i.s.r.p.i.ProjectInspector - CloneRepository........................................SUCCESS [ 4 s ]
16:20:29.601 [main] INFO  f.i.s.r.p.i.ProjectInspector - CheckoutPatchedBuildCandidate..........................FAILURE [ 2 s ]
16:20:29.601 [main] INFO  f.i.s.r.p.i.ProjectInspector - ComputeSourceDir.......................................NOT RUN        
16:20:29.602 [main] INFO  f.i.s.r.p.i.ProjectInspector - ComputeTestDir.........................................NOT RUN        
16:20:29.603 [main] INFO  f.i.s.r.p.i.ProjectInspector - CheckoutBuggyBuildCandidateSourceCode..................NOT RUN        
16:20:29.603 [main] INFO  f.i.s.r.p.i.ProjectInspector - BuildProjectBuggyBuildCandidateSourceCode..............NOT RUN        
16:20:29.604 [main] INFO  f.i.s.r.p.i.ProjectInspector - TestProjectBuggyBuildCandidateSourceCode...............NOT RUN        
16:20:29.604 [main] INFO  f.i.s.r.p.i.ProjectInspector - GatherTestInformationBuggyBuildCandidateSourceCode.....NOT RUN        
16:20:29.605 [main] INFO  f.i.s.r.p.i.ProjectInspector - CheckoutBuggyBuildTestCode.............................NOT RUN        
16:20:29.605 [main] INFO  f.i.s.r.p.i.ProjectInspector - InitRepoToPush.........................................NOT RUN        
16:20:29.606 [main] INFO  f.i.s.r.p.i.ProjectInspector - ComputeClasspath.......................................NOT RUN        
16:20:29.606 [main] INFO  f.i.s.r.p.i.ProjectInspector - ComputeModules.........................................NOT RUN        
16:20:29.606 [main] INFO  f.i.s.r.p.i.ProjectInspector - CheckoutBuggyBuildCandidateSourceCode..................NOT RUN        
16:20:29.607 [main] INFO  f.i.s.r.p.i.ProjectInspector - CommitChangedTests.....................................NOT RUN        
16:20:29.607 [main] INFO  f.i.s.r.p.i.ProjectInspector - CheckoutPatchedBuildCandidate..........................NOT RUN        
16:20:29.608 [main] INFO  f.i.s.r.p.i.ProjectInspector - BuildProjectPatchedBuildCandidate......................NOT RUN        
16:20:29.608 [main] INFO  f.i.s.r.p.i.ProjectInspector - TestProjectPatchedBuildCandidate.......................NOT RUN        
16:20:29.608 [main] INFO  f.i.s.r.p.i.ProjectInspector - GatherTestInformationPatchedBuildCandidate.............NOT RUN        
16:20:29.609 [main] INFO  f.i.s.r.p.i.ProjectInspector - CommitPatch............................................NOT RUN        
16:20:29.609 [main] INFO  f.i.s.r.p.i.ProjectInspector - WritePropertyFile......................................NOT RUN        
16:20:29.610 [main] INFO  f.i.s.r.p.i.ProjectInspector - CommitProcessEnd.......................................NOT RUN        
16:20:29.610 [main] INFO  f.i.s.r.p.i.ProjectInspector - PushProcessEnd.........................................NOT RUN        
16:20:29.611 [main] INFO  f.i.s.r.p.i.ProjectInspector - ----------------------------------------------------------------------
16:20:29.611 [main] INFO  f.i.s.r.p.i.ProjectInspector - PIPELINE FINDING: BUILDNOTCHECKEDOUT
16:20:29.612 [main] INFO  f.i.s.r.p.i.ProjectInspector - ----------------------------------------------------------------------
16:20:29.612 [main] INFO  f.i.s.repairnator.pipeline.Launcher - Inspector is finished. The process will exit now.
