13:17:27.071 [main] INFO  f.i.s.repairnator.pipeline.Launcher - PIPELINE VERSION: 3.0-2018-08-09 19:04
13:17:27.182 [main] INFO  f.i.s.repairnator.pipeline.Launcher - The pipeline will try to reproduce a bug from build 355407774 and its corresponding patch from build 355913755
13:17:27.182 [main] INFO  f.i.s.repairnator.pipeline.Launcher - Initialize file serializer engines.
13:17:27.184 [main] INFO  f.i.s.repairnator.pipeline.Launcher - MongoDB won't be used for serialization.
13:17:27.184 [main] INFO  f.i.s.repairnator.pipeline.Launcher - The email notifier engine won't be used.
13:17:27.187 [main] INFO  f.i.s.repairnator.pipeline.Launcher - Start by getting the build (buildId: 355407774) with the following config: RepairnatorConfig{runId='e853272b-bf8e-41a0-b5a0-9d347947f4f6_03-18-week3-PASSING_AND_PASSING', launcherMode=BEARS, serializeJson=true, inputPath='null', outputPath='/var/log', mongodbHost='null', mongodbName='repairnator', smtpServer='null', notifyTo=[], notifyEndProcess=false, push=true, pushRemoteRepo='https://github.com/fermadeiral/bears-collection-pp', fork=false, lookFromDate=null, lookToDate=null, buildId=355407774, z3solverPath='./z3_for_linux', workspacePath='./workspace', githubToken='c8a341a903[...]', dockerImageName='null', skipDelete=false, createOutputDir=false, logDirectory='null', nbThreads=0, globalTimeout=0, whiteList=null, blackList=null, jobSleepTime=0, buildSleepTime=0, maxInspectedBuilds=0, duration=null, humanPatch=false, repository='null', clean=true, bearsMode=BOTH, bearsDelimiter = false, repairTools=NopolAllTests,NPEFix,AssertFixer,AstorJGenProg,AstorJKali,NopolSingleTest,AstorJMut,NopolTestExclusionStrategy, githubUserName= fermadeiral, githubUserEmail=fer.madeiral@gmail.com}
13:17:28.389 [main] DEBUG fr.inria.jtravis.helpers.BuildHelper - Get request to :https://api.travis-ci.org/build/355407774 done after 774 ms
13:17:28.747 [main] DEBUG fr.inria.jtravis.helpers.BuildHelper - Get request to :https://api.travis-ci.org/build/355913755 done after 211 ms
13:17:28.782 [main] INFO  f.i.s.repairnator.pipeline.Launcher - The patched build (355913755) was successfully retrieved from Travis.
13:17:29.950 [main] INFO  fr.inria.jtravis.JTravis - GitHub ratelimit: Limit: 5000 Remaining: 4960 Reset hour: 19:33:50
13:17:30.195 [main] INFO  f.i.s.r.p.i.ProjectInspector - ----------------------------------------------------------------------
13:17:30.196 [main] INFO  f.i.s.r.p.i.ProjectInspector - PIPELINE STEPS
13:17:30.196 [main] INFO  f.i.s.r.p.i.ProjectInspector - ----------------------------------------------------------------------
13:17:30.196 [main] INFO  f.i.s.r.p.i.ProjectInspector - CloneRepository
13:17:30.196 [main] INFO  f.i.s.r.p.i.ProjectInspector - CheckoutPatchedBuildCandidate
13:17:30.196 [main] INFO  f.i.s.r.p.i.ProjectInspector - ComputeSourceDir
13:17:30.196 [main] INFO  f.i.s.r.p.i.ProjectInspector - ComputeTestDir
13:17:30.197 [main] INFO  f.i.s.r.p.i.ProjectInspector - CheckoutBuggyBuildCandidateSourceCode
13:17:30.197 [main] INFO  f.i.s.r.p.i.ProjectInspector - BuildProjectBuggyBuildCandidateSourceCode
13:17:30.197 [main] INFO  f.i.s.r.p.i.ProjectInspector - TestProjectBuggyBuildCandidateSourceCode
13:17:30.197 [main] INFO  f.i.s.r.p.i.ProjectInspector - GatherTestInformationBuggyBuildCandidateSourceCode
13:17:30.197 [main] INFO  f.i.s.r.p.i.ProjectInspector - CheckoutBuggyBuildTestCode
13:17:30.197 [main] INFO  f.i.s.r.p.i.ProjectInspector - InitRepoToPush
13:17:30.197 [main] INFO  f.i.s.r.p.i.ProjectInspector - ComputeClasspath
13:17:30.197 [main] INFO  f.i.s.r.p.i.ProjectInspector - ComputeModules
13:17:30.198 [main] INFO  f.i.s.r.p.i.ProjectInspector - CheckoutBuggyBuildCandidateSourceCode
13:17:30.198 [main] INFO  f.i.s.r.p.i.ProjectInspector - CommitChangedTests
13:17:30.198 [main] INFO  f.i.s.r.p.i.ProjectInspector - CheckoutPatchedBuildCandidate
13:17:30.198 [main] INFO  f.i.s.r.p.i.ProjectInspector - BuildProjectPatchedBuildCandidate
13:17:30.198 [main] INFO  f.i.s.r.p.i.ProjectInspector - TestProjectPatchedBuildCandidate
13:17:30.198 [main] INFO  f.i.s.r.p.i.ProjectInspector - GatherTestInformationPatchedBuildCandidate
13:17:30.199 [main] INFO  f.i.s.r.p.i.ProjectInspector - CommitPatch
13:17:30.199 [main] INFO  f.i.s.r.p.i.ProjectInspector - WritePropertyFile
13:17:30.199 [main] INFO  f.i.s.r.p.i.ProjectInspector - CommitProcessEnd
13:17:30.199 [main] INFO  f.i.s.r.p.i.ProjectInspector - PushProcessEnd
13:17:30.200 [main] DEBUG f.i.s.r.process.step.CloneRepository - ----------------------------------------------------------------------
13:17:30.205 [main] DEBUG f.i.s.r.process.step.CloneRepository - STEP 1/22: CloneRepository
13:17:30.205 [main] DEBUG f.i.s.r.process.step.CloneRepository - ----------------------------------------------------------------------
13:17:30.206 [main] DEBUG f.i.s.r.process.step.CloneRepository - Cloning repository ga4gh/dockstore in the following directory: ./workspace/ga4gh/dockstore/355407774
13:17:39.742 [main] DEBUG f.i.s.r.process.step.CloneRepository - STEP STATUS: [ CloneRepository : SUCCESS ]
13:17:39.743 [main] DEBUG f.i.s.r.process.step.CloneRepository - STEP DURATION: 9s
13:17:39.743 [main] DEBUG f.i.s.r.process.step.CloneRepository - EXECUTE NEXT STEP
13:17:39.743 [main] DEBUG f.i.s.r.p.s.c.CheckoutPatchedBuild - ----------------------------------------------------------------------
13:17:39.744 [main] DEBUG f.i.s.r.p.s.c.CheckoutPatchedBuild - STEP 2/22: CheckoutPatchedBuildCandidate
13:17:39.744 [main] DEBUG f.i.s.r.p.s.c.CheckoutPatchedBuild - ----------------------------------------------------------------------
13:17:39.744 [main] DEBUG f.i.s.r.p.s.c.CheckoutPatchedBuild - Checking out patched build candidate...
13:17:40.179 [main] INFO  fr.inria.jtravis.JTravis - GitHub ratelimit: Limit: 5000 Remaining: 4959 Reset hour: 19:33:50
13:17:42.421 [main] DEBUG f.i.s.r.p.s.c.CheckoutPatchedBuild - Reproduce the PR for ga4gh/dockstore by fetching remote branch and merging.
13:17:42.683 [main] ERROR f.i.s.r.p.s.c.CheckoutPatchedBuild - Error while testing commit: org.eclipse.jgit.errors.MissingObjectException: Missing unknown e5730c5e9fa13dc9e09fcfb3573896b9f12989d3
13:17:42.685 [main] ERROR f.i.s.r.p.s.c.CheckoutPatchedBuild - Commit head ref cannot be retrieved from the repository: e5730c5e9fa13dc9e09fcfb3573896b9f12989d3. Operation aborted.
13:17:42.686 [main] ERROR f.i.s.r.p.s.c.CheckoutPatchedBuild - Error while merging two commits to reproduce the PR.
13:17:42.687 [main] DEBUG f.i.s.r.p.s.c.CheckoutPatchedBuild - STEP STATUS: [ CheckoutPatchedBuildCandidate : FAILURE ( BUILDNOTCHECKEDOUT ) ]
13:17:42.688 [main] DEBUG f.i.s.r.p.s.c.CheckoutPatchedBuild - STEP DURATION: 2s
13:17:42.688 [main] DEBUG f.i.s.r.p.s.c.CheckoutPatchedBuild - TERMINATE PIPELINE
13:17:42.688 [main] DEBUG f.i.s.r.p.s.c.CheckoutPatchedBuild - FINAL STEPS SKIPPED: The reproduction of the bug and/or the patch failed.
13:17:42.689 [main] INFO  f.i.s.r.p.s.c.CheckoutPatchedBuild - Serialize all data for the pair of builds 355407774, 355913755
13:17:42.811 [main] INFO  fr.inria.jtravis.JTravis - GitHub ratelimit: Limit: 5000 Remaining: 4952 Reset hour: 19:33:50
13:17:43.397 [main] INFO  f.i.s.r.p.i.ProjectInspector - ----------------------------------------------------------------------
13:17:43.398 [main] INFO  f.i.s.r.p.i.ProjectInspector - PIPELINE EXECUTION SUMMARY
13:17:43.398 [main] INFO  f.i.s.r.p.i.ProjectInspector - ----------------------------------------------------------------------
13:17:43.398 [main] INFO  f.i.s.r.p.i.ProjectInspector - CloneRepository........................................SUCCESS [ 9 s ]
13:17:43.399 [main] INFO  f.i.s.r.p.i.ProjectInspector - CheckoutPatchedBuildCandidate..........................FAILURE [ 2 s ]
13:17:43.399 [main] INFO  f.i.s.r.p.i.ProjectInspector - ComputeSourceDir.......................................NOT RUN        
13:17:43.399 [main] INFO  f.i.s.r.p.i.ProjectInspector - ComputeTestDir.........................................NOT RUN        
13:17:43.399 [main] INFO  f.i.s.r.p.i.ProjectInspector - CheckoutBuggyBuildCandidateSourceCode..................NOT RUN        
13:17:43.400 [main] INFO  f.i.s.r.p.i.ProjectInspector - BuildProjectBuggyBuildCandidateSourceCode..............NOT RUN        
13:17:43.400 [main] INFO  f.i.s.r.p.i.ProjectInspector - TestProjectBuggyBuildCandidateSourceCode...............NOT RUN        
13:17:43.400 [main] INFO  f.i.s.r.p.i.ProjectInspector - GatherTestInformationBuggyBuildCandidateSourceCode.....NOT RUN        
13:17:43.400 [main] INFO  f.i.s.r.p.i.ProjectInspector - CheckoutBuggyBuildTestCode.............................NOT RUN        
13:17:43.400 [main] INFO  f.i.s.r.p.i.ProjectInspector - InitRepoToPush.........................................NOT RUN        
13:17:43.401 [main] INFO  f.i.s.r.p.i.ProjectInspector - ComputeClasspath.......................................NOT RUN        
13:17:43.401 [main] INFO  f.i.s.r.p.i.ProjectInspector - ComputeModules.........................................NOT RUN        
13:17:43.401 [main] INFO  f.i.s.r.p.i.ProjectInspector - CheckoutBuggyBuildCandidateSourceCode..................NOT RUN        
13:17:43.401 [main] INFO  f.i.s.r.p.i.ProjectInspector - CommitChangedTests.....................................NOT RUN        
13:17:43.401 [main] INFO  f.i.s.r.p.i.ProjectInspector - CheckoutPatchedBuildCandidate..........................NOT RUN        
13:17:43.401 [main] INFO  f.i.s.r.p.i.ProjectInspector - BuildProjectPatchedBuildCandidate......................NOT RUN        
13:17:43.402 [main] INFO  f.i.s.r.p.i.ProjectInspector - TestProjectPatchedBuildCandidate.......................NOT RUN        
13:17:43.402 [main] INFO  f.i.s.r.p.i.ProjectInspector - GatherTestInformationPatchedBuildCandidate.............NOT RUN        
13:17:43.402 [main] INFO  f.i.s.r.p.i.ProjectInspector - CommitPatch............................................NOT RUN        
13:17:43.402 [main] INFO  f.i.s.r.p.i.ProjectInspector - WritePropertyFile......................................NOT RUN        
13:17:43.402 [main] INFO  f.i.s.r.p.i.ProjectInspector - CommitProcessEnd.......................................NOT RUN        
13:17:43.403 [main] INFO  f.i.s.r.p.i.ProjectInspector - PushProcessEnd.........................................NOT RUN        
13:17:43.403 [main] INFO  f.i.s.r.p.i.ProjectInspector - ----------------------------------------------------------------------
13:17:43.403 [main] INFO  f.i.s.r.p.i.ProjectInspector - PIPELINE FINDING: BUILDNOTCHECKEDOUT
13:17:43.403 [main] INFO  f.i.s.r.p.i.ProjectInspector - ----------------------------------------------------------------------
13:17:43.403 [main] INFO  f.i.s.repairnator.pipeline.Launcher - Inspector is finished. The process will exit now.
