23:44:16.809 [main] INFO  f.i.s.repairnator.pipeline.Launcher - PIPELINE VERSION: 3.0-2018-08-09 19:04
23:44:17.005 [main] INFO  f.i.s.repairnator.pipeline.Launcher - The pipeline will try to reproduce a bug from build 344917918 and its corresponding patch from build 345358657
23:44:17.006 [main] INFO  f.i.s.repairnator.pipeline.Launcher - Initialize file serializer engines.
23:44:17.009 [main] INFO  f.i.s.repairnator.pipeline.Launcher - MongoDB won't be used for serialization.
23:44:17.009 [main] INFO  f.i.s.repairnator.pipeline.Launcher - The email notifier engine won't be used.
23:44:17.016 [main] INFO  f.i.s.repairnator.pipeline.Launcher - Start by getting the build (buildId: 344917918) with the following config: RepairnatorConfig{runId='f217db01-bbb8-402e-8360-dcad68a2f96f_02-18-week4-FAILING_AND_PASSING', launcherMode=BEARS, serializeJson=true, inputPath='null', outputPath='/var/log', mongodbHost='null', mongodbName='repairnator', smtpServer='null', notifyTo=[], notifyEndProcess=false, push=true, pushRemoteRepo='https://github.com/fermadeiral/bears-collection-fp', fork=false, lookFromDate=null, lookToDate=null, buildId=344917918, z3solverPath='./z3_for_linux', workspacePath='./workspace', githubToken='c8a341a903[...]', dockerImageName='null', skipDelete=false, createOutputDir=false, logDirectory='null', nbThreads=0, globalTimeout=0, whiteList=null, blackList=null, jobSleepTime=0, buildSleepTime=0, maxInspectedBuilds=0, duration=null, humanPatch=false, repository='null', clean=true, bearsMode=BOTH, bearsDelimiter = false, repairTools=NopolAllTests,NPEFix,AssertFixer,AstorJGenProg,AstorJKali,NopolSingleTest,AstorJMut,NopolTestExclusionStrategy, githubUserName= fermadeiral, githubUserEmail=fer.madeiral@gmail.com}
23:44:18.583 [main] DEBUG fr.inria.jtravis.helpers.BuildHelper - Get request to :https://api.travis-ci.org/build/344917918 done after 875 ms
23:44:18.862 [main] DEBUG fr.inria.jtravis.helpers.BuildHelper - Get request to :https://api.travis-ci.org/build/345358657 done after 141 ms
23:44:18.881 [main] INFO  f.i.s.repairnator.pipeline.Launcher - The patched build (345358657) was successfully retrieved from Travis.
23:44:20.136 [main] INFO  fr.inria.jtravis.JTravis - GitHub ratelimit: Limit: 5000 Remaining: 4929 Reset hour: 19:27:14
23:44:20.398 [main] INFO  f.i.s.r.p.i.ProjectInspector - ----------------------------------------------------------------------
23:44:20.398 [main] INFO  f.i.s.r.p.i.ProjectInspector - PIPELINE STEPS
23:44:20.398 [main] INFO  f.i.s.r.p.i.ProjectInspector - ----------------------------------------------------------------------
23:44:20.398 [main] INFO  f.i.s.r.p.i.ProjectInspector - CloneRepository
23:44:20.398 [main] INFO  f.i.s.r.p.i.ProjectInspector - CheckoutBuggyBuildCandidate
23:44:20.399 [main] INFO  f.i.s.r.p.i.ProjectInspector - ComputeSourceDir
23:44:20.399 [main] INFO  f.i.s.r.p.i.ProjectInspector - ComputeTestDir
23:44:20.400 [main] INFO  f.i.s.r.p.i.ProjectInspector - BuildProjectBuggyBuildCandidate
23:44:20.400 [main] INFO  f.i.s.r.p.i.ProjectInspector - TestProjectBuggyBuildCandidate
23:44:20.400 [main] INFO  f.i.s.r.p.i.ProjectInspector - GatherTestInformationBuggyBuildCandidate
23:44:20.401 [main] INFO  f.i.s.r.p.i.ProjectInspector - InitRepoToPush
23:44:20.401 [main] INFO  f.i.s.r.p.i.ProjectInspector - ComputeClasspath
23:44:20.401 [main] INFO  f.i.s.r.p.i.ProjectInspector - ComputeModules
23:44:20.402 [main] INFO  f.i.s.r.p.i.ProjectInspector - CheckoutPatchedBuildCandidate
23:44:20.402 [main] INFO  f.i.s.r.p.i.ProjectInspector - BuildProjectPatchedBuildCandidate
23:44:20.403 [main] INFO  f.i.s.r.p.i.ProjectInspector - TestProjectPatchedBuildCandidate
23:44:20.403 [main] INFO  f.i.s.r.p.i.ProjectInspector - GatherTestInformationPatchedBuildCandidate
23:44:20.403 [main] INFO  f.i.s.r.p.i.ProjectInspector - CommitPatch
23:44:20.404 [main] INFO  f.i.s.r.p.i.ProjectInspector - WritePropertyFile
23:44:20.404 [main] INFO  f.i.s.r.p.i.ProjectInspector - CommitProcessEnd
23:44:20.404 [main] INFO  f.i.s.r.p.i.ProjectInspector - PushProcessEnd
23:44:20.405 [main] DEBUG f.i.s.r.process.step.CloneRepository - ----------------------------------------------------------------------
23:44:20.410 [main] DEBUG f.i.s.r.process.step.CloneRepository - STEP 1/18: CloneRepository
23:44:20.410 [main] DEBUG f.i.s.r.process.step.CloneRepository - ----------------------------------------------------------------------
23:44:20.411 [main] DEBUG f.i.s.r.process.step.CloneRepository - Cloning repository geoserver/geoserver in the following directory: ./workspace/geoserver/geoserver/344917918
23:45:12.257 [main] DEBUG f.i.s.r.process.step.CloneRepository - STEP STATUS: [ CloneRepository : SUCCESS ]
23:45:12.257 [main] DEBUG f.i.s.r.process.step.CloneRepository - STEP DURATION: 51s
23:45:12.258 [main] DEBUG f.i.s.r.process.step.CloneRepository - EXECUTE NEXT STEP
23:45:12.266 [main] DEBUG f.i.s.r.p.s.c.CheckoutBuggyBuild - ----------------------------------------------------------------------
23:45:12.267 [main] DEBUG f.i.s.r.p.s.c.CheckoutBuggyBuild - STEP 2/18: CheckoutBuggyBuildCandidate
23:45:12.267 [main] DEBUG f.i.s.r.p.s.c.CheckoutBuggyBuild - ----------------------------------------------------------------------
23:45:12.267 [main] DEBUG f.i.s.r.p.s.c.CheckoutBuggyBuild - Checking out buggy build candidate...
23:45:13.221 [main] INFO  fr.inria.jtravis.JTravis - GitHub ratelimit: Limit: 5000 Remaining: 4928 Reset hour: 19:27:14
23:45:16.185 [main] DEBUG f.i.s.r.p.s.c.CheckoutBuggyBuild - Reproduce the PR for geoserver/geoserver by fetching remote branch and merging.
23:45:24.205 [main] ERROR f.i.s.r.p.s.c.CheckoutBuggyBuild - Error while testing commit: org.eclipse.jgit.errors.MissingObjectException: Missing unknown 2fdbc68e9e92199a1d146ff3f1451c0c32a15157
23:45:24.207 [main] ERROR f.i.s.r.p.s.c.CheckoutBuggyBuild - Commit head ref cannot be retrieved from the repository: 2fdbc68e9e92199a1d146ff3f1451c0c32a15157. Operation aborted.
23:45:24.207 [main] ERROR f.i.s.r.p.s.c.CheckoutBuggyBuild - Error while merging two commits to reproduce the PR.
23:45:24.209 [main] DEBUG f.i.s.r.p.s.c.CheckoutBuggyBuild - STEP STATUS: [ CheckoutBuggyBuildCandidate : FAILURE ( BUILDNOTCHECKEDOUT ) ]
23:45:24.209 [main] DEBUG f.i.s.r.p.s.c.CheckoutBuggyBuild - STEP DURATION: 11s
23:45:24.209 [main] DEBUG f.i.s.r.p.s.c.CheckoutBuggyBuild - TERMINATE PIPELINE
23:45:24.210 [main] DEBUG f.i.s.r.p.s.c.CheckoutBuggyBuild - FINAL STEPS SKIPPED: The reproduction of the bug and/or the patch failed.
23:45:24.210 [main] INFO  f.i.s.r.p.s.c.CheckoutBuggyBuild - Serialize all data for the pair of builds 344917918, 345358657
23:45:24.527 [main] INFO  fr.inria.jtravis.JTravis - GitHub ratelimit: Limit: 5000 Remaining: 4921 Reset hour: 19:27:14
23:45:26.857 [main] INFO  f.i.s.r.p.i.ProjectInspector - ----------------------------------------------------------------------
23:45:26.857 [main] INFO  f.i.s.r.p.i.ProjectInspector - PIPELINE EXECUTION SUMMARY
23:45:26.857 [main] INFO  f.i.s.r.p.i.ProjectInspector - ----------------------------------------------------------------------
23:45:26.858 [main] INFO  f.i.s.r.p.i.ProjectInspector - CloneRepository.......................................SUCCESS [ 51 s ]
23:45:26.858 [main] INFO  f.i.s.r.p.i.ProjectInspector - CheckoutBuggyBuildCandidate...........................FAILURE [ 11 s ]
23:45:26.858 [main] INFO  f.i.s.r.p.i.ProjectInspector - ComputeSourceDir......................................NOT RUN         
23:45:26.858 [main] INFO  f.i.s.r.p.i.ProjectInspector - ComputeTestDir........................................NOT RUN         
23:45:26.858 [main] INFO  f.i.s.r.p.i.ProjectInspector - BuildProjectBuggyBuildCandidate.......................NOT RUN         
23:45:26.859 [main] INFO  f.i.s.r.p.i.ProjectInspector - TestProjectBuggyBuildCandidate........................NOT RUN         
23:45:26.859 [main] INFO  f.i.s.r.p.i.ProjectInspector - GatherTestInformationBuggyBuildCandidate..............NOT RUN         
23:45:26.859 [main] INFO  f.i.s.r.p.i.ProjectInspector - InitRepoToPush........................................NOT RUN         
23:45:26.859 [main] INFO  f.i.s.r.p.i.ProjectInspector - ComputeClasspath......................................NOT RUN         
23:45:26.859 [main] INFO  f.i.s.r.p.i.ProjectInspector - ComputeModules........................................NOT RUN         
23:45:26.859 [main] INFO  f.i.s.r.p.i.ProjectInspector - CheckoutPatchedBuildCandidate.........................NOT RUN         
23:45:26.860 [main] INFO  f.i.s.r.p.i.ProjectInspector - BuildProjectPatchedBuildCandidate.....................NOT RUN         
23:45:26.860 [main] INFO  f.i.s.r.p.i.ProjectInspector - TestProjectPatchedBuildCandidate......................NOT RUN         
23:45:26.860 [main] INFO  f.i.s.r.p.i.ProjectInspector - GatherTestInformationPatchedBuildCandidate............NOT RUN         
23:45:26.860 [main] INFO  f.i.s.r.p.i.ProjectInspector - CommitPatch...........................................NOT RUN         
23:45:26.860 [main] INFO  f.i.s.r.p.i.ProjectInspector - WritePropertyFile.....................................NOT RUN         
23:45:26.860 [main] INFO  f.i.s.r.p.i.ProjectInspector - CommitProcessEnd......................................NOT RUN         
23:45:26.860 [main] INFO  f.i.s.r.p.i.ProjectInspector - PushProcessEnd........................................NOT RUN         
23:45:26.860 [main] INFO  f.i.s.r.p.i.ProjectInspector - ----------------------------------------------------------------------
23:45:26.861 [main] INFO  f.i.s.r.p.i.ProjectInspector - PIPELINE FINDING: BUILDNOTCHECKEDOUT
23:45:26.861 [main] INFO  f.i.s.r.p.i.ProjectInspector - ----------------------------------------------------------------------
23:45:26.861 [main] INFO  f.i.s.repairnator.pipeline.Launcher - Inspector is finished. The process will exit now.
