14:13:48.766 [main] INFO  f.i.s.repairnator.pipeline.Launcher - PIPELINE VERSION: 3.0-2018-08-09 19:04
14:13:48.988 [main] INFO  f.i.s.repairnator.pipeline.Launcher - The pipeline will try to reproduce a bug from build 346818917 and its corresponding patch from build 347168039
14:13:48.990 [main] INFO  f.i.s.repairnator.pipeline.Launcher - Initialize file serializer engines.
14:13:48.993 [main] INFO  f.i.s.repairnator.pipeline.Launcher - MongoDB won't be used for serialization.
14:13:48.994 [main] INFO  f.i.s.repairnator.pipeline.Launcher - The email notifier engine won't be used.
14:13:48.999 [main] INFO  f.i.s.repairnator.pipeline.Launcher - Start by getting the build (buildId: 346818917) with the following config: RepairnatorConfig{runId='f217db01-bbb8-402e-8360-dcad68a2f96f_02-18-week4-FAILING_AND_PASSING', launcherMode=BEARS, serializeJson=true, inputPath='null', outputPath='/var/log', mongodbHost='null', mongodbName='repairnator', smtpServer='null', notifyTo=[], notifyEndProcess=false, push=true, pushRemoteRepo='https://github.com/fermadeiral/bears-collection-fp', fork=false, lookFromDate=null, lookToDate=null, buildId=346818917, z3solverPath='./z3_for_linux', workspacePath='./workspace', githubToken='c8a341a903[...]', dockerImageName='null', skipDelete=false, createOutputDir=false, logDirectory='null', nbThreads=0, globalTimeout=0, whiteList=null, blackList=null, jobSleepTime=0, buildSleepTime=0, maxInspectedBuilds=0, duration=null, humanPatch=false, repository='null', clean=true, bearsMode=BOTH, bearsDelimiter = false, repairTools=NopolAllTests,NPEFix,AssertFixer,AstorJGenProg,AstorJKali,NopolSingleTest,AstorJMut,NopolTestExclusionStrategy, githubUserName= fermadeiral, githubUserEmail=fer.madeiral@gmail.com}
14:13:50.634 [main] DEBUG fr.inria.jtravis.helpers.BuildHelper - Get request to :https://api.travis-ci.org/build/346818917 done after 949 ms
14:13:50.967 [main] DEBUG fr.inria.jtravis.helpers.BuildHelper - Get request to :https://api.travis-ci.org/build/347168039 done after 166 ms
14:13:50.989 [main] INFO  f.i.s.repairnator.pipeline.Launcher - The patched build (347168039) was successfully retrieved from Travis.
14:13:52.383 [main] INFO  fr.inria.jtravis.JTravis - GitHub ratelimit: Limit: 5000 Remaining: 4999 Reset hour: 19:26:42
14:13:52.690 [main] INFO  f.i.s.r.p.i.ProjectInspector - ----------------------------------------------------------------------
14:13:52.691 [main] INFO  f.i.s.r.p.i.ProjectInspector - PIPELINE STEPS
14:13:52.691 [main] INFO  f.i.s.r.p.i.ProjectInspector - ----------------------------------------------------------------------
14:13:52.691 [main] INFO  f.i.s.r.p.i.ProjectInspector - CloneRepository
14:13:52.692 [main] INFO  f.i.s.r.p.i.ProjectInspector - CheckoutBuggyBuildCandidate
14:13:52.692 [main] INFO  f.i.s.r.p.i.ProjectInspector - ComputeSourceDir
14:13:52.692 [main] INFO  f.i.s.r.p.i.ProjectInspector - ComputeTestDir
14:13:52.692 [main] INFO  f.i.s.r.p.i.ProjectInspector - BuildProjectBuggyBuildCandidate
14:13:52.693 [main] INFO  f.i.s.r.p.i.ProjectInspector - TestProjectBuggyBuildCandidate
14:13:52.693 [main] INFO  f.i.s.r.p.i.ProjectInspector - GatherTestInformationBuggyBuildCandidate
14:13:52.693 [main] INFO  f.i.s.r.p.i.ProjectInspector - InitRepoToPush
14:13:52.693 [main] INFO  f.i.s.r.p.i.ProjectInspector - ComputeClasspath
14:13:52.694 [main] INFO  f.i.s.r.p.i.ProjectInspector - ComputeModules
14:13:52.694 [main] INFO  f.i.s.r.p.i.ProjectInspector - CheckoutPatchedBuildCandidate
14:13:52.694 [main] INFO  f.i.s.r.p.i.ProjectInspector - BuildProjectPatchedBuildCandidate
14:13:52.694 [main] INFO  f.i.s.r.p.i.ProjectInspector - TestProjectPatchedBuildCandidate
14:13:52.695 [main] INFO  f.i.s.r.p.i.ProjectInspector - GatherTestInformationPatchedBuildCandidate
14:13:52.695 [main] INFO  f.i.s.r.p.i.ProjectInspector - CommitPatch
14:13:52.695 [main] INFO  f.i.s.r.p.i.ProjectInspector - WritePropertyFile
14:13:52.695 [main] INFO  f.i.s.r.p.i.ProjectInspector - CommitProcessEnd
14:13:52.696 [main] INFO  f.i.s.r.p.i.ProjectInspector - PushProcessEnd
14:13:52.696 [main] DEBUG f.i.s.r.process.step.CloneRepository - ----------------------------------------------------------------------
14:13:52.696 [main] DEBUG f.i.s.r.process.step.CloneRepository - STEP 1/18: CloneRepository
14:13:52.697 [main] DEBUG f.i.s.r.process.step.CloneRepository - ----------------------------------------------------------------------
14:13:52.697 [main] DEBUG f.i.s.r.process.step.CloneRepository - Cloning repository apache/flink in the following directory: ./workspace/apache/flink/346818917
14:15:11.962 [main] DEBUG f.i.s.r.process.step.CloneRepository - STEP STATUS: [ CloneRepository : SUCCESS ]
14:15:11.963 [main] DEBUG f.i.s.r.process.step.CloneRepository - STEP DURATION: 79s
14:15:11.964 [main] DEBUG f.i.s.r.process.step.CloneRepository - EXECUTE NEXT STEP
14:15:11.965 [main] DEBUG f.i.s.r.p.s.c.CheckoutBuggyBuild - ----------------------------------------------------------------------
14:15:11.965 [main] DEBUG f.i.s.r.p.s.c.CheckoutBuggyBuild - STEP 2/18: CheckoutBuggyBuildCandidate
14:15:11.965 [main] DEBUG f.i.s.r.p.s.c.CheckoutBuggyBuild - ----------------------------------------------------------------------
14:15:11.966 [main] DEBUG f.i.s.r.p.s.c.CheckoutBuggyBuild - Checking out buggy build candidate...
14:15:12.313 [main] INFO  fr.inria.jtravis.JTravis - GitHub ratelimit: Limit: 5000 Remaining: 4974 Reset hour: 19:26:42
14:15:15.332 [main] DEBUG f.i.s.r.p.s.c.CheckoutBuggyBuild - Reproduce the PR for apache/flink by fetching remote branch and merging.
14:15:20.731 [main] ERROR f.i.s.r.p.s.c.CheckoutBuggyBuild - Error while testing commit: org.eclipse.jgit.errors.MissingObjectException: Missing unknown 952a8e87a27587d2cbf4a55c05a5772e73133d09
14:15:20.732 [main] ERROR f.i.s.r.p.s.c.CheckoutBuggyBuild - Commit head ref cannot be retrieved from the repository: 952a8e87a27587d2cbf4a55c05a5772e73133d09. Operation aborted.
14:15:20.734 [main] ERROR f.i.s.r.p.s.c.CheckoutBuggyBuild - Error while merging two commits to reproduce the PR.
14:15:20.735 [main] DEBUG f.i.s.r.p.s.c.CheckoutBuggyBuild - STEP STATUS: [ CheckoutBuggyBuildCandidate : FAILURE ( BUILDNOTCHECKEDOUT ) ]
14:15:20.735 [main] DEBUG f.i.s.r.p.s.c.CheckoutBuggyBuild - STEP DURATION: 8s
14:15:20.735 [main] DEBUG f.i.s.r.p.s.c.CheckoutBuggyBuild - TERMINATE PIPELINE
14:15:20.735 [main] DEBUG f.i.s.r.p.s.c.CheckoutBuggyBuild - FINAL STEPS SKIPPED: The reproduction of the bug and/or the patch failed.
14:15:20.736 [main] INFO  f.i.s.r.p.s.c.CheckoutBuggyBuild - Serialize all data for the pair of builds 346818917, 347168039
14:15:21.049 [main] INFO  fr.inria.jtravis.JTravis - GitHub ratelimit: Limit: 5000 Remaining: 4963 Reset hour: 19:26:42
14:15:23.265 [main] INFO  f.i.s.r.p.i.ProjectInspector - ----------------------------------------------------------------------
14:15:23.265 [main] INFO  f.i.s.r.p.i.ProjectInspector - PIPELINE EXECUTION SUMMARY
14:15:23.265 [main] INFO  f.i.s.r.p.i.ProjectInspector - ----------------------------------------------------------------------
14:15:23.266 [main] INFO  f.i.s.r.p.i.ProjectInspector - CloneRepository.......................................SUCCESS [ 79 s ]
14:15:23.266 [main] INFO  f.i.s.r.p.i.ProjectInspector - CheckoutBuggyBuildCandidate...........................FAILURE [  8 s ]
14:15:23.266 [main] INFO  f.i.s.r.p.i.ProjectInspector - ComputeSourceDir......................................NOT RUN         
14:15:23.266 [main] INFO  f.i.s.r.p.i.ProjectInspector - ComputeTestDir........................................NOT RUN         
14:15:23.267 [main] INFO  f.i.s.r.p.i.ProjectInspector - BuildProjectBuggyBuildCandidate.......................NOT RUN         
14:15:23.267 [main] INFO  f.i.s.r.p.i.ProjectInspector - TestProjectBuggyBuildCandidate........................NOT RUN         
14:15:23.267 [main] INFO  f.i.s.r.p.i.ProjectInspector - GatherTestInformationBuggyBuildCandidate..............NOT RUN         
14:15:23.267 [main] INFO  f.i.s.r.p.i.ProjectInspector - InitRepoToPush........................................NOT RUN         
14:15:23.268 [main] INFO  f.i.s.r.p.i.ProjectInspector - ComputeClasspath......................................NOT RUN         
14:15:23.268 [main] INFO  f.i.s.r.p.i.ProjectInspector - ComputeModules........................................NOT RUN         
14:15:23.268 [main] INFO  f.i.s.r.p.i.ProjectInspector - CheckoutPatchedBuildCandidate.........................NOT RUN         
14:15:23.268 [main] INFO  f.i.s.r.p.i.ProjectInspector - BuildProjectPatchedBuildCandidate.....................NOT RUN         
14:15:23.268 [main] INFO  f.i.s.r.p.i.ProjectInspector - TestProjectPatchedBuildCandidate......................NOT RUN         
14:15:23.268 [main] INFO  f.i.s.r.p.i.ProjectInspector - GatherTestInformationPatchedBuildCandidate............NOT RUN         
14:15:23.269 [main] INFO  f.i.s.r.p.i.ProjectInspector - CommitPatch...........................................NOT RUN         
14:15:23.269 [main] INFO  f.i.s.r.p.i.ProjectInspector - WritePropertyFile.....................................NOT RUN         
14:15:23.269 [main] INFO  f.i.s.r.p.i.ProjectInspector - CommitProcessEnd......................................NOT RUN         
14:15:23.269 [main] INFO  f.i.s.r.p.i.ProjectInspector - PushProcessEnd........................................NOT RUN         
14:15:23.270 [main] INFO  f.i.s.r.p.i.ProjectInspector - ----------------------------------------------------------------------
14:15:23.270 [main] INFO  f.i.s.r.p.i.ProjectInspector - PIPELINE FINDING: BUILDNOTCHECKEDOUT
14:15:23.270 [main] INFO  f.i.s.r.p.i.ProjectInspector - ----------------------------------------------------------------------
14:15:23.271 [main] INFO  f.i.s.repairnator.pipeline.Launcher - Inspector is finished. The process will exit now.
