15:44:08.795 [main] INFO  f.i.s.repairnator.pipeline.Launcher - PIPELINE VERSION: 3.0-2018-08-09 19:04
15:44:08.979 [main] INFO  f.i.s.repairnator.pipeline.Launcher - The pipeline will try to reproduce a bug from build 346993133 and its corresponding patch from build 347141344
15:44:08.980 [main] INFO  f.i.s.repairnator.pipeline.Launcher - Initialize file serializer engines.
15:44:08.983 [main] INFO  f.i.s.repairnator.pipeline.Launcher - MongoDB won't be used for serialization.
15:44:08.983 [main] INFO  f.i.s.repairnator.pipeline.Launcher - The email notifier engine won't be used.
15:44:08.989 [main] INFO  f.i.s.repairnator.pipeline.Launcher - Start by getting the build (buildId: 346993133) with the following config: RepairnatorConfig{runId='f217db01-bbb8-402e-8360-dcad68a2f96f_02-18-week4-FAILING_AND_PASSING', launcherMode=BEARS, serializeJson=true, inputPath='null', outputPath='/var/log', mongodbHost='null', mongodbName='repairnator', smtpServer='null', notifyTo=[], notifyEndProcess=false, push=true, pushRemoteRepo='https://github.com/fermadeiral/bears-collection-fp', fork=false, lookFromDate=null, lookToDate=null, buildId=346993133, z3solverPath='./z3_for_linux', workspacePath='./workspace', githubToken='c8a341a903[...]', dockerImageName='null', skipDelete=false, createOutputDir=false, logDirectory='null', nbThreads=0, globalTimeout=0, whiteList=null, blackList=null, jobSleepTime=0, buildSleepTime=0, maxInspectedBuilds=0, duration=null, humanPatch=false, repository='null', clean=true, bearsMode=BOTH, bearsDelimiter = false, repairTools=NopolAllTests,NPEFix,AssertFixer,AstorJGenProg,AstorJKali,NopolSingleTest,AstorJMut,NopolTestExclusionStrategy, githubUserName= fermadeiral, githubUserEmail=fer.madeiral@gmail.com}
15:44:10.520 [main] DEBUG fr.inria.jtravis.helpers.BuildHelper - Get request to :https://api.travis-ci.org/build/346993133 done after 880 ms
15:44:10.758 [main] DEBUG fr.inria.jtravis.helpers.BuildHelper - Get request to :https://api.travis-ci.org/build/347141344 done after 148 ms
15:44:10.778 [main] INFO  f.i.s.repairnator.pipeline.Launcher - The patched build (347141344) was successfully retrieved from Travis.
15:44:12.119 [main] INFO  fr.inria.jtravis.JTravis - GitHub ratelimit: Limit: 5000 Remaining: 4968 Reset hour: 19:26:46
15:44:12.357 [main] INFO  f.i.s.r.p.i.ProjectInspector - ----------------------------------------------------------------------
15:44:12.358 [main] INFO  f.i.s.r.p.i.ProjectInspector - PIPELINE STEPS
15:44:12.358 [main] INFO  f.i.s.r.p.i.ProjectInspector - ----------------------------------------------------------------------
15:44:12.358 [main] INFO  f.i.s.r.p.i.ProjectInspector - CloneRepository
15:44:12.358 [main] INFO  f.i.s.r.p.i.ProjectInspector - CheckoutBuggyBuildCandidate
15:44:12.358 [main] INFO  f.i.s.r.p.i.ProjectInspector - ComputeSourceDir
15:44:12.358 [main] INFO  f.i.s.r.p.i.ProjectInspector - ComputeTestDir
15:44:12.358 [main] INFO  f.i.s.r.p.i.ProjectInspector - BuildProjectBuggyBuildCandidate
15:44:12.359 [main] INFO  f.i.s.r.p.i.ProjectInspector - TestProjectBuggyBuildCandidate
15:44:12.359 [main] INFO  f.i.s.r.p.i.ProjectInspector - GatherTestInformationBuggyBuildCandidate
15:44:12.359 [main] INFO  f.i.s.r.p.i.ProjectInspector - InitRepoToPush
15:44:12.359 [main] INFO  f.i.s.r.p.i.ProjectInspector - ComputeClasspath
15:44:12.359 [main] INFO  f.i.s.r.p.i.ProjectInspector - ComputeModules
15:44:12.359 [main] INFO  f.i.s.r.p.i.ProjectInspector - CheckoutPatchedBuildCandidate
15:44:12.360 [main] INFO  f.i.s.r.p.i.ProjectInspector - BuildProjectPatchedBuildCandidate
15:44:12.360 [main] INFO  f.i.s.r.p.i.ProjectInspector - TestProjectPatchedBuildCandidate
15:44:12.360 [main] INFO  f.i.s.r.p.i.ProjectInspector - GatherTestInformationPatchedBuildCandidate
15:44:12.360 [main] INFO  f.i.s.r.p.i.ProjectInspector - CommitPatch
15:44:12.360 [main] INFO  f.i.s.r.p.i.ProjectInspector - WritePropertyFile
15:44:12.360 [main] INFO  f.i.s.r.p.i.ProjectInspector - CommitProcessEnd
15:44:12.361 [main] INFO  f.i.s.r.p.i.ProjectInspector - PushProcessEnd
15:44:12.361 [main] DEBUG f.i.s.r.process.step.CloneRepository - ----------------------------------------------------------------------
15:44:12.361 [main] DEBUG f.i.s.r.process.step.CloneRepository - STEP 1/18: CloneRepository
15:44:12.361 [main] DEBUG f.i.s.r.process.step.CloneRepository - ----------------------------------------------------------------------
15:44:12.362 [main] DEBUG f.i.s.r.process.step.CloneRepository - Cloning repository apache/incubator-druid in the following directory: ./workspace/apache/incubator-druid/346993133
15:45:00.152 [main] DEBUG f.i.s.r.process.step.CloneRepository - STEP STATUS: [ CloneRepository : SUCCESS ]
15:45:00.152 [main] DEBUG f.i.s.r.process.step.CloneRepository - STEP DURATION: 47s
15:45:00.153 [main] DEBUG f.i.s.r.process.step.CloneRepository - EXECUTE NEXT STEP
15:45:00.154 [main] DEBUG f.i.s.r.p.s.c.CheckoutBuggyBuild - ----------------------------------------------------------------------
15:45:00.154 [main] DEBUG f.i.s.r.p.s.c.CheckoutBuggyBuild - STEP 2/18: CheckoutBuggyBuildCandidate
15:45:00.154 [main] DEBUG f.i.s.r.p.s.c.CheckoutBuggyBuild - ----------------------------------------------------------------------
15:45:00.155 [main] DEBUG f.i.s.r.p.s.c.CheckoutBuggyBuild - Checking out buggy build candidate...
15:45:00.533 [main] INFO  fr.inria.jtravis.JTravis - GitHub ratelimit: Limit: 5000 Remaining: 4967 Reset hour: 19:26:46
15:45:02.686 [main] DEBUG f.i.s.r.p.s.c.CheckoutBuggyBuild - Reproduce the PR for apache/incubator-druid by fetching remote branch and merging.
15:45:06.990 [main] ERROR f.i.s.r.p.s.c.CheckoutBuggyBuild - Error while testing commit: org.eclipse.jgit.errors.MissingObjectException: Missing unknown fcbb2ff02e402780111b363af15a900906a1fc1f
15:45:06.991 [main] ERROR f.i.s.r.p.s.c.CheckoutBuggyBuild - Commit head ref cannot be retrieved from the repository: fcbb2ff02e402780111b363af15a900906a1fc1f. Operation aborted.
15:45:06.998 [main] ERROR f.i.s.r.p.s.c.CheckoutBuggyBuild - Error while merging two commits to reproduce the PR.
15:45:06.999 [main] DEBUG f.i.s.r.p.s.c.CheckoutBuggyBuild - STEP STATUS: [ CheckoutBuggyBuildCandidate : FAILURE ( BUILDNOTCHECKEDOUT ) ]
15:45:06.999 [main] DEBUG f.i.s.r.p.s.c.CheckoutBuggyBuild - STEP DURATION: 6s
15:45:06.999 [main] DEBUG f.i.s.r.p.s.c.CheckoutBuggyBuild - TERMINATE PIPELINE
15:45:07.000 [main] DEBUG f.i.s.r.p.s.c.CheckoutBuggyBuild - FINAL STEPS SKIPPED: The reproduction of the bug and/or the patch failed.
15:45:07.000 [main] INFO  f.i.s.r.p.s.c.CheckoutBuggyBuild - Serialize all data for the pair of builds 346993133, 347141344
15:45:07.128 [main] INFO  fr.inria.jtravis.JTravis - GitHub ratelimit: Limit: 5000 Remaining: 4960 Reset hour: 19:26:46
15:45:08.279 [main] INFO  f.i.s.r.p.i.ProjectInspector - ----------------------------------------------------------------------
15:45:08.279 [main] INFO  f.i.s.r.p.i.ProjectInspector - PIPELINE EXECUTION SUMMARY
15:45:08.279 [main] INFO  f.i.s.r.p.i.ProjectInspector - ----------------------------------------------------------------------
15:45:08.280 [main] INFO  f.i.s.r.p.i.ProjectInspector - CloneRepository.......................................SUCCESS [ 47 s ]
15:45:08.280 [main] INFO  f.i.s.r.p.i.ProjectInspector - CheckoutBuggyBuildCandidate...........................FAILURE [  6 s ]
15:45:08.280 [main] INFO  f.i.s.r.p.i.ProjectInspector - ComputeSourceDir......................................NOT RUN         
15:45:08.280 [main] INFO  f.i.s.r.p.i.ProjectInspector - ComputeTestDir........................................NOT RUN         
15:45:08.280 [main] INFO  f.i.s.r.p.i.ProjectInspector - BuildProjectBuggyBuildCandidate.......................NOT RUN         
15:45:08.281 [main] INFO  f.i.s.r.p.i.ProjectInspector - TestProjectBuggyBuildCandidate........................NOT RUN         
15:45:08.281 [main] INFO  f.i.s.r.p.i.ProjectInspector - GatherTestInformationBuggyBuildCandidate..............NOT RUN         
15:45:08.281 [main] INFO  f.i.s.r.p.i.ProjectInspector - InitRepoToPush........................................NOT RUN         
15:45:08.281 [main] INFO  f.i.s.r.p.i.ProjectInspector - ComputeClasspath......................................NOT RUN         
15:45:08.281 [main] INFO  f.i.s.r.p.i.ProjectInspector - ComputeModules........................................NOT RUN         
15:45:08.282 [main] INFO  f.i.s.r.p.i.ProjectInspector - CheckoutPatchedBuildCandidate.........................NOT RUN         
15:45:08.282 [main] INFO  f.i.s.r.p.i.ProjectInspector - BuildProjectPatchedBuildCandidate.....................NOT RUN         
15:45:08.282 [main] INFO  f.i.s.r.p.i.ProjectInspector - TestProjectPatchedBuildCandidate......................NOT RUN         
15:45:08.282 [main] INFO  f.i.s.r.p.i.ProjectInspector - GatherTestInformationPatchedBuildCandidate............NOT RUN         
15:45:08.282 [main] INFO  f.i.s.r.p.i.ProjectInspector - CommitPatch...........................................NOT RUN         
15:45:08.282 [main] INFO  f.i.s.r.p.i.ProjectInspector - WritePropertyFile.....................................NOT RUN         
15:45:08.283 [main] INFO  f.i.s.r.p.i.ProjectInspector - CommitProcessEnd......................................NOT RUN         
15:45:08.283 [main] INFO  f.i.s.r.p.i.ProjectInspector - PushProcessEnd........................................NOT RUN         
15:45:08.283 [main] INFO  f.i.s.r.p.i.ProjectInspector - ----------------------------------------------------------------------
15:45:08.283 [main] INFO  f.i.s.r.p.i.ProjectInspector - PIPELINE FINDING: BUILDNOTCHECKEDOUT
15:45:08.283 [main] INFO  f.i.s.r.p.i.ProjectInspector - ----------------------------------------------------------------------
15:45:08.283 [main] INFO  f.i.s.repairnator.pipeline.Launcher - Inspector is finished. The process will exit now.
