20:34:14.680 [main] INFO  f.i.s.repairnator.pipeline.Launcher - PIPELINE VERSION: 3.0-2018-08-09 19:04
20:34:14.831 [main] INFO  f.i.s.repairnator.pipeline.Launcher - The pipeline will try to reproduce a bug from build 346404198 and its corresponding patch from build 346421186
20:34:14.831 [main] INFO  f.i.s.repairnator.pipeline.Launcher - Initialize file serializer engines.
20:34:14.833 [main] INFO  f.i.s.repairnator.pipeline.Launcher - MongoDB won't be used for serialization.
20:34:14.833 [main] INFO  f.i.s.repairnator.pipeline.Launcher - The email notifier engine won't be used.
20:34:14.836 [main] INFO  f.i.s.repairnator.pipeline.Launcher - Start by getting the build (buildId: 346404198) with the following config: RepairnatorConfig{runId='f217db01-bbb8-402e-8360-dcad68a2f96f_02-18-week4-FAILING_AND_PASSING', launcherMode=BEARS, serializeJson=true, inputPath='null', outputPath='/var/log', mongodbHost='null', mongodbName='repairnator', smtpServer='null', notifyTo=[], notifyEndProcess=false, push=true, pushRemoteRepo='https://github.com/fermadeiral/bears-collection-fp', fork=false, lookFromDate=null, lookToDate=null, buildId=346404198, z3solverPath='./z3_for_linux', workspacePath='./workspace', githubToken='c8a341a903[...]', dockerImageName='null', skipDelete=false, createOutputDir=false, logDirectory='null', nbThreads=0, globalTimeout=0, whiteList=null, blackList=null, jobSleepTime=0, buildSleepTime=0, maxInspectedBuilds=0, duration=null, humanPatch=false, repository='null', clean=true, bearsMode=BOTH, bearsDelimiter = false, repairTools=NopolAllTests,NPEFix,AssertFixer,AstorJGenProg,AstorJKali,NopolSingleTest,AstorJMut,NopolTestExclusionStrategy, githubUserName= fermadeiral, githubUserEmail=fer.madeiral@gmail.com}
20:34:16.135 [main] DEBUG fr.inria.jtravis.helpers.BuildHelper - Get request to :https://api.travis-ci.org/build/346404198 done after 770 ms
20:34:16.375 [main] DEBUG fr.inria.jtravis.helpers.BuildHelper - Get request to :https://api.travis-ci.org/build/346421186 done after 139 ms
20:34:16.391 [main] INFO  f.i.s.repairnator.pipeline.Launcher - The patched build (346421186) was successfully retrieved from Travis.
20:34:17.498 [main] INFO  fr.inria.jtravis.JTravis - GitHub ratelimit: Limit: 5000 Remaining: 4597 Reset hour: 19:27:02
20:34:17.734 [main] INFO  f.i.s.r.p.i.ProjectInspector - ----------------------------------------------------------------------
20:34:17.735 [main] INFO  f.i.s.r.p.i.ProjectInspector - PIPELINE STEPS
20:34:17.735 [main] INFO  f.i.s.r.p.i.ProjectInspector - ----------------------------------------------------------------------
20:34:17.735 [main] INFO  f.i.s.r.p.i.ProjectInspector - CloneRepository
20:34:17.735 [main] INFO  f.i.s.r.p.i.ProjectInspector - CheckoutBuggyBuildCandidate
20:34:17.735 [main] INFO  f.i.s.r.p.i.ProjectInspector - ComputeSourceDir
20:34:17.736 [main] INFO  f.i.s.r.p.i.ProjectInspector - ComputeTestDir
20:34:17.736 [main] INFO  f.i.s.r.p.i.ProjectInspector - BuildProjectBuggyBuildCandidate
20:34:17.736 [main] INFO  f.i.s.r.p.i.ProjectInspector - TestProjectBuggyBuildCandidate
20:34:17.736 [main] INFO  f.i.s.r.p.i.ProjectInspector - GatherTestInformationBuggyBuildCandidate
20:34:17.736 [main] INFO  f.i.s.r.p.i.ProjectInspector - InitRepoToPush
20:34:17.737 [main] INFO  f.i.s.r.p.i.ProjectInspector - ComputeClasspath
20:34:17.737 [main] INFO  f.i.s.r.p.i.ProjectInspector - ComputeModules
20:34:17.737 [main] INFO  f.i.s.r.p.i.ProjectInspector - CheckoutPatchedBuildCandidate
20:34:17.737 [main] INFO  f.i.s.r.p.i.ProjectInspector - BuildProjectPatchedBuildCandidate
20:34:17.737 [main] INFO  f.i.s.r.p.i.ProjectInspector - TestProjectPatchedBuildCandidate
20:34:17.738 [main] INFO  f.i.s.r.p.i.ProjectInspector - GatherTestInformationPatchedBuildCandidate
20:34:17.738 [main] INFO  f.i.s.r.p.i.ProjectInspector - CommitPatch
20:34:17.738 [main] INFO  f.i.s.r.p.i.ProjectInspector - WritePropertyFile
20:34:17.738 [main] INFO  f.i.s.r.p.i.ProjectInspector - CommitProcessEnd
20:34:17.739 [main] INFO  f.i.s.r.p.i.ProjectInspector - PushProcessEnd
20:34:17.739 [main] DEBUG f.i.s.r.process.step.CloneRepository - ----------------------------------------------------------------------
20:34:17.746 [main] DEBUG f.i.s.r.process.step.CloneRepository - STEP 1/18: CloneRepository
20:34:17.746 [main] DEBUG f.i.s.r.process.step.CloneRepository - ----------------------------------------------------------------------
20:34:17.747 [main] DEBUG f.i.s.r.process.step.CloneRepository - Cloning repository linkedin/pinot in the following directory: ./workspace/linkedin/pinot/346404198
20:34:57.181 [main] DEBUG f.i.s.r.process.step.CloneRepository - STEP STATUS: [ CloneRepository : SUCCESS ]
20:34:57.182 [main] DEBUG f.i.s.r.process.step.CloneRepository - STEP DURATION: 39s
20:34:57.182 [main] DEBUG f.i.s.r.process.step.CloneRepository - EXECUTE NEXT STEP
20:34:57.182 [main] DEBUG f.i.s.r.p.s.c.CheckoutBuggyBuild - ----------------------------------------------------------------------
20:34:57.183 [main] DEBUG f.i.s.r.p.s.c.CheckoutBuggyBuild - STEP 2/18: CheckoutBuggyBuildCandidate
20:34:57.183 [main] DEBUG f.i.s.r.p.s.c.CheckoutBuggyBuild - ----------------------------------------------------------------------
20:34:57.183 [main] DEBUG f.i.s.r.p.s.c.CheckoutBuggyBuild - Checking out buggy build candidate...
20:34:57.532 [main] INFO  fr.inria.jtravis.JTravis - GitHub ratelimit: Limit: 5000 Remaining: 4596 Reset hour: 19:27:02
20:34:59.719 [main] DEBUG f.i.s.r.p.s.c.CheckoutBuggyBuild - Reproduce the PR for linkedin/pinot by fetching remote branch and merging.
20:35:00.819 [main] ERROR f.i.s.r.p.s.c.CheckoutBuggyBuild - Error while testing commit: org.eclipse.jgit.errors.MissingObjectException: Missing unknown 049af0c30ed1225740699aae774d8c1b6cd72d93
20:35:00.820 [main] ERROR f.i.s.r.p.s.c.CheckoutBuggyBuild - Commit head ref cannot be retrieved from the repository: 049af0c30ed1225740699aae774d8c1b6cd72d93. Operation aborted.
20:35:00.820 [main] ERROR f.i.s.r.p.s.c.CheckoutBuggyBuild - Error while merging two commits to reproduce the PR.
20:35:00.821 [main] DEBUG f.i.s.r.p.s.c.CheckoutBuggyBuild - STEP STATUS: [ CheckoutBuggyBuildCandidate : FAILURE ( BUILDNOTCHECKEDOUT ) ]
20:35:00.821 [main] DEBUG f.i.s.r.p.s.c.CheckoutBuggyBuild - STEP DURATION: 3s
20:35:00.821 [main] DEBUG f.i.s.r.p.s.c.CheckoutBuggyBuild - TERMINATE PIPELINE
20:35:00.822 [main] DEBUG f.i.s.r.p.s.c.CheckoutBuggyBuild - FINAL STEPS SKIPPED: The reproduction of the bug and/or the patch failed.
20:35:00.822 [main] INFO  f.i.s.r.p.s.c.CheckoutBuggyBuild - Serialize all data for the pair of builds 346404198, 346421186
20:35:00.936 [main] INFO  fr.inria.jtravis.JTravis - GitHub ratelimit: Limit: 5000 Remaining: 4589 Reset hour: 19:27:02
20:35:01.999 [main] INFO  f.i.s.r.p.i.ProjectInspector - ----------------------------------------------------------------------
20:35:01.999 [main] INFO  f.i.s.r.p.i.ProjectInspector - PIPELINE EXECUTION SUMMARY
20:35:02.000 [main] INFO  f.i.s.r.p.i.ProjectInspector - ----------------------------------------------------------------------
20:35:02.000 [main] INFO  f.i.s.r.p.i.ProjectInspector - CloneRepository.......................................SUCCESS [ 39 s ]
20:35:02.000 [main] INFO  f.i.s.r.p.i.ProjectInspector - CheckoutBuggyBuildCandidate...........................FAILURE [  3 s ]
20:35:02.000 [main] INFO  f.i.s.r.p.i.ProjectInspector - ComputeSourceDir......................................NOT RUN         
20:35:02.001 [main] INFO  f.i.s.r.p.i.ProjectInspector - ComputeTestDir........................................NOT RUN         
20:35:02.001 [main] INFO  f.i.s.r.p.i.ProjectInspector - BuildProjectBuggyBuildCandidate.......................NOT RUN         
20:35:02.001 [main] INFO  f.i.s.r.p.i.ProjectInspector - TestProjectBuggyBuildCandidate........................NOT RUN         
20:35:02.001 [main] INFO  f.i.s.r.p.i.ProjectInspector - GatherTestInformationBuggyBuildCandidate..............NOT RUN         
20:35:02.001 [main] INFO  f.i.s.r.p.i.ProjectInspector - InitRepoToPush........................................NOT RUN         
20:35:02.001 [main] INFO  f.i.s.r.p.i.ProjectInspector - ComputeClasspath......................................NOT RUN         
20:35:02.002 [main] INFO  f.i.s.r.p.i.ProjectInspector - ComputeModules........................................NOT RUN         
20:35:02.002 [main] INFO  f.i.s.r.p.i.ProjectInspector - CheckoutPatchedBuildCandidate.........................NOT RUN         
20:35:02.002 [main] INFO  f.i.s.r.p.i.ProjectInspector - BuildProjectPatchedBuildCandidate.....................NOT RUN         
20:35:02.002 [main] INFO  f.i.s.r.p.i.ProjectInspector - TestProjectPatchedBuildCandidate......................NOT RUN         
20:35:02.002 [main] INFO  f.i.s.r.p.i.ProjectInspector - GatherTestInformationPatchedBuildCandidate............NOT RUN         
20:35:02.002 [main] INFO  f.i.s.r.p.i.ProjectInspector - CommitPatch...........................................NOT RUN         
20:35:02.002 [main] INFO  f.i.s.r.p.i.ProjectInspector - WritePropertyFile.....................................NOT RUN         
20:35:02.003 [main] INFO  f.i.s.r.p.i.ProjectInspector - CommitProcessEnd......................................NOT RUN         
20:35:02.003 [main] INFO  f.i.s.r.p.i.ProjectInspector - PushProcessEnd........................................NOT RUN         
20:35:02.003 [main] INFO  f.i.s.r.p.i.ProjectInspector - ----------------------------------------------------------------------
20:35:02.003 [main] INFO  f.i.s.r.p.i.ProjectInspector - PIPELINE FINDING: BUILDNOTCHECKEDOUT
20:35:02.003 [main] INFO  f.i.s.r.p.i.ProjectInspector - ----------------------------------------------------------------------
20:35:02.003 [main] INFO  f.i.s.repairnator.pipeline.Launcher - Inspector is finished. The process will exit now.
