21:54:40.530 [main] INFO  f.i.s.repairnator.pipeline.Launcher - PIPELINE VERSION: 3.0-2018-08-09 19:04
21:54:40.930 [main] INFO  f.i.s.repairnator.pipeline.Launcher - The pipeline will try to reproduce a bug from build 347346678 and its corresponding patch from build 347347095
21:54:40.931 [main] INFO  f.i.s.repairnator.pipeline.Launcher - Initialize file serializer engines.
21:54:40.933 [main] INFO  f.i.s.repairnator.pipeline.Launcher - MongoDB won't be used for serialization.
21:54:40.933 [main] INFO  f.i.s.repairnator.pipeline.Launcher - The email notifier engine won't be used.
21:54:40.951 [main] INFO  f.i.s.repairnator.pipeline.Launcher - Start by getting the build (buildId: 347346678) with the following config: RepairnatorConfig{runId='f217db01-bbb8-402e-8360-dcad68a2f96f_02-18-week4-FAILING_AND_PASSING', launcherMode=BEARS, serializeJson=true, inputPath='null', outputPath='/var/log', mongodbHost='null', mongodbName='repairnator', smtpServer='null', notifyTo=[], notifyEndProcess=false, push=true, pushRemoteRepo='https://github.com/fermadeiral/bears-collection-fp', fork=false, lookFromDate=null, lookToDate=null, buildId=347346678, z3solverPath='./z3_for_linux', workspacePath='./workspace', githubToken='c8a341a903[...]', dockerImageName='null', skipDelete=false, createOutputDir=false, logDirectory='null', nbThreads=0, globalTimeout=0, whiteList=null, blackList=null, jobSleepTime=0, buildSleepTime=0, maxInspectedBuilds=0, duration=null, humanPatch=false, repository='null', clean=true, bearsMode=BOTH, bearsDelimiter = false, repairTools=NopolAllTests,NPEFix,AssertFixer,AstorJGenProg,AstorJKali,NopolSingleTest,AstorJMut,NopolTestExclusionStrategy, githubUserName= fermadeiral, githubUserEmail=fer.madeiral@gmail.com}
21:54:42.598 [main] DEBUG fr.inria.jtravis.helpers.BuildHelper - Get request to :https://api.travis-ci.org/build/347346678 done after 917 ms
21:54:42.953 [main] DEBUG fr.inria.jtravis.helpers.BuildHelper - Get request to :https://api.travis-ci.org/build/347347095 done after 242 ms
21:54:42.963 [main] INFO  f.i.s.repairnator.pipeline.Launcher - The patched build (347347095) was successfully retrieved from Travis.
21:54:44.311 [main] INFO  fr.inria.jtravis.JTravis - GitHub ratelimit: Limit: 5000 Remaining: 4914 Reset hour: 19:27:09
21:54:44.546 [main] INFO  f.i.s.r.p.i.ProjectInspector - ----------------------------------------------------------------------
21:54:44.546 [main] INFO  f.i.s.r.p.i.ProjectInspector - PIPELINE STEPS
21:54:44.546 [main] INFO  f.i.s.r.p.i.ProjectInspector - ----------------------------------------------------------------------
21:54:44.549 [main] INFO  f.i.s.r.p.i.ProjectInspector - CloneRepository
21:54:44.549 [main] INFO  f.i.s.r.p.i.ProjectInspector - CheckoutBuggyBuildCandidate
21:54:44.549 [main] INFO  f.i.s.r.p.i.ProjectInspector - ComputeSourceDir
21:54:44.550 [main] INFO  f.i.s.r.p.i.ProjectInspector - ComputeTestDir
21:54:44.550 [main] INFO  f.i.s.r.p.i.ProjectInspector - BuildProjectBuggyBuildCandidate
21:54:44.550 [main] INFO  f.i.s.r.p.i.ProjectInspector - TestProjectBuggyBuildCandidate
21:54:44.550 [main] INFO  f.i.s.r.p.i.ProjectInspector - GatherTestInformationBuggyBuildCandidate
21:54:44.550 [main] INFO  f.i.s.r.p.i.ProjectInspector - InitRepoToPush
21:54:44.550 [main] INFO  f.i.s.r.p.i.ProjectInspector - ComputeClasspath
21:54:44.550 [main] INFO  f.i.s.r.p.i.ProjectInspector - ComputeModules
21:54:44.550 [main] INFO  f.i.s.r.p.i.ProjectInspector - CheckoutPatchedBuildCandidate
21:54:44.551 [main] INFO  f.i.s.r.p.i.ProjectInspector - BuildProjectPatchedBuildCandidate
21:54:44.551 [main] INFO  f.i.s.r.p.i.ProjectInspector - TestProjectPatchedBuildCandidate
21:54:44.551 [main] INFO  f.i.s.r.p.i.ProjectInspector - GatherTestInformationPatchedBuildCandidate
21:54:44.551 [main] INFO  f.i.s.r.p.i.ProjectInspector - CommitPatch
21:54:44.551 [main] INFO  f.i.s.r.p.i.ProjectInspector - WritePropertyFile
21:54:44.551 [main] INFO  f.i.s.r.p.i.ProjectInspector - CommitProcessEnd
21:54:44.551 [main] INFO  f.i.s.r.p.i.ProjectInspector - PushProcessEnd
21:54:44.552 [main] DEBUG f.i.s.r.process.step.CloneRepository - ----------------------------------------------------------------------
21:54:44.552 [main] DEBUG f.i.s.r.process.step.CloneRepository - STEP 1/18: CloneRepository
21:54:44.552 [main] DEBUG f.i.s.r.process.step.CloneRepository - ----------------------------------------------------------------------
21:54:44.562 [main] DEBUG f.i.s.r.process.step.CloneRepository - Cloning repository StuPro-TOSCAna/TOSCAna in the following directory: ./workspace/StuPro-TOSCAna/TOSCAna/347346678
21:55:01.853 [main] DEBUG f.i.s.r.process.step.CloneRepository - STEP STATUS: [ CloneRepository : SUCCESS ]
21:55:01.855 [main] DEBUG f.i.s.r.process.step.CloneRepository - STEP DURATION: 17s
21:55:01.855 [main] DEBUG f.i.s.r.process.step.CloneRepository - EXECUTE NEXT STEP
21:55:01.855 [main] DEBUG f.i.s.r.p.s.c.CheckoutBuggyBuild - ----------------------------------------------------------------------
21:55:01.855 [main] DEBUG f.i.s.r.p.s.c.CheckoutBuggyBuild - STEP 2/18: CheckoutBuggyBuildCandidate
21:55:01.855 [main] DEBUG f.i.s.r.p.s.c.CheckoutBuggyBuild - ----------------------------------------------------------------------
21:55:01.856 [main] DEBUG f.i.s.r.p.s.c.CheckoutBuggyBuild - Checking out buggy build candidate...
21:55:01.873 [main] ERROR f.i.s.r.p.s.c.CheckoutBuggyBuild - Error while testing commit: org.eclipse.jgit.errors.MissingObjectException: Missing unknown e2ae8777b3a85b3b3ba499c28014b0abaf9720e1
21:55:01.873 [main] ERROR f.i.s.r.p.s.c.CheckoutBuggyBuild - Error while getting the commit to checkout from the repo.
21:55:01.881 [main] DEBUG f.i.s.r.p.s.c.CheckoutBuggyBuild - STEP STATUS: [ CheckoutBuggyBuildCandidate : FAILURE ( BUILDNOTCHECKEDOUT ) ]
21:55:01.884 [main] DEBUG f.i.s.r.p.s.c.CheckoutBuggyBuild - STEP DURATION: 0s
21:55:01.884 [main] DEBUG f.i.s.r.p.s.c.CheckoutBuggyBuild - TERMINATE PIPELINE
21:55:01.885 [main] DEBUG f.i.s.r.p.s.c.CheckoutBuggyBuild - FINAL STEPS SKIPPED: The reproduction of the bug and/or the patch failed.
21:55:01.885 [main] INFO  f.i.s.r.p.s.c.CheckoutBuggyBuild - Serialize all data for the pair of builds 347346678, 347347095
21:55:02.204 [main] INFO  fr.inria.jtravis.JTravis - GitHub ratelimit: Limit: 5000 Remaining: 4913 Reset hour: 19:27:09
21:55:03.595 [main] INFO  f.i.s.r.p.i.ProjectInspector - ----------------------------------------------------------------------
21:55:03.596 [main] INFO  f.i.s.r.p.i.ProjectInspector - PIPELINE EXECUTION SUMMARY
21:55:03.596 [main] INFO  f.i.s.r.p.i.ProjectInspector - ----------------------------------------------------------------------
21:55:03.597 [main] INFO  f.i.s.r.p.i.ProjectInspector - CloneRepository.......................................SUCCESS [ 17 s ]
21:55:03.597 [main] INFO  f.i.s.r.p.i.ProjectInspector - CheckoutBuggyBuildCandidate...........................FAILURE [  0 s ]
21:55:03.597 [main] INFO  f.i.s.r.p.i.ProjectInspector - ComputeSourceDir......................................NOT RUN         
21:55:03.597 [main] INFO  f.i.s.r.p.i.ProjectInspector - ComputeTestDir........................................NOT RUN         
21:55:03.602 [main] INFO  f.i.s.r.p.i.ProjectInspector - BuildProjectBuggyBuildCandidate.......................NOT RUN         
21:55:03.602 [main] INFO  f.i.s.r.p.i.ProjectInspector - TestProjectBuggyBuildCandidate........................NOT RUN         
21:55:03.603 [main] INFO  f.i.s.r.p.i.ProjectInspector - GatherTestInformationBuggyBuildCandidate..............NOT RUN         
21:55:03.603 [main] INFO  f.i.s.r.p.i.ProjectInspector - InitRepoToPush........................................NOT RUN         
21:55:03.603 [main] INFO  f.i.s.r.p.i.ProjectInspector - ComputeClasspath......................................NOT RUN         
21:55:03.603 [main] INFO  f.i.s.r.p.i.ProjectInspector - ComputeModules........................................NOT RUN         
21:55:03.604 [main] INFO  f.i.s.r.p.i.ProjectInspector - CheckoutPatchedBuildCandidate.........................NOT RUN         
21:55:03.604 [main] INFO  f.i.s.r.p.i.ProjectInspector - BuildProjectPatchedBuildCandidate.....................NOT RUN         
21:55:03.604 [main] INFO  f.i.s.r.p.i.ProjectInspector - TestProjectPatchedBuildCandidate......................NOT RUN         
21:55:03.605 [main] INFO  f.i.s.r.p.i.ProjectInspector - GatherTestInformationPatchedBuildCandidate............NOT RUN         
21:55:03.605 [main] INFO  f.i.s.r.p.i.ProjectInspector - CommitPatch...........................................NOT RUN         
21:55:03.605 [main] INFO  f.i.s.r.p.i.ProjectInspector - WritePropertyFile.....................................NOT RUN         
21:55:03.606 [main] INFO  f.i.s.r.p.i.ProjectInspector - CommitProcessEnd......................................NOT RUN         
21:55:03.606 [main] INFO  f.i.s.r.p.i.ProjectInspector - PushProcessEnd........................................NOT RUN         
21:55:03.606 [main] INFO  f.i.s.r.p.i.ProjectInspector - ----------------------------------------------------------------------
21:55:03.606 [main] INFO  f.i.s.r.p.i.ProjectInspector - PIPELINE FINDING: BUILDNOTCHECKEDOUT
21:55:03.607 [main] INFO  f.i.s.r.p.i.ProjectInspector - ----------------------------------------------------------------------
21:55:03.607 [main] INFO  f.i.s.repairnator.pipeline.Launcher - Inspector is finished. The process will exit now.
