16:56:03.281 [main] INFO  f.i.s.repairnator.pipeline.Launcher - PIPELINE VERSION: 3.0-2018-08-09 19:04
16:56:03.441 [main] INFO  f.i.s.repairnator.pipeline.Launcher - The pipeline will try to reproduce a bug from build 344670602 and its corresponding patch from build 344682311
16:56:03.442 [main] INFO  f.i.s.repairnator.pipeline.Launcher - Initialize file serializer engines.
16:56:03.445 [main] INFO  f.i.s.repairnator.pipeline.Launcher - MongoDB won't be used for serialization.
16:56:03.445 [main] INFO  f.i.s.repairnator.pipeline.Launcher - The email notifier engine won't be used.
16:56:03.449 [main] INFO  f.i.s.repairnator.pipeline.Launcher - Start by getting the build (buildId: 344670602) with the following config: RepairnatorConfig{runId='f217db01-bbb8-402e-8360-dcad68a2f96f_02-18-week4-FAILING_AND_PASSING', launcherMode=BEARS, serializeJson=true, inputPath='null', outputPath='/var/log', mongodbHost='null', mongodbName='repairnator', smtpServer='null', notifyTo=[], notifyEndProcess=false, push=true, pushRemoteRepo='https://github.com/fermadeiral/bears-collection-fp', fork=false, lookFromDate=null, lookToDate=null, buildId=344670602, z3solverPath='./z3_for_linux', workspacePath='./workspace', githubToken='c8a341a903[...]', dockerImageName='null', skipDelete=false, createOutputDir=false, logDirectory='null', nbThreads=0, globalTimeout=0, whiteList=null, blackList=null, jobSleepTime=0, buildSleepTime=0, maxInspectedBuilds=0, duration=null, humanPatch=false, repository='null', clean=true, bearsMode=BOTH, bearsDelimiter = false, repairTools=NopolAllTests,NPEFix,AssertFixer,AstorJGenProg,AstorJKali,NopolSingleTest,AstorJMut,NopolTestExclusionStrategy, githubUserName= fermadeiral, githubUserEmail=fer.madeiral@gmail.com}
16:56:04.810 [main] DEBUG fr.inria.jtravis.helpers.BuildHelper - Get request to :https://api.travis-ci.org/build/344670602 done after 880 ms
16:56:05.087 [main] DEBUG fr.inria.jtravis.helpers.BuildHelper - Get request to :https://api.travis-ci.org/build/344682311 done after 133 ms
16:56:05.107 [main] INFO  f.i.s.repairnator.pipeline.Launcher - The patched build (344682311) was successfully retrieved from Travis.
16:56:06.472 [main] INFO  fr.inria.jtravis.JTravis - GitHub ratelimit: Limit: 5000 Remaining: 4973 Reset hour: 19:26:51
16:56:06.808 [main] INFO  f.i.s.r.p.i.ProjectInspector - ----------------------------------------------------------------------
16:56:06.809 [main] INFO  f.i.s.r.p.i.ProjectInspector - PIPELINE STEPS
16:56:06.809 [main] INFO  f.i.s.r.p.i.ProjectInspector - ----------------------------------------------------------------------
16:56:06.810 [main] INFO  f.i.s.r.p.i.ProjectInspector - CloneRepository
16:56:06.810 [main] INFO  f.i.s.r.p.i.ProjectInspector - CheckoutBuggyBuildCandidate
16:56:06.810 [main] INFO  f.i.s.r.p.i.ProjectInspector - ComputeSourceDir
16:56:06.811 [main] INFO  f.i.s.r.p.i.ProjectInspector - ComputeTestDir
16:56:06.811 [main] INFO  f.i.s.r.p.i.ProjectInspector - BuildProjectBuggyBuildCandidate
16:56:06.811 [main] INFO  f.i.s.r.p.i.ProjectInspector - TestProjectBuggyBuildCandidate
16:56:06.812 [main] INFO  f.i.s.r.p.i.ProjectInspector - GatherTestInformationBuggyBuildCandidate
16:56:06.812 [main] INFO  f.i.s.r.p.i.ProjectInspector - InitRepoToPush
16:56:06.813 [main] INFO  f.i.s.r.p.i.ProjectInspector - ComputeClasspath
16:56:06.813 [main] INFO  f.i.s.r.p.i.ProjectInspector - ComputeModules
16:56:06.813 [main] INFO  f.i.s.r.p.i.ProjectInspector - CheckoutPatchedBuildCandidate
16:56:06.813 [main] INFO  f.i.s.r.p.i.ProjectInspector - BuildProjectPatchedBuildCandidate
16:56:06.814 [main] INFO  f.i.s.r.p.i.ProjectInspector - TestProjectPatchedBuildCandidate
16:56:06.814 [main] INFO  f.i.s.r.p.i.ProjectInspector - GatherTestInformationPatchedBuildCandidate
16:56:06.822 [main] INFO  f.i.s.r.p.i.ProjectInspector - CommitPatch
16:56:06.822 [main] INFO  f.i.s.r.p.i.ProjectInspector - WritePropertyFile
16:56:06.822 [main] INFO  f.i.s.r.p.i.ProjectInspector - CommitProcessEnd
16:56:06.823 [main] INFO  f.i.s.r.p.i.ProjectInspector - PushProcessEnd
16:56:06.823 [main] DEBUG f.i.s.r.process.step.CloneRepository - ----------------------------------------------------------------------
16:56:06.824 [main] DEBUG f.i.s.r.process.step.CloneRepository - STEP 1/18: CloneRepository
16:56:06.824 [main] DEBUG f.i.s.r.process.step.CloneRepository - ----------------------------------------------------------------------
16:56:06.824 [main] DEBUG f.i.s.r.process.step.CloneRepository - Cloning repository thelastpickle/cassandra-reaper in the following directory: ./workspace/thelastpickle/cassandra-reaper/344670602
16:56:15.280 [main] DEBUG f.i.s.r.process.step.CloneRepository - STEP STATUS: [ CloneRepository : SUCCESS ]
16:56:15.281 [main] DEBUG f.i.s.r.process.step.CloneRepository - STEP DURATION: 8s
16:56:15.282 [main] DEBUG f.i.s.r.process.step.CloneRepository - EXECUTE NEXT STEP
16:56:15.283 [main] DEBUG f.i.s.r.p.s.c.CheckoutBuggyBuild - ----------------------------------------------------------------------
16:56:15.283 [main] DEBUG f.i.s.r.p.s.c.CheckoutBuggyBuild - STEP 2/18: CheckoutBuggyBuildCandidate
16:56:15.284 [main] DEBUG f.i.s.r.p.s.c.CheckoutBuggyBuild - ----------------------------------------------------------------------
16:56:15.285 [main] DEBUG f.i.s.r.p.s.c.CheckoutBuggyBuild - Checking out buggy build candidate...
16:56:15.299 [main] ERROR f.i.s.r.p.s.c.CheckoutBuggyBuild - Error while testing commit: org.eclipse.jgit.errors.MissingObjectException: Missing unknown 09a6380ab87144eed50aca5333f758f18f4e9b27
16:56:15.300 [main] ERROR f.i.s.r.p.s.c.CheckoutBuggyBuild - Error while getting the commit to checkout from the repo.
16:56:15.301 [main] DEBUG f.i.s.r.p.s.c.CheckoutBuggyBuild - STEP STATUS: [ CheckoutBuggyBuildCandidate : FAILURE ( BUILDNOTCHECKEDOUT ) ]
16:56:15.302 [main] DEBUG f.i.s.r.p.s.c.CheckoutBuggyBuild - STEP DURATION: 0s
16:56:15.303 [main] DEBUG f.i.s.r.p.s.c.CheckoutBuggyBuild - TERMINATE PIPELINE
16:56:15.303 [main] DEBUG f.i.s.r.p.s.c.CheckoutBuggyBuild - FINAL STEPS SKIPPED: The reproduction of the bug and/or the patch failed.
16:56:15.304 [main] INFO  f.i.s.r.p.s.c.CheckoutBuggyBuild - Serialize all data for the pair of builds 344670602, 344682311
16:56:15.647 [main] INFO  fr.inria.jtravis.JTravis - GitHub ratelimit: Limit: 5000 Remaining: 4972 Reset hour: 19:26:51
16:56:16.502 [main] INFO  f.i.s.r.p.i.ProjectInspector - ----------------------------------------------------------------------
16:56:16.503 [main] INFO  f.i.s.r.p.i.ProjectInspector - PIPELINE EXECUTION SUMMARY
16:56:16.503 [main] INFO  f.i.s.r.p.i.ProjectInspector - ----------------------------------------------------------------------
16:56:16.503 [main] INFO  f.i.s.r.p.i.ProjectInspector - CloneRepository........................................SUCCESS [ 8 s ]
16:56:16.504 [main] INFO  f.i.s.r.p.i.ProjectInspector - CheckoutBuggyBuildCandidate............................FAILURE [ 0 s ]
16:56:16.504 [main] INFO  f.i.s.r.p.i.ProjectInspector - ComputeSourceDir.......................................NOT RUN        
16:56:16.504 [main] INFO  f.i.s.r.p.i.ProjectInspector - ComputeTestDir.........................................NOT RUN        
16:56:16.505 [main] INFO  f.i.s.r.p.i.ProjectInspector - BuildProjectBuggyBuildCandidate........................NOT RUN        
16:56:16.505 [main] INFO  f.i.s.r.p.i.ProjectInspector - TestProjectBuggyBuildCandidate.........................NOT RUN        
16:56:16.505 [main] INFO  f.i.s.r.p.i.ProjectInspector - GatherTestInformationBuggyBuildCandidate...............NOT RUN        
16:56:16.506 [main] INFO  f.i.s.r.p.i.ProjectInspector - InitRepoToPush.........................................NOT RUN        
16:56:16.506 [main] INFO  f.i.s.r.p.i.ProjectInspector - ComputeClasspath.......................................NOT RUN        
16:56:16.506 [main] INFO  f.i.s.r.p.i.ProjectInspector - ComputeModules.........................................NOT RUN        
16:56:16.507 [main] INFO  f.i.s.r.p.i.ProjectInspector - CheckoutPatchedBuildCandidate..........................NOT RUN        
16:56:16.507 [main] INFO  f.i.s.r.p.i.ProjectInspector - BuildProjectPatchedBuildCandidate......................NOT RUN        
16:56:16.507 [main] INFO  f.i.s.r.p.i.ProjectInspector - TestProjectPatchedBuildCandidate.......................NOT RUN        
16:56:16.508 [main] INFO  f.i.s.r.p.i.ProjectInspector - GatherTestInformationPatchedBuildCandidate.............NOT RUN        
16:56:16.508 [main] INFO  f.i.s.r.p.i.ProjectInspector - CommitPatch............................................NOT RUN        
16:56:16.508 [main] INFO  f.i.s.r.p.i.ProjectInspector - WritePropertyFile......................................NOT RUN        
16:56:16.509 [main] INFO  f.i.s.r.p.i.ProjectInspector - CommitProcessEnd.......................................NOT RUN        
16:56:16.509 [main] INFO  f.i.s.r.p.i.ProjectInspector - PushProcessEnd.........................................NOT RUN        
16:56:16.509 [main] INFO  f.i.s.r.p.i.ProjectInspector - ----------------------------------------------------------------------
16:56:16.509 [main] INFO  f.i.s.r.p.i.ProjectInspector - PIPELINE FINDING: BUILDNOTCHECKEDOUT
16:56:16.510 [main] INFO  f.i.s.r.p.i.ProjectInspector - ----------------------------------------------------------------------
16:56:16.510 [main] INFO  f.i.s.repairnator.pipeline.Launcher - Inspector is finished. The process will exit now.
