12:34:19.619 [main] INFO  f.i.s.repairnator.pipeline.Launcher - PIPELINE VERSION: 3.0-2018-08-09 19:04
12:34:19.750 [main] INFO  f.i.s.repairnator.pipeline.Launcher - The pipeline will try to reproduce a bug from build 338514950 and its corresponding patch from build 338515578
12:34:19.751 [main] INFO  f.i.s.repairnator.pipeline.Launcher - Initialize file serializer engines.
12:34:19.752 [main] INFO  f.i.s.repairnator.pipeline.Launcher - MongoDB won't be used for serialization.
12:34:19.752 [main] INFO  f.i.s.repairnator.pipeline.Launcher - The email notifier engine won't be used.
12:34:19.755 [main] INFO  f.i.s.repairnator.pipeline.Launcher - Start by getting the build (buildId: 338514950) with the following config: RepairnatorConfig{runId='d75f4a89-740d-4a70-a89e-2e09374fb945_02-18-week1-FAILING_AND_PASSING', launcherMode=BEARS, serializeJson=true, inputPath='null', outputPath='/var/log', mongodbHost='null', mongodbName='repairnator', smtpServer='null', notifyTo=[], notifyEndProcess=false, push=true, pushRemoteRepo='https://github.com/fermadeiral/bears-collection-fp', fork=false, lookFromDate=null, lookToDate=null, buildId=338514950, z3solverPath='./z3_for_linux', workspacePath='./workspace', githubToken='c8a341a903[...]', dockerImageName='null', skipDelete=false, createOutputDir=false, logDirectory='null', nbThreads=0, globalTimeout=0, whiteList=null, blackList=null, jobSleepTime=0, buildSleepTime=0, maxInspectedBuilds=0, duration=null, humanPatch=false, repository='null', clean=true, bearsMode=BOTH, bearsDelimiter = false, repairTools=NopolAllTests,NPEFix,AssertFixer,AstorJGenProg,AstorJKali,NopolSingleTest,AstorJMut,NopolTestExclusionStrategy, githubUserName= fermadeiral, githubUserEmail=fer.madeiral@gmail.com}
12:34:20.977 [main] DEBUG fr.inria.jtravis.helpers.BuildHelper - Get request to :https://api.travis-ci.org/build/338514950 done after 814 ms
12:34:21.257 [main] DEBUG fr.inria.jtravis.helpers.BuildHelper - Get request to :https://api.travis-ci.org/build/338515578 done after 136 ms
12:34:21.293 [main] INFO  f.i.s.repairnator.pipeline.Launcher - The patched build (338515578) was successfully retrieved from Travis.
12:34:22.552 [main] INFO  fr.inria.jtravis.JTravis - GitHub ratelimit: Limit: 5000 Remaining: 4832 Reset hour: 19:22:14
12:34:22.814 [main] INFO  f.i.s.r.p.i.ProjectInspector - ----------------------------------------------------------------------
12:34:22.815 [main] INFO  f.i.s.r.p.i.ProjectInspector - PIPELINE STEPS
12:34:22.815 [main] INFO  f.i.s.r.p.i.ProjectInspector - ----------------------------------------------------------------------
12:34:22.815 [main] INFO  f.i.s.r.p.i.ProjectInspector - CloneRepository
12:34:22.815 [main] INFO  f.i.s.r.p.i.ProjectInspector - CheckoutBuggyBuildCandidate
12:34:22.815 [main] INFO  f.i.s.r.p.i.ProjectInspector - ComputeSourceDir
12:34:22.816 [main] INFO  f.i.s.r.p.i.ProjectInspector - ComputeTestDir
12:34:22.816 [main] INFO  f.i.s.r.p.i.ProjectInspector - BuildProjectBuggyBuildCandidate
12:34:22.816 [main] INFO  f.i.s.r.p.i.ProjectInspector - TestProjectBuggyBuildCandidate
12:34:22.818 [main] INFO  f.i.s.r.p.i.ProjectInspector - GatherTestInformationBuggyBuildCandidate
12:34:22.818 [main] INFO  f.i.s.r.p.i.ProjectInspector - InitRepoToPush
12:34:22.819 [main] INFO  f.i.s.r.p.i.ProjectInspector - ComputeClasspath
12:34:22.819 [main] INFO  f.i.s.r.p.i.ProjectInspector - ComputeModules
12:34:22.819 [main] INFO  f.i.s.r.p.i.ProjectInspector - CheckoutPatchedBuildCandidate
12:34:22.819 [main] INFO  f.i.s.r.p.i.ProjectInspector - BuildProjectPatchedBuildCandidate
12:34:22.820 [main] INFO  f.i.s.r.p.i.ProjectInspector - TestProjectPatchedBuildCandidate
12:34:22.820 [main] INFO  f.i.s.r.p.i.ProjectInspector - GatherTestInformationPatchedBuildCandidate
12:34:22.820 [main] INFO  f.i.s.r.p.i.ProjectInspector - CommitPatch
12:34:22.821 [main] INFO  f.i.s.r.p.i.ProjectInspector - WritePropertyFile
12:34:22.821 [main] INFO  f.i.s.r.p.i.ProjectInspector - CommitProcessEnd
12:34:22.821 [main] INFO  f.i.s.r.p.i.ProjectInspector - PushProcessEnd
12:34:22.822 [main] DEBUG f.i.s.r.process.step.CloneRepository - ----------------------------------------------------------------------
12:34:22.822 [main] DEBUG f.i.s.r.process.step.CloneRepository - STEP 1/18: CloneRepository
12:34:22.823 [main] DEBUG f.i.s.r.process.step.CloneRepository - ----------------------------------------------------------------------
12:34:22.824 [main] DEBUG f.i.s.r.process.step.CloneRepository - Cloning repository Spirals-Team/repairnator in the following directory: ./workspace/Spirals-Team/repairnator/338514950
12:34:47.425 [main] DEBUG f.i.s.r.process.step.CloneRepository - STEP STATUS: [ CloneRepository : SUCCESS ]
12:34:47.426 [main] DEBUG f.i.s.r.process.step.CloneRepository - STEP DURATION: 24s
12:34:47.426 [main] DEBUG f.i.s.r.process.step.CloneRepository - EXECUTE NEXT STEP
12:34:47.426 [main] DEBUG f.i.s.r.p.s.c.CheckoutBuggyBuild - ----------------------------------------------------------------------
12:34:47.427 [main] DEBUG f.i.s.r.p.s.c.CheckoutBuggyBuild - STEP 2/18: CheckoutBuggyBuildCandidate
12:34:47.427 [main] DEBUG f.i.s.r.p.s.c.CheckoutBuggyBuild - ----------------------------------------------------------------------
12:34:47.427 [main] DEBUG f.i.s.r.p.s.c.CheckoutBuggyBuild - Checking out buggy build candidate...
12:34:47.436 [main] ERROR f.i.s.r.p.s.c.CheckoutBuggyBuild - Error while testing commit: org.eclipse.jgit.errors.MissingObjectException: Missing unknown 0ab3e8dfae2b92d2636f98aa303df65deabc5696
12:34:47.436 [main] ERROR f.i.s.r.p.s.c.CheckoutBuggyBuild - Error while getting the commit to checkout from the repo.
12:34:47.437 [main] DEBUG f.i.s.r.p.s.c.CheckoutBuggyBuild - STEP STATUS: [ CheckoutBuggyBuildCandidate : FAILURE ( BUILDNOTCHECKEDOUT ) ]
12:34:47.437 [main] DEBUG f.i.s.r.p.s.c.CheckoutBuggyBuild - STEP DURATION: 0s
12:34:47.437 [main] DEBUG f.i.s.r.p.s.c.CheckoutBuggyBuild - TERMINATE PIPELINE
12:34:47.438 [main] DEBUG f.i.s.r.p.s.c.CheckoutBuggyBuild - FINAL STEPS SKIPPED: The reproduction of the bug and/or the patch failed.
12:34:47.438 [main] INFO  f.i.s.r.p.s.c.CheckoutBuggyBuild - Serialize all data for the pair of builds 338514950, 338515578
12:34:47.785 [main] INFO  fr.inria.jtravis.JTravis - GitHub ratelimit: Limit: 5000 Remaining: 4831 Reset hour: 19:22:14
12:34:48.528 [main] INFO  f.i.s.r.p.i.ProjectInspector - ----------------------------------------------------------------------
12:34:48.528 [main] INFO  f.i.s.r.p.i.ProjectInspector - PIPELINE EXECUTION SUMMARY
12:34:48.528 [main] INFO  f.i.s.r.p.i.ProjectInspector - ----------------------------------------------------------------------
12:34:48.529 [main] INFO  f.i.s.r.p.i.ProjectInspector - CloneRepository.......................................SUCCESS [ 24 s ]
12:34:48.529 [main] INFO  f.i.s.r.p.i.ProjectInspector - CheckoutBuggyBuildCandidate...........................FAILURE [  0 s ]
12:34:48.530 [main] INFO  f.i.s.r.p.i.ProjectInspector - ComputeSourceDir......................................NOT RUN         
12:34:48.531 [main] INFO  f.i.s.r.p.i.ProjectInspector - ComputeTestDir........................................NOT RUN         
12:34:48.532 [main] INFO  f.i.s.r.p.i.ProjectInspector - BuildProjectBuggyBuildCandidate.......................NOT RUN         
12:34:48.532 [main] INFO  f.i.s.r.p.i.ProjectInspector - TestProjectBuggyBuildCandidate........................NOT RUN         
12:34:48.533 [main] INFO  f.i.s.r.p.i.ProjectInspector - GatherTestInformationBuggyBuildCandidate..............NOT RUN         
12:34:48.533 [main] INFO  f.i.s.r.p.i.ProjectInspector - InitRepoToPush........................................NOT RUN         
12:34:48.534 [main] INFO  f.i.s.r.p.i.ProjectInspector - ComputeClasspath......................................NOT RUN         
12:34:48.535 [main] INFO  f.i.s.r.p.i.ProjectInspector - ComputeModules........................................NOT RUN         
12:34:48.535 [main] INFO  f.i.s.r.p.i.ProjectInspector - CheckoutPatchedBuildCandidate.........................NOT RUN         
12:34:48.535 [main] INFO  f.i.s.r.p.i.ProjectInspector - BuildProjectPatchedBuildCandidate.....................NOT RUN         
12:34:48.536 [main] INFO  f.i.s.r.p.i.ProjectInspector - TestProjectPatchedBuildCandidate......................NOT RUN         
12:34:48.536 [main] INFO  f.i.s.r.p.i.ProjectInspector - GatherTestInformationPatchedBuildCandidate............NOT RUN         
12:34:48.537 [main] INFO  f.i.s.r.p.i.ProjectInspector - CommitPatch...........................................NOT RUN         
12:34:48.537 [main] INFO  f.i.s.r.p.i.ProjectInspector - WritePropertyFile.....................................NOT RUN         
12:34:48.537 [main] INFO  f.i.s.r.p.i.ProjectInspector - CommitProcessEnd......................................NOT RUN         
12:34:48.538 [main] INFO  f.i.s.r.p.i.ProjectInspector - PushProcessEnd........................................NOT RUN         
12:34:48.538 [main] INFO  f.i.s.r.p.i.ProjectInspector - ----------------------------------------------------------------------
12:34:48.538 [main] INFO  f.i.s.r.p.i.ProjectInspector - PIPELINE FINDING: BUILDNOTCHECKEDOUT
12:34:48.539 [main] INFO  f.i.s.r.p.i.ProjectInspector - ----------------------------------------------------------------------
12:34:48.539 [main] INFO  f.i.s.repairnator.pipeline.Launcher - Inspector is finished. The process will exit now.
