05:25:39.170 [main] INFO  f.i.s.repairnator.pipeline.Launcher - PIPELINE VERSION: 3.0-2018-08-09 19:04
05:25:39.496 [main] INFO  f.i.s.repairnator.pipeline.Launcher - The pipeline will try to reproduce a bug from build 338252836 and its corresponding patch from build 338253413
05:25:39.497 [main] INFO  f.i.s.repairnator.pipeline.Launcher - Initialize file serializer engines.
05:25:39.498 [main] INFO  f.i.s.repairnator.pipeline.Launcher - MongoDB won't be used for serialization.
05:25:39.499 [main] INFO  f.i.s.repairnator.pipeline.Launcher - The email notifier engine won't be used.
05:25:39.505 [main] INFO  f.i.s.repairnator.pipeline.Launcher - Start by getting the build (buildId: 338252836) with the following config: RepairnatorConfig{runId='d75f4a89-740d-4a70-a89e-2e09374fb945_02-18-week1-FAILING_AND_PASSING', launcherMode=BEARS, serializeJson=true, inputPath='null', outputPath='/var/log', mongodbHost='null', mongodbName='repairnator', smtpServer='null', notifyTo=[], notifyEndProcess=false, push=true, pushRemoteRepo='https://github.com/fermadeiral/bears-collection-fp', fork=false, lookFromDate=null, lookToDate=null, buildId=338252836, z3solverPath='./z3_for_linux', workspacePath='./workspace', githubToken='c8a341a903[...]', dockerImageName='null', skipDelete=false, createOutputDir=false, logDirectory='null', nbThreads=0, globalTimeout=0, whiteList=null, blackList=null, jobSleepTime=0, buildSleepTime=0, maxInspectedBuilds=0, duration=null, humanPatch=false, repository='null', clean=true, bearsMode=BOTH, bearsDelimiter = false, repairTools=NopolAllTests,NPEFix,AssertFixer,AstorJGenProg,AstorJKali,NopolSingleTest,AstorJMut,NopolTestExclusionStrategy, githubUserName= fermadeiral, githubUserEmail=fer.madeiral@gmail.com}
05:25:41.919 [main] DEBUG fr.inria.jtravis.helpers.BuildHelper - Get request to :https://api.travis-ci.org/build/338252836 done after 1472 ms
05:25:42.371 [main] DEBUG fr.inria.jtravis.helpers.BuildHelper - Get request to :https://api.travis-ci.org/build/338253413 done after 145 ms
05:25:42.392 [main] INFO  f.i.s.repairnator.pipeline.Launcher - The patched build (338253413) was successfully retrieved from Travis.
05:25:44.967 [main] INFO  fr.inria.jtravis.JTravis - GitHub ratelimit: Limit: 5000 Remaining: 4946 Reset hour: 19:21:49
05:25:45.277 [main] INFO  f.i.s.r.p.i.ProjectInspector - ----------------------------------------------------------------------
05:25:45.278 [main] INFO  f.i.s.r.p.i.ProjectInspector - PIPELINE STEPS
05:25:45.278 [main] INFO  f.i.s.r.p.i.ProjectInspector - ----------------------------------------------------------------------
05:25:45.278 [main] INFO  f.i.s.r.p.i.ProjectInspector - CloneRepository
05:25:45.279 [main] INFO  f.i.s.r.p.i.ProjectInspector - CheckoutBuggyBuildCandidate
05:25:45.279 [main] INFO  f.i.s.r.p.i.ProjectInspector - ComputeSourceDir
05:25:45.279 [main] INFO  f.i.s.r.p.i.ProjectInspector - ComputeTestDir
05:25:45.279 [main] INFO  f.i.s.r.p.i.ProjectInspector - BuildProjectBuggyBuildCandidate
05:25:45.280 [main] INFO  f.i.s.r.p.i.ProjectInspector - TestProjectBuggyBuildCandidate
05:25:45.280 [main] INFO  f.i.s.r.p.i.ProjectInspector - GatherTestInformationBuggyBuildCandidate
05:25:45.280 [main] INFO  f.i.s.r.p.i.ProjectInspector - InitRepoToPush
05:25:45.280 [main] INFO  f.i.s.r.p.i.ProjectInspector - ComputeClasspath
05:25:45.280 [main] INFO  f.i.s.r.p.i.ProjectInspector - ComputeModules
05:25:45.281 [main] INFO  f.i.s.r.p.i.ProjectInspector - CheckoutPatchedBuildCandidate
05:25:45.281 [main] INFO  f.i.s.r.p.i.ProjectInspector - BuildProjectPatchedBuildCandidate
05:25:45.281 [main] INFO  f.i.s.r.p.i.ProjectInspector - TestProjectPatchedBuildCandidate
05:25:45.282 [main] INFO  f.i.s.r.p.i.ProjectInspector - GatherTestInformationPatchedBuildCandidate
05:25:45.282 [main] INFO  f.i.s.r.p.i.ProjectInspector - CommitPatch
05:25:45.283 [main] INFO  f.i.s.r.p.i.ProjectInspector - WritePropertyFile
05:25:45.284 [main] INFO  f.i.s.r.p.i.ProjectInspector - CommitProcessEnd
05:25:45.284 [main] INFO  f.i.s.r.p.i.ProjectInspector - PushProcessEnd
05:25:45.285 [main] DEBUG f.i.s.r.process.step.CloneRepository - ----------------------------------------------------------------------
05:25:45.286 [main] DEBUG f.i.s.r.process.step.CloneRepository - STEP 1/18: CloneRepository
05:25:45.286 [main] DEBUG f.i.s.r.process.step.CloneRepository - ----------------------------------------------------------------------
05:25:45.287 [main] DEBUG f.i.s.r.process.step.CloneRepository - Cloning repository prestodb/presto in the following directory: ./workspace/prestodb/presto/338252836
05:26:30.589 [main] DEBUG f.i.s.r.process.step.CloneRepository - STEP STATUS: [ CloneRepository : SUCCESS ]
05:26:30.589 [main] DEBUG f.i.s.r.process.step.CloneRepository - STEP DURATION: 45s
05:26:30.590 [main] DEBUG f.i.s.r.process.step.CloneRepository - EXECUTE NEXT STEP
05:26:30.590 [main] DEBUG f.i.s.r.p.s.c.CheckoutBuggyBuild - ----------------------------------------------------------------------
05:26:30.590 [main] DEBUG f.i.s.r.p.s.c.CheckoutBuggyBuild - STEP 2/18: CheckoutBuggyBuildCandidate
05:26:30.590 [main] DEBUG f.i.s.r.p.s.c.CheckoutBuggyBuild - ----------------------------------------------------------------------
05:26:30.590 [main] DEBUG f.i.s.r.p.s.c.CheckoutBuggyBuild - Checking out buggy build candidate...
05:26:31.325 [main] INFO  fr.inria.jtravis.JTravis - GitHub ratelimit: Limit: 5000 Remaining: 4941 Reset hour: 19:21:49
05:26:33.700 [main] DEBUG f.i.s.r.p.s.c.CheckoutBuggyBuild - Reproduce the PR for prestodb/presto by fetching remote branch and merging.
05:26:36.356 [main] ERROR f.i.s.r.p.s.c.CheckoutBuggyBuild - Error while testing commit: org.eclipse.jgit.errors.MissingObjectException: Missing unknown 0189aa5f2a769703ff26f4a11628274b72de6fe8
05:26:36.358 [main] ERROR f.i.s.r.p.s.c.CheckoutBuggyBuild - Commit head ref cannot be retrieved from the repository: 0189aa5f2a769703ff26f4a11628274b72de6fe8. Operation aborted.
05:26:36.358 [main] ERROR f.i.s.r.p.s.c.CheckoutBuggyBuild - Error while merging two commits to reproduce the PR.
05:26:36.360 [main] DEBUG f.i.s.r.p.s.c.CheckoutBuggyBuild - STEP STATUS: [ CheckoutBuggyBuildCandidate : FAILURE ( BUILDNOTCHECKEDOUT ) ]
05:26:36.360 [main] DEBUG f.i.s.r.p.s.c.CheckoutBuggyBuild - STEP DURATION: 5s
05:26:36.361 [main] DEBUG f.i.s.r.p.s.c.CheckoutBuggyBuild - TERMINATE PIPELINE
05:26:36.362 [main] DEBUG f.i.s.r.p.s.c.CheckoutBuggyBuild - FINAL STEPS SKIPPED: The reproduction of the bug and/or the patch failed.
05:26:36.364 [main] INFO  f.i.s.r.p.s.c.CheckoutBuggyBuild - Serialize all data for the pair of builds 338252836, 338253413
05:26:36.479 [main] INFO  fr.inria.jtravis.JTravis - GitHub ratelimit: Limit: 5000 Remaining: 4934 Reset hour: 19:21:49
05:26:37.819 [main] INFO  f.i.s.r.p.i.ProjectInspector - ----------------------------------------------------------------------
05:26:37.820 [main] INFO  f.i.s.r.p.i.ProjectInspector - PIPELINE EXECUTION SUMMARY
05:26:37.820 [main] INFO  f.i.s.r.p.i.ProjectInspector - ----------------------------------------------------------------------
05:26:37.820 [main] INFO  f.i.s.r.p.i.ProjectInspector - CloneRepository.......................................SUCCESS [ 45 s ]
05:26:37.821 [main] INFO  f.i.s.r.p.i.ProjectInspector - CheckoutBuggyBuildCandidate...........................FAILURE [  5 s ]
05:26:37.821 [main] INFO  f.i.s.r.p.i.ProjectInspector - ComputeSourceDir......................................NOT RUN         
05:26:37.821 [main] INFO  f.i.s.r.p.i.ProjectInspector - ComputeTestDir........................................NOT RUN         
05:26:37.822 [main] INFO  f.i.s.r.p.i.ProjectInspector - BuildProjectBuggyBuildCandidate.......................NOT RUN         
05:26:37.822 [main] INFO  f.i.s.r.p.i.ProjectInspector - TestProjectBuggyBuildCandidate........................NOT RUN         
05:26:37.822 [main] INFO  f.i.s.r.p.i.ProjectInspector - GatherTestInformationBuggyBuildCandidate..............NOT RUN         
05:26:37.822 [main] INFO  f.i.s.r.p.i.ProjectInspector - InitRepoToPush........................................NOT RUN         
05:26:37.823 [main] INFO  f.i.s.r.p.i.ProjectInspector - ComputeClasspath......................................NOT RUN         
05:26:37.823 [main] INFO  f.i.s.r.p.i.ProjectInspector - ComputeModules........................................NOT RUN         
05:26:37.823 [main] INFO  f.i.s.r.p.i.ProjectInspector - CheckoutPatchedBuildCandidate.........................NOT RUN         
05:26:37.823 [main] INFO  f.i.s.r.p.i.ProjectInspector - BuildProjectPatchedBuildCandidate.....................NOT RUN         
05:26:37.823 [main] INFO  f.i.s.r.p.i.ProjectInspector - TestProjectPatchedBuildCandidate......................NOT RUN         
05:26:37.824 [main] INFO  f.i.s.r.p.i.ProjectInspector - GatherTestInformationPatchedBuildCandidate............NOT RUN         
05:26:37.824 [main] INFO  f.i.s.r.p.i.ProjectInspector - CommitPatch...........................................NOT RUN         
05:26:37.824 [main] INFO  f.i.s.r.p.i.ProjectInspector - WritePropertyFile.....................................NOT RUN         
05:26:37.824 [main] INFO  f.i.s.r.p.i.ProjectInspector - CommitProcessEnd......................................NOT RUN         
05:26:37.824 [main] INFO  f.i.s.r.p.i.ProjectInspector - PushProcessEnd........................................NOT RUN         
05:26:37.825 [main] INFO  f.i.s.r.p.i.ProjectInspector - ----------------------------------------------------------------------
05:26:37.825 [main] INFO  f.i.s.r.p.i.ProjectInspector - PIPELINE FINDING: BUILDNOTCHECKEDOUT
05:26:37.825 [main] INFO  f.i.s.r.p.i.ProjectInspector - ----------------------------------------------------------------------
05:26:37.825 [main] INFO  f.i.s.repairnator.pipeline.Launcher - Inspector is finished. The process will exit now.
