17:53:22.478 [main] INFO  f.i.s.repairnator.pipeline.Launcher - PIPELINE VERSION: 3.0-2018-08-09 19:04
17:53:22.630 [main] INFO  f.i.s.repairnator.pipeline.Launcher - The pipeline will try to reproduce a bug from build 334189186 and its corresponding patch from build 334190186
17:53:22.631 [main] INFO  f.i.s.repairnator.pipeline.Launcher - Initialize file serializer engines.
17:53:22.633 [main] INFO  f.i.s.repairnator.pipeline.Launcher - MongoDB won't be used for serialization.
17:53:22.634 [main] INFO  f.i.s.repairnator.pipeline.Launcher - The email notifier engine won't be used.
17:53:22.638 [main] INFO  f.i.s.repairnator.pipeline.Launcher - Start by getting the build (buildId: 334189186) with the following config: RepairnatorConfig{runId='d3f42f02-1b81-4352-bd2f-1d26a43f6972_01-18-week4-FAILING_AND_PASSING', launcherMode=BEARS, serializeJson=true, inputPath='null', outputPath='/var/log', mongodbHost='null', mongodbName='repairnator', smtpServer='null', notifyTo=[], notifyEndProcess=false, push=true, pushRemoteRepo='https://github.com/fermadeiral/bears-collection-fp', fork=false, lookFromDate=null, lookToDate=null, buildId=334189186, z3solverPath='./z3_for_linux', workspacePath='./workspace', githubToken='c8a341a903[...]', dockerImageName='null', skipDelete=false, createOutputDir=false, logDirectory='null', nbThreads=0, globalTimeout=0, whiteList=null, blackList=null, jobSleepTime=0, buildSleepTime=0, maxInspectedBuilds=0, duration=null, humanPatch=false, repository='null', clean=true, bearsMode=BOTH, bearsDelimiter = false, repairTools=NopolAllTests,NPEFix,AssertFixer,AstorJGenProg,AstorJKali,NopolSingleTest,AstorJMut,NopolTestExclusionStrategy, githubUserName= fermadeiral, githubUserEmail=fer.madeiral@gmail.com}
17:53:24.165 [main] DEBUG fr.inria.jtravis.helpers.BuildHelper - Get request to :https://api.travis-ci.org/build/334189186 done after 904 ms
17:53:24.455 [main] DEBUG fr.inria.jtravis.helpers.BuildHelper - Get request to :https://api.travis-ci.org/build/334190186 done after 143 ms
17:53:24.476 [main] INFO  f.i.s.repairnator.pipeline.Launcher - The patched build (334190186) was successfully retrieved from Travis.
17:53:25.807 [main] INFO  fr.inria.jtravis.JTravis - GitHub ratelimit: Limit: 5000 Remaining: 4822 Reset hour: 19:19:43
17:53:26.125 [main] INFO  f.i.s.r.p.i.ProjectInspector - ----------------------------------------------------------------------
17:53:26.125 [main] INFO  f.i.s.r.p.i.ProjectInspector - PIPELINE STEPS
17:53:26.125 [main] INFO  f.i.s.r.p.i.ProjectInspector - ----------------------------------------------------------------------
17:53:26.126 [main] INFO  f.i.s.r.p.i.ProjectInspector - CloneRepository
17:53:26.126 [main] INFO  f.i.s.r.p.i.ProjectInspector - CheckoutBuggyBuildCandidate
17:53:26.126 [main] INFO  f.i.s.r.p.i.ProjectInspector - ComputeSourceDir
17:53:26.127 [main] INFO  f.i.s.r.p.i.ProjectInspector - ComputeTestDir
17:53:26.127 [main] INFO  f.i.s.r.p.i.ProjectInspector - BuildProjectBuggyBuildCandidate
17:53:26.127 [main] INFO  f.i.s.r.p.i.ProjectInspector - TestProjectBuggyBuildCandidate
17:53:26.128 [main] INFO  f.i.s.r.p.i.ProjectInspector - GatherTestInformationBuggyBuildCandidate
17:53:26.128 [main] INFO  f.i.s.r.p.i.ProjectInspector - InitRepoToPush
17:53:26.128 [main] INFO  f.i.s.r.p.i.ProjectInspector - ComputeClasspath
17:53:26.129 [main] INFO  f.i.s.r.p.i.ProjectInspector - ComputeModules
17:53:26.129 [main] INFO  f.i.s.r.p.i.ProjectInspector - CheckoutPatchedBuildCandidate
17:53:26.129 [main] INFO  f.i.s.r.p.i.ProjectInspector - BuildProjectPatchedBuildCandidate
17:53:26.130 [main] INFO  f.i.s.r.p.i.ProjectInspector - TestProjectPatchedBuildCandidate
17:53:26.130 [main] INFO  f.i.s.r.p.i.ProjectInspector - GatherTestInformationPatchedBuildCandidate
17:53:26.130 [main] INFO  f.i.s.r.p.i.ProjectInspector - CommitPatch
17:53:26.130 [main] INFO  f.i.s.r.p.i.ProjectInspector - WritePropertyFile
17:53:26.131 [main] INFO  f.i.s.r.p.i.ProjectInspector - CommitProcessEnd
17:53:26.131 [main] INFO  f.i.s.r.p.i.ProjectInspector - PushProcessEnd
17:53:26.131 [main] DEBUG f.i.s.r.process.step.CloneRepository - ----------------------------------------------------------------------
17:53:26.132 [main] DEBUG f.i.s.r.process.step.CloneRepository - STEP 1/18: CloneRepository
17:53:26.132 [main] DEBUG f.i.s.r.process.step.CloneRepository - ----------------------------------------------------------------------
17:53:26.132 [main] DEBUG f.i.s.r.process.step.CloneRepository - Cloning repository runelite/runelite in the following directory: ./workspace/runelite/runelite/334189186
17:53:37.008 [main] DEBUG f.i.s.r.process.step.CloneRepository - STEP STATUS: [ CloneRepository : SUCCESS ]
17:53:37.008 [main] DEBUG f.i.s.r.process.step.CloneRepository - STEP DURATION: 10s
17:53:37.009 [main] DEBUG f.i.s.r.process.step.CloneRepository - EXECUTE NEXT STEP
17:53:37.009 [main] DEBUG f.i.s.r.p.s.c.CheckoutBuggyBuild - ----------------------------------------------------------------------
17:53:37.014 [main] DEBUG f.i.s.r.p.s.c.CheckoutBuggyBuild - STEP 2/18: CheckoutBuggyBuildCandidate
17:53:37.015 [main] DEBUG f.i.s.r.p.s.c.CheckoutBuggyBuild - ----------------------------------------------------------------------
17:53:37.015 [main] DEBUG f.i.s.r.p.s.c.CheckoutBuggyBuild - Checking out buggy build candidate...
17:53:37.329 [main] INFO  fr.inria.jtravis.JTravis - GitHub ratelimit: Limit: 5000 Remaining: 4821 Reset hour: 19:19:43
17:53:37.780 [main] WARN  f.i.j.helpers.PullRequestHelper - The head repository is null: maybe it has been deleted from GitHub
17:53:37.780 [main] ERROR f.i.s.r.p.s.c.CheckoutBuggyBuild - Error while getting PR information.
17:53:37.781 [main] DEBUG f.i.s.r.p.s.c.CheckoutBuggyBuild - STEP STATUS: [ CheckoutBuggyBuildCandidate : FAILURE ( BUILDNOTCHECKEDOUT ) ]
17:53:37.781 [main] DEBUG f.i.s.r.p.s.c.CheckoutBuggyBuild - STEP DURATION: 0s
17:53:37.782 [main] DEBUG f.i.s.r.p.s.c.CheckoutBuggyBuild - TERMINATE PIPELINE
17:53:37.782 [main] DEBUG f.i.s.r.p.s.c.CheckoutBuggyBuild - FINAL STEPS SKIPPED: The reproduction of the bug and/or the patch failed.
17:53:37.782 [main] INFO  f.i.s.r.p.s.c.CheckoutBuggyBuild - Serialize all data for the pair of builds 334189186, 334190186
17:53:37.900 [main] INFO  fr.inria.jtravis.JTravis - GitHub ratelimit: Limit: 5000 Remaining: 4819 Reset hour: 19:19:43
17:53:38.777 [main] INFO  f.i.s.r.p.i.ProjectInspector - ----------------------------------------------------------------------
17:53:38.778 [main] INFO  f.i.s.r.p.i.ProjectInspector - PIPELINE EXECUTION SUMMARY
17:53:38.778 [main] INFO  f.i.s.r.p.i.ProjectInspector - ----------------------------------------------------------------------
17:53:38.779 [main] INFO  f.i.s.r.p.i.ProjectInspector - CloneRepository.......................................SUCCESS [ 10 s ]
17:53:38.779 [main] INFO  f.i.s.r.p.i.ProjectInspector - CheckoutBuggyBuildCandidate...........................FAILURE [  0 s ]
17:53:38.780 [main] INFO  f.i.s.r.p.i.ProjectInspector - ComputeSourceDir......................................NOT RUN         
17:53:38.780 [main] INFO  f.i.s.r.p.i.ProjectInspector - ComputeTestDir........................................NOT RUN         
17:53:38.781 [main] INFO  f.i.s.r.p.i.ProjectInspector - BuildProjectBuggyBuildCandidate.......................NOT RUN         
17:53:38.781 [main] INFO  f.i.s.r.p.i.ProjectInspector - TestProjectBuggyBuildCandidate........................NOT RUN         
17:53:38.782 [main] INFO  f.i.s.r.p.i.ProjectInspector - GatherTestInformationBuggyBuildCandidate..............NOT RUN         
17:53:38.786 [main] INFO  f.i.s.r.p.i.ProjectInspector - InitRepoToPush........................................NOT RUN         
17:53:38.787 [main] INFO  f.i.s.r.p.i.ProjectInspector - ComputeClasspath......................................NOT RUN         
17:53:38.788 [main] INFO  f.i.s.r.p.i.ProjectInspector - ComputeModules........................................NOT RUN         
17:53:38.789 [main] INFO  f.i.s.r.p.i.ProjectInspector - CheckoutPatchedBuildCandidate.........................NOT RUN         
17:53:38.790 [main] INFO  f.i.s.r.p.i.ProjectInspector - BuildProjectPatchedBuildCandidate.....................NOT RUN         
17:53:38.790 [main] INFO  f.i.s.r.p.i.ProjectInspector - TestProjectPatchedBuildCandidate......................NOT RUN         
17:53:38.790 [main] INFO  f.i.s.r.p.i.ProjectInspector - GatherTestInformationPatchedBuildCandidate............NOT RUN         
17:53:38.791 [main] INFO  f.i.s.r.p.i.ProjectInspector - CommitPatch...........................................NOT RUN         
17:53:38.791 [main] INFO  f.i.s.r.p.i.ProjectInspector - WritePropertyFile.....................................NOT RUN         
17:53:38.791 [main] INFO  f.i.s.r.p.i.ProjectInspector - CommitProcessEnd......................................NOT RUN         
17:53:38.791 [main] INFO  f.i.s.r.p.i.ProjectInspector - PushProcessEnd........................................NOT RUN         
17:53:38.792 [main] INFO  f.i.s.r.p.i.ProjectInspector - ----------------------------------------------------------------------
17:53:38.792 [main] INFO  f.i.s.r.p.i.ProjectInspector - PIPELINE FINDING: BUILDNOTCHECKEDOUT
17:53:38.792 [main] INFO  f.i.s.r.p.i.ProjectInspector - ----------------------------------------------------------------------
17:53:38.792 [main] INFO  f.i.s.repairnator.pipeline.Launcher - Inspector is finished. The process will exit now.
