17:57:22.641 [main] INFO  f.i.s.repairnator.pipeline.Launcher - PIPELINE VERSION: 3.0-2018-08-09 19:04
17:57:22.825 [main] INFO  f.i.s.repairnator.pipeline.Launcher - The pipeline will try to reproduce a bug from build 331815828 and its corresponding patch from build 331824494
17:57:22.825 [main] INFO  f.i.s.repairnator.pipeline.Launcher - Initialize file serializer engines.
17:57:22.827 [main] INFO  f.i.s.repairnator.pipeline.Launcher - MongoDB won't be used for serialization.
17:57:22.827 [main] INFO  f.i.s.repairnator.pipeline.Launcher - The email notifier engine won't be used.
17:57:22.830 [main] INFO  f.i.s.repairnator.pipeline.Launcher - Start by getting the build (buildId: 331815828) with the following config: RepairnatorConfig{runId='d3f42f02-1b81-4352-bd2f-1d26a43f6972_01-18-week4-FAILING_AND_PASSING', launcherMode=BEARS, serializeJson=true, inputPath='null', outputPath='/var/log', mongodbHost='null', mongodbName='repairnator', smtpServer='null', notifyTo=[], notifyEndProcess=false, push=true, pushRemoteRepo='https://github.com/fermadeiral/bears-collection-fp', fork=false, lookFromDate=null, lookToDate=null, buildId=331815828, z3solverPath='./z3_for_linux', workspacePath='./workspace', githubToken='c8a341a903[...]', dockerImageName='null', skipDelete=false, createOutputDir=false, logDirectory='null', nbThreads=0, globalTimeout=0, whiteList=null, blackList=null, jobSleepTime=0, buildSleepTime=0, maxInspectedBuilds=0, duration=null, humanPatch=false, repository='null', clean=true, bearsMode=BOTH, bearsDelimiter = false, repairTools=NopolAllTests,NPEFix,AssertFixer,AstorJGenProg,AstorJKali,NopolSingleTest,AstorJMut,NopolTestExclusionStrategy, githubUserName= fermadeiral, githubUserEmail=fer.madeiral@gmail.com}
17:57:24.460 [main] DEBUG fr.inria.jtravis.helpers.BuildHelper - Get request to :https://api.travis-ci.org/build/331815828 done after 911 ms
17:57:24.679 [main] DEBUG fr.inria.jtravis.helpers.BuildHelper - Get request to :https://api.travis-ci.org/build/331824494 done after 133 ms
17:57:24.689 [main] INFO  f.i.s.repairnator.pipeline.Launcher - The patched build (331824494) was successfully retrieved from Travis.
17:57:25.804 [main] INFO  fr.inria.jtravis.JTravis - GitHub ratelimit: Limit: 5000 Remaining: 4693 Reset hour: 19:19:43
17:57:26.339 [main] INFO  f.i.s.r.p.i.ProjectInspector - ----------------------------------------------------------------------
17:57:26.340 [main] INFO  f.i.s.r.p.i.ProjectInspector - PIPELINE STEPS
17:57:26.340 [main] INFO  f.i.s.r.p.i.ProjectInspector - ----------------------------------------------------------------------
17:57:26.340 [main] INFO  f.i.s.r.p.i.ProjectInspector - CloneRepository
17:57:26.341 [main] INFO  f.i.s.r.p.i.ProjectInspector - CheckoutBuggyBuildCandidate
17:57:26.341 [main] INFO  f.i.s.r.p.i.ProjectInspector - ComputeSourceDir
17:57:26.341 [main] INFO  f.i.s.r.p.i.ProjectInspector - ComputeTestDir
17:57:26.341 [main] INFO  f.i.s.r.p.i.ProjectInspector - BuildProjectBuggyBuildCandidate
17:57:26.342 [main] INFO  f.i.s.r.p.i.ProjectInspector - TestProjectBuggyBuildCandidate
17:57:26.342 [main] INFO  f.i.s.r.p.i.ProjectInspector - GatherTestInformationBuggyBuildCandidate
17:57:26.342 [main] INFO  f.i.s.r.p.i.ProjectInspector - InitRepoToPush
17:57:26.342 [main] INFO  f.i.s.r.p.i.ProjectInspector - ComputeClasspath
17:57:26.342 [main] INFO  f.i.s.r.p.i.ProjectInspector - ComputeModules
17:57:26.343 [main] INFO  f.i.s.r.p.i.ProjectInspector - CheckoutPatchedBuildCandidate
17:57:26.343 [main] INFO  f.i.s.r.p.i.ProjectInspector - BuildProjectPatchedBuildCandidate
17:57:26.343 [main] INFO  f.i.s.r.p.i.ProjectInspector - TestProjectPatchedBuildCandidate
17:57:26.343 [main] INFO  f.i.s.r.p.i.ProjectInspector - GatherTestInformationPatchedBuildCandidate
17:57:26.343 [main] INFO  f.i.s.r.p.i.ProjectInspector - CommitPatch
17:57:26.344 [main] INFO  f.i.s.r.p.i.ProjectInspector - WritePropertyFile
17:57:26.344 [main] INFO  f.i.s.r.p.i.ProjectInspector - CommitProcessEnd
17:57:26.344 [main] INFO  f.i.s.r.p.i.ProjectInspector - PushProcessEnd
17:57:26.344 [main] DEBUG f.i.s.r.process.step.CloneRepository - ----------------------------------------------------------------------
17:57:26.345 [main] DEBUG f.i.s.r.process.step.CloneRepository - STEP 1/18: CloneRepository
17:57:26.345 [main] DEBUG f.i.s.r.process.step.CloneRepository - ----------------------------------------------------------------------
17:57:26.346 [main] DEBUG f.i.s.r.process.step.CloneRepository - Cloning repository runelite/runelite in the following directory: ./workspace/runelite/runelite/331815828
17:57:36.510 [main] DEBUG f.i.s.r.process.step.CloneRepository - STEP STATUS: [ CloneRepository : SUCCESS ]
17:57:36.511 [main] DEBUG f.i.s.r.process.step.CloneRepository - STEP DURATION: 10s
17:57:36.511 [main] DEBUG f.i.s.r.process.step.CloneRepository - EXECUTE NEXT STEP
17:57:36.511 [main] DEBUG f.i.s.r.p.s.c.CheckoutBuggyBuild - ----------------------------------------------------------------------
17:57:36.512 [main] DEBUG f.i.s.r.p.s.c.CheckoutBuggyBuild - STEP 2/18: CheckoutBuggyBuildCandidate
17:57:36.512 [main] DEBUG f.i.s.r.p.s.c.CheckoutBuggyBuild - ----------------------------------------------------------------------
17:57:36.512 [main] DEBUG f.i.s.r.p.s.c.CheckoutBuggyBuild - Checking out buggy build candidate...
17:57:36.825 [main] INFO  fr.inria.jtravis.JTravis - GitHub ratelimit: Limit: 5000 Remaining: 4687 Reset hour: 19:19:43
17:57:38.726 [main] DEBUG f.i.s.r.p.s.c.CheckoutBuggyBuild - Reproduce the PR for runelite/runelite by fetching remote branch and merging.
17:57:51.137 [main] ERROR f.i.s.r.p.s.c.CheckoutBuggyBuild - Error while testing commit: org.eclipse.jgit.errors.MissingObjectException: Missing unknown b61312beb3dfeac96bf881b8edad7cf481cd1a95
17:57:51.138 [main] ERROR f.i.s.r.p.s.c.CheckoutBuggyBuild - Commit head ref cannot be retrieved from the repository: b61312beb3dfeac96bf881b8edad7cf481cd1a95. Operation aborted.
17:57:51.138 [main] ERROR f.i.s.r.p.s.c.CheckoutBuggyBuild - Error while merging two commits to reproduce the PR.
17:57:51.139 [main] DEBUG f.i.s.r.p.s.c.CheckoutBuggyBuild - STEP STATUS: [ CheckoutBuggyBuildCandidate : FAILURE ( BUILDNOTCHECKEDOUT ) ]
17:57:51.139 [main] DEBUG f.i.s.r.p.s.c.CheckoutBuggyBuild - STEP DURATION: 14s
17:57:51.140 [main] DEBUG f.i.s.r.p.s.c.CheckoutBuggyBuild - TERMINATE PIPELINE
17:57:51.140 [main] DEBUG f.i.s.r.p.s.c.CheckoutBuggyBuild - FINAL STEPS SKIPPED: The reproduction of the bug and/or the patch failed.
17:57:51.140 [main] INFO  f.i.s.r.p.s.c.CheckoutBuggyBuild - Serialize all data for the pair of builds 331815828, 331824494
17:57:51.474 [main] INFO  fr.inria.jtravis.JTravis - GitHub ratelimit: Limit: 5000 Remaining: 4676 Reset hour: 19:19:43
17:57:52.163 [main] INFO  f.i.s.r.p.i.ProjectInspector - ----------------------------------------------------------------------
17:57:52.164 [main] INFO  f.i.s.r.p.i.ProjectInspector - PIPELINE EXECUTION SUMMARY
17:57:52.164 [main] INFO  f.i.s.r.p.i.ProjectInspector - ----------------------------------------------------------------------
17:57:52.164 [main] INFO  f.i.s.r.p.i.ProjectInspector - CloneRepository.......................................SUCCESS [ 10 s ]
17:57:52.164 [main] INFO  f.i.s.r.p.i.ProjectInspector - CheckoutBuggyBuildCandidate...........................FAILURE [ 14 s ]
17:57:52.164 [main] INFO  f.i.s.r.p.i.ProjectInspector - ComputeSourceDir......................................NOT RUN         
17:57:52.165 [main] INFO  f.i.s.r.p.i.ProjectInspector - ComputeTestDir........................................NOT RUN         
17:57:52.165 [main] INFO  f.i.s.r.p.i.ProjectInspector - BuildProjectBuggyBuildCandidate.......................NOT RUN         
17:57:52.165 [main] INFO  f.i.s.r.p.i.ProjectInspector - TestProjectBuggyBuildCandidate........................NOT RUN         
17:57:52.165 [main] INFO  f.i.s.r.p.i.ProjectInspector - GatherTestInformationBuggyBuildCandidate..............NOT RUN         
17:57:52.165 [main] INFO  f.i.s.r.p.i.ProjectInspector - InitRepoToPush........................................NOT RUN         
17:57:52.165 [main] INFO  f.i.s.r.p.i.ProjectInspector - ComputeClasspath......................................NOT RUN         
17:57:52.165 [main] INFO  f.i.s.r.p.i.ProjectInspector - ComputeModules........................................NOT RUN         
17:57:52.166 [main] INFO  f.i.s.r.p.i.ProjectInspector - CheckoutPatchedBuildCandidate.........................NOT RUN         
17:57:52.166 [main] INFO  f.i.s.r.p.i.ProjectInspector - BuildProjectPatchedBuildCandidate.....................NOT RUN         
17:57:52.166 [main] INFO  f.i.s.r.p.i.ProjectInspector - TestProjectPatchedBuildCandidate......................NOT RUN         
17:57:52.166 [main] INFO  f.i.s.r.p.i.ProjectInspector - GatherTestInformationPatchedBuildCandidate............NOT RUN         
17:57:52.166 [main] INFO  f.i.s.r.p.i.ProjectInspector - CommitPatch...........................................NOT RUN         
17:57:52.166 [main] INFO  f.i.s.r.p.i.ProjectInspector - WritePropertyFile.....................................NOT RUN         
17:57:52.166 [main] INFO  f.i.s.r.p.i.ProjectInspector - CommitProcessEnd......................................NOT RUN         
17:57:52.166 [main] INFO  f.i.s.r.p.i.ProjectInspector - PushProcessEnd........................................NOT RUN         
17:57:52.167 [main] INFO  f.i.s.r.p.i.ProjectInspector - ----------------------------------------------------------------------
17:57:52.167 [main] INFO  f.i.s.r.p.i.ProjectInspector - PIPELINE FINDING: BUILDNOTCHECKEDOUT
17:57:52.167 [main] INFO  f.i.s.r.p.i.ProjectInspector - ----------------------------------------------------------------------
17:57:52.167 [main] INFO  f.i.s.repairnator.pipeline.Launcher - Inspector is finished. The process will exit now.
