20:01:28.469 [main] INFO  f.i.s.repairnator.pipeline.Launcher - PIPELINE VERSION: 3.0-2018-08-09 19:04
20:01:28.654 [main] INFO  f.i.s.repairnator.pipeline.Launcher - The pipeline will try to reproduce a bug from build 332952721 and its corresponding patch from build 332955667
20:01:28.654 [main] INFO  f.i.s.repairnator.pipeline.Launcher - Initialize file serializer engines.
20:01:28.656 [main] INFO  f.i.s.repairnator.pipeline.Launcher - MongoDB won't be used for serialization.
20:01:28.657 [main] INFO  f.i.s.repairnator.pipeline.Launcher - The email notifier engine won't be used.
20:01:28.661 [main] INFO  f.i.s.repairnator.pipeline.Launcher - Start by getting the build (buildId: 332952721) with the following config: RepairnatorConfig{runId='d3f42f02-1b81-4352-bd2f-1d26a43f6972_01-18-week4-FAILING_AND_PASSING', launcherMode=BEARS, serializeJson=true, inputPath='null', outputPath='/var/log', mongodbHost='null', mongodbName='repairnator', smtpServer='null', notifyTo=[], notifyEndProcess=false, push=true, pushRemoteRepo='https://github.com/fermadeiral/bears-collection-fp', fork=false, lookFromDate=null, lookToDate=null, buildId=332952721, z3solverPath='./z3_for_linux', workspacePath='./workspace', githubToken='c8a341a903[...]', dockerImageName='null', skipDelete=false, createOutputDir=false, logDirectory='null', nbThreads=0, globalTimeout=0, whiteList=null, blackList=null, jobSleepTime=0, buildSleepTime=0, maxInspectedBuilds=0, duration=null, humanPatch=false, repository='null', clean=true, bearsMode=BOTH, bearsDelimiter = false, repairTools=NopolAllTests,NPEFix,AssertFixer,AstorJGenProg,AstorJKali,NopolSingleTest,AstorJMut,NopolTestExclusionStrategy, githubUserName= fermadeiral, githubUserEmail=fer.madeiral@gmail.com}
20:01:30.195 [main] DEBUG fr.inria.jtravis.helpers.BuildHelper - Get request to :https://api.travis-ci.org/build/332952721 done after 890 ms
20:01:30.466 [main] DEBUG fr.inria.jtravis.helpers.BuildHelper - Get request to :https://api.travis-ci.org/build/332955667 done after 134 ms
20:01:30.493 [main] INFO  f.i.s.repairnator.pipeline.Launcher - The patched build (332955667) was successfully retrieved from Travis.
20:01:32.688 [main] INFO  fr.inria.jtravis.JTravis - GitHub ratelimit: Limit: 5000 Remaining: 4746 Reset hour: 19:19:50
20:01:33.444 [main] INFO  f.i.s.r.p.i.ProjectInspector - ----------------------------------------------------------------------
20:01:33.445 [main] INFO  f.i.s.r.p.i.ProjectInspector - PIPELINE STEPS
20:01:33.445 [main] INFO  f.i.s.r.p.i.ProjectInspector - ----------------------------------------------------------------------
20:01:33.445 [main] INFO  f.i.s.r.p.i.ProjectInspector - CloneRepository
20:01:33.446 [main] INFO  f.i.s.r.p.i.ProjectInspector - CheckoutBuggyBuildCandidate
20:01:33.446 [main] INFO  f.i.s.r.p.i.ProjectInspector - ComputeSourceDir
20:01:33.447 [main] INFO  f.i.s.r.p.i.ProjectInspector - ComputeTestDir
20:01:33.447 [main] INFO  f.i.s.r.p.i.ProjectInspector - BuildProjectBuggyBuildCandidate
20:01:33.448 [main] INFO  f.i.s.r.p.i.ProjectInspector - TestProjectBuggyBuildCandidate
20:01:33.448 [main] INFO  f.i.s.r.p.i.ProjectInspector - GatherTestInformationBuggyBuildCandidate
20:01:33.449 [main] INFO  f.i.s.r.p.i.ProjectInspector - InitRepoToPush
20:01:33.449 [main] INFO  f.i.s.r.p.i.ProjectInspector - ComputeClasspath
20:01:33.450 [main] INFO  f.i.s.r.p.i.ProjectInspector - ComputeModules
20:01:33.450 [main] INFO  f.i.s.r.p.i.ProjectInspector - CheckoutPatchedBuildCandidate
20:01:33.451 [main] INFO  f.i.s.r.p.i.ProjectInspector - BuildProjectPatchedBuildCandidate
20:01:33.451 [main] INFO  f.i.s.r.p.i.ProjectInspector - TestProjectPatchedBuildCandidate
20:01:33.451 [main] INFO  f.i.s.r.p.i.ProjectInspector - GatherTestInformationPatchedBuildCandidate
20:01:33.452 [main] INFO  f.i.s.r.p.i.ProjectInspector - CommitPatch
20:01:33.452 [main] INFO  f.i.s.r.p.i.ProjectInspector - WritePropertyFile
20:01:33.453 [main] INFO  f.i.s.r.p.i.ProjectInspector - CommitProcessEnd
20:01:33.453 [main] INFO  f.i.s.r.p.i.ProjectInspector - PushProcessEnd
20:01:33.454 [main] DEBUG f.i.s.r.process.step.CloneRepository - ----------------------------------------------------------------------
20:01:33.455 [main] DEBUG f.i.s.r.process.step.CloneRepository - STEP 1/18: CloneRepository
20:01:33.455 [main] DEBUG f.i.s.r.process.step.CloneRepository - ----------------------------------------------------------------------
20:01:33.456 [main] DEBUG f.i.s.r.process.step.CloneRepository - Cloning repository StuPro-TOSCAna/TOSCAna in the following directory: ./workspace/StuPro-TOSCAna/TOSCAna/332952721
20:01:50.286 [main] DEBUG f.i.s.r.process.step.CloneRepository - STEP STATUS: [ CloneRepository : SUCCESS ]
20:01:50.286 [main] DEBUG f.i.s.r.process.step.CloneRepository - STEP DURATION: 16s
20:01:50.286 [main] DEBUG f.i.s.r.process.step.CloneRepository - EXECUTE NEXT STEP
20:01:50.287 [main] DEBUG f.i.s.r.p.s.c.CheckoutBuggyBuild - ----------------------------------------------------------------------
20:01:50.287 [main] DEBUG f.i.s.r.p.s.c.CheckoutBuggyBuild - STEP 2/18: CheckoutBuggyBuildCandidate
20:01:50.287 [main] DEBUG f.i.s.r.p.s.c.CheckoutBuggyBuild - ----------------------------------------------------------------------
20:01:50.287 [main] DEBUG f.i.s.r.p.s.c.CheckoutBuggyBuild - Checking out buggy build candidate...
20:01:50.612 [main] INFO  fr.inria.jtravis.JTravis - GitHub ratelimit: Limit: 5000 Remaining: 4742 Reset hour: 19:19:50
20:01:52.533 [main] DEBUG f.i.s.r.p.s.c.CheckoutBuggyBuild - Reproduce the PR for StuPro-TOSCAna/TOSCAna by fetching remote branch and merging.
20:01:52.752 [main] ERROR f.i.s.r.p.s.c.CheckoutBuggyBuild - Error while testing commit: org.eclipse.jgit.errors.MissingObjectException: Missing unknown 85839005cbd1d9a1cb57a57e62cbb02ddc632236
20:01:52.754 [main] ERROR f.i.s.r.p.s.c.CheckoutBuggyBuild - Commit head ref cannot be retrieved from the repository: 85839005cbd1d9a1cb57a57e62cbb02ddc632236. Operation aborted.
20:01:52.755 [main] ERROR f.i.s.r.p.s.c.CheckoutBuggyBuild - Error while merging two commits to reproduce the PR.
20:01:52.757 [main] DEBUG f.i.s.r.p.s.c.CheckoutBuggyBuild - STEP STATUS: [ CheckoutBuggyBuildCandidate : FAILURE ( BUILDNOTCHECKEDOUT ) ]
20:01:52.757 [main] DEBUG f.i.s.r.p.s.c.CheckoutBuggyBuild - STEP DURATION: 2s
20:01:52.758 [main] DEBUG f.i.s.r.p.s.c.CheckoutBuggyBuild - TERMINATE PIPELINE
20:01:52.758 [main] DEBUG f.i.s.r.p.s.c.CheckoutBuggyBuild - FINAL STEPS SKIPPED: The reproduction of the bug and/or the patch failed.
20:01:52.759 [main] INFO  f.i.s.r.p.s.c.CheckoutBuggyBuild - Serialize all data for the pair of builds 332952721, 332955667
20:01:52.886 [main] INFO  fr.inria.jtravis.JTravis - GitHub ratelimit: Limit: 5000 Remaining: 4731 Reset hour: 19:19:50
20:01:53.870 [main] INFO  f.i.s.r.p.i.ProjectInspector - ----------------------------------------------------------------------
20:01:53.877 [main] INFO  f.i.s.r.p.i.ProjectInspector - PIPELINE EXECUTION SUMMARY
20:01:53.877 [main] INFO  f.i.s.r.p.i.ProjectInspector - ----------------------------------------------------------------------
20:01:53.877 [main] INFO  f.i.s.r.p.i.ProjectInspector - CloneRepository.......................................SUCCESS [ 16 s ]
20:01:53.878 [main] INFO  f.i.s.r.p.i.ProjectInspector - CheckoutBuggyBuildCandidate...........................FAILURE [  2 s ]
20:01:53.878 [main] INFO  f.i.s.r.p.i.ProjectInspector - ComputeSourceDir......................................NOT RUN         
20:01:53.878 [main] INFO  f.i.s.r.p.i.ProjectInspector - ComputeTestDir........................................NOT RUN         
20:01:53.878 [main] INFO  f.i.s.r.p.i.ProjectInspector - BuildProjectBuggyBuildCandidate.......................NOT RUN         
20:01:53.879 [main] INFO  f.i.s.r.p.i.ProjectInspector - TestProjectBuggyBuildCandidate........................NOT RUN         
20:01:53.879 [main] INFO  f.i.s.r.p.i.ProjectInspector - GatherTestInformationBuggyBuildCandidate..............NOT RUN         
20:01:53.879 [main] INFO  f.i.s.r.p.i.ProjectInspector - InitRepoToPush........................................NOT RUN         
20:01:53.880 [main] INFO  f.i.s.r.p.i.ProjectInspector - ComputeClasspath......................................NOT RUN         
20:01:53.880 [main] INFO  f.i.s.r.p.i.ProjectInspector - ComputeModules........................................NOT RUN         
20:01:53.880 [main] INFO  f.i.s.r.p.i.ProjectInspector - CheckoutPatchedBuildCandidate.........................NOT RUN         
20:01:53.880 [main] INFO  f.i.s.r.p.i.ProjectInspector - BuildProjectPatchedBuildCandidate.....................NOT RUN         
20:01:53.880 [main] INFO  f.i.s.r.p.i.ProjectInspector - TestProjectPatchedBuildCandidate......................NOT RUN         
20:01:53.880 [main] INFO  f.i.s.r.p.i.ProjectInspector - GatherTestInformationPatchedBuildCandidate............NOT RUN         
20:01:53.881 [main] INFO  f.i.s.r.p.i.ProjectInspector - CommitPatch...........................................NOT RUN         
20:01:53.881 [main] INFO  f.i.s.r.p.i.ProjectInspector - WritePropertyFile.....................................NOT RUN         
20:01:53.881 [main] INFO  f.i.s.r.p.i.ProjectInspector - CommitProcessEnd......................................NOT RUN         
20:01:53.881 [main] INFO  f.i.s.r.p.i.ProjectInspector - PushProcessEnd........................................NOT RUN         
20:01:53.882 [main] INFO  f.i.s.r.p.i.ProjectInspector - ----------------------------------------------------------------------
20:01:53.882 [main] INFO  f.i.s.r.p.i.ProjectInspector - PIPELINE FINDING: BUILDNOTCHECKEDOUT
20:01:53.882 [main] INFO  f.i.s.r.p.i.ProjectInspector - ----------------------------------------------------------------------
20:01:53.882 [main] INFO  f.i.s.repairnator.pipeline.Launcher - Inspector is finished. The process will exit now.
