19:55:30.661 [main] INFO  f.i.s.repairnator.pipeline.Launcher - PIPELINE VERSION: 3.0-2018-08-09 19:04
19:55:30.788 [main] INFO  f.i.s.repairnator.pipeline.Launcher - The pipeline will try to reproduce a bug from build 332225176 and its corresponding patch from build 332241636
19:55:30.789 [main] INFO  f.i.s.repairnator.pipeline.Launcher - Initialize file serializer engines.
19:55:30.791 [main] INFO  f.i.s.repairnator.pipeline.Launcher - MongoDB won't be used for serialization.
19:55:30.791 [main] INFO  f.i.s.repairnator.pipeline.Launcher - The email notifier engine won't be used.
19:55:30.794 [main] INFO  f.i.s.repairnator.pipeline.Launcher - Start by getting the build (buildId: 332225176) with the following config: RepairnatorConfig{runId='d3f42f02-1b81-4352-bd2f-1d26a43f6972_01-18-week4-FAILING_AND_PASSING', launcherMode=BEARS, serializeJson=true, inputPath='null', outputPath='/var/log', mongodbHost='null', mongodbName='repairnator', smtpServer='null', notifyTo=[], notifyEndProcess=false, push=true, pushRemoteRepo='https://github.com/fermadeiral/bears-collection-fp', fork=false, lookFromDate=null, lookToDate=null, buildId=332225176, z3solverPath='./z3_for_linux', workspacePath='./workspace', githubToken='c8a341a903[...]', dockerImageName='null', skipDelete=false, createOutputDir=false, logDirectory='null', nbThreads=0, globalTimeout=0, whiteList=null, blackList=null, jobSleepTime=0, buildSleepTime=0, maxInspectedBuilds=0, duration=null, humanPatch=false, repository='null', clean=true, bearsMode=BOTH, bearsDelimiter = false, repairTools=NopolAllTests,NPEFix,AssertFixer,AstorJGenProg,AstorJKali,NopolSingleTest,AstorJMut,NopolTestExclusionStrategy, githubUserName= fermadeiral, githubUserEmail=fer.madeiral@gmail.com}
19:55:32.124 [main] DEBUG fr.inria.jtravis.helpers.BuildHelper - Get request to :https://api.travis-ci.org/build/332225176 done after 908 ms
19:55:32.382 [main] DEBUG fr.inria.jtravis.helpers.BuildHelper - Get request to :https://api.travis-ci.org/build/332241636 done after 140 ms
19:55:32.398 [main] INFO  f.i.s.repairnator.pipeline.Launcher - The patched build (332241636) was successfully retrieved from Travis.
19:55:33.535 [main] INFO  fr.inria.jtravis.JTravis - GitHub ratelimit: Limit: 5000 Remaining: 4896 Reset hour: 19:19:50
19:55:33.856 [main] INFO  f.i.s.r.p.i.ProjectInspector - ----------------------------------------------------------------------
19:55:33.856 [main] INFO  f.i.s.r.p.i.ProjectInspector - PIPELINE STEPS
19:55:33.857 [main] INFO  f.i.s.r.p.i.ProjectInspector - ----------------------------------------------------------------------
19:55:33.857 [main] INFO  f.i.s.r.p.i.ProjectInspector - CloneRepository
19:55:33.857 [main] INFO  f.i.s.r.p.i.ProjectInspector - CheckoutBuggyBuildCandidate
19:55:33.857 [main] INFO  f.i.s.r.p.i.ProjectInspector - ComputeSourceDir
19:55:33.857 [main] INFO  f.i.s.r.p.i.ProjectInspector - ComputeTestDir
19:55:33.857 [main] INFO  f.i.s.r.p.i.ProjectInspector - BuildProjectBuggyBuildCandidate
19:55:33.858 [main] INFO  f.i.s.r.p.i.ProjectInspector - TestProjectBuggyBuildCandidate
19:55:33.858 [main] INFO  f.i.s.r.p.i.ProjectInspector - GatherTestInformationBuggyBuildCandidate
19:55:33.858 [main] INFO  f.i.s.r.p.i.ProjectInspector - InitRepoToPush
19:55:33.858 [main] INFO  f.i.s.r.p.i.ProjectInspector - ComputeClasspath
19:55:33.858 [main] INFO  f.i.s.r.p.i.ProjectInspector - ComputeModules
19:55:33.858 [main] INFO  f.i.s.r.p.i.ProjectInspector - CheckoutPatchedBuildCandidate
19:55:33.858 [main] INFO  f.i.s.r.p.i.ProjectInspector - BuildProjectPatchedBuildCandidate
19:55:33.859 [main] INFO  f.i.s.r.p.i.ProjectInspector - TestProjectPatchedBuildCandidate
19:55:33.859 [main] INFO  f.i.s.r.p.i.ProjectInspector - GatherTestInformationPatchedBuildCandidate
19:55:33.859 [main] INFO  f.i.s.r.p.i.ProjectInspector - CommitPatch
19:55:33.859 [main] INFO  f.i.s.r.p.i.ProjectInspector - WritePropertyFile
19:55:33.859 [main] INFO  f.i.s.r.p.i.ProjectInspector - CommitProcessEnd
19:55:33.860 [main] INFO  f.i.s.r.p.i.ProjectInspector - PushProcessEnd
19:55:33.860 [main] DEBUG f.i.s.r.process.step.CloneRepository - ----------------------------------------------------------------------
19:55:33.860 [main] DEBUG f.i.s.r.process.step.CloneRepository - STEP 1/18: CloneRepository
19:55:33.861 [main] DEBUG f.i.s.r.process.step.CloneRepository - ----------------------------------------------------------------------
19:55:33.861 [main] DEBUG f.i.s.r.process.step.CloneRepository - Cloning repository algolia/algoliasearch-client-java-2 in the following directory: ./workspace/algolia/algoliasearch-client-java-2/332225176
19:55:37.517 [main] DEBUG f.i.s.r.process.step.CloneRepository - STEP STATUS: [ CloneRepository : SUCCESS ]
19:55:37.518 [main] DEBUG f.i.s.r.process.step.CloneRepository - STEP DURATION: 3s
19:55:37.518 [main] DEBUG f.i.s.r.process.step.CloneRepository - EXECUTE NEXT STEP
19:55:37.519 [main] DEBUG f.i.s.r.p.s.c.CheckoutBuggyBuild - ----------------------------------------------------------------------
19:55:37.519 [main] DEBUG f.i.s.r.p.s.c.CheckoutBuggyBuild - STEP 2/18: CheckoutBuggyBuildCandidate
19:55:37.519 [main] DEBUG f.i.s.r.p.s.c.CheckoutBuggyBuild - ----------------------------------------------------------------------
19:55:37.520 [main] DEBUG f.i.s.r.p.s.c.CheckoutBuggyBuild - Checking out buggy build candidate...
19:55:37.652 [main] INFO  fr.inria.jtravis.JTravis - GitHub ratelimit: Limit: 5000 Remaining: 4895 Reset hour: 19:19:50
19:55:39.460 [main] DEBUG f.i.s.r.p.s.c.CheckoutBuggyBuild - Reproduce the PR for algolia/algoliasearch-client-java-2 by fetching remote branch and merging.
19:55:39.636 [main] ERROR f.i.s.r.p.s.c.CheckoutBuggyBuild - Error while testing commit: org.eclipse.jgit.errors.MissingObjectException: Missing unknown e8ec2598f8484070118c73bf0d93d1e065b3e36e
19:55:39.637 [main] ERROR f.i.s.r.p.s.c.CheckoutBuggyBuild - Commit head ref cannot be retrieved from the repository: e8ec2598f8484070118c73bf0d93d1e065b3e36e. Operation aborted.
19:55:39.638 [main] ERROR f.i.s.r.p.s.c.CheckoutBuggyBuild - Error while merging two commits to reproduce the PR.
19:55:39.639 [main] DEBUG f.i.s.r.p.s.c.CheckoutBuggyBuild - STEP STATUS: [ CheckoutBuggyBuildCandidate : FAILURE ( BUILDNOTCHECKEDOUT ) ]
19:55:39.639 [main] DEBUG f.i.s.r.p.s.c.CheckoutBuggyBuild - STEP DURATION: 2s
19:55:39.639 [main] DEBUG f.i.s.r.p.s.c.CheckoutBuggyBuild - TERMINATE PIPELINE
19:55:39.639 [main] DEBUG f.i.s.r.p.s.c.CheckoutBuggyBuild - FINAL STEPS SKIPPED: The reproduction of the bug and/or the patch failed.
19:55:39.640 [main] INFO  f.i.s.r.p.s.c.CheckoutBuggyBuild - Serialize all data for the pair of builds 332225176, 332241636
19:55:40.651 [main] INFO  fr.inria.jtravis.JTravis - GitHub ratelimit: Limit: 5000 Remaining: 4888 Reset hour: 19:19:50
19:55:41.233 [main] INFO  f.i.s.r.p.i.ProjectInspector - ----------------------------------------------------------------------
19:55:41.234 [main] INFO  f.i.s.r.p.i.ProjectInspector - PIPELINE EXECUTION SUMMARY
19:55:41.234 [main] INFO  f.i.s.r.p.i.ProjectInspector - ----------------------------------------------------------------------
19:55:41.234 [main] INFO  f.i.s.r.p.i.ProjectInspector - CloneRepository........................................SUCCESS [ 3 s ]
19:55:41.235 [main] INFO  f.i.s.r.p.i.ProjectInspector - CheckoutBuggyBuildCandidate............................FAILURE [ 2 s ]
19:55:41.235 [main] INFO  f.i.s.r.p.i.ProjectInspector - ComputeSourceDir.......................................NOT RUN        
19:55:41.235 [main] INFO  f.i.s.r.p.i.ProjectInspector - ComputeTestDir.........................................NOT RUN        
19:55:41.235 [main] INFO  f.i.s.r.p.i.ProjectInspector - BuildProjectBuggyBuildCandidate........................NOT RUN        
19:55:41.235 [main] INFO  f.i.s.r.p.i.ProjectInspector - TestProjectBuggyBuildCandidate.........................NOT RUN        
19:55:41.236 [main] INFO  f.i.s.r.p.i.ProjectInspector - GatherTestInformationBuggyBuildCandidate...............NOT RUN        
19:55:41.236 [main] INFO  f.i.s.r.p.i.ProjectInspector - InitRepoToPush.........................................NOT RUN        
19:55:41.236 [main] INFO  f.i.s.r.p.i.ProjectInspector - ComputeClasspath.......................................NOT RUN        
19:55:41.236 [main] INFO  f.i.s.r.p.i.ProjectInspector - ComputeModules.........................................NOT RUN        
19:55:41.236 [main] INFO  f.i.s.r.p.i.ProjectInspector - CheckoutPatchedBuildCandidate..........................NOT RUN        
19:55:41.236 [main] INFO  f.i.s.r.p.i.ProjectInspector - BuildProjectPatchedBuildCandidate......................NOT RUN        
19:55:41.237 [main] INFO  f.i.s.r.p.i.ProjectInspector - TestProjectPatchedBuildCandidate.......................NOT RUN        
19:55:41.237 [main] INFO  f.i.s.r.p.i.ProjectInspector - GatherTestInformationPatchedBuildCandidate.............NOT RUN        
19:55:41.237 [main] INFO  f.i.s.r.p.i.ProjectInspector - CommitPatch............................................NOT RUN        
19:55:41.237 [main] INFO  f.i.s.r.p.i.ProjectInspector - WritePropertyFile......................................NOT RUN        
19:55:41.238 [main] INFO  f.i.s.r.p.i.ProjectInspector - CommitProcessEnd.......................................NOT RUN        
19:55:41.238 [main] INFO  f.i.s.r.p.i.ProjectInspector - PushProcessEnd.........................................NOT RUN        
19:55:41.238 [main] INFO  f.i.s.r.p.i.ProjectInspector - ----------------------------------------------------------------------
19:55:41.239 [main] INFO  f.i.s.r.p.i.ProjectInspector - PIPELINE FINDING: BUILDNOTCHECKEDOUT
19:55:41.239 [main] INFO  f.i.s.r.p.i.ProjectInspector - ----------------------------------------------------------------------
19:55:41.239 [main] INFO  f.i.s.repairnator.pipeline.Launcher - Inspector is finished. The process will exit now.
