12:11:01.723 [main] INFO  f.i.s.repairnator.pipeline.Launcher - PIPELINE VERSION: 3.0-2018-08-09 19:04
12:11:01.875 [main] INFO  f.i.s.repairnator.pipeline.Launcher - The pipeline will try to reproduce a bug from build 334766106 and its corresponding patch from build 334784197
12:11:01.875 [main] INFO  f.i.s.repairnator.pipeline.Launcher - Initialize file serializer engines.
12:11:01.877 [main] INFO  f.i.s.repairnator.pipeline.Launcher - MongoDB won't be used for serialization.
12:11:01.877 [main] INFO  f.i.s.repairnator.pipeline.Launcher - The email notifier engine won't be used.
12:11:01.891 [main] INFO  f.i.s.repairnator.pipeline.Launcher - Start by getting the build (buildId: 334766106) with the following config: RepairnatorConfig{runId='d3f42f02-1b81-4352-bd2f-1d26a43f6972_01-18-week4-FAILING_AND_PASSING', launcherMode=BEARS, serializeJson=true, inputPath='null', outputPath='/var/log', mongodbHost='null', mongodbName='repairnator', smtpServer='null', notifyTo=[], notifyEndProcess=false, push=true, pushRemoteRepo='https://github.com/fermadeiral/bears-collection-fp', fork=false, lookFromDate=null, lookToDate=null, buildId=334766106, z3solverPath='./z3_for_linux', workspacePath='./workspace', githubToken='c8a341a903[...]', dockerImageName='null', skipDelete=false, createOutputDir=false, logDirectory='null', nbThreads=0, globalTimeout=0, whiteList=null, blackList=null, jobSleepTime=0, buildSleepTime=0, maxInspectedBuilds=0, duration=null, humanPatch=false, repository='null', clean=true, bearsMode=BOTH, bearsDelimiter = false, repairTools=NopolAllTests,NPEFix,AssertFixer,AstorJGenProg,AstorJKali,NopolSingleTest,AstorJMut,NopolTestExclusionStrategy, githubUserName= fermadeiral, githubUserEmail=fer.madeiral@gmail.com}
12:11:03.283 [main] DEBUG fr.inria.jtravis.helpers.BuildHelper - Get request to :https://api.travis-ci.org/build/334766106 done after 856 ms
12:11:03.599 [main] DEBUG fr.inria.jtravis.helpers.BuildHelper - Get request to :https://api.travis-ci.org/build/334784197 done after 220 ms
12:11:03.617 [main] INFO  f.i.s.repairnator.pipeline.Launcher - The patched build (334784197) was successfully retrieved from Travis.
12:11:04.701 [main] INFO  fr.inria.jtravis.JTravis - GitHub ratelimit: Limit: 5000 Remaining: 4792 Reset hour: 19:19:22
12:11:04.952 [main] INFO  f.i.s.r.p.i.ProjectInspector - ----------------------------------------------------------------------
12:11:04.953 [main] INFO  f.i.s.r.p.i.ProjectInspector - PIPELINE STEPS
12:11:04.953 [main] INFO  f.i.s.r.p.i.ProjectInspector - ----------------------------------------------------------------------
12:11:04.954 [main] INFO  f.i.s.r.p.i.ProjectInspector - CloneRepository
12:11:04.954 [main] INFO  f.i.s.r.p.i.ProjectInspector - CheckoutBuggyBuildCandidate
12:11:04.954 [main] INFO  f.i.s.r.p.i.ProjectInspector - ComputeSourceDir
12:11:04.954 [main] INFO  f.i.s.r.p.i.ProjectInspector - ComputeTestDir
12:11:04.955 [main] INFO  f.i.s.r.p.i.ProjectInspector - BuildProjectBuggyBuildCandidate
12:11:04.955 [main] INFO  f.i.s.r.p.i.ProjectInspector - TestProjectBuggyBuildCandidate
12:11:04.955 [main] INFO  f.i.s.r.p.i.ProjectInspector - GatherTestInformationBuggyBuildCandidate
12:11:04.955 [main] INFO  f.i.s.r.p.i.ProjectInspector - InitRepoToPush
12:11:04.956 [main] INFO  f.i.s.r.p.i.ProjectInspector - ComputeClasspath
12:11:04.956 [main] INFO  f.i.s.r.p.i.ProjectInspector - ComputeModules
12:11:04.956 [main] INFO  f.i.s.r.p.i.ProjectInspector - CheckoutPatchedBuildCandidate
12:11:04.956 [main] INFO  f.i.s.r.p.i.ProjectInspector - BuildProjectPatchedBuildCandidate
12:11:04.957 [main] INFO  f.i.s.r.p.i.ProjectInspector - TestProjectPatchedBuildCandidate
12:11:04.957 [main] INFO  f.i.s.r.p.i.ProjectInspector - GatherTestInformationPatchedBuildCandidate
12:11:04.957 [main] INFO  f.i.s.r.p.i.ProjectInspector - CommitPatch
12:11:04.957 [main] INFO  f.i.s.r.p.i.ProjectInspector - WritePropertyFile
12:11:04.958 [main] INFO  f.i.s.r.p.i.ProjectInspector - CommitProcessEnd
12:11:04.958 [main] INFO  f.i.s.r.p.i.ProjectInspector - PushProcessEnd
12:11:04.958 [main] DEBUG f.i.s.r.process.step.CloneRepository - ----------------------------------------------------------------------
12:11:04.959 [main] DEBUG f.i.s.r.process.step.CloneRepository - STEP 1/18: CloneRepository
12:11:04.959 [main] DEBUG f.i.s.r.process.step.CloneRepository - ----------------------------------------------------------------------
12:11:04.959 [main] DEBUG f.i.s.r.process.step.CloneRepository - Cloning repository prestodb/presto in the following directory: ./workspace/prestodb/presto/334766106
12:11:56.886 [main] DEBUG f.i.s.r.process.step.CloneRepository - STEP STATUS: [ CloneRepository : SUCCESS ]
12:11:56.886 [main] DEBUG f.i.s.r.process.step.CloneRepository - STEP DURATION: 51s
12:11:56.887 [main] DEBUG f.i.s.r.process.step.CloneRepository - EXECUTE NEXT STEP
12:11:56.887 [main] DEBUG f.i.s.r.p.s.c.CheckoutBuggyBuild - ----------------------------------------------------------------------
12:11:56.887 [main] DEBUG f.i.s.r.p.s.c.CheckoutBuggyBuild - STEP 2/18: CheckoutBuggyBuildCandidate
12:11:56.888 [main] DEBUG f.i.s.r.p.s.c.CheckoutBuggyBuild - ----------------------------------------------------------------------
12:11:56.888 [main] DEBUG f.i.s.r.p.s.c.CheckoutBuggyBuild - Checking out buggy build candidate...
12:11:57.252 [main] INFO  fr.inria.jtravis.JTravis - GitHub ratelimit: Limit: 5000 Remaining: 4791 Reset hour: 19:19:22
12:12:00.740 [main] DEBUG f.i.s.r.p.s.c.CheckoutBuggyBuild - Reproduce the PR for prestodb/presto by fetching remote branch and merging.
12:12:07.626 [main] ERROR f.i.s.r.p.s.c.CheckoutBuggyBuild - Error while testing commit: org.eclipse.jgit.errors.MissingObjectException: Missing unknown 66385802dfef9a356c292db6041a405c1fbe1694
12:12:07.627 [main] ERROR f.i.s.r.p.s.c.CheckoutBuggyBuild - Commit head ref cannot be retrieved from the repository: 66385802dfef9a356c292db6041a405c1fbe1694. Operation aborted.
12:12:07.627 [main] ERROR f.i.s.r.p.s.c.CheckoutBuggyBuild - Error while merging two commits to reproduce the PR.
12:12:07.628 [main] DEBUG f.i.s.r.p.s.c.CheckoutBuggyBuild - STEP STATUS: [ CheckoutBuggyBuildCandidate : FAILURE ( BUILDNOTCHECKEDOUT ) ]
12:12:07.629 [main] DEBUG f.i.s.r.p.s.c.CheckoutBuggyBuild - STEP DURATION: 10s
12:12:07.629 [main] DEBUG f.i.s.r.p.s.c.CheckoutBuggyBuild - TERMINATE PIPELINE
12:12:07.630 [main] DEBUG f.i.s.r.p.s.c.CheckoutBuggyBuild - FINAL STEPS SKIPPED: The reproduction of the bug and/or the patch failed.
12:12:07.630 [main] INFO  f.i.s.r.p.s.c.CheckoutBuggyBuild - Serialize all data for the pair of builds 334766106, 334784197
12:12:07.948 [main] INFO  fr.inria.jtravis.JTravis - GitHub ratelimit: Limit: 5000 Remaining: 4784 Reset hour: 19:19:22
12:12:09.982 [main] INFO  f.i.s.r.p.i.ProjectInspector - ----------------------------------------------------------------------
12:12:09.982 [main] INFO  f.i.s.r.p.i.ProjectInspector - PIPELINE EXECUTION SUMMARY
12:12:09.983 [main] INFO  f.i.s.r.p.i.ProjectInspector - ----------------------------------------------------------------------
12:12:09.983 [main] INFO  f.i.s.r.p.i.ProjectInspector - CloneRepository.......................................SUCCESS [ 51 s ]
12:12:09.983 [main] INFO  f.i.s.r.p.i.ProjectInspector - CheckoutBuggyBuildCandidate...........................FAILURE [ 10 s ]
12:12:09.983 [main] INFO  f.i.s.r.p.i.ProjectInspector - ComputeSourceDir......................................NOT RUN         
12:12:09.984 [main] INFO  f.i.s.r.p.i.ProjectInspector - ComputeTestDir........................................NOT RUN         
12:12:09.984 [main] INFO  f.i.s.r.p.i.ProjectInspector - BuildProjectBuggyBuildCandidate.......................NOT RUN         
12:12:09.984 [main] INFO  f.i.s.r.p.i.ProjectInspector - TestProjectBuggyBuildCandidate........................NOT RUN         
12:12:09.985 [main] INFO  f.i.s.r.p.i.ProjectInspector - GatherTestInformationBuggyBuildCandidate..............NOT RUN         
12:12:09.985 [main] INFO  f.i.s.r.p.i.ProjectInspector - InitRepoToPush........................................NOT RUN         
12:12:09.985 [main] INFO  f.i.s.r.p.i.ProjectInspector - ComputeClasspath......................................NOT RUN         
12:12:09.986 [main] INFO  f.i.s.r.p.i.ProjectInspector - ComputeModules........................................NOT RUN         
12:12:09.986 [main] INFO  f.i.s.r.p.i.ProjectInspector - CheckoutPatchedBuildCandidate.........................NOT RUN         
12:12:09.986 [main] INFO  f.i.s.r.p.i.ProjectInspector - BuildProjectPatchedBuildCandidate.....................NOT RUN         
12:12:09.986 [main] INFO  f.i.s.r.p.i.ProjectInspector - TestProjectPatchedBuildCandidate......................NOT RUN         
12:12:09.986 [main] INFO  f.i.s.r.p.i.ProjectInspector - GatherTestInformationPatchedBuildCandidate............NOT RUN         
12:12:09.986 [main] INFO  f.i.s.r.p.i.ProjectInspector - CommitPatch...........................................NOT RUN         
12:12:09.987 [main] INFO  f.i.s.r.p.i.ProjectInspector - WritePropertyFile.....................................NOT RUN         
12:12:09.987 [main] INFO  f.i.s.r.p.i.ProjectInspector - CommitProcessEnd......................................NOT RUN         
12:12:09.987 [main] INFO  f.i.s.r.p.i.ProjectInspector - PushProcessEnd........................................NOT RUN         
12:12:09.987 [main] INFO  f.i.s.r.p.i.ProjectInspector - ----------------------------------------------------------------------
12:12:09.987 [main] INFO  f.i.s.r.p.i.ProjectInspector - PIPELINE FINDING: BUILDNOTCHECKEDOUT
12:12:09.988 [main] INFO  f.i.s.r.p.i.ProjectInspector - ----------------------------------------------------------------------
12:12:09.988 [main] INFO  f.i.s.repairnator.pipeline.Launcher - Inspector is finished. The process will exit now.
