18:11:13.977 [main] INFO  f.i.s.repairnator.pipeline.Launcher - PIPELINE VERSION: 3.0-2018-08-09 19:04
18:11:14.084 [main] INFO  f.i.s.repairnator.pipeline.Launcher - The pipeline will try to reproduce a bug from build 332589093 and its corresponding patch from build 332602022
18:11:14.085 [main] INFO  f.i.s.repairnator.pipeline.Launcher - Initialize file serializer engines.
18:11:14.086 [main] INFO  f.i.s.repairnator.pipeline.Launcher - MongoDB won't be used for serialization.
18:11:14.087 [main] INFO  f.i.s.repairnator.pipeline.Launcher - The email notifier engine won't be used.
18:11:14.090 [main] INFO  f.i.s.repairnator.pipeline.Launcher - Start by getting the build (buildId: 332589093) with the following config: RepairnatorConfig{runId='d3f42f02-1b81-4352-bd2f-1d26a43f6972_01-18-week4-FAILING_AND_PASSING', launcherMode=BEARS, serializeJson=true, inputPath='null', outputPath='/var/log', mongodbHost='null', mongodbName='repairnator', smtpServer='null', notifyTo=[], notifyEndProcess=false, push=true, pushRemoteRepo='https://github.com/fermadeiral/bears-collection-fp', fork=false, lookFromDate=null, lookToDate=null, buildId=332589093, z3solverPath='./z3_for_linux', workspacePath='./workspace', githubToken='c8a341a903[...]', dockerImageName='null', skipDelete=false, createOutputDir=false, logDirectory='null', nbThreads=0, globalTimeout=0, whiteList=null, blackList=null, jobSleepTime=0, buildSleepTime=0, maxInspectedBuilds=0, duration=null, humanPatch=false, repository='null', clean=true, bearsMode=BOTH, bearsDelimiter = false, repairTools=NopolAllTests,NPEFix,AssertFixer,AstorJGenProg,AstorJKali,NopolSingleTest,AstorJMut,NopolTestExclusionStrategy, githubUserName= fermadeiral, githubUserEmail=fer.madeiral@gmail.com}
18:11:15.635 [main] DEBUG fr.inria.jtravis.helpers.BuildHelper - Get request to :https://api.travis-ci.org/build/332589093 done after 1047 ms
18:11:15.893 [main] DEBUG fr.inria.jtravis.helpers.BuildHelper - Get request to :https://api.travis-ci.org/build/332602022 done after 149 ms
18:11:15.918 [main] INFO  f.i.s.repairnator.pipeline.Launcher - The patched build (332602022) was successfully retrieved from Travis.
18:11:17.277 [main] INFO  fr.inria.jtravis.JTravis - GitHub ratelimit: Limit: 5000 Remaining: 4551 Reset hour: 19:19:43
18:11:17.653 [main] INFO  f.i.s.r.p.i.ProjectInspector - ----------------------------------------------------------------------
18:11:17.653 [main] INFO  f.i.s.r.p.i.ProjectInspector - PIPELINE STEPS
18:11:17.653 [main] INFO  f.i.s.r.p.i.ProjectInspector - ----------------------------------------------------------------------
18:11:17.654 [main] INFO  f.i.s.r.p.i.ProjectInspector - CloneRepository
18:11:17.654 [main] INFO  f.i.s.r.p.i.ProjectInspector - CheckoutBuggyBuildCandidate
18:11:17.655 [main] INFO  f.i.s.r.p.i.ProjectInspector - ComputeSourceDir
18:11:17.655 [main] INFO  f.i.s.r.p.i.ProjectInspector - ComputeTestDir
18:11:17.655 [main] INFO  f.i.s.r.p.i.ProjectInspector - BuildProjectBuggyBuildCandidate
18:11:17.656 [main] INFO  f.i.s.r.p.i.ProjectInspector - TestProjectBuggyBuildCandidate
18:11:17.656 [main] INFO  f.i.s.r.p.i.ProjectInspector - GatherTestInformationBuggyBuildCandidate
18:11:17.657 [main] INFO  f.i.s.r.p.i.ProjectInspector - InitRepoToPush
18:11:17.657 [main] INFO  f.i.s.r.p.i.ProjectInspector - ComputeClasspath
18:11:17.658 [main] INFO  f.i.s.r.p.i.ProjectInspector - ComputeModules
18:11:17.658 [main] INFO  f.i.s.r.p.i.ProjectInspector - CheckoutPatchedBuildCandidate
18:11:17.658 [main] INFO  f.i.s.r.p.i.ProjectInspector - BuildProjectPatchedBuildCandidate
18:11:17.658 [main] INFO  f.i.s.r.p.i.ProjectInspector - TestProjectPatchedBuildCandidate
18:11:17.659 [main] INFO  f.i.s.r.p.i.ProjectInspector - GatherTestInformationPatchedBuildCandidate
18:11:17.659 [main] INFO  f.i.s.r.p.i.ProjectInspector - CommitPatch
18:11:17.659 [main] INFO  f.i.s.r.p.i.ProjectInspector - WritePropertyFile
18:11:17.659 [main] INFO  f.i.s.r.p.i.ProjectInspector - CommitProcessEnd
18:11:17.660 [main] INFO  f.i.s.r.p.i.ProjectInspector - PushProcessEnd
18:11:17.660 [main] DEBUG f.i.s.r.process.step.CloneRepository - ----------------------------------------------------------------------
18:11:17.661 [main] DEBUG f.i.s.r.process.step.CloneRepository - STEP 1/18: CloneRepository
18:11:17.661 [main] DEBUG f.i.s.r.process.step.CloneRepository - ----------------------------------------------------------------------
18:11:17.661 [main] DEBUG f.i.s.r.process.step.CloneRepository - Cloning repository Azure/azure-libraries-for-java in the following directory: ./workspace/Azure/azure-libraries-for-java/332589093
18:12:19.158 [main] DEBUG f.i.s.r.process.step.CloneRepository - STEP STATUS: [ CloneRepository : SUCCESS ]
18:12:19.159 [main] DEBUG f.i.s.r.process.step.CloneRepository - STEP DURATION: 61s
18:12:19.159 [main] DEBUG f.i.s.r.process.step.CloneRepository - EXECUTE NEXT STEP
18:12:19.160 [main] DEBUG f.i.s.r.p.s.c.CheckoutBuggyBuild - ----------------------------------------------------------------------
18:12:19.160 [main] DEBUG f.i.s.r.p.s.c.CheckoutBuggyBuild - STEP 2/18: CheckoutBuggyBuildCandidate
18:12:19.160 [main] DEBUG f.i.s.r.p.s.c.CheckoutBuggyBuild - ----------------------------------------------------------------------
18:12:19.160 [main] DEBUG f.i.s.r.p.s.c.CheckoutBuggyBuild - Checking out buggy build candidate...
18:12:19.701 [main] INFO  fr.inria.jtravis.JTravis - GitHub ratelimit: Limit: 5000 Remaining: 4544 Reset hour: 19:19:43
18:12:22.788 [main] DEBUG f.i.s.r.p.s.c.CheckoutBuggyBuild - Reproduce the PR for Azure/azure-libraries-for-java by fetching remote branch and merging.
18:12:24.970 [main] ERROR f.i.s.r.p.s.c.CheckoutBuggyBuild - Error while testing commit: org.eclipse.jgit.errors.MissingObjectException: Missing unknown 871c72ab7be42a802cba8e402660e323f003c85f
18:12:24.972 [main] ERROR f.i.s.r.p.s.c.CheckoutBuggyBuild - Commit head ref cannot be retrieved from the repository: 871c72ab7be42a802cba8e402660e323f003c85f. Operation aborted.
18:12:24.972 [main] ERROR f.i.s.r.p.s.c.CheckoutBuggyBuild - Error while merging two commits to reproduce the PR.
18:12:24.973 [main] DEBUG f.i.s.r.p.s.c.CheckoutBuggyBuild - STEP STATUS: [ CheckoutBuggyBuildCandidate : FAILURE ( BUILDNOTCHECKEDOUT ) ]
18:12:24.974 [main] DEBUG f.i.s.r.p.s.c.CheckoutBuggyBuild - STEP DURATION: 5s
18:12:24.974 [main] DEBUG f.i.s.r.p.s.c.CheckoutBuggyBuild - TERMINATE PIPELINE
18:12:24.974 [main] DEBUG f.i.s.r.p.s.c.CheckoutBuggyBuild - FINAL STEPS SKIPPED: The reproduction of the bug and/or the patch failed.
18:12:24.975 [main] INFO  f.i.s.r.p.s.c.CheckoutBuggyBuild - Serialize all data for the pair of builds 332589093, 332602022
18:12:25.093 [main] INFO  fr.inria.jtravis.JTravis - GitHub ratelimit: Limit: 5000 Remaining: 4537 Reset hour: 19:19:43
18:12:26.453 [main] INFO  f.i.s.r.p.i.ProjectInspector - ----------------------------------------------------------------------
18:12:26.454 [main] INFO  f.i.s.r.p.i.ProjectInspector - PIPELINE EXECUTION SUMMARY
18:12:26.454 [main] INFO  f.i.s.r.p.i.ProjectInspector - ----------------------------------------------------------------------
18:12:26.454 [main] INFO  f.i.s.r.p.i.ProjectInspector - CloneRepository.......................................SUCCESS [ 61 s ]
18:12:26.455 [main] INFO  f.i.s.r.p.i.ProjectInspector - CheckoutBuggyBuildCandidate...........................FAILURE [  5 s ]
18:12:26.455 [main] INFO  f.i.s.r.p.i.ProjectInspector - ComputeSourceDir......................................NOT RUN         
18:12:26.455 [main] INFO  f.i.s.r.p.i.ProjectInspector - ComputeTestDir........................................NOT RUN         
18:12:26.455 [main] INFO  f.i.s.r.p.i.ProjectInspector - BuildProjectBuggyBuildCandidate.......................NOT RUN         
18:12:26.455 [main] INFO  f.i.s.r.p.i.ProjectInspector - TestProjectBuggyBuildCandidate........................NOT RUN         
18:12:26.455 [main] INFO  f.i.s.r.p.i.ProjectInspector - GatherTestInformationBuggyBuildCandidate..............NOT RUN         
18:12:26.456 [main] INFO  f.i.s.r.p.i.ProjectInspector - InitRepoToPush........................................NOT RUN         
18:12:26.456 [main] INFO  f.i.s.r.p.i.ProjectInspector - ComputeClasspath......................................NOT RUN         
18:12:26.456 [main] INFO  f.i.s.r.p.i.ProjectInspector - ComputeModules........................................NOT RUN         
18:12:26.456 [main] INFO  f.i.s.r.p.i.ProjectInspector - CheckoutPatchedBuildCandidate.........................NOT RUN         
18:12:26.456 [main] INFO  f.i.s.r.p.i.ProjectInspector - BuildProjectPatchedBuildCandidate.....................NOT RUN         
18:12:26.457 [main] INFO  f.i.s.r.p.i.ProjectInspector - TestProjectPatchedBuildCandidate......................NOT RUN         
18:12:26.457 [main] INFO  f.i.s.r.p.i.ProjectInspector - GatherTestInformationPatchedBuildCandidate............NOT RUN         
18:12:26.458 [main] INFO  f.i.s.r.p.i.ProjectInspector - CommitPatch...........................................NOT RUN         
18:12:26.458 [main] INFO  f.i.s.r.p.i.ProjectInspector - WritePropertyFile.....................................NOT RUN         
18:12:26.458 [main] INFO  f.i.s.r.p.i.ProjectInspector - CommitProcessEnd......................................NOT RUN         
18:12:26.458 [main] INFO  f.i.s.r.p.i.ProjectInspector - PushProcessEnd........................................NOT RUN         
18:12:26.459 [main] INFO  f.i.s.r.p.i.ProjectInspector - ----------------------------------------------------------------------
18:12:26.459 [main] INFO  f.i.s.r.p.i.ProjectInspector - PIPELINE FINDING: BUILDNOTCHECKEDOUT
18:12:26.459 [main] INFO  f.i.s.r.p.i.ProjectInspector - ----------------------------------------------------------------------
18:12:26.459 [main] INFO  f.i.s.repairnator.pipeline.Launcher - Inspector is finished. The process will exit now.
