12:01:13.845 [main] INFO  f.i.s.repairnator.pipeline.Launcher - PIPELINE VERSION: 3.0-2018-08-09 19:04
12:01:13.966 [main] INFO  f.i.s.repairnator.pipeline.Launcher - The pipeline will try to reproduce a bug from build 332320231 and its corresponding patch from build 334644021
12:01:13.966 [main] INFO  f.i.s.repairnator.pipeline.Launcher - Initialize file serializer engines.
12:01:13.968 [main] INFO  f.i.s.repairnator.pipeline.Launcher - MongoDB won't be used for serialization.
12:01:13.968 [main] INFO  f.i.s.repairnator.pipeline.Launcher - The email notifier engine won't be used.
12:01:13.971 [main] INFO  f.i.s.repairnator.pipeline.Launcher - Start by getting the build (buildId: 332320231) with the following config: RepairnatorConfig{runId='d3f42f02-1b81-4352-bd2f-1d26a43f6972_01-18-week4-FAILING_AND_PASSING', launcherMode=BEARS, serializeJson=true, inputPath='null', outputPath='/var/log', mongodbHost='null', mongodbName='repairnator', smtpServer='null', notifyTo=[], notifyEndProcess=false, push=true, pushRemoteRepo='https://github.com/fermadeiral/bears-collection-fp', fork=false, lookFromDate=null, lookToDate=null, buildId=332320231, z3solverPath='./z3_for_linux', workspacePath='./workspace', githubToken='c8a341a903[...]', dockerImageName='null', skipDelete=false, createOutputDir=false, logDirectory='null', nbThreads=0, globalTimeout=0, whiteList=null, blackList=null, jobSleepTime=0, buildSleepTime=0, maxInspectedBuilds=0, duration=null, humanPatch=false, repository='null', clean=true, bearsMode=BOTH, bearsDelimiter = false, repairTools=NopolAllTests,NPEFix,AssertFixer,AstorJGenProg,AstorJKali,NopolSingleTest,AstorJMut,NopolTestExclusionStrategy, githubUserName= fermadeiral, githubUserEmail=fer.madeiral@gmail.com}
12:01:15.366 [main] DEBUG fr.inria.jtravis.helpers.BuildHelper - Get request to :https://api.travis-ci.org/build/332320231 done after 898 ms
12:01:15.605 [main] DEBUG fr.inria.jtravis.helpers.BuildHelper - Get request to :https://api.travis-ci.org/build/334644021 done after 147 ms
12:01:15.628 [main] INFO  f.i.s.repairnator.pipeline.Launcher - The patched build (334644021) was successfully retrieved from Travis.
12:01:16.708 [main] INFO  fr.inria.jtravis.JTravis - GitHub ratelimit: Limit: 5000 Remaining: 4920 Reset hour: 19:19:22
12:01:17.021 [main] INFO  f.i.s.r.p.i.ProjectInspector - ----------------------------------------------------------------------
12:01:17.022 [main] INFO  f.i.s.r.p.i.ProjectInspector - PIPELINE STEPS
12:01:17.022 [main] INFO  f.i.s.r.p.i.ProjectInspector - ----------------------------------------------------------------------
12:01:17.022 [main] INFO  f.i.s.r.p.i.ProjectInspector - CloneRepository
12:01:17.022 [main] INFO  f.i.s.r.p.i.ProjectInspector - CheckoutBuggyBuildCandidate
12:01:17.022 [main] INFO  f.i.s.r.p.i.ProjectInspector - ComputeSourceDir
12:01:17.022 [main] INFO  f.i.s.r.p.i.ProjectInspector - ComputeTestDir
12:01:17.022 [main] INFO  f.i.s.r.p.i.ProjectInspector - BuildProjectBuggyBuildCandidate
12:01:17.023 [main] INFO  f.i.s.r.p.i.ProjectInspector - TestProjectBuggyBuildCandidate
12:01:17.023 [main] INFO  f.i.s.r.p.i.ProjectInspector - GatherTestInformationBuggyBuildCandidate
12:01:17.023 [main] INFO  f.i.s.r.p.i.ProjectInspector - InitRepoToPush
12:01:17.023 [main] INFO  f.i.s.r.p.i.ProjectInspector - ComputeClasspath
12:01:17.023 [main] INFO  f.i.s.r.p.i.ProjectInspector - ComputeModules
12:01:17.023 [main] INFO  f.i.s.r.p.i.ProjectInspector - CheckoutPatchedBuildCandidate
12:01:17.023 [main] INFO  f.i.s.r.p.i.ProjectInspector - BuildProjectPatchedBuildCandidate
12:01:17.023 [main] INFO  f.i.s.r.p.i.ProjectInspector - TestProjectPatchedBuildCandidate
12:01:17.024 [main] INFO  f.i.s.r.p.i.ProjectInspector - GatherTestInformationPatchedBuildCandidate
12:01:17.024 [main] INFO  f.i.s.r.p.i.ProjectInspector - CommitPatch
12:01:17.024 [main] INFO  f.i.s.r.p.i.ProjectInspector - WritePropertyFile
12:01:17.024 [main] INFO  f.i.s.r.p.i.ProjectInspector - CommitProcessEnd
12:01:17.024 [main] INFO  f.i.s.r.p.i.ProjectInspector - PushProcessEnd
12:01:17.024 [main] DEBUG f.i.s.r.process.step.CloneRepository - ----------------------------------------------------------------------
12:01:17.025 [main] DEBUG f.i.s.r.process.step.CloneRepository - STEP 1/18: CloneRepository
12:01:17.025 [main] DEBUG f.i.s.r.process.step.CloneRepository - ----------------------------------------------------------------------
12:01:17.025 [main] DEBUG f.i.s.r.process.step.CloneRepository - Cloning repository apache/flink in the following directory: ./workspace/apache/flink/332320231
12:02:28.020 [main] DEBUG f.i.s.r.process.step.CloneRepository - STEP STATUS: [ CloneRepository : SUCCESS ]
12:02:28.021 [main] DEBUG f.i.s.r.process.step.CloneRepository - STEP DURATION: 70s
12:02:28.021 [main] DEBUG f.i.s.r.process.step.CloneRepository - EXECUTE NEXT STEP
12:02:28.021 [main] DEBUG f.i.s.r.p.s.c.CheckoutBuggyBuild - ----------------------------------------------------------------------
12:02:28.021 [main] DEBUG f.i.s.r.p.s.c.CheckoutBuggyBuild - STEP 2/18: CheckoutBuggyBuildCandidate
12:02:28.021 [main] DEBUG f.i.s.r.p.s.c.CheckoutBuggyBuild - ----------------------------------------------------------------------
12:02:28.021 [main] DEBUG f.i.s.r.p.s.c.CheckoutBuggyBuild - Checking out buggy build candidate...
12:02:28.360 [main] INFO  fr.inria.jtravis.JTravis - GitHub ratelimit: Limit: 5000 Remaining: 4901 Reset hour: 19:19:22
12:02:31.341 [main] DEBUG f.i.s.r.p.s.c.CheckoutBuggyBuild - Reproduce the PR for apache/flink by fetching remote branch and merging.
12:02:34.924 [main] ERROR f.i.s.r.p.s.c.CheckoutBuggyBuild - Error while testing commit: org.eclipse.jgit.errors.MissingObjectException: Missing unknown a2672b713917f7ea09242684c0106aaf407cf867
12:02:34.926 [main] ERROR f.i.s.r.p.s.c.CheckoutBuggyBuild - Commit head ref cannot be retrieved from the repository: a2672b713917f7ea09242684c0106aaf407cf867. Operation aborted.
12:02:34.926 [main] ERROR f.i.s.r.p.s.c.CheckoutBuggyBuild - Error while merging two commits to reproduce the PR.
12:02:34.927 [main] DEBUG f.i.s.r.p.s.c.CheckoutBuggyBuild - STEP STATUS: [ CheckoutBuggyBuildCandidate : FAILURE ( BUILDNOTCHECKEDOUT ) ]
12:02:34.927 [main] DEBUG f.i.s.r.p.s.c.CheckoutBuggyBuild - STEP DURATION: 6s
12:02:34.927 [main] DEBUG f.i.s.r.p.s.c.CheckoutBuggyBuild - TERMINATE PIPELINE
12:02:34.927 [main] DEBUG f.i.s.r.p.s.c.CheckoutBuggyBuild - FINAL STEPS SKIPPED: The reproduction of the bug and/or the patch failed.
12:02:34.927 [main] INFO  f.i.s.r.p.s.c.CheckoutBuggyBuild - Serialize all data for the pair of builds 332320231, 334644021
12:02:35.043 [main] INFO  fr.inria.jtravis.JTravis - GitHub ratelimit: Limit: 5000 Remaining: 4890 Reset hour: 19:19:22
12:02:36.930 [main] INFO  f.i.s.r.p.i.ProjectInspector - ----------------------------------------------------------------------
12:02:36.931 [main] INFO  f.i.s.r.p.i.ProjectInspector - PIPELINE EXECUTION SUMMARY
12:02:36.931 [main] INFO  f.i.s.r.p.i.ProjectInspector - ----------------------------------------------------------------------
12:02:36.931 [main] INFO  f.i.s.r.p.i.ProjectInspector - CloneRepository.......................................SUCCESS [ 70 s ]
12:02:36.931 [main] INFO  f.i.s.r.p.i.ProjectInspector - CheckoutBuggyBuildCandidate...........................FAILURE [  6 s ]
12:02:36.931 [main] INFO  f.i.s.r.p.i.ProjectInspector - ComputeSourceDir......................................NOT RUN         
12:02:36.931 [main] INFO  f.i.s.r.p.i.ProjectInspector - ComputeTestDir........................................NOT RUN         
12:02:36.932 [main] INFO  f.i.s.r.p.i.ProjectInspector - BuildProjectBuggyBuildCandidate.......................NOT RUN         
12:02:36.932 [main] INFO  f.i.s.r.p.i.ProjectInspector - TestProjectBuggyBuildCandidate........................NOT RUN         
12:02:36.932 [main] INFO  f.i.s.r.p.i.ProjectInspector - GatherTestInformationBuggyBuildCandidate..............NOT RUN         
12:02:36.932 [main] INFO  f.i.s.r.p.i.ProjectInspector - InitRepoToPush........................................NOT RUN         
12:02:36.932 [main] INFO  f.i.s.r.p.i.ProjectInspector - ComputeClasspath......................................NOT RUN         
12:02:36.932 [main] INFO  f.i.s.r.p.i.ProjectInspector - ComputeModules........................................NOT RUN         
12:02:36.933 [main] INFO  f.i.s.r.p.i.ProjectInspector - CheckoutPatchedBuildCandidate.........................NOT RUN         
12:02:36.933 [main] INFO  f.i.s.r.p.i.ProjectInspector - BuildProjectPatchedBuildCandidate.....................NOT RUN         
12:02:36.933 [main] INFO  f.i.s.r.p.i.ProjectInspector - TestProjectPatchedBuildCandidate......................NOT RUN         
12:02:36.933 [main] INFO  f.i.s.r.p.i.ProjectInspector - GatherTestInformationPatchedBuildCandidate............NOT RUN         
12:02:36.933 [main] INFO  f.i.s.r.p.i.ProjectInspector - CommitPatch...........................................NOT RUN         
12:02:36.933 [main] INFO  f.i.s.r.p.i.ProjectInspector - WritePropertyFile.....................................NOT RUN         
12:02:36.933 [main] INFO  f.i.s.r.p.i.ProjectInspector - CommitProcessEnd......................................NOT RUN         
12:02:36.934 [main] INFO  f.i.s.r.p.i.ProjectInspector - PushProcessEnd........................................NOT RUN         
12:02:36.934 [main] INFO  f.i.s.r.p.i.ProjectInspector - ----------------------------------------------------------------------
12:02:36.934 [main] INFO  f.i.s.r.p.i.ProjectInspector - PIPELINE FINDING: BUILDNOTCHECKEDOUT
12:02:36.934 [main] INFO  f.i.s.r.p.i.ProjectInspector - ----------------------------------------------------------------------
12:02:36.934 [main] INFO  f.i.s.repairnator.pipeline.Launcher - Inspector is finished. The process will exit now.
