18:03:09.057 [main] INFO  f.i.s.repairnator.pipeline.Launcher - PIPELINE VERSION: 3.0-2018-08-09 19:04
18:03:09.212 [main] INFO  f.i.s.repairnator.pipeline.Launcher - The pipeline will try to reproduce a bug from build 332593733 and its corresponding patch from build 332604251
18:03:09.213 [main] INFO  f.i.s.repairnator.pipeline.Launcher - Initialize file serializer engines.
18:03:09.215 [main] INFO  f.i.s.repairnator.pipeline.Launcher - MongoDB won't be used for serialization.
18:03:09.215 [main] INFO  f.i.s.repairnator.pipeline.Launcher - The email notifier engine won't be used.
18:03:09.219 [main] INFO  f.i.s.repairnator.pipeline.Launcher - Start by getting the build (buildId: 332593733) with the following config: RepairnatorConfig{runId='d3f42f02-1b81-4352-bd2f-1d26a43f6972_01-18-week4-FAILING_AND_PASSING', launcherMode=BEARS, serializeJson=true, inputPath='null', outputPath='/var/log', mongodbHost='null', mongodbName='repairnator', smtpServer='null', notifyTo=[], notifyEndProcess=false, push=true, pushRemoteRepo='https://github.com/fermadeiral/bears-collection-fp', fork=false, lookFromDate=null, lookToDate=null, buildId=332593733, z3solverPath='./z3_for_linux', workspacePath='./workspace', githubToken='c8a341a903[...]', dockerImageName='null', skipDelete=false, createOutputDir=false, logDirectory='null', nbThreads=0, globalTimeout=0, whiteList=null, blackList=null, jobSleepTime=0, buildSleepTime=0, maxInspectedBuilds=0, duration=null, humanPatch=false, repository='null', clean=true, bearsMode=BOTH, bearsDelimiter = false, repairTools=NopolAllTests,NPEFix,AssertFixer,AstorJGenProg,AstorJKali,NopolSingleTest,AstorJMut,NopolTestExclusionStrategy, githubUserName= fermadeiral, githubUserEmail=fer.madeiral@gmail.com}
18:03:10.772 [main] DEBUG fr.inria.jtravis.helpers.BuildHelper - Get request to :https://api.travis-ci.org/build/332593733 done after 800 ms
18:03:11.056 [main] DEBUG fr.inria.jtravis.helpers.BuildHelper - Get request to :https://api.travis-ci.org/build/332604251 done after 148 ms
18:03:11.084 [main] INFO  f.i.s.repairnator.pipeline.Launcher - The patched build (332604251) was successfully retrieved from Travis.
18:03:12.468 [main] INFO  fr.inria.jtravis.JTravis - GitHub ratelimit: Limit: 5000 Remaining: 4610 Reset hour: 19:19:43
18:03:12.750 [main] INFO  f.i.s.r.p.i.ProjectInspector - ----------------------------------------------------------------------
18:03:12.751 [main] INFO  f.i.s.r.p.i.ProjectInspector - PIPELINE STEPS
18:03:12.751 [main] INFO  f.i.s.r.p.i.ProjectInspector - ----------------------------------------------------------------------
18:03:12.751 [main] INFO  f.i.s.r.p.i.ProjectInspector - CloneRepository
18:03:12.752 [main] INFO  f.i.s.r.p.i.ProjectInspector - CheckoutBuggyBuildCandidate
18:03:12.752 [main] INFO  f.i.s.r.p.i.ProjectInspector - ComputeSourceDir
18:03:12.753 [main] INFO  f.i.s.r.p.i.ProjectInspector - ComputeTestDir
18:03:12.753 [main] INFO  f.i.s.r.p.i.ProjectInspector - BuildProjectBuggyBuildCandidate
18:03:12.753 [main] INFO  f.i.s.r.p.i.ProjectInspector - TestProjectBuggyBuildCandidate
18:03:12.754 [main] INFO  f.i.s.r.p.i.ProjectInspector - GatherTestInformationBuggyBuildCandidate
18:03:12.754 [main] INFO  f.i.s.r.p.i.ProjectInspector - InitRepoToPush
18:03:12.754 [main] INFO  f.i.s.r.p.i.ProjectInspector - ComputeClasspath
18:03:12.755 [main] INFO  f.i.s.r.p.i.ProjectInspector - ComputeModules
18:03:12.755 [main] INFO  f.i.s.r.p.i.ProjectInspector - CheckoutPatchedBuildCandidate
18:03:12.756 [main] INFO  f.i.s.r.p.i.ProjectInspector - BuildProjectPatchedBuildCandidate
18:03:12.756 [main] INFO  f.i.s.r.p.i.ProjectInspector - TestProjectPatchedBuildCandidate
18:03:12.756 [main] INFO  f.i.s.r.p.i.ProjectInspector - GatherTestInformationPatchedBuildCandidate
18:03:12.757 [main] INFO  f.i.s.r.p.i.ProjectInspector - CommitPatch
18:03:12.757 [main] INFO  f.i.s.r.p.i.ProjectInspector - WritePropertyFile
18:03:12.758 [main] INFO  f.i.s.r.p.i.ProjectInspector - CommitProcessEnd
18:03:12.758 [main] INFO  f.i.s.r.p.i.ProjectInspector - PushProcessEnd
18:03:12.759 [main] DEBUG f.i.s.r.process.step.CloneRepository - ----------------------------------------------------------------------
18:03:12.759 [main] DEBUG f.i.s.r.process.step.CloneRepository - STEP 1/18: CloneRepository
18:03:12.760 [main] DEBUG f.i.s.r.process.step.CloneRepository - ----------------------------------------------------------------------
18:03:12.760 [main] DEBUG f.i.s.r.process.step.CloneRepository - Cloning repository CorfuDB/CorfuDB in the following directory: ./workspace/CorfuDB/CorfuDB/332593733
18:07:34.053 [main] DEBUG f.i.s.r.process.step.CloneRepository - STEP STATUS: [ CloneRepository : SUCCESS ]
18:07:34.054 [main] DEBUG f.i.s.r.process.step.CloneRepository - STEP DURATION: 261s
18:07:34.055 [main] DEBUG f.i.s.r.process.step.CloneRepository - EXECUTE NEXT STEP
18:07:34.055 [main] DEBUG f.i.s.r.p.s.c.CheckoutBuggyBuild - ----------------------------------------------------------------------
18:07:34.055 [main] DEBUG f.i.s.r.p.s.c.CheckoutBuggyBuild - STEP 2/18: CheckoutBuggyBuildCandidate
18:07:34.055 [main] DEBUG f.i.s.r.p.s.c.CheckoutBuggyBuild - ----------------------------------------------------------------------
18:07:34.056 [main] DEBUG f.i.s.r.p.s.c.CheckoutBuggyBuild - Checking out buggy build candidate...
18:07:34.106 [main] ERROR f.i.s.r.p.s.c.CheckoutBuggyBuild - Error while testing commit: org.eclipse.jgit.errors.MissingObjectException: Missing unknown f93c475d45e5cf9c1b9ba0d59e5f4bfdc214622c
18:07:34.107 [main] ERROR f.i.s.r.p.s.c.CheckoutBuggyBuild - Error while getting the commit to checkout from the repo.
18:07:34.108 [main] DEBUG f.i.s.r.p.s.c.CheckoutBuggyBuild - STEP STATUS: [ CheckoutBuggyBuildCandidate : FAILURE ( BUILDNOTCHECKEDOUT ) ]
18:07:34.109 [main] DEBUG f.i.s.r.p.s.c.CheckoutBuggyBuild - STEP DURATION: 0s
18:07:34.109 [main] DEBUG f.i.s.r.p.s.c.CheckoutBuggyBuild - TERMINATE PIPELINE
18:07:34.109 [main] DEBUG f.i.s.r.p.s.c.CheckoutBuggyBuild - FINAL STEPS SKIPPED: The reproduction of the bug and/or the patch failed.
18:07:34.110 [main] INFO  f.i.s.r.p.s.c.CheckoutBuggyBuild - Serialize all data for the pair of builds 332593733, 332604251
18:07:34.577 [main] INFO  fr.inria.jtravis.JTravis - GitHub ratelimit: Limit: 5000 Remaining: 4600 Reset hour: 19:19:43
18:07:35.269 [main] INFO  f.i.s.r.p.i.ProjectInspector - ----------------------------------------------------------------------
18:07:35.269 [main] INFO  f.i.s.r.p.i.ProjectInspector - PIPELINE EXECUTION SUMMARY
18:07:35.269 [main] INFO  f.i.s.r.p.i.ProjectInspector - ----------------------------------------------------------------------
18:07:35.270 [main] INFO  f.i.s.r.p.i.ProjectInspector - CloneRepository......................................SUCCESS [ 261 s ]
18:07:35.270 [main] INFO  f.i.s.r.p.i.ProjectInspector - CheckoutBuggyBuildCandidate..........................FAILURE [   0 s ]
18:07:35.270 [main] INFO  f.i.s.r.p.i.ProjectInspector - ComputeSourceDir.....................................NOT RUN          
18:07:35.271 [main] INFO  f.i.s.r.p.i.ProjectInspector - ComputeTestDir.......................................NOT RUN          
18:07:35.271 [main] INFO  f.i.s.r.p.i.ProjectInspector - BuildProjectBuggyBuildCandidate......................NOT RUN          
18:07:35.271 [main] INFO  f.i.s.r.p.i.ProjectInspector - TestProjectBuggyBuildCandidate.......................NOT RUN          
18:07:35.272 [main] INFO  f.i.s.r.p.i.ProjectInspector - GatherTestInformationBuggyBuildCandidate.............NOT RUN          
18:07:35.272 [main] INFO  f.i.s.r.p.i.ProjectInspector - InitRepoToPush.......................................NOT RUN          
18:07:35.272 [main] INFO  f.i.s.r.p.i.ProjectInspector - ComputeClasspath.....................................NOT RUN          
18:07:35.272 [main] INFO  f.i.s.r.p.i.ProjectInspector - ComputeModules.......................................NOT RUN          
18:07:35.272 [main] INFO  f.i.s.r.p.i.ProjectInspector - CheckoutPatchedBuildCandidate........................NOT RUN          
18:07:35.273 [main] INFO  f.i.s.r.p.i.ProjectInspector - BuildProjectPatchedBuildCandidate....................NOT RUN          
18:07:35.273 [main] INFO  f.i.s.r.p.i.ProjectInspector - TestProjectPatchedBuildCandidate.....................NOT RUN          
18:07:35.273 [main] INFO  f.i.s.r.p.i.ProjectInspector - GatherTestInformationPatchedBuildCandidate...........NOT RUN          
18:07:35.273 [main] INFO  f.i.s.r.p.i.ProjectInspector - CommitPatch..........................................NOT RUN          
18:07:35.274 [main] INFO  f.i.s.r.p.i.ProjectInspector - WritePropertyFile....................................NOT RUN          
18:07:35.274 [main] INFO  f.i.s.r.p.i.ProjectInspector - CommitProcessEnd.....................................NOT RUN          
18:07:35.274 [main] INFO  f.i.s.r.p.i.ProjectInspector - PushProcessEnd.......................................NOT RUN          
18:07:35.274 [main] INFO  f.i.s.r.p.i.ProjectInspector - ----------------------------------------------------------------------
18:07:35.274 [main] INFO  f.i.s.r.p.i.ProjectInspector - PIPELINE FINDING: BUILDNOTCHECKEDOUT
18:07:35.275 [main] INFO  f.i.s.r.p.i.ProjectInspector - ----------------------------------------------------------------------
18:07:35.275 [main] INFO  f.i.s.repairnator.pipeline.Launcher - Inspector is finished. The process will exit now.
