17:11:13.083 [main] INFO  f.i.s.repairnator.pipeline.Launcher - PIPELINE VERSION: 3.0-2018-08-09 19:04
17:11:13.202 [main] INFO  f.i.s.repairnator.pipeline.Launcher - The pipeline will try to reproduce a bug from build 331932940 and its corresponding patch from build 331934815
17:11:13.202 [main] INFO  f.i.s.repairnator.pipeline.Launcher - Initialize file serializer engines.
17:11:13.204 [main] INFO  f.i.s.repairnator.pipeline.Launcher - MongoDB won't be used for serialization.
17:11:13.204 [main] INFO  f.i.s.repairnator.pipeline.Launcher - The email notifier engine won't be used.
17:11:13.207 [main] INFO  f.i.s.repairnator.pipeline.Launcher - Start by getting the build (buildId: 331932940) with the following config: RepairnatorConfig{runId='d3f42f02-1b81-4352-bd2f-1d26a43f6972_01-18-week4-FAILING_AND_PASSING', launcherMode=BEARS, serializeJson=true, inputPath='null', outputPath='/var/log', mongodbHost='null', mongodbName='repairnator', smtpServer='null', notifyTo=[], notifyEndProcess=false, push=true, pushRemoteRepo='https://github.com/fermadeiral/bears-collection-fp', fork=false, lookFromDate=null, lookToDate=null, buildId=331932940, z3solverPath='./z3_for_linux', workspacePath='./workspace', githubToken='c8a341a903[...]', dockerImageName='null', skipDelete=false, createOutputDir=false, logDirectory='null', nbThreads=0, globalTimeout=0, whiteList=null, blackList=null, jobSleepTime=0, buildSleepTime=0, maxInspectedBuilds=0, duration=null, humanPatch=false, repository='null', clean=true, bearsMode=BOTH, bearsDelimiter = false, repairTools=NopolAllTests,NPEFix,AssertFixer,AstorJGenProg,AstorJKali,NopolSingleTest,AstorJMut,NopolTestExclusionStrategy, githubUserName= fermadeiral, githubUserEmail=fer.madeiral@gmail.com}
17:11:15.749 [main] DEBUG fr.inria.jtravis.helpers.BuildHelper - Get request to :https://api.travis-ci.org/build/331932940 done after 1491 ms
17:11:15.995 [main] DEBUG fr.inria.jtravis.helpers.BuildHelper - Get request to :https://api.travis-ci.org/build/331934815 done after 148 ms
17:11:16.019 [main] INFO  f.i.s.repairnator.pipeline.Launcher - The patched build (331934815) was successfully retrieved from Travis.
17:11:17.599 [main] INFO  fr.inria.jtravis.JTravis - GitHub ratelimit: Limit: 5000 Remaining: 4719 Reset hour: 19:19:38
17:11:17.895 [main] INFO  f.i.s.r.p.i.ProjectInspector - ----------------------------------------------------------------------
17:11:17.895 [main] INFO  f.i.s.r.p.i.ProjectInspector - PIPELINE STEPS
17:11:17.895 [main] INFO  f.i.s.r.p.i.ProjectInspector - ----------------------------------------------------------------------
17:11:17.895 [main] INFO  f.i.s.r.p.i.ProjectInspector - CloneRepository
17:11:17.895 [main] INFO  f.i.s.r.p.i.ProjectInspector - CheckoutBuggyBuildCandidate
17:11:17.895 [main] INFO  f.i.s.r.p.i.ProjectInspector - ComputeSourceDir
17:11:17.896 [main] INFO  f.i.s.r.p.i.ProjectInspector - ComputeTestDir
17:11:17.896 [main] INFO  f.i.s.r.p.i.ProjectInspector - BuildProjectBuggyBuildCandidate
17:11:17.896 [main] INFO  f.i.s.r.p.i.ProjectInspector - TestProjectBuggyBuildCandidate
17:11:17.896 [main] INFO  f.i.s.r.p.i.ProjectInspector - GatherTestInformationBuggyBuildCandidate
17:11:17.896 [main] INFO  f.i.s.r.p.i.ProjectInspector - InitRepoToPush
17:11:17.896 [main] INFO  f.i.s.r.p.i.ProjectInspector - ComputeClasspath
17:11:17.896 [main] INFO  f.i.s.r.p.i.ProjectInspector - ComputeModules
17:11:17.897 [main] INFO  f.i.s.r.p.i.ProjectInspector - CheckoutPatchedBuildCandidate
17:11:17.897 [main] INFO  f.i.s.r.p.i.ProjectInspector - BuildProjectPatchedBuildCandidate
17:11:17.897 [main] INFO  f.i.s.r.p.i.ProjectInspector - TestProjectPatchedBuildCandidate
17:11:17.897 [main] INFO  f.i.s.r.p.i.ProjectInspector - GatherTestInformationPatchedBuildCandidate
17:11:17.897 [main] INFO  f.i.s.r.p.i.ProjectInspector - CommitPatch
17:11:17.897 [main] INFO  f.i.s.r.p.i.ProjectInspector - WritePropertyFile
17:11:17.897 [main] INFO  f.i.s.r.p.i.ProjectInspector - CommitProcessEnd
17:11:17.898 [main] INFO  f.i.s.r.p.i.ProjectInspector - PushProcessEnd
17:11:17.898 [main] DEBUG f.i.s.r.process.step.CloneRepository - ----------------------------------------------------------------------
17:11:17.899 [main] DEBUG f.i.s.r.process.step.CloneRepository - STEP 1/18: CloneRepository
17:11:17.899 [main] DEBUG f.i.s.r.process.step.CloneRepository - ----------------------------------------------------------------------
17:11:17.899 [main] DEBUG f.i.s.r.process.step.CloneRepository - Cloning repository batfish/batfish in the following directory: ./workspace/batfish/batfish/331932940
17:12:07.679 [main] DEBUG f.i.s.r.process.step.CloneRepository - STEP STATUS: [ CloneRepository : SUCCESS ]
17:12:07.679 [main] DEBUG f.i.s.r.process.step.CloneRepository - STEP DURATION: 49s
17:12:07.680 [main] DEBUG f.i.s.r.process.step.CloneRepository - EXECUTE NEXT STEP
17:12:07.680 [main] DEBUG f.i.s.r.p.s.c.CheckoutBuggyBuild - ----------------------------------------------------------------------
17:12:07.680 [main] DEBUG f.i.s.r.p.s.c.CheckoutBuggyBuild - STEP 2/18: CheckoutBuggyBuildCandidate
17:12:07.681 [main] DEBUG f.i.s.r.p.s.c.CheckoutBuggyBuild - ----------------------------------------------------------------------
17:12:07.682 [main] DEBUG f.i.s.r.p.s.c.CheckoutBuggyBuild - Checking out buggy build candidate...
17:12:08.137 [main] INFO  fr.inria.jtravis.JTravis - GitHub ratelimit: Limit: 5000 Remaining: 4712 Reset hour: 19:19:38
17:12:09.901 [main] DEBUG f.i.s.r.p.s.c.CheckoutBuggyBuild - Reproduce the PR for batfish/batfish by fetching remote branch and merging.
17:12:10.832 [main] ERROR f.i.s.r.p.s.c.CheckoutBuggyBuild - Error while testing commit: org.eclipse.jgit.errors.MissingObjectException: Missing unknown 914a8f30e17c13b65252383d0375f5bd29e8f9ae
17:12:10.833 [main] ERROR f.i.s.r.p.s.c.CheckoutBuggyBuild - Commit head ref cannot be retrieved from the repository: 914a8f30e17c13b65252383d0375f5bd29e8f9ae. Operation aborted.
17:12:10.833 [main] ERROR f.i.s.r.p.s.c.CheckoutBuggyBuild - Error while merging two commits to reproduce the PR.
17:12:10.834 [main] DEBUG f.i.s.r.p.s.c.CheckoutBuggyBuild - STEP STATUS: [ CheckoutBuggyBuildCandidate : FAILURE ( BUILDNOTCHECKEDOUT ) ]
17:12:10.834 [main] DEBUG f.i.s.r.p.s.c.CheckoutBuggyBuild - STEP DURATION: 3s
17:12:10.835 [main] DEBUG f.i.s.r.p.s.c.CheckoutBuggyBuild - TERMINATE PIPELINE
17:12:10.835 [main] DEBUG f.i.s.r.p.s.c.CheckoutBuggyBuild - FINAL STEPS SKIPPED: The reproduction of the bug and/or the patch failed.
17:12:10.835 [main] INFO  f.i.s.r.p.s.c.CheckoutBuggyBuild - Serialize all data for the pair of builds 331932940, 331934815
17:12:10.971 [main] INFO  fr.inria.jtravis.JTravis - GitHub ratelimit: Limit: 5000 Remaining: 4705 Reset hour: 19:19:38
17:12:12.735 [main] INFO  f.i.s.r.p.i.ProjectInspector - ----------------------------------------------------------------------
17:12:12.735 [main] INFO  f.i.s.r.p.i.ProjectInspector - PIPELINE EXECUTION SUMMARY
17:12:12.735 [main] INFO  f.i.s.r.p.i.ProjectInspector - ----------------------------------------------------------------------
17:12:12.735 [main] INFO  f.i.s.r.p.i.ProjectInspector - CloneRepository.......................................SUCCESS [ 49 s ]
17:12:12.735 [main] INFO  f.i.s.r.p.i.ProjectInspector - CheckoutBuggyBuildCandidate...........................FAILURE [  3 s ]
17:12:12.736 [main] INFO  f.i.s.r.p.i.ProjectInspector - ComputeSourceDir......................................NOT RUN         
17:12:12.736 [main] INFO  f.i.s.r.p.i.ProjectInspector - ComputeTestDir........................................NOT RUN         
17:12:12.736 [main] INFO  f.i.s.r.p.i.ProjectInspector - BuildProjectBuggyBuildCandidate.......................NOT RUN         
17:12:12.736 [main] INFO  f.i.s.r.p.i.ProjectInspector - TestProjectBuggyBuildCandidate........................NOT RUN         
17:12:12.736 [main] INFO  f.i.s.r.p.i.ProjectInspector - GatherTestInformationBuggyBuildCandidate..............NOT RUN         
17:12:12.736 [main] INFO  f.i.s.r.p.i.ProjectInspector - InitRepoToPush........................................NOT RUN         
17:12:12.736 [main] INFO  f.i.s.r.p.i.ProjectInspector - ComputeClasspath......................................NOT RUN         
17:12:12.737 [main] INFO  f.i.s.r.p.i.ProjectInspector - ComputeModules........................................NOT RUN         
17:12:12.737 [main] INFO  f.i.s.r.p.i.ProjectInspector - CheckoutPatchedBuildCandidate.........................NOT RUN         
17:12:12.737 [main] INFO  f.i.s.r.p.i.ProjectInspector - BuildProjectPatchedBuildCandidate.....................NOT RUN         
17:12:12.737 [main] INFO  f.i.s.r.p.i.ProjectInspector - TestProjectPatchedBuildCandidate......................NOT RUN         
17:12:12.737 [main] INFO  f.i.s.r.p.i.ProjectInspector - GatherTestInformationPatchedBuildCandidate............NOT RUN         
17:12:12.737 [main] INFO  f.i.s.r.p.i.ProjectInspector - CommitPatch...........................................NOT RUN         
17:12:12.737 [main] INFO  f.i.s.r.p.i.ProjectInspector - WritePropertyFile.....................................NOT RUN         
17:12:12.738 [main] INFO  f.i.s.r.p.i.ProjectInspector - CommitProcessEnd......................................NOT RUN         
17:12:12.738 [main] INFO  f.i.s.r.p.i.ProjectInspector - PushProcessEnd........................................NOT RUN         
17:12:12.738 [main] INFO  f.i.s.r.p.i.ProjectInspector - ----------------------------------------------------------------------
17:12:12.738 [main] INFO  f.i.s.r.p.i.ProjectInspector - PIPELINE FINDING: BUILDNOTCHECKEDOUT
17:12:12.738 [main] INFO  f.i.s.r.p.i.ProjectInspector - ----------------------------------------------------------------------
17:12:12.738 [main] INFO  f.i.s.repairnator.pipeline.Launcher - Inspector is finished. The process will exit now.
