04:13:48.388 [main] INFO  f.i.s.repairnator.pipeline.Launcher - PIPELINE VERSION: 3.0-2018-08-09 19:04
04:13:48.503 [main] INFO  f.i.s.repairnator.pipeline.Launcher - The pipeline will try to reproduce a bug from build 358751699 and its corresponding patch from build 360554919
04:13:48.503 [main] INFO  f.i.s.repairnator.pipeline.Launcher - Initialize file serializer engines.
04:13:48.505 [main] INFO  f.i.s.repairnator.pipeline.Launcher - MongoDB won't be used for serialization.
04:13:48.506 [main] INFO  f.i.s.repairnator.pipeline.Launcher - The email notifier engine won't be used.
04:13:48.509 [main] INFO  f.i.s.repairnator.pipeline.Launcher - Start by getting the build (buildId: 358751699) with the following config: RepairnatorConfig{runId='0405ecd4-9481-4478-9e28-81d16ab7329f_03-18-week4-FAILING_AND_PASSING', launcherMode=BEARS, serializeJson=true, inputPath='null', outputPath='/var/log', mongodbHost='null', mongodbName='repairnator', smtpServer='null', notifyTo=[], notifyEndProcess=false, push=true, pushRemoteRepo='https://github.com/fermadeiral/bears-collection-fp', fork=false, lookFromDate=null, lookToDate=null, buildId=358751699, z3solverPath='./z3_for_linux', workspacePath='./workspace', githubToken='c8a341a903[...]', dockerImageName='null', skipDelete=false, createOutputDir=false, logDirectory='null', nbThreads=0, globalTimeout=0, whiteList=null, blackList=null, jobSleepTime=0, buildSleepTime=0, maxInspectedBuilds=0, duration=null, humanPatch=false, repository='null', clean=true, bearsMode=BOTH, bearsDelimiter = false, repairTools=NopolAllTests,NPEFix,AssertFixer,AstorJGenProg,AstorJKali,NopolSingleTest,AstorJMut,NopolTestExclusionStrategy, githubUserName= fermadeiral, githubUserEmail=fer.madeiral@gmail.com}
04:13:49.837 [main] DEBUG fr.inria.jtravis.helpers.BuildHelper - Get request to :https://api.travis-ci.org/build/358751699 done after 815 ms
04:13:50.062 [main] DEBUG fr.inria.jtravis.helpers.BuildHelper - Get request to :https://api.travis-ci.org/build/360554919 done after 123 ms
04:13:50.072 [main] INFO  f.i.s.repairnator.pipeline.Launcher - The patched build (360554919) was successfully retrieved from Travis.
04:13:51.130 [main] INFO  fr.inria.jtravis.JTravis - GitHub ratelimit: Limit: 5000 Remaining: 4956 Reset hour: 19:34:43
04:13:51.469 [main] INFO  f.i.s.r.p.i.ProjectInspector - ----------------------------------------------------------------------
04:13:51.469 [main] INFO  f.i.s.r.p.i.ProjectInspector - PIPELINE STEPS
04:13:51.469 [main] INFO  f.i.s.r.p.i.ProjectInspector - ----------------------------------------------------------------------
04:13:51.469 [main] INFO  f.i.s.r.p.i.ProjectInspector - CloneRepository
04:13:51.469 [main] INFO  f.i.s.r.p.i.ProjectInspector - CheckoutBuggyBuildCandidate
04:13:51.470 [main] INFO  f.i.s.r.p.i.ProjectInspector - ComputeSourceDir
04:13:51.470 [main] INFO  f.i.s.r.p.i.ProjectInspector - ComputeTestDir
04:13:51.470 [main] INFO  f.i.s.r.p.i.ProjectInspector - BuildProjectBuggyBuildCandidate
04:13:51.470 [main] INFO  f.i.s.r.p.i.ProjectInspector - TestProjectBuggyBuildCandidate
04:13:51.470 [main] INFO  f.i.s.r.p.i.ProjectInspector - GatherTestInformationBuggyBuildCandidate
04:13:51.470 [main] INFO  f.i.s.r.p.i.ProjectInspector - InitRepoToPush
04:13:51.471 [main] INFO  f.i.s.r.p.i.ProjectInspector - ComputeClasspath
04:13:51.471 [main] INFO  f.i.s.r.p.i.ProjectInspector - ComputeModules
04:13:51.471 [main] INFO  f.i.s.r.p.i.ProjectInspector - CheckoutPatchedBuildCandidate
04:13:51.471 [main] INFO  f.i.s.r.p.i.ProjectInspector - BuildProjectPatchedBuildCandidate
04:13:51.471 [main] INFO  f.i.s.r.p.i.ProjectInspector - TestProjectPatchedBuildCandidate
04:13:51.471 [main] INFO  f.i.s.r.p.i.ProjectInspector - GatherTestInformationPatchedBuildCandidate
04:13:51.472 [main] INFO  f.i.s.r.p.i.ProjectInspector - CommitPatch
04:13:51.472 [main] INFO  f.i.s.r.p.i.ProjectInspector - WritePropertyFile
04:13:51.472 [main] INFO  f.i.s.r.p.i.ProjectInspector - CommitProcessEnd
04:13:51.472 [main] INFO  f.i.s.r.p.i.ProjectInspector - PushProcessEnd
04:13:51.473 [main] DEBUG f.i.s.r.process.step.CloneRepository - ----------------------------------------------------------------------
04:13:51.473 [main] DEBUG f.i.s.r.process.step.CloneRepository - STEP 1/18: CloneRepository
04:13:51.473 [main] DEBUG f.i.s.r.process.step.CloneRepository - ----------------------------------------------------------------------
04:13:51.474 [main] DEBUG f.i.s.r.process.step.CloneRepository - Cloning repository StuPro-TOSCAna/TOSCAna in the following directory: ./workspace/StuPro-TOSCAna/TOSCAna/358751699
04:14:11.914 [main] DEBUG f.i.s.r.process.step.CloneRepository - STEP STATUS: [ CloneRepository : SUCCESS ]
04:14:11.916 [main] DEBUG f.i.s.r.process.step.CloneRepository - STEP DURATION: 20s
04:14:11.916 [main] DEBUG f.i.s.r.process.step.CloneRepository - EXECUTE NEXT STEP
04:14:11.917 [main] DEBUG f.i.s.r.p.s.c.CheckoutBuggyBuild - ----------------------------------------------------------------------
04:14:11.918 [main] DEBUG f.i.s.r.p.s.c.CheckoutBuggyBuild - STEP 2/18: CheckoutBuggyBuildCandidate
04:14:11.918 [main] DEBUG f.i.s.r.p.s.c.CheckoutBuggyBuild - ----------------------------------------------------------------------
04:14:11.918 [main] DEBUG f.i.s.r.p.s.c.CheckoutBuggyBuild - Checking out buggy build candidate...
04:14:11.932 [main] ERROR f.i.s.r.p.s.c.CheckoutBuggyBuild - Error while testing commit: org.eclipse.jgit.errors.MissingObjectException: Missing unknown 9097cc1ee64c3eadc5fe8ad991ccbb38457a3136
04:14:11.933 [main] ERROR f.i.s.r.p.s.c.CheckoutBuggyBuild - Error while getting the commit to checkout from the repo.
04:14:11.934 [main] DEBUG f.i.s.r.p.s.c.CheckoutBuggyBuild - STEP STATUS: [ CheckoutBuggyBuildCandidate : FAILURE ( BUILDNOTCHECKEDOUT ) ]
04:14:11.935 [main] DEBUG f.i.s.r.p.s.c.CheckoutBuggyBuild - STEP DURATION: 0s
04:14:11.936 [main] DEBUG f.i.s.r.p.s.c.CheckoutBuggyBuild - TERMINATE PIPELINE
04:14:11.936 [main] DEBUG f.i.s.r.p.s.c.CheckoutBuggyBuild - FINAL STEPS SKIPPED: The reproduction of the bug and/or the patch failed.
04:14:11.937 [main] INFO  f.i.s.r.p.s.c.CheckoutBuggyBuild - Serialize all data for the pair of builds 358751699, 360554919
04:14:12.254 [main] INFO  fr.inria.jtravis.JTravis - GitHub ratelimit: Limit: 5000 Remaining: 4955 Reset hour: 19:34:43
04:14:12.902 [main] INFO  f.i.s.r.p.i.ProjectInspector - ----------------------------------------------------------------------
04:14:12.902 [main] INFO  f.i.s.r.p.i.ProjectInspector - PIPELINE EXECUTION SUMMARY
04:14:12.902 [main] INFO  f.i.s.r.p.i.ProjectInspector - ----------------------------------------------------------------------
04:14:12.903 [main] INFO  f.i.s.r.p.i.ProjectInspector - CloneRepository.......................................SUCCESS [ 20 s ]
04:14:12.903 [main] INFO  f.i.s.r.p.i.ProjectInspector - CheckoutBuggyBuildCandidate...........................FAILURE [  0 s ]
04:14:12.903 [main] INFO  f.i.s.r.p.i.ProjectInspector - ComputeSourceDir......................................NOT RUN         
04:14:12.903 [main] INFO  f.i.s.r.p.i.ProjectInspector - ComputeTestDir........................................NOT RUN         
04:14:12.903 [main] INFO  f.i.s.r.p.i.ProjectInspector - BuildProjectBuggyBuildCandidate.......................NOT RUN         
04:14:12.903 [main] INFO  f.i.s.r.p.i.ProjectInspector - TestProjectBuggyBuildCandidate........................NOT RUN         
04:14:12.903 [main] INFO  f.i.s.r.p.i.ProjectInspector - GatherTestInformationBuggyBuildCandidate..............NOT RUN         
04:14:12.904 [main] INFO  f.i.s.r.p.i.ProjectInspector - InitRepoToPush........................................NOT RUN         
04:14:12.904 [main] INFO  f.i.s.r.p.i.ProjectInspector - ComputeClasspath......................................NOT RUN         
04:14:12.904 [main] INFO  f.i.s.r.p.i.ProjectInspector - ComputeModules........................................NOT RUN         
04:14:12.904 [main] INFO  f.i.s.r.p.i.ProjectInspector - CheckoutPatchedBuildCandidate.........................NOT RUN         
04:14:12.904 [main] INFO  f.i.s.r.p.i.ProjectInspector - BuildProjectPatchedBuildCandidate.....................NOT RUN         
04:14:12.905 [main] INFO  f.i.s.r.p.i.ProjectInspector - TestProjectPatchedBuildCandidate......................NOT RUN         
04:14:12.905 [main] INFO  f.i.s.r.p.i.ProjectInspector - GatherTestInformationPatchedBuildCandidate............NOT RUN         
04:14:12.905 [main] INFO  f.i.s.r.p.i.ProjectInspector - CommitPatch...........................................NOT RUN         
04:14:12.905 [main] INFO  f.i.s.r.p.i.ProjectInspector - WritePropertyFile.....................................NOT RUN         
04:14:12.905 [main] INFO  f.i.s.r.p.i.ProjectInspector - CommitProcessEnd......................................NOT RUN         
04:14:12.906 [main] INFO  f.i.s.r.p.i.ProjectInspector - PushProcessEnd........................................NOT RUN         
04:14:12.906 [main] INFO  f.i.s.r.p.i.ProjectInspector - ----------------------------------------------------------------------
04:14:12.906 [main] INFO  f.i.s.r.p.i.ProjectInspector - PIPELINE FINDING: BUILDNOTCHECKEDOUT
04:14:12.906 [main] INFO  f.i.s.r.p.i.ProjectInspector - ----------------------------------------------------------------------
04:14:12.906 [main] INFO  f.i.s.repairnator.pipeline.Launcher - Inspector is finished. The process will exit now.
