05:40:37.723 [main] INFO  f.i.s.repairnator.pipeline.Launcher - PIPELINE VERSION: 3.0-2018-08-09 19:04
05:40:37.830 [main] INFO  f.i.s.repairnator.pipeline.Launcher - The pipeline will try to reproduce a bug from build 357004087 and its corresponding patch from build 358503174
05:40:37.830 [main] INFO  f.i.s.repairnator.pipeline.Launcher - Initialize file serializer engines.
05:40:37.832 [main] INFO  f.i.s.repairnator.pipeline.Launcher - MongoDB won't be used for serialization.
05:40:37.832 [main] INFO  f.i.s.repairnator.pipeline.Launcher - The email notifier engine won't be used.
05:40:37.835 [main] INFO  f.i.s.repairnator.pipeline.Launcher - Start by getting the build (buildId: 357004087) with the following config: RepairnatorConfig{runId='0405ecd4-9481-4478-9e28-81d16ab7329f_03-18-week4-FAILING_AND_PASSING', launcherMode=BEARS, serializeJson=true, inputPath='null', outputPath='/var/log', mongodbHost='null', mongodbName='repairnator', smtpServer='null', notifyTo=[], notifyEndProcess=false, push=true, pushRemoteRepo='https://github.com/fermadeiral/bears-collection-fp', fork=false, lookFromDate=null, lookToDate=null, buildId=357004087, z3solverPath='./z3_for_linux', workspacePath='./workspace', githubToken='c8a341a903[...]', dockerImageName='null', skipDelete=false, createOutputDir=false, logDirectory='null', nbThreads=0, globalTimeout=0, whiteList=null, blackList=null, jobSleepTime=0, buildSleepTime=0, maxInspectedBuilds=0, duration=null, humanPatch=false, repository='null', clean=true, bearsMode=BOTH, bearsDelimiter = false, repairTools=NopolAllTests,NPEFix,AssertFixer,AstorJGenProg,AstorJKali,NopolSingleTest,AstorJMut,NopolTestExclusionStrategy, githubUserName= fermadeiral, githubUserEmail=fer.madeiral@gmail.com}
05:40:39.061 [main] DEBUG fr.inria.jtravis.helpers.BuildHelper - Get request to :https://api.travis-ci.org/build/357004087 done after 770 ms
05:40:39.309 [main] DEBUG fr.inria.jtravis.helpers.BuildHelper - Get request to :https://api.travis-ci.org/build/358503174 done after 144 ms
05:40:39.320 [main] INFO  f.i.s.repairnator.pipeline.Launcher - The patched build (358503174) was successfully retrieved from Travis.
05:40:40.362 [main] INFO  fr.inria.jtravis.JTravis - GitHub ratelimit: Limit: 5000 Remaining: 4674 Reset hour: 19:34:47
05:40:40.616 [main] INFO  f.i.s.r.p.i.ProjectInspector - ----------------------------------------------------------------------
05:40:40.616 [main] INFO  f.i.s.r.p.i.ProjectInspector - PIPELINE STEPS
05:40:40.617 [main] INFO  f.i.s.r.p.i.ProjectInspector - ----------------------------------------------------------------------
05:40:40.617 [main] INFO  f.i.s.r.p.i.ProjectInspector - CloneRepository
05:40:40.617 [main] INFO  f.i.s.r.p.i.ProjectInspector - CheckoutBuggyBuildCandidate
05:40:40.617 [main] INFO  f.i.s.r.p.i.ProjectInspector - ComputeSourceDir
05:40:40.617 [main] INFO  f.i.s.r.p.i.ProjectInspector - ComputeTestDir
05:40:40.617 [main] INFO  f.i.s.r.p.i.ProjectInspector - BuildProjectBuggyBuildCandidate
05:40:40.617 [main] INFO  f.i.s.r.p.i.ProjectInspector - TestProjectBuggyBuildCandidate
05:40:40.617 [main] INFO  f.i.s.r.p.i.ProjectInspector - GatherTestInformationBuggyBuildCandidate
05:40:40.618 [main] INFO  f.i.s.r.p.i.ProjectInspector - InitRepoToPush
05:40:40.618 [main] INFO  f.i.s.r.p.i.ProjectInspector - ComputeClasspath
05:40:40.618 [main] INFO  f.i.s.r.p.i.ProjectInspector - ComputeModules
05:40:40.618 [main] INFO  f.i.s.r.p.i.ProjectInspector - CheckoutPatchedBuildCandidate
05:40:40.618 [main] INFO  f.i.s.r.p.i.ProjectInspector - BuildProjectPatchedBuildCandidate
05:40:40.618 [main] INFO  f.i.s.r.p.i.ProjectInspector - TestProjectPatchedBuildCandidate
05:40:40.618 [main] INFO  f.i.s.r.p.i.ProjectInspector - GatherTestInformationPatchedBuildCandidate
05:40:40.619 [main] INFO  f.i.s.r.p.i.ProjectInspector - CommitPatch
05:40:40.619 [main] INFO  f.i.s.r.p.i.ProjectInspector - WritePropertyFile
05:40:40.619 [main] INFO  f.i.s.r.p.i.ProjectInspector - CommitProcessEnd
05:40:40.619 [main] INFO  f.i.s.r.p.i.ProjectInspector - PushProcessEnd
05:40:40.619 [main] DEBUG f.i.s.r.process.step.CloneRepository - ----------------------------------------------------------------------
05:40:40.622 [main] DEBUG f.i.s.r.process.step.CloneRepository - STEP 1/18: CloneRepository
05:40:40.622 [main] DEBUG f.i.s.r.process.step.CloneRepository - ----------------------------------------------------------------------
05:40:40.626 [main] DEBUG f.i.s.r.process.step.CloneRepository - Cloning repository MyCoRe-Org/mycore in the following directory: ./workspace/MyCoRe-Org/mycore/357004087
05:41:23.370 [main] DEBUG f.i.s.r.process.step.CloneRepository - STEP STATUS: [ CloneRepository : SUCCESS ]
05:41:23.371 [main] DEBUG f.i.s.r.process.step.CloneRepository - STEP DURATION: 42s
05:41:23.372 [main] DEBUG f.i.s.r.process.step.CloneRepository - EXECUTE NEXT STEP
05:41:23.372 [main] DEBUG f.i.s.r.p.s.c.CheckoutBuggyBuild - ----------------------------------------------------------------------
05:41:23.372 [main] DEBUG f.i.s.r.p.s.c.CheckoutBuggyBuild - STEP 2/18: CheckoutBuggyBuildCandidate
05:41:23.372 [main] DEBUG f.i.s.r.p.s.c.CheckoutBuggyBuild - ----------------------------------------------------------------------
05:41:23.373 [main] DEBUG f.i.s.r.p.s.c.CheckoutBuggyBuild - Checking out buggy build candidate...
05:41:23.386 [main] ERROR f.i.s.r.p.s.c.CheckoutBuggyBuild - Error while testing commit: org.eclipse.jgit.errors.MissingObjectException: Missing unknown d2512633875468f0a756af4aab155128dbe8e6ce
05:41:23.386 [main] ERROR f.i.s.r.p.s.c.CheckoutBuggyBuild - Error while getting the commit to checkout from the repo.
05:41:23.387 [main] DEBUG f.i.s.r.p.s.c.CheckoutBuggyBuild - STEP STATUS: [ CheckoutBuggyBuildCandidate : FAILURE ( BUILDNOTCHECKEDOUT ) ]
05:41:23.387 [main] DEBUG f.i.s.r.p.s.c.CheckoutBuggyBuild - STEP DURATION: 0s
05:41:23.387 [main] DEBUG f.i.s.r.p.s.c.CheckoutBuggyBuild - TERMINATE PIPELINE
05:41:23.388 [main] DEBUG f.i.s.r.p.s.c.CheckoutBuggyBuild - FINAL STEPS SKIPPED: The reproduction of the bug and/or the patch failed.
05:41:23.388 [main] INFO  f.i.s.r.p.s.c.CheckoutBuggyBuild - Serialize all data for the pair of builds 357004087, 358503174
05:41:23.681 [main] INFO  fr.inria.jtravis.JTravis - GitHub ratelimit: Limit: 5000 Remaining: 4671 Reset hour: 19:34:47
05:41:24.834 [main] INFO  f.i.s.r.p.i.ProjectInspector - ----------------------------------------------------------------------
05:41:24.834 [main] INFO  f.i.s.r.p.i.ProjectInspector - PIPELINE EXECUTION SUMMARY
05:41:24.834 [main] INFO  f.i.s.r.p.i.ProjectInspector - ----------------------------------------------------------------------
05:41:24.835 [main] INFO  f.i.s.r.p.i.ProjectInspector - CloneRepository.......................................SUCCESS [ 42 s ]
05:41:24.835 [main] INFO  f.i.s.r.p.i.ProjectInspector - CheckoutBuggyBuildCandidate...........................FAILURE [  0 s ]
05:41:24.835 [main] INFO  f.i.s.r.p.i.ProjectInspector - ComputeSourceDir......................................NOT RUN         
05:41:24.836 [main] INFO  f.i.s.r.p.i.ProjectInspector - ComputeTestDir........................................NOT RUN         
05:41:24.836 [main] INFO  f.i.s.r.p.i.ProjectInspector - BuildProjectBuggyBuildCandidate.......................NOT RUN         
05:41:24.836 [main] INFO  f.i.s.r.p.i.ProjectInspector - TestProjectBuggyBuildCandidate........................NOT RUN         
05:41:24.837 [main] INFO  f.i.s.r.p.i.ProjectInspector - GatherTestInformationBuggyBuildCandidate..............NOT RUN         
05:41:24.837 [main] INFO  f.i.s.r.p.i.ProjectInspector - InitRepoToPush........................................NOT RUN         
05:41:24.837 [main] INFO  f.i.s.r.p.i.ProjectInspector - ComputeClasspath......................................NOT RUN         
05:41:24.838 [main] INFO  f.i.s.r.p.i.ProjectInspector - ComputeModules........................................NOT RUN         
05:41:24.838 [main] INFO  f.i.s.r.p.i.ProjectInspector - CheckoutPatchedBuildCandidate.........................NOT RUN         
05:41:24.838 [main] INFO  f.i.s.r.p.i.ProjectInspector - BuildProjectPatchedBuildCandidate.....................NOT RUN         
05:41:24.839 [main] INFO  f.i.s.r.p.i.ProjectInspector - TestProjectPatchedBuildCandidate......................NOT RUN         
05:41:24.839 [main] INFO  f.i.s.r.p.i.ProjectInspector - GatherTestInformationPatchedBuildCandidate............NOT RUN         
05:41:24.839 [main] INFO  f.i.s.r.p.i.ProjectInspector - CommitPatch...........................................NOT RUN         
05:41:24.840 [main] INFO  f.i.s.r.p.i.ProjectInspector - WritePropertyFile.....................................NOT RUN         
05:41:24.840 [main] INFO  f.i.s.r.p.i.ProjectInspector - CommitProcessEnd......................................NOT RUN         
05:41:24.840 [main] INFO  f.i.s.r.p.i.ProjectInspector - PushProcessEnd........................................NOT RUN         
05:41:24.840 [main] INFO  f.i.s.r.p.i.ProjectInspector - ----------------------------------------------------------------------
05:41:24.841 [main] INFO  f.i.s.r.p.i.ProjectInspector - PIPELINE FINDING: BUILDNOTCHECKEDOUT
05:41:24.841 [main] INFO  f.i.s.r.p.i.ProjectInspector - ----------------------------------------------------------------------
05:41:24.841 [main] INFO  f.i.s.repairnator.pipeline.Launcher - Inspector is finished. The process will exit now.
