00:42:05.364 [main] INFO  f.i.s.repairnator.pipeline.Launcher - PIPELINE VERSION: 3.0-2018-08-09 19:04
00:42:05.534 [main] INFO  f.i.s.repairnator.pipeline.Launcher - The pipeline will try to reproduce a bug from build 356841293 and its corresponding patch from build 356879125
00:42:05.535 [main] INFO  f.i.s.repairnator.pipeline.Launcher - Initialize file serializer engines.
00:42:05.536 [main] INFO  f.i.s.repairnator.pipeline.Launcher - MongoDB won't be used for serialization.
00:42:05.537 [main] INFO  f.i.s.repairnator.pipeline.Launcher - The email notifier engine won't be used.
00:42:05.539 [main] INFO  f.i.s.repairnator.pipeline.Launcher - Start by getting the build (buildId: 356841293) with the following config: RepairnatorConfig{runId='0405ecd4-9481-4478-9e28-81d16ab7329f_03-18-week4-FAILING_AND_PASSING', launcherMode=BEARS, serializeJson=true, inputPath='null', outputPath='/var/log', mongodbHost='null', mongodbName='repairnator', smtpServer='null', notifyTo=[], notifyEndProcess=false, push=true, pushRemoteRepo='https://github.com/fermadeiral/bears-collection-fp', fork=false, lookFromDate=null, lookToDate=null, buildId=356841293, z3solverPath='./z3_for_linux', workspacePath='./workspace', githubToken='c8a341a903[...]', dockerImageName='null', skipDelete=false, createOutputDir=false, logDirectory='null', nbThreads=0, globalTimeout=0, whiteList=null, blackList=null, jobSleepTime=0, buildSleepTime=0, maxInspectedBuilds=0, duration=null, humanPatch=false, repository='null', clean=true, bearsMode=BOTH, bearsDelimiter = false, repairTools=NopolAllTests,NPEFix,AssertFixer,AstorJGenProg,AstorJKali,NopolSingleTest,AstorJMut,NopolTestExclusionStrategy, githubUserName= fermadeiral, githubUserEmail=fer.madeiral@gmail.com}
00:42:06.738 [main] DEBUG fr.inria.jtravis.helpers.BuildHelper - Get request to :https://api.travis-ci.org/build/356841293 done after 778 ms
00:42:06.960 [main] DEBUG fr.inria.jtravis.helpers.BuildHelper - Get request to :https://api.travis-ci.org/build/356879125 done after 136 ms
00:42:06.971 [main] INFO  f.i.s.repairnator.pipeline.Launcher - The patched build (356879125) was successfully retrieved from Travis.
00:42:07.973 [main] INFO  fr.inria.jtravis.JTravis - GitHub ratelimit: Limit: 5000 Remaining: 4717 Reset hour: 19:34:29
00:42:08.212 [main] INFO  f.i.s.r.p.i.ProjectInspector - ----------------------------------------------------------------------
00:42:08.213 [main] INFO  f.i.s.r.p.i.ProjectInspector - PIPELINE STEPS
00:42:08.213 [main] INFO  f.i.s.r.p.i.ProjectInspector - ----------------------------------------------------------------------
00:42:08.213 [main] INFO  f.i.s.r.p.i.ProjectInspector - CloneRepository
00:42:08.213 [main] INFO  f.i.s.r.p.i.ProjectInspector - CheckoutBuggyBuildCandidate
00:42:08.213 [main] INFO  f.i.s.r.p.i.ProjectInspector - ComputeSourceDir
00:42:08.214 [main] INFO  f.i.s.r.p.i.ProjectInspector - ComputeTestDir
00:42:08.214 [main] INFO  f.i.s.r.p.i.ProjectInspector - BuildProjectBuggyBuildCandidate
00:42:08.214 [main] INFO  f.i.s.r.p.i.ProjectInspector - TestProjectBuggyBuildCandidate
00:42:08.214 [main] INFO  f.i.s.r.p.i.ProjectInspector - GatherTestInformationBuggyBuildCandidate
00:42:08.214 [main] INFO  f.i.s.r.p.i.ProjectInspector - InitRepoToPush
00:42:08.214 [main] INFO  f.i.s.r.p.i.ProjectInspector - ComputeClasspath
00:42:08.214 [main] INFO  f.i.s.r.p.i.ProjectInspector - ComputeModules
00:42:08.215 [main] INFO  f.i.s.r.p.i.ProjectInspector - CheckoutPatchedBuildCandidate
00:42:08.215 [main] INFO  f.i.s.r.p.i.ProjectInspector - BuildProjectPatchedBuildCandidate
00:42:08.215 [main] INFO  f.i.s.r.p.i.ProjectInspector - TestProjectPatchedBuildCandidate
00:42:08.215 [main] INFO  f.i.s.r.p.i.ProjectInspector - GatherTestInformationPatchedBuildCandidate
00:42:08.215 [main] INFO  f.i.s.r.p.i.ProjectInspector - CommitPatch
00:42:08.215 [main] INFO  f.i.s.r.p.i.ProjectInspector - WritePropertyFile
00:42:08.215 [main] INFO  f.i.s.r.p.i.ProjectInspector - CommitProcessEnd
00:42:08.216 [main] INFO  f.i.s.r.p.i.ProjectInspector - PushProcessEnd
00:42:08.216 [main] DEBUG f.i.s.r.process.step.CloneRepository - ----------------------------------------------------------------------
00:42:08.216 [main] DEBUG f.i.s.r.process.step.CloneRepository - STEP 1/18: CloneRepository
00:42:08.217 [main] DEBUG f.i.s.r.process.step.CloneRepository - ----------------------------------------------------------------------
00:42:08.217 [main] DEBUG f.i.s.r.process.step.CloneRepository - Cloning repository EnMasseProject/enmasse in the following directory: ./workspace/EnMasseProject/enmasse/356841293
00:42:35.622 [main] DEBUG f.i.s.r.process.step.CloneRepository - STEP STATUS: [ CloneRepository : SUCCESS ]
00:42:35.623 [main] DEBUG f.i.s.r.process.step.CloneRepository - STEP DURATION: 27s
00:42:35.623 [main] DEBUG f.i.s.r.process.step.CloneRepository - EXECUTE NEXT STEP
00:42:35.624 [main] DEBUG f.i.s.r.p.s.c.CheckoutBuggyBuild - ----------------------------------------------------------------------
00:42:35.624 [main] DEBUG f.i.s.r.p.s.c.CheckoutBuggyBuild - STEP 2/18: CheckoutBuggyBuildCandidate
00:42:35.624 [main] DEBUG f.i.s.r.p.s.c.CheckoutBuggyBuild - ----------------------------------------------------------------------
00:42:35.624 [main] DEBUG f.i.s.r.p.s.c.CheckoutBuggyBuild - Checking out buggy build candidate...
00:42:35.916 [main] INFO  fr.inria.jtravis.JTravis - GitHub ratelimit: Limit: 5000 Remaining: 4716 Reset hour: 19:34:29
00:42:38.195 [main] DEBUG f.i.s.r.p.s.c.CheckoutBuggyBuild - Reproduce the PR for EnMasseProject/enmasse by fetching remote branch and merging.
00:42:38.849 [main] ERROR f.i.s.r.p.s.c.CheckoutBuggyBuild - Error while testing commit: org.eclipse.jgit.errors.MissingObjectException: Missing unknown 82abce2c556c1f1820494a8c8d53fd71edcc7e12
00:42:38.850 [main] ERROR f.i.s.r.p.s.c.CheckoutBuggyBuild - Commit head ref cannot be retrieved from the repository: 82abce2c556c1f1820494a8c8d53fd71edcc7e12. Operation aborted.
00:42:38.850 [main] ERROR f.i.s.r.p.s.c.CheckoutBuggyBuild - Error while merging two commits to reproduce the PR.
00:42:38.851 [main] DEBUG f.i.s.r.p.s.c.CheckoutBuggyBuild - STEP STATUS: [ CheckoutBuggyBuildCandidate : FAILURE ( BUILDNOTCHECKEDOUT ) ]
00:42:38.851 [main] DEBUG f.i.s.r.p.s.c.CheckoutBuggyBuild - STEP DURATION: 3s
00:42:38.852 [main] DEBUG f.i.s.r.p.s.c.CheckoutBuggyBuild - TERMINATE PIPELINE
00:42:38.852 [main] DEBUG f.i.s.r.p.s.c.CheckoutBuggyBuild - FINAL STEPS SKIPPED: The reproduction of the bug and/or the patch failed.
00:42:38.853 [main] INFO  f.i.s.r.p.s.c.CheckoutBuggyBuild - Serialize all data for the pair of builds 356841293, 356879125
00:42:38.980 [main] INFO  fr.inria.jtravis.JTravis - GitHub ratelimit: Limit: 5000 Remaining: 4709 Reset hour: 19:34:29
00:42:40.165 [main] INFO  f.i.s.r.p.i.ProjectInspector - ----------------------------------------------------------------------
00:42:40.166 [main] INFO  f.i.s.r.p.i.ProjectInspector - PIPELINE EXECUTION SUMMARY
00:42:40.166 [main] INFO  f.i.s.r.p.i.ProjectInspector - ----------------------------------------------------------------------
00:42:40.166 [main] INFO  f.i.s.r.p.i.ProjectInspector - CloneRepository.......................................SUCCESS [ 27 s ]
00:42:40.166 [main] INFO  f.i.s.r.p.i.ProjectInspector - CheckoutBuggyBuildCandidate...........................FAILURE [  3 s ]
00:42:40.166 [main] INFO  f.i.s.r.p.i.ProjectInspector - ComputeSourceDir......................................NOT RUN         
00:42:40.167 [main] INFO  f.i.s.r.p.i.ProjectInspector - ComputeTestDir........................................NOT RUN         
00:42:40.167 [main] INFO  f.i.s.r.p.i.ProjectInspector - BuildProjectBuggyBuildCandidate.......................NOT RUN         
00:42:40.167 [main] INFO  f.i.s.r.p.i.ProjectInspector - TestProjectBuggyBuildCandidate........................NOT RUN         
00:42:40.167 [main] INFO  f.i.s.r.p.i.ProjectInspector - GatherTestInformationBuggyBuildCandidate..............NOT RUN         
00:42:40.167 [main] INFO  f.i.s.r.p.i.ProjectInspector - InitRepoToPush........................................NOT RUN         
00:42:40.168 [main] INFO  f.i.s.r.p.i.ProjectInspector - ComputeClasspath......................................NOT RUN         
00:42:40.168 [main] INFO  f.i.s.r.p.i.ProjectInspector - ComputeModules........................................NOT RUN         
00:42:40.168 [main] INFO  f.i.s.r.p.i.ProjectInspector - CheckoutPatchedBuildCandidate.........................NOT RUN         
00:42:40.168 [main] INFO  f.i.s.r.p.i.ProjectInspector - BuildProjectPatchedBuildCandidate.....................NOT RUN         
00:42:40.168 [main] INFO  f.i.s.r.p.i.ProjectInspector - TestProjectPatchedBuildCandidate......................NOT RUN         
00:42:40.168 [main] INFO  f.i.s.r.p.i.ProjectInspector - GatherTestInformationPatchedBuildCandidate............NOT RUN         
00:42:40.169 [main] INFO  f.i.s.r.p.i.ProjectInspector - CommitPatch...........................................NOT RUN         
00:42:40.169 [main] INFO  f.i.s.r.p.i.ProjectInspector - WritePropertyFile.....................................NOT RUN         
00:42:40.169 [main] INFO  f.i.s.r.p.i.ProjectInspector - CommitProcessEnd......................................NOT RUN         
00:42:40.169 [main] INFO  f.i.s.r.p.i.ProjectInspector - PushProcessEnd........................................NOT RUN         
00:42:40.169 [main] INFO  f.i.s.r.p.i.ProjectInspector - ----------------------------------------------------------------------
00:42:40.169 [main] INFO  f.i.s.r.p.i.ProjectInspector - PIPELINE FINDING: BUILDNOTCHECKEDOUT
00:42:40.170 [main] INFO  f.i.s.r.p.i.ProjectInspector - ----------------------------------------------------------------------
00:42:40.170 [main] INFO  f.i.s.repairnator.pipeline.Launcher - Inspector is finished. The process will exit now.
