00:58:12.072 [main] INFO  f.i.s.repairnator.pipeline.Launcher - PIPELINE VERSION: 3.0-2018-08-09 19:04
00:58:12.255 [main] INFO  f.i.s.repairnator.pipeline.Launcher - The pipeline will try to reproduce a bug from build 358577580 and its corresponding patch from build 358584721
00:58:12.256 [main] INFO  f.i.s.repairnator.pipeline.Launcher - Initialize file serializer engines.
00:58:12.258 [main] INFO  f.i.s.repairnator.pipeline.Launcher - MongoDB won't be used for serialization.
00:58:12.258 [main] INFO  f.i.s.repairnator.pipeline.Launcher - The email notifier engine won't be used.
00:58:12.262 [main] INFO  f.i.s.repairnator.pipeline.Launcher - Start by getting the build (buildId: 358577580) with the following config: RepairnatorConfig{runId='0405ecd4-9481-4478-9e28-81d16ab7329f_03-18-week4-FAILING_AND_PASSING', launcherMode=BEARS, serializeJson=true, inputPath='null', outputPath='/var/log', mongodbHost='null', mongodbName='repairnator', smtpServer='null', notifyTo=[], notifyEndProcess=false, push=true, pushRemoteRepo='https://github.com/fermadeiral/bears-collection-fp', fork=false, lookFromDate=null, lookToDate=null, buildId=358577580, z3solverPath='./z3_for_linux', workspacePath='./workspace', githubToken='c8a341a903[...]', dockerImageName='null', skipDelete=false, createOutputDir=false, logDirectory='null', nbThreads=0, globalTimeout=0, whiteList=null, blackList=null, jobSleepTime=0, buildSleepTime=0, maxInspectedBuilds=0, duration=null, humanPatch=false, repository='null', clean=true, bearsMode=BOTH, bearsDelimiter = false, repairTools=NopolAllTests,NPEFix,AssertFixer,AstorJGenProg,AstorJKali,NopolSingleTest,AstorJMut,NopolTestExclusionStrategy, githubUserName= fermadeiral, githubUserEmail=fer.madeiral@gmail.com}
00:58:13.759 [main] DEBUG fr.inria.jtravis.helpers.BuildHelper - Get request to :https://api.travis-ci.org/build/358577580 done after 898 ms
00:58:14.008 [main] DEBUG fr.inria.jtravis.helpers.BuildHelper - Get request to :https://api.travis-ci.org/build/358584721 done after 138 ms
00:58:14.023 [main] INFO  f.i.s.repairnator.pipeline.Launcher - The patched build (358584721) was successfully retrieved from Travis.
00:58:15.116 [main] INFO  fr.inria.jtravis.JTravis - GitHub ratelimit: Limit: 5000 Remaining: 4927 Reset hour: 19:34:32
00:58:15.397 [main] INFO  f.i.s.r.p.i.ProjectInspector - ----------------------------------------------------------------------
00:58:15.398 [main] INFO  f.i.s.r.p.i.ProjectInspector - PIPELINE STEPS
00:58:15.398 [main] INFO  f.i.s.r.p.i.ProjectInspector - ----------------------------------------------------------------------
00:58:15.398 [main] INFO  f.i.s.r.p.i.ProjectInspector - CloneRepository
00:58:15.398 [main] INFO  f.i.s.r.p.i.ProjectInspector - CheckoutBuggyBuildCandidate
00:58:15.398 [main] INFO  f.i.s.r.p.i.ProjectInspector - ComputeSourceDir
00:58:15.398 [main] INFO  f.i.s.r.p.i.ProjectInspector - ComputeTestDir
00:58:15.398 [main] INFO  f.i.s.r.p.i.ProjectInspector - BuildProjectBuggyBuildCandidate
00:58:15.398 [main] INFO  f.i.s.r.p.i.ProjectInspector - TestProjectBuggyBuildCandidate
00:58:15.399 [main] INFO  f.i.s.r.p.i.ProjectInspector - GatherTestInformationBuggyBuildCandidate
00:58:15.399 [main] INFO  f.i.s.r.p.i.ProjectInspector - InitRepoToPush
00:58:15.399 [main] INFO  f.i.s.r.p.i.ProjectInspector - ComputeClasspath
00:58:15.399 [main] INFO  f.i.s.r.p.i.ProjectInspector - ComputeModules
00:58:15.399 [main] INFO  f.i.s.r.p.i.ProjectInspector - CheckoutPatchedBuildCandidate
00:58:15.399 [main] INFO  f.i.s.r.p.i.ProjectInspector - BuildProjectPatchedBuildCandidate
00:58:15.399 [main] INFO  f.i.s.r.p.i.ProjectInspector - TestProjectPatchedBuildCandidate
00:58:15.399 [main] INFO  f.i.s.r.p.i.ProjectInspector - GatherTestInformationPatchedBuildCandidate
00:58:15.399 [main] INFO  f.i.s.r.p.i.ProjectInspector - CommitPatch
00:58:15.400 [main] INFO  f.i.s.r.p.i.ProjectInspector - WritePropertyFile
00:58:15.400 [main] INFO  f.i.s.r.p.i.ProjectInspector - CommitProcessEnd
00:58:15.400 [main] INFO  f.i.s.r.p.i.ProjectInspector - PushProcessEnd
00:58:15.400 [main] DEBUG f.i.s.r.process.step.CloneRepository - ----------------------------------------------------------------------
00:58:15.400 [main] DEBUG f.i.s.r.process.step.CloneRepository - STEP 1/18: CloneRepository
00:58:15.400 [main] DEBUG f.i.s.r.process.step.CloneRepository - ----------------------------------------------------------------------
00:58:15.401 [main] DEBUG f.i.s.r.process.step.CloneRepository - Cloning repository batfish/batfish in the following directory: ./workspace/batfish/batfish/358577580
00:59:08.585 [main] DEBUG f.i.s.r.process.step.CloneRepository - STEP STATUS: [ CloneRepository : SUCCESS ]
00:59:08.585 [main] DEBUG f.i.s.r.process.step.CloneRepository - STEP DURATION: 53s
00:59:08.585 [main] DEBUG f.i.s.r.process.step.CloneRepository - EXECUTE NEXT STEP
00:59:08.586 [main] DEBUG f.i.s.r.p.s.c.CheckoutBuggyBuild - ----------------------------------------------------------------------
00:59:08.586 [main] DEBUG f.i.s.r.p.s.c.CheckoutBuggyBuild - STEP 2/18: CheckoutBuggyBuildCandidate
00:59:08.586 [main] DEBUG f.i.s.r.p.s.c.CheckoutBuggyBuild - ----------------------------------------------------------------------
00:59:08.586 [main] DEBUG f.i.s.r.p.s.c.CheckoutBuggyBuild - Checking out buggy build candidate...
00:59:08.948 [main] INFO  fr.inria.jtravis.JTravis - GitHub ratelimit: Limit: 5000 Remaining: 4922 Reset hour: 19:34:32
00:59:11.627 [main] DEBUG f.i.s.r.p.s.c.CheckoutBuggyBuild - Reproduce the PR for batfish/batfish by fetching remote branch and merging.
00:59:12.542 [main] ERROR f.i.s.r.p.s.c.CheckoutBuggyBuild - Error while testing commit: org.eclipse.jgit.errors.MissingObjectException: Missing unknown 25d01872e08a8ed716f7ac680d96761b1774032a
00:59:12.543 [main] ERROR f.i.s.r.p.s.c.CheckoutBuggyBuild - Commit head ref cannot be retrieved from the repository: 25d01872e08a8ed716f7ac680d96761b1774032a. Operation aborted.
00:59:12.543 [main] ERROR f.i.s.r.p.s.c.CheckoutBuggyBuild - Error while merging two commits to reproduce the PR.
00:59:12.544 [main] DEBUG f.i.s.r.p.s.c.CheckoutBuggyBuild - STEP STATUS: [ CheckoutBuggyBuildCandidate : FAILURE ( BUILDNOTCHECKEDOUT ) ]
00:59:12.544 [main] DEBUG f.i.s.r.p.s.c.CheckoutBuggyBuild - STEP DURATION: 3s
00:59:12.544 [main] DEBUG f.i.s.r.p.s.c.CheckoutBuggyBuild - TERMINATE PIPELINE
00:59:12.545 [main] DEBUG f.i.s.r.p.s.c.CheckoutBuggyBuild - FINAL STEPS SKIPPED: The reproduction of the bug and/or the patch failed.
00:59:12.545 [main] INFO  f.i.s.r.p.s.c.CheckoutBuggyBuild - Serialize all data for the pair of builds 358577580, 358584721
00:59:12.676 [main] INFO  fr.inria.jtravis.JTravis - GitHub ratelimit: Limit: 5000 Remaining: 4913 Reset hour: 19:34:32
00:59:13.623 [main] INFO  f.i.s.r.p.i.ProjectInspector - ----------------------------------------------------------------------
00:59:13.624 [main] INFO  f.i.s.r.p.i.ProjectInspector - PIPELINE EXECUTION SUMMARY
00:59:13.624 [main] INFO  f.i.s.r.p.i.ProjectInspector - ----------------------------------------------------------------------
00:59:13.624 [main] INFO  f.i.s.r.p.i.ProjectInspector - CloneRepository.......................................SUCCESS [ 53 s ]
00:59:13.624 [main] INFO  f.i.s.r.p.i.ProjectInspector - CheckoutBuggyBuildCandidate...........................FAILURE [  3 s ]
00:59:13.624 [main] INFO  f.i.s.r.p.i.ProjectInspector - ComputeSourceDir......................................NOT RUN         
00:59:13.624 [main] INFO  f.i.s.r.p.i.ProjectInspector - ComputeTestDir........................................NOT RUN         
00:59:13.624 [main] INFO  f.i.s.r.p.i.ProjectInspector - BuildProjectBuggyBuildCandidate.......................NOT RUN         
00:59:13.625 [main] INFO  f.i.s.r.p.i.ProjectInspector - TestProjectBuggyBuildCandidate........................NOT RUN         
00:59:13.625 [main] INFO  f.i.s.r.p.i.ProjectInspector - GatherTestInformationBuggyBuildCandidate..............NOT RUN         
00:59:13.625 [main] INFO  f.i.s.r.p.i.ProjectInspector - InitRepoToPush........................................NOT RUN         
00:59:13.625 [main] INFO  f.i.s.r.p.i.ProjectInspector - ComputeClasspath......................................NOT RUN         
00:59:13.625 [main] INFO  f.i.s.r.p.i.ProjectInspector - ComputeModules........................................NOT RUN         
00:59:13.625 [main] INFO  f.i.s.r.p.i.ProjectInspector - CheckoutPatchedBuildCandidate.........................NOT RUN         
00:59:13.625 [main] INFO  f.i.s.r.p.i.ProjectInspector - BuildProjectPatchedBuildCandidate.....................NOT RUN         
00:59:13.625 [main] INFO  f.i.s.r.p.i.ProjectInspector - TestProjectPatchedBuildCandidate......................NOT RUN         
00:59:13.626 [main] INFO  f.i.s.r.p.i.ProjectInspector - GatherTestInformationPatchedBuildCandidate............NOT RUN         
00:59:13.626 [main] INFO  f.i.s.r.p.i.ProjectInspector - CommitPatch...........................................NOT RUN         
00:59:13.626 [main] INFO  f.i.s.r.p.i.ProjectInspector - WritePropertyFile.....................................NOT RUN         
00:59:13.626 [main] INFO  f.i.s.r.p.i.ProjectInspector - CommitProcessEnd......................................NOT RUN         
00:59:13.626 [main] INFO  f.i.s.r.p.i.ProjectInspector - PushProcessEnd........................................NOT RUN         
00:59:13.626 [main] INFO  f.i.s.r.p.i.ProjectInspector - ----------------------------------------------------------------------
00:59:13.626 [main] INFO  f.i.s.r.p.i.ProjectInspector - PIPELINE FINDING: BUILDNOTCHECKEDOUT
00:59:13.626 [main] INFO  f.i.s.r.p.i.ProjectInspector - ----------------------------------------------------------------------
00:59:13.627 [main] INFO  f.i.s.repairnator.pipeline.Launcher - Inspector is finished. The process will exit now.
