21:34:56.833 [main] INFO  f.i.s.repairnator.pipeline.Launcher - PIPELINE VERSION: 3.0-2018-08-09 19:04
21:34:57.000 [main] INFO  f.i.s.repairnator.pipeline.Launcher - The pipeline will try to reproduce a bug from build 358944800 and its corresponding patch from build 358987435
21:34:57.000 [main] INFO  f.i.s.repairnator.pipeline.Launcher - Initialize file serializer engines.
21:34:57.002 [main] INFO  f.i.s.repairnator.pipeline.Launcher - MongoDB won't be used for serialization.
21:34:57.003 [main] INFO  f.i.s.repairnator.pipeline.Launcher - The email notifier engine won't be used.
21:34:57.007 [main] INFO  f.i.s.repairnator.pipeline.Launcher - Start by getting the build (buildId: 358944800) with the following config: RepairnatorConfig{runId='0405ecd4-9481-4478-9e28-81d16ab7329f_03-18-week4-FAILING_AND_PASSING', launcherMode=BEARS, serializeJson=true, inputPath='null', outputPath='/var/log', mongodbHost='null', mongodbName='repairnator', smtpServer='null', notifyTo=[], notifyEndProcess=false, push=true, pushRemoteRepo='https://github.com/fermadeiral/bears-collection-fp', fork=false, lookFromDate=null, lookToDate=null, buildId=358944800, z3solverPath='./z3_for_linux', workspacePath='./workspace', githubToken='c8a341a903[...]', dockerImageName='null', skipDelete=false, createOutputDir=false, logDirectory='null', nbThreads=0, globalTimeout=0, whiteList=null, blackList=null, jobSleepTime=0, buildSleepTime=0, maxInspectedBuilds=0, duration=null, humanPatch=false, repository='null', clean=true, bearsMode=BOTH, bearsDelimiter = false, repairTools=NopolAllTests,NPEFix,AssertFixer,AstorJGenProg,AstorJKali,NopolSingleTest,AstorJMut,NopolTestExclusionStrategy, githubUserName= fermadeiral, githubUserEmail=fer.madeiral@gmail.com}
21:34:58.246 [main] DEBUG fr.inria.jtravis.helpers.BuildHelper - Get request to :https://api.travis-ci.org/build/358944800 done after 743 ms
21:34:58.501 [main] DEBUG fr.inria.jtravis.helpers.BuildHelper - Get request to :https://api.travis-ci.org/build/358987435 done after 148 ms
21:34:58.516 [main] INFO  f.i.s.repairnator.pipeline.Launcher - The patched build (358987435) was successfully retrieved from Travis.
21:34:59.552 [main] INFO  fr.inria.jtravis.JTravis - GitHub ratelimit: Limit: 5000 Remaining: 4735 Reset hour: 19:34:17
21:35:00.070 [main] INFO  f.i.s.r.p.i.ProjectInspector - ----------------------------------------------------------------------
21:35:00.071 [main] INFO  f.i.s.r.p.i.ProjectInspector - PIPELINE STEPS
21:35:00.071 [main] INFO  f.i.s.r.p.i.ProjectInspector - ----------------------------------------------------------------------
21:35:00.071 [main] INFO  f.i.s.r.p.i.ProjectInspector - CloneRepository
21:35:00.071 [main] INFO  f.i.s.r.p.i.ProjectInspector - CheckoutBuggyBuildCandidate
21:35:00.071 [main] INFO  f.i.s.r.p.i.ProjectInspector - ComputeSourceDir
21:35:00.071 [main] INFO  f.i.s.r.p.i.ProjectInspector - ComputeTestDir
21:35:00.072 [main] INFO  f.i.s.r.p.i.ProjectInspector - BuildProjectBuggyBuildCandidate
21:35:00.072 [main] INFO  f.i.s.r.p.i.ProjectInspector - TestProjectBuggyBuildCandidate
21:35:00.072 [main] INFO  f.i.s.r.p.i.ProjectInspector - GatherTestInformationBuggyBuildCandidate
21:35:00.072 [main] INFO  f.i.s.r.p.i.ProjectInspector - InitRepoToPush
21:35:00.072 [main] INFO  f.i.s.r.p.i.ProjectInspector - ComputeClasspath
21:35:00.072 [main] INFO  f.i.s.r.p.i.ProjectInspector - ComputeModules
21:35:00.072 [main] INFO  f.i.s.r.p.i.ProjectInspector - CheckoutPatchedBuildCandidate
21:35:00.072 [main] INFO  f.i.s.r.p.i.ProjectInspector - BuildProjectPatchedBuildCandidate
21:35:00.073 [main] INFO  f.i.s.r.p.i.ProjectInspector - TestProjectPatchedBuildCandidate
21:35:00.073 [main] INFO  f.i.s.r.p.i.ProjectInspector - GatherTestInformationPatchedBuildCandidate
21:35:00.073 [main] INFO  f.i.s.r.p.i.ProjectInspector - CommitPatch
21:35:00.073 [main] INFO  f.i.s.r.p.i.ProjectInspector - WritePropertyFile
21:35:00.073 [main] INFO  f.i.s.r.p.i.ProjectInspector - CommitProcessEnd
21:35:00.073 [main] INFO  f.i.s.r.p.i.ProjectInspector - PushProcessEnd
21:35:00.073 [main] DEBUG f.i.s.r.process.step.CloneRepository - ----------------------------------------------------------------------
21:35:00.074 [main] DEBUG f.i.s.r.process.step.CloneRepository - STEP 1/18: CloneRepository
21:35:00.075 [main] DEBUG f.i.s.r.process.step.CloneRepository - ----------------------------------------------------------------------
21:35:00.075 [main] DEBUG f.i.s.r.process.step.CloneRepository - Cloning repository prestodb/presto in the following directory: ./workspace/prestodb/presto/358944800
21:35:44.507 [main] DEBUG f.i.s.r.process.step.CloneRepository - STEP STATUS: [ CloneRepository : SUCCESS ]
21:35:44.508 [main] DEBUG f.i.s.r.process.step.CloneRepository - STEP DURATION: 44s
21:35:44.508 [main] DEBUG f.i.s.r.process.step.CloneRepository - EXECUTE NEXT STEP
21:35:44.508 [main] DEBUG f.i.s.r.p.s.c.CheckoutBuggyBuild - ----------------------------------------------------------------------
21:35:44.509 [main] DEBUG f.i.s.r.p.s.c.CheckoutBuggyBuild - STEP 2/18: CheckoutBuggyBuildCandidate
21:35:44.509 [main] DEBUG f.i.s.r.p.s.c.CheckoutBuggyBuild - ----------------------------------------------------------------------
21:35:44.509 [main] DEBUG f.i.s.r.p.s.c.CheckoutBuggyBuild - Checking out buggy build candidate...
21:35:44.840 [main] INFO  fr.inria.jtravis.JTravis - GitHub ratelimit: Limit: 5000 Remaining: 4712 Reset hour: 19:34:17
21:35:48.509 [main] DEBUG f.i.s.r.p.s.c.CheckoutBuggyBuild - Reproduce the PR for prestodb/presto by fetching remote branch and merging.
21:35:51.965 [main] ERROR f.i.s.r.p.s.c.CheckoutBuggyBuild - Error while testing commit: org.eclipse.jgit.errors.MissingObjectException: Missing unknown c52ed9562645afb055e7992ab3f8f98dfc5ccd11
21:35:51.966 [main] ERROR f.i.s.r.p.s.c.CheckoutBuggyBuild - Commit head ref cannot be retrieved from the repository: c52ed9562645afb055e7992ab3f8f98dfc5ccd11. Operation aborted.
21:35:51.966 [main] ERROR f.i.s.r.p.s.c.CheckoutBuggyBuild - Error while merging two commits to reproduce the PR.
21:35:51.967 [main] DEBUG f.i.s.r.p.s.c.CheckoutBuggyBuild - STEP STATUS: [ CheckoutBuggyBuildCandidate : FAILURE ( BUILDNOTCHECKEDOUT ) ]
21:35:51.967 [main] DEBUG f.i.s.r.p.s.c.CheckoutBuggyBuild - STEP DURATION: 7s
21:35:51.967 [main] DEBUG f.i.s.r.p.s.c.CheckoutBuggyBuild - TERMINATE PIPELINE
21:35:51.967 [main] DEBUG f.i.s.r.p.s.c.CheckoutBuggyBuild - FINAL STEPS SKIPPED: The reproduction of the bug and/or the patch failed.
21:35:51.968 [main] INFO  f.i.s.r.p.s.c.CheckoutBuggyBuild - Serialize all data for the pair of builds 358944800, 358987435
21:35:52.090 [main] INFO  fr.inria.jtravis.JTravis - GitHub ratelimit: Limit: 5000 Remaining: 4705 Reset hour: 19:34:17
21:35:53.320 [main] INFO  f.i.s.r.p.i.ProjectInspector - ----------------------------------------------------------------------
21:35:53.321 [main] INFO  f.i.s.r.p.i.ProjectInspector - PIPELINE EXECUTION SUMMARY
21:35:53.321 [main] INFO  f.i.s.r.p.i.ProjectInspector - ----------------------------------------------------------------------
21:35:53.321 [main] INFO  f.i.s.r.p.i.ProjectInspector - CloneRepository.......................................SUCCESS [ 44 s ]
21:35:53.321 [main] INFO  f.i.s.r.p.i.ProjectInspector - CheckoutBuggyBuildCandidate...........................FAILURE [  7 s ]
21:35:53.321 [main] INFO  f.i.s.r.p.i.ProjectInspector - ComputeSourceDir......................................NOT RUN         
21:35:53.322 [main] INFO  f.i.s.r.p.i.ProjectInspector - ComputeTestDir........................................NOT RUN         
21:35:53.322 [main] INFO  f.i.s.r.p.i.ProjectInspector - BuildProjectBuggyBuildCandidate.......................NOT RUN         
21:35:53.322 [main] INFO  f.i.s.r.p.i.ProjectInspector - TestProjectBuggyBuildCandidate........................NOT RUN         
21:35:53.322 [main] INFO  f.i.s.r.p.i.ProjectInspector - GatherTestInformationBuggyBuildCandidate..............NOT RUN         
21:35:53.322 [main] INFO  f.i.s.r.p.i.ProjectInspector - InitRepoToPush........................................NOT RUN         
21:35:53.322 [main] INFO  f.i.s.r.p.i.ProjectInspector - ComputeClasspath......................................NOT RUN         
21:35:53.323 [main] INFO  f.i.s.r.p.i.ProjectInspector - ComputeModules........................................NOT RUN         
21:35:53.323 [main] INFO  f.i.s.r.p.i.ProjectInspector - CheckoutPatchedBuildCandidate.........................NOT RUN         
21:35:53.323 [main] INFO  f.i.s.r.p.i.ProjectInspector - BuildProjectPatchedBuildCandidate.....................NOT RUN         
21:35:53.323 [main] INFO  f.i.s.r.p.i.ProjectInspector - TestProjectPatchedBuildCandidate......................NOT RUN         
21:35:53.323 [main] INFO  f.i.s.r.p.i.ProjectInspector - GatherTestInformationPatchedBuildCandidate............NOT RUN         
21:35:53.323 [main] INFO  f.i.s.r.p.i.ProjectInspector - CommitPatch...........................................NOT RUN         
21:35:53.324 [main] INFO  f.i.s.r.p.i.ProjectInspector - WritePropertyFile.....................................NOT RUN         
21:35:53.324 [main] INFO  f.i.s.r.p.i.ProjectInspector - CommitProcessEnd......................................NOT RUN         
21:35:53.324 [main] INFO  f.i.s.r.p.i.ProjectInspector - PushProcessEnd........................................NOT RUN         
21:35:53.324 [main] INFO  f.i.s.r.p.i.ProjectInspector - ----------------------------------------------------------------------
21:35:53.324 [main] INFO  f.i.s.r.p.i.ProjectInspector - PIPELINE FINDING: BUILDNOTCHECKEDOUT
21:35:53.324 [main] INFO  f.i.s.r.p.i.ProjectInspector - ----------------------------------------------------------------------
21:35:53.324 [main] INFO  f.i.s.repairnator.pipeline.Launcher - Inspector is finished. The process will exit now.
