03:58:58.459 [main] INFO  f.i.s.repairnator.pipeline.Launcher - PIPELINE VERSION: 3.0-2018-08-09 19:04
03:58:58.589 [main] INFO  f.i.s.repairnator.pipeline.Launcher - The pipeline will try to reproduce a bug from build 339154777 and its corresponding patch from build 339262871
03:58:58.590 [main] INFO  f.i.s.repairnator.pipeline.Launcher - Initialize file serializer engines.
03:58:58.592 [main] INFO  f.i.s.repairnator.pipeline.Launcher - MongoDB won't be used for serialization.
03:58:58.593 [main] INFO  f.i.s.repairnator.pipeline.Launcher - The email notifier engine won't be used.
03:58:58.597 [main] INFO  f.i.s.repairnator.pipeline.Launcher - Start by getting the build (buildId: 339154777) with the following config: RepairnatorConfig{runId='d3ce7021-6f7e-4bbd-b7fc-dc7f588b701c_02-18-week2-PASSING_AND_PASSING', launcherMode=BEARS, serializeJson=true, inputPath='null', outputPath='/var/log', mongodbHost='null', mongodbName='repairnator', smtpServer='null', notifyTo=[], notifyEndProcess=false, push=true, pushRemoteRepo='https://github.com/fermadeiral/bears-collection-pp', fork=false, lookFromDate=null, lookToDate=null, buildId=339154777, z3solverPath='./z3_for_linux', workspacePath='./workspace', githubToken='c8a341a903[...]', dockerImageName='null', skipDelete=false, createOutputDir=false, logDirectory='null', nbThreads=0, globalTimeout=0, whiteList=null, blackList=null, jobSleepTime=0, buildSleepTime=0, maxInspectedBuilds=0, duration=null, humanPatch=false, repository='null', clean=true, bearsMode=BOTH, bearsDelimiter = false, repairTools=NopolAllTests,NPEFix,AssertFixer,AstorJGenProg,AstorJKali,NopolSingleTest,AstorJMut,NopolTestExclusionStrategy, githubUserName= fermadeiral, githubUserEmail=fer.madeiral@gmail.com}
03:58:59.891 [main] DEBUG fr.inria.jtravis.helpers.BuildHelper - Get request to :https://api.travis-ci.org/build/339154777 done after 852 ms
03:59:00.602 [main] DEBUG fr.inria.jtravis.helpers.BuildHelper - Get request to :https://api.travis-ci.org/build/339262871 done after 632 ms
03:59:00.639 [main] INFO  f.i.s.repairnator.pipeline.Launcher - The patched build (339262871) was successfully retrieved from Travis.
03:59:01.926 [main] INFO  fr.inria.jtravis.JTravis - GitHub ratelimit: Limit: 5000 Remaining: 4662 Reset hour: 19:24:38
03:59:02.225 [main] INFO  f.i.s.r.p.i.ProjectInspector - ----------------------------------------------------------------------
03:59:02.225 [main] INFO  f.i.s.r.p.i.ProjectInspector - PIPELINE STEPS
03:59:02.226 [main] INFO  f.i.s.r.p.i.ProjectInspector - ----------------------------------------------------------------------
03:59:02.226 [main] INFO  f.i.s.r.p.i.ProjectInspector - CloneRepository
03:59:02.226 [main] INFO  f.i.s.r.p.i.ProjectInspector - CheckoutPatchedBuildCandidate
03:59:02.226 [main] INFO  f.i.s.r.p.i.ProjectInspector - ComputeSourceDir
03:59:02.227 [main] INFO  f.i.s.r.p.i.ProjectInspector - ComputeTestDir
03:59:02.227 [main] INFO  f.i.s.r.p.i.ProjectInspector - CheckoutBuggyBuildCandidateSourceCode
03:59:02.227 [main] INFO  f.i.s.r.p.i.ProjectInspector - BuildProjectBuggyBuildCandidateSourceCode
03:59:02.227 [main] INFO  f.i.s.r.p.i.ProjectInspector - TestProjectBuggyBuildCandidateSourceCode
03:59:02.228 [main] INFO  f.i.s.r.p.i.ProjectInspector - GatherTestInformationBuggyBuildCandidateSourceCode
03:59:02.228 [main] INFO  f.i.s.r.p.i.ProjectInspector - CheckoutBuggyBuildTestCode
03:59:02.228 [main] INFO  f.i.s.r.p.i.ProjectInspector - InitRepoToPush
03:59:02.228 [main] INFO  f.i.s.r.p.i.ProjectInspector - ComputeClasspath
03:59:02.229 [main] INFO  f.i.s.r.p.i.ProjectInspector - ComputeModules
03:59:02.229 [main] INFO  f.i.s.r.p.i.ProjectInspector - CheckoutBuggyBuildCandidateSourceCode
03:59:02.229 [main] INFO  f.i.s.r.p.i.ProjectInspector - CommitChangedTests
03:59:02.229 [main] INFO  f.i.s.r.p.i.ProjectInspector - CheckoutPatchedBuildCandidate
03:59:02.230 [main] INFO  f.i.s.r.p.i.ProjectInspector - BuildProjectPatchedBuildCandidate
03:59:02.230 [main] INFO  f.i.s.r.p.i.ProjectInspector - TestProjectPatchedBuildCandidate
03:59:02.230 [main] INFO  f.i.s.r.p.i.ProjectInspector - GatherTestInformationPatchedBuildCandidate
03:59:02.231 [main] INFO  f.i.s.r.p.i.ProjectInspector - CommitPatch
03:59:02.231 [main] INFO  f.i.s.r.p.i.ProjectInspector - WritePropertyFile
03:59:02.231 [main] INFO  f.i.s.r.p.i.ProjectInspector - CommitProcessEnd
03:59:02.231 [main] INFO  f.i.s.r.p.i.ProjectInspector - PushProcessEnd
03:59:02.232 [main] DEBUG f.i.s.r.process.step.CloneRepository - ----------------------------------------------------------------------
03:59:02.232 [main] DEBUG f.i.s.r.process.step.CloneRepository - STEP 1/22: CloneRepository
03:59:02.232 [main] DEBUG f.i.s.r.process.step.CloneRepository - ----------------------------------------------------------------------
03:59:02.233 [main] DEBUG f.i.s.r.process.step.CloneRepository - Cloning repository runelite/runelite in the following directory: ./workspace/runelite/runelite/339154777
03:59:13.315 [main] DEBUG f.i.s.r.process.step.CloneRepository - STEP STATUS: [ CloneRepository : SUCCESS ]
03:59:13.316 [main] DEBUG f.i.s.r.process.step.CloneRepository - STEP DURATION: 11s
03:59:13.317 [main] DEBUG f.i.s.r.process.step.CloneRepository - EXECUTE NEXT STEP
03:59:13.317 [main] DEBUG f.i.s.r.p.s.c.CheckoutPatchedBuild - ----------------------------------------------------------------------
03:59:13.318 [main] DEBUG f.i.s.r.p.s.c.CheckoutPatchedBuild - STEP 2/22: CheckoutPatchedBuildCandidate
03:59:13.318 [main] DEBUG f.i.s.r.p.s.c.CheckoutPatchedBuild - ----------------------------------------------------------------------
03:59:13.318 [main] DEBUG f.i.s.r.p.s.c.CheckoutPatchedBuild - Checking out patched build candidate...
03:59:13.637 [main] INFO  fr.inria.jtravis.JTravis - GitHub ratelimit: Limit: 5000 Remaining: 4655 Reset hour: 19:24:38
03:59:14.039 [main] WARN  f.i.j.helpers.PullRequestHelper - The head repository is null: maybe it has been deleted from GitHub
03:59:14.039 [main] ERROR f.i.s.r.p.s.c.CheckoutPatchedBuild - Error while getting PR information.
03:59:14.040 [main] DEBUG f.i.s.r.p.s.c.CheckoutPatchedBuild - STEP STATUS: [ CheckoutPatchedBuildCandidate : FAILURE ( BUILDNOTCHECKEDOUT ) ]
03:59:14.041 [main] DEBUG f.i.s.r.p.s.c.CheckoutPatchedBuild - STEP DURATION: 0s
03:59:14.042 [main] DEBUG f.i.s.r.p.s.c.CheckoutPatchedBuild - TERMINATE PIPELINE
03:59:14.042 [main] DEBUG f.i.s.r.p.s.c.CheckoutPatchedBuild - FINAL STEPS SKIPPED: The reproduction of the bug and/or the patch failed.
03:59:14.043 [main] INFO  f.i.s.r.p.s.c.CheckoutPatchedBuild - Serialize all data for the pair of builds 339154777, 339262871
03:59:14.172 [main] INFO  fr.inria.jtravis.JTravis - GitHub ratelimit: Limit: 5000 Remaining: 4652 Reset hour: 19:24:38
03:59:15.864 [main] INFO  f.i.s.r.p.i.ProjectInspector - ----------------------------------------------------------------------
03:59:15.865 [main] INFO  f.i.s.r.p.i.ProjectInspector - PIPELINE EXECUTION SUMMARY
03:59:15.866 [main] INFO  f.i.s.r.p.i.ProjectInspector - ----------------------------------------------------------------------
03:59:15.867 [main] INFO  f.i.s.r.p.i.ProjectInspector - CloneRepository.......................................SUCCESS [ 11 s ]
03:59:15.867 [main] INFO  f.i.s.r.p.i.ProjectInspector - CheckoutPatchedBuildCandidate.........................FAILURE [  0 s ]
03:59:15.867 [main] INFO  f.i.s.r.p.i.ProjectInspector - ComputeSourceDir......................................NOT RUN         
03:59:15.867 [main] INFO  f.i.s.r.p.i.ProjectInspector - ComputeTestDir........................................NOT RUN         
03:59:15.868 [main] INFO  f.i.s.r.p.i.ProjectInspector - CheckoutBuggyBuildCandidateSourceCode.................NOT RUN         
03:59:15.868 [main] INFO  f.i.s.r.p.i.ProjectInspector - BuildProjectBuggyBuildCandidateSourceCode.............NOT RUN         
03:59:15.868 [main] INFO  f.i.s.r.p.i.ProjectInspector - TestProjectBuggyBuildCandidateSourceCode..............NOT RUN         
03:59:15.868 [main] INFO  f.i.s.r.p.i.ProjectInspector - GatherTestInformationBuggyBuildCandidateSourceCode....NOT RUN         
03:59:15.868 [main] INFO  f.i.s.r.p.i.ProjectInspector - CheckoutBuggyBuildTestCode............................NOT RUN         
03:59:15.869 [main] INFO  f.i.s.r.p.i.ProjectInspector - InitRepoToPush........................................NOT RUN         
03:59:15.869 [main] INFO  f.i.s.r.p.i.ProjectInspector - ComputeClasspath......................................NOT RUN         
03:59:15.869 [main] INFO  f.i.s.r.p.i.ProjectInspector - ComputeModules........................................NOT RUN         
03:59:15.869 [main] INFO  f.i.s.r.p.i.ProjectInspector - CheckoutBuggyBuildCandidateSourceCode.................NOT RUN         
03:59:15.869 [main] INFO  f.i.s.r.p.i.ProjectInspector - CommitChangedTests....................................NOT RUN         
03:59:15.870 [main] INFO  f.i.s.r.p.i.ProjectInspector - CheckoutPatchedBuildCandidate.........................NOT RUN         
03:59:15.870 [main] INFO  f.i.s.r.p.i.ProjectInspector - BuildProjectPatchedBuildCandidate.....................NOT RUN         
03:59:15.870 [main] INFO  f.i.s.r.p.i.ProjectInspector - TestProjectPatchedBuildCandidate......................NOT RUN         
03:59:15.870 [main] INFO  f.i.s.r.p.i.ProjectInspector - GatherTestInformationPatchedBuildCandidate............NOT RUN         
03:59:15.870 [main] INFO  f.i.s.r.p.i.ProjectInspector - CommitPatch...........................................NOT RUN         
03:59:15.871 [main] INFO  f.i.s.r.p.i.ProjectInspector - WritePropertyFile.....................................NOT RUN         
03:59:15.871 [main] INFO  f.i.s.r.p.i.ProjectInspector - CommitProcessEnd......................................NOT RUN         
03:59:15.871 [main] INFO  f.i.s.r.p.i.ProjectInspector - PushProcessEnd........................................NOT RUN         
03:59:15.871 [main] INFO  f.i.s.r.p.i.ProjectInspector - ----------------------------------------------------------------------
03:59:15.871 [main] INFO  f.i.s.r.p.i.ProjectInspector - PIPELINE FINDING: BUILDNOTCHECKEDOUT
03:59:15.871 [main] INFO  f.i.s.r.p.i.ProjectInspector - ----------------------------------------------------------------------
03:59:15.872 [main] INFO  f.i.s.repairnator.pipeline.Launcher - Inspector is finished. The process will exit now.
