06:48:50.989 [main] INFO  f.i.s.repairnator.pipeline.Launcher - PIPELINE VERSION: 3.0-2018-08-09 19:04
06:48:51.158 [main] INFO  f.i.s.repairnator.pipeline.Launcher - The pipeline will try to reproduce a bug from build 339693132 and its corresponding patch from build 341053981
06:48:51.158 [main] INFO  f.i.s.repairnator.pipeline.Launcher - Initialize file serializer engines.
06:48:51.160 [main] INFO  f.i.s.repairnator.pipeline.Launcher - MongoDB won't be used for serialization.
06:48:51.161 [main] INFO  f.i.s.repairnator.pipeline.Launcher - The email notifier engine won't be used.
06:48:51.165 [main] INFO  f.i.s.repairnator.pipeline.Launcher - Start by getting the build (buildId: 339693132) with the following config: RepairnatorConfig{runId='d3ce7021-6f7e-4bbd-b7fc-dc7f588b701c_02-18-week2-PASSING_AND_PASSING', launcherMode=BEARS, serializeJson=true, inputPath='null', outputPath='/var/log', mongodbHost='null', mongodbName='repairnator', smtpServer='null', notifyTo=[], notifyEndProcess=false, push=true, pushRemoteRepo='https://github.com/fermadeiral/bears-collection-pp', fork=false, lookFromDate=null, lookToDate=null, buildId=339693132, z3solverPath='./z3_for_linux', workspacePath='./workspace', githubToken='c8a341a903[...]', dockerImageName='null', skipDelete=false, createOutputDir=false, logDirectory='null', nbThreads=0, globalTimeout=0, whiteList=null, blackList=null, jobSleepTime=0, buildSleepTime=0, maxInspectedBuilds=0, duration=null, humanPatch=false, repository='null', clean=true, bearsMode=BOTH, bearsDelimiter = false, repairTools=NopolAllTests,NPEFix,AssertFixer,AstorJGenProg,AstorJKali,NopolSingleTest,AstorJMut,NopolTestExclusionStrategy, githubUserName= fermadeiral, githubUserEmail=fer.madeiral@gmail.com}
06:48:52.709 [main] DEBUG fr.inria.jtravis.helpers.BuildHelper - Get request to :https://api.travis-ci.org/build/339693132 done after 883 ms
06:48:52.974 [main] DEBUG fr.inria.jtravis.helpers.BuildHelper - Get request to :https://api.travis-ci.org/build/341053981 done after 129 ms
06:48:53.004 [main] INFO  f.i.s.repairnator.pipeline.Launcher - The patched build (341053981) was successfully retrieved from Travis.
06:48:54.548 [main] INFO  fr.inria.jtravis.JTravis - GitHub ratelimit: Limit: 5000 Remaining: 4944 Reset hour: 19:24:49
06:48:54.840 [main] INFO  f.i.s.r.p.i.ProjectInspector - ----------------------------------------------------------------------
06:48:54.841 [main] INFO  f.i.s.r.p.i.ProjectInspector - PIPELINE STEPS
06:48:54.841 [main] INFO  f.i.s.r.p.i.ProjectInspector - ----------------------------------------------------------------------
06:48:54.841 [main] INFO  f.i.s.r.p.i.ProjectInspector - CloneRepository
06:48:54.841 [main] INFO  f.i.s.r.p.i.ProjectInspector - CheckoutPatchedBuildCandidate
06:48:54.842 [main] INFO  f.i.s.r.p.i.ProjectInspector - ComputeSourceDir
06:48:54.842 [main] INFO  f.i.s.r.p.i.ProjectInspector - ComputeTestDir
06:48:54.842 [main] INFO  f.i.s.r.p.i.ProjectInspector - CheckoutBuggyBuildCandidateSourceCode
06:48:54.843 [main] INFO  f.i.s.r.p.i.ProjectInspector - BuildProjectBuggyBuildCandidateSourceCode
06:48:54.843 [main] INFO  f.i.s.r.p.i.ProjectInspector - TestProjectBuggyBuildCandidateSourceCode
06:48:54.843 [main] INFO  f.i.s.r.p.i.ProjectInspector - GatherTestInformationBuggyBuildCandidateSourceCode
06:48:54.843 [main] INFO  f.i.s.r.p.i.ProjectInspector - CheckoutBuggyBuildTestCode
06:48:54.844 [main] INFO  f.i.s.r.p.i.ProjectInspector - InitRepoToPush
06:48:54.844 [main] INFO  f.i.s.r.p.i.ProjectInspector - ComputeClasspath
06:48:54.844 [main] INFO  f.i.s.r.p.i.ProjectInspector - ComputeModules
06:48:54.844 [main] INFO  f.i.s.r.p.i.ProjectInspector - CheckoutBuggyBuildCandidateSourceCode
06:48:54.845 [main] INFO  f.i.s.r.p.i.ProjectInspector - CommitChangedTests
06:48:54.845 [main] INFO  f.i.s.r.p.i.ProjectInspector - CheckoutPatchedBuildCandidate
06:48:54.845 [main] INFO  f.i.s.r.p.i.ProjectInspector - BuildProjectPatchedBuildCandidate
06:48:54.845 [main] INFO  f.i.s.r.p.i.ProjectInspector - TestProjectPatchedBuildCandidate
06:48:54.846 [main] INFO  f.i.s.r.p.i.ProjectInspector - GatherTestInformationPatchedBuildCandidate
06:48:54.846 [main] INFO  f.i.s.r.p.i.ProjectInspector - CommitPatch
06:48:54.847 [main] INFO  f.i.s.r.p.i.ProjectInspector - WritePropertyFile
06:48:54.847 [main] INFO  f.i.s.r.p.i.ProjectInspector - CommitProcessEnd
06:48:54.847 [main] INFO  f.i.s.r.p.i.ProjectInspector - PushProcessEnd
06:48:54.848 [main] DEBUG f.i.s.r.process.step.CloneRepository - ----------------------------------------------------------------------
06:48:54.849 [main] DEBUG f.i.s.r.process.step.CloneRepository - STEP 1/22: CloneRepository
06:48:54.849 [main] DEBUG f.i.s.r.process.step.CloneRepository - ----------------------------------------------------------------------
06:48:54.849 [main] DEBUG f.i.s.r.process.step.CloneRepository - Cloning repository StuPro-TOSCAna/TOSCAna in the following directory: ./workspace/StuPro-TOSCAna/TOSCAna/339693132
06:49:11.211 [main] DEBUG f.i.s.r.process.step.CloneRepository - STEP STATUS: [ CloneRepository : SUCCESS ]
06:49:11.212 [main] DEBUG f.i.s.r.process.step.CloneRepository - STEP DURATION: 16s
06:49:11.212 [main] DEBUG f.i.s.r.process.step.CloneRepository - EXECUTE NEXT STEP
06:49:11.212 [main] DEBUG f.i.s.r.p.s.c.CheckoutPatchedBuild - ----------------------------------------------------------------------
06:49:11.212 [main] DEBUG f.i.s.r.p.s.c.CheckoutPatchedBuild - STEP 2/22: CheckoutPatchedBuildCandidate
06:49:11.213 [main] DEBUG f.i.s.r.p.s.c.CheckoutPatchedBuild - ----------------------------------------------------------------------
06:49:11.213 [main] DEBUG f.i.s.r.p.s.c.CheckoutPatchedBuild - Checking out patched build candidate...
06:49:11.503 [main] INFO  fr.inria.jtravis.JTravis - GitHub ratelimit: Limit: 5000 Remaining: 4925 Reset hour: 19:24:49
06:49:13.157 [main] DEBUG f.i.s.r.p.s.c.CheckoutPatchedBuild - Reproduce the PR for StuPro-TOSCAna/TOSCAna by fetching remote branch and merging.
06:49:13.323 [main] ERROR f.i.s.r.p.s.c.CheckoutPatchedBuild - Error while testing commit: org.eclipse.jgit.errors.MissingObjectException: Missing unknown 1c39cf52d3b4fac3c0abac3f54e9ad34541b7d43
06:49:13.325 [main] ERROR f.i.s.r.p.s.c.CheckoutPatchedBuild - Commit head ref cannot be retrieved from the repository: 1c39cf52d3b4fac3c0abac3f54e9ad34541b7d43. Operation aborted.
06:49:13.326 [main] ERROR f.i.s.r.p.s.c.CheckoutPatchedBuild - Error while merging two commits to reproduce the PR.
06:49:13.328 [main] DEBUG f.i.s.r.p.s.c.CheckoutPatchedBuild - STEP STATUS: [ CheckoutPatchedBuildCandidate : FAILURE ( BUILDNOTCHECKEDOUT ) ]
06:49:13.328 [main] DEBUG f.i.s.r.p.s.c.CheckoutPatchedBuild - STEP DURATION: 2s
06:49:13.329 [main] DEBUG f.i.s.r.p.s.c.CheckoutPatchedBuild - TERMINATE PIPELINE
06:49:13.329 [main] DEBUG f.i.s.r.p.s.c.CheckoutPatchedBuild - FINAL STEPS SKIPPED: The reproduction of the bug and/or the patch failed.
06:49:13.330 [main] INFO  f.i.s.r.p.s.c.CheckoutPatchedBuild - Serialize all data for the pair of builds 339693132, 341053981
06:49:13.437 [main] INFO  fr.inria.jtravis.JTravis - GitHub ratelimit: Limit: 5000 Remaining: 4918 Reset hour: 19:24:49
06:49:13.912 [main] INFO  f.i.s.r.p.i.ProjectInspector - ----------------------------------------------------------------------
06:49:13.912 [main] INFO  f.i.s.r.p.i.ProjectInspector - PIPELINE EXECUTION SUMMARY
06:49:13.912 [main] INFO  f.i.s.r.p.i.ProjectInspector - ----------------------------------------------------------------------
06:49:13.913 [main] INFO  f.i.s.r.p.i.ProjectInspector - CloneRepository.......................................SUCCESS [ 16 s ]
06:49:13.913 [main] INFO  f.i.s.r.p.i.ProjectInspector - CheckoutPatchedBuildCandidate.........................FAILURE [  2 s ]
06:49:13.913 [main] INFO  f.i.s.r.p.i.ProjectInspector - ComputeSourceDir......................................NOT RUN         
06:49:13.913 [main] INFO  f.i.s.r.p.i.ProjectInspector - ComputeTestDir........................................NOT RUN         
06:49:13.914 [main] INFO  f.i.s.r.p.i.ProjectInspector - CheckoutBuggyBuildCandidateSourceCode.................NOT RUN         
06:49:13.914 [main] INFO  f.i.s.r.p.i.ProjectInspector - BuildProjectBuggyBuildCandidateSourceCode.............NOT RUN         
06:49:13.914 [main] INFO  f.i.s.r.p.i.ProjectInspector - TestProjectBuggyBuildCandidateSourceCode..............NOT RUN         
06:49:13.914 [main] INFO  f.i.s.r.p.i.ProjectInspector - GatherTestInformationBuggyBuildCandidateSourceCode....NOT RUN         
06:49:13.915 [main] INFO  f.i.s.r.p.i.ProjectInspector - CheckoutBuggyBuildTestCode............................NOT RUN         
06:49:13.915 [main] INFO  f.i.s.r.p.i.ProjectInspector - InitRepoToPush........................................NOT RUN         
06:49:13.915 [main] INFO  f.i.s.r.p.i.ProjectInspector - ComputeClasspath......................................NOT RUN         
06:49:13.915 [main] INFO  f.i.s.r.p.i.ProjectInspector - ComputeModules........................................NOT RUN         
06:49:13.915 [main] INFO  f.i.s.r.p.i.ProjectInspector - CheckoutBuggyBuildCandidateSourceCode.................NOT RUN         
06:49:13.915 [main] INFO  f.i.s.r.p.i.ProjectInspector - CommitChangedTests....................................NOT RUN         
06:49:13.915 [main] INFO  f.i.s.r.p.i.ProjectInspector - CheckoutPatchedBuildCandidate.........................NOT RUN         
06:49:13.915 [main] INFO  f.i.s.r.p.i.ProjectInspector - BuildProjectPatchedBuildCandidate.....................NOT RUN         
06:49:13.915 [main] INFO  f.i.s.r.p.i.ProjectInspector - TestProjectPatchedBuildCandidate......................NOT RUN         
06:49:13.915 [main] INFO  f.i.s.r.p.i.ProjectInspector - GatherTestInformationPatchedBuildCandidate............NOT RUN         
06:49:13.915 [main] INFO  f.i.s.r.p.i.ProjectInspector - CommitPatch...........................................NOT RUN         
06:49:13.916 [main] INFO  f.i.s.r.p.i.ProjectInspector - WritePropertyFile.....................................NOT RUN         
06:49:13.916 [main] INFO  f.i.s.r.p.i.ProjectInspector - CommitProcessEnd......................................NOT RUN         
06:49:13.916 [main] INFO  f.i.s.r.p.i.ProjectInspector - PushProcessEnd........................................NOT RUN         
06:49:13.916 [main] INFO  f.i.s.r.p.i.ProjectInspector - ----------------------------------------------------------------------
06:49:13.916 [main] INFO  f.i.s.r.p.i.ProjectInspector - PIPELINE FINDING: BUILDNOTCHECKEDOUT
06:49:13.916 [main] INFO  f.i.s.r.p.i.ProjectInspector - ----------------------------------------------------------------------
06:49:13.916 [main] INFO  f.i.s.repairnator.pipeline.Launcher - Inspector is finished. The process will exit now.
