04:21:48.153 [main] INFO  f.i.s.repairnator.pipeline.Launcher - PIPELINE VERSION: 3.0-2018-08-09 19:04
04:21:48.281 [main] INFO  f.i.s.repairnator.pipeline.Launcher - The pipeline will try to reproduce a bug from build 341394081 and its corresponding patch from build 341394413
04:21:48.282 [main] INFO  f.i.s.repairnator.pipeline.Launcher - Initialize file serializer engines.
04:21:48.283 [main] INFO  f.i.s.repairnator.pipeline.Launcher - MongoDB won't be used for serialization.
04:21:48.284 [main] INFO  f.i.s.repairnator.pipeline.Launcher - The email notifier engine won't be used.
04:21:48.291 [main] INFO  f.i.s.repairnator.pipeline.Launcher - Start by getting the build (buildId: 341394081) with the following config: RepairnatorConfig{runId='d3ce7021-6f7e-4bbd-b7fc-dc7f588b701c_02-18-week2-PASSING_AND_PASSING', launcherMode=BEARS, serializeJson=true, inputPath='null', outputPath='/var/log', mongodbHost='null', mongodbName='repairnator', smtpServer='null', notifyTo=[], notifyEndProcess=false, push=true, pushRemoteRepo='https://github.com/fermadeiral/bears-collection-pp', fork=false, lookFromDate=null, lookToDate=null, buildId=341394081, z3solverPath='./z3_for_linux', workspacePath='./workspace', githubToken='c8a341a903[...]', dockerImageName='null', skipDelete=false, createOutputDir=false, logDirectory='null', nbThreads=0, globalTimeout=0, whiteList=null, blackList=null, jobSleepTime=0, buildSleepTime=0, maxInspectedBuilds=0, duration=null, humanPatch=false, repository='null', clean=true, bearsMode=BOTH, bearsDelimiter = false, repairTools=NopolAllTests,NPEFix,AssertFixer,AstorJGenProg,AstorJKali,NopolSingleTest,AstorJMut,NopolTestExclusionStrategy, githubUserName= fermadeiral, githubUserEmail=fer.madeiral@gmail.com}
04:21:49.549 [main] DEBUG fr.inria.jtravis.helpers.BuildHelper - Get request to :https://api.travis-ci.org/build/341394081 done after 784 ms
04:21:49.788 [main] DEBUG fr.inria.jtravis.helpers.BuildHelper - Get request to :https://api.travis-ci.org/build/341394413 done after 131 ms
04:21:49.816 [main] INFO  f.i.s.repairnator.pipeline.Launcher - The patched build (341394413) was successfully retrieved from Travis.
04:21:50.990 [main] INFO  fr.inria.jtravis.JTravis - GitHub ratelimit: Limit: 5000 Remaining: 4529 Reset hour: 19:24:38
04:21:51.396 [main] INFO  f.i.s.r.p.i.ProjectInspector - ----------------------------------------------------------------------
04:21:51.397 [main] INFO  f.i.s.r.p.i.ProjectInspector - PIPELINE STEPS
04:21:51.397 [main] INFO  f.i.s.r.p.i.ProjectInspector - ----------------------------------------------------------------------
04:21:51.397 [main] INFO  f.i.s.r.p.i.ProjectInspector - CloneRepository
04:21:51.397 [main] INFO  f.i.s.r.p.i.ProjectInspector - CheckoutPatchedBuildCandidate
04:21:51.397 [main] INFO  f.i.s.r.p.i.ProjectInspector - ComputeSourceDir
04:21:51.397 [main] INFO  f.i.s.r.p.i.ProjectInspector - ComputeTestDir
04:21:51.397 [main] INFO  f.i.s.r.p.i.ProjectInspector - CheckoutBuggyBuildCandidateSourceCode
04:21:51.398 [main] INFO  f.i.s.r.p.i.ProjectInspector - BuildProjectBuggyBuildCandidateSourceCode
04:21:51.398 [main] INFO  f.i.s.r.p.i.ProjectInspector - TestProjectBuggyBuildCandidateSourceCode
04:21:51.398 [main] INFO  f.i.s.r.p.i.ProjectInspector - GatherTestInformationBuggyBuildCandidateSourceCode
04:21:51.398 [main] INFO  f.i.s.r.p.i.ProjectInspector - CheckoutBuggyBuildTestCode
04:21:51.398 [main] INFO  f.i.s.r.p.i.ProjectInspector - InitRepoToPush
04:21:51.398 [main] INFO  f.i.s.r.p.i.ProjectInspector - ComputeClasspath
04:21:51.398 [main] INFO  f.i.s.r.p.i.ProjectInspector - ComputeModules
04:21:51.399 [main] INFO  f.i.s.r.p.i.ProjectInspector - CheckoutBuggyBuildCandidateSourceCode
04:21:51.399 [main] INFO  f.i.s.r.p.i.ProjectInspector - CommitChangedTests
04:21:51.399 [main] INFO  f.i.s.r.p.i.ProjectInspector - CheckoutPatchedBuildCandidate
04:21:51.399 [main] INFO  f.i.s.r.p.i.ProjectInspector - BuildProjectPatchedBuildCandidate
04:21:51.399 [main] INFO  f.i.s.r.p.i.ProjectInspector - TestProjectPatchedBuildCandidate
04:21:51.399 [main] INFO  f.i.s.r.p.i.ProjectInspector - GatherTestInformationPatchedBuildCandidate
04:21:51.399 [main] INFO  f.i.s.r.p.i.ProjectInspector - CommitPatch
04:21:51.399 [main] INFO  f.i.s.r.p.i.ProjectInspector - WritePropertyFile
04:21:51.400 [main] INFO  f.i.s.r.p.i.ProjectInspector - CommitProcessEnd
04:21:51.401 [main] INFO  f.i.s.r.p.i.ProjectInspector - PushProcessEnd
04:21:51.402 [main] DEBUG f.i.s.r.process.step.CloneRepository - ----------------------------------------------------------------------
04:21:51.402 [main] DEBUG f.i.s.r.process.step.CloneRepository - STEP 1/22: CloneRepository
04:21:51.402 [main] DEBUG f.i.s.r.process.step.CloneRepository - ----------------------------------------------------------------------
04:21:51.403 [main] DEBUG f.i.s.r.process.step.CloneRepository - Cloning repository apache/storm in the following directory: ./workspace/apache/storm/341394081
04:22:26.886 [main] DEBUG f.i.s.r.process.step.CloneRepository - STEP STATUS: [ CloneRepository : SUCCESS ]
04:22:26.886 [main] DEBUG f.i.s.r.process.step.CloneRepository - STEP DURATION: 35s
04:22:26.887 [main] DEBUG f.i.s.r.process.step.CloneRepository - EXECUTE NEXT STEP
04:22:26.888 [main] DEBUG f.i.s.r.p.s.c.CheckoutPatchedBuild - ----------------------------------------------------------------------
04:22:26.889 [main] DEBUG f.i.s.r.p.s.c.CheckoutPatchedBuild - STEP 2/22: CheckoutPatchedBuildCandidate
04:22:26.889 [main] DEBUG f.i.s.r.p.s.c.CheckoutPatchedBuild - ----------------------------------------------------------------------
04:22:26.890 [main] DEBUG f.i.s.r.p.s.c.CheckoutPatchedBuild - Checking out patched build candidate...
04:22:27.221 [main] INFO  fr.inria.jtravis.JTravis - GitHub ratelimit: Limit: 5000 Remaining: 4524 Reset hour: 19:24:38
04:22:30.086 [main] DEBUG f.i.s.r.p.s.c.CheckoutPatchedBuild - Reproduce the PR for apache/storm by fetching remote branch and merging.
04:22:33.973 [main] DEBUG f.i.s.r.process.git.GitHelper - Step CheckoutPatchedBuildCandidate - Get the commit bc4c480705fa543913b66befccabe8fa3bbe35f0 for repo apache/storm
04:22:35.321 [main] DEBUG f.i.s.r.process.git.GitHelper - Step CheckoutPatchedBuildCandidate - Do the merge with the PR commit for repo apache/storm
04:22:35.336 [main] INFO  f.i.s.r.process.git.GitHelper - Init git submodules.
04:22:35.425 [main] DEBUG f.i.s.r.p.s.c.CheckoutPatchedBuild - STEP STATUS: [ CheckoutPatchedBuildCandidate : SUCCESS ]
04:22:35.426 [main] DEBUG f.i.s.r.p.s.c.CheckoutPatchedBuild - STEP DURATION: 8s
04:22:35.426 [main] DEBUG f.i.s.r.p.s.c.CheckoutPatchedBuild - EXECUTE NEXT STEP
04:22:35.427 [main] DEBUG f.i.s.r.p.s.paths.ComputeSourceDir - ----------------------------------------------------------------------
04:22:35.427 [main] DEBUG f.i.s.r.p.s.paths.ComputeSourceDir - STEP 3/22: ComputeSourceDir
04:22:35.428 [main] DEBUG f.i.s.r.p.s.paths.ComputeSourceDir - ----------------------------------------------------------------------
04:22:35.429 [main] DEBUG f.i.s.r.p.s.paths.ComputeSourceDir - Computing the source directory ...
04:22:35.431 [main] DEBUG f.i.s.r.p.s.paths.ComputeSourceDir - The default source directory (/root/workspace/apache/storm/341394081/src/main/java) does not exist. Try to read pom.xml to get information.
04:22:35.546 [main] DEBUG f.i.s.r.p.m.RepositoryModelResolver - Downloading https://repo1.maven.org/maven2/org/apache/apache/18/apache-18.pom
04:22:35.711 [main] DEBUG f.i.s.r.p.m.RepositoryModelResolver - Downloading https://repo1.maven.org/maven2/com/fasterxml/jackson/jackson-bom/2.9.2/jackson-bom-2.9.2.pom
04:22:35.800 [main] DEBUG f.i.s.r.p.m.RepositoryModelResolver - Downloading https://repo1.maven.org/maven2/com/fasterxml/jackson/jackson-parent/2.9.1/jackson-parent-2.9.1.pom
04:22:35.885 [main] DEBUG f.i.s.r.p.m.RepositoryModelResolver - Downloading https://repo1.maven.org/maven2/com/fasterxml/oss-parent/30/oss-parent-30.pom
04:22:36.003 [main] DEBUG f.i.s.r.p.s.paths.ComputeSourceDir - The source directory given in pom.xml (/root/workspace/apache/storm/341394081/src/main/java) does not exist. Continue to try to get source dir from all modules.
04:22:36.004 [main] DEBUG f.i.s.r.p.s.paths.ComputeSourceDir - The default source directory (/root/workspace/apache/storm/341394081/storm-checkstyle/src/main/java) does not exist. Try to read pom.xml to get information.
04:22:36.072 [main] DEBUG f.i.s.r.p.s.paths.ComputeSourceDir - The source directory given in pom.xml (/root/workspace/apache/storm/341394081/storm-checkstyle/src/main/java) does not exist. Continue to try to get source dir from all modules.
04:22:36.073 [main] ERROR f.i.s.r.p.s.paths.ComputeSourceDir - The source directory is not at default location or specified in build section from pom.xml, and no parent can be found.
04:22:36.082 [main] DEBUG f.i.s.r.p.s.paths.ComputeSourceDir - The default source directory (/root/workspace/apache/storm/341394081/storm-multilang/javascript/src/main/java) does not exist. Try to read pom.xml to get information.
04:22:36.109 [main] DEBUG f.i.s.r.p.s.paths.ComputeSourceDir - The source directory given in pom.xml (/root/workspace/apache/storm/341394081/storm-multilang/javascript/src/main/java) does not exist. Continue to try to get source dir from all modules.
04:22:36.110 [main] ERROR f.i.s.r.p.s.paths.ComputeSourceDir - The source directory is not at default location or specified in build section from pom.xml, and no parent can be found.
04:22:36.110 [main] DEBUG f.i.s.r.p.s.paths.ComputeSourceDir - The default source directory (/root/workspace/apache/storm/341394081/storm-multilang/python/src/main/java) does not exist. Try to read pom.xml to get information.
04:22:36.128 [main] DEBUG f.i.s.r.p.s.paths.ComputeSourceDir - The source directory given in pom.xml (/root/workspace/apache/storm/341394081/storm-multilang/python/src/main/java) does not exist. Continue to try to get source dir from all modules.
04:22:36.129 [main] ERROR f.i.s.r.p.s.paths.ComputeSourceDir - The source directory is not at default location or specified in build section from pom.xml, and no parent can be found.
04:22:36.129 [main] DEBUG f.i.s.r.p.s.paths.ComputeSourceDir - The default source directory (/root/workspace/apache/storm/341394081/storm-multilang/ruby/src/main/java) does not exist. Try to read pom.xml to get information.
04:22:36.144 [main] DEBUG f.i.s.r.p.s.paths.ComputeSourceDir - The source directory given in pom.xml (/root/workspace/apache/storm/341394081/storm-multilang/ruby/src/main/java) does not exist. Continue to try to get source dir from all modules.
04:22:36.144 [main] ERROR f.i.s.r.p.s.paths.ComputeSourceDir - The source directory is not at default location or specified in build section from pom.xml, and no parent can be found.
04:22:36.169 [main] DEBUG f.i.s.r.p.s.paths.ComputeSourceDir - The default source directory (/root/workspace/apache/storm/341394081/storm-client/src/main/java) does not exist. Try to read pom.xml to get information.
04:22:36.199 [main] DEBUG f.i.s.r.p.s.paths.ComputeSourceDir - The default source directory (/root/workspace/apache/storm/341394081/storm-core/src/main/java) does not exist. Try to read pom.xml to get information.
04:22:36.244 [main] DEBUG f.i.s.r.p.s.paths.ComputeSourceDir - The default source directory (/root/workspace/apache/storm/341394081/storm-clojure-test/src/main/java) does not exist. Try to read pom.xml to get information.
04:22:36.258 [main] DEBUG f.i.s.r.p.s.paths.ComputeSourceDir - The source directory given in pom.xml (/root/workspace/apache/storm/341394081/storm-clojure-test/src/main/java) does not exist. Continue to try to get source dir from all modules.
04:22:36.258 [main] ERROR f.i.s.r.p.s.paths.ComputeSourceDir - The source directory is not at default location or specified in build section from pom.xml, and no parent can be found.
04:22:36.270 [main] DEBUG f.i.s.r.p.s.paths.ComputeSourceDir - The default source directory (/root/workspace/apache/storm/341394081/flux/src/main/java) does not exist. Try to read pom.xml to get information.
04:22:36.281 [main] DEBUG f.i.s.r.p.s.paths.ComputeSourceDir - The source directory given in pom.xml (/root/workspace/apache/storm/341394081/flux/src/main/java) does not exist. Continue to try to get source dir from all modules.
04:22:36.327 [main] DEBUG f.i.s.r.p.s.paths.ComputeSourceDir - The default source directory (/root/workspace/apache/storm/341394081/sql/src/main/java) does not exist. Try to read pom.xml to get information.
04:22:36.337 [main] DEBUG f.i.s.r.p.s.paths.ComputeSourceDir - The source directory given in pom.xml (/root/workspace/apache/storm/341394081/sql/src/main/java) does not exist. Continue to try to get source dir from all modules.
04:22:36.338 [main] DEBUG f.i.s.r.p.s.paths.ComputeSourceDir - The default source directory (/root/workspace/apache/storm/341394081/sql/storm-sql-core/src/main/java) does not exist. Try to read pom.xml to get information.
04:22:36.349 [main] DEBUG f.i.s.r.p.s.paths.ComputeSourceDir - The default source directory (/root/workspace/apache/storm/341394081/sql/storm-sql-runtime/src/main/java) does not exist. Try to read pom.xml to get information.
04:22:36.360 [main] DEBUG f.i.s.r.p.s.paths.ComputeSourceDir - The default source directory (/root/workspace/apache/storm/341394081/sql/storm-sql-external/storm-sql-kafka/src/main/java) does not exist. Try to read pom.xml to get information.
04:22:36.373 [main] DEBUG f.i.s.r.p.s.paths.ComputeSourceDir - The default source directory (/root/workspace/apache/storm/341394081/sql/storm-sql-external/storm-sql-redis/src/main/java) does not exist. Try to read pom.xml to get information.
04:22:36.384 [main] DEBUG f.i.s.r.p.s.paths.ComputeSourceDir - The default source directory (/root/workspace/apache/storm/341394081/sql/storm-sql-external/storm-sql-mongodb/src/main/java) does not exist. Try to read pom.xml to get information.
04:22:36.395 [main] DEBUG f.i.s.r.p.s.paths.ComputeSourceDir - The default source directory (/root/workspace/apache/storm/341394081/sql/storm-sql-external/storm-sql-hdfs/src/main/java) does not exist. Try to read pom.xml to get information.
04:22:36.415 [main] DEBUG f.i.s.r.p.s.paths.ComputeSourceDir - The default source directory (/root/workspace/apache/storm/341394081/external/storm-kafka/src/main/java) does not exist. Try to read pom.xml to get information.
04:22:36.723 [main] DEBUG f.i.s.r.p.s.paths.ComputeSourceDir - The default source directory (/root/workspace/apache/storm/341394081/examples/storm-starter/src/main/java) does not exist. Try to read pom.xml to get information.
04:22:36.900 [main] INFO  f.i.s.r.p.s.paths.ComputeSourceDir - 60 source dirs were found:
04:22:36.900 [main] INFO  f.i.s.r.p.s.paths.ComputeSourceDir - /root/workspace/apache/storm/341394081/examples/storm-elasticsearch-examples/src/main/java
04:22:36.901 [main] INFO  f.i.s.r.p.s.paths.ComputeSourceDir - /root/workspace/apache/storm/341394081/examples/storm-hbase-examples/src/main/java
04:22:36.901 [main] INFO  f.i.s.r.p.s.paths.ComputeSourceDir - /root/workspace/apache/storm/341394081/examples/storm-hdfs-examples/src/main/java
04:22:36.901 [main] INFO  f.i.s.r.p.s.paths.ComputeSourceDir - /root/workspace/apache/storm/341394081/examples/storm-hive-examples/src/main/java
04:22:36.901 [main] INFO  f.i.s.r.p.s.paths.ComputeSourceDir - /root/workspace/apache/storm/341394081/examples/storm-jdbc-examples/src/main/java
04:22:36.902 [main] INFO  f.i.s.r.p.s.paths.ComputeSourceDir - /root/workspace/apache/storm/341394081/examples/storm-jms-examples/src/main/java
04:22:36.902 [main] INFO  f.i.s.r.p.s.paths.ComputeSourceDir - /root/workspace/apache/storm/341394081/examples/storm-kafka-client-examples/src/main/java
04:22:36.902 [main] INFO  f.i.s.r.p.s.paths.ComputeSourceDir - /root/workspace/apache/storm/341394081/examples/storm-kafka-examples/src/main/java
04:22:36.902 [main] INFO  f.i.s.r.p.s.paths.ComputeSourceDir - /root/workspace/apache/storm/341394081/examples/storm-loadgen/src/main/java
04:22:36.903 [main] INFO  f.i.s.r.p.s.paths.ComputeSourceDir - /root/workspace/apache/storm/341394081/examples/storm-mongodb-examples/src/main/java
04:22:36.903 [main] INFO  f.i.s.r.p.s.paths.ComputeSourceDir - /root/workspace/apache/storm/341394081/examples/storm-mqtt-examples/src/main/java
04:22:36.903 [main] INFO  f.i.s.r.p.s.paths.ComputeSourceDir - /root/workspace/apache/storm/341394081/examples/storm-opentsdb-examples/src/main/java
04:22:36.903 [main] INFO  f.i.s.r.p.s.paths.ComputeSourceDir - /root/workspace/apache/storm/341394081/examples/storm-perf/src/main/java
04:22:36.904 [main] INFO  f.i.s.r.p.s.paths.ComputeSourceDir - /root/workspace/apache/storm/341394081/examples/storm-pmml-examples/src/main/java
04:22:36.904 [main] INFO  f.i.s.r.p.s.paths.ComputeSourceDir - /root/workspace/apache/storm/341394081/examples/storm-redis-examples/src/main/java
04:22:36.904 [main] INFO  f.i.s.r.p.s.paths.ComputeSourceDir - /root/workspace/apache/storm/341394081/examples/storm-rocketmq-examples/src/main/java
04:22:36.904 [main] INFO  f.i.s.r.p.s.paths.ComputeSourceDir - /root/workspace/apache/storm/341394081/examples/storm-solr-examples/src/main/java
04:22:36.905 [main] INFO  f.i.s.r.p.s.paths.ComputeSourceDir - /root/workspace/apache/storm/341394081/examples/storm-starter/src/jvm
04:22:36.905 [main] INFO  f.i.s.r.p.s.paths.ComputeSourceDir - /root/workspace/apache/storm/341394081/external/storm-autocreds/src/main/java
04:22:36.905 [main] INFO  f.i.s.r.p.s.paths.ComputeSourceDir - /root/workspace/apache/storm/341394081/external/storm-blobstore-migration/src/main/java
04:22:36.905 [main] INFO  f.i.s.r.p.s.paths.ComputeSourceDir - /root/workspace/apache/storm/341394081/external/storm-cassandra/src/main/java
04:22:36.906 [main] INFO  f.i.s.r.p.s.paths.ComputeSourceDir - /root/workspace/apache/storm/341394081/external/storm-druid/src/main/java
04:22:36.906 [main] INFO  f.i.s.r.p.s.paths.ComputeSourceDir - /root/workspace/apache/storm/341394081/external/storm-elasticsearch/src/main/java
04:22:36.906 [main] INFO  f.i.s.r.p.s.paths.ComputeSourceDir - /root/workspace/apache/storm/341394081/external/storm-eventhubs/src/main/java
04:22:36.906 [main] INFO  f.i.s.r.p.s.paths.ComputeSourceDir - /root/workspace/apache/storm/341394081/external/storm-hbase/src/main/java
04:22:36.906 [main] INFO  f.i.s.r.p.s.paths.ComputeSourceDir - /root/workspace/apache/storm/341394081/external/storm-hdfs-blobstore/src/main/java
04:22:36.907 [main] INFO  f.i.s.r.p.s.paths.ComputeSourceDir - /root/workspace/apache/storm/341394081/external/storm-hdfs/src/main/java
04:22:36.907 [main] INFO  f.i.s.r.p.s.paths.ComputeSourceDir - /root/workspace/apache/storm/341394081/external/storm-hive/src/main/java
04:22:36.907 [main] INFO  f.i.s.r.p.s.paths.ComputeSourceDir - /root/workspace/apache/storm/341394081/external/storm-jdbc/src/main/java
04:22:36.907 [main] INFO  f.i.s.r.p.s.paths.ComputeSourceDir - /root/workspace/apache/storm/341394081/external/storm-jms/src/main/java
04:22:36.908 [main] INFO  f.i.s.r.p.s.paths.ComputeSourceDir - /root/workspace/apache/storm/341394081/external/storm-kafka-client/src/main/java
04:22:36.908 [main] INFO  f.i.s.r.p.s.paths.ComputeSourceDir - /root/workspace/apache/storm/341394081/external/storm-kafka-monitor/src/main/java
04:22:36.908 [main] INFO  f.i.s.r.p.s.paths.ComputeSourceDir - /root/workspace/apache/storm/341394081/external/storm-kafka/src/jvm
04:22:36.909 [main] INFO  f.i.s.r.p.s.paths.ComputeSourceDir - /root/workspace/apache/storm/341394081/external/storm-kinesis/src/main/java
04:22:36.913 [main] INFO  f.i.s.r.p.s.paths.ComputeSourceDir - /root/workspace/apache/storm/341394081/external/storm-metrics/src/main/java
04:22:36.914 [main] INFO  f.i.s.r.p.s.paths.ComputeSourceDir - /root/workspace/apache/storm/341394081/external/storm-mongodb/src/main/java
04:22:36.914 [main] INFO  f.i.s.r.p.s.paths.ComputeSourceDir - /root/workspace/apache/storm/341394081/external/storm-mqtt/src/main/java
04:22:36.914 [main] INFO  f.i.s.r.p.s.paths.ComputeSourceDir - /root/workspace/apache/storm/341394081/external/storm-opentsdb/src/main/java
04:22:36.914 [main] INFO  f.i.s.r.p.s.paths.ComputeSourceDir - /root/workspace/apache/storm/341394081/external/storm-pmml/src/main/java
04:22:36.915 [main] INFO  f.i.s.r.p.s.paths.ComputeSourceDir - /root/workspace/apache/storm/341394081/external/storm-redis/src/main/java
04:22:36.915 [main] INFO  f.i.s.r.p.s.paths.ComputeSourceDir - /root/workspace/apache/storm/341394081/external/storm-rocketmq/src/main/java
04:22:36.915 [main] INFO  f.i.s.r.p.s.paths.ComputeSourceDir - /root/workspace/apache/storm/341394081/external/storm-solr/src/main/java
04:22:36.916 [main] INFO  f.i.s.r.p.s.paths.ComputeSourceDir - /root/workspace/apache/storm/341394081/flux/flux-core/src/main/java
04:22:36.916 [main] INFO  f.i.s.r.p.s.paths.ComputeSourceDir - /root/workspace/apache/storm/341394081/flux/flux-examples/src/main/java
04:22:36.916 [main] INFO  f.i.s.r.p.s.paths.ComputeSourceDir - /root/workspace/apache/storm/341394081/flux/flux-wrappers/src/main/java
04:22:36.916 [main] INFO  f.i.s.r.p.s.paths.ComputeSourceDir - /root/workspace/apache/storm/341394081/integration-test/src/main/java
04:22:36.916 [main] INFO  f.i.s.r.p.s.paths.ComputeSourceDir - /root/workspace/apache/storm/341394081/sql/storm-sql-core/src/jvm
04:22:36.917 [main] INFO  f.i.s.r.p.s.paths.ComputeSourceDir - /root/workspace/apache/storm/341394081/sql/storm-sql-external/storm-sql-hdfs/src/jvm
04:22:36.917 [main] INFO  f.i.s.r.p.s.paths.ComputeSourceDir - /root/workspace/apache/storm/341394081/sql/storm-sql-external/storm-sql-kafka/src/jvm
04:22:36.917 [main] INFO  f.i.s.r.p.s.paths.ComputeSourceDir - /root/workspace/apache/storm/341394081/sql/storm-sql-external/storm-sql-mongodb/src/jvm
04:22:36.917 [main] INFO  f.i.s.r.p.s.paths.ComputeSourceDir - /root/workspace/apache/storm/341394081/sql/storm-sql-external/storm-sql-redis/src/jvm
04:22:36.917 [main] INFO  f.i.s.r.p.s.paths.ComputeSourceDir - /root/workspace/apache/storm/341394081/sql/storm-sql-runtime/src/jvm
04:22:36.918 [main] INFO  f.i.s.r.p.s.paths.ComputeSourceDir - /root/workspace/apache/storm/341394081/storm-buildtools/maven-shade-clojure-transformer/src/main/java
04:22:36.918 [main] INFO  f.i.s.r.p.s.paths.ComputeSourceDir - /root/workspace/apache/storm/341394081/storm-buildtools/storm-maven-plugins/src/main/java
04:22:36.918 [main] INFO  f.i.s.r.p.s.paths.ComputeSourceDir - /root/workspace/apache/storm/341394081/storm-client/src/jvm
04:22:36.918 [main] INFO  f.i.s.r.p.s.paths.ComputeSourceDir - /root/workspace/apache/storm/341394081/storm-clojure/src/main/java
04:22:36.919 [main] INFO  f.i.s.r.p.s.paths.ComputeSourceDir - /root/workspace/apache/storm/341394081/storm-core/src/jvm
04:22:36.919 [main] INFO  f.i.s.r.p.s.paths.ComputeSourceDir - /root/workspace/apache/storm/341394081/storm-server/src/main/java
04:22:36.919 [main] INFO  f.i.s.r.p.s.paths.ComputeSourceDir - /root/workspace/apache/storm/341394081/storm-submit-tools/src/main/java
04:22:36.920 [main] INFO  f.i.s.r.p.s.paths.ComputeSourceDir - /root/workspace/apache/storm/341394081/storm-webapp/src/main/java
04:22:36.980 [main] DEBUG f.i.s.r.p.s.paths.ComputeSourceDir - Compute the line of code of the project
04:22:37.167 [main] DEBUG f.i.s.r.p.s.paths.ComputeSourceDir - Get result from cloc process...
04:22:37.168 [main] DEBUG f.i.s.r.p.s.paths.ComputeSourceDir - STEP STATUS: [ ComputeSourceDir : SUCCESS ]
04:22:37.168 [main] DEBUG f.i.s.r.p.s.paths.ComputeSourceDir - STEP DURATION: 1s
04:22:37.168 [main] DEBUG f.i.s.r.p.s.paths.ComputeSourceDir - EXECUTE NEXT STEP
04:22:37.169 [main] DEBUG f.i.s.r.p.step.paths.ComputeTestDir - ----------------------------------------------------------------------
04:22:37.169 [main] DEBUG f.i.s.r.p.step.paths.ComputeTestDir - STEP 4/22: ComputeTestDir
04:22:37.169 [main] DEBUG f.i.s.r.p.step.paths.ComputeTestDir - ----------------------------------------------------------------------
04:22:37.169 [main] DEBUG f.i.s.r.p.step.paths.ComputeTestDir - Computing the test directory ...
04:22:37.170 [main] DEBUG f.i.s.r.p.step.paths.ComputeTestDir - The default test directory (/root/workspace/apache/storm/341394081/src/test/java) does not exist. Try to read pom.xml to get information.
04:22:37.178 [main] DEBUG f.i.s.r.p.step.paths.ComputeTestDir - The test directory given in pom.xml (/root/workspace/apache/storm/341394081/src/test/java) does not exist. Continue to try to get test dir from all modules.
04:22:37.178 [main] DEBUG f.i.s.r.p.step.paths.ComputeTestDir - The default test directory (/root/workspace/apache/storm/341394081/storm-checkstyle/src/test/java) does not exist. Try to read pom.xml to get information.
04:22:37.186 [main] DEBUG f.i.s.r.p.step.paths.ComputeTestDir - The test directory given in pom.xml (/root/workspace/apache/storm/341394081/storm-checkstyle/src/test/java) does not exist. Continue to try to get test dir from all modules.
04:22:37.186 [main] ERROR f.i.s.r.p.step.paths.ComputeTestDir - The test directory is not at default location or specified in build section from pom.xml, and no parent can be found.
04:22:37.186 [main] DEBUG f.i.s.r.p.step.paths.ComputeTestDir - The default test directory (/root/workspace/apache/storm/341394081/storm-multilang/javascript/src/test/java) does not exist. Try to read pom.xml to get information.
04:22:37.193 [main] DEBUG f.i.s.r.p.step.paths.ComputeTestDir - The test directory given in pom.xml (/root/workspace/apache/storm/341394081/storm-multilang/javascript/src/test/java) does not exist. Continue to try to get test dir from all modules.
04:22:37.193 [main] ERROR f.i.s.r.p.step.paths.ComputeTestDir - The test directory is not at default location or specified in build section from pom.xml, and no parent can be found.
04:22:37.194 [main] DEBUG f.i.s.r.p.step.paths.ComputeTestDir - The default test directory (/root/workspace/apache/storm/341394081/storm-multilang/python/src/test/java) does not exist. Try to read pom.xml to get information.
04:22:37.201 [main] DEBUG f.i.s.r.p.step.paths.ComputeTestDir - The test directory given in pom.xml (/root/workspace/apache/storm/341394081/storm-multilang/python/src/test/java) does not exist. Continue to try to get test dir from all modules.
04:22:37.201 [main] ERROR f.i.s.r.p.step.paths.ComputeTestDir - The test directory is not at default location or specified in build section from pom.xml, and no parent can be found.
04:22:37.201 [main] DEBUG f.i.s.r.p.step.paths.ComputeTestDir - The default test directory (/root/workspace/apache/storm/341394081/storm-multilang/ruby/src/test/java) does not exist. Try to read pom.xml to get information.
04:22:37.212 [main] DEBUG f.i.s.r.p.step.paths.ComputeTestDir - The test directory given in pom.xml (/root/workspace/apache/storm/341394081/storm-multilang/ruby/src/test/java) does not exist. Continue to try to get test dir from all modules.
04:22:37.213 [main] ERROR f.i.s.r.p.step.paths.ComputeTestDir - The test directory is not at default location or specified in build section from pom.xml, and no parent can be found.
04:22:37.213 [main] DEBUG f.i.s.r.p.step.paths.ComputeTestDir - The default test directory (/root/workspace/apache/storm/341394081/storm-buildtools/maven-shade-clojure-transformer/src/test/java) does not exist. Try to read pom.xml to get information.
04:22:37.223 [main] DEBUG f.i.s.r.p.step.paths.ComputeTestDir - The test directory given in pom.xml (/root/workspace/apache/storm/341394081/storm-buildtools/maven-shade-clojure-transformer/src/test/java) does not exist. Continue to try to get test dir from all modules.
04:22:37.223 [main] ERROR f.i.s.r.p.step.paths.ComputeTestDir - The test directory is not at default location or specified in build section from pom.xml, and no parent can be found.
04:22:37.223 [main] DEBUG f.i.s.r.p.step.paths.ComputeTestDir - The default test directory (/root/workspace/apache/storm/341394081/storm-buildtools/storm-maven-plugins/src/test/java) does not exist. Try to read pom.xml to get information.
04:22:37.270 [main] DEBUG f.i.s.r.p.step.paths.ComputeTestDir - The test directory given in pom.xml (/root/workspace/apache/storm/341394081/storm-buildtools/storm-maven-plugins/src/test/java) does not exist. Continue to try to get test dir from all modules.
04:22:37.270 [main] ERROR f.i.s.r.p.step.paths.ComputeTestDir - The test directory is not at default location or specified in build section from pom.xml, and no parent can be found.
04:22:37.271 [main] DEBUG f.i.s.r.p.step.paths.ComputeTestDir - The default test directory (/root/workspace/apache/storm/341394081/storm-client/src/test/java) does not exist. Try to read pom.xml to get information.
04:22:37.287 [main] DEBUG f.i.s.r.p.step.paths.ComputeTestDir - The default test directory (/root/workspace/apache/storm/341394081/storm-core/src/test/java) does not exist. Try to read pom.xml to get information.
04:22:37.305 [main] DEBUG f.i.s.r.p.step.paths.ComputeTestDir - The default test directory (/root/workspace/apache/storm/341394081/storm-clojure/src/test/java) does not exist. Try to read pom.xml to get information.
04:22:37.318 [main] DEBUG f.i.s.r.p.step.paths.ComputeTestDir - The test directory given in pom.xml (/root/workspace/apache/storm/341394081/storm-clojure/src/test/java) does not exist. Continue to try to get test dir from all modules.
04:22:37.318 [main] ERROR f.i.s.r.p.step.paths.ComputeTestDir - The test directory is not at default location or specified in build section from pom.xml, and no parent can be found.
04:22:37.319 [main] DEBUG f.i.s.r.p.step.paths.ComputeTestDir - The default test directory (/root/workspace/apache/storm/341394081/storm-clojure-test/src/test/java) does not exist. Try to read pom.xml to get information.
04:22:37.326 [main] DEBUG f.i.s.r.p.step.paths.ComputeTestDir - The test directory given in pom.xml (/root/workspace/apache/storm/341394081/storm-clojure-test/src/test/java) does not exist. Continue to try to get test dir from all modules.
04:22:37.327 [main] ERROR f.i.s.r.p.step.paths.ComputeTestDir - The test directory is not at default location or specified in build section from pom.xml, and no parent can be found.
04:22:37.334 [main] DEBUG f.i.s.r.p.step.paths.ComputeTestDir - The default test directory (/root/workspace/apache/storm/341394081/flux/src/test/java) does not exist. Try to read pom.xml to get information.
04:22:37.341 [main] DEBUG f.i.s.r.p.step.paths.ComputeTestDir - The test directory given in pom.xml (/root/workspace/apache/storm/341394081/flux/src/test/java) does not exist. Continue to try to get test dir from all modules.
04:22:37.342 [main] DEBUG f.i.s.r.p.step.paths.ComputeTestDir - The default test directory (/root/workspace/apache/storm/341394081/flux/flux-wrappers/src/test/java) does not exist. Try to read pom.xml to get information.
04:22:37.357 [main] DEBUG f.i.s.r.p.step.paths.ComputeTestDir - The test directory given in pom.xml (/root/workspace/apache/storm/341394081/flux/flux-wrappers/src/test/java) does not exist. Continue to try to get test dir from all modules.
04:22:37.357 [main] ERROR f.i.s.r.p.step.paths.ComputeTestDir - The test directory is not at default location or specified in build section from pom.xml, and no parent can be found.
04:22:37.369 [main] DEBUG f.i.s.r.p.step.paths.ComputeTestDir - The default test directory (/root/workspace/apache/storm/341394081/flux/flux-examples/src/test/java) does not exist. Try to read pom.xml to get information.
04:22:37.378 [main] DEBUG f.i.s.r.p.step.paths.ComputeTestDir - The test directory given in pom.xml (/root/workspace/apache/storm/341394081/flux/flux-examples/src/test/java) does not exist. Continue to try to get test dir from all modules.
04:22:37.378 [main] ERROR f.i.s.r.p.step.paths.ComputeTestDir - The test directory is not at default location or specified in build section from pom.xml, and no parent can be found.
04:22:37.378 [main] DEBUG f.i.s.r.p.step.paths.ComputeTestDir - The default test directory (/root/workspace/apache/storm/341394081/sql/src/test/java) does not exist. Try to read pom.xml to get information.
04:22:37.386 [main] DEBUG f.i.s.r.p.step.paths.ComputeTestDir - The test directory given in pom.xml (/root/workspace/apache/storm/341394081/sql/src/test/java) does not exist. Continue to try to get test dir from all modules.
04:22:37.390 [main] DEBUG f.i.s.r.p.step.paths.ComputeTestDir - The default test directory (/root/workspace/apache/storm/341394081/sql/storm-sql-core/src/test/java) does not exist. Try to read pom.xml to get information.
04:22:37.405 [main] DEBUG f.i.s.r.p.step.paths.ComputeTestDir - The default test directory (/root/workspace/apache/storm/341394081/sql/storm-sql-runtime/src/test/java) does not exist. Try to read pom.xml to get information.
04:22:37.412 [main] DEBUG f.i.s.r.p.step.paths.ComputeTestDir - The default test directory (/root/workspace/apache/storm/341394081/sql/storm-sql-external/storm-sql-kafka/src/test/java) does not exist. Try to read pom.xml to get information.
04:22:37.420 [main] DEBUG f.i.s.r.p.step.paths.ComputeTestDir - The default test directory (/root/workspace/apache/storm/341394081/sql/storm-sql-external/storm-sql-redis/src/test/java) does not exist. Try to read pom.xml to get information.
04:22:37.428 [main] DEBUG f.i.s.r.p.step.paths.ComputeTestDir - The default test directory (/root/workspace/apache/storm/341394081/sql/storm-sql-external/storm-sql-mongodb/src/test/java) does not exist. Try to read pom.xml to get information.
04:22:37.435 [main] DEBUG f.i.s.r.p.step.paths.ComputeTestDir - The default test directory (/root/workspace/apache/storm/341394081/sql/storm-sql-external/storm-sql-hdfs/src/test/java) does not exist. Try to read pom.xml to get information.
04:22:37.444 [main] DEBUG f.i.s.r.p.step.paths.ComputeTestDir - The default test directory (/root/workspace/apache/storm/341394081/external/storm-autocreds/src/test/java) does not exist. Try to read pom.xml to get information.
04:22:37.451 [main] DEBUG f.i.s.r.p.step.paths.ComputeTestDir - The test directory given in pom.xml (/root/workspace/apache/storm/341394081/external/storm-autocreds/src/test/java) does not exist. Continue to try to get test dir from all modules.
04:22:37.451 [main] ERROR f.i.s.r.p.step.paths.ComputeTestDir - The test directory is not at default location or specified in build section from pom.xml, and no parent can be found.
04:22:37.451 [main] DEBUG f.i.s.r.p.step.paths.ComputeTestDir - The default test directory (/root/workspace/apache/storm/341394081/external/storm-kafka/src/test/java) does not exist. Try to read pom.xml to get information.
04:22:37.516 [main] DEBUG f.i.s.r.p.step.paths.ComputeTestDir - The default test directory (/root/workspace/apache/storm/341394081/external/storm-solr/src/test/java) does not exist. Try to read pom.xml to get information.
04:22:37.523 [main] DEBUG f.i.s.r.p.step.paths.ComputeTestDir - The test directory given in pom.xml (/root/workspace/apache/storm/341394081/external/storm-solr/src/test/java) does not exist. Continue to try to get test dir from all modules.
04:22:37.523 [main] ERROR f.i.s.r.p.step.paths.ComputeTestDir - The test directory is not at default location or specified in build section from pom.xml, and no parent can be found.
04:22:37.524 [main] DEBUG f.i.s.r.p.step.paths.ComputeTestDir - The default test directory (/root/workspace/apache/storm/341394081/external/storm-metrics/src/test/java) does not exist. Try to read pom.xml to get information.
04:22:37.531 [main] DEBUG f.i.s.r.p.step.paths.ComputeTestDir - The test directory given in pom.xml (/root/workspace/apache/storm/341394081/external/storm-metrics/src/test/java) does not exist. Continue to try to get test dir from all modules.
04:22:37.531 [main] ERROR f.i.s.r.p.step.paths.ComputeTestDir - The test directory is not at default location or specified in build section from pom.xml, and no parent can be found.
04:22:37.545 [main] DEBUG f.i.s.r.p.step.paths.ComputeTestDir - The default test directory (/root/workspace/apache/storm/341394081/external/storm-mongodb/src/test/java) does not exist. Try to read pom.xml to get information.
04:22:37.553 [main] DEBUG f.i.s.r.p.step.paths.ComputeTestDir - The test directory given in pom.xml (/root/workspace/apache/storm/341394081/external/storm-mongodb/src/test/java) does not exist. Continue to try to get test dir from all modules.
04:22:37.553 [main] ERROR f.i.s.r.p.step.paths.ComputeTestDir - The test directory is not at default location or specified in build section from pom.xml, and no parent can be found.
04:22:37.560 [main] DEBUG f.i.s.r.p.step.paths.ComputeTestDir - The default test directory (/root/workspace/apache/storm/341394081/external/storm-opentsdb/src/test/java) does not exist. Try to read pom.xml to get information.
04:22:37.567 [main] DEBUG f.i.s.r.p.step.paths.ComputeTestDir - The test directory given in pom.xml (/root/workspace/apache/storm/341394081/external/storm-opentsdb/src/test/java) does not exist. Continue to try to get test dir from all modules.
04:22:37.568 [main] ERROR f.i.s.r.p.step.paths.ComputeTestDir - The test directory is not at default location or specified in build section from pom.xml, and no parent can be found.
04:22:37.568 [main] DEBUG f.i.s.r.p.step.paths.ComputeTestDir - The default test directory (/root/workspace/apache/storm/341394081/external/storm-kafka-monitor/src/test/java) does not exist. Try to read pom.xml to get information.
04:22:37.575 [main] DEBUG f.i.s.r.p.step.paths.ComputeTestDir - The test directory given in pom.xml (/root/workspace/apache/storm/341394081/external/storm-kafka-monitor/src/test/java) does not exist. Continue to try to get test dir from all modules.
04:22:37.576 [main] ERROR f.i.s.r.p.step.paths.ComputeTestDir - The test directory is not at default location or specified in build section from pom.xml, and no parent can be found.
04:22:37.599 [main] DEBUG f.i.s.r.p.step.paths.ComputeTestDir - The default test directory (/root/workspace/apache/storm/341394081/external/storm-pmml/src/test/java) does not exist. Try to read pom.xml to get information.
04:22:37.606 [main] DEBUG f.i.s.r.p.step.paths.ComputeTestDir - The test directory given in pom.xml (/root/workspace/apache/storm/341394081/external/storm-pmml/src/test/java) does not exist. Continue to try to get test dir from all modules.
04:22:37.606 [main] ERROR f.i.s.r.p.step.paths.ComputeTestDir - The test directory is not at default location or specified in build section from pom.xml, and no parent can be found.
04:22:37.613 [main] DEBUG f.i.s.r.p.step.paths.ComputeTestDir - The default test directory (/root/workspace/apache/storm/341394081/external/storm-blobstore-migration/src/test/java) does not exist. Try to read pom.xml to get information.
04:22:37.621 [main] DEBUG f.i.s.r.p.step.paths.ComputeTestDir - The test directory given in pom.xml (/root/workspace/apache/storm/341394081/external/storm-blobstore-migration/src/test/java) does not exist. Continue to try to get test dir from all modules.
04:22:37.621 [main] ERROR f.i.s.r.p.step.paths.ComputeTestDir - The test directory is not at default location or specified in build section from pom.xml, and no parent can be found.
04:22:37.628 [main] DEBUG f.i.s.r.p.step.paths.ComputeTestDir - The default test directory (/root/workspace/apache/storm/341394081/examples/storm-starter/src/test/java) does not exist. Try to read pom.xml to get information.
04:22:37.642 [main] DEBUG f.i.s.r.p.step.paths.ComputeTestDir - The default test directory (/root/workspace/apache/storm/341394081/examples/storm-mongodb-examples/src/test/java) does not exist. Try to read pom.xml to get information.
04:22:37.649 [main] DEBUG f.i.s.r.p.step.paths.ComputeTestDir - The test directory given in pom.xml (/root/workspace/apache/storm/341394081/examples/storm-mongodb-examples/src/test/java) does not exist. Continue to try to get test dir from all modules.
04:22:37.649 [main] ERROR f.i.s.r.p.step.paths.ComputeTestDir - The test directory is not at default location or specified in build section from pom.xml, and no parent can be found.
04:22:37.649 [main] DEBUG f.i.s.r.p.step.paths.ComputeTestDir - The default test directory (/root/workspace/apache/storm/341394081/examples/storm-redis-examples/src/test/java) does not exist. Try to read pom.xml to get information.
04:22:37.656 [main] DEBUG f.i.s.r.p.step.paths.ComputeTestDir - The test directory given in pom.xml (/root/workspace/apache/storm/341394081/examples/storm-redis-examples/src/test/java) does not exist. Continue to try to get test dir from all modules.
04:22:37.656 [main] ERROR f.i.s.r.p.step.paths.ComputeTestDir - The test directory is not at default location or specified in build section from pom.xml, and no parent can be found.
04:22:37.656 [main] DEBUG f.i.s.r.p.step.paths.ComputeTestDir - The default test directory (/root/workspace/apache/storm/341394081/examples/storm-opentsdb-examples/src/test/java) does not exist. Try to read pom.xml to get information.
04:22:37.663 [main] DEBUG f.i.s.r.p.step.paths.ComputeTestDir - The test directory given in pom.xml (/root/workspace/apache/storm/341394081/examples/storm-opentsdb-examples/src/test/java) does not exist. Continue to try to get test dir from all modules.
04:22:37.663 [main] ERROR f.i.s.r.p.step.paths.ComputeTestDir - The test directory is not at default location or specified in build section from pom.xml, and no parent can be found.
04:22:37.663 [main] DEBUG f.i.s.r.p.step.paths.ComputeTestDir - The default test directory (/root/workspace/apache/storm/341394081/examples/storm-solr-examples/src/test/java) does not exist. Try to read pom.xml to get information.
04:22:37.670 [main] DEBUG f.i.s.r.p.step.paths.ComputeTestDir - The test directory given in pom.xml (/root/workspace/apache/storm/341394081/examples/storm-solr-examples/src/test/java) does not exist. Continue to try to get test dir from all modules.
04:22:37.670 [main] ERROR f.i.s.r.p.step.paths.ComputeTestDir - The test directory is not at default location or specified in build section from pom.xml, and no parent can be found.
04:22:37.670 [main] DEBUG f.i.s.r.p.step.paths.ComputeTestDir - The default test directory (/root/workspace/apache/storm/341394081/examples/storm-kafka-examples/src/test/java) does not exist. Try to read pom.xml to get information.
04:22:37.677 [main] DEBUG f.i.s.r.p.step.paths.ComputeTestDir - The test directory given in pom.xml (/root/workspace/apache/storm/341394081/examples/storm-kafka-examples/src/test/java) does not exist. Continue to try to get test dir from all modules.
04:22:37.677 [main] ERROR f.i.s.r.p.step.paths.ComputeTestDir - The test directory is not at default location or specified in build section from pom.xml, and no parent can be found.
04:22:37.684 [main] DEBUG f.i.s.r.p.step.paths.ComputeTestDir - The default test directory (/root/workspace/apache/storm/341394081/examples/storm-jdbc-examples/src/test/java) does not exist. Try to read pom.xml to get information.
04:22:37.692 [main] DEBUG f.i.s.r.p.step.paths.ComputeTestDir - The test directory given in pom.xml (/root/workspace/apache/storm/341394081/examples/storm-jdbc-examples/src/test/java) does not exist. Continue to try to get test dir from all modules.
04:22:37.692 [main] ERROR f.i.s.r.p.step.paths.ComputeTestDir - The test directory is not at default location or specified in build section from pom.xml, and no parent can be found.
04:22:37.692 [main] DEBUG f.i.s.r.p.step.paths.ComputeTestDir - The default test directory (/root/workspace/apache/storm/341394081/examples/storm-hdfs-examples/src/test/java) does not exist. Try to read pom.xml to get information.
04:22:37.700 [main] DEBUG f.i.s.r.p.step.paths.ComputeTestDir - The test directory given in pom.xml (/root/workspace/apache/storm/341394081/examples/storm-hdfs-examples/src/test/java) does not exist. Continue to try to get test dir from all modules.
04:22:37.700 [main] ERROR f.i.s.r.p.step.paths.ComputeTestDir - The test directory is not at default location or specified in build section from pom.xml, and no parent can be found.
04:22:37.700 [main] DEBUG f.i.s.r.p.step.paths.ComputeTestDir - The default test directory (/root/workspace/apache/storm/341394081/examples/storm-hbase-examples/src/test/java) does not exist. Try to read pom.xml to get information.
04:22:37.707 [main] DEBUG f.i.s.r.p.step.paths.ComputeTestDir - The test directory given in pom.xml (/root/workspace/apache/storm/341394081/examples/storm-hbase-examples/src/test/java) does not exist. Continue to try to get test dir from all modules.
04:22:37.707 [main] ERROR f.i.s.r.p.step.paths.ComputeTestDir - The test directory is not at default location or specified in build section from pom.xml, and no parent can be found.
04:22:37.707 [main] DEBUG f.i.s.r.p.step.paths.ComputeTestDir - The default test directory (/root/workspace/apache/storm/341394081/examples/storm-hive-examples/src/test/java) does not exist. Try to read pom.xml to get information.
04:22:37.715 [main] DEBUG f.i.s.r.p.step.paths.ComputeTestDir - The test directory given in pom.xml (/root/workspace/apache/storm/341394081/examples/storm-hive-examples/src/test/java) does not exist. Continue to try to get test dir from all modules.
04:22:37.715 [main] ERROR f.i.s.r.p.step.paths.ComputeTestDir - The test directory is not at default location or specified in build section from pom.xml, and no parent can be found.
04:22:37.715 [main] DEBUG f.i.s.r.p.step.paths.ComputeTestDir - The default test directory (/root/workspace/apache/storm/341394081/examples/storm-elasticsearch-examples/src/test/java) does not exist. Try to read pom.xml to get information.
04:22:37.722 [main] DEBUG f.i.s.r.p.step.paths.ComputeTestDir - The test directory given in pom.xml (/root/workspace/apache/storm/341394081/examples/storm-elasticsearch-examples/src/test/java) does not exist. Continue to try to get test dir from all modules.
04:22:37.722 [main] ERROR f.i.s.r.p.step.paths.ComputeTestDir - The test directory is not at default location or specified in build section from pom.xml, and no parent can be found.
04:22:37.722 [main] DEBUG f.i.s.r.p.step.paths.ComputeTestDir - The default test directory (/root/workspace/apache/storm/341394081/examples/storm-mqtt-examples/src/test/java) does not exist. Try to read pom.xml to get information.
04:22:37.729 [main] DEBUG f.i.s.r.p.step.paths.ComputeTestDir - The test directory given in pom.xml (/root/workspace/apache/storm/341394081/examples/storm-mqtt-examples/src/test/java) does not exist. Continue to try to get test dir from all modules.
04:22:37.729 [main] ERROR f.i.s.r.p.step.paths.ComputeTestDir - The test directory is not at default location or specified in build section from pom.xml, and no parent can be found.
04:22:37.729 [main] DEBUG f.i.s.r.p.step.paths.ComputeTestDir - The default test directory (/root/workspace/apache/storm/341394081/examples/storm-pmml-examples/src/test/java) does not exist. Try to read pom.xml to get information.
04:22:37.736 [main] DEBUG f.i.s.r.p.step.paths.ComputeTestDir - The test directory given in pom.xml (/root/workspace/apache/storm/341394081/examples/storm-pmml-examples/src/test/java) does not exist. Continue to try to get test dir from all modules.
04:22:37.736 [main] ERROR f.i.s.r.p.step.paths.ComputeTestDir - The test directory is not at default location or specified in build section from pom.xml, and no parent can be found.
04:22:37.736 [main] DEBUG f.i.s.r.p.step.paths.ComputeTestDir - The default test directory (/root/workspace/apache/storm/341394081/examples/storm-jms-examples/src/test/java) does not exist. Try to read pom.xml to get information.
04:22:37.743 [main] DEBUG f.i.s.r.p.step.paths.ComputeTestDir - The test directory given in pom.xml (/root/workspace/apache/storm/341394081/examples/storm-jms-examples/src/test/java) does not exist. Continue to try to get test dir from all modules.
04:22:37.743 [main] ERROR f.i.s.r.p.step.paths.ComputeTestDir - The test directory is not at default location or specified in build section from pom.xml, and no parent can be found.
04:22:37.743 [main] DEBUG f.i.s.r.p.step.paths.ComputeTestDir - The default test directory (/root/workspace/apache/storm/341394081/examples/storm-rocketmq-examples/src/test/java) does not exist. Try to read pom.xml to get information.
04:22:37.749 [main] DEBUG f.i.s.r.p.step.paths.ComputeTestDir - The test directory given in pom.xml (/root/workspace/apache/storm/341394081/examples/storm-rocketmq-examples/src/test/java) does not exist. Continue to try to get test dir from all modules.
04:22:37.750 [main] ERROR f.i.s.r.p.step.paths.ComputeTestDir - The test directory is not at default location or specified in build section from pom.xml, and no parent can be found.
04:22:37.750 [main] DEBUG f.i.s.r.p.step.paths.ComputeTestDir - The default test directory (/root/workspace/apache/storm/341394081/examples/storm-perf/src/test/java) does not exist. Try to read pom.xml to get information.
04:22:37.756 [main] DEBUG f.i.s.r.p.step.paths.ComputeTestDir - The test directory given in pom.xml (/root/workspace/apache/storm/341394081/examples/storm-perf/src/test/java) does not exist. Continue to try to get test dir from all modules.
04:22:37.756 [main] ERROR f.i.s.r.p.step.paths.ComputeTestDir - The test directory is not at default location or specified in build section from pom.xml, and no parent can be found.
04:22:37.757 [main] INFO  f.i.s.r.p.step.paths.ComputeTestDir - 32 test dirs were found:
04:22:37.757 [main] INFO  f.i.s.r.p.step.paths.ComputeTestDir - /root/workspace/apache/storm/341394081/examples/storm-kafka-client-examples/src/test/java
04:22:37.757 [main] INFO  f.i.s.r.p.step.paths.ComputeTestDir - /root/workspace/apache/storm/341394081/examples/storm-loadgen/src/test/java
04:22:37.757 [main] INFO  f.i.s.r.p.step.paths.ComputeTestDir - /root/workspace/apache/storm/341394081/examples/storm-starter/test/jvm
04:22:37.757 [main] INFO  f.i.s.r.p.step.paths.ComputeTestDir - /root/workspace/apache/storm/341394081/external/storm-cassandra/src/test/java
04:22:37.757 [main] INFO  f.i.s.r.p.step.paths.ComputeTestDir - /root/workspace/apache/storm/341394081/external/storm-druid/src/test/java
04:22:37.757 [main] INFO  f.i.s.r.p.step.paths.ComputeTestDir - /root/workspace/apache/storm/341394081/external/storm-elasticsearch/src/test/java
04:22:37.758 [main] INFO  f.i.s.r.p.step.paths.ComputeTestDir - /root/workspace/apache/storm/341394081/external/storm-eventhubs/src/test/java
04:22:37.758 [main] INFO  f.i.s.r.p.step.paths.ComputeTestDir - /root/workspace/apache/storm/341394081/external/storm-hbase/src/test/java
04:22:37.758 [main] INFO  f.i.s.r.p.step.paths.ComputeTestDir - /root/workspace/apache/storm/341394081/external/storm-hdfs-blobstore/src/test/java
04:22:37.758 [main] INFO  f.i.s.r.p.step.paths.ComputeTestDir - /root/workspace/apache/storm/341394081/external/storm-hdfs/src/test/java
04:22:37.758 [main] INFO  f.i.s.r.p.step.paths.ComputeTestDir - /root/workspace/apache/storm/341394081/external/storm-hive/src/test/java
04:22:37.758 [main] INFO  f.i.s.r.p.step.paths.ComputeTestDir - /root/workspace/apache/storm/341394081/external/storm-jdbc/src/test/java
04:22:37.758 [main] INFO  f.i.s.r.p.step.paths.ComputeTestDir - /root/workspace/apache/storm/341394081/external/storm-jms/src/test/java
04:22:37.758 [main] INFO  f.i.s.r.p.step.paths.ComputeTestDir - /root/workspace/apache/storm/341394081/external/storm-kafka-client/src/test/java
04:22:37.758 [main] INFO  f.i.s.r.p.step.paths.ComputeTestDir - /root/workspace/apache/storm/341394081/external/storm-kafka/src/test
04:22:37.758 [main] INFO  f.i.s.r.p.step.paths.ComputeTestDir - /root/workspace/apache/storm/341394081/external/storm-kinesis/src/test/java
04:22:37.758 [main] INFO  f.i.s.r.p.step.paths.ComputeTestDir - /root/workspace/apache/storm/341394081/external/storm-mqtt/src/test/java
04:22:37.758 [main] INFO  f.i.s.r.p.step.paths.ComputeTestDir - /root/workspace/apache/storm/341394081/external/storm-redis/src/test/java
04:22:37.758 [main] INFO  f.i.s.r.p.step.paths.ComputeTestDir - /root/workspace/apache/storm/341394081/external/storm-rocketmq/src/test/java
04:22:37.758 [main] INFO  f.i.s.r.p.step.paths.ComputeTestDir - /root/workspace/apache/storm/341394081/flux/flux-core/src/test/java
04:22:37.758 [main] INFO  f.i.s.r.p.step.paths.ComputeTestDir - /root/workspace/apache/storm/341394081/integration-test/src/test/java
04:22:37.758 [main] INFO  f.i.s.r.p.step.paths.ComputeTestDir - /root/workspace/apache/storm/341394081/sql/storm-sql-core/src/test
04:22:37.758 [main] INFO  f.i.s.r.p.step.paths.ComputeTestDir - /root/workspace/apache/storm/341394081/sql/storm-sql-external/storm-sql-hdfs/src/test
04:22:37.758 [main] INFO  f.i.s.r.p.step.paths.ComputeTestDir - /root/workspace/apache/storm/341394081/sql/storm-sql-external/storm-sql-kafka/src/test
04:22:37.758 [main] INFO  f.i.s.r.p.step.paths.ComputeTestDir - /root/workspace/apache/storm/341394081/sql/storm-sql-external/storm-sql-mongodb/src/test
04:22:37.759 [main] INFO  f.i.s.r.p.step.paths.ComputeTestDir - /root/workspace/apache/storm/341394081/sql/storm-sql-external/storm-sql-redis/src/test
04:22:37.759 [main] INFO  f.i.s.r.p.step.paths.ComputeTestDir - /root/workspace/apache/storm/341394081/sql/storm-sql-runtime/src/test
04:22:37.759 [main] INFO  f.i.s.r.p.step.paths.ComputeTestDir - /root/workspace/apache/storm/341394081/storm-client/test/jvm
04:22:37.759 [main] INFO  f.i.s.r.p.step.paths.ComputeTestDir - /root/workspace/apache/storm/341394081/storm-core/test/jvm
04:22:37.759 [main] INFO  f.i.s.r.p.step.paths.ComputeTestDir - /root/workspace/apache/storm/341394081/storm-server/src/test/java
04:22:37.759 [main] INFO  f.i.s.r.p.step.paths.ComputeTestDir - /root/workspace/apache/storm/341394081/storm-submit-tools/src/test/java
04:22:37.759 [main] INFO  f.i.s.r.p.step.paths.ComputeTestDir - /root/workspace/apache/storm/341394081/storm-webapp/src/test/java
04:22:37.772 [main] DEBUG f.i.s.r.p.step.paths.ComputeTestDir - STEP STATUS: [ ComputeTestDir : SUCCESS ]
04:22:37.772 [main] DEBUG f.i.s.r.p.step.paths.ComputeTestDir - STEP DURATION: 0s
04:22:37.772 [main] DEBUG f.i.s.r.p.step.paths.ComputeTestDir - EXECUTE NEXT STEP
04:22:37.772 [main] DEBUG f.i.s.r.p.s.c.CheckoutBuggyBuildSourceCode - ----------------------------------------------------------------------
04:22:37.772 [main] DEBUG f.i.s.r.p.s.c.CheckoutBuggyBuildSourceCode - STEP 5/22: CheckoutBuggyBuildCandidateSourceCode
04:22:37.772 [main] DEBUG f.i.s.r.p.s.c.CheckoutBuggyBuildSourceCode - ----------------------------------------------------------------------
04:22:37.772 [main] DEBUG f.i.s.r.p.s.c.CheckoutBuggyBuildSourceCode - Checking out the source code of the buggy build candidate...
04:22:38.099 [main] INFO  fr.inria.jtravis.JTravis - GitHub ratelimit: Limit: 5000 Remaining: 4517 Reset hour: 19:24:38
04:22:40.091 [main] DEBUG f.i.s.r.process.git.GitHelper - Commit repairnator files...
04:22:40.091 [main] INFO  f.i.s.r.process.git.GitHelper - There is no repairnator file to commit.
04:22:40.091 [main] DEBUG f.i.s.r.p.s.c.CheckoutBuggyBuildSourceCode - Reproduce the PR for apache/storm by fetching remote branch and merging.
04:22:40.513 [main] DEBUG f.i.s.r.process.git.GitHelper - Step CheckoutBuggyBuildCandidateSourceCode - Get the commit bc4c480705fa543913b66befccabe8fa3bbe35f0 for repo apache/storm
04:22:40.644 [main] DEBUG f.i.s.r.process.git.GitHelper - Step CheckoutBuggyBuildCandidateSourceCode - Do the merge with the PR commit for repo apache/storm
04:22:40.645 [main] INFO  f.i.s.r.process.git.GitHelper - Init git submodules.
04:22:40.852 [main] INFO  fr.inria.jtravis.JTravis - GitHub ratelimit: Limit: 5000 Remaining: 4510 Reset hour: 19:24:38
04:22:42.860 [main] DEBUG f.i.s.r.process.git.GitHelper - Commit repairnator files...
04:22:42.861 [main] INFO  f.i.s.r.process.git.GitHelper - There is no repairnator file to commit.
04:22:42.861 [main] DEBUG f.i.s.r.p.s.c.CheckoutBuggyBuildSourceCode - Reproduce the PR for apache/storm by fetching remote branch and merging.
04:22:43.281 [main] ERROR f.i.s.r.p.s.c.CheckoutBuggyBuildSourceCode - Error while testing commit: org.eclipse.jgit.errors.MissingObjectException: Missing unknown c313bfbedffabac94ba477d590c47d48cc119b14
04:22:43.282 [main] ERROR f.i.s.r.p.s.c.CheckoutBuggyBuildSourceCode - Commit head ref cannot be retrieved from the repository: c313bfbedffabac94ba477d590c47d48cc119b14. Operation aborted.
04:22:43.282 [main] ERROR f.i.s.r.p.s.c.CheckoutBuggyBuildSourceCode - Error while merging two commits to reproduce the PR.
04:22:43.283 [main] DEBUG f.i.s.r.p.s.c.CheckoutBuggyBuildSourceCode - STEP STATUS: [ CheckoutBuggyBuildCandidateSourceCode : FAILURE ( BUILDNOTCHECKEDOUT ) ]
04:22:43.284 [main] DEBUG f.i.s.r.p.s.c.CheckoutBuggyBuildSourceCode - STEP DURATION: 5s
04:22:43.284 [main] DEBUG f.i.s.r.p.s.c.CheckoutBuggyBuildSourceCode - TERMINATE PIPELINE
04:22:43.284 [main] DEBUG f.i.s.r.p.s.c.CheckoutBuggyBuildSourceCode - FINAL STEPS SKIPPED: The reproduction of the bug and/or the patch failed.
04:22:43.284 [main] INFO  f.i.s.r.p.s.c.CheckoutBuggyBuildSourceCode - Serialize all data for the pair of builds 341394081, 341394413
04:22:43.409 [main] INFO  fr.inria.jtravis.JTravis - GitHub ratelimit: Limit: 5000 Remaining: 4503 Reset hour: 19:24:38
04:22:44.332 [main] INFO  f.i.s.r.p.i.ProjectInspector - ----------------------------------------------------------------------
04:22:44.333 [main] INFO  f.i.s.r.p.i.ProjectInspector - PIPELINE EXECUTION SUMMARY
04:22:44.333 [main] INFO  f.i.s.r.p.i.ProjectInspector - ----------------------------------------------------------------------
04:22:44.333 [main] INFO  f.i.s.r.p.i.ProjectInspector - CloneRepository.......................................SUCCESS [ 35 s ]
04:22:44.333 [main] INFO  f.i.s.r.p.i.ProjectInspector - CheckoutPatchedBuildCandidate.........................SUCCESS [  8 s ]
04:22:44.333 [main] INFO  f.i.s.r.p.i.ProjectInspector - ComputeSourceDir......................................SUCCESS [  1 s ]
04:22:44.333 [main] INFO  f.i.s.r.p.i.ProjectInspector - ComputeTestDir........................................SUCCESS [  0 s ]
04:22:44.333 [main] INFO  f.i.s.r.p.i.ProjectInspector - CheckoutBuggyBuildCandidateSourceCode.................FAILURE [  5 s ]
04:22:44.333 [main] INFO  f.i.s.r.p.i.ProjectInspector - BuildProjectBuggyBuildCandidateSourceCode.............NOT RUN         
04:22:44.334 [main] INFO  f.i.s.r.p.i.ProjectInspector - TestProjectBuggyBuildCandidateSourceCode..............NOT RUN         
04:22:44.334 [main] INFO  f.i.s.r.p.i.ProjectInspector - GatherTestInformationBuggyBuildCandidateSourceCode....NOT RUN         
04:22:44.334 [main] INFO  f.i.s.r.p.i.ProjectInspector - CheckoutBuggyBuildTestCode............................NOT RUN         
04:22:44.334 [main] INFO  f.i.s.r.p.i.ProjectInspector - InitRepoToPush........................................NOT RUN         
04:22:44.334 [main] INFO  f.i.s.r.p.i.ProjectInspector - ComputeClasspath......................................NOT RUN         
04:22:44.334 [main] INFO  f.i.s.r.p.i.ProjectInspector - ComputeModules........................................NOT RUN         
04:22:44.334 [main] INFO  f.i.s.r.p.i.ProjectInspector - CheckoutBuggyBuildCandidateSourceCode.................NOT RUN         
04:22:44.334 [main] INFO  f.i.s.r.p.i.ProjectInspector - CommitChangedTests....................................NOT RUN         
04:22:44.335 [main] INFO  f.i.s.r.p.i.ProjectInspector - CheckoutPatchedBuildCandidate.........................NOT RUN         
04:22:44.335 [main] INFO  f.i.s.r.p.i.ProjectInspector - BuildProjectPatchedBuildCandidate.....................NOT RUN         
04:22:44.335 [main] INFO  f.i.s.r.p.i.ProjectInspector - TestProjectPatchedBuildCandidate......................NOT RUN         
04:22:44.335 [main] INFO  f.i.s.r.p.i.ProjectInspector - GatherTestInformationPatchedBuildCandidate............NOT RUN         
04:22:44.335 [main] INFO  f.i.s.r.p.i.ProjectInspector - CommitPatch...........................................NOT RUN         
04:22:44.335 [main] INFO  f.i.s.r.p.i.ProjectInspector - WritePropertyFile.....................................NOT RUN         
04:22:44.335 [main] INFO  f.i.s.r.p.i.ProjectInspector - CommitProcessEnd......................................NOT RUN         
04:22:44.335 [main] INFO  f.i.s.r.p.i.ProjectInspector - PushProcessEnd........................................NOT RUN         
04:22:44.335 [main] INFO  f.i.s.r.p.i.ProjectInspector - ----------------------------------------------------------------------
04:22:44.336 [main] INFO  f.i.s.r.p.i.ProjectInspector - PIPELINE FINDING: BUILDNOTCHECKEDOUT
04:22:44.336 [main] INFO  f.i.s.r.p.i.ProjectInspector - ----------------------------------------------------------------------
04:22:44.336 [main] INFO  f.i.s.repairnator.pipeline.Launcher - Inspector is finished. The process will exit now.
