03:28:28.314 [main] INFO  f.i.s.repairnator.pipeline.Launcher - PIPELINE VERSION: 3.0-2018-08-09 19:04
03:28:28.465 [main] INFO  f.i.s.repairnator.pipeline.Launcher - The pipeline will try to reproduce a bug from build 340786286 and its corresponding patch from build 340804905
03:28:28.465 [main] INFO  f.i.s.repairnator.pipeline.Launcher - Initialize file serializer engines.
03:28:28.467 [main] INFO  f.i.s.repairnator.pipeline.Launcher - MongoDB won't be used for serialization.
03:28:28.467 [main] INFO  f.i.s.repairnator.pipeline.Launcher - The email notifier engine won't be used.
03:28:28.470 [main] INFO  f.i.s.repairnator.pipeline.Launcher - Start by getting the build (buildId: 340786286) with the following config: RepairnatorConfig{runId='d3ce7021-6f7e-4bbd-b7fc-dc7f588b701c_02-18-week2-PASSING_AND_PASSING', launcherMode=BEARS, serializeJson=true, inputPath='null', outputPath='/var/log', mongodbHost='null', mongodbName='repairnator', smtpServer='null', notifyTo=[], notifyEndProcess=false, push=true, pushRemoteRepo='https://github.com/fermadeiral/bears-collection-pp', fork=false, lookFromDate=null, lookToDate=null, buildId=340786286, z3solverPath='./z3_for_linux', workspacePath='./workspace', githubToken='c8a341a903[...]', dockerImageName='null', skipDelete=false, createOutputDir=false, logDirectory='null', nbThreads=0, globalTimeout=0, whiteList=null, blackList=null, jobSleepTime=0, buildSleepTime=0, maxInspectedBuilds=0, duration=null, humanPatch=false, repository='null', clean=true, bearsMode=BOTH, bearsDelimiter = false, repairTools=NopolAllTests,NPEFix,AssertFixer,AstorJGenProg,AstorJKali,NopolSingleTest,AstorJMut,NopolTestExclusionStrategy, githubUserName= fermadeiral, githubUserEmail=fer.madeiral@gmail.com}
03:28:29.909 [main] DEBUG fr.inria.jtravis.helpers.BuildHelper - Get request to :https://api.travis-ci.org/build/340786286 done after 877 ms
03:28:30.152 [main] DEBUG fr.inria.jtravis.helpers.BuildHelper - Get request to :https://api.travis-ci.org/build/340804905 done after 136 ms
03:28:30.168 [main] INFO  f.i.s.repairnator.pipeline.Launcher - The patched build (340804905) was successfully retrieved from Travis.
03:28:31.174 [main] INFO  fr.inria.jtravis.JTravis - GitHub ratelimit: Limit: 5000 Remaining: 4447 Reset hour: 19:24:34
03:28:31.418 [main] INFO  f.i.s.r.p.i.ProjectInspector - ----------------------------------------------------------------------
03:28:31.418 [main] INFO  f.i.s.r.p.i.ProjectInspector - PIPELINE STEPS
03:28:31.418 [main] INFO  f.i.s.r.p.i.ProjectInspector - ----------------------------------------------------------------------
03:28:31.418 [main] INFO  f.i.s.r.p.i.ProjectInspector - CloneRepository
03:28:31.418 [main] INFO  f.i.s.r.p.i.ProjectInspector - CheckoutPatchedBuildCandidate
03:28:31.419 [main] INFO  f.i.s.r.p.i.ProjectInspector - ComputeSourceDir
03:28:31.419 [main] INFO  f.i.s.r.p.i.ProjectInspector - ComputeTestDir
03:28:31.419 [main] INFO  f.i.s.r.p.i.ProjectInspector - CheckoutBuggyBuildCandidateSourceCode
03:28:31.419 [main] INFO  f.i.s.r.p.i.ProjectInspector - BuildProjectBuggyBuildCandidateSourceCode
03:28:31.419 [main] INFO  f.i.s.r.p.i.ProjectInspector - TestProjectBuggyBuildCandidateSourceCode
03:28:31.419 [main] INFO  f.i.s.r.p.i.ProjectInspector - GatherTestInformationBuggyBuildCandidateSourceCode
03:28:31.419 [main] INFO  f.i.s.r.p.i.ProjectInspector - CheckoutBuggyBuildTestCode
03:28:31.419 [main] INFO  f.i.s.r.p.i.ProjectInspector - InitRepoToPush
03:28:31.419 [main] INFO  f.i.s.r.p.i.ProjectInspector - ComputeClasspath
03:28:31.420 [main] INFO  f.i.s.r.p.i.ProjectInspector - ComputeModules
03:28:31.420 [main] INFO  f.i.s.r.p.i.ProjectInspector - CheckoutBuggyBuildCandidateSourceCode
03:28:31.420 [main] INFO  f.i.s.r.p.i.ProjectInspector - CommitChangedTests
03:28:31.420 [main] INFO  f.i.s.r.p.i.ProjectInspector - CheckoutPatchedBuildCandidate
03:28:31.420 [main] INFO  f.i.s.r.p.i.ProjectInspector - BuildProjectPatchedBuildCandidate
03:28:31.420 [main] INFO  f.i.s.r.p.i.ProjectInspector - TestProjectPatchedBuildCandidate
03:28:31.420 [main] INFO  f.i.s.r.p.i.ProjectInspector - GatherTestInformationPatchedBuildCandidate
03:28:31.420 [main] INFO  f.i.s.r.p.i.ProjectInspector - CommitPatch
03:28:31.421 [main] INFO  f.i.s.r.p.i.ProjectInspector - WritePropertyFile
03:28:31.421 [main] INFO  f.i.s.r.p.i.ProjectInspector - CommitProcessEnd
03:28:31.421 [main] INFO  f.i.s.r.p.i.ProjectInspector - PushProcessEnd
03:28:31.421 [main] DEBUG f.i.s.r.process.step.CloneRepository - ----------------------------------------------------------------------
03:28:31.421 [main] DEBUG f.i.s.r.process.step.CloneRepository - STEP 1/22: CloneRepository
03:28:31.421 [main] DEBUG f.i.s.r.process.step.CloneRepository - ----------------------------------------------------------------------
03:28:31.422 [main] DEBUG f.i.s.r.process.step.CloneRepository - Cloning repository batfish/batfish in the following directory: ./workspace/batfish/batfish/340786286
03:29:26.786 [main] DEBUG f.i.s.r.process.step.CloneRepository - STEP STATUS: [ CloneRepository : SUCCESS ]
03:29:26.786 [main] DEBUG f.i.s.r.process.step.CloneRepository - STEP DURATION: 55s
03:29:26.787 [main] DEBUG f.i.s.r.process.step.CloneRepository - EXECUTE NEXT STEP
03:29:26.787 [main] DEBUG f.i.s.r.p.s.c.CheckoutPatchedBuild - ----------------------------------------------------------------------
03:29:26.787 [main] DEBUG f.i.s.r.p.s.c.CheckoutPatchedBuild - STEP 2/22: CheckoutPatchedBuildCandidate
03:29:26.787 [main] DEBUG f.i.s.r.p.s.c.CheckoutPatchedBuild - ----------------------------------------------------------------------
03:29:26.787 [main] DEBUG f.i.s.r.p.s.c.CheckoutPatchedBuild - Checking out patched build candidate...
03:29:26.798 [main] ERROR f.i.s.r.p.s.c.CheckoutPatchedBuild - Error while testing commit: org.eclipse.jgit.errors.MissingObjectException: Missing unknown 68961b0cddf021f3d679827cedaa2755b38d7e85
03:29:26.799 [main] ERROR f.i.s.r.p.s.c.CheckoutPatchedBuild - Error while getting the commit to checkout from the repo.
03:29:26.800 [main] DEBUG f.i.s.r.p.s.c.CheckoutPatchedBuild - STEP STATUS: [ CheckoutPatchedBuildCandidate : FAILURE ( BUILDNOTCHECKEDOUT ) ]
03:29:26.800 [main] DEBUG f.i.s.r.p.s.c.CheckoutPatchedBuild - STEP DURATION: 0s
03:29:26.800 [main] DEBUG f.i.s.r.p.s.c.CheckoutPatchedBuild - TERMINATE PIPELINE
03:29:26.800 [main] DEBUG f.i.s.r.p.s.c.CheckoutPatchedBuild - FINAL STEPS SKIPPED: The reproduction of the bug and/or the patch failed.
03:29:26.800 [main] INFO  f.i.s.r.p.s.c.CheckoutPatchedBuild - Serialize all data for the pair of builds 340786286, 340804905
03:29:27.116 [main] INFO  fr.inria.jtravis.JTravis - GitHub ratelimit: Limit: 5000 Remaining: 4427 Reset hour: 19:24:34
03:29:28.078 [main] INFO  f.i.s.r.p.i.ProjectInspector - ----------------------------------------------------------------------
03:29:28.079 [main] INFO  f.i.s.r.p.i.ProjectInspector - PIPELINE EXECUTION SUMMARY
03:29:28.079 [main] INFO  f.i.s.r.p.i.ProjectInspector - ----------------------------------------------------------------------
03:29:28.079 [main] INFO  f.i.s.r.p.i.ProjectInspector - CloneRepository.......................................SUCCESS [ 55 s ]
03:29:28.080 [main] INFO  f.i.s.r.p.i.ProjectInspector - CheckoutPatchedBuildCandidate.........................FAILURE [  0 s ]
03:29:28.080 [main] INFO  f.i.s.r.p.i.ProjectInspector - ComputeSourceDir......................................NOT RUN         
03:29:28.080 [main] INFO  f.i.s.r.p.i.ProjectInspector - ComputeTestDir........................................NOT RUN         
03:29:28.080 [main] INFO  f.i.s.r.p.i.ProjectInspector - CheckoutBuggyBuildCandidateSourceCode.................NOT RUN         
03:29:28.081 [main] INFO  f.i.s.r.p.i.ProjectInspector - BuildProjectBuggyBuildCandidateSourceCode.............NOT RUN         
03:29:28.081 [main] INFO  f.i.s.r.p.i.ProjectInspector - TestProjectBuggyBuildCandidateSourceCode..............NOT RUN         
03:29:28.081 [main] INFO  f.i.s.r.p.i.ProjectInspector - GatherTestInformationBuggyBuildCandidateSourceCode....NOT RUN         
03:29:28.081 [main] INFO  f.i.s.r.p.i.ProjectInspector - CheckoutBuggyBuildTestCode............................NOT RUN         
03:29:28.082 [main] INFO  f.i.s.r.p.i.ProjectInspector - InitRepoToPush........................................NOT RUN         
03:29:28.082 [main] INFO  f.i.s.r.p.i.ProjectInspector - ComputeClasspath......................................NOT RUN         
03:29:28.082 [main] INFO  f.i.s.r.p.i.ProjectInspector - ComputeModules........................................NOT RUN         
03:29:28.082 [main] INFO  f.i.s.r.p.i.ProjectInspector - CheckoutBuggyBuildCandidateSourceCode.................NOT RUN         
03:29:28.083 [main] INFO  f.i.s.r.p.i.ProjectInspector - CommitChangedTests....................................NOT RUN         
03:29:28.083 [main] INFO  f.i.s.r.p.i.ProjectInspector - CheckoutPatchedBuildCandidate.........................NOT RUN         
03:29:28.083 [main] INFO  f.i.s.r.p.i.ProjectInspector - BuildProjectPatchedBuildCandidate.....................NOT RUN         
03:29:28.083 [main] INFO  f.i.s.r.p.i.ProjectInspector - TestProjectPatchedBuildCandidate......................NOT RUN         
03:29:28.084 [main] INFO  f.i.s.r.p.i.ProjectInspector - GatherTestInformationPatchedBuildCandidate............NOT RUN         
03:29:28.084 [main] INFO  f.i.s.r.p.i.ProjectInspector - CommitPatch...........................................NOT RUN         
03:29:28.084 [main] INFO  f.i.s.r.p.i.ProjectInspector - WritePropertyFile.....................................NOT RUN         
03:29:28.084 [main] INFO  f.i.s.r.p.i.ProjectInspector - CommitProcessEnd......................................NOT RUN         
03:29:28.084 [main] INFO  f.i.s.r.p.i.ProjectInspector - PushProcessEnd........................................NOT RUN         
03:29:28.085 [main] INFO  f.i.s.r.p.i.ProjectInspector - ----------------------------------------------------------------------
03:29:28.085 [main] INFO  f.i.s.r.p.i.ProjectInspector - PIPELINE FINDING: BUILDNOTCHECKEDOUT
03:29:28.085 [main] INFO  f.i.s.r.p.i.ProjectInspector - ----------------------------------------------------------------------
03:29:28.085 [main] INFO  f.i.s.repairnator.pipeline.Launcher - Inspector is finished. The process will exit now.
