04:27:34.305 [main] INFO  f.i.s.repairnator.pipeline.Launcher - PIPELINE VERSION: 3.0-2018-08-09 19:04
04:27:34.465 [main] INFO  f.i.s.repairnator.pipeline.Launcher - The pipeline will try to reproduce a bug from build 341275652 and its corresponding patch from build 341587206
04:27:34.466 [main] INFO  f.i.s.repairnator.pipeline.Launcher - Initialize file serializer engines.
04:27:34.468 [main] INFO  f.i.s.repairnator.pipeline.Launcher - MongoDB won't be used for serialization.
04:27:34.469 [main] INFO  f.i.s.repairnator.pipeline.Launcher - The email notifier engine won't be used.
04:27:34.473 [main] INFO  f.i.s.repairnator.pipeline.Launcher - Start by getting the build (buildId: 341275652) with the following config: RepairnatorConfig{runId='d3ce7021-6f7e-4bbd-b7fc-dc7f588b701c_02-18-week2-PASSING_AND_PASSING', launcherMode=BEARS, serializeJson=true, inputPath='null', outputPath='/var/log', mongodbHost='null', mongodbName='repairnator', smtpServer='null', notifyTo=[], notifyEndProcess=false, push=true, pushRemoteRepo='https://github.com/fermadeiral/bears-collection-pp', fork=false, lookFromDate=null, lookToDate=null, buildId=341275652, z3solverPath='./z3_for_linux', workspacePath='./workspace', githubToken='c8a341a903[...]', dockerImageName='null', skipDelete=false, createOutputDir=false, logDirectory='null', nbThreads=0, globalTimeout=0, whiteList=null, blackList=null, jobSleepTime=0, buildSleepTime=0, maxInspectedBuilds=0, duration=null, humanPatch=false, repository='null', clean=true, bearsMode=BOTH, bearsDelimiter = false, repairTools=NopolAllTests,NPEFix,AssertFixer,AstorJGenProg,AstorJKali,NopolSingleTest,AstorJMut,NopolTestExclusionStrategy, githubUserName= fermadeiral, githubUserEmail=fer.madeiral@gmail.com}
04:27:36.010 [main] DEBUG fr.inria.jtravis.helpers.BuildHelper - Get request to :https://api.travis-ci.org/build/341275652 done after 941 ms
04:27:36.292 [main] DEBUG fr.inria.jtravis.helpers.BuildHelper - Get request to :https://api.travis-ci.org/build/341587206 done after 141 ms
04:27:36.317 [main] INFO  f.i.s.repairnator.pipeline.Launcher - The patched build (341587206) was successfully retrieved from Travis.
04:27:37.630 [main] INFO  fr.inria.jtravis.JTravis - GitHub ratelimit: Limit: 5000 Remaining: 4387 Reset hour: 19:24:38
04:27:37.923 [main] INFO  f.i.s.r.p.i.ProjectInspector - ----------------------------------------------------------------------
04:27:37.923 [main] INFO  f.i.s.r.p.i.ProjectInspector - PIPELINE STEPS
04:27:37.924 [main] INFO  f.i.s.r.p.i.ProjectInspector - ----------------------------------------------------------------------
04:27:37.924 [main] INFO  f.i.s.r.p.i.ProjectInspector - CloneRepository
04:27:37.924 [main] INFO  f.i.s.r.p.i.ProjectInspector - CheckoutPatchedBuildCandidate
04:27:37.924 [main] INFO  f.i.s.r.p.i.ProjectInspector - ComputeSourceDir
04:27:37.925 [main] INFO  f.i.s.r.p.i.ProjectInspector - ComputeTestDir
04:27:37.925 [main] INFO  f.i.s.r.p.i.ProjectInspector - CheckoutBuggyBuildCandidateSourceCode
04:27:37.925 [main] INFO  f.i.s.r.p.i.ProjectInspector - BuildProjectBuggyBuildCandidateSourceCode
04:27:37.926 [main] INFO  f.i.s.r.p.i.ProjectInspector - TestProjectBuggyBuildCandidateSourceCode
04:27:37.926 [main] INFO  f.i.s.r.p.i.ProjectInspector - GatherTestInformationBuggyBuildCandidateSourceCode
04:27:37.926 [main] INFO  f.i.s.r.p.i.ProjectInspector - CheckoutBuggyBuildTestCode
04:27:37.926 [main] INFO  f.i.s.r.p.i.ProjectInspector - InitRepoToPush
04:27:37.927 [main] INFO  f.i.s.r.p.i.ProjectInspector - ComputeClasspath
04:27:37.927 [main] INFO  f.i.s.r.p.i.ProjectInspector - ComputeModules
04:27:37.927 [main] INFO  f.i.s.r.p.i.ProjectInspector - CheckoutBuggyBuildCandidateSourceCode
04:27:37.927 [main] INFO  f.i.s.r.p.i.ProjectInspector - CommitChangedTests
04:27:37.927 [main] INFO  f.i.s.r.p.i.ProjectInspector - CheckoutPatchedBuildCandidate
04:27:37.928 [main] INFO  f.i.s.r.p.i.ProjectInspector - BuildProjectPatchedBuildCandidate
04:27:37.928 [main] INFO  f.i.s.r.p.i.ProjectInspector - TestProjectPatchedBuildCandidate
04:27:37.928 [main] INFO  f.i.s.r.p.i.ProjectInspector - GatherTestInformationPatchedBuildCandidate
04:27:37.929 [main] INFO  f.i.s.r.p.i.ProjectInspector - CommitPatch
04:27:37.929 [main] INFO  f.i.s.r.p.i.ProjectInspector - WritePropertyFile
04:27:37.929 [main] INFO  f.i.s.r.p.i.ProjectInspector - CommitProcessEnd
04:27:37.930 [main] INFO  f.i.s.r.p.i.ProjectInspector - PushProcessEnd
04:27:37.930 [main] DEBUG f.i.s.r.process.step.CloneRepository - ----------------------------------------------------------------------
04:27:37.931 [main] DEBUG f.i.s.r.process.step.CloneRepository - STEP 1/22: CloneRepository
04:27:37.931 [main] DEBUG f.i.s.r.process.step.CloneRepository - ----------------------------------------------------------------------
04:27:37.931 [main] DEBUG f.i.s.r.process.step.CloneRepository - Cloning repository linkedin/pinot in the following directory: ./workspace/linkedin/pinot/341275652
04:28:14.806 [main] DEBUG f.i.s.r.process.step.CloneRepository - STEP STATUS: [ CloneRepository : SUCCESS ]
04:28:14.806 [main] DEBUG f.i.s.r.process.step.CloneRepository - STEP DURATION: 36s
04:28:14.807 [main] DEBUG f.i.s.r.process.step.CloneRepository - EXECUTE NEXT STEP
04:28:14.807 [main] DEBUG f.i.s.r.p.s.c.CheckoutPatchedBuild - ----------------------------------------------------------------------
04:28:14.808 [main] DEBUG f.i.s.r.p.s.c.CheckoutPatchedBuild - STEP 2/22: CheckoutPatchedBuildCandidate
04:28:14.808 [main] DEBUG f.i.s.r.p.s.c.CheckoutPatchedBuild - ----------------------------------------------------------------------
04:28:14.808 [main] DEBUG f.i.s.r.p.s.c.CheckoutPatchedBuild - Checking out patched build candidate...
04:28:15.127 [main] INFO  fr.inria.jtravis.JTravis - GitHub ratelimit: Limit: 5000 Remaining: 4385 Reset hour: 19:24:38
04:28:21.198 [main] DEBUG f.i.s.r.p.s.c.CheckoutPatchedBuild - Reproduce the PR for linkedin/pinot by fetching remote branch and merging.
04:28:22.526 [main] ERROR f.i.s.r.p.s.c.CheckoutPatchedBuild - Error while testing commit: org.eclipse.jgit.errors.MissingObjectException: Missing unknown c27b9e12dba0dfd010968eb047ceee8f06b31d7e
04:28:22.528 [main] ERROR f.i.s.r.p.s.c.CheckoutPatchedBuild - Commit head ref cannot be retrieved from the repository: c27b9e12dba0dfd010968eb047ceee8f06b31d7e. Operation aborted.
04:28:22.528 [main] ERROR f.i.s.r.p.s.c.CheckoutPatchedBuild - Error while merging two commits to reproduce the PR.
04:28:22.529 [main] DEBUG f.i.s.r.p.s.c.CheckoutPatchedBuild - STEP STATUS: [ CheckoutPatchedBuildCandidate : FAILURE ( BUILDNOTCHECKEDOUT ) ]
04:28:22.530 [main] DEBUG f.i.s.r.p.s.c.CheckoutPatchedBuild - STEP DURATION: 7s
04:28:22.530 [main] DEBUG f.i.s.r.p.s.c.CheckoutPatchedBuild - TERMINATE PIPELINE
04:28:22.531 [main] DEBUG f.i.s.r.p.s.c.CheckoutPatchedBuild - FINAL STEPS SKIPPED: The reproduction of the bug and/or the patch failed.
04:28:22.531 [main] INFO  f.i.s.r.p.s.c.CheckoutPatchedBuild - Serialize all data for the pair of builds 341275652, 341587206
04:28:22.869 [main] INFO  fr.inria.jtravis.JTravis - GitHub ratelimit: Limit: 5000 Remaining: 4371 Reset hour: 19:24:38
04:28:24.120 [main] INFO  f.i.s.r.p.i.ProjectInspector - ----------------------------------------------------------------------
04:28:24.121 [main] INFO  f.i.s.r.p.i.ProjectInspector - PIPELINE EXECUTION SUMMARY
04:28:24.121 [main] INFO  f.i.s.r.p.i.ProjectInspector - ----------------------------------------------------------------------
04:28:24.122 [main] INFO  f.i.s.r.p.i.ProjectInspector - CloneRepository.......................................SUCCESS [ 36 s ]
04:28:24.122 [main] INFO  f.i.s.r.p.i.ProjectInspector - CheckoutPatchedBuildCandidate.........................FAILURE [  7 s ]
04:28:24.122 [main] INFO  f.i.s.r.p.i.ProjectInspector - ComputeSourceDir......................................NOT RUN         
04:28:24.123 [main] INFO  f.i.s.r.p.i.ProjectInspector - ComputeTestDir........................................NOT RUN         
04:28:24.123 [main] INFO  f.i.s.r.p.i.ProjectInspector - CheckoutBuggyBuildCandidateSourceCode.................NOT RUN         
04:28:24.123 [main] INFO  f.i.s.r.p.i.ProjectInspector - BuildProjectBuggyBuildCandidateSourceCode.............NOT RUN         
04:28:24.123 [main] INFO  f.i.s.r.p.i.ProjectInspector - TestProjectBuggyBuildCandidateSourceCode..............NOT RUN         
04:28:24.123 [main] INFO  f.i.s.r.p.i.ProjectInspector - GatherTestInformationBuggyBuildCandidateSourceCode....NOT RUN         
04:28:24.124 [main] INFO  f.i.s.r.p.i.ProjectInspector - CheckoutBuggyBuildTestCode............................NOT RUN         
04:28:24.124 [main] INFO  f.i.s.r.p.i.ProjectInspector - InitRepoToPush........................................NOT RUN         
04:28:24.124 [main] INFO  f.i.s.r.p.i.ProjectInspector - ComputeClasspath......................................NOT RUN         
04:28:24.124 [main] INFO  f.i.s.r.p.i.ProjectInspector - ComputeModules........................................NOT RUN         
04:28:24.124 [main] INFO  f.i.s.r.p.i.ProjectInspector - CheckoutBuggyBuildCandidateSourceCode.................NOT RUN         
04:28:24.125 [main] INFO  f.i.s.r.p.i.ProjectInspector - CommitChangedTests....................................NOT RUN         
04:28:24.125 [main] INFO  f.i.s.r.p.i.ProjectInspector - CheckoutPatchedBuildCandidate.........................NOT RUN         
04:28:24.125 [main] INFO  f.i.s.r.p.i.ProjectInspector - BuildProjectPatchedBuildCandidate.....................NOT RUN         
04:28:24.125 [main] INFO  f.i.s.r.p.i.ProjectInspector - TestProjectPatchedBuildCandidate......................NOT RUN         
04:28:24.125 [main] INFO  f.i.s.r.p.i.ProjectInspector - GatherTestInformationPatchedBuildCandidate............NOT RUN         
04:28:24.126 [main] INFO  f.i.s.r.p.i.ProjectInspector - CommitPatch...........................................NOT RUN         
04:28:24.126 [main] INFO  f.i.s.r.p.i.ProjectInspector - WritePropertyFile.....................................NOT RUN         
04:28:24.126 [main] INFO  f.i.s.r.p.i.ProjectInspector - CommitProcessEnd......................................NOT RUN         
04:28:24.126 [main] INFO  f.i.s.r.p.i.ProjectInspector - PushProcessEnd........................................NOT RUN         
04:28:24.126 [main] INFO  f.i.s.r.p.i.ProjectInspector - ----------------------------------------------------------------------
04:28:24.127 [main] INFO  f.i.s.r.p.i.ProjectInspector - PIPELINE FINDING: BUILDNOTCHECKEDOUT
04:28:24.127 [main] INFO  f.i.s.r.p.i.ProjectInspector - ----------------------------------------------------------------------
04:28:24.127 [main] INFO  f.i.s.repairnator.pipeline.Launcher - Inspector is finished. The process will exit now.
