23:40:07.091 [main] INFO  f.i.s.repairnator.pipeline.Launcher - PIPELINE VERSION: 3.0-2018-08-09 19:04
23:40:07.201 [main] INFO  f.i.s.repairnator.pipeline.Launcher - The pipeline will try to reproduce a bug from build 336242064 and its corresponding patch from build 336281448
23:40:07.201 [main] INFO  f.i.s.repairnator.pipeline.Launcher - Initialize file serializer engines.
23:40:07.202 [main] INFO  f.i.s.repairnator.pipeline.Launcher - MongoDB won't be used for serialization.
23:40:07.203 [main] INFO  f.i.s.repairnator.pipeline.Launcher - The email notifier engine won't be used.
23:40:07.206 [main] INFO  f.i.s.repairnator.pipeline.Launcher - Start by getting the build (buildId: 336242064) with the following config: RepairnatorConfig{runId='115b89a2-5f2f-4a9f-a894-a9ee1a0dcd59_02-18-week1-PASSING_AND_PASSING', launcherMode=BEARS, serializeJson=true, inputPath='null', outputPath='/var/log', mongodbHost='null', mongodbName='repairnator', smtpServer='null', notifyTo=[], notifyEndProcess=false, push=true, pushRemoteRepo='https://github.com/fermadeiral/bears-collection-pp', fork=false, lookFromDate=null, lookToDate=null, buildId=336242064, z3solverPath='./z3_for_linux', workspacePath='./workspace', githubToken='c8a341a903[...]', dockerImageName='null', skipDelete=false, createOutputDir=false, logDirectory='null', nbThreads=0, globalTimeout=0, whiteList=null, blackList=null, jobSleepTime=0, buildSleepTime=0, maxInspectedBuilds=0, duration=null, humanPatch=false, repository='null', clean=true, bearsMode=BOTH, bearsDelimiter = false, repairTools=NopolAllTests,NPEFix,AssertFixer,AstorJGenProg,AstorJKali,NopolSingleTest,AstorJMut,NopolTestExclusionStrategy, githubUserName= fermadeiral, githubUserEmail=fer.madeiral@gmail.com}
23:40:08.591 [main] DEBUG fr.inria.jtravis.helpers.BuildHelper - Get request to :https://api.travis-ci.org/build/336242064 done after 919 ms
23:40:08.850 [main] DEBUG fr.inria.jtravis.helpers.BuildHelper - Get request to :https://api.travis-ci.org/build/336281448 done after 139 ms
23:40:08.864 [main] INFO  f.i.s.repairnator.pipeline.Launcher - The patched build (336281448) was successfully retrieved from Travis.
23:40:10.271 [main] INFO  fr.inria.jtravis.JTravis - GitHub ratelimit: Limit: 5000 Remaining: 4767 Reset hour: 19:22:56
23:40:10.569 [main] INFO  f.i.s.r.p.i.ProjectInspector - ----------------------------------------------------------------------
23:40:10.570 [main] INFO  f.i.s.r.p.i.ProjectInspector - PIPELINE STEPS
23:40:10.570 [main] INFO  f.i.s.r.p.i.ProjectInspector - ----------------------------------------------------------------------
23:40:10.570 [main] INFO  f.i.s.r.p.i.ProjectInspector - CloneRepository
23:40:10.570 [main] INFO  f.i.s.r.p.i.ProjectInspector - CheckoutPatchedBuildCandidate
23:40:10.571 [main] INFO  f.i.s.r.p.i.ProjectInspector - ComputeSourceDir
23:40:10.571 [main] INFO  f.i.s.r.p.i.ProjectInspector - ComputeTestDir
23:40:10.571 [main] INFO  f.i.s.r.p.i.ProjectInspector - CheckoutBuggyBuildCandidateSourceCode
23:40:10.571 [main] INFO  f.i.s.r.p.i.ProjectInspector - BuildProjectBuggyBuildCandidateSourceCode
23:40:10.571 [main] INFO  f.i.s.r.p.i.ProjectInspector - TestProjectBuggyBuildCandidateSourceCode
23:40:10.572 [main] INFO  f.i.s.r.p.i.ProjectInspector - GatherTestInformationBuggyBuildCandidateSourceCode
23:40:10.572 [main] INFO  f.i.s.r.p.i.ProjectInspector - CheckoutBuggyBuildTestCode
23:40:10.572 [main] INFO  f.i.s.r.p.i.ProjectInspector - InitRepoToPush
23:40:10.572 [main] INFO  f.i.s.r.p.i.ProjectInspector - ComputeClasspath
23:40:10.573 [main] INFO  f.i.s.r.p.i.ProjectInspector - ComputeModules
23:40:10.573 [main] INFO  f.i.s.r.p.i.ProjectInspector - CheckoutBuggyBuildCandidateSourceCode
23:40:10.573 [main] INFO  f.i.s.r.p.i.ProjectInspector - CommitChangedTests
23:40:10.573 [main] INFO  f.i.s.r.p.i.ProjectInspector - CheckoutPatchedBuildCandidate
23:40:10.573 [main] INFO  f.i.s.r.p.i.ProjectInspector - BuildProjectPatchedBuildCandidate
23:40:10.574 [main] INFO  f.i.s.r.p.i.ProjectInspector - TestProjectPatchedBuildCandidate
23:40:10.574 [main] INFO  f.i.s.r.p.i.ProjectInspector - GatherTestInformationPatchedBuildCandidate
23:40:10.582 [main] INFO  f.i.s.r.p.i.ProjectInspector - CommitPatch
23:40:10.582 [main] INFO  f.i.s.r.p.i.ProjectInspector - WritePropertyFile
23:40:10.583 [main] INFO  f.i.s.r.p.i.ProjectInspector - CommitProcessEnd
23:40:10.583 [main] INFO  f.i.s.r.p.i.ProjectInspector - PushProcessEnd
23:40:10.583 [main] DEBUG f.i.s.r.process.step.CloneRepository - ----------------------------------------------------------------------
23:40:10.584 [main] DEBUG f.i.s.r.process.step.CloneRepository - STEP 1/22: CloneRepository
23:40:10.584 [main] DEBUG f.i.s.r.process.step.CloneRepository - ----------------------------------------------------------------------
23:40:10.585 [main] DEBUG f.i.s.r.process.step.CloneRepository - Cloning repository StuPro-TOSCAna/TOSCAna in the following directory: ./workspace/StuPro-TOSCAna/TOSCAna/336242064
23:40:34.705 [main] DEBUG f.i.s.r.process.step.CloneRepository - STEP STATUS: [ CloneRepository : SUCCESS ]
23:40:34.711 [main] DEBUG f.i.s.r.process.step.CloneRepository - STEP DURATION: 24s
23:40:34.711 [main] DEBUG f.i.s.r.process.step.CloneRepository - EXECUTE NEXT STEP
23:40:34.712 [main] DEBUG f.i.s.r.p.s.c.CheckoutPatchedBuild - ----------------------------------------------------------------------
23:40:34.712 [main] DEBUG f.i.s.r.p.s.c.CheckoutPatchedBuild - STEP 2/22: CheckoutPatchedBuildCandidate
23:40:34.712 [main] DEBUG f.i.s.r.p.s.c.CheckoutPatchedBuild - ----------------------------------------------------------------------
23:40:34.712 [main] DEBUG f.i.s.r.p.s.c.CheckoutPatchedBuild - Checking out patched build candidate...
23:40:35.029 [main] INFO  fr.inria.jtravis.JTravis - GitHub ratelimit: Limit: 5000 Remaining: 4761 Reset hour: 19:22:56
23:40:37.411 [main] DEBUG f.i.s.r.p.s.c.CheckoutPatchedBuild - Reproduce the PR for StuPro-TOSCAna/TOSCAna by fetching remote branch and merging.
23:40:37.561 [main] ERROR f.i.s.r.p.s.c.CheckoutPatchedBuild - Error while testing commit: org.eclipse.jgit.errors.MissingObjectException: Missing unknown 7edb41aed29126f9d0738856f0a0dbfbd1f80b25
23:40:37.564 [main] ERROR f.i.s.r.p.s.c.CheckoutPatchedBuild - Commit head ref cannot be retrieved from the repository: 7edb41aed29126f9d0738856f0a0dbfbd1f80b25. Operation aborted.
23:40:37.564 [main] ERROR f.i.s.r.p.s.c.CheckoutPatchedBuild - Error while merging two commits to reproduce the PR.
23:40:37.565 [main] DEBUG f.i.s.r.p.s.c.CheckoutPatchedBuild - STEP STATUS: [ CheckoutPatchedBuildCandidate : FAILURE ( BUILDNOTCHECKEDOUT ) ]
23:40:37.566 [main] DEBUG f.i.s.r.p.s.c.CheckoutPatchedBuild - STEP DURATION: 2s
23:40:37.567 [main] DEBUG f.i.s.r.p.s.c.CheckoutPatchedBuild - TERMINATE PIPELINE
23:40:37.567 [main] DEBUG f.i.s.r.p.s.c.CheckoutPatchedBuild - FINAL STEPS SKIPPED: The reproduction of the bug and/or the patch failed.
23:40:37.568 [main] INFO  f.i.s.r.p.s.c.CheckoutPatchedBuild - Serialize all data for the pair of builds 336242064, 336281448
23:40:37.687 [main] INFO  fr.inria.jtravis.JTravis - GitHub ratelimit: Limit: 5000 Remaining: 4754 Reset hour: 19:22:56
23:40:38.337 [main] INFO  f.i.s.r.p.i.ProjectInspector - ----------------------------------------------------------------------
23:40:38.337 [main] INFO  f.i.s.r.p.i.ProjectInspector - PIPELINE EXECUTION SUMMARY
23:40:38.338 [main] INFO  f.i.s.r.p.i.ProjectInspector - ----------------------------------------------------------------------
23:40:38.338 [main] INFO  f.i.s.r.p.i.ProjectInspector - CloneRepository.......................................SUCCESS [ 24 s ]
23:40:38.342 [main] INFO  f.i.s.r.p.i.ProjectInspector - CheckoutPatchedBuildCandidate.........................FAILURE [  2 s ]
23:40:38.343 [main] INFO  f.i.s.r.p.i.ProjectInspector - ComputeSourceDir......................................NOT RUN         
23:40:38.343 [main] INFO  f.i.s.r.p.i.ProjectInspector - ComputeTestDir........................................NOT RUN         
23:40:38.344 [main] INFO  f.i.s.r.p.i.ProjectInspector - CheckoutBuggyBuildCandidateSourceCode.................NOT RUN         
23:40:38.344 [main] INFO  f.i.s.r.p.i.ProjectInspector - BuildProjectBuggyBuildCandidateSourceCode.............NOT RUN         
23:40:38.344 [main] INFO  f.i.s.r.p.i.ProjectInspector - TestProjectBuggyBuildCandidateSourceCode..............NOT RUN         
23:40:38.348 [main] INFO  f.i.s.r.p.i.ProjectInspector - GatherTestInformationBuggyBuildCandidateSourceCode....NOT RUN         
23:40:38.349 [main] INFO  f.i.s.r.p.i.ProjectInspector - CheckoutBuggyBuildTestCode............................NOT RUN         
23:40:38.349 [main] INFO  f.i.s.r.p.i.ProjectInspector - InitRepoToPush........................................NOT RUN         
23:40:38.349 [main] INFO  f.i.s.r.p.i.ProjectInspector - ComputeClasspath......................................NOT RUN         
23:40:38.349 [main] INFO  f.i.s.r.p.i.ProjectInspector - ComputeModules........................................NOT RUN         
23:40:38.350 [main] INFO  f.i.s.r.p.i.ProjectInspector - CheckoutBuggyBuildCandidateSourceCode.................NOT RUN         
23:40:38.350 [main] INFO  f.i.s.r.p.i.ProjectInspector - CommitChangedTests....................................NOT RUN         
23:40:38.350 [main] INFO  f.i.s.r.p.i.ProjectInspector - CheckoutPatchedBuildCandidate.........................NOT RUN         
23:40:38.350 [main] INFO  f.i.s.r.p.i.ProjectInspector - BuildProjectPatchedBuildCandidate.....................NOT RUN         
23:40:38.351 [main] INFO  f.i.s.r.p.i.ProjectInspector - TestProjectPatchedBuildCandidate......................NOT RUN         
23:40:38.351 [main] INFO  f.i.s.r.p.i.ProjectInspector - GatherTestInformationPatchedBuildCandidate............NOT RUN         
23:40:38.351 [main] INFO  f.i.s.r.p.i.ProjectInspector - CommitPatch...........................................NOT RUN         
23:40:38.351 [main] INFO  f.i.s.r.p.i.ProjectInspector - WritePropertyFile.....................................NOT RUN         
23:40:38.352 [main] INFO  f.i.s.r.p.i.ProjectInspector - CommitProcessEnd......................................NOT RUN         
23:40:38.352 [main] INFO  f.i.s.r.p.i.ProjectInspector - PushProcessEnd........................................NOT RUN         
23:40:38.352 [main] INFO  f.i.s.r.p.i.ProjectInspector - ----------------------------------------------------------------------
23:40:38.353 [main] INFO  f.i.s.r.p.i.ProjectInspector - PIPELINE FINDING: BUILDNOTCHECKEDOUT
23:40:38.353 [main] INFO  f.i.s.r.p.i.ProjectInspector - ----------------------------------------------------------------------
23:40:38.353 [main] INFO  f.i.s.repairnator.pipeline.Launcher - Inspector is finished. The process will exit now.
