18:22:09.528 [main] INFO  f.i.s.repairnator.pipeline.Launcher - PIPELINE VERSION: 3.0-2018-08-09 19:04
18:22:09.653 [main] INFO  f.i.s.repairnator.pipeline.Launcher - The pipeline will try to reproduce a bug from build 337541240 and its corresponding patch from build 337939559
18:22:09.654 [main] INFO  f.i.s.repairnator.pipeline.Launcher - Initialize file serializer engines.
18:22:09.655 [main] INFO  f.i.s.repairnator.pipeline.Launcher - MongoDB won't be used for serialization.
18:22:09.655 [main] INFO  f.i.s.repairnator.pipeline.Launcher - The email notifier engine won't be used.
18:22:09.658 [main] INFO  f.i.s.repairnator.pipeline.Launcher - Start by getting the build (buildId: 337541240) with the following config: RepairnatorConfig{runId='115b89a2-5f2f-4a9f-a894-a9ee1a0dcd59_02-18-week1-PASSING_AND_PASSING', launcherMode=BEARS, serializeJson=true, inputPath='null', outputPath='/var/log', mongodbHost='null', mongodbName='repairnator', smtpServer='null', notifyTo=[], notifyEndProcess=false, push=true, pushRemoteRepo='https://github.com/fermadeiral/bears-collection-pp', fork=false, lookFromDate=null, lookToDate=null, buildId=337541240, z3solverPath='./z3_for_linux', workspacePath='./workspace', githubToken='c8a341a903[...]', dockerImageName='null', skipDelete=false, createOutputDir=false, logDirectory='null', nbThreads=0, globalTimeout=0, whiteList=null, blackList=null, jobSleepTime=0, buildSleepTime=0, maxInspectedBuilds=0, duration=null, humanPatch=false, repository='null', clean=true, bearsMode=BOTH, bearsDelimiter = false, repairTools=NopolAllTests,NPEFix,AssertFixer,AstorJGenProg,AstorJKali,NopolSingleTest,AstorJMut,NopolTestExclusionStrategy, githubUserName= fermadeiral, githubUserEmail=fer.madeiral@gmail.com}
18:22:11.171 [main] DEBUG fr.inria.jtravis.helpers.BuildHelper - Get request to :https://api.travis-ci.org/build/337541240 done after 915 ms
18:22:11.448 [main] DEBUG fr.inria.jtravis.helpers.BuildHelper - Get request to :https://api.travis-ci.org/build/337939559 done after 133 ms
18:22:11.465 [main] INFO  f.i.s.repairnator.pipeline.Launcher - The patched build (337939559) was successfully retrieved from Travis.
18:22:12.729 [main] INFO  fr.inria.jtravis.JTravis - GitHub ratelimit: Limit: 5000 Remaining: 4986 Reset hour: 19:22:38
18:22:12.994 [main] INFO  f.i.s.r.p.i.ProjectInspector - ----------------------------------------------------------------------
18:22:12.994 [main] INFO  f.i.s.r.p.i.ProjectInspector - PIPELINE STEPS
18:22:12.994 [main] INFO  f.i.s.r.p.i.ProjectInspector - ----------------------------------------------------------------------
18:22:12.994 [main] INFO  f.i.s.r.p.i.ProjectInspector - CloneRepository
18:22:12.994 [main] INFO  f.i.s.r.p.i.ProjectInspector - CheckoutPatchedBuildCandidate
18:22:12.995 [main] INFO  f.i.s.r.p.i.ProjectInspector - ComputeSourceDir
18:22:12.995 [main] INFO  f.i.s.r.p.i.ProjectInspector - ComputeTestDir
18:22:12.995 [main] INFO  f.i.s.r.p.i.ProjectInspector - CheckoutBuggyBuildCandidateSourceCode
18:22:12.995 [main] INFO  f.i.s.r.p.i.ProjectInspector - BuildProjectBuggyBuildCandidateSourceCode
18:22:12.996 [main] INFO  f.i.s.r.p.i.ProjectInspector - TestProjectBuggyBuildCandidateSourceCode
18:22:12.996 [main] INFO  f.i.s.r.p.i.ProjectInspector - GatherTestInformationBuggyBuildCandidateSourceCode
18:22:12.996 [main] INFO  f.i.s.r.p.i.ProjectInspector - CheckoutBuggyBuildTestCode
18:22:12.996 [main] INFO  f.i.s.r.p.i.ProjectInspector - InitRepoToPush
18:22:12.996 [main] INFO  f.i.s.r.p.i.ProjectInspector - ComputeClasspath
18:22:12.996 [main] INFO  f.i.s.r.p.i.ProjectInspector - ComputeModules
18:22:12.997 [main] INFO  f.i.s.r.p.i.ProjectInspector - CheckoutBuggyBuildCandidateSourceCode
18:22:12.997 [main] INFO  f.i.s.r.p.i.ProjectInspector - CommitChangedTests
18:22:12.997 [main] INFO  f.i.s.r.p.i.ProjectInspector - CheckoutPatchedBuildCandidate
18:22:12.997 [main] INFO  f.i.s.r.p.i.ProjectInspector - BuildProjectPatchedBuildCandidate
18:22:12.997 [main] INFO  f.i.s.r.p.i.ProjectInspector - TestProjectPatchedBuildCandidate
18:22:12.998 [main] INFO  f.i.s.r.p.i.ProjectInspector - GatherTestInformationPatchedBuildCandidate
18:22:12.998 [main] INFO  f.i.s.r.p.i.ProjectInspector - CommitPatch
18:22:12.998 [main] INFO  f.i.s.r.p.i.ProjectInspector - WritePropertyFile
18:22:12.998 [main] INFO  f.i.s.r.p.i.ProjectInspector - CommitProcessEnd
18:22:12.999 [main] INFO  f.i.s.r.p.i.ProjectInspector - PushProcessEnd
18:22:12.999 [main] DEBUG f.i.s.r.process.step.CloneRepository - ----------------------------------------------------------------------
18:22:13.000 [main] DEBUG f.i.s.r.process.step.CloneRepository - STEP 1/22: CloneRepository
18:22:13.000 [main] DEBUG f.i.s.r.process.step.CloneRepository - ----------------------------------------------------------------------
18:22:13.000 [main] DEBUG f.i.s.r.process.step.CloneRepository - Cloning repository EnMasseProject/enmasse in the following directory: ./workspace/EnMasseProject/enmasse/337541240
18:22:41.209 [main] DEBUG f.i.s.r.process.step.CloneRepository - STEP STATUS: [ CloneRepository : SUCCESS ]
18:22:41.210 [main] DEBUG f.i.s.r.process.step.CloneRepository - STEP DURATION: 28s
18:22:41.210 [main] DEBUG f.i.s.r.process.step.CloneRepository - EXECUTE NEXT STEP
18:22:41.211 [main] DEBUG f.i.s.r.p.s.c.CheckoutPatchedBuild - ----------------------------------------------------------------------
18:22:41.211 [main] DEBUG f.i.s.r.p.s.c.CheckoutPatchedBuild - STEP 2/22: CheckoutPatchedBuildCandidate
18:22:41.211 [main] DEBUG f.i.s.r.p.s.c.CheckoutPatchedBuild - ----------------------------------------------------------------------
18:22:41.211 [main] DEBUG f.i.s.r.p.s.c.CheckoutPatchedBuild - Checking out patched build candidate...
18:22:41.227 [main] ERROR f.i.s.r.p.s.c.CheckoutPatchedBuild - Error while testing commit: org.eclipse.jgit.errors.MissingObjectException: Missing unknown d6c1ae2a2ae426c6e504ebaaa930aa84b290dbe7
18:22:41.228 [main] ERROR f.i.s.r.p.s.c.CheckoutPatchedBuild - Error while getting the commit to checkout from the repo.
18:22:41.229 [main] DEBUG f.i.s.r.p.s.c.CheckoutPatchedBuild - STEP STATUS: [ CheckoutPatchedBuildCandidate : FAILURE ( BUILDNOTCHECKEDOUT ) ]
18:22:41.229 [main] DEBUG f.i.s.r.p.s.c.CheckoutPatchedBuild - STEP DURATION: 0s
18:22:41.230 [main] DEBUG f.i.s.r.p.s.c.CheckoutPatchedBuild - TERMINATE PIPELINE
18:22:41.230 [main] DEBUG f.i.s.r.p.s.c.CheckoutPatchedBuild - FINAL STEPS SKIPPED: The reproduction of the bug and/or the patch failed.
18:22:41.230 [main] INFO  f.i.s.r.p.s.c.CheckoutPatchedBuild - Serialize all data for the pair of builds 337541240, 337939559
18:22:41.572 [main] INFO  fr.inria.jtravis.JTravis - GitHub ratelimit: Limit: 5000 Remaining: 4985 Reset hour: 19:22:38
18:22:42.807 [main] INFO  f.i.s.r.p.i.ProjectInspector - ----------------------------------------------------------------------
18:22:42.807 [main] INFO  f.i.s.r.p.i.ProjectInspector - PIPELINE EXECUTION SUMMARY
18:22:42.808 [main] INFO  f.i.s.r.p.i.ProjectInspector - ----------------------------------------------------------------------
18:22:42.808 [main] INFO  f.i.s.r.p.i.ProjectInspector - CloneRepository.......................................SUCCESS [ 28 s ]
18:22:42.809 [main] INFO  f.i.s.r.p.i.ProjectInspector - CheckoutPatchedBuildCandidate.........................FAILURE [  0 s ]
18:22:42.809 [main] INFO  f.i.s.r.p.i.ProjectInspector - ComputeSourceDir......................................NOT RUN         
18:22:42.809 [main] INFO  f.i.s.r.p.i.ProjectInspector - ComputeTestDir........................................NOT RUN         
18:22:42.810 [main] INFO  f.i.s.r.p.i.ProjectInspector - CheckoutBuggyBuildCandidateSourceCode.................NOT RUN         
18:22:42.810 [main] INFO  f.i.s.r.p.i.ProjectInspector - BuildProjectBuggyBuildCandidateSourceCode.............NOT RUN         
18:22:42.811 [main] INFO  f.i.s.r.p.i.ProjectInspector - TestProjectBuggyBuildCandidateSourceCode..............NOT RUN         
18:22:42.811 [main] INFO  f.i.s.r.p.i.ProjectInspector - GatherTestInformationBuggyBuildCandidateSourceCode....NOT RUN         
18:22:42.812 [main] INFO  f.i.s.r.p.i.ProjectInspector - CheckoutBuggyBuildTestCode............................NOT RUN         
18:22:42.812 [main] INFO  f.i.s.r.p.i.ProjectInspector - InitRepoToPush........................................NOT RUN         
18:22:42.812 [main] INFO  f.i.s.r.p.i.ProjectInspector - ComputeClasspath......................................NOT RUN         
18:22:42.813 [main] INFO  f.i.s.r.p.i.ProjectInspector - ComputeModules........................................NOT RUN         
18:22:42.813 [main] INFO  f.i.s.r.p.i.ProjectInspector - CheckoutBuggyBuildCandidateSourceCode.................NOT RUN         
18:22:42.813 [main] INFO  f.i.s.r.p.i.ProjectInspector - CommitChangedTests....................................NOT RUN         
18:22:42.814 [main] INFO  f.i.s.r.p.i.ProjectInspector - CheckoutPatchedBuildCandidate.........................NOT RUN         
18:22:42.814 [main] INFO  f.i.s.r.p.i.ProjectInspector - BuildProjectPatchedBuildCandidate.....................NOT RUN         
18:22:42.815 [main] INFO  f.i.s.r.p.i.ProjectInspector - TestProjectPatchedBuildCandidate......................NOT RUN         
18:22:42.815 [main] INFO  f.i.s.r.p.i.ProjectInspector - GatherTestInformationPatchedBuildCandidate............NOT RUN         
18:22:42.815 [main] INFO  f.i.s.r.p.i.ProjectInspector - CommitPatch...........................................NOT RUN         
18:22:42.816 [main] INFO  f.i.s.r.p.i.ProjectInspector - WritePropertyFile.....................................NOT RUN         
18:22:42.816 [main] INFO  f.i.s.r.p.i.ProjectInspector - CommitProcessEnd......................................NOT RUN         
18:22:42.816 [main] INFO  f.i.s.r.p.i.ProjectInspector - PushProcessEnd........................................NOT RUN         
18:22:42.817 [main] INFO  f.i.s.r.p.i.ProjectInspector - ----------------------------------------------------------------------
18:22:42.817 [main] INFO  f.i.s.r.p.i.ProjectInspector - PIPELINE FINDING: BUILDNOTCHECKEDOUT
18:22:42.818 [main] INFO  f.i.s.r.p.i.ProjectInspector - ----------------------------------------------------------------------
18:22:42.818 [main] INFO  f.i.s.repairnator.pipeline.Launcher - Inspector is finished. The process will exit now.
