23:26:15.642 [main] INFO  f.i.s.repairnator.pipeline.Launcher - PIPELINE VERSION: 3.0-2018-08-09 19:04
23:26:15.763 [main] INFO  f.i.s.repairnator.pipeline.Launcher - The pipeline will try to reproduce a bug from build 336943615 and its corresponding patch from build 336961643
23:26:15.764 [main] INFO  f.i.s.repairnator.pipeline.Launcher - Initialize file serializer engines.
23:26:15.765 [main] INFO  f.i.s.repairnator.pipeline.Launcher - MongoDB won't be used for serialization.
23:26:15.766 [main] INFO  f.i.s.repairnator.pipeline.Launcher - The email notifier engine won't be used.
23:26:15.769 [main] INFO  f.i.s.repairnator.pipeline.Launcher - Start by getting the build (buildId: 336943615) with the following config: RepairnatorConfig{runId='115b89a2-5f2f-4a9f-a894-a9ee1a0dcd59_02-18-week1-PASSING_AND_PASSING', launcherMode=BEARS, serializeJson=true, inputPath='null', outputPath='/var/log', mongodbHost='null', mongodbName='repairnator', smtpServer='null', notifyTo=[], notifyEndProcess=false, push=true, pushRemoteRepo='https://github.com/fermadeiral/bears-collection-pp', fork=false, lookFromDate=null, lookToDate=null, buildId=336943615, z3solverPath='./z3_for_linux', workspacePath='./workspace', githubToken='c8a341a903[...]', dockerImageName='null', skipDelete=false, createOutputDir=false, logDirectory='null', nbThreads=0, globalTimeout=0, whiteList=null, blackList=null, jobSleepTime=0, buildSleepTime=0, maxInspectedBuilds=0, duration=null, humanPatch=false, repository='null', clean=true, bearsMode=BOTH, bearsDelimiter = false, repairTools=NopolAllTests,NPEFix,AssertFixer,AstorJGenProg,AstorJKali,NopolSingleTest,AstorJMut,NopolTestExclusionStrategy, githubUserName= fermadeiral, githubUserEmail=fer.madeiral@gmail.com}
23:26:17.096 [main] DEBUG fr.inria.jtravis.helpers.BuildHelper - Get request to :https://api.travis-ci.org/build/336943615 done after 860 ms
23:26:17.439 [main] DEBUG fr.inria.jtravis.helpers.BuildHelper - Get request to :https://api.travis-ci.org/build/336961643 done after 184 ms
23:26:17.487 [main] INFO  f.i.s.repairnator.pipeline.Launcher - The patched build (336961643) was successfully retrieved from Travis.
23:26:21.264 [main] INFO  fr.inria.jtravis.JTravis - GitHub ratelimit: Limit: 5000 Remaining: 4953 Reset hour: 19:22:56
23:26:21.547 [main] INFO  f.i.s.r.p.i.ProjectInspector - ----------------------------------------------------------------------
23:26:21.548 [main] INFO  f.i.s.r.p.i.ProjectInspector - PIPELINE STEPS
23:26:21.548 [main] INFO  f.i.s.r.p.i.ProjectInspector - ----------------------------------------------------------------------
23:26:21.548 [main] INFO  f.i.s.r.p.i.ProjectInspector - CloneRepository
23:26:21.548 [main] INFO  f.i.s.r.p.i.ProjectInspector - CheckoutPatchedBuildCandidate
23:26:21.549 [main] INFO  f.i.s.r.p.i.ProjectInspector - ComputeSourceDir
23:26:21.549 [main] INFO  f.i.s.r.p.i.ProjectInspector - ComputeTestDir
23:26:21.549 [main] INFO  f.i.s.r.p.i.ProjectInspector - CheckoutBuggyBuildCandidateSourceCode
23:26:21.550 [main] INFO  f.i.s.r.p.i.ProjectInspector - BuildProjectBuggyBuildCandidateSourceCode
23:26:21.550 [main] INFO  f.i.s.r.p.i.ProjectInspector - TestProjectBuggyBuildCandidateSourceCode
23:26:21.550 [main] INFO  f.i.s.r.p.i.ProjectInspector - GatherTestInformationBuggyBuildCandidateSourceCode
23:26:21.551 [main] INFO  f.i.s.r.p.i.ProjectInspector - CheckoutBuggyBuildTestCode
23:26:21.551 [main] INFO  f.i.s.r.p.i.ProjectInspector - InitRepoToPush
23:26:21.551 [main] INFO  f.i.s.r.p.i.ProjectInspector - ComputeClasspath
23:26:21.551 [main] INFO  f.i.s.r.p.i.ProjectInspector - ComputeModules
23:26:21.552 [main] INFO  f.i.s.r.p.i.ProjectInspector - CheckoutBuggyBuildCandidateSourceCode
23:26:21.552 [main] INFO  f.i.s.r.p.i.ProjectInspector - CommitChangedTests
23:26:21.552 [main] INFO  f.i.s.r.p.i.ProjectInspector - CheckoutPatchedBuildCandidate
23:26:21.553 [main] INFO  f.i.s.r.p.i.ProjectInspector - BuildProjectPatchedBuildCandidate
23:26:21.553 [main] INFO  f.i.s.r.p.i.ProjectInspector - TestProjectPatchedBuildCandidate
23:26:21.553 [main] INFO  f.i.s.r.p.i.ProjectInspector - GatherTestInformationPatchedBuildCandidate
23:26:21.554 [main] INFO  f.i.s.r.p.i.ProjectInspector - CommitPatch
23:26:21.554 [main] INFO  f.i.s.r.p.i.ProjectInspector - WritePropertyFile
23:26:21.554 [main] INFO  f.i.s.r.p.i.ProjectInspector - CommitProcessEnd
23:26:21.555 [main] INFO  f.i.s.r.p.i.ProjectInspector - PushProcessEnd
23:26:21.556 [main] DEBUG f.i.s.r.process.step.CloneRepository - ----------------------------------------------------------------------
23:26:21.556 [main] DEBUG f.i.s.r.process.step.CloneRepository - STEP 1/22: CloneRepository
23:26:21.556 [main] DEBUG f.i.s.r.process.step.CloneRepository - ----------------------------------------------------------------------
23:26:21.557 [main] DEBUG f.i.s.r.process.step.CloneRepository - Cloning repository StuPro-TOSCAna/TOSCAna in the following directory: ./workspace/StuPro-TOSCAna/TOSCAna/336943615
23:26:37.908 [main] DEBUG f.i.s.r.process.step.CloneRepository - STEP STATUS: [ CloneRepository : SUCCESS ]
23:26:37.909 [main] DEBUG f.i.s.r.process.step.CloneRepository - STEP DURATION: 16s
23:26:37.910 [main] DEBUG f.i.s.r.process.step.CloneRepository - EXECUTE NEXT STEP
23:26:37.910 [main] DEBUG f.i.s.r.p.s.c.CheckoutPatchedBuild - ----------------------------------------------------------------------
23:26:37.910 [main] DEBUG f.i.s.r.p.s.c.CheckoutPatchedBuild - STEP 2/22: CheckoutPatchedBuildCandidate
23:26:37.910 [main] DEBUG f.i.s.r.p.s.c.CheckoutPatchedBuild - ----------------------------------------------------------------------
23:26:37.911 [main] DEBUG f.i.s.r.p.s.c.CheckoutPatchedBuild - Checking out patched build candidate...
23:26:38.407 [main] INFO  fr.inria.jtravis.JTravis - GitHub ratelimit: Limit: 5000 Remaining: 4952 Reset hour: 19:22:56
23:26:40.402 [main] DEBUG f.i.s.r.p.s.c.CheckoutPatchedBuild - Reproduce the PR for StuPro-TOSCAna/TOSCAna by fetching remote branch and merging.
23:26:40.558 [main] ERROR f.i.s.r.p.s.c.CheckoutPatchedBuild - Error while testing commit: org.eclipse.jgit.errors.MissingObjectException: Missing unknown bb2d40a1a88dfd8832a9808257b8a6f22dd9e3c6
23:26:40.559 [main] ERROR f.i.s.r.p.s.c.CheckoutPatchedBuild - Commit head ref cannot be retrieved from the repository: bb2d40a1a88dfd8832a9808257b8a6f22dd9e3c6. Operation aborted.
23:26:40.559 [main] ERROR f.i.s.r.p.s.c.CheckoutPatchedBuild - Error while merging two commits to reproduce the PR.
23:26:40.560 [main] DEBUG f.i.s.r.p.s.c.CheckoutPatchedBuild - STEP STATUS: [ CheckoutPatchedBuildCandidate : FAILURE ( BUILDNOTCHECKEDOUT ) ]
23:26:40.561 [main] DEBUG f.i.s.r.p.s.c.CheckoutPatchedBuild - STEP DURATION: 2s
23:26:40.561 [main] DEBUG f.i.s.r.p.s.c.CheckoutPatchedBuild - TERMINATE PIPELINE
23:26:40.561 [main] DEBUG f.i.s.r.p.s.c.CheckoutPatchedBuild - FINAL STEPS SKIPPED: The reproduction of the bug and/or the patch failed.
23:26:40.562 [main] INFO  f.i.s.r.p.s.c.CheckoutPatchedBuild - Serialize all data for the pair of builds 336943615, 336961643
23:26:40.688 [main] INFO  fr.inria.jtravis.JTravis - GitHub ratelimit: Limit: 5000 Remaining: 4945 Reset hour: 19:22:56
23:26:41.227 [main] INFO  f.i.s.r.p.i.ProjectInspector - ----------------------------------------------------------------------
23:26:41.227 [main] INFO  f.i.s.r.p.i.ProjectInspector - PIPELINE EXECUTION SUMMARY
23:26:41.228 [main] INFO  f.i.s.r.p.i.ProjectInspector - ----------------------------------------------------------------------
23:26:41.228 [main] INFO  f.i.s.r.p.i.ProjectInspector - CloneRepository.......................................SUCCESS [ 16 s ]
23:26:41.228 [main] INFO  f.i.s.r.p.i.ProjectInspector - CheckoutPatchedBuildCandidate.........................FAILURE [  2 s ]
23:26:41.228 [main] INFO  f.i.s.r.p.i.ProjectInspector - ComputeSourceDir......................................NOT RUN         
23:26:41.229 [main] INFO  f.i.s.r.p.i.ProjectInspector - ComputeTestDir........................................NOT RUN         
23:26:41.229 [main] INFO  f.i.s.r.p.i.ProjectInspector - CheckoutBuggyBuildCandidateSourceCode.................NOT RUN         
23:26:41.229 [main] INFO  f.i.s.r.p.i.ProjectInspector - BuildProjectBuggyBuildCandidateSourceCode.............NOT RUN         
23:26:41.230 [main] INFO  f.i.s.r.p.i.ProjectInspector - TestProjectBuggyBuildCandidateSourceCode..............NOT RUN         
23:26:41.230 [main] INFO  f.i.s.r.p.i.ProjectInspector - GatherTestInformationBuggyBuildCandidateSourceCode....NOT RUN         
23:26:41.230 [main] INFO  f.i.s.r.p.i.ProjectInspector - CheckoutBuggyBuildTestCode............................NOT RUN         
23:26:41.231 [main] INFO  f.i.s.r.p.i.ProjectInspector - InitRepoToPush........................................NOT RUN         
23:26:41.231 [main] INFO  f.i.s.r.p.i.ProjectInspector - ComputeClasspath......................................NOT RUN         
23:26:41.231 [main] INFO  f.i.s.r.p.i.ProjectInspector - ComputeModules........................................NOT RUN         
23:26:41.231 [main] INFO  f.i.s.r.p.i.ProjectInspector - CheckoutBuggyBuildCandidateSourceCode.................NOT RUN         
23:26:41.232 [main] INFO  f.i.s.r.p.i.ProjectInspector - CommitChangedTests....................................NOT RUN         
23:26:41.232 [main] INFO  f.i.s.r.p.i.ProjectInspector - CheckoutPatchedBuildCandidate.........................NOT RUN         
23:26:41.232 [main] INFO  f.i.s.r.p.i.ProjectInspector - BuildProjectPatchedBuildCandidate.....................NOT RUN         
23:26:41.232 [main] INFO  f.i.s.r.p.i.ProjectInspector - TestProjectPatchedBuildCandidate......................NOT RUN         
23:26:41.233 [main] INFO  f.i.s.r.p.i.ProjectInspector - GatherTestInformationPatchedBuildCandidate............NOT RUN         
23:26:41.233 [main] INFO  f.i.s.r.p.i.ProjectInspector - CommitPatch...........................................NOT RUN         
23:26:41.233 [main] INFO  f.i.s.r.p.i.ProjectInspector - WritePropertyFile.....................................NOT RUN         
23:26:41.233 [main] INFO  f.i.s.r.p.i.ProjectInspector - CommitProcessEnd......................................NOT RUN         
23:26:41.234 [main] INFO  f.i.s.r.p.i.ProjectInspector - PushProcessEnd........................................NOT RUN         
23:26:41.234 [main] INFO  f.i.s.r.p.i.ProjectInspector - ----------------------------------------------------------------------
23:26:41.234 [main] INFO  f.i.s.r.p.i.ProjectInspector - PIPELINE FINDING: BUILDNOTCHECKEDOUT
23:26:41.235 [main] INFO  f.i.s.r.p.i.ProjectInspector - ----------------------------------------------------------------------
23:26:41.235 [main] INFO  f.i.s.repairnator.pipeline.Launcher - Inspector is finished. The process will exit now.
