19:45:31.335 [main] INFO  f.i.s.repairnator.pipeline.Launcher - PIPELINE VERSION: 3.0-2018-08-09 19:04
19:45:31.489 [main] INFO  f.i.s.repairnator.pipeline.Launcher - The pipeline will try to reproduce a bug from build 335711155 and its corresponding patch from build 336260618
19:45:31.489 [main] INFO  f.i.s.repairnator.pipeline.Launcher - Initialize file serializer engines.
19:45:31.491 [main] INFO  f.i.s.repairnator.pipeline.Launcher - MongoDB won't be used for serialization.
19:45:31.492 [main] INFO  f.i.s.repairnator.pipeline.Launcher - The email notifier engine won't be used.
19:45:31.496 [main] INFO  f.i.s.repairnator.pipeline.Launcher - Start by getting the build (buildId: 335711155) with the following config: RepairnatorConfig{runId='115b89a2-5f2f-4a9f-a894-a9ee1a0dcd59_02-18-week1-PASSING_AND_PASSING', launcherMode=BEARS, serializeJson=true, inputPath='null', outputPath='/var/log', mongodbHost='null', mongodbName='repairnator', smtpServer='null', notifyTo=[], notifyEndProcess=false, push=true, pushRemoteRepo='https://github.com/fermadeiral/bears-collection-pp', fork=false, lookFromDate=null, lookToDate=null, buildId=335711155, z3solverPath='./z3_for_linux', workspacePath='./workspace', githubToken='c8a341a903[...]', dockerImageName='null', skipDelete=false, createOutputDir=false, logDirectory='null', nbThreads=0, globalTimeout=0, whiteList=null, blackList=null, jobSleepTime=0, buildSleepTime=0, maxInspectedBuilds=0, duration=null, humanPatch=false, repository='null', clean=true, bearsMode=BOTH, bearsDelimiter = false, repairTools=NopolAllTests,NPEFix,AssertFixer,AstorJGenProg,AstorJKali,NopolSingleTest,AstorJMut,NopolTestExclusionStrategy, githubUserName= fermadeiral, githubUserEmail=fer.madeiral@gmail.com}
19:45:32.866 [main] DEBUG fr.inria.jtravis.helpers.BuildHelper - Get request to :https://api.travis-ci.org/build/335711155 done after 833 ms
19:45:33.134 [main] DEBUG fr.inria.jtravis.helpers.BuildHelper - Get request to :https://api.travis-ci.org/build/336260618 done after 146 ms
19:45:33.160 [main] INFO  f.i.s.repairnator.pipeline.Launcher - The patched build (336260618) was successfully retrieved from Travis.
19:45:34.187 [main] INFO  fr.inria.jtravis.JTravis - GitHub ratelimit: Limit: 5000 Remaining: 4597 Reset hour: 19:22:42
19:45:34.556 [main] INFO  f.i.s.r.p.i.ProjectInspector - ----------------------------------------------------------------------
19:45:34.556 [main] INFO  f.i.s.r.p.i.ProjectInspector - PIPELINE STEPS
19:45:34.556 [main] INFO  f.i.s.r.p.i.ProjectInspector - ----------------------------------------------------------------------
19:45:34.556 [main] INFO  f.i.s.r.p.i.ProjectInspector - CloneRepository
19:45:34.556 [main] INFO  f.i.s.r.p.i.ProjectInspector - CheckoutPatchedBuildCandidate
19:45:34.556 [main] INFO  f.i.s.r.p.i.ProjectInspector - ComputeSourceDir
19:45:34.557 [main] INFO  f.i.s.r.p.i.ProjectInspector - ComputeTestDir
19:45:34.557 [main] INFO  f.i.s.r.p.i.ProjectInspector - CheckoutBuggyBuildCandidateSourceCode
19:45:34.557 [main] INFO  f.i.s.r.p.i.ProjectInspector - BuildProjectBuggyBuildCandidateSourceCode
19:45:34.557 [main] INFO  f.i.s.r.p.i.ProjectInspector - TestProjectBuggyBuildCandidateSourceCode
19:45:34.557 [main] INFO  f.i.s.r.p.i.ProjectInspector - GatherTestInformationBuggyBuildCandidateSourceCode
19:45:34.557 [main] INFO  f.i.s.r.p.i.ProjectInspector - CheckoutBuggyBuildTestCode
19:45:34.558 [main] INFO  f.i.s.r.p.i.ProjectInspector - InitRepoToPush
19:45:34.558 [main] INFO  f.i.s.r.p.i.ProjectInspector - ComputeClasspath
19:45:34.558 [main] INFO  f.i.s.r.p.i.ProjectInspector - ComputeModules
19:45:34.558 [main] INFO  f.i.s.r.p.i.ProjectInspector - CheckoutBuggyBuildCandidateSourceCode
19:45:34.558 [main] INFO  f.i.s.r.p.i.ProjectInspector - CommitChangedTests
19:45:34.558 [main] INFO  f.i.s.r.p.i.ProjectInspector - CheckoutPatchedBuildCandidate
19:45:34.558 [main] INFO  f.i.s.r.p.i.ProjectInspector - BuildProjectPatchedBuildCandidate
19:45:34.558 [main] INFO  f.i.s.r.p.i.ProjectInspector - TestProjectPatchedBuildCandidate
19:45:34.559 [main] INFO  f.i.s.r.p.i.ProjectInspector - GatherTestInformationPatchedBuildCandidate
19:45:34.559 [main] INFO  f.i.s.r.p.i.ProjectInspector - CommitPatch
19:45:34.559 [main] INFO  f.i.s.r.p.i.ProjectInspector - WritePropertyFile
19:45:34.559 [main] INFO  f.i.s.r.p.i.ProjectInspector - CommitProcessEnd
19:45:34.559 [main] INFO  f.i.s.r.p.i.ProjectInspector - PushProcessEnd
19:45:34.560 [main] DEBUG f.i.s.r.process.step.CloneRepository - ----------------------------------------------------------------------
19:45:34.560 [main] DEBUG f.i.s.r.process.step.CloneRepository - STEP 1/22: CloneRepository
19:45:34.560 [main] DEBUG f.i.s.r.process.step.CloneRepository - ----------------------------------------------------------------------
19:45:34.560 [main] DEBUG f.i.s.r.process.step.CloneRepository - Cloning repository runelite/runelite in the following directory: ./workspace/runelite/runelite/335711155
19:45:46.483 [main] DEBUG f.i.s.r.process.step.CloneRepository - STEP STATUS: [ CloneRepository : SUCCESS ]
19:45:46.484 [main] DEBUG f.i.s.r.process.step.CloneRepository - STEP DURATION: 11s
19:45:46.484 [main] DEBUG f.i.s.r.process.step.CloneRepository - EXECUTE NEXT STEP
19:45:46.484 [main] DEBUG f.i.s.r.p.s.c.CheckoutPatchedBuild - ----------------------------------------------------------------------
19:45:46.484 [main] DEBUG f.i.s.r.p.s.c.CheckoutPatchedBuild - STEP 2/22: CheckoutPatchedBuildCandidate
19:45:46.485 [main] DEBUG f.i.s.r.p.s.c.CheckoutPatchedBuild - ----------------------------------------------------------------------
19:45:46.485 [main] DEBUG f.i.s.r.p.s.c.CheckoutPatchedBuild - Checking out patched build candidate...
19:45:46.785 [main] INFO  fr.inria.jtravis.JTravis - GitHub ratelimit: Limit: 5000 Remaining: 4585 Reset hour: 19:22:42
19:45:47.197 [main] WARN  f.i.j.helpers.PullRequestHelper - The head repository is null: maybe it has been deleted from GitHub
19:45:47.198 [main] ERROR f.i.s.r.p.s.c.CheckoutPatchedBuild - Error while getting PR information.
19:45:47.199 [main] DEBUG f.i.s.r.p.s.c.CheckoutPatchedBuild - STEP STATUS: [ CheckoutPatchedBuildCandidate : FAILURE ( BUILDNOTCHECKEDOUT ) ]
19:45:47.200 [main] DEBUG f.i.s.r.p.s.c.CheckoutPatchedBuild - STEP DURATION: 0s
19:45:47.201 [main] DEBUG f.i.s.r.p.s.c.CheckoutPatchedBuild - TERMINATE PIPELINE
19:45:47.201 [main] DEBUG f.i.s.r.p.s.c.CheckoutPatchedBuild - FINAL STEPS SKIPPED: The reproduction of the bug and/or the patch failed.
19:45:47.202 [main] INFO  f.i.s.r.p.s.c.CheckoutPatchedBuild - Serialize all data for the pair of builds 335711155, 336260618
19:45:47.314 [main] INFO  fr.inria.jtravis.JTravis - GitHub ratelimit: Limit: 5000 Remaining: 4583 Reset hour: 19:22:42
19:45:48.317 [main] INFO  f.i.s.r.p.i.ProjectInspector - ----------------------------------------------------------------------
19:45:48.317 [main] INFO  f.i.s.r.p.i.ProjectInspector - PIPELINE EXECUTION SUMMARY
19:45:48.317 [main] INFO  f.i.s.r.p.i.ProjectInspector - ----------------------------------------------------------------------
19:45:48.318 [main] INFO  f.i.s.r.p.i.ProjectInspector - CloneRepository.......................................SUCCESS [ 11 s ]
19:45:48.318 [main] INFO  f.i.s.r.p.i.ProjectInspector - CheckoutPatchedBuildCandidate.........................FAILURE [  0 s ]
19:45:48.318 [main] INFO  f.i.s.r.p.i.ProjectInspector - ComputeSourceDir......................................NOT RUN         
19:45:48.318 [main] INFO  f.i.s.r.p.i.ProjectInspector - ComputeTestDir........................................NOT RUN         
19:45:48.318 [main] INFO  f.i.s.r.p.i.ProjectInspector - CheckoutBuggyBuildCandidateSourceCode.................NOT RUN         
19:45:48.318 [main] INFO  f.i.s.r.p.i.ProjectInspector - BuildProjectBuggyBuildCandidateSourceCode.............NOT RUN         
19:45:48.318 [main] INFO  f.i.s.r.p.i.ProjectInspector - TestProjectBuggyBuildCandidateSourceCode..............NOT RUN         
19:45:48.319 [main] INFO  f.i.s.r.p.i.ProjectInspector - GatherTestInformationBuggyBuildCandidateSourceCode....NOT RUN         
19:45:48.319 [main] INFO  f.i.s.r.p.i.ProjectInspector - CheckoutBuggyBuildTestCode............................NOT RUN         
19:45:48.320 [main] INFO  f.i.s.r.p.i.ProjectInspector - InitRepoToPush........................................NOT RUN         
19:45:48.320 [main] INFO  f.i.s.r.p.i.ProjectInspector - ComputeClasspath......................................NOT RUN         
19:45:48.320 [main] INFO  f.i.s.r.p.i.ProjectInspector - ComputeModules........................................NOT RUN         
19:45:48.320 [main] INFO  f.i.s.r.p.i.ProjectInspector - CheckoutBuggyBuildCandidateSourceCode.................NOT RUN         
19:45:48.320 [main] INFO  f.i.s.r.p.i.ProjectInspector - CommitChangedTests....................................NOT RUN         
19:45:48.320 [main] INFO  f.i.s.r.p.i.ProjectInspector - CheckoutPatchedBuildCandidate.........................NOT RUN         
19:45:48.320 [main] INFO  f.i.s.r.p.i.ProjectInspector - BuildProjectPatchedBuildCandidate.....................NOT RUN         
19:45:48.320 [main] INFO  f.i.s.r.p.i.ProjectInspector - TestProjectPatchedBuildCandidate......................NOT RUN         
19:45:48.320 [main] INFO  f.i.s.r.p.i.ProjectInspector - GatherTestInformationPatchedBuildCandidate............NOT RUN         
19:45:48.321 [main] INFO  f.i.s.r.p.i.ProjectInspector - CommitPatch...........................................NOT RUN         
19:45:48.321 [main] INFO  f.i.s.r.p.i.ProjectInspector - WritePropertyFile.....................................NOT RUN         
19:45:48.321 [main] INFO  f.i.s.r.p.i.ProjectInspector - CommitProcessEnd......................................NOT RUN         
19:45:48.321 [main] INFO  f.i.s.r.p.i.ProjectInspector - PushProcessEnd........................................NOT RUN         
19:45:48.321 [main] INFO  f.i.s.r.p.i.ProjectInspector - ----------------------------------------------------------------------
19:45:48.321 [main] INFO  f.i.s.r.p.i.ProjectInspector - PIPELINE FINDING: BUILDNOTCHECKEDOUT
19:45:48.322 [main] INFO  f.i.s.r.p.i.ProjectInspector - ----------------------------------------------------------------------
19:45:48.322 [main] INFO  f.i.s.repairnator.pipeline.Launcher - Inspector is finished. The process will exit now.
