23:25:39.015 [main] INFO  f.i.s.repairnator.pipeline.Launcher - PIPELINE VERSION: 3.0-2018-08-09 19:04
23:25:39.190 [main] INFO  f.i.s.repairnator.pipeline.Launcher - The pipeline will try to reproduce a bug from build 336943906 and its corresponding patch from build 336961802
23:25:39.190 [main] INFO  f.i.s.repairnator.pipeline.Launcher - Initialize file serializer engines.
23:25:39.193 [main] INFO  f.i.s.repairnator.pipeline.Launcher - MongoDB won't be used for serialization.
23:25:39.193 [main] INFO  f.i.s.repairnator.pipeline.Launcher - The email notifier engine won't be used.
23:25:39.197 [main] INFO  f.i.s.repairnator.pipeline.Launcher - Start by getting the build (buildId: 336943906) with the following config: RepairnatorConfig{runId='115b89a2-5f2f-4a9f-a894-a9ee1a0dcd59_02-18-week1-PASSING_AND_PASSING', launcherMode=BEARS, serializeJson=true, inputPath='null', outputPath='/var/log', mongodbHost='null', mongodbName='repairnator', smtpServer='null', notifyTo=[], notifyEndProcess=false, push=true, pushRemoteRepo='https://github.com/fermadeiral/bears-collection-pp', fork=false, lookFromDate=null, lookToDate=null, buildId=336943906, z3solverPath='./z3_for_linux', workspacePath='./workspace', githubToken='c8a341a903[...]', dockerImageName='null', skipDelete=false, createOutputDir=false, logDirectory='null', nbThreads=0, globalTimeout=0, whiteList=null, blackList=null, jobSleepTime=0, buildSleepTime=0, maxInspectedBuilds=0, duration=null, humanPatch=false, repository='null', clean=true, bearsMode=BOTH, bearsDelimiter = false, repairTools=NopolAllTests,NPEFix,AssertFixer,AstorJGenProg,AstorJKali,NopolSingleTest,AstorJMut,NopolTestExclusionStrategy, githubUserName= fermadeiral, githubUserEmail=fer.madeiral@gmail.com}
23:25:40.649 [main] DEBUG fr.inria.jtravis.helpers.BuildHelper - Get request to :https://api.travis-ci.org/build/336943906 done after 865 ms
23:25:40.943 [main] DEBUG fr.inria.jtravis.helpers.BuildHelper - Get request to :https://api.travis-ci.org/build/336961802 done after 135 ms
23:25:40.965 [main] INFO  f.i.s.repairnator.pipeline.Launcher - The patched build (336961802) was successfully retrieved from Travis.
23:25:43.288 [main] INFO  fr.inria.jtravis.JTravis - GitHub ratelimit: Limit: 5000 Remaining: 4964 Reset hour: 19:22:56
23:25:44.353 [main] INFO  f.i.s.r.p.i.ProjectInspector - ----------------------------------------------------------------------
23:25:44.353 [main] INFO  f.i.s.r.p.i.ProjectInspector - PIPELINE STEPS
23:25:44.354 [main] INFO  f.i.s.r.p.i.ProjectInspector - ----------------------------------------------------------------------
23:25:44.354 [main] INFO  f.i.s.r.p.i.ProjectInspector - CloneRepository
23:25:44.354 [main] INFO  f.i.s.r.p.i.ProjectInspector - CheckoutPatchedBuildCandidate
23:25:44.354 [main] INFO  f.i.s.r.p.i.ProjectInspector - ComputeSourceDir
23:25:44.355 [main] INFO  f.i.s.r.p.i.ProjectInspector - ComputeTestDir
23:25:44.355 [main] INFO  f.i.s.r.p.i.ProjectInspector - CheckoutBuggyBuildCandidateSourceCode
23:25:44.355 [main] INFO  f.i.s.r.p.i.ProjectInspector - BuildProjectBuggyBuildCandidateSourceCode
23:25:44.355 [main] INFO  f.i.s.r.p.i.ProjectInspector - TestProjectBuggyBuildCandidateSourceCode
23:25:44.356 [main] INFO  f.i.s.r.p.i.ProjectInspector - GatherTestInformationBuggyBuildCandidateSourceCode
23:25:44.356 [main] INFO  f.i.s.r.p.i.ProjectInspector - CheckoutBuggyBuildTestCode
23:25:44.356 [main] INFO  f.i.s.r.p.i.ProjectInspector - InitRepoToPush
23:25:44.356 [main] INFO  f.i.s.r.p.i.ProjectInspector - ComputeClasspath
23:25:44.356 [main] INFO  f.i.s.r.p.i.ProjectInspector - ComputeModules
23:25:44.357 [main] INFO  f.i.s.r.p.i.ProjectInspector - CheckoutBuggyBuildCandidateSourceCode
23:25:44.357 [main] INFO  f.i.s.r.p.i.ProjectInspector - CommitChangedTests
23:25:44.357 [main] INFO  f.i.s.r.p.i.ProjectInspector - CheckoutPatchedBuildCandidate
23:25:44.357 [main] INFO  f.i.s.r.p.i.ProjectInspector - BuildProjectPatchedBuildCandidate
23:25:44.357 [main] INFO  f.i.s.r.p.i.ProjectInspector - TestProjectPatchedBuildCandidate
23:25:44.358 [main] INFO  f.i.s.r.p.i.ProjectInspector - GatherTestInformationPatchedBuildCandidate
23:25:44.359 [main] INFO  f.i.s.r.p.i.ProjectInspector - CommitPatch
23:25:44.359 [main] INFO  f.i.s.r.p.i.ProjectInspector - WritePropertyFile
23:25:44.360 [main] INFO  f.i.s.r.p.i.ProjectInspector - CommitProcessEnd
23:25:44.360 [main] INFO  f.i.s.r.p.i.ProjectInspector - PushProcessEnd
23:25:44.361 [main] DEBUG f.i.s.r.process.step.CloneRepository - ----------------------------------------------------------------------
23:25:44.361 [main] DEBUG f.i.s.r.process.step.CloneRepository - STEP 1/22: CloneRepository
23:25:44.361 [main] DEBUG f.i.s.r.process.step.CloneRepository - ----------------------------------------------------------------------
23:25:44.362 [main] DEBUG f.i.s.r.process.step.CloneRepository - Cloning repository StuPro-TOSCAna/TOSCAna in the following directory: ./workspace/StuPro-TOSCAna/TOSCAna/336943906
23:26:02.173 [main] DEBUG f.i.s.r.process.step.CloneRepository - STEP STATUS: [ CloneRepository : SUCCESS ]
23:26:02.174 [main] DEBUG f.i.s.r.process.step.CloneRepository - STEP DURATION: 17s
23:26:02.175 [main] DEBUG f.i.s.r.process.step.CloneRepository - EXECUTE NEXT STEP
23:26:02.176 [main] DEBUG f.i.s.r.p.s.c.CheckoutPatchedBuild - ----------------------------------------------------------------------
23:26:02.176 [main] DEBUG f.i.s.r.p.s.c.CheckoutPatchedBuild - STEP 2/22: CheckoutPatchedBuildCandidate
23:26:02.176 [main] DEBUG f.i.s.r.p.s.c.CheckoutPatchedBuild - ----------------------------------------------------------------------
23:26:02.177 [main] DEBUG f.i.s.r.p.s.c.CheckoutPatchedBuild - Checking out patched build candidate...
23:26:02.736 [main] INFO  fr.inria.jtravis.JTravis - GitHub ratelimit: Limit: 5000 Remaining: 4963 Reset hour: 19:22:56
23:26:04.466 [main] DEBUG f.i.s.r.p.s.c.CheckoutPatchedBuild - Reproduce the PR for StuPro-TOSCAna/TOSCAna by fetching remote branch and merging.
23:26:04.957 [main] ERROR f.i.s.r.p.s.c.CheckoutPatchedBuild - Error while testing commit: org.eclipse.jgit.errors.MissingObjectException: Missing unknown 18cd14389dd945792fcc5ace8deacda5afd0bbec
23:26:04.959 [main] ERROR f.i.s.r.p.s.c.CheckoutPatchedBuild - Commit head ref cannot be retrieved from the repository: 18cd14389dd945792fcc5ace8deacda5afd0bbec. Operation aborted.
23:26:04.960 [main] ERROR f.i.s.r.p.s.c.CheckoutPatchedBuild - Error while merging two commits to reproduce the PR.
23:26:04.961 [main] DEBUG f.i.s.r.p.s.c.CheckoutPatchedBuild - STEP STATUS: [ CheckoutPatchedBuildCandidate : FAILURE ( BUILDNOTCHECKEDOUT ) ]
23:26:04.961 [main] DEBUG f.i.s.r.p.s.c.CheckoutPatchedBuild - STEP DURATION: 2s
23:26:04.962 [main] DEBUG f.i.s.r.p.s.c.CheckoutPatchedBuild - TERMINATE PIPELINE
23:26:04.962 [main] DEBUG f.i.s.r.p.s.c.CheckoutPatchedBuild - FINAL STEPS SKIPPED: The reproduction of the bug and/or the patch failed.
23:26:04.963 [main] INFO  f.i.s.r.p.s.c.CheckoutPatchedBuild - Serialize all data for the pair of builds 336943906, 336961802
23:26:05.082 [main] INFO  fr.inria.jtravis.JTravis - GitHub ratelimit: Limit: 5000 Remaining: 4956 Reset hour: 19:22:56
23:26:08.701 [main] INFO  f.i.s.r.p.i.ProjectInspector - ----------------------------------------------------------------------
23:26:08.702 [main] INFO  f.i.s.r.p.i.ProjectInspector - PIPELINE EXECUTION SUMMARY
23:26:08.702 [main] INFO  f.i.s.r.p.i.ProjectInspector - ----------------------------------------------------------------------
23:26:08.703 [main] INFO  f.i.s.r.p.i.ProjectInspector - CloneRepository.......................................SUCCESS [ 17 s ]
23:26:08.704 [main] INFO  f.i.s.r.p.i.ProjectInspector - CheckoutPatchedBuildCandidate.........................FAILURE [  2 s ]
23:26:08.704 [main] INFO  f.i.s.r.p.i.ProjectInspector - ComputeSourceDir......................................NOT RUN         
23:26:08.704 [main] INFO  f.i.s.r.p.i.ProjectInspector - ComputeTestDir........................................NOT RUN         
23:26:08.705 [main] INFO  f.i.s.r.p.i.ProjectInspector - CheckoutBuggyBuildCandidateSourceCode.................NOT RUN         
23:26:08.705 [main] INFO  f.i.s.r.p.i.ProjectInspector - BuildProjectBuggyBuildCandidateSourceCode.............NOT RUN         
23:26:08.705 [main] INFO  f.i.s.r.p.i.ProjectInspector - TestProjectBuggyBuildCandidateSourceCode..............NOT RUN         
23:26:08.706 [main] INFO  f.i.s.r.p.i.ProjectInspector - GatherTestInformationBuggyBuildCandidateSourceCode....NOT RUN         
23:26:08.706 [main] INFO  f.i.s.r.p.i.ProjectInspector - CheckoutBuggyBuildTestCode............................NOT RUN         
23:26:08.706 [main] INFO  f.i.s.r.p.i.ProjectInspector - InitRepoToPush........................................NOT RUN         
23:26:08.706 [main] INFO  f.i.s.r.p.i.ProjectInspector - ComputeClasspath......................................NOT RUN         
23:26:08.706 [main] INFO  f.i.s.r.p.i.ProjectInspector - ComputeModules........................................NOT RUN         
23:26:08.707 [main] INFO  f.i.s.r.p.i.ProjectInspector - CheckoutBuggyBuildCandidateSourceCode.................NOT RUN         
23:26:08.707 [main] INFO  f.i.s.r.p.i.ProjectInspector - CommitChangedTests....................................NOT RUN         
23:26:08.707 [main] INFO  f.i.s.r.p.i.ProjectInspector - CheckoutPatchedBuildCandidate.........................NOT RUN         
23:26:08.708 [main] INFO  f.i.s.r.p.i.ProjectInspector - BuildProjectPatchedBuildCandidate.....................NOT RUN         
23:26:08.708 [main] INFO  f.i.s.r.p.i.ProjectInspector - TestProjectPatchedBuildCandidate......................NOT RUN         
23:26:08.708 [main] INFO  f.i.s.r.p.i.ProjectInspector - GatherTestInformationPatchedBuildCandidate............NOT RUN         
23:26:08.708 [main] INFO  f.i.s.r.p.i.ProjectInspector - CommitPatch...........................................NOT RUN         
23:26:08.709 [main] INFO  f.i.s.r.p.i.ProjectInspector - WritePropertyFile.....................................NOT RUN         
23:26:08.709 [main] INFO  f.i.s.r.p.i.ProjectInspector - CommitProcessEnd......................................NOT RUN         
23:26:08.709 [main] INFO  f.i.s.r.p.i.ProjectInspector - PushProcessEnd........................................NOT RUN         
23:26:08.709 [main] INFO  f.i.s.r.p.i.ProjectInspector - ----------------------------------------------------------------------
23:26:08.710 [main] INFO  f.i.s.r.p.i.ProjectInspector - PIPELINE FINDING: BUILDNOTCHECKEDOUT
23:26:08.710 [main] INFO  f.i.s.r.p.i.ProjectInspector - ----------------------------------------------------------------------
23:26:08.710 [main] INFO  f.i.s.repairnator.pipeline.Launcher - Inspector is finished. The process will exit now.
