18:37:36.325 [main] INFO  f.i.s.repairnator.pipeline.Launcher - PIPELINE VERSION: 3.0-2018-08-09 19:04
18:37:36.544 [main] INFO  f.i.s.repairnator.pipeline.Launcher - The pipeline will try to reproduce a bug from build 336655070 and its corresponding patch from build 336668226
18:37:36.545 [main] INFO  f.i.s.repairnator.pipeline.Launcher - Initialize file serializer engines.
18:37:36.548 [main] INFO  f.i.s.repairnator.pipeline.Launcher - MongoDB won't be used for serialization.
18:37:36.551 [main] INFO  f.i.s.repairnator.pipeline.Launcher - The email notifier engine won't be used.
18:37:36.556 [main] INFO  f.i.s.repairnator.pipeline.Launcher - Start by getting the build (buildId: 336655070) with the following config: RepairnatorConfig{runId='115b89a2-5f2f-4a9f-a894-a9ee1a0dcd59_02-18-week1-PASSING_AND_PASSING', launcherMode=BEARS, serializeJson=true, inputPath='null', outputPath='/var/log', mongodbHost='null', mongodbName='repairnator', smtpServer='null', notifyTo=[], notifyEndProcess=false, push=true, pushRemoteRepo='https://github.com/fermadeiral/bears-collection-pp', fork=false, lookFromDate=null, lookToDate=null, buildId=336655070, z3solverPath='./z3_for_linux', workspacePath='./workspace', githubToken='c8a341a903[...]', dockerImageName='null', skipDelete=false, createOutputDir=false, logDirectory='null', nbThreads=0, globalTimeout=0, whiteList=null, blackList=null, jobSleepTime=0, buildSleepTime=0, maxInspectedBuilds=0, duration=null, humanPatch=false, repository='null', clean=true, bearsMode=BOTH, bearsDelimiter = false, repairTools=NopolAllTests,NPEFix,AssertFixer,AstorJGenProg,AstorJKali,NopolSingleTest,AstorJMut,NopolTestExclusionStrategy, githubUserName= fermadeiral, githubUserEmail=fer.madeiral@gmail.com}
18:37:38.278 [main] DEBUG fr.inria.jtravis.helpers.BuildHelper - Get request to :https://api.travis-ci.org/build/336655070 done after 1068 ms
18:37:38.719 [main] DEBUG fr.inria.jtravis.helpers.BuildHelper - Get request to :https://api.travis-ci.org/build/336668226 done after 180 ms
18:37:38.736 [main] INFO  f.i.s.repairnator.pipeline.Launcher - The patched build (336668226) was successfully retrieved from Travis.
18:37:41.195 [main] INFO  fr.inria.jtravis.JTravis - GitHub ratelimit: Limit: 5000 Remaining: 4755 Reset hour: 19:22:38
18:37:41.504 [main] INFO  f.i.s.r.p.i.ProjectInspector - ----------------------------------------------------------------------
18:37:41.505 [main] INFO  f.i.s.r.p.i.ProjectInspector - PIPELINE STEPS
18:37:41.505 [main] INFO  f.i.s.r.p.i.ProjectInspector - ----------------------------------------------------------------------
18:37:41.506 [main] INFO  f.i.s.r.p.i.ProjectInspector - CloneRepository
18:37:41.506 [main] INFO  f.i.s.r.p.i.ProjectInspector - CheckoutPatchedBuildCandidate
18:37:41.506 [main] INFO  f.i.s.r.p.i.ProjectInspector - ComputeSourceDir
18:37:41.507 [main] INFO  f.i.s.r.p.i.ProjectInspector - ComputeTestDir
18:37:41.507 [main] INFO  f.i.s.r.p.i.ProjectInspector - CheckoutBuggyBuildCandidateSourceCode
18:37:41.507 [main] INFO  f.i.s.r.p.i.ProjectInspector - BuildProjectBuggyBuildCandidateSourceCode
18:37:41.507 [main] INFO  f.i.s.r.p.i.ProjectInspector - TestProjectBuggyBuildCandidateSourceCode
18:37:41.508 [main] INFO  f.i.s.r.p.i.ProjectInspector - GatherTestInformationBuggyBuildCandidateSourceCode
18:37:41.508 [main] INFO  f.i.s.r.p.i.ProjectInspector - CheckoutBuggyBuildTestCode
18:37:41.508 [main] INFO  f.i.s.r.p.i.ProjectInspector - InitRepoToPush
18:37:41.509 [main] INFO  f.i.s.r.p.i.ProjectInspector - ComputeClasspath
18:37:41.509 [main] INFO  f.i.s.r.p.i.ProjectInspector - ComputeModules
18:37:41.509 [main] INFO  f.i.s.r.p.i.ProjectInspector - CheckoutBuggyBuildCandidateSourceCode
18:37:41.510 [main] INFO  f.i.s.r.p.i.ProjectInspector - CommitChangedTests
18:37:41.510 [main] INFO  f.i.s.r.p.i.ProjectInspector - CheckoutPatchedBuildCandidate
18:37:41.511 [main] INFO  f.i.s.r.p.i.ProjectInspector - BuildProjectPatchedBuildCandidate
18:37:41.511 [main] INFO  f.i.s.r.p.i.ProjectInspector - TestProjectPatchedBuildCandidate
18:37:41.511 [main] INFO  f.i.s.r.p.i.ProjectInspector - GatherTestInformationPatchedBuildCandidate
18:37:41.512 [main] INFO  f.i.s.r.p.i.ProjectInspector - CommitPatch
18:37:41.512 [main] INFO  f.i.s.r.p.i.ProjectInspector - WritePropertyFile
18:37:41.512 [main] INFO  f.i.s.r.p.i.ProjectInspector - CommitProcessEnd
18:37:41.513 [main] INFO  f.i.s.r.p.i.ProjectInspector - PushProcessEnd
18:37:41.513 [main] DEBUG f.i.s.r.process.step.CloneRepository - ----------------------------------------------------------------------
18:37:41.514 [main] DEBUG f.i.s.r.process.step.CloneRepository - STEP 1/22: CloneRepository
18:37:41.514 [main] DEBUG f.i.s.r.process.step.CloneRepository - ----------------------------------------------------------------------
18:37:41.515 [main] DEBUG f.i.s.r.process.step.CloneRepository - Cloning repository EnMasseProject/enmasse in the following directory: ./workspace/EnMasseProject/enmasse/336655070
18:38:13.171 [main] DEBUG f.i.s.r.process.step.CloneRepository - STEP STATUS: [ CloneRepository : SUCCESS ]
18:38:13.173 [main] DEBUG f.i.s.r.process.step.CloneRepository - STEP DURATION: 31s
18:38:13.173 [main] DEBUG f.i.s.r.process.step.CloneRepository - EXECUTE NEXT STEP
18:38:13.174 [main] DEBUG f.i.s.r.p.s.c.CheckoutPatchedBuild - ----------------------------------------------------------------------
18:38:13.174 [main] DEBUG f.i.s.r.p.s.c.CheckoutPatchedBuild - STEP 2/22: CheckoutPatchedBuildCandidate
18:38:13.175 [main] DEBUG f.i.s.r.p.s.c.CheckoutPatchedBuild - ----------------------------------------------------------------------
18:38:13.175 [main] DEBUG f.i.s.r.p.s.c.CheckoutPatchedBuild - Checking out patched build candidate...
18:38:13.188 [main] ERROR f.i.s.r.p.s.c.CheckoutPatchedBuild - Error while testing commit: org.eclipse.jgit.errors.MissingObjectException: Missing unknown 7dc8e6be80faecc2c89b6a8ebc1f7f2c6e9be142
18:38:13.188 [main] ERROR f.i.s.r.p.s.c.CheckoutPatchedBuild - Error while getting the commit to checkout from the repo.
18:38:13.190 [main] DEBUG f.i.s.r.p.s.c.CheckoutPatchedBuild - STEP STATUS: [ CheckoutPatchedBuildCandidate : FAILURE ( BUILDNOTCHECKEDOUT ) ]
18:38:13.190 [main] DEBUG f.i.s.r.p.s.c.CheckoutPatchedBuild - STEP DURATION: 0s
18:38:13.191 [main] DEBUG f.i.s.r.p.s.c.CheckoutPatchedBuild - TERMINATE PIPELINE
18:38:13.191 [main] DEBUG f.i.s.r.p.s.c.CheckoutPatchedBuild - FINAL STEPS SKIPPED: The reproduction of the bug and/or the patch failed.
18:38:13.192 [main] INFO  f.i.s.r.p.s.c.CheckoutPatchedBuild - Serialize all data for the pair of builds 336655070, 336668226
18:38:13.509 [main] INFO  fr.inria.jtravis.JTravis - GitHub ratelimit: Limit: 5000 Remaining: 4741 Reset hour: 19:22:38
18:38:14.599 [main] INFO  f.i.s.r.p.i.ProjectInspector - ----------------------------------------------------------------------
18:38:14.599 [main] INFO  f.i.s.r.p.i.ProjectInspector - PIPELINE EXECUTION SUMMARY
18:38:14.599 [main] INFO  f.i.s.r.p.i.ProjectInspector - ----------------------------------------------------------------------
18:38:14.600 [main] INFO  f.i.s.r.p.i.ProjectInspector - CloneRepository.......................................SUCCESS [ 31 s ]
18:38:14.600 [main] INFO  f.i.s.r.p.i.ProjectInspector - CheckoutPatchedBuildCandidate.........................FAILURE [  0 s ]
18:38:14.600 [main] INFO  f.i.s.r.p.i.ProjectInspector - ComputeSourceDir......................................NOT RUN         
18:38:14.600 [main] INFO  f.i.s.r.p.i.ProjectInspector - ComputeTestDir........................................NOT RUN         
18:38:14.600 [main] INFO  f.i.s.r.p.i.ProjectInspector - CheckoutBuggyBuildCandidateSourceCode.................NOT RUN         
18:38:14.600 [main] INFO  f.i.s.r.p.i.ProjectInspector - BuildProjectBuggyBuildCandidateSourceCode.............NOT RUN         
18:38:14.601 [main] INFO  f.i.s.r.p.i.ProjectInspector - TestProjectBuggyBuildCandidateSourceCode..............NOT RUN         
18:38:14.603 [main] INFO  f.i.s.r.p.i.ProjectInspector - GatherTestInformationBuggyBuildCandidateSourceCode....NOT RUN         
18:38:14.603 [main] INFO  f.i.s.r.p.i.ProjectInspector - CheckoutBuggyBuildTestCode............................NOT RUN         
18:38:14.603 [main] INFO  f.i.s.r.p.i.ProjectInspector - InitRepoToPush........................................NOT RUN         
18:38:14.603 [main] INFO  f.i.s.r.p.i.ProjectInspector - ComputeClasspath......................................NOT RUN         
18:38:14.603 [main] INFO  f.i.s.r.p.i.ProjectInspector - ComputeModules........................................NOT RUN         
18:38:14.603 [main] INFO  f.i.s.r.p.i.ProjectInspector - CheckoutBuggyBuildCandidateSourceCode.................NOT RUN         
18:38:14.603 [main] INFO  f.i.s.r.p.i.ProjectInspector - CommitChangedTests....................................NOT RUN         
18:38:14.603 [main] INFO  f.i.s.r.p.i.ProjectInspector - CheckoutPatchedBuildCandidate.........................NOT RUN         
18:38:14.604 [main] INFO  f.i.s.r.p.i.ProjectInspector - BuildProjectPatchedBuildCandidate.....................NOT RUN         
18:38:14.604 [main] INFO  f.i.s.r.p.i.ProjectInspector - TestProjectPatchedBuildCandidate......................NOT RUN         
18:38:14.604 [main] INFO  f.i.s.r.p.i.ProjectInspector - GatherTestInformationPatchedBuildCandidate............NOT RUN         
18:38:14.604 [main] INFO  f.i.s.r.p.i.ProjectInspector - CommitPatch...........................................NOT RUN         
18:38:14.604 [main] INFO  f.i.s.r.p.i.ProjectInspector - WritePropertyFile.....................................NOT RUN         
18:38:14.604 [main] INFO  f.i.s.r.p.i.ProjectInspector - CommitProcessEnd......................................NOT RUN         
18:38:14.604 [main] INFO  f.i.s.r.p.i.ProjectInspector - PushProcessEnd........................................NOT RUN         
18:38:14.604 [main] INFO  f.i.s.r.p.i.ProjectInspector - ----------------------------------------------------------------------
18:38:14.604 [main] INFO  f.i.s.r.p.i.ProjectInspector - PIPELINE FINDING: BUILDNOTCHECKEDOUT
18:38:14.604 [main] INFO  f.i.s.r.p.i.ProjectInspector - ----------------------------------------------------------------------
18:38:14.605 [main] INFO  f.i.s.repairnator.pipeline.Launcher - Inspector is finished. The process will exit now.
