18:49:05.873 [main] INFO  f.i.s.repairnator.pipeline.Launcher - PIPELINE VERSION: 3.0-2018-08-09 19:04
18:49:06.014 [main] INFO  f.i.s.repairnator.pipeline.Launcher - The pipeline will try to reproduce a bug from build 335984327 and its corresponding patch from build 335987057
18:49:06.014 [main] INFO  f.i.s.repairnator.pipeline.Launcher - Initialize file serializer engines.
18:49:06.016 [main] INFO  f.i.s.repairnator.pipeline.Launcher - MongoDB won't be used for serialization.
18:49:06.016 [main] INFO  f.i.s.repairnator.pipeline.Launcher - The email notifier engine won't be used.
18:49:06.019 [main] INFO  f.i.s.repairnator.pipeline.Launcher - Start by getting the build (buildId: 335984327) with the following config: RepairnatorConfig{runId='115b89a2-5f2f-4a9f-a894-a9ee1a0dcd59_02-18-week1-PASSING_AND_PASSING', launcherMode=BEARS, serializeJson=true, inputPath='null', outputPath='/var/log', mongodbHost='null', mongodbName='repairnator', smtpServer='null', notifyTo=[], notifyEndProcess=false, push=true, pushRemoteRepo='https://github.com/fermadeiral/bears-collection-pp', fork=false, lookFromDate=null, lookToDate=null, buildId=335984327, z3solverPath='./z3_for_linux', workspacePath='./workspace', githubToken='c8a341a903[...]', dockerImageName='null', skipDelete=false, createOutputDir=false, logDirectory='null', nbThreads=0, globalTimeout=0, whiteList=null, blackList=null, jobSleepTime=0, buildSleepTime=0, maxInspectedBuilds=0, duration=null, humanPatch=false, repository='null', clean=true, bearsMode=BOTH, bearsDelimiter = false, repairTools=NopolAllTests,NPEFix,AssertFixer,AstorJGenProg,AstorJKali,NopolSingleTest,AstorJMut,NopolTestExclusionStrategy, githubUserName= fermadeiral, githubUserEmail=fer.madeiral@gmail.com}
18:49:07.218 [main] DEBUG fr.inria.jtravis.helpers.BuildHelper - Get request to :https://api.travis-ci.org/build/335984327 done after 765 ms
18:49:07.430 [main] DEBUG fr.inria.jtravis.helpers.BuildHelper - Get request to :https://api.travis-ci.org/build/335987057 done after 120 ms
18:49:07.442 [main] INFO  f.i.s.repairnator.pipeline.Launcher - The patched build (335987057) was successfully retrieved from Travis.
18:49:08.668 [main] INFO  fr.inria.jtravis.JTravis - GitHub ratelimit: Limit: 5000 Remaining: 4588 Reset hour: 19:22:38
18:49:08.926 [main] INFO  f.i.s.r.p.i.ProjectInspector - ----------------------------------------------------------------------
18:49:08.926 [main] INFO  f.i.s.r.p.i.ProjectInspector - PIPELINE STEPS
18:49:08.927 [main] INFO  f.i.s.r.p.i.ProjectInspector - ----------------------------------------------------------------------
18:49:08.927 [main] INFO  f.i.s.r.p.i.ProjectInspector - CloneRepository
18:49:08.927 [main] INFO  f.i.s.r.p.i.ProjectInspector - CheckoutPatchedBuildCandidate
18:49:08.927 [main] INFO  f.i.s.r.p.i.ProjectInspector - ComputeSourceDir
18:49:08.927 [main] INFO  f.i.s.r.p.i.ProjectInspector - ComputeTestDir
18:49:08.927 [main] INFO  f.i.s.r.p.i.ProjectInspector - CheckoutBuggyBuildCandidateSourceCode
18:49:08.927 [main] INFO  f.i.s.r.p.i.ProjectInspector - BuildProjectBuggyBuildCandidateSourceCode
18:49:08.928 [main] INFO  f.i.s.r.p.i.ProjectInspector - TestProjectBuggyBuildCandidateSourceCode
18:49:08.928 [main] INFO  f.i.s.r.p.i.ProjectInspector - GatherTestInformationBuggyBuildCandidateSourceCode
18:49:08.928 [main] INFO  f.i.s.r.p.i.ProjectInspector - CheckoutBuggyBuildTestCode
18:49:08.928 [main] INFO  f.i.s.r.p.i.ProjectInspector - InitRepoToPush
18:49:08.928 [main] INFO  f.i.s.r.p.i.ProjectInspector - ComputeClasspath
18:49:08.928 [main] INFO  f.i.s.r.p.i.ProjectInspector - ComputeModules
18:49:08.928 [main] INFO  f.i.s.r.p.i.ProjectInspector - CheckoutBuggyBuildCandidateSourceCode
18:49:08.928 [main] INFO  f.i.s.r.p.i.ProjectInspector - CommitChangedTests
18:49:08.929 [main] INFO  f.i.s.r.p.i.ProjectInspector - CheckoutPatchedBuildCandidate
18:49:08.929 [main] INFO  f.i.s.r.p.i.ProjectInspector - BuildProjectPatchedBuildCandidate
18:49:08.929 [main] INFO  f.i.s.r.p.i.ProjectInspector - TestProjectPatchedBuildCandidate
18:49:08.929 [main] INFO  f.i.s.r.p.i.ProjectInspector - GatherTestInformationPatchedBuildCandidate
18:49:08.929 [main] INFO  f.i.s.r.p.i.ProjectInspector - CommitPatch
18:49:08.929 [main] INFO  f.i.s.r.p.i.ProjectInspector - WritePropertyFile
18:49:08.930 [main] INFO  f.i.s.r.p.i.ProjectInspector - CommitProcessEnd
18:49:08.930 [main] INFO  f.i.s.r.p.i.ProjectInspector - PushProcessEnd
18:49:08.930 [main] DEBUG f.i.s.r.process.step.CloneRepository - ----------------------------------------------------------------------
18:49:08.930 [main] DEBUG f.i.s.r.process.step.CloneRepository - STEP 1/22: CloneRepository
18:49:08.930 [main] DEBUG f.i.s.r.process.step.CloneRepository - ----------------------------------------------------------------------
18:49:08.931 [main] DEBUG f.i.s.r.process.step.CloneRepository - Cloning repository EnMasseProject/enmasse in the following directory: ./workspace/EnMasseProject/enmasse/335984327
18:49:41.413 [main] DEBUG f.i.s.r.process.step.CloneRepository - STEP STATUS: [ CloneRepository : SUCCESS ]
18:49:41.414 [main] DEBUG f.i.s.r.process.step.CloneRepository - STEP DURATION: 32s
18:49:41.414 [main] DEBUG f.i.s.r.process.step.CloneRepository - EXECUTE NEXT STEP
18:49:41.414 [main] DEBUG f.i.s.r.p.s.c.CheckoutPatchedBuild - ----------------------------------------------------------------------
18:49:41.414 [main] DEBUG f.i.s.r.p.s.c.CheckoutPatchedBuild - STEP 2/22: CheckoutPatchedBuildCandidate
18:49:41.415 [main] DEBUG f.i.s.r.p.s.c.CheckoutPatchedBuild - ----------------------------------------------------------------------
18:49:41.415 [main] DEBUG f.i.s.r.p.s.c.CheckoutPatchedBuild - Checking out patched build candidate...
18:49:41.422 [main] ERROR f.i.s.r.p.s.c.CheckoutPatchedBuild - Error while testing commit: org.eclipse.jgit.errors.MissingObjectException: Missing unknown 789ba4f55dd581e34f1dcd1a7053462cb138efd7
18:49:41.422 [main] ERROR f.i.s.r.p.s.c.CheckoutPatchedBuild - Error while getting the commit to checkout from the repo.
18:49:41.423 [main] DEBUG f.i.s.r.p.s.c.CheckoutPatchedBuild - STEP STATUS: [ CheckoutPatchedBuildCandidate : FAILURE ( BUILDNOTCHECKEDOUT ) ]
18:49:41.423 [main] DEBUG f.i.s.r.p.s.c.CheckoutPatchedBuild - STEP DURATION: 0s
18:49:41.423 [main] DEBUG f.i.s.r.p.s.c.CheckoutPatchedBuild - TERMINATE PIPELINE
18:49:41.424 [main] DEBUG f.i.s.r.p.s.c.CheckoutPatchedBuild - FINAL STEPS SKIPPED: The reproduction of the bug and/or the patch failed.
18:49:41.424 [main] INFO  f.i.s.r.p.s.c.CheckoutPatchedBuild - Serialize all data for the pair of builds 335984327, 335987057
18:49:41.773 [main] INFO  fr.inria.jtravis.JTravis - GitHub ratelimit: Limit: 5000 Remaining: 4580 Reset hour: 19:22:38
18:49:43.627 [main] INFO  f.i.s.r.p.i.ProjectInspector - ----------------------------------------------------------------------
18:49:43.627 [main] INFO  f.i.s.r.p.i.ProjectInspector - PIPELINE EXECUTION SUMMARY
18:49:43.628 [main] INFO  f.i.s.r.p.i.ProjectInspector - ----------------------------------------------------------------------
18:49:43.628 [main] INFO  f.i.s.r.p.i.ProjectInspector - CloneRepository.......................................SUCCESS [ 32 s ]
18:49:43.628 [main] INFO  f.i.s.r.p.i.ProjectInspector - CheckoutPatchedBuildCandidate.........................FAILURE [  0 s ]
18:49:43.628 [main] INFO  f.i.s.r.p.i.ProjectInspector - ComputeSourceDir......................................NOT RUN         
18:49:43.628 [main] INFO  f.i.s.r.p.i.ProjectInspector - ComputeTestDir........................................NOT RUN         
18:49:43.628 [main] INFO  f.i.s.r.p.i.ProjectInspector - CheckoutBuggyBuildCandidateSourceCode.................NOT RUN         
18:49:43.628 [main] INFO  f.i.s.r.p.i.ProjectInspector - BuildProjectBuggyBuildCandidateSourceCode.............NOT RUN         
18:49:43.629 [main] INFO  f.i.s.r.p.i.ProjectInspector - TestProjectBuggyBuildCandidateSourceCode..............NOT RUN         
18:49:43.629 [main] INFO  f.i.s.r.p.i.ProjectInspector - GatherTestInformationBuggyBuildCandidateSourceCode....NOT RUN         
18:49:43.629 [main] INFO  f.i.s.r.p.i.ProjectInspector - CheckoutBuggyBuildTestCode............................NOT RUN         
18:49:43.629 [main] INFO  f.i.s.r.p.i.ProjectInspector - InitRepoToPush........................................NOT RUN         
18:49:43.629 [main] INFO  f.i.s.r.p.i.ProjectInspector - ComputeClasspath......................................NOT RUN         
18:49:43.630 [main] INFO  f.i.s.r.p.i.ProjectInspector - ComputeModules........................................NOT RUN         
18:49:43.631 [main] INFO  f.i.s.r.p.i.ProjectInspector - CheckoutBuggyBuildCandidateSourceCode.................NOT RUN         
18:49:43.631 [main] INFO  f.i.s.r.p.i.ProjectInspector - CommitChangedTests....................................NOT RUN         
18:49:43.631 [main] INFO  f.i.s.r.p.i.ProjectInspector - CheckoutPatchedBuildCandidate.........................NOT RUN         
18:49:43.631 [main] INFO  f.i.s.r.p.i.ProjectInspector - BuildProjectPatchedBuildCandidate.....................NOT RUN         
18:49:43.631 [main] INFO  f.i.s.r.p.i.ProjectInspector - TestProjectPatchedBuildCandidate......................NOT RUN         
18:49:43.632 [main] INFO  f.i.s.r.p.i.ProjectInspector - GatherTestInformationPatchedBuildCandidate............NOT RUN         
18:49:43.632 [main] INFO  f.i.s.r.p.i.ProjectInspector - CommitPatch...........................................NOT RUN         
18:49:43.632 [main] INFO  f.i.s.r.p.i.ProjectInspector - WritePropertyFile.....................................NOT RUN         
18:49:43.632 [main] INFO  f.i.s.r.p.i.ProjectInspector - CommitProcessEnd......................................NOT RUN         
18:49:43.632 [main] INFO  f.i.s.r.p.i.ProjectInspector - PushProcessEnd........................................NOT RUN         
18:49:43.632 [main] INFO  f.i.s.r.p.i.ProjectInspector - ----------------------------------------------------------------------
18:49:43.632 [main] INFO  f.i.s.r.p.i.ProjectInspector - PIPELINE FINDING: BUILDNOTCHECKEDOUT
18:49:43.632 [main] INFO  f.i.s.r.p.i.ProjectInspector - ----------------------------------------------------------------------
18:49:43.632 [main] INFO  f.i.s.repairnator.pipeline.Launcher - Inspector is finished. The process will exit now.
