23:21:31.047 [main] INFO  f.i.s.repairnator.pipeline.Launcher - PIPELINE VERSION: 3.0-2018-08-09 19:04
23:21:31.188 [main] INFO  f.i.s.repairnator.pipeline.Launcher - The pipeline will try to reproduce a bug from build 336953427 and its corresponding patch from build 337017747
23:21:31.189 [main] INFO  f.i.s.repairnator.pipeline.Launcher - Initialize file serializer engines.
23:21:31.191 [main] INFO  f.i.s.repairnator.pipeline.Launcher - MongoDB won't be used for serialization.
23:21:31.191 [main] INFO  f.i.s.repairnator.pipeline.Launcher - The email notifier engine won't be used.
23:21:31.194 [main] INFO  f.i.s.repairnator.pipeline.Launcher - Start by getting the build (buildId: 336953427) with the following config: RepairnatorConfig{runId='115b89a2-5f2f-4a9f-a894-a9ee1a0dcd59_02-18-week1-PASSING_AND_PASSING', launcherMode=BEARS, serializeJson=true, inputPath='null', outputPath='/var/log', mongodbHost='null', mongodbName='repairnator', smtpServer='null', notifyTo=[], notifyEndProcess=false, push=true, pushRemoteRepo='https://github.com/fermadeiral/bears-collection-pp', fork=false, lookFromDate=null, lookToDate=null, buildId=336953427, z3solverPath='./z3_for_linux', workspacePath='./workspace', githubToken='c8a341a903[...]', dockerImageName='null', skipDelete=false, createOutputDir=false, logDirectory='null', nbThreads=0, globalTimeout=0, whiteList=null, blackList=null, jobSleepTime=0, buildSleepTime=0, maxInspectedBuilds=0, duration=null, humanPatch=false, repository='null', clean=true, bearsMode=BOTH, bearsDelimiter = false, repairTools=NopolAllTests,NPEFix,AssertFixer,AstorJGenProg,AstorJKali,NopolSingleTest,AstorJMut,NopolTestExclusionStrategy, githubUserName= fermadeiral, githubUserEmail=fer.madeiral@gmail.com}
23:21:32.445 [main] DEBUG fr.inria.jtravis.helpers.BuildHelper - Get request to :https://api.travis-ci.org/build/336953427 done after 833 ms
23:21:33.063 [main] DEBUG fr.inria.jtravis.helpers.BuildHelper - Get request to :https://api.travis-ci.org/build/337017747 done after 135 ms
23:21:33.080 [main] INFO  f.i.s.repairnator.pipeline.Launcher - The patched build (337017747) was successfully retrieved from Travis.
23:21:34.782 [main] INFO  fr.inria.jtravis.JTravis - GitHub ratelimit: Limit: 5000 Remaining: 4750 Reset hour: 19:22:52
23:21:35.014 [main] INFO  f.i.s.r.p.i.ProjectInspector - ----------------------------------------------------------------------
23:21:35.014 [main] INFO  f.i.s.r.p.i.ProjectInspector - PIPELINE STEPS
23:21:35.014 [main] INFO  f.i.s.r.p.i.ProjectInspector - ----------------------------------------------------------------------
23:21:35.014 [main] INFO  f.i.s.r.p.i.ProjectInspector - CloneRepository
23:21:35.014 [main] INFO  f.i.s.r.p.i.ProjectInspector - CheckoutPatchedBuildCandidate
23:21:35.014 [main] INFO  f.i.s.r.p.i.ProjectInspector - ComputeSourceDir
23:21:35.015 [main] INFO  f.i.s.r.p.i.ProjectInspector - ComputeTestDir
23:21:35.015 [main] INFO  f.i.s.r.p.i.ProjectInspector - CheckoutBuggyBuildCandidateSourceCode
23:21:35.015 [main] INFO  f.i.s.r.p.i.ProjectInspector - BuildProjectBuggyBuildCandidateSourceCode
23:21:35.016 [main] INFO  f.i.s.r.p.i.ProjectInspector - TestProjectBuggyBuildCandidateSourceCode
23:21:35.016 [main] INFO  f.i.s.r.p.i.ProjectInspector - GatherTestInformationBuggyBuildCandidateSourceCode
23:21:35.016 [main] INFO  f.i.s.r.p.i.ProjectInspector - CheckoutBuggyBuildTestCode
23:21:35.016 [main] INFO  f.i.s.r.p.i.ProjectInspector - InitRepoToPush
23:21:35.017 [main] INFO  f.i.s.r.p.i.ProjectInspector - ComputeClasspath
23:21:35.017 [main] INFO  f.i.s.r.p.i.ProjectInspector - ComputeModules
23:21:35.017 [main] INFO  f.i.s.r.p.i.ProjectInspector - CheckoutBuggyBuildCandidateSourceCode
23:21:35.017 [main] INFO  f.i.s.r.p.i.ProjectInspector - CommitChangedTests
23:21:35.018 [main] INFO  f.i.s.r.p.i.ProjectInspector - CheckoutPatchedBuildCandidate
23:21:35.018 [main] INFO  f.i.s.r.p.i.ProjectInspector - BuildProjectPatchedBuildCandidate
23:21:35.018 [main] INFO  f.i.s.r.p.i.ProjectInspector - TestProjectPatchedBuildCandidate
23:21:35.018 [main] INFO  f.i.s.r.p.i.ProjectInspector - GatherTestInformationPatchedBuildCandidate
23:21:35.019 [main] INFO  f.i.s.r.p.i.ProjectInspector - CommitPatch
23:21:35.019 [main] INFO  f.i.s.r.p.i.ProjectInspector - WritePropertyFile
23:21:35.019 [main] INFO  f.i.s.r.p.i.ProjectInspector - CommitProcessEnd
23:21:35.021 [main] INFO  f.i.s.r.p.i.ProjectInspector - PushProcessEnd
23:21:35.022 [main] DEBUG f.i.s.r.process.step.CloneRepository - ----------------------------------------------------------------------
23:21:35.022 [main] DEBUG f.i.s.r.process.step.CloneRepository - STEP 1/22: CloneRepository
23:21:35.023 [main] DEBUG f.i.s.r.process.step.CloneRepository - ----------------------------------------------------------------------
23:21:35.023 [main] DEBUG f.i.s.r.process.step.CloneRepository - Cloning repository StuPro-TOSCAna/TOSCAna in the following directory: ./workspace/StuPro-TOSCAna/TOSCAna/336953427
23:21:52.241 [main] DEBUG f.i.s.r.process.step.CloneRepository - STEP STATUS: [ CloneRepository : SUCCESS ]
23:21:52.242 [main] DEBUG f.i.s.r.process.step.CloneRepository - STEP DURATION: 17s
23:21:52.242 [main] DEBUG f.i.s.r.process.step.CloneRepository - EXECUTE NEXT STEP
23:21:52.242 [main] DEBUG f.i.s.r.p.s.c.CheckoutPatchedBuild - ----------------------------------------------------------------------
23:21:52.243 [main] DEBUG f.i.s.r.p.s.c.CheckoutPatchedBuild - STEP 2/22: CheckoutPatchedBuildCandidate
23:21:52.243 [main] DEBUG f.i.s.r.p.s.c.CheckoutPatchedBuild - ----------------------------------------------------------------------
23:21:52.243 [main] DEBUG f.i.s.r.p.s.c.CheckoutPatchedBuild - Checking out patched build candidate...
23:21:52.585 [main] INFO  fr.inria.jtravis.JTravis - GitHub ratelimit: Limit: 5000 Remaining: 4747 Reset hour: 19:22:52
23:21:54.365 [main] DEBUG f.i.s.r.p.s.c.CheckoutPatchedBuild - Reproduce the PR for StuPro-TOSCAna/TOSCAna by fetching remote branch and merging.
23:21:54.518 [main] ERROR f.i.s.r.p.s.c.CheckoutPatchedBuild - Error while testing commit: org.eclipse.jgit.errors.MissingObjectException: Missing unknown 34c43a2e163a1c9f8f2cc0691261aa202e5fa750
23:21:54.520 [main] ERROR f.i.s.r.p.s.c.CheckoutPatchedBuild - Commit head ref cannot be retrieved from the repository: 34c43a2e163a1c9f8f2cc0691261aa202e5fa750. Operation aborted.
23:21:54.520 [main] ERROR f.i.s.r.p.s.c.CheckoutPatchedBuild - Error while merging two commits to reproduce the PR.
23:21:54.521 [main] DEBUG f.i.s.r.p.s.c.CheckoutPatchedBuild - STEP STATUS: [ CheckoutPatchedBuildCandidate : FAILURE ( BUILDNOTCHECKEDOUT ) ]
23:21:54.522 [main] DEBUG f.i.s.r.p.s.c.CheckoutPatchedBuild - STEP DURATION: 2s
23:21:54.524 [main] DEBUG f.i.s.r.p.s.c.CheckoutPatchedBuild - TERMINATE PIPELINE
23:21:54.525 [main] DEBUG f.i.s.r.p.s.c.CheckoutPatchedBuild - FINAL STEPS SKIPPED: The reproduction of the bug and/or the patch failed.
23:21:54.525 [main] INFO  f.i.s.r.p.s.c.CheckoutPatchedBuild - Serialize all data for the pair of builds 336953427, 337017747
23:21:55.064 [main] INFO  fr.inria.jtravis.JTravis - GitHub ratelimit: Limit: 5000 Remaining: 4740 Reset hour: 19:22:52
23:21:55.720 [main] INFO  f.i.s.r.p.i.ProjectInspector - ----------------------------------------------------------------------
23:21:55.721 [main] INFO  f.i.s.r.p.i.ProjectInspector - PIPELINE EXECUTION SUMMARY
23:21:55.721 [main] INFO  f.i.s.r.p.i.ProjectInspector - ----------------------------------------------------------------------
23:21:55.721 [main] INFO  f.i.s.r.p.i.ProjectInspector - CloneRepository.......................................SUCCESS [ 17 s ]
23:21:55.722 [main] INFO  f.i.s.r.p.i.ProjectInspector - CheckoutPatchedBuildCandidate.........................FAILURE [  2 s ]
23:21:55.722 [main] INFO  f.i.s.r.p.i.ProjectInspector - ComputeSourceDir......................................NOT RUN         
23:21:55.722 [main] INFO  f.i.s.r.p.i.ProjectInspector - ComputeTestDir........................................NOT RUN         
23:21:55.724 [main] INFO  f.i.s.r.p.i.ProjectInspector - CheckoutBuggyBuildCandidateSourceCode.................NOT RUN         
23:21:55.724 [main] INFO  f.i.s.r.p.i.ProjectInspector - BuildProjectBuggyBuildCandidateSourceCode.............NOT RUN         
23:21:55.724 [main] INFO  f.i.s.r.p.i.ProjectInspector - TestProjectBuggyBuildCandidateSourceCode..............NOT RUN         
23:21:55.724 [main] INFO  f.i.s.r.p.i.ProjectInspector - GatherTestInformationBuggyBuildCandidateSourceCode....NOT RUN         
23:21:55.725 [main] INFO  f.i.s.r.p.i.ProjectInspector - CheckoutBuggyBuildTestCode............................NOT RUN         
23:21:55.725 [main] INFO  f.i.s.r.p.i.ProjectInspector - InitRepoToPush........................................NOT RUN         
23:21:55.725 [main] INFO  f.i.s.r.p.i.ProjectInspector - ComputeClasspath......................................NOT RUN         
23:21:55.725 [main] INFO  f.i.s.r.p.i.ProjectInspector - ComputeModules........................................NOT RUN         
23:21:55.725 [main] INFO  f.i.s.r.p.i.ProjectInspector - CheckoutBuggyBuildCandidateSourceCode.................NOT RUN         
23:21:55.725 [main] INFO  f.i.s.r.p.i.ProjectInspector - CommitChangedTests....................................NOT RUN         
23:21:55.726 [main] INFO  f.i.s.r.p.i.ProjectInspector - CheckoutPatchedBuildCandidate.........................NOT RUN         
23:21:55.726 [main] INFO  f.i.s.r.p.i.ProjectInspector - BuildProjectPatchedBuildCandidate.....................NOT RUN         
23:21:55.726 [main] INFO  f.i.s.r.p.i.ProjectInspector - TestProjectPatchedBuildCandidate......................NOT RUN         
23:21:55.726 [main] INFO  f.i.s.r.p.i.ProjectInspector - GatherTestInformationPatchedBuildCandidate............NOT RUN         
23:21:55.726 [main] INFO  f.i.s.r.p.i.ProjectInspector - CommitPatch...........................................NOT RUN         
23:21:55.726 [main] INFO  f.i.s.r.p.i.ProjectInspector - WritePropertyFile.....................................NOT RUN         
23:21:55.726 [main] INFO  f.i.s.r.p.i.ProjectInspector - CommitProcessEnd......................................NOT RUN         
23:21:55.726 [main] INFO  f.i.s.r.p.i.ProjectInspector - PushProcessEnd........................................NOT RUN         
23:21:55.727 [main] INFO  f.i.s.r.p.i.ProjectInspector - ----------------------------------------------------------------------
23:21:55.727 [main] INFO  f.i.s.r.p.i.ProjectInspector - PIPELINE FINDING: BUILDNOTCHECKEDOUT
23:21:55.728 [main] INFO  f.i.s.r.p.i.ProjectInspector - ----------------------------------------------------------------------
23:21:55.728 [main] INFO  f.i.s.repairnator.pipeline.Launcher - Inspector is finished. The process will exit now.
