21:35:00.652 [main] INFO  f.i.s.repairnator.pipeline.Launcher - PIPELINE VERSION: 3.0-2018-08-09 19:04
21:35:00.775 [main] INFO  f.i.s.repairnator.pipeline.Launcher - The pipeline will try to reproduce a bug from build 333513250 and its corresponding patch from build 336325013
21:35:00.776 [main] INFO  f.i.s.repairnator.pipeline.Launcher - Initialize file serializer engines.
21:35:00.777 [main] INFO  f.i.s.repairnator.pipeline.Launcher - MongoDB won't be used for serialization.
21:35:00.777 [main] INFO  f.i.s.repairnator.pipeline.Launcher - The email notifier engine won't be used.
21:35:00.780 [main] INFO  f.i.s.repairnator.pipeline.Launcher - Start by getting the build (buildId: 333513250) with the following config: RepairnatorConfig{runId='115b89a2-5f2f-4a9f-a894-a9ee1a0dcd59_02-18-week1-PASSING_AND_PASSING', launcherMode=BEARS, serializeJson=true, inputPath='null', outputPath='/var/log', mongodbHost='null', mongodbName='repairnator', smtpServer='null', notifyTo=[], notifyEndProcess=false, push=true, pushRemoteRepo='https://github.com/fermadeiral/bears-collection-pp', fork=false, lookFromDate=null, lookToDate=null, buildId=333513250, z3solverPath='./z3_for_linux', workspacePath='./workspace', githubToken='c8a341a903[...]', dockerImageName='null', skipDelete=false, createOutputDir=false, logDirectory='null', nbThreads=0, globalTimeout=0, whiteList=null, blackList=null, jobSleepTime=0, buildSleepTime=0, maxInspectedBuilds=0, duration=null, humanPatch=false, repository='null', clean=true, bearsMode=BOTH, bearsDelimiter = false, repairTools=NopolAllTests,NPEFix,AssertFixer,AstorJGenProg,AstorJKali,NopolSingleTest,AstorJMut,NopolTestExclusionStrategy, githubUserName= fermadeiral, githubUserEmail=fer.madeiral@gmail.com}
21:35:02.104 [main] DEBUG fr.inria.jtravis.helpers.BuildHelper - Get request to :https://api.travis-ci.org/build/333513250 done after 779 ms
21:35:02.340 [main] DEBUG fr.inria.jtravis.helpers.BuildHelper - Get request to :https://api.travis-ci.org/build/336325013 done after 139 ms
21:35:02.357 [main] INFO  f.i.s.repairnator.pipeline.Launcher - The patched build (336325013) was successfully retrieved from Travis.
21:35:03.472 [main] INFO  fr.inria.jtravis.JTravis - GitHub ratelimit: Limit: 5000 Remaining: 4916 Reset hour: 19:22:49
21:35:03.707 [main] INFO  f.i.s.r.p.i.ProjectInspector - ----------------------------------------------------------------------
21:35:03.708 [main] INFO  f.i.s.r.p.i.ProjectInspector - PIPELINE STEPS
21:35:03.708 [main] INFO  f.i.s.r.p.i.ProjectInspector - ----------------------------------------------------------------------
21:35:03.708 [main] INFO  f.i.s.r.p.i.ProjectInspector - CloneRepository
21:35:03.708 [main] INFO  f.i.s.r.p.i.ProjectInspector - CheckoutPatchedBuildCandidate
21:35:03.709 [main] INFO  f.i.s.r.p.i.ProjectInspector - ComputeSourceDir
21:35:03.709 [main] INFO  f.i.s.r.p.i.ProjectInspector - ComputeTestDir
21:35:03.709 [main] INFO  f.i.s.r.p.i.ProjectInspector - CheckoutBuggyBuildCandidateSourceCode
21:35:03.709 [main] INFO  f.i.s.r.p.i.ProjectInspector - BuildProjectBuggyBuildCandidateSourceCode
21:35:03.709 [main] INFO  f.i.s.r.p.i.ProjectInspector - TestProjectBuggyBuildCandidateSourceCode
21:35:03.709 [main] INFO  f.i.s.r.p.i.ProjectInspector - GatherTestInformationBuggyBuildCandidateSourceCode
21:35:03.709 [main] INFO  f.i.s.r.p.i.ProjectInspector - CheckoutBuggyBuildTestCode
21:35:03.709 [main] INFO  f.i.s.r.p.i.ProjectInspector - InitRepoToPush
21:35:03.709 [main] INFO  f.i.s.r.p.i.ProjectInspector - ComputeClasspath
21:35:03.710 [main] INFO  f.i.s.r.p.i.ProjectInspector - ComputeModules
21:35:03.710 [main] INFO  f.i.s.r.p.i.ProjectInspector - CheckoutBuggyBuildCandidateSourceCode
21:35:03.710 [main] INFO  f.i.s.r.p.i.ProjectInspector - CommitChangedTests
21:35:03.710 [main] INFO  f.i.s.r.p.i.ProjectInspector - CheckoutPatchedBuildCandidate
21:35:03.710 [main] INFO  f.i.s.r.p.i.ProjectInspector - BuildProjectPatchedBuildCandidate
21:35:03.710 [main] INFO  f.i.s.r.p.i.ProjectInspector - TestProjectPatchedBuildCandidate
21:35:03.710 [main] INFO  f.i.s.r.p.i.ProjectInspector - GatherTestInformationPatchedBuildCandidate
21:35:03.710 [main] INFO  f.i.s.r.p.i.ProjectInspector - CommitPatch
21:35:03.711 [main] INFO  f.i.s.r.p.i.ProjectInspector - WritePropertyFile
21:35:03.711 [main] INFO  f.i.s.r.p.i.ProjectInspector - CommitProcessEnd
21:35:03.711 [main] INFO  f.i.s.r.p.i.ProjectInspector - PushProcessEnd
21:35:03.711 [main] DEBUG f.i.s.r.process.step.CloneRepository - ----------------------------------------------------------------------
21:35:03.711 [main] DEBUG f.i.s.r.process.step.CloneRepository - STEP 1/22: CloneRepository
21:35:03.711 [main] DEBUG f.i.s.r.process.step.CloneRepository - ----------------------------------------------------------------------
21:35:03.712 [main] DEBUG f.i.s.r.process.step.CloneRepository - Cloning repository linkedin/pinot in the following directory: ./workspace/linkedin/pinot/333513250
21:35:54.838 [main] DEBUG f.i.s.r.process.step.CloneRepository - STEP STATUS: [ CloneRepository : SUCCESS ]
21:35:54.838 [main] DEBUG f.i.s.r.process.step.CloneRepository - STEP DURATION: 51s
21:35:54.839 [main] DEBUG f.i.s.r.process.step.CloneRepository - EXECUTE NEXT STEP
21:35:54.839 [main] DEBUG f.i.s.r.p.s.c.CheckoutPatchedBuild - ----------------------------------------------------------------------
21:35:54.839 [main] DEBUG f.i.s.r.p.s.c.CheckoutPatchedBuild - STEP 2/22: CheckoutPatchedBuildCandidate
21:35:54.839 [main] DEBUG f.i.s.r.p.s.c.CheckoutPatchedBuild - ----------------------------------------------------------------------
21:35:54.839 [main] DEBUG f.i.s.r.p.s.c.CheckoutPatchedBuild - Checking out patched build candidate...
21:35:55.155 [main] INFO  fr.inria.jtravis.JTravis - GitHub ratelimit: Limit: 5000 Remaining: 4904 Reset hour: 19:22:49
21:35:57.022 [main] DEBUG f.i.s.r.p.s.c.CheckoutPatchedBuild - Reproduce the PR for linkedin/pinot by fetching remote branch and merging.
21:35:58.128 [main] ERROR f.i.s.r.p.s.c.CheckoutPatchedBuild - Error while testing commit: org.eclipse.jgit.errors.MissingObjectException: Missing unknown 2c78865b29abe13854e78f7da89b216cc29c7153
21:35:58.129 [main] ERROR f.i.s.r.p.s.c.CheckoutPatchedBuild - Commit head ref cannot be retrieved from the repository: 2c78865b29abe13854e78f7da89b216cc29c7153. Operation aborted.
21:35:58.129 [main] ERROR f.i.s.r.p.s.c.CheckoutPatchedBuild - Error while merging two commits to reproduce the PR.
21:35:58.130 [main] DEBUG f.i.s.r.p.s.c.CheckoutPatchedBuild - STEP STATUS: [ CheckoutPatchedBuildCandidate : FAILURE ( BUILDNOTCHECKEDOUT ) ]
21:35:58.131 [main] DEBUG f.i.s.r.p.s.c.CheckoutPatchedBuild - STEP DURATION: 3s
21:35:58.131 [main] DEBUG f.i.s.r.p.s.c.CheckoutPatchedBuild - TERMINATE PIPELINE
21:35:58.131 [main] DEBUG f.i.s.r.p.s.c.CheckoutPatchedBuild - FINAL STEPS SKIPPED: The reproduction of the bug and/or the patch failed.
21:35:58.131 [main] INFO  f.i.s.r.p.s.c.CheckoutPatchedBuild - Serialize all data for the pair of builds 333513250, 336325013
21:35:58.247 [main] INFO  fr.inria.jtravis.JTravis - GitHub ratelimit: Limit: 5000 Remaining: 4897 Reset hour: 19:22:49
21:35:59.793 [main] INFO  f.i.s.r.p.i.ProjectInspector - ----------------------------------------------------------------------
21:35:59.793 [main] INFO  f.i.s.r.p.i.ProjectInspector - PIPELINE EXECUTION SUMMARY
21:35:59.794 [main] INFO  f.i.s.r.p.i.ProjectInspector - ----------------------------------------------------------------------
21:35:59.794 [main] INFO  f.i.s.r.p.i.ProjectInspector - CloneRepository.......................................SUCCESS [ 51 s ]
21:35:59.794 [main] INFO  f.i.s.r.p.i.ProjectInspector - CheckoutPatchedBuildCandidate.........................FAILURE [  3 s ]
21:35:59.795 [main] INFO  f.i.s.r.p.i.ProjectInspector - ComputeSourceDir......................................NOT RUN         
21:35:59.795 [main] INFO  f.i.s.r.p.i.ProjectInspector - ComputeTestDir........................................NOT RUN         
21:35:59.804 [main] INFO  f.i.s.r.p.i.ProjectInspector - CheckoutBuggyBuildCandidateSourceCode.................NOT RUN         
21:35:59.805 [main] INFO  f.i.s.r.p.i.ProjectInspector - BuildProjectBuggyBuildCandidateSourceCode.............NOT RUN         
21:35:59.805 [main] INFO  f.i.s.r.p.i.ProjectInspector - TestProjectBuggyBuildCandidateSourceCode..............NOT RUN         
21:35:59.806 [main] INFO  f.i.s.r.p.i.ProjectInspector - GatherTestInformationBuggyBuildCandidateSourceCode....NOT RUN         
21:35:59.806 [main] INFO  f.i.s.r.p.i.ProjectInspector - CheckoutBuggyBuildTestCode............................NOT RUN         
21:35:59.806 [main] INFO  f.i.s.r.p.i.ProjectInspector - InitRepoToPush........................................NOT RUN         
21:35:59.807 [main] INFO  f.i.s.r.p.i.ProjectInspector - ComputeClasspath......................................NOT RUN         
21:35:59.807 [main] INFO  f.i.s.r.p.i.ProjectInspector - ComputeModules........................................NOT RUN         
21:35:59.807 [main] INFO  f.i.s.r.p.i.ProjectInspector - CheckoutBuggyBuildCandidateSourceCode.................NOT RUN         
21:35:59.808 [main] INFO  f.i.s.r.p.i.ProjectInspector - CommitChangedTests....................................NOT RUN         
21:35:59.808 [main] INFO  f.i.s.r.p.i.ProjectInspector - CheckoutPatchedBuildCandidate.........................NOT RUN         
21:35:59.809 [main] INFO  f.i.s.r.p.i.ProjectInspector - BuildProjectPatchedBuildCandidate.....................NOT RUN         
21:35:59.809 [main] INFO  f.i.s.r.p.i.ProjectInspector - TestProjectPatchedBuildCandidate......................NOT RUN         
21:35:59.809 [main] INFO  f.i.s.r.p.i.ProjectInspector - GatherTestInformationPatchedBuildCandidate............NOT RUN         
21:35:59.810 [main] INFO  f.i.s.r.p.i.ProjectInspector - CommitPatch...........................................NOT RUN         
21:35:59.810 [main] INFO  f.i.s.r.p.i.ProjectInspector - WritePropertyFile.....................................NOT RUN         
21:35:59.811 [main] INFO  f.i.s.r.p.i.ProjectInspector - CommitProcessEnd......................................NOT RUN         
21:35:59.811 [main] INFO  f.i.s.r.p.i.ProjectInspector - PushProcessEnd........................................NOT RUN         
21:35:59.811 [main] INFO  f.i.s.r.p.i.ProjectInspector - ----------------------------------------------------------------------
21:35:59.812 [main] INFO  f.i.s.r.p.i.ProjectInspector - PIPELINE FINDING: BUILDNOTCHECKEDOUT
21:35:59.812 [main] INFO  f.i.s.r.p.i.ProjectInspector - ----------------------------------------------------------------------
21:35:59.812 [main] INFO  f.i.s.repairnator.pipeline.Launcher - Inspector is finished. The process will exit now.
