01:25:39.242 [main] INFO  f.i.s.repairnator.pipeline.Launcher - PIPELINE VERSION: 3.0-2018-08-09 19:04
01:25:39.392 [main] INFO  f.i.s.repairnator.pipeline.Launcher - The pipeline will try to reproduce a bug from build 336034512 and its corresponding patch from build 336043524
01:25:39.392 [main] INFO  f.i.s.repairnator.pipeline.Launcher - Initialize file serializer engines.
01:25:39.394 [main] INFO  f.i.s.repairnator.pipeline.Launcher - MongoDB won't be used for serialization.
01:25:39.394 [main] INFO  f.i.s.repairnator.pipeline.Launcher - The email notifier engine won't be used.
01:25:39.397 [main] INFO  f.i.s.repairnator.pipeline.Launcher - Start by getting the build (buildId: 336034512) with the following config: RepairnatorConfig{runId='115b89a2-5f2f-4a9f-a894-a9ee1a0dcd59_02-18-week1-PASSING_AND_PASSING', launcherMode=BEARS, serializeJson=true, inputPath='null', outputPath='/var/log', mongodbHost='null', mongodbName='repairnator', smtpServer='null', notifyTo=[], notifyEndProcess=false, push=true, pushRemoteRepo='https://github.com/fermadeiral/bears-collection-pp', fork=false, lookFromDate=null, lookToDate=null, buildId=336034512, z3solverPath='./z3_for_linux', workspacePath='./workspace', githubToken='c8a341a903[...]', dockerImageName='null', skipDelete=false, createOutputDir=false, logDirectory='null', nbThreads=0, globalTimeout=0, whiteList=null, blackList=null, jobSleepTime=0, buildSleepTime=0, maxInspectedBuilds=0, duration=null, humanPatch=false, repository='null', clean=true, bearsMode=BOTH, bearsDelimiter = false, repairTools=NopolAllTests,NPEFix,AssertFixer,AstorJGenProg,AstorJKali,NopolSingleTest,AstorJMut,NopolTestExclusionStrategy, githubUserName= fermadeiral, githubUserEmail=fer.madeiral@gmail.com}
01:25:40.755 [main] DEBUG fr.inria.jtravis.helpers.BuildHelper - Get request to :https://api.travis-ci.org/build/336034512 done after 866 ms
01:25:41.050 [main] DEBUG fr.inria.jtravis.helpers.BuildHelper - Get request to :https://api.travis-ci.org/build/336043524 done after 143 ms
01:25:41.082 [main] INFO  f.i.s.repairnator.pipeline.Launcher - The patched build (336043524) was successfully retrieved from Travis.
01:25:42.351 [main] INFO  fr.inria.jtravis.JTravis - GitHub ratelimit: Limit: 5000 Remaining: 4859 Reset hour: 19:23:00
01:25:42.629 [main] INFO  f.i.s.r.p.i.ProjectInspector - ----------------------------------------------------------------------
01:25:42.629 [main] INFO  f.i.s.r.p.i.ProjectInspector - PIPELINE STEPS
01:25:42.629 [main] INFO  f.i.s.r.p.i.ProjectInspector - ----------------------------------------------------------------------
01:25:42.629 [main] INFO  f.i.s.r.p.i.ProjectInspector - CloneRepository
01:25:42.630 [main] INFO  f.i.s.r.p.i.ProjectInspector - CheckoutPatchedBuildCandidate
01:25:42.630 [main] INFO  f.i.s.r.p.i.ProjectInspector - ComputeSourceDir
01:25:42.630 [main] INFO  f.i.s.r.p.i.ProjectInspector - ComputeTestDir
01:25:42.630 [main] INFO  f.i.s.r.p.i.ProjectInspector - CheckoutBuggyBuildCandidateSourceCode
01:25:42.631 [main] INFO  f.i.s.r.p.i.ProjectInspector - BuildProjectBuggyBuildCandidateSourceCode
01:25:42.631 [main] INFO  f.i.s.r.p.i.ProjectInspector - TestProjectBuggyBuildCandidateSourceCode
01:25:42.631 [main] INFO  f.i.s.r.p.i.ProjectInspector - GatherTestInformationBuggyBuildCandidateSourceCode
01:25:42.631 [main] INFO  f.i.s.r.p.i.ProjectInspector - CheckoutBuggyBuildTestCode
01:25:42.632 [main] INFO  f.i.s.r.p.i.ProjectInspector - InitRepoToPush
01:25:42.632 [main] INFO  f.i.s.r.p.i.ProjectInspector - ComputeClasspath
01:25:42.632 [main] INFO  f.i.s.r.p.i.ProjectInspector - ComputeModules
01:25:42.633 [main] INFO  f.i.s.r.p.i.ProjectInspector - CheckoutBuggyBuildCandidateSourceCode
01:25:42.633 [main] INFO  f.i.s.r.p.i.ProjectInspector - CommitChangedTests
01:25:42.633 [main] INFO  f.i.s.r.p.i.ProjectInspector - CheckoutPatchedBuildCandidate
01:25:42.633 [main] INFO  f.i.s.r.p.i.ProjectInspector - BuildProjectPatchedBuildCandidate
01:25:42.634 [main] INFO  f.i.s.r.p.i.ProjectInspector - TestProjectPatchedBuildCandidate
01:25:42.634 [main] INFO  f.i.s.r.p.i.ProjectInspector - GatherTestInformationPatchedBuildCandidate
01:25:42.634 [main] INFO  f.i.s.r.p.i.ProjectInspector - CommitPatch
01:25:42.635 [main] INFO  f.i.s.r.p.i.ProjectInspector - WritePropertyFile
01:25:42.635 [main] INFO  f.i.s.r.p.i.ProjectInspector - CommitProcessEnd
01:25:42.635 [main] INFO  f.i.s.r.p.i.ProjectInspector - PushProcessEnd
01:25:42.635 [main] DEBUG f.i.s.r.process.step.CloneRepository - ----------------------------------------------------------------------
01:25:42.636 [main] DEBUG f.i.s.r.process.step.CloneRepository - STEP 1/22: CloneRepository
01:25:42.636 [main] DEBUG f.i.s.r.process.step.CloneRepository - ----------------------------------------------------------------------
01:25:42.636 [main] DEBUG f.i.s.r.process.step.CloneRepository - Cloning repository dropwizard/metrics in the following directory: ./workspace/dropwizard/metrics/336034512
01:25:49.474 [main] DEBUG f.i.s.r.process.step.CloneRepository - STEP STATUS: [ CloneRepository : SUCCESS ]
01:25:49.475 [main] DEBUG f.i.s.r.process.step.CloneRepository - STEP DURATION: 6s
01:25:49.476 [main] DEBUG f.i.s.r.process.step.CloneRepository - EXECUTE NEXT STEP
01:25:49.476 [main] DEBUG f.i.s.r.p.s.c.CheckoutPatchedBuild - ----------------------------------------------------------------------
01:25:49.477 [main] DEBUG f.i.s.r.p.s.c.CheckoutPatchedBuild - STEP 2/22: CheckoutPatchedBuildCandidate
01:25:49.477 [main] DEBUG f.i.s.r.p.s.c.CheckoutPatchedBuild - ----------------------------------------------------------------------
01:25:49.478 [main] DEBUG f.i.s.r.p.s.c.CheckoutPatchedBuild - Checking out patched build candidate...
01:25:49.494 [main] ERROR f.i.s.r.p.s.c.CheckoutPatchedBuild - Error while testing commit: org.eclipse.jgit.errors.MissingObjectException: Missing unknown e560a7864e6711f41947f84789e336d2fa9747f5
01:25:49.495 [main] ERROR f.i.s.r.p.s.c.CheckoutPatchedBuild - Error while getting the commit to checkout from the repo.
01:25:49.496 [main] DEBUG f.i.s.r.p.s.c.CheckoutPatchedBuild - STEP STATUS: [ CheckoutPatchedBuildCandidate : FAILURE ( BUILDNOTCHECKEDOUT ) ]
01:25:49.497 [main] DEBUG f.i.s.r.p.s.c.CheckoutPatchedBuild - STEP DURATION: 0s
01:25:49.497 [main] DEBUG f.i.s.r.p.s.c.CheckoutPatchedBuild - TERMINATE PIPELINE
01:25:49.498 [main] DEBUG f.i.s.r.p.s.c.CheckoutPatchedBuild - FINAL STEPS SKIPPED: The reproduction of the bug and/or the patch failed.
01:25:49.500 [main] INFO  f.i.s.r.p.s.c.CheckoutPatchedBuild - Serialize all data for the pair of builds 336034512, 336043524
01:25:49.845 [main] INFO  fr.inria.jtravis.JTravis - GitHub ratelimit: Limit: 5000 Remaining: 4849 Reset hour: 19:23:00
01:25:51.241 [main] INFO  f.i.s.r.p.i.ProjectInspector - ----------------------------------------------------------------------
01:25:51.241 [main] INFO  f.i.s.r.p.i.ProjectInspector - PIPELINE EXECUTION SUMMARY
01:25:51.241 [main] INFO  f.i.s.r.p.i.ProjectInspector - ----------------------------------------------------------------------
01:25:51.242 [main] INFO  f.i.s.r.p.i.ProjectInspector - CloneRepository........................................SUCCESS [ 6 s ]
01:25:51.242 [main] INFO  f.i.s.r.p.i.ProjectInspector - CheckoutPatchedBuildCandidate..........................FAILURE [ 0 s ]
01:25:51.242 [main] INFO  f.i.s.r.p.i.ProjectInspector - ComputeSourceDir.......................................NOT RUN        
01:25:51.242 [main] INFO  f.i.s.r.p.i.ProjectInspector - ComputeTestDir.........................................NOT RUN        
01:25:51.243 [main] INFO  f.i.s.r.p.i.ProjectInspector - CheckoutBuggyBuildCandidateSourceCode..................NOT RUN        
01:25:51.243 [main] INFO  f.i.s.r.p.i.ProjectInspector - BuildProjectBuggyBuildCandidateSourceCode..............NOT RUN        
01:25:51.243 [main] INFO  f.i.s.r.p.i.ProjectInspector - TestProjectBuggyBuildCandidateSourceCode...............NOT RUN        
01:25:51.243 [main] INFO  f.i.s.r.p.i.ProjectInspector - GatherTestInformationBuggyBuildCandidateSourceCode.....NOT RUN        
01:25:51.243 [main] INFO  f.i.s.r.p.i.ProjectInspector - CheckoutBuggyBuildTestCode.............................NOT RUN        
01:25:51.244 [main] INFO  f.i.s.r.p.i.ProjectInspector - InitRepoToPush.........................................NOT RUN        
01:25:51.244 [main] INFO  f.i.s.r.p.i.ProjectInspector - ComputeClasspath.......................................NOT RUN        
01:25:51.244 [main] INFO  f.i.s.r.p.i.ProjectInspector - ComputeModules.........................................NOT RUN        
01:25:51.244 [main] INFO  f.i.s.r.p.i.ProjectInspector - CheckoutBuggyBuildCandidateSourceCode..................NOT RUN        
01:25:51.244 [main] INFO  f.i.s.r.p.i.ProjectInspector - CommitChangedTests.....................................NOT RUN        
01:25:51.244 [main] INFO  f.i.s.r.p.i.ProjectInspector - CheckoutPatchedBuildCandidate..........................NOT RUN        
01:25:51.245 [main] INFO  f.i.s.r.p.i.ProjectInspector - BuildProjectPatchedBuildCandidate......................NOT RUN        
01:25:51.245 [main] INFO  f.i.s.r.p.i.ProjectInspector - TestProjectPatchedBuildCandidate.......................NOT RUN        
01:25:51.245 [main] INFO  f.i.s.r.p.i.ProjectInspector - GatherTestInformationPatchedBuildCandidate.............NOT RUN        
01:25:51.245 [main] INFO  f.i.s.r.p.i.ProjectInspector - CommitPatch............................................NOT RUN        
01:25:51.245 [main] INFO  f.i.s.r.p.i.ProjectInspector - WritePropertyFile......................................NOT RUN        
01:25:51.246 [main] INFO  f.i.s.r.p.i.ProjectInspector - CommitProcessEnd.......................................NOT RUN        
01:25:51.246 [main] INFO  f.i.s.r.p.i.ProjectInspector - PushProcessEnd.........................................NOT RUN        
01:25:51.246 [main] INFO  f.i.s.r.p.i.ProjectInspector - ----------------------------------------------------------------------
01:25:51.246 [main] INFO  f.i.s.r.p.i.ProjectInspector - PIPELINE FINDING: BUILDNOTCHECKEDOUT
01:25:51.246 [main] INFO  f.i.s.r.p.i.ProjectInspector - ----------------------------------------------------------------------
01:25:51.247 [main] INFO  f.i.s.repairnator.pipeline.Launcher - Inspector is finished. The process will exit now.
