19:44:06.584 [main] INFO  f.i.s.repairnator.pipeline.Launcher - PIPELINE VERSION: 3.0-2018-08-09 19:04
19:44:06.698 [main] INFO  f.i.s.repairnator.pipeline.Launcher - The pipeline will try to reproduce a bug from build 336707313 and its corresponding patch from build 337103583
19:44:06.702 [main] INFO  f.i.s.repairnator.pipeline.Launcher - Initialize file serializer engines.
19:44:06.704 [main] INFO  f.i.s.repairnator.pipeline.Launcher - MongoDB won't be used for serialization.
19:44:06.704 [main] INFO  f.i.s.repairnator.pipeline.Launcher - The email notifier engine won't be used.
19:44:06.707 [main] INFO  f.i.s.repairnator.pipeline.Launcher - Start by getting the build (buildId: 336707313) with the following config: RepairnatorConfig{runId='115b89a2-5f2f-4a9f-a894-a9ee1a0dcd59_02-18-week1-PASSING_AND_PASSING', launcherMode=BEARS, serializeJson=true, inputPath='null', outputPath='/var/log', mongodbHost='null', mongodbName='repairnator', smtpServer='null', notifyTo=[], notifyEndProcess=false, push=true, pushRemoteRepo='https://github.com/fermadeiral/bears-collection-pp', fork=false, lookFromDate=null, lookToDate=null, buildId=336707313, z3solverPath='./z3_for_linux', workspacePath='./workspace', githubToken='c8a341a903[...]', dockerImageName='null', skipDelete=false, createOutputDir=false, logDirectory='null', nbThreads=0, globalTimeout=0, whiteList=null, blackList=null, jobSleepTime=0, buildSleepTime=0, maxInspectedBuilds=0, duration=null, humanPatch=false, repository='null', clean=true, bearsMode=BOTH, bearsDelimiter = false, repairTools=NopolAllTests,NPEFix,AssertFixer,AstorJGenProg,AstorJKali,NopolSingleTest,AstorJMut,NopolTestExclusionStrategy, githubUserName= fermadeiral, githubUserEmail=fer.madeiral@gmail.com}
19:44:07.986 [main] DEBUG fr.inria.jtravis.helpers.BuildHelper - Get request to :https://api.travis-ci.org/build/336707313 done after 790 ms
19:44:08.201 [main] DEBUG fr.inria.jtravis.helpers.BuildHelper - Get request to :https://api.travis-ci.org/build/337103583 done after 132 ms
19:44:08.216 [main] INFO  f.i.s.repairnator.pipeline.Launcher - The patched build (337103583) was successfully retrieved from Travis.
19:44:09.277 [main] INFO  fr.inria.jtravis.JTravis - GitHub ratelimit: Limit: 5000 Remaining: 4691 Reset hour: 19:22:42
19:44:09.581 [main] INFO  f.i.s.r.p.i.ProjectInspector - ----------------------------------------------------------------------
19:44:09.582 [main] INFO  f.i.s.r.p.i.ProjectInspector - PIPELINE STEPS
19:44:09.582 [main] INFO  f.i.s.r.p.i.ProjectInspector - ----------------------------------------------------------------------
19:44:09.582 [main] INFO  f.i.s.r.p.i.ProjectInspector - CloneRepository
19:44:09.582 [main] INFO  f.i.s.r.p.i.ProjectInspector - CheckoutPatchedBuildCandidate
19:44:09.582 [main] INFO  f.i.s.r.p.i.ProjectInspector - ComputeSourceDir
19:44:09.583 [main] INFO  f.i.s.r.p.i.ProjectInspector - ComputeTestDir
19:44:09.583 [main] INFO  f.i.s.r.p.i.ProjectInspector - CheckoutBuggyBuildCandidateSourceCode
19:44:09.583 [main] INFO  f.i.s.r.p.i.ProjectInspector - BuildProjectBuggyBuildCandidateSourceCode
19:44:09.583 [main] INFO  f.i.s.r.p.i.ProjectInspector - TestProjectBuggyBuildCandidateSourceCode
19:44:09.583 [main] INFO  f.i.s.r.p.i.ProjectInspector - GatherTestInformationBuggyBuildCandidateSourceCode
19:44:09.583 [main] INFO  f.i.s.r.p.i.ProjectInspector - CheckoutBuggyBuildTestCode
19:44:09.584 [main] INFO  f.i.s.r.p.i.ProjectInspector - InitRepoToPush
19:44:09.584 [main] INFO  f.i.s.r.p.i.ProjectInspector - ComputeClasspath
19:44:09.584 [main] INFO  f.i.s.r.p.i.ProjectInspector - ComputeModules
19:44:09.584 [main] INFO  f.i.s.r.p.i.ProjectInspector - CheckoutBuggyBuildCandidateSourceCode
19:44:09.584 [main] INFO  f.i.s.r.p.i.ProjectInspector - CommitChangedTests
19:44:09.584 [main] INFO  f.i.s.r.p.i.ProjectInspector - CheckoutPatchedBuildCandidate
19:44:09.585 [main] INFO  f.i.s.r.p.i.ProjectInspector - BuildProjectPatchedBuildCandidate
19:44:09.585 [main] INFO  f.i.s.r.p.i.ProjectInspector - TestProjectPatchedBuildCandidate
19:44:09.585 [main] INFO  f.i.s.r.p.i.ProjectInspector - GatherTestInformationPatchedBuildCandidate
19:44:09.585 [main] INFO  f.i.s.r.p.i.ProjectInspector - CommitPatch
19:44:09.585 [main] INFO  f.i.s.r.p.i.ProjectInspector - WritePropertyFile
19:44:09.585 [main] INFO  f.i.s.r.p.i.ProjectInspector - CommitProcessEnd
19:44:09.586 [main] INFO  f.i.s.r.p.i.ProjectInspector - PushProcessEnd
19:44:09.586 [main] DEBUG f.i.s.r.process.step.CloneRepository - ----------------------------------------------------------------------
19:44:09.586 [main] DEBUG f.i.s.r.process.step.CloneRepository - STEP 1/22: CloneRepository
19:44:09.586 [main] DEBUG f.i.s.r.process.step.CloneRepository - ----------------------------------------------------------------------
19:44:09.587 [main] DEBUG f.i.s.r.process.step.CloneRepository - Cloning repository runelite/runelite in the following directory: ./workspace/runelite/runelite/336707313
19:44:20.207 [main] DEBUG f.i.s.r.process.step.CloneRepository - STEP STATUS: [ CloneRepository : SUCCESS ]
19:44:20.207 [main] DEBUG f.i.s.r.process.step.CloneRepository - STEP DURATION: 10s
19:44:20.207 [main] DEBUG f.i.s.r.process.step.CloneRepository - EXECUTE NEXT STEP
19:44:20.207 [main] DEBUG f.i.s.r.p.s.c.CheckoutPatchedBuild - ----------------------------------------------------------------------
19:44:20.208 [main] DEBUG f.i.s.r.p.s.c.CheckoutPatchedBuild - STEP 2/22: CheckoutPatchedBuildCandidate
19:44:20.208 [main] DEBUG f.i.s.r.p.s.c.CheckoutPatchedBuild - ----------------------------------------------------------------------
19:44:20.208 [main] DEBUG f.i.s.r.p.s.c.CheckoutPatchedBuild - Checking out patched build candidate...
19:44:20.550 [main] INFO  fr.inria.jtravis.JTravis - GitHub ratelimit: Limit: 5000 Remaining: 4676 Reset hour: 19:22:42
19:44:20.971 [main] WARN  f.i.j.helpers.PullRequestHelper - The head repository is null: maybe it has been deleted from GitHub
19:44:20.972 [main] ERROR f.i.s.r.p.s.c.CheckoutPatchedBuild - Error while getting PR information.
19:44:20.973 [main] DEBUG f.i.s.r.p.s.c.CheckoutPatchedBuild - STEP STATUS: [ CheckoutPatchedBuildCandidate : FAILURE ( BUILDNOTCHECKEDOUT ) ]
19:44:20.973 [main] DEBUG f.i.s.r.p.s.c.CheckoutPatchedBuild - STEP DURATION: 0s
19:44:20.973 [main] DEBUG f.i.s.r.p.s.c.CheckoutPatchedBuild - TERMINATE PIPELINE
19:44:20.974 [main] DEBUG f.i.s.r.p.s.c.CheckoutPatchedBuild - FINAL STEPS SKIPPED: The reproduction of the bug and/or the patch failed.
19:44:20.974 [main] INFO  f.i.s.r.p.s.c.CheckoutPatchedBuild - Serialize all data for the pair of builds 336707313, 337103583
19:44:21.094 [main] INFO  fr.inria.jtravis.JTravis - GitHub ratelimit: Limit: 5000 Remaining: 4674 Reset hour: 19:22:42
19:44:21.797 [main] INFO  f.i.s.r.p.i.ProjectInspector - ----------------------------------------------------------------------
19:44:21.798 [main] INFO  f.i.s.r.p.i.ProjectInspector - PIPELINE EXECUTION SUMMARY
19:44:21.798 [main] INFO  f.i.s.r.p.i.ProjectInspector - ----------------------------------------------------------------------
19:44:21.799 [main] INFO  f.i.s.r.p.i.ProjectInspector - CloneRepository.......................................SUCCESS [ 10 s ]
19:44:21.799 [main] INFO  f.i.s.r.p.i.ProjectInspector - CheckoutPatchedBuildCandidate.........................FAILURE [  0 s ]
19:44:21.799 [main] INFO  f.i.s.r.p.i.ProjectInspector - ComputeSourceDir......................................NOT RUN         
19:44:21.799 [main] INFO  f.i.s.r.p.i.ProjectInspector - ComputeTestDir........................................NOT RUN         
19:44:21.799 [main] INFO  f.i.s.r.p.i.ProjectInspector - CheckoutBuggyBuildCandidateSourceCode.................NOT RUN         
19:44:21.799 [main] INFO  f.i.s.r.p.i.ProjectInspector - BuildProjectBuggyBuildCandidateSourceCode.............NOT RUN         
19:44:21.800 [main] INFO  f.i.s.r.p.i.ProjectInspector - TestProjectBuggyBuildCandidateSourceCode..............NOT RUN         
19:44:21.800 [main] INFO  f.i.s.r.p.i.ProjectInspector - GatherTestInformationBuggyBuildCandidateSourceCode....NOT RUN         
19:44:21.800 [main] INFO  f.i.s.r.p.i.ProjectInspector - CheckoutBuggyBuildTestCode............................NOT RUN         
19:44:21.801 [main] INFO  f.i.s.r.p.i.ProjectInspector - InitRepoToPush........................................NOT RUN         
19:44:21.801 [main] INFO  f.i.s.r.p.i.ProjectInspector - ComputeClasspath......................................NOT RUN         
19:44:21.801 [main] INFO  f.i.s.r.p.i.ProjectInspector - ComputeModules........................................NOT RUN         
19:44:21.801 [main] INFO  f.i.s.r.p.i.ProjectInspector - CheckoutBuggyBuildCandidateSourceCode.................NOT RUN         
19:44:21.801 [main] INFO  f.i.s.r.p.i.ProjectInspector - CommitChangedTests....................................NOT RUN         
19:44:21.802 [main] INFO  f.i.s.r.p.i.ProjectInspector - CheckoutPatchedBuildCandidate.........................NOT RUN         
19:44:21.802 [main] INFO  f.i.s.r.p.i.ProjectInspector - BuildProjectPatchedBuildCandidate.....................NOT RUN         
19:44:21.802 [main] INFO  f.i.s.r.p.i.ProjectInspector - TestProjectPatchedBuildCandidate......................NOT RUN         
19:44:21.803 [main] INFO  f.i.s.r.p.i.ProjectInspector - GatherTestInformationPatchedBuildCandidate............NOT RUN         
19:44:21.803 [main] INFO  f.i.s.r.p.i.ProjectInspector - CommitPatch...........................................NOT RUN         
19:44:21.803 [main] INFO  f.i.s.r.p.i.ProjectInspector - WritePropertyFile.....................................NOT RUN         
19:44:21.803 [main] INFO  f.i.s.r.p.i.ProjectInspector - CommitProcessEnd......................................NOT RUN         
19:44:21.804 [main] INFO  f.i.s.r.p.i.ProjectInspector - PushProcessEnd........................................NOT RUN         
19:44:21.804 [main] INFO  f.i.s.r.p.i.ProjectInspector - ----------------------------------------------------------------------
19:44:21.804 [main] INFO  f.i.s.r.p.i.ProjectInspector - PIPELINE FINDING: BUILDNOTCHECKEDOUT
19:44:21.804 [main] INFO  f.i.s.r.p.i.ProjectInspector - ----------------------------------------------------------------------
19:44:21.805 [main] INFO  f.i.s.repairnator.pipeline.Launcher - Inspector is finished. The process will exit now.
