16:20:21.305 [main] INFO  f.i.s.repairnator.pipeline.Launcher - PIPELINE VERSION: 3.0-2018-08-09 19:04
16:20:21.462 [main] INFO  f.i.s.repairnator.pipeline.Launcher - The pipeline will try to reproduce a bug from build 364781449 and its corresponding patch from build 365944410
16:20:21.462 [main] INFO  f.i.s.repairnator.pipeline.Launcher - Initialize file serializer engines.
16:20:21.464 [main] INFO  f.i.s.repairnator.pipeline.Launcher - MongoDB won't be used for serialization.
16:20:21.464 [main] INFO  f.i.s.repairnator.pipeline.Launcher - The email notifier engine won't be used.
16:20:21.468 [main] INFO  f.i.s.repairnator.pipeline.Launcher - Start by getting the build (buildId: 364781449) with the following config: RepairnatorConfig{runId='97c942ad-a60e-4cfe-b325-5fa5c5215b2e_04-18-week2-FAILING_AND_PASSING', launcherMode=BEARS, serializeJson=true, inputPath='null', outputPath='/var/log', mongodbHost='null', mongodbName='repairnator', smtpServer='null', notifyTo=[], notifyEndProcess=false, push=true, pushRemoteRepo='https://github.com/fermadeiral/bears-collection-fp', fork=false, lookFromDate=null, lookToDate=null, buildId=364781449, z3solverPath='./z3_for_linux', workspacePath='./workspace', githubToken='c8a341a903[...]', dockerImageName='null', skipDelete=false, createOutputDir=false, logDirectory='null', nbThreads=0, globalTimeout=0, whiteList=null, blackList=null, jobSleepTime=0, buildSleepTime=0, maxInspectedBuilds=0, duration=null, humanPatch=false, repository='null', clean=true, bearsMode=BOTH, bearsDelimiter = false, repairTools=NopolAllTests,NPEFix,AssertFixer,AstorJGenProg,AstorJKali,NopolSingleTest,AstorJMut,NopolTestExclusionStrategy, githubUserName= fermadeiral, githubUserEmail=fer.madeiral@gmail.com}
16:20:23.066 [main] DEBUG fr.inria.jtravis.helpers.BuildHelper - Get request to :https://api.travis-ci.org/build/364781449 done after 943 ms
16:20:23.442 [main] DEBUG fr.inria.jtravis.helpers.BuildHelper - Get request to :https://api.travis-ci.org/build/365944410 done after 283 ms
16:20:23.456 [main] INFO  f.i.s.repairnator.pipeline.Launcher - The patched build (365944410) was successfully retrieved from Travis.
16:20:24.707 [main] INFO  fr.inria.jtravis.JTravis - GitHub ratelimit: Limit: 5000 Remaining: 4964 Reset hour: 19:38:21
16:20:24.952 [main] INFO  f.i.s.r.p.i.ProjectInspector - ----------------------------------------------------------------------
16:20:24.952 [main] INFO  f.i.s.r.p.i.ProjectInspector - PIPELINE STEPS
16:20:24.952 [main] INFO  f.i.s.r.p.i.ProjectInspector - ----------------------------------------------------------------------
16:20:24.952 [main] INFO  f.i.s.r.p.i.ProjectInspector - CloneRepository
16:20:24.952 [main] INFO  f.i.s.r.p.i.ProjectInspector - CheckoutBuggyBuildCandidate
16:20:24.952 [main] INFO  f.i.s.r.p.i.ProjectInspector - ComputeSourceDir
16:20:24.953 [main] INFO  f.i.s.r.p.i.ProjectInspector - ComputeTestDir
16:20:24.953 [main] INFO  f.i.s.r.p.i.ProjectInspector - BuildProjectBuggyBuildCandidate
16:20:24.953 [main] INFO  f.i.s.r.p.i.ProjectInspector - TestProjectBuggyBuildCandidate
16:20:24.953 [main] INFO  f.i.s.r.p.i.ProjectInspector - GatherTestInformationBuggyBuildCandidate
16:20:24.953 [main] INFO  f.i.s.r.p.i.ProjectInspector - InitRepoToPush
16:20:24.953 [main] INFO  f.i.s.r.p.i.ProjectInspector - ComputeClasspath
16:20:24.953 [main] INFO  f.i.s.r.p.i.ProjectInspector - ComputeModules
16:20:24.953 [main] INFO  f.i.s.r.p.i.ProjectInspector - CheckoutPatchedBuildCandidate
16:20:24.954 [main] INFO  f.i.s.r.p.i.ProjectInspector - BuildProjectPatchedBuildCandidate
16:20:24.954 [main] INFO  f.i.s.r.p.i.ProjectInspector - TestProjectPatchedBuildCandidate
16:20:24.954 [main] INFO  f.i.s.r.p.i.ProjectInspector - GatherTestInformationPatchedBuildCandidate
16:20:24.954 [main] INFO  f.i.s.r.p.i.ProjectInspector - CommitPatch
16:20:24.954 [main] INFO  f.i.s.r.p.i.ProjectInspector - WritePropertyFile
16:20:24.954 [main] INFO  f.i.s.r.p.i.ProjectInspector - CommitProcessEnd
16:20:24.954 [main] INFO  f.i.s.r.p.i.ProjectInspector - PushProcessEnd
16:20:24.955 [main] DEBUG f.i.s.r.process.step.CloneRepository - ----------------------------------------------------------------------
16:20:24.955 [main] DEBUG f.i.s.r.process.step.CloneRepository - STEP 1/18: CloneRepository
16:20:24.955 [main] DEBUG f.i.s.r.process.step.CloneRepository - ----------------------------------------------------------------------
16:20:24.956 [main] DEBUG f.i.s.r.process.step.CloneRepository - Cloning repository thelastpickle/cassandra-reaper in the following directory: ./workspace/thelastpickle/cassandra-reaper/364781449
16:20:32.668 [main] DEBUG f.i.s.r.process.step.CloneRepository - STEP STATUS: [ CloneRepository : SUCCESS ]
16:20:32.669 [main] DEBUG f.i.s.r.process.step.CloneRepository - STEP DURATION: 7s
16:20:32.669 [main] DEBUG f.i.s.r.process.step.CloneRepository - EXECUTE NEXT STEP
16:20:32.669 [main] DEBUG f.i.s.r.p.s.c.CheckoutBuggyBuild - ----------------------------------------------------------------------
16:20:32.670 [main] DEBUG f.i.s.r.p.s.c.CheckoutBuggyBuild - STEP 2/18: CheckoutBuggyBuildCandidate
16:20:32.670 [main] DEBUG f.i.s.r.p.s.c.CheckoutBuggyBuild - ----------------------------------------------------------------------
16:20:32.670 [main] DEBUG f.i.s.r.p.s.c.CheckoutBuggyBuild - Checking out buggy build candidate...
16:20:32.679 [main] ERROR f.i.s.r.p.s.c.CheckoutBuggyBuild - Error while testing commit: org.eclipse.jgit.errors.MissingObjectException: Missing unknown b994d71da76a30ed777d4cd020e7554e91007e5a
16:20:32.679 [main] ERROR f.i.s.r.p.s.c.CheckoutBuggyBuild - Error while getting the commit to checkout from the repo.
16:20:32.680 [main] DEBUG f.i.s.r.p.s.c.CheckoutBuggyBuild - STEP STATUS: [ CheckoutBuggyBuildCandidate : FAILURE ( BUILDNOTCHECKEDOUT ) ]
16:20:32.680 [main] DEBUG f.i.s.r.p.s.c.CheckoutBuggyBuild - STEP DURATION: 0s
16:20:32.681 [main] DEBUG f.i.s.r.p.s.c.CheckoutBuggyBuild - TERMINATE PIPELINE
16:20:32.681 [main] DEBUG f.i.s.r.p.s.c.CheckoutBuggyBuild - FINAL STEPS SKIPPED: The reproduction of the bug and/or the patch failed.
16:20:32.681 [main] INFO  f.i.s.r.p.s.c.CheckoutBuggyBuild - Serialize all data for the pair of builds 364781449, 365944410
16:20:32.998 [main] INFO  fr.inria.jtravis.JTravis - GitHub ratelimit: Limit: 5000 Remaining: 4963 Reset hour: 19:38:21
16:20:33.537 [main] INFO  f.i.s.r.p.i.ProjectInspector - ----------------------------------------------------------------------
16:20:33.538 [main] INFO  f.i.s.r.p.i.ProjectInspector - PIPELINE EXECUTION SUMMARY
16:20:33.538 [main] INFO  f.i.s.r.p.i.ProjectInspector - ----------------------------------------------------------------------
16:20:33.538 [main] INFO  f.i.s.r.p.i.ProjectInspector - CloneRepository........................................SUCCESS [ 7 s ]
16:20:33.538 [main] INFO  f.i.s.r.p.i.ProjectInspector - CheckoutBuggyBuildCandidate............................FAILURE [ 0 s ]
16:20:33.538 [main] INFO  f.i.s.r.p.i.ProjectInspector - ComputeSourceDir.......................................NOT RUN        
16:20:33.538 [main] INFO  f.i.s.r.p.i.ProjectInspector - ComputeTestDir.........................................NOT RUN        
16:20:33.539 [main] INFO  f.i.s.r.p.i.ProjectInspector - BuildProjectBuggyBuildCandidate........................NOT RUN        
16:20:33.539 [main] INFO  f.i.s.r.p.i.ProjectInspector - TestProjectBuggyBuildCandidate.........................NOT RUN        
16:20:33.539 [main] INFO  f.i.s.r.p.i.ProjectInspector - GatherTestInformationBuggyBuildCandidate...............NOT RUN        
16:20:33.539 [main] INFO  f.i.s.r.p.i.ProjectInspector - InitRepoToPush.........................................NOT RUN        
16:20:33.539 [main] INFO  f.i.s.r.p.i.ProjectInspector - ComputeClasspath.......................................NOT RUN        
16:20:33.539 [main] INFO  f.i.s.r.p.i.ProjectInspector - ComputeModules.........................................NOT RUN        
16:20:33.539 [main] INFO  f.i.s.r.p.i.ProjectInspector - CheckoutPatchedBuildCandidate..........................NOT RUN        
16:20:33.540 [main] INFO  f.i.s.r.p.i.ProjectInspector - BuildProjectPatchedBuildCandidate......................NOT RUN        
16:20:33.540 [main] INFO  f.i.s.r.p.i.ProjectInspector - TestProjectPatchedBuildCandidate.......................NOT RUN        
16:20:33.540 [main] INFO  f.i.s.r.p.i.ProjectInspector - GatherTestInformationPatchedBuildCandidate.............NOT RUN        
16:20:33.540 [main] INFO  f.i.s.r.p.i.ProjectInspector - CommitPatch............................................NOT RUN        
16:20:33.540 [main] INFO  f.i.s.r.p.i.ProjectInspector - WritePropertyFile......................................NOT RUN        
16:20:33.540 [main] INFO  f.i.s.r.p.i.ProjectInspector - CommitProcessEnd.......................................NOT RUN        
16:20:33.540 [main] INFO  f.i.s.r.p.i.ProjectInspector - PushProcessEnd.........................................NOT RUN        
16:20:33.540 [main] INFO  f.i.s.r.p.i.ProjectInspector - ----------------------------------------------------------------------
16:20:33.541 [main] INFO  f.i.s.r.p.i.ProjectInspector - PIPELINE FINDING: BUILDNOTCHECKEDOUT
16:20:33.541 [main] INFO  f.i.s.r.p.i.ProjectInspector - ----------------------------------------------------------------------
16:20:33.541 [main] INFO  f.i.s.repairnator.pipeline.Launcher - Inspector is finished. The process will exit now.
