20:05:18.423 [main] INFO  f.i.s.repairnator.pipeline.Launcher - PIPELINE VERSION: 3.0-2018-08-09 19:04
20:05:18.617 [main] INFO  f.i.s.repairnator.pipeline.Launcher - The pipeline will try to reproduce a bug from build 363617758 and its corresponding patch from build 363624086
20:05:18.618 [main] INFO  f.i.s.repairnator.pipeline.Launcher - Initialize file serializer engines.
20:05:18.621 [main] INFO  f.i.s.repairnator.pipeline.Launcher - MongoDB won't be used for serialization.
20:05:18.621 [main] INFO  f.i.s.repairnator.pipeline.Launcher - The email notifier engine won't be used.
20:05:18.624 [main] INFO  f.i.s.repairnator.pipeline.Launcher - Start by getting the build (buildId: 363617758) with the following config: RepairnatorConfig{runId='97c942ad-a60e-4cfe-b325-5fa5c5215b2e_04-18-week2-FAILING_AND_PASSING', launcherMode=BEARS, serializeJson=true, inputPath='null', outputPath='/var/log', mongodbHost='null', mongodbName='repairnator', smtpServer='null', notifyTo=[], notifyEndProcess=false, push=true, pushRemoteRepo='https://github.com/fermadeiral/bears-collection-fp', fork=false, lookFromDate=null, lookToDate=null, buildId=363617758, z3solverPath='./z3_for_linux', workspacePath='./workspace', githubToken='c8a341a903[...]', dockerImageName='null', skipDelete=false, createOutputDir=false, logDirectory='null', nbThreads=0, globalTimeout=0, whiteList=null, blackList=null, jobSleepTime=0, buildSleepTime=0, maxInspectedBuilds=0, duration=null, humanPatch=false, repository='null', clean=true, bearsMode=BOTH, bearsDelimiter = false, repairTools=NopolAllTests,NPEFix,AssertFixer,AstorJGenProg,AstorJKali,NopolSingleTest,AstorJMut,NopolTestExclusionStrategy, githubUserName= fermadeiral, githubUserEmail=fer.madeiral@gmail.com}
20:05:19.868 [main] DEBUG fr.inria.jtravis.helpers.BuildHelper - Get request to :https://api.travis-ci.org/build/363617758 done after 836 ms
20:05:20.097 [main] DEBUG fr.inria.jtravis.helpers.BuildHelper - Get request to :https://api.travis-ci.org/build/363624086 done after 132 ms
20:05:20.112 [main] INFO  f.i.s.repairnator.pipeline.Launcher - The patched build (363624086) was successfully retrieved from Travis.
20:05:21.162 [main] INFO  fr.inria.jtravis.JTravis - GitHub ratelimit: Limit: 5000 Remaining: 4794 Reset hour: 19:38:32
20:05:21.417 [main] INFO  f.i.s.r.p.i.ProjectInspector - ----------------------------------------------------------------------
20:05:21.418 [main] INFO  f.i.s.r.p.i.ProjectInspector - PIPELINE STEPS
20:05:21.418 [main] INFO  f.i.s.r.p.i.ProjectInspector - ----------------------------------------------------------------------
20:05:21.418 [main] INFO  f.i.s.r.p.i.ProjectInspector - CloneRepository
20:05:21.418 [main] INFO  f.i.s.r.p.i.ProjectInspector - CheckoutBuggyBuildCandidate
20:05:21.419 [main] INFO  f.i.s.r.p.i.ProjectInspector - ComputeSourceDir
20:05:21.419 [main] INFO  f.i.s.r.p.i.ProjectInspector - ComputeTestDir
20:05:21.419 [main] INFO  f.i.s.r.p.i.ProjectInspector - BuildProjectBuggyBuildCandidate
20:05:21.419 [main] INFO  f.i.s.r.p.i.ProjectInspector - TestProjectBuggyBuildCandidate
20:05:21.420 [main] INFO  f.i.s.r.p.i.ProjectInspector - GatherTestInformationBuggyBuildCandidate
20:05:21.420 [main] INFO  f.i.s.r.p.i.ProjectInspector - InitRepoToPush
20:05:21.420 [main] INFO  f.i.s.r.p.i.ProjectInspector - ComputeClasspath
20:05:21.420 [main] INFO  f.i.s.r.p.i.ProjectInspector - ComputeModules
20:05:21.421 [main] INFO  f.i.s.r.p.i.ProjectInspector - CheckoutPatchedBuildCandidate
20:05:21.421 [main] INFO  f.i.s.r.p.i.ProjectInspector - BuildProjectPatchedBuildCandidate
20:05:21.421 [main] INFO  f.i.s.r.p.i.ProjectInspector - TestProjectPatchedBuildCandidate
20:05:21.421 [main] INFO  f.i.s.r.p.i.ProjectInspector - GatherTestInformationPatchedBuildCandidate
20:05:21.421 [main] INFO  f.i.s.r.p.i.ProjectInspector - CommitPatch
20:05:21.421 [main] INFO  f.i.s.r.p.i.ProjectInspector - WritePropertyFile
20:05:21.422 [main] INFO  f.i.s.r.p.i.ProjectInspector - CommitProcessEnd
20:05:21.422 [main] INFO  f.i.s.r.p.i.ProjectInspector - PushProcessEnd
20:05:21.422 [main] DEBUG f.i.s.r.process.step.CloneRepository - ----------------------------------------------------------------------
20:05:21.423 [main] DEBUG f.i.s.r.process.step.CloneRepository - STEP 1/18: CloneRepository
20:05:21.423 [main] DEBUG f.i.s.r.process.step.CloneRepository - ----------------------------------------------------------------------
20:05:21.424 [main] DEBUG f.i.s.r.process.step.CloneRepository - Cloning repository raphw/byte-buddy in the following directory: ./workspace/raphw/byte-buddy/363617758
20:09:39.107 [main] DEBUG f.i.s.r.process.step.CloneRepository - STEP STATUS: [ CloneRepository : SUCCESS ]
20:09:39.107 [main] DEBUG f.i.s.r.process.step.CloneRepository - STEP DURATION: 257s
20:09:39.107 [main] DEBUG f.i.s.r.process.step.CloneRepository - EXECUTE NEXT STEP
20:09:39.108 [main] DEBUG f.i.s.r.p.s.c.CheckoutBuggyBuild - ----------------------------------------------------------------------
20:09:39.108 [main] DEBUG f.i.s.r.p.s.c.CheckoutBuggyBuild - STEP 2/18: CheckoutBuggyBuildCandidate
20:09:39.108 [main] DEBUG f.i.s.r.p.s.c.CheckoutBuggyBuild - ----------------------------------------------------------------------
20:09:39.108 [main] DEBUG f.i.s.r.p.s.c.CheckoutBuggyBuild - Checking out buggy build candidate...
20:09:39.459 [main] INFO  fr.inria.jtravis.JTravis - GitHub ratelimit: Limit: 5000 Remaining: 4778 Reset hour: 19:38:32
20:09:41.468 [main] DEBUG f.i.s.r.p.s.c.CheckoutBuggyBuild - Reproduce the PR for raphw/byte-buddy by fetching remote branch and merging.
20:09:43.938 [main] ERROR f.i.s.r.p.s.c.CheckoutBuggyBuild - Error while testing commit: org.eclipse.jgit.errors.MissingObjectException: Missing unknown c23cf248f1e2c49c3fc116221aea580d6622dbe7
20:09:43.942 [main] ERROR f.i.s.r.p.s.c.CheckoutBuggyBuild - Commit head ref cannot be retrieved from the repository: c23cf248f1e2c49c3fc116221aea580d6622dbe7. Operation aborted.
20:09:43.942 [main] ERROR f.i.s.r.p.s.c.CheckoutBuggyBuild - Error while merging two commits to reproduce the PR.
20:09:43.944 [main] DEBUG f.i.s.r.p.s.c.CheckoutBuggyBuild - STEP STATUS: [ CheckoutBuggyBuildCandidate : FAILURE ( BUILDNOTCHECKEDOUT ) ]
20:09:43.944 [main] DEBUG f.i.s.r.p.s.c.CheckoutBuggyBuild - STEP DURATION: 4s
20:09:43.945 [main] DEBUG f.i.s.r.p.s.c.CheckoutBuggyBuild - TERMINATE PIPELINE
20:09:43.946 [main] DEBUG f.i.s.r.p.s.c.CheckoutBuggyBuild - FINAL STEPS SKIPPED: The reproduction of the bug and/or the patch failed.
20:09:43.946 [main] INFO  f.i.s.r.p.s.c.CheckoutBuggyBuild - Serialize all data for the pair of builds 363617758, 363624086
20:09:44.076 [main] INFO  fr.inria.jtravis.JTravis - GitHub ratelimit: Limit: 5000 Remaining: 4771 Reset hour: 19:38:32
20:09:45.121 [main] INFO  f.i.s.r.p.i.ProjectInspector - ----------------------------------------------------------------------
20:09:45.121 [main] INFO  f.i.s.r.p.i.ProjectInspector - PIPELINE EXECUTION SUMMARY
20:09:45.121 [main] INFO  f.i.s.r.p.i.ProjectInspector - ----------------------------------------------------------------------
20:09:45.121 [main] INFO  f.i.s.r.p.i.ProjectInspector - CloneRepository......................................SUCCESS [ 257 s ]
20:09:45.122 [main] INFO  f.i.s.r.p.i.ProjectInspector - CheckoutBuggyBuildCandidate..........................FAILURE [   4 s ]
20:09:45.122 [main] INFO  f.i.s.r.p.i.ProjectInspector - ComputeSourceDir.....................................NOT RUN          
20:09:45.122 [main] INFO  f.i.s.r.p.i.ProjectInspector - ComputeTestDir.......................................NOT RUN          
20:09:45.122 [main] INFO  f.i.s.r.p.i.ProjectInspector - BuildProjectBuggyBuildCandidate......................NOT RUN          
20:09:45.123 [main] INFO  f.i.s.r.p.i.ProjectInspector - TestProjectBuggyBuildCandidate.......................NOT RUN          
20:09:45.123 [main] INFO  f.i.s.r.p.i.ProjectInspector - GatherTestInformationBuggyBuildCandidate.............NOT RUN          
20:09:45.123 [main] INFO  f.i.s.r.p.i.ProjectInspector - InitRepoToPush.......................................NOT RUN          
20:09:45.123 [main] INFO  f.i.s.r.p.i.ProjectInspector - ComputeClasspath.....................................NOT RUN          
20:09:45.123 [main] INFO  f.i.s.r.p.i.ProjectInspector - ComputeModules.......................................NOT RUN          
20:09:45.124 [main] INFO  f.i.s.r.p.i.ProjectInspector - CheckoutPatchedBuildCandidate........................NOT RUN          
20:09:45.124 [main] INFO  f.i.s.r.p.i.ProjectInspector - BuildProjectPatchedBuildCandidate....................NOT RUN          
20:09:45.124 [main] INFO  f.i.s.r.p.i.ProjectInspector - TestProjectPatchedBuildCandidate.....................NOT RUN          
20:09:45.124 [main] INFO  f.i.s.r.p.i.ProjectInspector - GatherTestInformationPatchedBuildCandidate...........NOT RUN          
20:09:45.124 [main] INFO  f.i.s.r.p.i.ProjectInspector - CommitPatch..........................................NOT RUN          
20:09:45.124 [main] INFO  f.i.s.r.p.i.ProjectInspector - WritePropertyFile....................................NOT RUN          
20:09:45.125 [main] INFO  f.i.s.r.p.i.ProjectInspector - CommitProcessEnd.....................................NOT RUN          
20:09:45.125 [main] INFO  f.i.s.r.p.i.ProjectInspector - PushProcessEnd.......................................NOT RUN          
20:09:45.125 [main] INFO  f.i.s.r.p.i.ProjectInspector - ----------------------------------------------------------------------
20:09:45.125 [main] INFO  f.i.s.r.p.i.ProjectInspector - PIPELINE FINDING: BUILDNOTCHECKEDOUT
20:09:45.125 [main] INFO  f.i.s.r.p.i.ProjectInspector - ----------------------------------------------------------------------
20:09:45.125 [main] INFO  f.i.s.repairnator.pipeline.Launcher - Inspector is finished. The process will exit now.
