18:50:23.415 [main] INFO  f.i.s.repairnator.pipeline.Launcher - PIPELINE VERSION: 3.0-2018-08-09 19:04
18:50:23.536 [main] INFO  f.i.s.repairnator.pipeline.Launcher - The pipeline will try to reproduce a bug from build 363655796 and its corresponding patch from build 363657974
18:50:23.536 [main] INFO  f.i.s.repairnator.pipeline.Launcher - Initialize file serializer engines.
18:50:23.538 [main] INFO  f.i.s.repairnator.pipeline.Launcher - MongoDB won't be used for serialization.
18:50:23.538 [main] INFO  f.i.s.repairnator.pipeline.Launcher - The email notifier engine won't be used.
18:50:23.541 [main] INFO  f.i.s.repairnator.pipeline.Launcher - Start by getting the build (buildId: 363655796) with the following config: RepairnatorConfig{runId='97c942ad-a60e-4cfe-b325-5fa5c5215b2e_04-18-week2-FAILING_AND_PASSING', launcherMode=BEARS, serializeJson=true, inputPath='null', outputPath='/var/log', mongodbHost='null', mongodbName='repairnator', smtpServer='null', notifyTo=[], notifyEndProcess=false, push=true, pushRemoteRepo='https://github.com/fermadeiral/bears-collection-fp', fork=false, lookFromDate=null, lookToDate=null, buildId=363655796, z3solverPath='./z3_for_linux', workspacePath='./workspace', githubToken='c8a341a903[...]', dockerImageName='null', skipDelete=false, createOutputDir=false, logDirectory='null', nbThreads=0, globalTimeout=0, whiteList=null, blackList=null, jobSleepTime=0, buildSleepTime=0, maxInspectedBuilds=0, duration=null, humanPatch=false, repository='null', clean=true, bearsMode=BOTH, bearsDelimiter = false, repairTools=NopolAllTests,NPEFix,AssertFixer,AstorJGenProg,AstorJKali,NopolSingleTest,AstorJMut,NopolTestExclusionStrategy, githubUserName= fermadeiral, githubUserEmail=fer.madeiral@gmail.com}
18:50:24.908 [main] DEBUG fr.inria.jtravis.helpers.BuildHelper - Get request to :https://api.travis-ci.org/build/363655796 done after 871 ms
18:50:25.128 [main] DEBUG fr.inria.jtravis.helpers.BuildHelper - Get request to :https://api.travis-ci.org/build/363657974 done after 140 ms
18:50:25.142 [main] INFO  f.i.s.repairnator.pipeline.Launcher - The patched build (363657974) was successfully retrieved from Travis.
18:50:26.208 [main] INFO  fr.inria.jtravis.JTravis - GitHub ratelimit: Limit: 5000 Remaining: 737 Reset hour: 19:38:29
18:50:26.666 [main] INFO  f.i.s.r.p.i.ProjectInspector - ----------------------------------------------------------------------
18:50:26.666 [main] INFO  f.i.s.r.p.i.ProjectInspector - PIPELINE STEPS
18:50:26.666 [main] INFO  f.i.s.r.p.i.ProjectInspector - ----------------------------------------------------------------------
18:50:26.666 [main] INFO  f.i.s.r.p.i.ProjectInspector - CloneRepository
18:50:26.666 [main] INFO  f.i.s.r.p.i.ProjectInspector - CheckoutBuggyBuildCandidate
18:50:26.667 [main] INFO  f.i.s.r.p.i.ProjectInspector - ComputeSourceDir
18:50:26.667 [main] INFO  f.i.s.r.p.i.ProjectInspector - ComputeTestDir
18:50:26.667 [main] INFO  f.i.s.r.p.i.ProjectInspector - BuildProjectBuggyBuildCandidate
18:50:26.667 [main] INFO  f.i.s.r.p.i.ProjectInspector - TestProjectBuggyBuildCandidate
18:50:26.667 [main] INFO  f.i.s.r.p.i.ProjectInspector - GatherTestInformationBuggyBuildCandidate
18:50:26.668 [main] INFO  f.i.s.r.p.i.ProjectInspector - InitRepoToPush
18:50:26.668 [main] INFO  f.i.s.r.p.i.ProjectInspector - ComputeClasspath
18:50:26.668 [main] INFO  f.i.s.r.p.i.ProjectInspector - ComputeModules
18:50:26.668 [main] INFO  f.i.s.r.p.i.ProjectInspector - CheckoutPatchedBuildCandidate
18:50:26.668 [main] INFO  f.i.s.r.p.i.ProjectInspector - BuildProjectPatchedBuildCandidate
18:50:26.668 [main] INFO  f.i.s.r.p.i.ProjectInspector - TestProjectPatchedBuildCandidate
18:50:26.669 [main] INFO  f.i.s.r.p.i.ProjectInspector - GatherTestInformationPatchedBuildCandidate
18:50:26.669 [main] INFO  f.i.s.r.p.i.ProjectInspector - CommitPatch
18:50:26.669 [main] INFO  f.i.s.r.p.i.ProjectInspector - WritePropertyFile
18:50:26.669 [main] INFO  f.i.s.r.p.i.ProjectInspector - CommitProcessEnd
18:50:26.669 [main] INFO  f.i.s.r.p.i.ProjectInspector - PushProcessEnd
18:50:26.670 [main] DEBUG f.i.s.r.process.step.CloneRepository - ----------------------------------------------------------------------
18:50:26.670 [main] DEBUG f.i.s.r.process.step.CloneRepository - STEP 1/18: CloneRepository
18:50:26.670 [main] DEBUG f.i.s.r.process.step.CloneRepository - ----------------------------------------------------------------------
18:50:26.671 [main] DEBUG f.i.s.r.process.step.CloneRepository - Cloning repository runelite/runelite in the following directory: ./workspace/runelite/runelite/363655796
18:50:39.270 [main] DEBUG f.i.s.r.process.step.CloneRepository - STEP STATUS: [ CloneRepository : SUCCESS ]
18:50:39.270 [main] DEBUG f.i.s.r.process.step.CloneRepository - STEP DURATION: 12s
18:50:39.271 [main] DEBUG f.i.s.r.process.step.CloneRepository - EXECUTE NEXT STEP
18:50:39.271 [main] DEBUG f.i.s.r.p.s.c.CheckoutBuggyBuild - ----------------------------------------------------------------------
18:50:39.271 [main] DEBUG f.i.s.r.p.s.c.CheckoutBuggyBuild - STEP 2/18: CheckoutBuggyBuildCandidate
18:50:39.271 [main] DEBUG f.i.s.r.p.s.c.CheckoutBuggyBuild - ----------------------------------------------------------------------
18:50:39.272 [main] DEBUG f.i.s.r.p.s.c.CheckoutBuggyBuild - Checking out buggy build candidate...
18:50:39.586 [main] INFO  fr.inria.jtravis.JTravis - GitHub ratelimit: Limit: 5000 Remaining: 690 Reset hour: 19:38:29
18:50:39.994 [main] WARN  f.i.j.helpers.PullRequestHelper - The head repository is null: maybe it has been deleted from GitHub
18:50:39.994 [main] ERROR f.i.s.r.p.s.c.CheckoutBuggyBuild - Error while getting PR information.
18:50:39.995 [main] DEBUG f.i.s.r.p.s.c.CheckoutBuggyBuild - STEP STATUS: [ CheckoutBuggyBuildCandidate : FAILURE ( BUILDNOTCHECKEDOUT ) ]
18:50:39.996 [main] DEBUG f.i.s.r.p.s.c.CheckoutBuggyBuild - STEP DURATION: 0s
18:50:39.996 [main] DEBUG f.i.s.r.p.s.c.CheckoutBuggyBuild - TERMINATE PIPELINE
18:50:39.997 [main] DEBUG f.i.s.r.p.s.c.CheckoutBuggyBuild - FINAL STEPS SKIPPED: The reproduction of the bug and/or the patch failed.
18:50:39.997 [main] INFO  f.i.s.r.p.s.c.CheckoutBuggyBuild - Serialize all data for the pair of builds 363655796, 363657974
18:50:40.112 [main] INFO  fr.inria.jtravis.JTravis - GitHub ratelimit: Limit: 5000 Remaining: 686 Reset hour: 19:38:29
18:50:41.169 [main] INFO  f.i.s.r.p.i.ProjectInspector - ----------------------------------------------------------------------
18:50:41.170 [main] INFO  f.i.s.r.p.i.ProjectInspector - PIPELINE EXECUTION SUMMARY
18:50:41.170 [main] INFO  f.i.s.r.p.i.ProjectInspector - ----------------------------------------------------------------------
18:50:41.170 [main] INFO  f.i.s.r.p.i.ProjectInspector - CloneRepository.......................................SUCCESS [ 12 s ]
18:50:41.171 [main] INFO  f.i.s.r.p.i.ProjectInspector - CheckoutBuggyBuildCandidate...........................FAILURE [  0 s ]
18:50:41.171 [main] INFO  f.i.s.r.p.i.ProjectInspector - ComputeSourceDir......................................NOT RUN         
18:50:41.171 [main] INFO  f.i.s.r.p.i.ProjectInspector - ComputeTestDir........................................NOT RUN         
18:50:41.171 [main] INFO  f.i.s.r.p.i.ProjectInspector - BuildProjectBuggyBuildCandidate.......................NOT RUN         
18:50:41.171 [main] INFO  f.i.s.r.p.i.ProjectInspector - TestProjectBuggyBuildCandidate........................NOT RUN         
18:50:41.171 [main] INFO  f.i.s.r.p.i.ProjectInspector - GatherTestInformationBuggyBuildCandidate..............NOT RUN         
18:50:41.172 [main] INFO  f.i.s.r.p.i.ProjectInspector - InitRepoToPush........................................NOT RUN         
18:50:41.172 [main] INFO  f.i.s.r.p.i.ProjectInspector - ComputeClasspath......................................NOT RUN         
18:50:41.172 [main] INFO  f.i.s.r.p.i.ProjectInspector - ComputeModules........................................NOT RUN         
18:50:41.172 [main] INFO  f.i.s.r.p.i.ProjectInspector - CheckoutPatchedBuildCandidate.........................NOT RUN         
18:50:41.172 [main] INFO  f.i.s.r.p.i.ProjectInspector - BuildProjectPatchedBuildCandidate.....................NOT RUN         
18:50:41.173 [main] INFO  f.i.s.r.p.i.ProjectInspector - TestProjectPatchedBuildCandidate......................NOT RUN         
18:50:41.173 [main] INFO  f.i.s.r.p.i.ProjectInspector - GatherTestInformationPatchedBuildCandidate............NOT RUN         
18:50:41.173 [main] INFO  f.i.s.r.p.i.ProjectInspector - CommitPatch...........................................NOT RUN         
18:50:41.173 [main] INFO  f.i.s.r.p.i.ProjectInspector - WritePropertyFile.....................................NOT RUN         
18:50:41.173 [main] INFO  f.i.s.r.p.i.ProjectInspector - CommitProcessEnd......................................NOT RUN         
18:50:41.174 [main] INFO  f.i.s.r.p.i.ProjectInspector - PushProcessEnd........................................NOT RUN         
18:50:41.174 [main] INFO  f.i.s.r.p.i.ProjectInspector - ----------------------------------------------------------------------
18:50:41.174 [main] INFO  f.i.s.r.p.i.ProjectInspector - PIPELINE FINDING: BUILDNOTCHECKEDOUT
18:50:41.174 [main] INFO  f.i.s.r.p.i.ProjectInspector - ----------------------------------------------------------------------
18:50:41.175 [main] INFO  f.i.s.repairnator.pipeline.Launcher - Inspector is finished. The process will exit now.
