18:41:22.092 [main] INFO  f.i.s.repairnator.pipeline.Launcher - PIPELINE VERSION: 3.0-2018-08-09 19:04
18:41:22.207 [main] INFO  f.i.s.repairnator.pipeline.Launcher - The pipeline will try to reproduce a bug from build 363949824 and its corresponding patch from build 363954147
18:41:22.208 [main] INFO  f.i.s.repairnator.pipeline.Launcher - Initialize file serializer engines.
18:41:22.209 [main] INFO  f.i.s.repairnator.pipeline.Launcher - MongoDB won't be used for serialization.
18:41:22.210 [main] INFO  f.i.s.repairnator.pipeline.Launcher - The email notifier engine won't be used.
18:41:22.230 [main] INFO  f.i.s.repairnator.pipeline.Launcher - Start by getting the build (buildId: 363949824) with the following config: RepairnatorConfig{runId='97c942ad-a60e-4cfe-b325-5fa5c5215b2e_04-18-week2-FAILING_AND_PASSING', launcherMode=BEARS, serializeJson=true, inputPath='null', outputPath='/var/log', mongodbHost='null', mongodbName='repairnator', smtpServer='null', notifyTo=[], notifyEndProcess=false, push=true, pushRemoteRepo='https://github.com/fermadeiral/bears-collection-fp', fork=false, lookFromDate=null, lookToDate=null, buildId=363949824, z3solverPath='./z3_for_linux', workspacePath='./workspace', githubToken='c8a341a903[...]', dockerImageName='null', skipDelete=false, createOutputDir=false, logDirectory='null', nbThreads=0, globalTimeout=0, whiteList=null, blackList=null, jobSleepTime=0, buildSleepTime=0, maxInspectedBuilds=0, duration=null, humanPatch=false, repository='null', clean=true, bearsMode=BOTH, bearsDelimiter = false, repairTools=NopolAllTests,NPEFix,AssertFixer,AstorJGenProg,AstorJKali,NopolSingleTest,AstorJMut,NopolTestExclusionStrategy, githubUserName= fermadeiral, githubUserEmail=fer.madeiral@gmail.com}
18:41:23.443 [main] DEBUG fr.inria.jtravis.helpers.BuildHelper - Get request to :https://api.travis-ci.org/build/363949824 done after 779 ms
18:41:23.714 [main] DEBUG fr.inria.jtravis.helpers.BuildHelper - Get request to :https://api.travis-ci.org/build/363954147 done after 134 ms
18:41:23.731 [main] INFO  f.i.s.repairnator.pipeline.Launcher - The patched build (363954147) was successfully retrieved from Travis.
18:41:24.949 [main] INFO  fr.inria.jtravis.JTravis - GitHub ratelimit: Limit: 5000 Remaining: 2459 Reset hour: 19:38:29
18:41:25.184 [main] INFO  f.i.s.r.p.i.ProjectInspector - ----------------------------------------------------------------------
18:41:25.185 [main] INFO  f.i.s.r.p.i.ProjectInspector - PIPELINE STEPS
18:41:25.185 [main] INFO  f.i.s.r.p.i.ProjectInspector - ----------------------------------------------------------------------
18:41:25.185 [main] INFO  f.i.s.r.p.i.ProjectInspector - CloneRepository
18:41:25.185 [main] INFO  f.i.s.r.p.i.ProjectInspector - CheckoutBuggyBuildCandidate
18:41:25.185 [main] INFO  f.i.s.r.p.i.ProjectInspector - ComputeSourceDir
18:41:25.186 [main] INFO  f.i.s.r.p.i.ProjectInspector - ComputeTestDir
18:41:25.186 [main] INFO  f.i.s.r.p.i.ProjectInspector - BuildProjectBuggyBuildCandidate
18:41:25.186 [main] INFO  f.i.s.r.p.i.ProjectInspector - TestProjectBuggyBuildCandidate
18:41:25.186 [main] INFO  f.i.s.r.p.i.ProjectInspector - GatherTestInformationBuggyBuildCandidate
18:41:25.186 [main] INFO  f.i.s.r.p.i.ProjectInspector - InitRepoToPush
18:41:25.186 [main] INFO  f.i.s.r.p.i.ProjectInspector - ComputeClasspath
18:41:25.186 [main] INFO  f.i.s.r.p.i.ProjectInspector - ComputeModules
18:41:25.187 [main] INFO  f.i.s.r.p.i.ProjectInspector - CheckoutPatchedBuildCandidate
18:41:25.187 [main] INFO  f.i.s.r.p.i.ProjectInspector - BuildProjectPatchedBuildCandidate
18:41:25.187 [main] INFO  f.i.s.r.p.i.ProjectInspector - TestProjectPatchedBuildCandidate
18:41:25.187 [main] INFO  f.i.s.r.p.i.ProjectInspector - GatherTestInformationPatchedBuildCandidate
18:41:25.187 [main] INFO  f.i.s.r.p.i.ProjectInspector - CommitPatch
18:41:25.187 [main] INFO  f.i.s.r.p.i.ProjectInspector - WritePropertyFile
18:41:25.187 [main] INFO  f.i.s.r.p.i.ProjectInspector - CommitProcessEnd
18:41:25.188 [main] INFO  f.i.s.r.p.i.ProjectInspector - PushProcessEnd
18:41:25.188 [main] DEBUG f.i.s.r.process.step.CloneRepository - ----------------------------------------------------------------------
18:41:25.188 [main] DEBUG f.i.s.r.process.step.CloneRepository - STEP 1/18: CloneRepository
18:41:25.189 [main] DEBUG f.i.s.r.process.step.CloneRepository - ----------------------------------------------------------------------
18:41:25.189 [main] DEBUG f.i.s.r.process.step.CloneRepository - Cloning repository batfish/batfish in the following directory: ./workspace/batfish/batfish/363949824
18:42:19.445 [main] DEBUG f.i.s.r.process.step.CloneRepository - STEP STATUS: [ CloneRepository : SUCCESS ]
18:42:19.446 [main] DEBUG f.i.s.r.process.step.CloneRepository - STEP DURATION: 54s
18:42:19.446 [main] DEBUG f.i.s.r.process.step.CloneRepository - EXECUTE NEXT STEP
18:42:19.446 [main] DEBUG f.i.s.r.p.s.c.CheckoutBuggyBuild - ----------------------------------------------------------------------
18:42:19.446 [main] DEBUG f.i.s.r.p.s.c.CheckoutBuggyBuild - STEP 2/18: CheckoutBuggyBuildCandidate
18:42:19.446 [main] DEBUG f.i.s.r.p.s.c.CheckoutBuggyBuild - ----------------------------------------------------------------------
18:42:19.447 [main] DEBUG f.i.s.r.p.s.c.CheckoutBuggyBuild - Checking out buggy build candidate...
18:42:19.462 [main] ERROR f.i.s.r.p.s.c.CheckoutBuggyBuild - Error while testing commit: org.eclipse.jgit.errors.MissingObjectException: Missing unknown a985d97f8ac1f643d180d2523a987bb5eaa0ef48
18:42:19.462 [main] ERROR f.i.s.r.p.s.c.CheckoutBuggyBuild - Error while getting the commit to checkout from the repo.
18:42:19.463 [main] DEBUG f.i.s.r.p.s.c.CheckoutBuggyBuild - STEP STATUS: [ CheckoutBuggyBuildCandidate : FAILURE ( BUILDNOTCHECKEDOUT ) ]
18:42:19.463 [main] DEBUG f.i.s.r.p.s.c.CheckoutBuggyBuild - STEP DURATION: 0s
18:42:19.464 [main] DEBUG f.i.s.r.p.s.c.CheckoutBuggyBuild - TERMINATE PIPELINE
18:42:19.464 [main] DEBUG f.i.s.r.p.s.c.CheckoutBuggyBuild - FINAL STEPS SKIPPED: The reproduction of the bug and/or the patch failed.
18:42:19.464 [main] INFO  f.i.s.r.p.s.c.CheckoutBuggyBuild - Serialize all data for the pair of builds 363949824, 363954147
18:42:19.780 [main] INFO  fr.inria.jtravis.JTravis - GitHub ratelimit: Limit: 5000 Remaining: 2297 Reset hour: 19:38:29
18:42:20.939 [main] INFO  f.i.s.r.p.i.ProjectInspector - ----------------------------------------------------------------------
18:42:20.939 [main] INFO  f.i.s.r.p.i.ProjectInspector - PIPELINE EXECUTION SUMMARY
18:42:20.940 [main] INFO  f.i.s.r.p.i.ProjectInspector - ----------------------------------------------------------------------
18:42:20.940 [main] INFO  f.i.s.r.p.i.ProjectInspector - CloneRepository.......................................SUCCESS [ 54 s ]
18:42:20.941 [main] INFO  f.i.s.r.p.i.ProjectInspector - CheckoutBuggyBuildCandidate...........................FAILURE [  0 s ]
18:42:20.941 [main] INFO  f.i.s.r.p.i.ProjectInspector - ComputeSourceDir......................................NOT RUN         
18:42:20.942 [main] INFO  f.i.s.r.p.i.ProjectInspector - ComputeTestDir........................................NOT RUN         
18:42:20.942 [main] INFO  f.i.s.r.p.i.ProjectInspector - BuildProjectBuggyBuildCandidate.......................NOT RUN         
18:42:20.942 [main] INFO  f.i.s.r.p.i.ProjectInspector - TestProjectBuggyBuildCandidate........................NOT RUN         
18:42:20.943 [main] INFO  f.i.s.r.p.i.ProjectInspector - GatherTestInformationBuggyBuildCandidate..............NOT RUN         
18:42:20.943 [main] INFO  f.i.s.r.p.i.ProjectInspector - InitRepoToPush........................................NOT RUN         
18:42:20.944 [main] INFO  f.i.s.r.p.i.ProjectInspector - ComputeClasspath......................................NOT RUN         
18:42:20.944 [main] INFO  f.i.s.r.p.i.ProjectInspector - ComputeModules........................................NOT RUN         
18:42:20.945 [main] INFO  f.i.s.r.p.i.ProjectInspector - CheckoutPatchedBuildCandidate.........................NOT RUN         
18:42:20.946 [main] INFO  f.i.s.r.p.i.ProjectInspector - BuildProjectPatchedBuildCandidate.....................NOT RUN         
18:42:20.947 [main] INFO  f.i.s.r.p.i.ProjectInspector - TestProjectPatchedBuildCandidate......................NOT RUN         
18:42:20.948 [main] INFO  f.i.s.r.p.i.ProjectInspector - GatherTestInformationPatchedBuildCandidate............NOT RUN         
18:42:20.949 [main] INFO  f.i.s.r.p.i.ProjectInspector - CommitPatch...........................................NOT RUN         
18:42:20.950 [main] INFO  f.i.s.r.p.i.ProjectInspector - WritePropertyFile.....................................NOT RUN         
18:42:20.950 [main] INFO  f.i.s.r.p.i.ProjectInspector - CommitProcessEnd......................................NOT RUN         
18:42:20.950 [main] INFO  f.i.s.r.p.i.ProjectInspector - PushProcessEnd........................................NOT RUN         
18:42:20.951 [main] INFO  f.i.s.r.p.i.ProjectInspector - ----------------------------------------------------------------------
18:42:20.952 [main] INFO  f.i.s.r.p.i.ProjectInspector - PIPELINE FINDING: BUILDNOTCHECKEDOUT
18:42:20.952 [main] INFO  f.i.s.r.p.i.ProjectInspector - ----------------------------------------------------------------------
18:42:20.952 [main] INFO  f.i.s.repairnator.pipeline.Launcher - Inspector is finished. The process will exit now.
