05:37:48.625 [main] INFO  f.i.s.repairnator.pipeline.Launcher - PIPELINE VERSION: 3.0-2018-08-09 19:04
05:37:48.754 [main] INFO  f.i.s.repairnator.pipeline.Launcher - The pipeline will try to reproduce a bug from build 345770478 and its corresponding patch from build 346443121
05:37:48.754 [main] INFO  f.i.s.repairnator.pipeline.Launcher - Initialize file serializer engines.
05:37:48.756 [main] INFO  f.i.s.repairnator.pipeline.Launcher - MongoDB won't be used for serialization.
05:37:48.756 [main] INFO  f.i.s.repairnator.pipeline.Launcher - The email notifier engine won't be used.
05:37:48.766 [main] INFO  f.i.s.repairnator.pipeline.Launcher - Start by getting the build (buildId: 345770478) with the following config: RepairnatorConfig{runId='4d8bbe69-14c6-4f1d-8f48-402227d2aba3_02-18-week4-PASSING_AND_PASSING', launcherMode=BEARS, serializeJson=true, inputPath='null', outputPath='/var/log', mongodbHost='null', mongodbName='repairnator', smtpServer='null', notifyTo=[], notifyEndProcess=false, push=true, pushRemoteRepo='https://github.com/fermadeiral/bears-collection-pp', fork=false, lookFromDate=null, lookToDate=null, buildId=345770478, z3solverPath='./z3_for_linux', workspacePath='./workspace', githubToken='c8a341a903[...]', dockerImageName='null', skipDelete=false, createOutputDir=false, logDirectory='null', nbThreads=0, globalTimeout=0, whiteList=null, blackList=null, jobSleepTime=0, buildSleepTime=0, maxInspectedBuilds=0, duration=null, humanPatch=false, repository='null', clean=true, bearsMode=BOTH, bearsDelimiter = false, repairTools=NopolAllTests,NPEFix,AssertFixer,AstorJGenProg,AstorJKali,NopolSingleTest,AstorJMut,NopolTestExclusionStrategy, githubUserName= fermadeiral, githubUserEmail=fer.madeiral@gmail.com}
05:37:50.285 [main] DEBUG fr.inria.jtravis.helpers.BuildHelper - Get request to :https://api.travis-ci.org/build/345770478 done after 865 ms
05:37:50.530 [main] DEBUG fr.inria.jtravis.helpers.BuildHelper - Get request to :https://api.travis-ci.org/build/346443121 done after 131 ms
05:37:50.552 [main] INFO  f.i.s.repairnator.pipeline.Launcher - The patched build (346443121) was successfully retrieved from Travis.
05:37:51.580 [main] INFO  fr.inria.jtravis.JTravis - GitHub ratelimit: Limit: 5000 Remaining: 4757 Reset hour: 19:27:37
05:37:51.935 [main] INFO  f.i.s.r.p.i.ProjectInspector - ----------------------------------------------------------------------
05:37:51.936 [main] INFO  f.i.s.r.p.i.ProjectInspector - PIPELINE STEPS
05:37:51.937 [main] INFO  f.i.s.r.p.i.ProjectInspector - ----------------------------------------------------------------------
05:37:51.937 [main] INFO  f.i.s.r.p.i.ProjectInspector - CloneRepository
05:37:51.938 [main] INFO  f.i.s.r.p.i.ProjectInspector - CheckoutPatchedBuildCandidate
05:37:51.938 [main] INFO  f.i.s.r.p.i.ProjectInspector - ComputeSourceDir
05:37:51.939 [main] INFO  f.i.s.r.p.i.ProjectInspector - ComputeTestDir
05:37:51.939 [main] INFO  f.i.s.r.p.i.ProjectInspector - CheckoutBuggyBuildCandidateSourceCode
05:37:51.940 [main] INFO  f.i.s.r.p.i.ProjectInspector - BuildProjectBuggyBuildCandidateSourceCode
05:37:51.940 [main] INFO  f.i.s.r.p.i.ProjectInspector - TestProjectBuggyBuildCandidateSourceCode
05:37:51.941 [main] INFO  f.i.s.r.p.i.ProjectInspector - GatherTestInformationBuggyBuildCandidateSourceCode
05:37:51.941 [main] INFO  f.i.s.r.p.i.ProjectInspector - CheckoutBuggyBuildTestCode
05:37:51.942 [main] INFO  f.i.s.r.p.i.ProjectInspector - InitRepoToPush
05:37:51.942 [main] INFO  f.i.s.r.p.i.ProjectInspector - ComputeClasspath
05:37:51.943 [main] INFO  f.i.s.r.p.i.ProjectInspector - ComputeModules
05:37:51.944 [main] INFO  f.i.s.r.p.i.ProjectInspector - CheckoutBuggyBuildCandidateSourceCode
05:37:51.944 [main] INFO  f.i.s.r.p.i.ProjectInspector - CommitChangedTests
05:37:51.944 [main] INFO  f.i.s.r.p.i.ProjectInspector - CheckoutPatchedBuildCandidate
05:37:51.945 [main] INFO  f.i.s.r.p.i.ProjectInspector - BuildProjectPatchedBuildCandidate
05:37:51.945 [main] INFO  f.i.s.r.p.i.ProjectInspector - TestProjectPatchedBuildCandidate
05:37:51.946 [main] INFO  f.i.s.r.p.i.ProjectInspector - GatherTestInformationPatchedBuildCandidate
05:37:51.946 [main] INFO  f.i.s.r.p.i.ProjectInspector - CommitPatch
05:37:51.947 [main] INFO  f.i.s.r.p.i.ProjectInspector - WritePropertyFile
05:37:51.947 [main] INFO  f.i.s.r.p.i.ProjectInspector - CommitProcessEnd
05:37:51.948 [main] INFO  f.i.s.r.p.i.ProjectInspector - PushProcessEnd
05:37:51.949 [main] DEBUG f.i.s.r.process.step.CloneRepository - ----------------------------------------------------------------------
05:37:51.950 [main] DEBUG f.i.s.r.process.step.CloneRepository - STEP 1/22: CloneRepository
05:37:51.950 [main] DEBUG f.i.s.r.process.step.CloneRepository - ----------------------------------------------------------------------
05:37:51.951 [main] DEBUG f.i.s.r.process.step.CloneRepository - Cloning repository runelite/runelite in the following directory: ./workspace/runelite/runelite/345770478
05:38:02.657 [main] DEBUG f.i.s.r.process.step.CloneRepository - STEP STATUS: [ CloneRepository : SUCCESS ]
05:38:02.657 [main] DEBUG f.i.s.r.process.step.CloneRepository - STEP DURATION: 10s
05:38:02.658 [main] DEBUG f.i.s.r.process.step.CloneRepository - EXECUTE NEXT STEP
05:38:02.658 [main] DEBUG f.i.s.r.p.s.c.CheckoutPatchedBuild - ----------------------------------------------------------------------
05:38:02.659 [main] DEBUG f.i.s.r.p.s.c.CheckoutPatchedBuild - STEP 2/22: CheckoutPatchedBuildCandidate
05:38:02.659 [main] DEBUG f.i.s.r.p.s.c.CheckoutPatchedBuild - ----------------------------------------------------------------------
05:38:02.659 [main] DEBUG f.i.s.r.p.s.c.CheckoutPatchedBuild - Checking out patched build candidate...
05:38:02.979 [main] INFO  fr.inria.jtravis.JTravis - GitHub ratelimit: Limit: 5000 Remaining: 4756 Reset hour: 19:27:37
05:38:03.379 [main] WARN  f.i.j.helpers.PullRequestHelper - The head repository is null: maybe it has been deleted from GitHub
05:38:03.380 [main] ERROR f.i.s.r.p.s.c.CheckoutPatchedBuild - Error while getting PR information.
05:38:03.381 [main] DEBUG f.i.s.r.p.s.c.CheckoutPatchedBuild - STEP STATUS: [ CheckoutPatchedBuildCandidate : FAILURE ( BUILDNOTCHECKEDOUT ) ]
05:38:03.381 [main] DEBUG f.i.s.r.p.s.c.CheckoutPatchedBuild - STEP DURATION: 0s
05:38:03.382 [main] DEBUG f.i.s.r.p.s.c.CheckoutPatchedBuild - TERMINATE PIPELINE
05:38:03.382 [main] DEBUG f.i.s.r.p.s.c.CheckoutPatchedBuild - FINAL STEPS SKIPPED: The reproduction of the bug and/or the patch failed.
05:38:03.383 [main] INFO  f.i.s.r.p.s.c.CheckoutPatchedBuild - Serialize all data for the pair of builds 345770478, 346443121
05:38:03.503 [main] INFO  fr.inria.jtravis.JTravis - GitHub ratelimit: Limit: 5000 Remaining: 4754 Reset hour: 19:27:37
05:38:04.382 [main] INFO  f.i.s.r.p.i.ProjectInspector - ----------------------------------------------------------------------
05:38:04.382 [main] INFO  f.i.s.r.p.i.ProjectInspector - PIPELINE EXECUTION SUMMARY
05:38:04.383 [main] INFO  f.i.s.r.p.i.ProjectInspector - ----------------------------------------------------------------------
05:38:04.383 [main] INFO  f.i.s.r.p.i.ProjectInspector - CloneRepository.......................................SUCCESS [ 10 s ]
05:38:04.384 [main] INFO  f.i.s.r.p.i.ProjectInspector - CheckoutPatchedBuildCandidate.........................FAILURE [  0 s ]
05:38:04.384 [main] INFO  f.i.s.r.p.i.ProjectInspector - ComputeSourceDir......................................NOT RUN         
05:38:04.384 [main] INFO  f.i.s.r.p.i.ProjectInspector - ComputeTestDir........................................NOT RUN         
05:38:04.385 [main] INFO  f.i.s.r.p.i.ProjectInspector - CheckoutBuggyBuildCandidateSourceCode.................NOT RUN         
05:38:04.385 [main] INFO  f.i.s.r.p.i.ProjectInspector - BuildProjectBuggyBuildCandidateSourceCode.............NOT RUN         
05:38:04.386 [main] INFO  f.i.s.r.p.i.ProjectInspector - TestProjectBuggyBuildCandidateSourceCode..............NOT RUN         
05:38:04.387 [main] INFO  f.i.s.r.p.i.ProjectInspector - GatherTestInformationBuggyBuildCandidateSourceCode....NOT RUN         
05:38:04.387 [main] INFO  f.i.s.r.p.i.ProjectInspector - CheckoutBuggyBuildTestCode............................NOT RUN         
05:38:04.387 [main] INFO  f.i.s.r.p.i.ProjectInspector - InitRepoToPush........................................NOT RUN         
05:38:04.388 [main] INFO  f.i.s.r.p.i.ProjectInspector - ComputeClasspath......................................NOT RUN         
05:38:04.389 [main] INFO  f.i.s.r.p.i.ProjectInspector - ComputeModules........................................NOT RUN         
05:38:04.389 [main] INFO  f.i.s.r.p.i.ProjectInspector - CheckoutBuggyBuildCandidateSourceCode.................NOT RUN         
05:38:04.389 [main] INFO  f.i.s.r.p.i.ProjectInspector - CommitChangedTests....................................NOT RUN         
05:38:04.390 [main] INFO  f.i.s.r.p.i.ProjectInspector - CheckoutPatchedBuildCandidate.........................NOT RUN         
05:38:04.390 [main] INFO  f.i.s.r.p.i.ProjectInspector - BuildProjectPatchedBuildCandidate.....................NOT RUN         
05:38:04.390 [main] INFO  f.i.s.r.p.i.ProjectInspector - TestProjectPatchedBuildCandidate......................NOT RUN         
05:38:04.391 [main] INFO  f.i.s.r.p.i.ProjectInspector - GatherTestInformationPatchedBuildCandidate............NOT RUN         
05:38:04.391 [main] INFO  f.i.s.r.p.i.ProjectInspector - CommitPatch...........................................NOT RUN         
05:38:04.391 [main] INFO  f.i.s.r.p.i.ProjectInspector - WritePropertyFile.....................................NOT RUN         
05:38:04.391 [main] INFO  f.i.s.r.p.i.ProjectInspector - CommitProcessEnd......................................NOT RUN         
05:38:04.392 [main] INFO  f.i.s.r.p.i.ProjectInspector - PushProcessEnd........................................NOT RUN         
05:38:04.392 [main] INFO  f.i.s.r.p.i.ProjectInspector - ----------------------------------------------------------------------
05:38:04.392 [main] INFO  f.i.s.r.p.i.ProjectInspector - PIPELINE FINDING: BUILDNOTCHECKEDOUT
05:38:04.393 [main] INFO  f.i.s.r.p.i.ProjectInspector - ----------------------------------------------------------------------
05:38:04.393 [main] INFO  f.i.s.repairnator.pipeline.Launcher - Inspector is finished. The process will exit now.
