04:22:39.604 [main] INFO  f.i.s.repairnator.pipeline.Launcher - PIPELINE VERSION: 3.0-2018-08-09 19:04
04:22:39.754 [main] INFO  f.i.s.repairnator.pipeline.Launcher - The pipeline will try to reproduce a bug from build 345411786 and its corresponding patch from build 345411989
04:22:39.755 [main] INFO  f.i.s.repairnator.pipeline.Launcher - Initialize file serializer engines.
04:22:39.756 [main] INFO  f.i.s.repairnator.pipeline.Launcher - MongoDB won't be used for serialization.
04:22:39.757 [main] INFO  f.i.s.repairnator.pipeline.Launcher - The email notifier engine won't be used.
04:22:39.766 [main] INFO  f.i.s.repairnator.pipeline.Launcher - Start by getting the build (buildId: 345411786) with the following config: RepairnatorConfig{runId='4d8bbe69-14c6-4f1d-8f48-402227d2aba3_02-18-week4-PASSING_AND_PASSING', launcherMode=BEARS, serializeJson=true, inputPath='null', outputPath='/var/log', mongodbHost='null', mongodbName='repairnator', smtpServer='null', notifyTo=[], notifyEndProcess=false, push=true, pushRemoteRepo='https://github.com/fermadeiral/bears-collection-pp', fork=false, lookFromDate=null, lookToDate=null, buildId=345411786, z3solverPath='./z3_for_linux', workspacePath='./workspace', githubToken='c8a341a903[...]', dockerImageName='null', skipDelete=false, createOutputDir=false, logDirectory='null', nbThreads=0, globalTimeout=0, whiteList=null, blackList=null, jobSleepTime=0, buildSleepTime=0, maxInspectedBuilds=0, duration=null, humanPatch=false, repository='null', clean=true, bearsMode=BOTH, bearsDelimiter = false, repairTools=NopolAllTests,NPEFix,AssertFixer,AstorJGenProg,AstorJKali,NopolSingleTest,AstorJMut,NopolTestExclusionStrategy, githubUserName= fermadeiral, githubUserEmail=fer.madeiral@gmail.com}
04:22:41.210 [main] DEBUG fr.inria.jtravis.helpers.BuildHelper - Get request to :https://api.travis-ci.org/build/345411786 done after 864 ms
04:22:41.524 [main] DEBUG fr.inria.jtravis.helpers.BuildHelper - Get request to :https://api.travis-ci.org/build/345411989 done after 150 ms
04:22:41.538 [main] INFO  f.i.s.repairnator.pipeline.Launcher - The patched build (345411989) was successfully retrieved from Travis.
04:22:42.861 [main] INFO  fr.inria.jtravis.JTravis - GitHub ratelimit: Limit: 5000 Remaining: 4272 Reset hour: 19:27:30
04:22:43.186 [main] INFO  f.i.s.r.p.i.ProjectInspector - ----------------------------------------------------------------------
04:22:43.187 [main] INFO  f.i.s.r.p.i.ProjectInspector - PIPELINE STEPS
04:22:43.187 [main] INFO  f.i.s.r.p.i.ProjectInspector - ----------------------------------------------------------------------
04:22:43.187 [main] INFO  f.i.s.r.p.i.ProjectInspector - CloneRepository
04:22:43.187 [main] INFO  f.i.s.r.p.i.ProjectInspector - CheckoutPatchedBuildCandidate
04:22:43.187 [main] INFO  f.i.s.r.p.i.ProjectInspector - ComputeSourceDir
04:22:43.187 [main] INFO  f.i.s.r.p.i.ProjectInspector - ComputeTestDir
04:22:43.187 [main] INFO  f.i.s.r.p.i.ProjectInspector - CheckoutBuggyBuildCandidateSourceCode
04:22:43.188 [main] INFO  f.i.s.r.p.i.ProjectInspector - BuildProjectBuggyBuildCandidateSourceCode
04:22:43.188 [main] INFO  f.i.s.r.p.i.ProjectInspector - TestProjectBuggyBuildCandidateSourceCode
04:22:43.188 [main] INFO  f.i.s.r.p.i.ProjectInspector - GatherTestInformationBuggyBuildCandidateSourceCode
04:22:43.188 [main] INFO  f.i.s.r.p.i.ProjectInspector - CheckoutBuggyBuildTestCode
04:22:43.188 [main] INFO  f.i.s.r.p.i.ProjectInspector - InitRepoToPush
04:22:43.188 [main] INFO  f.i.s.r.p.i.ProjectInspector - ComputeClasspath
04:22:43.188 [main] INFO  f.i.s.r.p.i.ProjectInspector - ComputeModules
04:22:43.188 [main] INFO  f.i.s.r.p.i.ProjectInspector - CheckoutBuggyBuildCandidateSourceCode
04:22:43.188 [main] INFO  f.i.s.r.p.i.ProjectInspector - CommitChangedTests
04:22:43.189 [main] INFO  f.i.s.r.p.i.ProjectInspector - CheckoutPatchedBuildCandidate
04:22:43.189 [main] INFO  f.i.s.r.p.i.ProjectInspector - BuildProjectPatchedBuildCandidate
04:22:43.191 [main] INFO  f.i.s.r.p.i.ProjectInspector - TestProjectPatchedBuildCandidate
04:22:43.191 [main] INFO  f.i.s.r.p.i.ProjectInspector - GatherTestInformationPatchedBuildCandidate
04:22:43.192 [main] INFO  f.i.s.r.p.i.ProjectInspector - CommitPatch
04:22:43.192 [main] INFO  f.i.s.r.p.i.ProjectInspector - WritePropertyFile
04:22:43.192 [main] INFO  f.i.s.r.p.i.ProjectInspector - CommitProcessEnd
04:22:43.192 [main] INFO  f.i.s.r.p.i.ProjectInspector - PushProcessEnd
04:22:43.193 [main] DEBUG f.i.s.r.process.step.CloneRepository - ----------------------------------------------------------------------
04:22:43.193 [main] DEBUG f.i.s.r.process.step.CloneRepository - STEP 1/22: CloneRepository
04:22:43.194 [main] DEBUG f.i.s.r.process.step.CloneRepository - ----------------------------------------------------------------------
04:22:43.194 [main] DEBUG f.i.s.r.process.step.CloneRepository - Cloning repository batfish/batfish in the following directory: ./workspace/batfish/batfish/345411786
04:23:40.776 [main] DEBUG f.i.s.r.process.step.CloneRepository - STEP STATUS: [ CloneRepository : SUCCESS ]
04:23:40.776 [main] DEBUG f.i.s.r.process.step.CloneRepository - STEP DURATION: 57s
04:23:40.777 [main] DEBUG f.i.s.r.process.step.CloneRepository - EXECUTE NEXT STEP
04:23:40.777 [main] DEBUG f.i.s.r.p.s.c.CheckoutPatchedBuild - ----------------------------------------------------------------------
04:23:40.777 [main] DEBUG f.i.s.r.p.s.c.CheckoutPatchedBuild - STEP 2/22: CheckoutPatchedBuildCandidate
04:23:40.778 [main] DEBUG f.i.s.r.p.s.c.CheckoutPatchedBuild - ----------------------------------------------------------------------
04:23:40.778 [main] DEBUG f.i.s.r.p.s.c.CheckoutPatchedBuild - Checking out patched build candidate...
04:23:41.129 [main] INFO  fr.inria.jtravis.JTravis - GitHub ratelimit: Limit: 5000 Remaining: 4269 Reset hour: 19:27:30
04:23:43.464 [main] DEBUG f.i.s.r.p.s.c.CheckoutPatchedBuild - Reproduce the PR for batfish/batfish by fetching remote branch and merging.
04:23:44.434 [main] ERROR f.i.s.r.p.s.c.CheckoutPatchedBuild - Error while testing commit: org.eclipse.jgit.errors.MissingObjectException: Missing unknown ce3a181a8ffa28428e228afad5c937d8a24dd9c0
04:23:44.436 [main] ERROR f.i.s.r.p.s.c.CheckoutPatchedBuild - Commit head ref cannot be retrieved from the repository: ce3a181a8ffa28428e228afad5c937d8a24dd9c0. Operation aborted.
04:23:44.436 [main] ERROR f.i.s.r.p.s.c.CheckoutPatchedBuild - Error while merging two commits to reproduce the PR.
04:23:44.437 [main] DEBUG f.i.s.r.p.s.c.CheckoutPatchedBuild - STEP STATUS: [ CheckoutPatchedBuildCandidate : FAILURE ( BUILDNOTCHECKEDOUT ) ]
04:23:44.438 [main] DEBUG f.i.s.r.p.s.c.CheckoutPatchedBuild - STEP DURATION: 3s
04:23:44.438 [main] DEBUG f.i.s.r.p.s.c.CheckoutPatchedBuild - TERMINATE PIPELINE
04:23:44.438 [main] DEBUG f.i.s.r.p.s.c.CheckoutPatchedBuild - FINAL STEPS SKIPPED: The reproduction of the bug and/or the patch failed.
04:23:44.439 [main] INFO  f.i.s.r.p.s.c.CheckoutPatchedBuild - Serialize all data for the pair of builds 345411786, 345411989
04:23:44.564 [main] INFO  fr.inria.jtravis.JTravis - GitHub ratelimit: Limit: 5000 Remaining: 4262 Reset hour: 19:27:30
04:23:45.415 [main] INFO  f.i.s.r.p.i.ProjectInspector - ----------------------------------------------------------------------
04:23:45.415 [main] INFO  f.i.s.r.p.i.ProjectInspector - PIPELINE EXECUTION SUMMARY
04:23:45.416 [main] INFO  f.i.s.r.p.i.ProjectInspector - ----------------------------------------------------------------------
04:23:45.416 [main] INFO  f.i.s.r.p.i.ProjectInspector - CloneRepository.......................................SUCCESS [ 57 s ]
04:23:45.416 [main] INFO  f.i.s.r.p.i.ProjectInspector - CheckoutPatchedBuildCandidate.........................FAILURE [  3 s ]
04:23:45.416 [main] INFO  f.i.s.r.p.i.ProjectInspector - ComputeSourceDir......................................NOT RUN         
04:23:45.416 [main] INFO  f.i.s.r.p.i.ProjectInspector - ComputeTestDir........................................NOT RUN         
04:23:45.417 [main] INFO  f.i.s.r.p.i.ProjectInspector - CheckoutBuggyBuildCandidateSourceCode.................NOT RUN         
04:23:45.417 [main] INFO  f.i.s.r.p.i.ProjectInspector - BuildProjectBuggyBuildCandidateSourceCode.............NOT RUN         
04:23:45.417 [main] INFO  f.i.s.r.p.i.ProjectInspector - TestProjectBuggyBuildCandidateSourceCode..............NOT RUN         
04:23:45.417 [main] INFO  f.i.s.r.p.i.ProjectInspector - GatherTestInformationBuggyBuildCandidateSourceCode....NOT RUN         
04:23:45.417 [main] INFO  f.i.s.r.p.i.ProjectInspector - CheckoutBuggyBuildTestCode............................NOT RUN         
04:23:45.418 [main] INFO  f.i.s.r.p.i.ProjectInspector - InitRepoToPush........................................NOT RUN         
04:23:45.418 [main] INFO  f.i.s.r.p.i.ProjectInspector - ComputeClasspath......................................NOT RUN         
04:23:45.418 [main] INFO  f.i.s.r.p.i.ProjectInspector - ComputeModules........................................NOT RUN         
04:23:45.418 [main] INFO  f.i.s.r.p.i.ProjectInspector - CheckoutBuggyBuildCandidateSourceCode.................NOT RUN         
04:23:45.418 [main] INFO  f.i.s.r.p.i.ProjectInspector - CommitChangedTests....................................NOT RUN         
04:23:45.418 [main] INFO  f.i.s.r.p.i.ProjectInspector - CheckoutPatchedBuildCandidate.........................NOT RUN         
04:23:45.419 [main] INFO  f.i.s.r.p.i.ProjectInspector - BuildProjectPatchedBuildCandidate.....................NOT RUN         
04:23:45.419 [main] INFO  f.i.s.r.p.i.ProjectInspector - TestProjectPatchedBuildCandidate......................NOT RUN         
04:23:45.419 [main] INFO  f.i.s.r.p.i.ProjectInspector - GatherTestInformationPatchedBuildCandidate............NOT RUN         
04:23:45.419 [main] INFO  f.i.s.r.p.i.ProjectInspector - CommitPatch...........................................NOT RUN         
04:23:45.419 [main] INFO  f.i.s.r.p.i.ProjectInspector - WritePropertyFile.....................................NOT RUN         
04:23:45.419 [main] INFO  f.i.s.r.p.i.ProjectInspector - CommitProcessEnd......................................NOT RUN         
04:23:45.419 [main] INFO  f.i.s.r.p.i.ProjectInspector - PushProcessEnd........................................NOT RUN         
04:23:45.419 [main] INFO  f.i.s.r.p.i.ProjectInspector - ----------------------------------------------------------------------
04:23:45.420 [main] INFO  f.i.s.r.p.i.ProjectInspector - PIPELINE FINDING: BUILDNOTCHECKEDOUT
04:23:45.420 [main] INFO  f.i.s.r.p.i.ProjectInspector - ----------------------------------------------------------------------
04:23:45.420 [main] INFO  f.i.s.repairnator.pipeline.Launcher - Inspector is finished. The process will exit now.
