03:52:46.642 [main] INFO  f.i.s.repairnator.pipeline.Launcher - PIPELINE VERSION: 3.0-2018-08-09 19:04
03:52:46.774 [main] INFO  f.i.s.repairnator.pipeline.Launcher - The pipeline will try to reproduce a bug from build 346740533 and its corresponding patch from build 346744678
03:52:46.775 [main] INFO  f.i.s.repairnator.pipeline.Launcher - Initialize file serializer engines.
03:52:46.777 [main] INFO  f.i.s.repairnator.pipeline.Launcher - MongoDB won't be used for serialization.
03:52:46.777 [main] INFO  f.i.s.repairnator.pipeline.Launcher - The email notifier engine won't be used.
03:52:46.780 [main] INFO  f.i.s.repairnator.pipeline.Launcher - Start by getting the build (buildId: 346740533) with the following config: RepairnatorConfig{runId='4d8bbe69-14c6-4f1d-8f48-402227d2aba3_02-18-week4-PASSING_AND_PASSING', launcherMode=BEARS, serializeJson=true, inputPath='null', outputPath='/var/log', mongodbHost='null', mongodbName='repairnator', smtpServer='null', notifyTo=[], notifyEndProcess=false, push=true, pushRemoteRepo='https://github.com/fermadeiral/bears-collection-pp', fork=false, lookFromDate=null, lookToDate=null, buildId=346740533, z3solverPath='./z3_for_linux', workspacePath='./workspace', githubToken='c8a341a903[...]', dockerImageName='null', skipDelete=false, createOutputDir=false, logDirectory='null', nbThreads=0, globalTimeout=0, whiteList=null, blackList=null, jobSleepTime=0, buildSleepTime=0, maxInspectedBuilds=0, duration=null, humanPatch=false, repository='null', clean=true, bearsMode=BOTH, bearsDelimiter = false, repairTools=NopolAllTests,NPEFix,AssertFixer,AstorJGenProg,AstorJKali,NopolSingleTest,AstorJMut,NopolTestExclusionStrategy, githubUserName= fermadeiral, githubUserEmail=fer.madeiral@gmail.com}
03:52:48.060 [main] DEBUG fr.inria.jtravis.helpers.BuildHelper - Get request to :https://api.travis-ci.org/build/346740533 done after 723 ms
03:52:48.287 [main] DEBUG fr.inria.jtravis.helpers.BuildHelper - Get request to :https://api.travis-ci.org/build/346744678 done after 121 ms
03:52:48.302 [main] INFO  f.i.s.repairnator.pipeline.Launcher - The patched build (346744678) was successfully retrieved from Travis.
03:52:49.401 [main] INFO  fr.inria.jtravis.JTravis - GitHub ratelimit: Limit: 5000 Remaining: 4670 Reset hour: 19:27:30
03:52:50.769 [main] INFO  f.i.s.r.p.i.ProjectInspector - ----------------------------------------------------------------------
03:52:50.770 [main] INFO  f.i.s.r.p.i.ProjectInspector - PIPELINE STEPS
03:52:50.770 [main] INFO  f.i.s.r.p.i.ProjectInspector - ----------------------------------------------------------------------
03:52:50.770 [main] INFO  f.i.s.r.p.i.ProjectInspector - CloneRepository
03:52:50.771 [main] INFO  f.i.s.r.p.i.ProjectInspector - CheckoutPatchedBuildCandidate
03:52:50.771 [main] INFO  f.i.s.r.p.i.ProjectInspector - ComputeSourceDir
03:52:50.771 [main] INFO  f.i.s.r.p.i.ProjectInspector - ComputeTestDir
03:52:50.771 [main] INFO  f.i.s.r.p.i.ProjectInspector - CheckoutBuggyBuildCandidateSourceCode
03:52:50.771 [main] INFO  f.i.s.r.p.i.ProjectInspector - BuildProjectBuggyBuildCandidateSourceCode
03:52:50.772 [main] INFO  f.i.s.r.p.i.ProjectInspector - TestProjectBuggyBuildCandidateSourceCode
03:52:50.772 [main] INFO  f.i.s.r.p.i.ProjectInspector - GatherTestInformationBuggyBuildCandidateSourceCode
03:52:50.772 [main] INFO  f.i.s.r.p.i.ProjectInspector - CheckoutBuggyBuildTestCode
03:52:50.772 [main] INFO  f.i.s.r.p.i.ProjectInspector - InitRepoToPush
03:52:50.773 [main] INFO  f.i.s.r.p.i.ProjectInspector - ComputeClasspath
03:52:50.773 [main] INFO  f.i.s.r.p.i.ProjectInspector - ComputeModules
03:52:50.773 [main] INFO  f.i.s.r.p.i.ProjectInspector - CheckoutBuggyBuildCandidateSourceCode
03:52:50.773 [main] INFO  f.i.s.r.p.i.ProjectInspector - CommitChangedTests
03:52:50.773 [main] INFO  f.i.s.r.p.i.ProjectInspector - CheckoutPatchedBuildCandidate
03:52:50.774 [main] INFO  f.i.s.r.p.i.ProjectInspector - BuildProjectPatchedBuildCandidate
03:52:50.774 [main] INFO  f.i.s.r.p.i.ProjectInspector - TestProjectPatchedBuildCandidate
03:52:50.774 [main] INFO  f.i.s.r.p.i.ProjectInspector - GatherTestInformationPatchedBuildCandidate
03:52:50.774 [main] INFO  f.i.s.r.p.i.ProjectInspector - CommitPatch
03:52:50.775 [main] INFO  f.i.s.r.p.i.ProjectInspector - WritePropertyFile
03:52:50.775 [main] INFO  f.i.s.r.p.i.ProjectInspector - CommitProcessEnd
03:52:50.776 [main] INFO  f.i.s.r.p.i.ProjectInspector - PushProcessEnd
03:52:50.777 [main] DEBUG f.i.s.r.process.step.CloneRepository - ----------------------------------------------------------------------
03:52:50.777 [main] DEBUG f.i.s.r.process.step.CloneRepository - STEP 1/22: CloneRepository
03:52:50.778 [main] DEBUG f.i.s.r.process.step.CloneRepository - ----------------------------------------------------------------------
03:52:50.778 [main] DEBUG f.i.s.r.process.step.CloneRepository - Cloning repository EnMasseProject/enmasse in the following directory: ./workspace/EnMasseProject/enmasse/346740533
03:53:20.052 [main] DEBUG f.i.s.r.process.step.CloneRepository - STEP STATUS: [ CloneRepository : SUCCESS ]
03:53:20.052 [main] DEBUG f.i.s.r.process.step.CloneRepository - STEP DURATION: 29s
03:53:20.053 [main] DEBUG f.i.s.r.process.step.CloneRepository - EXECUTE NEXT STEP
03:53:20.053 [main] DEBUG f.i.s.r.p.s.c.CheckoutPatchedBuild - ----------------------------------------------------------------------
03:53:20.054 [main] DEBUG f.i.s.r.p.s.c.CheckoutPatchedBuild - STEP 2/22: CheckoutPatchedBuildCandidate
03:53:20.054 [main] DEBUG f.i.s.r.p.s.c.CheckoutPatchedBuild - ----------------------------------------------------------------------
03:53:20.054 [main] DEBUG f.i.s.r.p.s.c.CheckoutPatchedBuild - Checking out patched build candidate...
03:53:20.506 [main] INFO  fr.inria.jtravis.JTravis - GitHub ratelimit: Limit: 5000 Remaining: 4663 Reset hour: 19:27:30
03:53:22.412 [main] DEBUG f.i.s.r.p.s.c.CheckoutPatchedBuild - Reproduce the PR for EnMasseProject/enmasse by fetching remote branch and merging.
03:53:23.231 [main] ERROR f.i.s.r.p.s.c.CheckoutPatchedBuild - Error while testing commit: org.eclipse.jgit.errors.MissingObjectException: Missing unknown 07abbea013e0036629a0fc4beb176c494839907e
03:53:23.234 [main] ERROR f.i.s.r.p.s.c.CheckoutPatchedBuild - Commit head ref cannot be retrieved from the repository: 07abbea013e0036629a0fc4beb176c494839907e. Operation aborted.
03:53:23.234 [main] ERROR f.i.s.r.p.s.c.CheckoutPatchedBuild - Error while merging two commits to reproduce the PR.
03:53:23.235 [main] DEBUG f.i.s.r.p.s.c.CheckoutPatchedBuild - STEP STATUS: [ CheckoutPatchedBuildCandidate : FAILURE ( BUILDNOTCHECKEDOUT ) ]
03:53:23.236 [main] DEBUG f.i.s.r.p.s.c.CheckoutPatchedBuild - STEP DURATION: 3s
03:53:23.236 [main] DEBUG f.i.s.r.p.s.c.CheckoutPatchedBuild - TERMINATE PIPELINE
03:53:23.237 [main] DEBUG f.i.s.r.p.s.c.CheckoutPatchedBuild - FINAL STEPS SKIPPED: The reproduction of the bug and/or the patch failed.
03:53:23.237 [main] INFO  f.i.s.r.p.s.c.CheckoutPatchedBuild - Serialize all data for the pair of builds 346740533, 346744678
03:53:23.354 [main] INFO  fr.inria.jtravis.JTravis - GitHub ratelimit: Limit: 5000 Remaining: 4656 Reset hour: 19:27:30
03:53:24.829 [main] INFO  f.i.s.r.p.i.ProjectInspector - ----------------------------------------------------------------------
03:53:24.829 [main] INFO  f.i.s.r.p.i.ProjectInspector - PIPELINE EXECUTION SUMMARY
03:53:24.829 [main] INFO  f.i.s.r.p.i.ProjectInspector - ----------------------------------------------------------------------
03:53:24.830 [main] INFO  f.i.s.r.p.i.ProjectInspector - CloneRepository.......................................SUCCESS [ 29 s ]
03:53:24.831 [main] INFO  f.i.s.r.p.i.ProjectInspector - CheckoutPatchedBuildCandidate.........................FAILURE [  3 s ]
03:53:24.831 [main] INFO  f.i.s.r.p.i.ProjectInspector - ComputeSourceDir......................................NOT RUN         
03:53:24.831 [main] INFO  f.i.s.r.p.i.ProjectInspector - ComputeTestDir........................................NOT RUN         
03:53:24.832 [main] INFO  f.i.s.r.p.i.ProjectInspector - CheckoutBuggyBuildCandidateSourceCode.................NOT RUN         
03:53:24.833 [main] INFO  f.i.s.r.p.i.ProjectInspector - BuildProjectBuggyBuildCandidateSourceCode.............NOT RUN         
03:53:24.834 [main] INFO  f.i.s.r.p.i.ProjectInspector - TestProjectBuggyBuildCandidateSourceCode..............NOT RUN         
03:53:24.834 [main] INFO  f.i.s.r.p.i.ProjectInspector - GatherTestInformationBuggyBuildCandidateSourceCode....NOT RUN         
03:53:24.834 [main] INFO  f.i.s.r.p.i.ProjectInspector - CheckoutBuggyBuildTestCode............................NOT RUN         
03:53:24.835 [main] INFO  f.i.s.r.p.i.ProjectInspector - InitRepoToPush........................................NOT RUN         
03:53:24.835 [main] INFO  f.i.s.r.p.i.ProjectInspector - ComputeClasspath......................................NOT RUN         
03:53:24.836 [main] INFO  f.i.s.r.p.i.ProjectInspector - ComputeModules........................................NOT RUN         
03:53:24.836 [main] INFO  f.i.s.r.p.i.ProjectInspector - CheckoutBuggyBuildCandidateSourceCode.................NOT RUN         
03:53:24.837 [main] INFO  f.i.s.r.p.i.ProjectInspector - CommitChangedTests....................................NOT RUN         
03:53:24.837 [main] INFO  f.i.s.r.p.i.ProjectInspector - CheckoutPatchedBuildCandidate.........................NOT RUN         
03:53:24.837 [main] INFO  f.i.s.r.p.i.ProjectInspector - BuildProjectPatchedBuildCandidate.....................NOT RUN         
03:53:24.838 [main] INFO  f.i.s.r.p.i.ProjectInspector - TestProjectPatchedBuildCandidate......................NOT RUN         
03:53:24.838 [main] INFO  f.i.s.r.p.i.ProjectInspector - GatherTestInformationPatchedBuildCandidate............NOT RUN         
03:53:24.839 [main] INFO  f.i.s.r.p.i.ProjectInspector - CommitPatch...........................................NOT RUN         
03:53:24.839 [main] INFO  f.i.s.r.p.i.ProjectInspector - WritePropertyFile.....................................NOT RUN         
03:53:24.840 [main] INFO  f.i.s.r.p.i.ProjectInspector - CommitProcessEnd......................................NOT RUN         
03:53:24.840 [main] INFO  f.i.s.r.p.i.ProjectInspector - PushProcessEnd........................................NOT RUN         
03:53:24.841 [main] INFO  f.i.s.r.p.i.ProjectInspector - ----------------------------------------------------------------------
03:53:24.841 [main] INFO  f.i.s.r.p.i.ProjectInspector - PIPELINE FINDING: BUILDNOTCHECKEDOUT
03:53:24.841 [main] INFO  f.i.s.r.p.i.ProjectInspector - ----------------------------------------------------------------------
03:53:24.842 [main] INFO  f.i.s.repairnator.pipeline.Launcher - Inspector is finished. The process will exit now.
