03:47:39.913 [main] INFO  f.i.s.repairnator.pipeline.Launcher - PIPELINE VERSION: 3.0-2018-08-09 19:04
03:47:40.035 [main] INFO  f.i.s.repairnator.pipeline.Launcher - The pipeline will try to reproduce a bug from build 346935027 and its corresponding patch from build 346954598
03:47:40.035 [main] INFO  f.i.s.repairnator.pipeline.Launcher - Initialize file serializer engines.
03:47:40.037 [main] INFO  f.i.s.repairnator.pipeline.Launcher - MongoDB won't be used for serialization.
03:47:40.037 [main] INFO  f.i.s.repairnator.pipeline.Launcher - The email notifier engine won't be used.
03:47:40.040 [main] INFO  f.i.s.repairnator.pipeline.Launcher - Start by getting the build (buildId: 346935027) with the following config: RepairnatorConfig{runId='4d8bbe69-14c6-4f1d-8f48-402227d2aba3_02-18-week4-PASSING_AND_PASSING', launcherMode=BEARS, serializeJson=true, inputPath='null', outputPath='/var/log', mongodbHost='null', mongodbName='repairnator', smtpServer='null', notifyTo=[], notifyEndProcess=false, push=true, pushRemoteRepo='https://github.com/fermadeiral/bears-collection-pp', fork=false, lookFromDate=null, lookToDate=null, buildId=346935027, z3solverPath='./z3_for_linux', workspacePath='./workspace', githubToken='c8a341a903[...]', dockerImageName='null', skipDelete=false, createOutputDir=false, logDirectory='null', nbThreads=0, globalTimeout=0, whiteList=null, blackList=null, jobSleepTime=0, buildSleepTime=0, maxInspectedBuilds=0, duration=null, humanPatch=false, repository='null', clean=true, bearsMode=BOTH, bearsDelimiter = false, repairTools=NopolAllTests,NPEFix,AssertFixer,AstorJGenProg,AstorJKali,NopolSingleTest,AstorJMut,NopolTestExclusionStrategy, githubUserName= fermadeiral, githubUserEmail=fer.madeiral@gmail.com}
03:47:41.478 [main] DEBUG fr.inria.jtravis.helpers.BuildHelper - Get request to :https://api.travis-ci.org/build/346935027 done after 848 ms
03:47:41.753 [main] DEBUG fr.inria.jtravis.helpers.BuildHelper - Get request to :https://api.travis-ci.org/build/346954598 done after 131 ms
03:47:41.778 [main] INFO  f.i.s.repairnator.pipeline.Launcher - The patched build (346954598) was successfully retrieved from Travis.
03:47:42.917 [main] INFO  fr.inria.jtravis.JTravis - GitHub ratelimit: Limit: 5000 Remaining: 4789 Reset hour: 19:27:30
03:47:43.671 [main] INFO  f.i.s.r.p.i.ProjectInspector - ----------------------------------------------------------------------
03:47:43.672 [main] INFO  f.i.s.r.p.i.ProjectInspector - PIPELINE STEPS
03:47:43.672 [main] INFO  f.i.s.r.p.i.ProjectInspector - ----------------------------------------------------------------------
03:47:43.673 [main] INFO  f.i.s.r.p.i.ProjectInspector - CloneRepository
03:47:43.673 [main] INFO  f.i.s.r.p.i.ProjectInspector - CheckoutPatchedBuildCandidate
03:47:43.674 [main] INFO  f.i.s.r.p.i.ProjectInspector - ComputeSourceDir
03:47:43.675 [main] INFO  f.i.s.r.p.i.ProjectInspector - ComputeTestDir
03:47:43.675 [main] INFO  f.i.s.r.p.i.ProjectInspector - CheckoutBuggyBuildCandidateSourceCode
03:47:43.675 [main] INFO  f.i.s.r.p.i.ProjectInspector - BuildProjectBuggyBuildCandidateSourceCode
03:47:43.676 [main] INFO  f.i.s.r.p.i.ProjectInspector - TestProjectBuggyBuildCandidateSourceCode
03:47:43.677 [main] INFO  f.i.s.r.p.i.ProjectInspector - GatherTestInformationBuggyBuildCandidateSourceCode
03:47:43.677 [main] INFO  f.i.s.r.p.i.ProjectInspector - CheckoutBuggyBuildTestCode
03:47:43.678 [main] INFO  f.i.s.r.p.i.ProjectInspector - InitRepoToPush
03:47:43.678 [main] INFO  f.i.s.r.p.i.ProjectInspector - ComputeClasspath
03:47:43.679 [main] INFO  f.i.s.r.p.i.ProjectInspector - ComputeModules
03:47:43.679 [main] INFO  f.i.s.r.p.i.ProjectInspector - CheckoutBuggyBuildCandidateSourceCode
03:47:43.680 [main] INFO  f.i.s.r.p.i.ProjectInspector - CommitChangedTests
03:47:43.680 [main] INFO  f.i.s.r.p.i.ProjectInspector - CheckoutPatchedBuildCandidate
03:47:43.681 [main] INFO  f.i.s.r.p.i.ProjectInspector - BuildProjectPatchedBuildCandidate
03:47:43.681 [main] INFO  f.i.s.r.p.i.ProjectInspector - TestProjectPatchedBuildCandidate
03:47:43.682 [main] INFO  f.i.s.r.p.i.ProjectInspector - GatherTestInformationPatchedBuildCandidate
03:47:43.682 [main] INFO  f.i.s.r.p.i.ProjectInspector - CommitPatch
03:47:43.682 [main] INFO  f.i.s.r.p.i.ProjectInspector - WritePropertyFile
03:47:43.683 [main] INFO  f.i.s.r.p.i.ProjectInspector - CommitProcessEnd
03:47:43.684 [main] INFO  f.i.s.r.p.i.ProjectInspector - PushProcessEnd
03:47:43.684 [main] DEBUG f.i.s.r.process.step.CloneRepository - ----------------------------------------------------------------------
03:47:43.685 [main] DEBUG f.i.s.r.process.step.CloneRepository - STEP 1/22: CloneRepository
03:47:43.686 [main] DEBUG f.i.s.r.process.step.CloneRepository - ----------------------------------------------------------------------
03:47:43.686 [main] DEBUG f.i.s.r.process.step.CloneRepository - Cloning repository EnMasseProject/enmasse in the following directory: ./workspace/EnMasseProject/enmasse/346935027
03:48:14.233 [main] DEBUG f.i.s.r.process.step.CloneRepository - STEP STATUS: [ CloneRepository : SUCCESS ]
03:48:14.233 [main] DEBUG f.i.s.r.process.step.CloneRepository - STEP DURATION: 30s
03:48:14.234 [main] DEBUG f.i.s.r.process.step.CloneRepository - EXECUTE NEXT STEP
03:48:14.234 [main] DEBUG f.i.s.r.p.s.c.CheckoutPatchedBuild - ----------------------------------------------------------------------
03:48:14.234 [main] DEBUG f.i.s.r.p.s.c.CheckoutPatchedBuild - STEP 2/22: CheckoutPatchedBuildCandidate
03:48:14.234 [main] DEBUG f.i.s.r.p.s.c.CheckoutPatchedBuild - ----------------------------------------------------------------------
03:48:14.234 [main] DEBUG f.i.s.r.p.s.c.CheckoutPatchedBuild - Checking out patched build candidate...
03:48:14.549 [main] INFO  fr.inria.jtravis.JTravis - GitHub ratelimit: Limit: 5000 Remaining: 4786 Reset hour: 19:27:30
03:48:16.490 [main] DEBUG f.i.s.r.p.s.c.CheckoutPatchedBuild - Reproduce the PR for EnMasseProject/enmasse by fetching remote branch and merging.
03:48:17.223 [main] DEBUG f.i.s.r.process.git.GitHelper - Step CheckoutPatchedBuildCandidate - Get the commit 02983df7191161df2b43e1ccf918d2c9a7d35f0b for repo EnMasseProject/enmasse
03:48:17.869 [main] DEBUG f.i.s.r.process.git.GitHelper - Step CheckoutPatchedBuildCandidate - Do the merge with the PR commit for repo EnMasseProject/enmasse
03:48:17.880 [main] INFO  f.i.s.r.process.git.GitHelper - Init git submodules.
03:48:18.036 [main] DEBUG f.i.s.r.p.s.c.CheckoutPatchedBuild - STEP STATUS: [ CheckoutPatchedBuildCandidate : SUCCESS ]
03:48:18.037 [main] DEBUG f.i.s.r.p.s.c.CheckoutPatchedBuild - STEP DURATION: 3s
03:48:18.038 [main] DEBUG f.i.s.r.p.s.c.CheckoutPatchedBuild - EXECUTE NEXT STEP
03:48:18.040 [main] DEBUG f.i.s.r.p.s.paths.ComputeSourceDir - ----------------------------------------------------------------------
03:48:18.040 [main] DEBUG f.i.s.r.p.s.paths.ComputeSourceDir - STEP 3/22: ComputeSourceDir
03:48:18.040 [main] DEBUG f.i.s.r.p.s.paths.ComputeSourceDir - ----------------------------------------------------------------------
03:48:18.041 [main] DEBUG f.i.s.r.p.s.paths.ComputeSourceDir - Computing the source directory ...
03:48:18.042 [main] DEBUG f.i.s.r.p.s.paths.ComputeSourceDir - The default source directory (/root/workspace/EnMasseProject/enmasse/346935027/src/main/java) does not exist. Try to read pom.xml to get information.
03:48:18.217 [main] DEBUG f.i.s.r.p.s.paths.ComputeSourceDir - The source directory given in pom.xml (/root/workspace/EnMasseProject/enmasse/346935027/src/main/java) does not exist. Continue to try to get source dir from all modules.
03:48:18.268 [main] DEBUG f.i.s.r.p.m.RepositoryModelResolver - Downloading https://repo1.maven.org/maven2/org/springframework/boot/spring-boot-starter-parent/1.5.4.RELEASE/spring-boot-starter-parent-1.5.4.RELEASE.pom
03:48:18.432 [main] DEBUG f.i.s.r.p.m.RepositoryModelResolver - Downloading https://repo1.maven.org/maven2/org/springframework/boot/spring-boot-dependencies/1.5.4.RELEASE/spring-boot-dependencies-1.5.4.RELEASE.pom
03:48:18.567 [main] DEBUG f.i.s.r.p.m.RepositoryModelResolver - Downloading https://repo1.maven.org/maven2/com/fasterxml/jackson/jackson-bom/2.8.8/jackson-bom-2.8.8.pom
03:48:18.662 [main] DEBUG f.i.s.r.p.m.RepositoryModelResolver - Downloading https://repo1.maven.org/maven2/com/fasterxml/jackson/jackson-parent/2.8/jackson-parent-2.8.pom
03:48:18.757 [main] DEBUG f.i.s.r.p.m.RepositoryModelResolver - Downloading https://repo1.maven.org/maven2/com/fasterxml/oss-parent/27/oss-parent-27.pom
03:48:18.894 [main] DEBUG f.i.s.r.p.m.RepositoryModelResolver - Downloading https://repo1.maven.org/maven2/org/apache/logging/log4j/log4j-bom/2.7/log4j-bom-2.7.pom
03:48:18.989 [main] DEBUG f.i.s.r.p.m.RepositoryModelResolver - Downloading https://repo1.maven.org/maven2/org/apache/apache/9/apache-9.pom
03:48:19.100 [main] DEBUG f.i.s.r.p.m.RepositoryModelResolver - Downloading https://repo1.maven.org/maven2/org/springframework/spring-framework-bom/4.3.9.RELEASE/spring-framework-bom-4.3.9.RELEASE.pom
03:48:19.195 [main] DEBUG f.i.s.r.p.m.RepositoryModelResolver - Downloading https://repo1.maven.org/maven2/org/springframework/data/spring-data-releasetrain/Ingalls-SR4/spring-data-releasetrain-Ingalls-SR4.pom
03:48:19.284 [main] DEBUG f.i.s.r.p.m.RepositoryModelResolver - Downloading https://repo1.maven.org/maven2/org/springframework/data/build/spring-data-build/1.9.4.RELEASE/spring-data-build-1.9.4.RELEASE.pom
03:48:19.452 [main] DEBUG f.i.s.r.p.m.RepositoryModelResolver - Downloading https://repo1.maven.org/maven2/org/springframework/integration/spring-integration-bom/4.3.10.RELEASE/spring-integration-bom-4.3.10.RELEASE.pom
03:48:19.552 [main] DEBUG f.i.s.r.p.m.RepositoryModelResolver - Downloading https://repo1.maven.org/maven2/org/springframework/security/spring-security-bom/4.2.3.RELEASE/spring-security-bom-4.2.3.RELEASE.pom
03:48:19.745 [main] DEBUG f.i.s.r.p.s.paths.ComputeSourceDir - The default source directory (/root/workspace/EnMasseProject/enmasse/346935027/keycloak-plugin/src/main/java) does not exist. Try to read pom.xml to get information.
03:48:19.750 [main] DEBUG f.i.s.r.p.s.paths.ComputeSourceDir - The source directory given in pom.xml (/root/workspace/EnMasseProject/enmasse/346935027/keycloak-plugin/src/main/java) does not exist. Continue to try to get source dir from all modules.
03:48:19.773 [main] DEBUG f.i.s.r.p.s.paths.ComputeSourceDir - The default source directory (/root/workspace/EnMasseProject/enmasse/346935027/artemis/src/main/java) does not exist. Try to read pom.xml to get information.
03:48:19.777 [main] DEBUG f.i.s.r.p.s.paths.ComputeSourceDir - The source directory given in pom.xml (/root/workspace/EnMasseProject/enmasse/346935027/artemis/src/main/java) does not exist. Continue to try to get source dir from all modules.
03:48:19.800 [main] DEBUG f.i.s.r.p.s.paths.ComputeSourceDir - The default source directory (/root/workspace/EnMasseProject/enmasse/346935027/artemis/jmx_exporter/src/main/java) does not exist. Try to read pom.xml to get information.
03:48:19.803 [main] DEBUG f.i.s.r.p.s.paths.ComputeSourceDir - The source directory given in pom.xml (/root/workspace/EnMasseProject/enmasse/346935027/artemis/jmx_exporter/src/main/java) does not exist. Continue to try to get source dir from all modules.
03:48:19.804 [main] ERROR f.i.s.r.p.s.paths.ComputeSourceDir - The source directory is not at default location or specified in build section from pom.xml, and no parent can be found.
03:48:19.804 [main] INFO  f.i.s.r.p.s.paths.ComputeSourceDir - 16 source dirs were found:
03:48:19.804 [main] INFO  f.i.s.r.p.s.paths.ComputeSourceDir - /root/workspace/EnMasseProject/enmasse/346935027/address-controller/src/main/java
03:48:19.805 [main] INFO  f.i.s.r.p.s.paths.ComputeSourceDir - /root/workspace/EnMasseProject/enmasse/346935027/address-model-lib/src/main/java
03:48:19.805 [main] INFO  f.i.s.r.p.s.paths.ComputeSourceDir - /root/workspace/EnMasseProject/enmasse/346935027/amqp-utils/src/main/java
03:48:19.805 [main] INFO  f.i.s.r.p.s.paths.ComputeSourceDir - /root/workspace/EnMasseProject/enmasse/346935027/artemis/amqp-connector/src/main/java
03:48:19.805 [main] INFO  f.i.s.r.p.s.paths.ComputeSourceDir - /root/workspace/EnMasseProject/enmasse/346935027/artemis/sasl-delegation/src/main/java
03:48:19.806 [main] INFO  f.i.s.r.p.s.paths.ComputeSourceDir - /root/workspace/EnMasseProject/enmasse/346935027/artemis/shutdown-hook/src/main/java
03:48:19.806 [main] INFO  f.i.s.r.p.s.paths.ComputeSourceDir - /root/workspace/EnMasseProject/enmasse/346935027/discovery-lib/src/main/java
03:48:19.806 [main] INFO  f.i.s.r.p.s.paths.ComputeSourceDir - /root/workspace/EnMasseProject/enmasse/346935027/k8s-api-testutil/src/main/java
03:48:19.806 [main] INFO  f.i.s.r.p.s.paths.ComputeSourceDir - /root/workspace/EnMasseProject/enmasse/346935027/k8s-api/src/main/java
03:48:19.806 [main] INFO  f.i.s.r.p.s.paths.ComputeSourceDir - /root/workspace/EnMasseProject/enmasse/346935027/keycloak-controller/src/main/java
03:48:19.807 [main] INFO  f.i.s.r.p.s.paths.ComputeSourceDir - /root/workspace/EnMasseProject/enmasse/346935027/keycloak-plugin/sasl-plugin/src/main/java
03:48:19.807 [main] INFO  f.i.s.r.p.s.paths.ComputeSourceDir - /root/workspace/EnMasseProject/enmasse/346935027/mqtt-gateway/src/main/java
03:48:19.807 [main] INFO  f.i.s.r.p.s.paths.ComputeSourceDir - /root/workspace/EnMasseProject/enmasse/346935027/mqtt-lwt/src/main/java
03:48:19.807 [main] INFO  f.i.s.r.p.s.paths.ComputeSourceDir - /root/workspace/EnMasseProject/enmasse/346935027/standard-controller/src/main/java
03:48:19.808 [main] INFO  f.i.s.r.p.s.paths.ComputeSourceDir - /root/workspace/EnMasseProject/enmasse/346935027/systemtests/src/main/java
03:48:19.808 [main] INFO  f.i.s.r.p.s.paths.ComputeSourceDir - /root/workspace/EnMasseProject/enmasse/346935027/topic-forwarder/src/main/java
03:48:19.841 [main] DEBUG f.i.s.r.p.s.paths.ComputeSourceDir - Compute the line of code of the project
03:48:20.056 [main] DEBUG f.i.s.r.p.s.paths.ComputeSourceDir - Get result from cloc process...
03:48:20.057 [main] DEBUG f.i.s.r.p.s.paths.ComputeSourceDir - STEP STATUS: [ ComputeSourceDir : SUCCESS ]
03:48:20.057 [main] DEBUG f.i.s.r.p.s.paths.ComputeSourceDir - STEP DURATION: 2s
03:48:20.057 [main] DEBUG f.i.s.r.p.s.paths.ComputeSourceDir - EXECUTE NEXT STEP
03:48:20.057 [main] DEBUG f.i.s.r.p.step.paths.ComputeTestDir - ----------------------------------------------------------------------
03:48:20.057 [main] DEBUG f.i.s.r.p.step.paths.ComputeTestDir - STEP 4/22: ComputeTestDir
03:48:20.057 [main] DEBUG f.i.s.r.p.step.paths.ComputeTestDir - ----------------------------------------------------------------------
03:48:20.057 [main] DEBUG f.i.s.r.p.step.paths.ComputeTestDir - Computing the test directory ...
03:48:20.058 [main] DEBUG f.i.s.r.p.step.paths.ComputeTestDir - The default test directory (/root/workspace/EnMasseProject/enmasse/346935027/src/test/java) does not exist. Try to read pom.xml to get information.
03:48:20.060 [main] DEBUG f.i.s.r.p.step.paths.ComputeTestDir - The test directory given in pom.xml (/root/workspace/EnMasseProject/enmasse/346935027/src/test/java) does not exist. Continue to try to get test dir from all modules.
03:48:20.071 [main] DEBUG f.i.s.r.p.step.paths.ComputeTestDir - The default test directory (/root/workspace/EnMasseProject/enmasse/346935027/k8s-api-testutil/src/test/java) does not exist. Try to read pom.xml to get information.
03:48:20.076 [main] DEBUG f.i.s.r.p.step.paths.ComputeTestDir - The test directory given in pom.xml (/root/workspace/EnMasseProject/enmasse/346935027/k8s-api-testutil/src/test/java) does not exist. Continue to try to get test dir from all modules.
03:48:20.077 [main] ERROR f.i.s.r.p.step.paths.ComputeTestDir - The test directory is not at default location or specified in build section from pom.xml, and no parent can be found.
03:48:20.186 [main] DEBUG f.i.s.r.p.step.paths.ComputeTestDir - The default test directory (/root/workspace/EnMasseProject/enmasse/346935027/keycloak-plugin/src/test/java) does not exist. Try to read pom.xml to get information.
03:48:20.190 [main] DEBUG f.i.s.r.p.step.paths.ComputeTestDir - The test directory given in pom.xml (/root/workspace/EnMasseProject/enmasse/346935027/keycloak-plugin/src/test/java) does not exist. Continue to try to get test dir from all modules.
03:48:20.209 [main] DEBUG f.i.s.r.p.step.paths.ComputeTestDir - The default test directory (/root/workspace/EnMasseProject/enmasse/346935027/artemis/src/test/java) does not exist. Try to read pom.xml to get information.
03:48:20.230 [main] DEBUG f.i.s.r.p.step.paths.ComputeTestDir - The test directory given in pom.xml (/root/workspace/EnMasseProject/enmasse/346935027/artemis/src/test/java) does not exist. Continue to try to get test dir from all modules.
03:48:20.230 [main] DEBUG f.i.s.r.p.step.paths.ComputeTestDir - The default test directory (/root/workspace/EnMasseProject/enmasse/346935027/artemis/amqp-connector/src/test/java) does not exist. Try to read pom.xml to get information.
03:48:20.236 [main] DEBUG f.i.s.r.p.step.paths.ComputeTestDir - The test directory given in pom.xml (/root/workspace/EnMasseProject/enmasse/346935027/artemis/amqp-connector/src/test/java) does not exist. Continue to try to get test dir from all modules.
03:48:20.236 [main] ERROR f.i.s.r.p.step.paths.ComputeTestDir - The test directory is not at default location or specified in build section from pom.xml, and no parent can be found.
03:48:20.253 [main] DEBUG f.i.s.r.p.step.paths.ComputeTestDir - The default test directory (/root/workspace/EnMasseProject/enmasse/346935027/artemis/jmx_exporter/src/test/java) does not exist. Try to read pom.xml to get information.
03:48:20.265 [main] DEBUG f.i.s.r.p.step.paths.ComputeTestDir - The test directory given in pom.xml (/root/workspace/EnMasseProject/enmasse/346935027/artemis/jmx_exporter/src/test/java) does not exist. Continue to try to get test dir from all modules.
03:48:20.266 [main] ERROR f.i.s.r.p.step.paths.ComputeTestDir - The test directory is not at default location or specified in build section from pom.xml, and no parent can be found.
03:48:20.266 [main] INFO  f.i.s.r.p.step.paths.ComputeTestDir - 14 test dirs were found:
03:48:20.266 [main] INFO  f.i.s.r.p.step.paths.ComputeTestDir - /root/workspace/EnMasseProject/enmasse/346935027/address-controller/src/test/java
03:48:20.267 [main] INFO  f.i.s.r.p.step.paths.ComputeTestDir - /root/workspace/EnMasseProject/enmasse/346935027/address-model-lib/src/test/java
03:48:20.267 [main] INFO  f.i.s.r.p.step.paths.ComputeTestDir - /root/workspace/EnMasseProject/enmasse/346935027/amqp-utils/src/test/java
03:48:20.267 [main] INFO  f.i.s.r.p.step.paths.ComputeTestDir - /root/workspace/EnMasseProject/enmasse/346935027/artemis/sasl-delegation/src/test/java
03:48:20.267 [main] INFO  f.i.s.r.p.step.paths.ComputeTestDir - /root/workspace/EnMasseProject/enmasse/346935027/artemis/shutdown-hook/src/test/java
03:48:20.267 [main] INFO  f.i.s.r.p.step.paths.ComputeTestDir - /root/workspace/EnMasseProject/enmasse/346935027/discovery-lib/src/test/java
03:48:20.268 [main] INFO  f.i.s.r.p.step.paths.ComputeTestDir - /root/workspace/EnMasseProject/enmasse/346935027/k8s-api/src/test/java
03:48:20.268 [main] INFO  f.i.s.r.p.step.paths.ComputeTestDir - /root/workspace/EnMasseProject/enmasse/346935027/keycloak-controller/src/test/java
03:48:20.268 [main] INFO  f.i.s.r.p.step.paths.ComputeTestDir - /root/workspace/EnMasseProject/enmasse/346935027/keycloak-plugin/sasl-plugin/src/test/java
03:48:20.268 [main] INFO  f.i.s.r.p.step.paths.ComputeTestDir - /root/workspace/EnMasseProject/enmasse/346935027/mqtt-gateway/src/test/java
03:48:20.269 [main] INFO  f.i.s.r.p.step.paths.ComputeTestDir - /root/workspace/EnMasseProject/enmasse/346935027/mqtt-lwt/src/test/java
03:48:20.269 [main] INFO  f.i.s.r.p.step.paths.ComputeTestDir - /root/workspace/EnMasseProject/enmasse/346935027/standard-controller/src/test/java
03:48:20.269 [main] INFO  f.i.s.r.p.step.paths.ComputeTestDir - /root/workspace/EnMasseProject/enmasse/346935027/systemtests/src/test/java
03:48:20.269 [main] INFO  f.i.s.r.p.step.paths.ComputeTestDir - /root/workspace/EnMasseProject/enmasse/346935027/topic-forwarder/src/test/java
03:48:20.278 [main] DEBUG f.i.s.r.p.step.paths.ComputeTestDir - STEP STATUS: [ ComputeTestDir : SUCCESS ]
03:48:20.279 [main] DEBUG f.i.s.r.p.step.paths.ComputeTestDir - STEP DURATION: 0s
03:48:20.279 [main] DEBUG f.i.s.r.p.step.paths.ComputeTestDir - EXECUTE NEXT STEP
03:48:20.279 [main] DEBUG f.i.s.r.p.s.c.CheckoutBuggyBuildSourceCode - ----------------------------------------------------------------------
03:48:20.280 [main] DEBUG f.i.s.r.p.s.c.CheckoutBuggyBuildSourceCode - STEP 5/22: CheckoutBuggyBuildCandidateSourceCode
03:48:20.280 [main] DEBUG f.i.s.r.p.s.c.CheckoutBuggyBuildSourceCode - ----------------------------------------------------------------------
03:48:20.280 [main] DEBUG f.i.s.r.p.s.c.CheckoutBuggyBuildSourceCode - Checking out the source code of the buggy build candidate...
03:48:20.401 [main] INFO  fr.inria.jtravis.JTravis - GitHub ratelimit: Limit: 5000 Remaining: 4779 Reset hour: 19:27:30
03:48:22.673 [main] DEBUG f.i.s.r.process.git.GitHelper - Commit repairnator files...
03:48:22.673 [main] INFO  f.i.s.r.process.git.GitHelper - There is no repairnator file to commit.
03:48:22.674 [main] DEBUG f.i.s.r.p.s.c.CheckoutBuggyBuildSourceCode - Reproduce the PR for EnMasseProject/enmasse by fetching remote branch and merging.
03:48:23.251 [main] DEBUG f.i.s.r.process.git.GitHelper - Step CheckoutBuggyBuildCandidateSourceCode - Get the commit 02983df7191161df2b43e1ccf918d2c9a7d35f0b for repo EnMasseProject/enmasse
03:48:23.653 [main] DEBUG f.i.s.r.process.git.GitHelper - Step CheckoutBuggyBuildCandidateSourceCode - Do the merge with the PR commit for repo EnMasseProject/enmasse
03:48:23.656 [main] INFO  f.i.s.r.process.git.GitHelper - Init git submodules.
03:48:23.967 [main] INFO  fr.inria.jtravis.JTravis - GitHub ratelimit: Limit: 5000 Remaining: 4772 Reset hour: 19:27:30
03:48:25.527 [main] DEBUG f.i.s.r.process.git.GitHelper - Commit repairnator files...
03:48:25.528 [main] INFO  f.i.s.r.process.git.GitHelper - There is no repairnator file to commit.
03:48:25.528 [main] DEBUG f.i.s.r.p.s.c.CheckoutBuggyBuildSourceCode - Reproduce the PR for EnMasseProject/enmasse by fetching remote branch and merging.
03:48:26.094 [main] ERROR f.i.s.r.p.s.c.CheckoutBuggyBuildSourceCode - Error while testing commit: org.eclipse.jgit.errors.MissingObjectException: Missing unknown 5f9a60fdda550783317a3b6cb42009728bc9361a
03:48:26.096 [main] ERROR f.i.s.r.p.s.c.CheckoutBuggyBuildSourceCode - Commit head ref cannot be retrieved from the repository: 5f9a60fdda550783317a3b6cb42009728bc9361a. Operation aborted.
03:48:26.096 [main] ERROR f.i.s.r.p.s.c.CheckoutBuggyBuildSourceCode - Error while merging two commits to reproduce the PR.
03:48:26.098 [main] DEBUG f.i.s.r.p.s.c.CheckoutBuggyBuildSourceCode - STEP STATUS: [ CheckoutBuggyBuildCandidateSourceCode : FAILURE ( BUILDNOTCHECKEDOUT ) ]
03:48:26.098 [main] DEBUG f.i.s.r.p.s.c.CheckoutBuggyBuildSourceCode - STEP DURATION: 5s
03:48:26.099 [main] DEBUG f.i.s.r.p.s.c.CheckoutBuggyBuildSourceCode - TERMINATE PIPELINE
03:48:26.099 [main] DEBUG f.i.s.r.p.s.c.CheckoutBuggyBuildSourceCode - FINAL STEPS SKIPPED: The reproduction of the bug and/or the patch failed.
03:48:26.100 [main] INFO  f.i.s.r.p.s.c.CheckoutBuggyBuildSourceCode - Serialize all data for the pair of builds 346935027, 346954598
03:48:26.214 [main] INFO  fr.inria.jtravis.JTravis - GitHub ratelimit: Limit: 5000 Remaining: 4763 Reset hour: 19:27:30
03:48:27.650 [main] INFO  f.i.s.r.p.i.ProjectInspector - ----------------------------------------------------------------------
03:48:27.650 [main] INFO  f.i.s.r.p.i.ProjectInspector - PIPELINE EXECUTION SUMMARY
03:48:27.651 [main] INFO  f.i.s.r.p.i.ProjectInspector - ----------------------------------------------------------------------
03:48:27.651 [main] INFO  f.i.s.r.p.i.ProjectInspector - CloneRepository.......................................SUCCESS [ 30 s ]
03:48:27.651 [main] INFO  f.i.s.r.p.i.ProjectInspector - CheckoutPatchedBuildCandidate.........................SUCCESS [  3 s ]
03:48:27.652 [main] INFO  f.i.s.r.p.i.ProjectInspector - ComputeSourceDir......................................SUCCESS [  2 s ]
03:48:27.652 [main] INFO  f.i.s.r.p.i.ProjectInspector - ComputeTestDir........................................SUCCESS [  0 s ]
03:48:27.652 [main] INFO  f.i.s.r.p.i.ProjectInspector - CheckoutBuggyBuildCandidateSourceCode.................FAILURE [  5 s ]
03:48:27.652 [main] INFO  f.i.s.r.p.i.ProjectInspector - BuildProjectBuggyBuildCandidateSourceCode.............NOT RUN         
03:48:27.653 [main] INFO  f.i.s.r.p.i.ProjectInspector - TestProjectBuggyBuildCandidateSourceCode..............NOT RUN         
03:48:27.653 [main] INFO  f.i.s.r.p.i.ProjectInspector - GatherTestInformationBuggyBuildCandidateSourceCode....NOT RUN         
03:48:27.653 [main] INFO  f.i.s.r.p.i.ProjectInspector - CheckoutBuggyBuildTestCode............................NOT RUN         
03:48:27.653 [main] INFO  f.i.s.r.p.i.ProjectInspector - InitRepoToPush........................................NOT RUN         
03:48:27.653 [main] INFO  f.i.s.r.p.i.ProjectInspector - ComputeClasspath......................................NOT RUN         
03:48:27.654 [main] INFO  f.i.s.r.p.i.ProjectInspector - ComputeModules........................................NOT RUN         
03:48:27.655 [main] INFO  f.i.s.r.p.i.ProjectInspector - CheckoutBuggyBuildCandidateSourceCode.................NOT RUN         
03:48:27.655 [main] INFO  f.i.s.r.p.i.ProjectInspector - CommitChangedTests....................................NOT RUN         
03:48:27.655 [main] INFO  f.i.s.r.p.i.ProjectInspector - CheckoutPatchedBuildCandidate.........................NOT RUN         
03:48:27.655 [main] INFO  f.i.s.r.p.i.ProjectInspector - BuildProjectPatchedBuildCandidate.....................NOT RUN         
03:48:27.655 [main] INFO  f.i.s.r.p.i.ProjectInspector - TestProjectPatchedBuildCandidate......................NOT RUN         
03:48:27.656 [main] INFO  f.i.s.r.p.i.ProjectInspector - GatherTestInformationPatchedBuildCandidate............NOT RUN         
03:48:27.656 [main] INFO  f.i.s.r.p.i.ProjectInspector - CommitPatch...........................................NOT RUN         
03:48:27.656 [main] INFO  f.i.s.r.p.i.ProjectInspector - WritePropertyFile.....................................NOT RUN         
03:48:27.656 [main] INFO  f.i.s.r.p.i.ProjectInspector - CommitProcessEnd......................................NOT RUN         
03:48:27.657 [main] INFO  f.i.s.r.p.i.ProjectInspector - PushProcessEnd........................................NOT RUN         
03:48:27.657 [main] INFO  f.i.s.r.p.i.ProjectInspector - ----------------------------------------------------------------------
03:48:27.657 [main] INFO  f.i.s.r.p.i.ProjectInspector - PIPELINE FINDING: BUILDNOTCHECKEDOUT
03:48:27.657 [main] INFO  f.i.s.r.p.i.ProjectInspector - ----------------------------------------------------------------------
03:48:27.658 [main] INFO  f.i.s.repairnator.pipeline.Launcher - Inspector is finished. The process will exit now.
