13:17:02.468 [main] INFO  f.i.s.repairnator.pipeline.Launcher - PIPELINE VERSION: 3.0-2018-08-09 19:04
13:17:02.643 [main] INFO  f.i.s.repairnator.pipeline.Launcher - The pipeline will try to reproduce a bug from build 346764131 and its corresponding patch from build 347109007
13:17:02.644 [main] INFO  f.i.s.repairnator.pipeline.Launcher - Initialize file serializer engines.
13:17:02.646 [main] INFO  f.i.s.repairnator.pipeline.Launcher - MongoDB won't be used for serialization.
13:17:02.646 [main] INFO  f.i.s.repairnator.pipeline.Launcher - The email notifier engine won't be used.
13:17:02.649 [main] INFO  f.i.s.repairnator.pipeline.Launcher - Start by getting the build (buildId: 346764131) with the following config: RepairnatorConfig{runId='4d8bbe69-14c6-4f1d-8f48-402227d2aba3_02-18-week4-PASSING_AND_PASSING', launcherMode=BEARS, serializeJson=true, inputPath='null', outputPath='/var/log', mongodbHost='null', mongodbName='repairnator', smtpServer='null', notifyTo=[], notifyEndProcess=false, push=true, pushRemoteRepo='https://github.com/fermadeiral/bears-collection-pp', fork=false, lookFromDate=null, lookToDate=null, buildId=346764131, z3solverPath='./z3_for_linux', workspacePath='./workspace', githubToken='c8a341a903[...]', dockerImageName='null', skipDelete=false, createOutputDir=false, logDirectory='null', nbThreads=0, globalTimeout=0, whiteList=null, blackList=null, jobSleepTime=0, buildSleepTime=0, maxInspectedBuilds=0, duration=null, humanPatch=false, repository='null', clean=true, bearsMode=BOTH, bearsDelimiter = false, repairTools=NopolAllTests,NPEFix,AssertFixer,AstorJGenProg,AstorJKali,NopolSingleTest,AstorJMut,NopolTestExclusionStrategy, githubUserName= fermadeiral, githubUserEmail=fer.madeiral@gmail.com}
13:17:04.119 [main] DEBUG fr.inria.jtravis.helpers.BuildHelper - Get request to :https://api.travis-ci.org/build/346764131 done after 818 ms
13:17:04.423 [main] DEBUG fr.inria.jtravis.helpers.BuildHelper - Get request to :https://api.travis-ci.org/build/347109007 done after 216 ms
13:17:04.442 [main] INFO  f.i.s.repairnator.pipeline.Launcher - The patched build (347109007) was successfully retrieved from Travis.
13:17:06.452 [main] INFO  fr.inria.jtravis.JTravis - GitHub ratelimit: Limit: 5000 Remaining: 4847 Reset hour: 19:28:05
13:17:06.740 [main] INFO  f.i.s.r.p.i.ProjectInspector - ----------------------------------------------------------------------
13:17:06.740 [main] INFO  f.i.s.r.p.i.ProjectInspector - PIPELINE STEPS
13:17:06.740 [main] INFO  f.i.s.r.p.i.ProjectInspector - ----------------------------------------------------------------------
13:17:06.740 [main] INFO  f.i.s.r.p.i.ProjectInspector - CloneRepository
13:17:06.741 [main] INFO  f.i.s.r.p.i.ProjectInspector - CheckoutPatchedBuildCandidate
13:17:06.741 [main] INFO  f.i.s.r.p.i.ProjectInspector - ComputeSourceDir
13:17:06.741 [main] INFO  f.i.s.r.p.i.ProjectInspector - ComputeTestDir
13:17:06.741 [main] INFO  f.i.s.r.p.i.ProjectInspector - CheckoutBuggyBuildCandidateSourceCode
13:17:06.741 [main] INFO  f.i.s.r.p.i.ProjectInspector - BuildProjectBuggyBuildCandidateSourceCode
13:17:06.741 [main] INFO  f.i.s.r.p.i.ProjectInspector - TestProjectBuggyBuildCandidateSourceCode
13:17:06.742 [main] INFO  f.i.s.r.p.i.ProjectInspector - GatherTestInformationBuggyBuildCandidateSourceCode
13:17:06.742 [main] INFO  f.i.s.r.p.i.ProjectInspector - CheckoutBuggyBuildTestCode
13:17:06.742 [main] INFO  f.i.s.r.p.i.ProjectInspector - InitRepoToPush
13:17:06.742 [main] INFO  f.i.s.r.p.i.ProjectInspector - ComputeClasspath
13:17:06.742 [main] INFO  f.i.s.r.p.i.ProjectInspector - ComputeModules
13:17:06.743 [main] INFO  f.i.s.r.p.i.ProjectInspector - CheckoutBuggyBuildCandidateSourceCode
13:17:06.743 [main] INFO  f.i.s.r.p.i.ProjectInspector - CommitChangedTests
13:17:06.743 [main] INFO  f.i.s.r.p.i.ProjectInspector - CheckoutPatchedBuildCandidate
13:17:06.743 [main] INFO  f.i.s.r.p.i.ProjectInspector - BuildProjectPatchedBuildCandidate
13:17:06.743 [main] INFO  f.i.s.r.p.i.ProjectInspector - TestProjectPatchedBuildCandidate
13:17:06.743 [main] INFO  f.i.s.r.p.i.ProjectInspector - GatherTestInformationPatchedBuildCandidate
13:17:06.744 [main] INFO  f.i.s.r.p.i.ProjectInspector - CommitPatch
13:17:06.745 [main] INFO  f.i.s.r.p.i.ProjectInspector - WritePropertyFile
13:17:06.745 [main] INFO  f.i.s.r.p.i.ProjectInspector - CommitProcessEnd
13:17:06.745 [main] INFO  f.i.s.r.p.i.ProjectInspector - PushProcessEnd
13:17:06.746 [main] DEBUG f.i.s.r.process.step.CloneRepository - ----------------------------------------------------------------------
13:17:06.746 [main] DEBUG f.i.s.r.process.step.CloneRepository - STEP 1/22: CloneRepository
13:17:06.746 [main] DEBUG f.i.s.r.process.step.CloneRepository - ----------------------------------------------------------------------
13:17:06.746 [main] DEBUG f.i.s.r.process.step.CloneRepository - Cloning repository dhis2/dhis2-core in the following directory: ./workspace/dhis2/dhis2-core/346764131
13:17:32.874 [main] DEBUG f.i.s.r.process.step.CloneRepository - STEP STATUS: [ CloneRepository : SUCCESS ]
13:17:32.875 [main] DEBUG f.i.s.r.process.step.CloneRepository - STEP DURATION: 26s
13:17:32.876 [main] DEBUG f.i.s.r.process.step.CloneRepository - EXECUTE NEXT STEP
13:17:32.876 [main] DEBUG f.i.s.r.p.s.c.CheckoutPatchedBuild - ----------------------------------------------------------------------
13:17:32.877 [main] DEBUG f.i.s.r.p.s.c.CheckoutPatchedBuild - STEP 2/22: CheckoutPatchedBuildCandidate
13:17:32.877 [main] DEBUG f.i.s.r.p.s.c.CheckoutPatchedBuild - ----------------------------------------------------------------------
13:17:32.877 [main] DEBUG f.i.s.r.p.s.c.CheckoutPatchedBuild - Checking out patched build candidate...
13:17:33.228 [main] INFO  fr.inria.jtravis.JTravis - GitHub ratelimit: Limit: 5000 Remaining: 4846 Reset hour: 19:28:05
13:17:35.413 [main] DEBUG f.i.s.r.p.s.c.CheckoutPatchedBuild - Reproduce the PR for dhis2/dhis2-core by fetching remote branch and merging.
13:17:40.219 [main] ERROR f.i.s.r.p.s.c.CheckoutPatchedBuild - Error while testing commit: org.eclipse.jgit.errors.MissingObjectException: Missing unknown aefcf8a36b2ecec54a9fb48241cca16f9298dba6
13:17:40.220 [main] ERROR f.i.s.r.p.s.c.CheckoutPatchedBuild - Commit head ref cannot be retrieved from the repository: aefcf8a36b2ecec54a9fb48241cca16f9298dba6. Operation aborted.
13:17:40.221 [main] ERROR f.i.s.r.p.s.c.CheckoutPatchedBuild - Error while merging two commits to reproduce the PR.
13:17:40.222 [main] DEBUG f.i.s.r.p.s.c.CheckoutPatchedBuild - STEP STATUS: [ CheckoutPatchedBuildCandidate : FAILURE ( BUILDNOTCHECKEDOUT ) ]
13:17:40.222 [main] DEBUG f.i.s.r.p.s.c.CheckoutPatchedBuild - STEP DURATION: 7s
13:17:40.223 [main] DEBUG f.i.s.r.p.s.c.CheckoutPatchedBuild - TERMINATE PIPELINE
13:17:40.223 [main] DEBUG f.i.s.r.p.s.c.CheckoutPatchedBuild - FINAL STEPS SKIPPED: The reproduction of the bug and/or the patch failed.
13:17:40.223 [main] INFO  f.i.s.r.p.s.c.CheckoutPatchedBuild - Serialize all data for the pair of builds 346764131, 347109007
13:17:40.542 [main] INFO  fr.inria.jtravis.JTravis - GitHub ratelimit: Limit: 5000 Remaining: 4839 Reset hour: 19:28:05
13:17:41.799 [main] INFO  f.i.s.r.p.i.ProjectInspector - ----------------------------------------------------------------------
13:17:41.800 [main] INFO  f.i.s.r.p.i.ProjectInspector - PIPELINE EXECUTION SUMMARY
13:17:41.800 [main] INFO  f.i.s.r.p.i.ProjectInspector - ----------------------------------------------------------------------
13:17:41.800 [main] INFO  f.i.s.r.p.i.ProjectInspector - CloneRepository.......................................SUCCESS [ 26 s ]
13:17:41.800 [main] INFO  f.i.s.r.p.i.ProjectInspector - CheckoutPatchedBuildCandidate.........................FAILURE [  7 s ]
13:17:41.801 [main] INFO  f.i.s.r.p.i.ProjectInspector - ComputeSourceDir......................................NOT RUN         
13:17:41.801 [main] INFO  f.i.s.r.p.i.ProjectInspector - ComputeTestDir........................................NOT RUN         
13:17:41.801 [main] INFO  f.i.s.r.p.i.ProjectInspector - CheckoutBuggyBuildCandidateSourceCode.................NOT RUN         
13:17:41.801 [main] INFO  f.i.s.r.p.i.ProjectInspector - BuildProjectBuggyBuildCandidateSourceCode.............NOT RUN         
13:17:41.801 [main] INFO  f.i.s.r.p.i.ProjectInspector - TestProjectBuggyBuildCandidateSourceCode..............NOT RUN         
13:17:41.801 [main] INFO  f.i.s.r.p.i.ProjectInspector - GatherTestInformationBuggyBuildCandidateSourceCode....NOT RUN         
13:17:41.802 [main] INFO  f.i.s.r.p.i.ProjectInspector - CheckoutBuggyBuildTestCode............................NOT RUN         
13:17:41.802 [main] INFO  f.i.s.r.p.i.ProjectInspector - InitRepoToPush........................................NOT RUN         
13:17:41.802 [main] INFO  f.i.s.r.p.i.ProjectInspector - ComputeClasspath......................................NOT RUN         
13:17:41.802 [main] INFO  f.i.s.r.p.i.ProjectInspector - ComputeModules........................................NOT RUN         
13:17:41.802 [main] INFO  f.i.s.r.p.i.ProjectInspector - CheckoutBuggyBuildCandidateSourceCode.................NOT RUN         
13:17:41.803 [main] INFO  f.i.s.r.p.i.ProjectInspector - CommitChangedTests....................................NOT RUN         
13:17:41.803 [main] INFO  f.i.s.r.p.i.ProjectInspector - CheckoutPatchedBuildCandidate.........................NOT RUN         
13:17:41.803 [main] INFO  f.i.s.r.p.i.ProjectInspector - BuildProjectPatchedBuildCandidate.....................NOT RUN         
13:17:41.803 [main] INFO  f.i.s.r.p.i.ProjectInspector - TestProjectPatchedBuildCandidate......................NOT RUN         
13:17:41.803 [main] INFO  f.i.s.r.p.i.ProjectInspector - GatherTestInformationPatchedBuildCandidate............NOT RUN         
13:17:41.803 [main] INFO  f.i.s.r.p.i.ProjectInspector - CommitPatch...........................................NOT RUN         
13:17:41.803 [main] INFO  f.i.s.r.p.i.ProjectInspector - WritePropertyFile.....................................NOT RUN         
13:17:41.804 [main] INFO  f.i.s.r.p.i.ProjectInspector - CommitProcessEnd......................................NOT RUN         
13:17:41.804 [main] INFO  f.i.s.r.p.i.ProjectInspector - PushProcessEnd........................................NOT RUN         
13:17:41.804 [main] INFO  f.i.s.r.p.i.ProjectInspector - ----------------------------------------------------------------------
13:17:41.804 [main] INFO  f.i.s.r.p.i.ProjectInspector - PIPELINE FINDING: BUILDNOTCHECKEDOUT
13:17:41.804 [main] INFO  f.i.s.r.p.i.ProjectInspector - ----------------------------------------------------------------------
13:17:41.804 [main] INFO  f.i.s.repairnator.pipeline.Launcher - Inspector is finished. The process will exit now.
