08:36:24.523 [main] INFO  f.i.s.repairnator.pipeline.Launcher - PIPELINE VERSION: 3.0-2018-08-09 19:04
08:36:24.740 [main] INFO  f.i.s.repairnator.pipeline.Launcher - The pipeline will try to reproduce a bug from build 346473966 and its corresponding patch from build 346828691
08:36:24.741 [main] INFO  f.i.s.repairnator.pipeline.Launcher - Initialize file serializer engines.
08:36:24.744 [main] INFO  f.i.s.repairnator.pipeline.Launcher - MongoDB won't be used for serialization.
08:36:24.744 [main] INFO  f.i.s.repairnator.pipeline.Launcher - The email notifier engine won't be used.
08:36:24.749 [main] INFO  f.i.s.repairnator.pipeline.Launcher - Start by getting the build (buildId: 346473966) with the following config: RepairnatorConfig{runId='4d8bbe69-14c6-4f1d-8f48-402227d2aba3_02-18-week4-PASSING_AND_PASSING', launcherMode=BEARS, serializeJson=true, inputPath='null', outputPath='/var/log', mongodbHost='null', mongodbName='repairnator', smtpServer='null', notifyTo=[], notifyEndProcess=false, push=true, pushRemoteRepo='https://github.com/fermadeiral/bears-collection-pp', fork=false, lookFromDate=null, lookToDate=null, buildId=346473966, z3solverPath='./z3_for_linux', workspacePath='./workspace', githubToken='c8a341a903[...]', dockerImageName='null', skipDelete=false, createOutputDir=false, logDirectory='null', nbThreads=0, globalTimeout=0, whiteList=null, blackList=null, jobSleepTime=0, buildSleepTime=0, maxInspectedBuilds=0, duration=null, humanPatch=false, repository='null', clean=true, bearsMode=BOTH, bearsDelimiter = false, repairTools=NopolAllTests,NPEFix,AssertFixer,AstorJGenProg,AstorJKali,NopolSingleTest,AstorJMut,NopolTestExclusionStrategy, githubUserName= fermadeiral, githubUserEmail=fer.madeiral@gmail.com}
08:36:26.353 [main] DEBUG fr.inria.jtravis.helpers.BuildHelper - Get request to :https://api.travis-ci.org/build/346473966 done after 923 ms
08:36:26.610 [main] DEBUG fr.inria.jtravis.helpers.BuildHelper - Get request to :https://api.travis-ci.org/build/346828691 done after 134 ms
08:36:26.633 [main] INFO  f.i.s.repairnator.pipeline.Launcher - The patched build (346828691) was successfully retrieved from Travis.
08:36:27.933 [main] INFO  fr.inria.jtravis.JTravis - GitHub ratelimit: Limit: 5000 Remaining: 4914 Reset hour: 19:27:48
08:36:28.244 [main] INFO  f.i.s.r.p.i.ProjectInspector - ----------------------------------------------------------------------
08:36:28.245 [main] INFO  f.i.s.r.p.i.ProjectInspector - PIPELINE STEPS
08:36:28.245 [main] INFO  f.i.s.r.p.i.ProjectInspector - ----------------------------------------------------------------------
08:36:28.245 [main] INFO  f.i.s.r.p.i.ProjectInspector - CloneRepository
08:36:28.246 [main] INFO  f.i.s.r.p.i.ProjectInspector - CheckoutPatchedBuildCandidate
08:36:28.246 [main] INFO  f.i.s.r.p.i.ProjectInspector - ComputeSourceDir
08:36:28.246 [main] INFO  f.i.s.r.p.i.ProjectInspector - ComputeTestDir
08:36:28.246 [main] INFO  f.i.s.r.p.i.ProjectInspector - CheckoutBuggyBuildCandidateSourceCode
08:36:28.246 [main] INFO  f.i.s.r.p.i.ProjectInspector - BuildProjectBuggyBuildCandidateSourceCode
08:36:28.247 [main] INFO  f.i.s.r.p.i.ProjectInspector - TestProjectBuggyBuildCandidateSourceCode
08:36:28.247 [main] INFO  f.i.s.r.p.i.ProjectInspector - GatherTestInformationBuggyBuildCandidateSourceCode
08:36:28.247 [main] INFO  f.i.s.r.p.i.ProjectInspector - CheckoutBuggyBuildTestCode
08:36:28.248 [main] INFO  f.i.s.r.p.i.ProjectInspector - InitRepoToPush
08:36:28.248 [main] INFO  f.i.s.r.p.i.ProjectInspector - ComputeClasspath
08:36:28.248 [main] INFO  f.i.s.r.p.i.ProjectInspector - ComputeModules
08:36:28.248 [main] INFO  f.i.s.r.p.i.ProjectInspector - CheckoutBuggyBuildCandidateSourceCode
08:36:28.249 [main] INFO  f.i.s.r.p.i.ProjectInspector - CommitChangedTests
08:36:28.249 [main] INFO  f.i.s.r.p.i.ProjectInspector - CheckoutPatchedBuildCandidate
08:36:28.249 [main] INFO  f.i.s.r.p.i.ProjectInspector - BuildProjectPatchedBuildCandidate
08:36:28.249 [main] INFO  f.i.s.r.p.i.ProjectInspector - TestProjectPatchedBuildCandidate
08:36:28.250 [main] INFO  f.i.s.r.p.i.ProjectInspector - GatherTestInformationPatchedBuildCandidate
08:36:28.250 [main] INFO  f.i.s.r.p.i.ProjectInspector - CommitPatch
08:36:28.250 [main] INFO  f.i.s.r.p.i.ProjectInspector - WritePropertyFile
08:36:28.251 [main] INFO  f.i.s.r.p.i.ProjectInspector - CommitProcessEnd
08:36:28.251 [main] INFO  f.i.s.r.p.i.ProjectInspector - PushProcessEnd
08:36:28.251 [main] DEBUG f.i.s.r.process.step.CloneRepository - ----------------------------------------------------------------------
08:36:28.252 [main] DEBUG f.i.s.r.process.step.CloneRepository - STEP 1/22: CloneRepository
08:36:28.252 [main] DEBUG f.i.s.r.process.step.CloneRepository - ----------------------------------------------------------------------
08:36:28.252 [main] DEBUG f.i.s.r.process.step.CloneRepository - Cloning repository ga4gh/dockstore in the following directory: ./workspace/ga4gh/dockstore/346473966
08:36:38.640 [main] DEBUG f.i.s.r.process.step.CloneRepository - STEP STATUS: [ CloneRepository : SUCCESS ]
08:36:38.641 [main] DEBUG f.i.s.r.process.step.CloneRepository - STEP DURATION: 10s
08:36:38.642 [main] DEBUG f.i.s.r.process.step.CloneRepository - EXECUTE NEXT STEP
08:36:38.642 [main] DEBUG f.i.s.r.p.s.c.CheckoutPatchedBuild - ----------------------------------------------------------------------
08:36:38.642 [main] DEBUG f.i.s.r.p.s.c.CheckoutPatchedBuild - STEP 2/22: CheckoutPatchedBuildCandidate
08:36:38.642 [main] DEBUG f.i.s.r.p.s.c.CheckoutPatchedBuild - ----------------------------------------------------------------------
08:36:38.643 [main] DEBUG f.i.s.r.p.s.c.CheckoutPatchedBuild - Checking out patched build candidate...
08:36:38.651 [main] ERROR f.i.s.r.p.s.c.CheckoutPatchedBuild - Error while testing commit: org.eclipse.jgit.errors.MissingObjectException: Missing unknown 29098eafbc6c11733aaf4335972646e64a680d7a
08:36:38.652 [main] ERROR f.i.s.r.p.s.c.CheckoutPatchedBuild - Error while getting the commit to checkout from the repo.
08:36:38.653 [main] DEBUG f.i.s.r.p.s.c.CheckoutPatchedBuild - STEP STATUS: [ CheckoutPatchedBuildCandidate : FAILURE ( BUILDNOTCHECKEDOUT ) ]
08:36:38.653 [main] DEBUG f.i.s.r.p.s.c.CheckoutPatchedBuild - STEP DURATION: 0s
08:36:38.654 [main] DEBUG f.i.s.r.p.s.c.CheckoutPatchedBuild - TERMINATE PIPELINE
08:36:38.654 [main] DEBUG f.i.s.r.p.s.c.CheckoutPatchedBuild - FINAL STEPS SKIPPED: The reproduction of the bug and/or the patch failed.
08:36:38.654 [main] INFO  f.i.s.r.p.s.c.CheckoutPatchedBuild - Serialize all data for the pair of builds 346473966, 346828691
08:36:38.986 [main] INFO  fr.inria.jtravis.JTravis - GitHub ratelimit: Limit: 5000 Remaining: 4913 Reset hour: 19:27:48
08:36:39.604 [main] INFO  f.i.s.r.p.i.ProjectInspector - ----------------------------------------------------------------------
08:36:39.604 [main] INFO  f.i.s.r.p.i.ProjectInspector - PIPELINE EXECUTION SUMMARY
08:36:39.605 [main] INFO  f.i.s.r.p.i.ProjectInspector - ----------------------------------------------------------------------
08:36:39.605 [main] INFO  f.i.s.r.p.i.ProjectInspector - CloneRepository.......................................SUCCESS [ 10 s ]
08:36:39.605 [main] INFO  f.i.s.r.p.i.ProjectInspector - CheckoutPatchedBuildCandidate.........................FAILURE [  0 s ]
08:36:39.606 [main] INFO  f.i.s.r.p.i.ProjectInspector - ComputeSourceDir......................................NOT RUN         
08:36:39.606 [main] INFO  f.i.s.r.p.i.ProjectInspector - ComputeTestDir........................................NOT RUN         
08:36:39.606 [main] INFO  f.i.s.r.p.i.ProjectInspector - CheckoutBuggyBuildCandidateSourceCode.................NOT RUN         
08:36:39.607 [main] INFO  f.i.s.r.p.i.ProjectInspector - BuildProjectBuggyBuildCandidateSourceCode.............NOT RUN         
08:36:39.607 [main] INFO  f.i.s.r.p.i.ProjectInspector - TestProjectBuggyBuildCandidateSourceCode..............NOT RUN         
08:36:39.607 [main] INFO  f.i.s.r.p.i.ProjectInspector - GatherTestInformationBuggyBuildCandidateSourceCode....NOT RUN         
08:36:39.608 [main] INFO  f.i.s.r.p.i.ProjectInspector - CheckoutBuggyBuildTestCode............................NOT RUN         
08:36:39.608 [main] INFO  f.i.s.r.p.i.ProjectInspector - InitRepoToPush........................................NOT RUN         
08:36:39.608 [main] INFO  f.i.s.r.p.i.ProjectInspector - ComputeClasspath......................................NOT RUN         
08:36:39.608 [main] INFO  f.i.s.r.p.i.ProjectInspector - ComputeModules........................................NOT RUN         
08:36:39.609 [main] INFO  f.i.s.r.p.i.ProjectInspector - CheckoutBuggyBuildCandidateSourceCode.................NOT RUN         
08:36:39.609 [main] INFO  f.i.s.r.p.i.ProjectInspector - CommitChangedTests....................................NOT RUN         
08:36:39.609 [main] INFO  f.i.s.r.p.i.ProjectInspector - CheckoutPatchedBuildCandidate.........................NOT RUN         
08:36:39.610 [main] INFO  f.i.s.r.p.i.ProjectInspector - BuildProjectPatchedBuildCandidate.....................NOT RUN         
08:36:39.610 [main] INFO  f.i.s.r.p.i.ProjectInspector - TestProjectPatchedBuildCandidate......................NOT RUN         
08:36:39.610 [main] INFO  f.i.s.r.p.i.ProjectInspector - GatherTestInformationPatchedBuildCandidate............NOT RUN         
08:36:39.610 [main] INFO  f.i.s.r.p.i.ProjectInspector - CommitPatch...........................................NOT RUN         
08:36:39.611 [main] INFO  f.i.s.r.p.i.ProjectInspector - WritePropertyFile.....................................NOT RUN         
08:36:39.611 [main] INFO  f.i.s.r.p.i.ProjectInspector - CommitProcessEnd......................................NOT RUN         
08:36:39.611 [main] INFO  f.i.s.r.p.i.ProjectInspector - PushProcessEnd........................................NOT RUN         
08:36:39.612 [main] INFO  f.i.s.r.p.i.ProjectInspector - ----------------------------------------------------------------------
08:36:39.612 [main] INFO  f.i.s.r.p.i.ProjectInspector - PIPELINE FINDING: BUILDNOTCHECKEDOUT
08:36:39.612 [main] INFO  f.i.s.r.p.i.ProjectInspector - ----------------------------------------------------------------------
08:36:39.612 [main] INFO  f.i.s.repairnator.pipeline.Launcher - Inspector is finished. The process will exit now.
