03:46:21.928 [main] INFO  f.i.s.repairnator.pipeline.Launcher - PIPELINE VERSION: 3.0-2018-08-09 19:04
03:46:22.109 [main] INFO  f.i.s.repairnator.pipeline.Launcher - The pipeline will try to reproduce a bug from build 347011947 and its corresponding patch from build 347143689
03:46:22.109 [main] INFO  f.i.s.repairnator.pipeline.Launcher - Initialize file serializer engines.
03:46:22.111 [main] INFO  f.i.s.repairnator.pipeline.Launcher - MongoDB won't be used for serialization.
03:46:22.112 [main] INFO  f.i.s.repairnator.pipeline.Launcher - The email notifier engine won't be used.
03:46:22.116 [main] INFO  f.i.s.repairnator.pipeline.Launcher - Start by getting the build (buildId: 347011947) with the following config: RepairnatorConfig{runId='4d8bbe69-14c6-4f1d-8f48-402227d2aba3_02-18-week4-PASSING_AND_PASSING', launcherMode=BEARS, serializeJson=true, inputPath='null', outputPath='/var/log', mongodbHost='null', mongodbName='repairnator', smtpServer='null', notifyTo=[], notifyEndProcess=false, push=true, pushRemoteRepo='https://github.com/fermadeiral/bears-collection-pp', fork=false, lookFromDate=null, lookToDate=null, buildId=347011947, z3solverPath='./z3_for_linux', workspacePath='./workspace', githubToken='c8a341a903[...]', dockerImageName='null', skipDelete=false, createOutputDir=false, logDirectory='null', nbThreads=0, globalTimeout=0, whiteList=null, blackList=null, jobSleepTime=0, buildSleepTime=0, maxInspectedBuilds=0, duration=null, humanPatch=false, repository='null', clean=true, bearsMode=BOTH, bearsDelimiter = false, repairTools=NopolAllTests,NPEFix,AssertFixer,AstorJGenProg,AstorJKali,NopolSingleTest,AstorJMut,NopolTestExclusionStrategy, githubUserName= fermadeiral, githubUserEmail=fer.madeiral@gmail.com}
03:46:23.557 [main] DEBUG fr.inria.jtravis.helpers.BuildHelper - Get request to :https://api.travis-ci.org/build/347011947 done after 881 ms
03:46:23.828 [main] DEBUG fr.inria.jtravis.helpers.BuildHelper - Get request to :https://api.travis-ci.org/build/347143689 done after 127 ms
03:46:23.850 [main] INFO  f.i.s.repairnator.pipeline.Launcher - The patched build (347143689) was successfully retrieved from Travis.
03:46:25.150 [main] INFO  fr.inria.jtravis.JTravis - GitHub ratelimit: Limit: 5000 Remaining: 4838 Reset hour: 19:27:30
03:46:25.430 [main] INFO  f.i.s.r.p.i.ProjectInspector - ----------------------------------------------------------------------
03:46:25.430 [main] INFO  f.i.s.r.p.i.ProjectInspector - PIPELINE STEPS
03:46:25.430 [main] INFO  f.i.s.r.p.i.ProjectInspector - ----------------------------------------------------------------------
03:46:25.431 [main] INFO  f.i.s.r.p.i.ProjectInspector - CloneRepository
03:46:25.431 [main] INFO  f.i.s.r.p.i.ProjectInspector - CheckoutPatchedBuildCandidate
03:46:25.431 [main] INFO  f.i.s.r.p.i.ProjectInspector - ComputeSourceDir
03:46:25.431 [main] INFO  f.i.s.r.p.i.ProjectInspector - ComputeTestDir
03:46:25.431 [main] INFO  f.i.s.r.p.i.ProjectInspector - CheckoutBuggyBuildCandidateSourceCode
03:46:25.431 [main] INFO  f.i.s.r.p.i.ProjectInspector - BuildProjectBuggyBuildCandidateSourceCode
03:46:25.431 [main] INFO  f.i.s.r.p.i.ProjectInspector - TestProjectBuggyBuildCandidateSourceCode
03:46:25.432 [main] INFO  f.i.s.r.p.i.ProjectInspector - GatherTestInformationBuggyBuildCandidateSourceCode
03:46:25.432 [main] INFO  f.i.s.r.p.i.ProjectInspector - CheckoutBuggyBuildTestCode
03:46:25.432 [main] INFO  f.i.s.r.p.i.ProjectInspector - InitRepoToPush
03:46:25.432 [main] INFO  f.i.s.r.p.i.ProjectInspector - ComputeClasspath
03:46:25.432 [main] INFO  f.i.s.r.p.i.ProjectInspector - ComputeModules
03:46:25.432 [main] INFO  f.i.s.r.p.i.ProjectInspector - CheckoutBuggyBuildCandidateSourceCode
03:46:25.432 [main] INFO  f.i.s.r.p.i.ProjectInspector - CommitChangedTests
03:46:25.432 [main] INFO  f.i.s.r.p.i.ProjectInspector - CheckoutPatchedBuildCandidate
03:46:25.432 [main] INFO  f.i.s.r.p.i.ProjectInspector - BuildProjectPatchedBuildCandidate
03:46:25.433 [main] INFO  f.i.s.r.p.i.ProjectInspector - TestProjectPatchedBuildCandidate
03:46:25.433 [main] INFO  f.i.s.r.p.i.ProjectInspector - GatherTestInformationPatchedBuildCandidate
03:46:25.433 [main] INFO  f.i.s.r.p.i.ProjectInspector - CommitPatch
03:46:25.433 [main] INFO  f.i.s.r.p.i.ProjectInspector - WritePropertyFile
03:46:25.434 [main] INFO  f.i.s.r.p.i.ProjectInspector - CommitProcessEnd
03:46:25.434 [main] INFO  f.i.s.r.p.i.ProjectInspector - PushProcessEnd
03:46:25.434 [main] DEBUG f.i.s.r.process.step.CloneRepository - ----------------------------------------------------------------------
03:46:25.435 [main] DEBUG f.i.s.r.process.step.CloneRepository - STEP 1/22: CloneRepository
03:46:25.435 [main] DEBUG f.i.s.r.process.step.CloneRepository - ----------------------------------------------------------------------
03:46:25.435 [main] DEBUG f.i.s.r.process.step.CloneRepository - Cloning repository EnMasseProject/enmasse in the following directory: ./workspace/EnMasseProject/enmasse/347011947
03:46:58.083 [main] DEBUG f.i.s.r.process.step.CloneRepository - STEP STATUS: [ CloneRepository : SUCCESS ]
03:46:58.084 [main] DEBUG f.i.s.r.process.step.CloneRepository - STEP DURATION: 32s
03:46:58.085 [main] DEBUG f.i.s.r.process.step.CloneRepository - EXECUTE NEXT STEP
03:46:58.085 [main] DEBUG f.i.s.r.p.s.c.CheckoutPatchedBuild - ----------------------------------------------------------------------
03:46:58.086 [main] DEBUG f.i.s.r.p.s.c.CheckoutPatchedBuild - STEP 2/22: CheckoutPatchedBuildCandidate
03:46:58.086 [main] DEBUG f.i.s.r.p.s.c.CheckoutPatchedBuild - ----------------------------------------------------------------------
03:46:58.086 [main] DEBUG f.i.s.r.p.s.c.CheckoutPatchedBuild - Checking out patched build candidate...
03:46:58.444 [main] INFO  fr.inria.jtravis.JTravis - GitHub ratelimit: Limit: 5000 Remaining: 4814 Reset hour: 19:27:30
03:47:00.176 [main] DEBUG f.i.s.r.p.s.c.CheckoutPatchedBuild - Reproduce the PR for EnMasseProject/enmasse by fetching remote branch and merging.
03:47:00.918 [main] ERROR f.i.s.r.p.s.c.CheckoutPatchedBuild - Error while testing commit: org.eclipse.jgit.errors.MissingObjectException: Missing unknown 2433f0cef616c741759c0c45de3a1bb1f122b74e
03:47:00.919 [main] ERROR f.i.s.r.p.s.c.CheckoutPatchedBuild - Commit head ref cannot be retrieved from the repository: 2433f0cef616c741759c0c45de3a1bb1f122b74e. Operation aborted.
03:47:00.920 [main] ERROR f.i.s.r.p.s.c.CheckoutPatchedBuild - Error while merging two commits to reproduce the PR.
03:47:00.921 [main] DEBUG f.i.s.r.p.s.c.CheckoutPatchedBuild - STEP STATUS: [ CheckoutPatchedBuildCandidate : FAILURE ( BUILDNOTCHECKEDOUT ) ]
03:47:00.922 [main] DEBUG f.i.s.r.p.s.c.CheckoutPatchedBuild - STEP DURATION: 2s
03:47:00.922 [main] DEBUG f.i.s.r.p.s.c.CheckoutPatchedBuild - TERMINATE PIPELINE
03:47:00.923 [main] DEBUG f.i.s.r.p.s.c.CheckoutPatchedBuild - FINAL STEPS SKIPPED: The reproduction of the bug and/or the patch failed.
03:47:00.923 [main] INFO  f.i.s.r.p.s.c.CheckoutPatchedBuild - Serialize all data for the pair of builds 347011947, 347143689
03:47:01.082 [main] INFO  fr.inria.jtravis.JTravis - GitHub ratelimit: Limit: 5000 Remaining: 4805 Reset hour: 19:27:30
03:47:02.272 [main] INFO  f.i.s.r.p.i.ProjectInspector - ----------------------------------------------------------------------
03:47:02.272 [main] INFO  f.i.s.r.p.i.ProjectInspector - PIPELINE EXECUTION SUMMARY
03:47:02.272 [main] INFO  f.i.s.r.p.i.ProjectInspector - ----------------------------------------------------------------------
03:47:02.273 [main] INFO  f.i.s.r.p.i.ProjectInspector - CloneRepository.......................................SUCCESS [ 32 s ]
03:47:02.273 [main] INFO  f.i.s.r.p.i.ProjectInspector - CheckoutPatchedBuildCandidate.........................FAILURE [  2 s ]
03:47:02.273 [main] INFO  f.i.s.r.p.i.ProjectInspector - ComputeSourceDir......................................NOT RUN         
03:47:02.273 [main] INFO  f.i.s.r.p.i.ProjectInspector - ComputeTestDir........................................NOT RUN         
03:47:02.273 [main] INFO  f.i.s.r.p.i.ProjectInspector - CheckoutBuggyBuildCandidateSourceCode.................NOT RUN         
03:47:02.273 [main] INFO  f.i.s.r.p.i.ProjectInspector - BuildProjectBuggyBuildCandidateSourceCode.............NOT RUN         
03:47:02.273 [main] INFO  f.i.s.r.p.i.ProjectInspector - TestProjectBuggyBuildCandidateSourceCode..............NOT RUN         
03:47:02.274 [main] INFO  f.i.s.r.p.i.ProjectInspector - GatherTestInformationBuggyBuildCandidateSourceCode....NOT RUN         
03:47:02.274 [main] INFO  f.i.s.r.p.i.ProjectInspector - CheckoutBuggyBuildTestCode............................NOT RUN         
03:47:02.274 [main] INFO  f.i.s.r.p.i.ProjectInspector - InitRepoToPush........................................NOT RUN         
03:47:02.274 [main] INFO  f.i.s.r.p.i.ProjectInspector - ComputeClasspath......................................NOT RUN         
03:47:02.274 [main] INFO  f.i.s.r.p.i.ProjectInspector - ComputeModules........................................NOT RUN         
03:47:02.274 [main] INFO  f.i.s.r.p.i.ProjectInspector - CheckoutBuggyBuildCandidateSourceCode.................NOT RUN         
03:47:02.274 [main] INFO  f.i.s.r.p.i.ProjectInspector - CommitChangedTests....................................NOT RUN         
03:47:02.274 [main] INFO  f.i.s.r.p.i.ProjectInspector - CheckoutPatchedBuildCandidate.........................NOT RUN         
03:47:02.275 [main] INFO  f.i.s.r.p.i.ProjectInspector - BuildProjectPatchedBuildCandidate.....................NOT RUN         
03:47:02.275 [main] INFO  f.i.s.r.p.i.ProjectInspector - TestProjectPatchedBuildCandidate......................NOT RUN         
03:47:02.275 [main] INFO  f.i.s.r.p.i.ProjectInspector - GatherTestInformationPatchedBuildCandidate............NOT RUN         
03:47:02.275 [main] INFO  f.i.s.r.p.i.ProjectInspector - CommitPatch...........................................NOT RUN         
03:47:02.275 [main] INFO  f.i.s.r.p.i.ProjectInspector - WritePropertyFile.....................................NOT RUN         
03:47:02.275 [main] INFO  f.i.s.r.p.i.ProjectInspector - CommitProcessEnd......................................NOT RUN         
03:47:02.275 [main] INFO  f.i.s.r.p.i.ProjectInspector - PushProcessEnd........................................NOT RUN         
03:47:02.275 [main] INFO  f.i.s.r.p.i.ProjectInspector - ----------------------------------------------------------------------
03:47:02.275 [main] INFO  f.i.s.r.p.i.ProjectInspector - PIPELINE FINDING: BUILDNOTCHECKEDOUT
03:47:02.276 [main] INFO  f.i.s.r.p.i.ProjectInspector - ----------------------------------------------------------------------
03:47:02.276 [main] INFO  f.i.s.repairnator.pipeline.Launcher - Inspector is finished. The process will exit now.
