03:59:32.989 [main] INFO  f.i.s.repairnator.pipeline.Launcher - PIPELINE VERSION: 3.0-2018-08-09 19:04
03:59:33.118 [main] INFO  f.i.s.repairnator.pipeline.Launcher - The pipeline will try to reproduce a bug from build 346632464 and its corresponding patch from build 346684494
03:59:33.118 [main] INFO  f.i.s.repairnator.pipeline.Launcher - Initialize file serializer engines.
03:59:33.120 [main] INFO  f.i.s.repairnator.pipeline.Launcher - MongoDB won't be used for serialization.
03:59:33.120 [main] INFO  f.i.s.repairnator.pipeline.Launcher - The email notifier engine won't be used.
03:59:33.123 [main] INFO  f.i.s.repairnator.pipeline.Launcher - Start by getting the build (buildId: 346632464) with the following config: RepairnatorConfig{runId='4d8bbe69-14c6-4f1d-8f48-402227d2aba3_02-18-week4-PASSING_AND_PASSING', launcherMode=BEARS, serializeJson=true, inputPath='null', outputPath='/var/log', mongodbHost='null', mongodbName='repairnator', smtpServer='null', notifyTo=[], notifyEndProcess=false, push=true, pushRemoteRepo='https://github.com/fermadeiral/bears-collection-pp', fork=false, lookFromDate=null, lookToDate=null, buildId=346632464, z3solverPath='./z3_for_linux', workspacePath='./workspace', githubToken='c8a341a903[...]', dockerImageName='null', skipDelete=false, createOutputDir=false, logDirectory='null', nbThreads=0, globalTimeout=0, whiteList=null, blackList=null, jobSleepTime=0, buildSleepTime=0, maxInspectedBuilds=0, duration=null, humanPatch=false, repository='null', clean=true, bearsMode=BOTH, bearsDelimiter = false, repairTools=NopolAllTests,NPEFix,AssertFixer,AstorJGenProg,AstorJKali,NopolSingleTest,AstorJMut,NopolTestExclusionStrategy, githubUserName= fermadeiral, githubUserEmail=fer.madeiral@gmail.com}
03:59:34.546 [main] DEBUG fr.inria.jtravis.helpers.BuildHelper - Get request to :https://api.travis-ci.org/build/346632464 done after 811 ms
03:59:34.786 [main] DEBUG fr.inria.jtravis.helpers.BuildHelper - Get request to :https://api.travis-ci.org/build/346684494 done after 124 ms
03:59:34.800 [main] INFO  f.i.s.repairnator.pipeline.Launcher - The patched build (346684494) was successfully retrieved from Travis.
03:59:36.012 [main] INFO  fr.inria.jtravis.JTravis - GitHub ratelimit: Limit: 5000 Remaining: 4568 Reset hour: 19:27:30
03:59:36.810 [main] INFO  f.i.s.r.p.i.ProjectInspector - ----------------------------------------------------------------------
03:59:36.811 [main] INFO  f.i.s.r.p.i.ProjectInspector - PIPELINE STEPS
03:59:36.811 [main] INFO  f.i.s.r.p.i.ProjectInspector - ----------------------------------------------------------------------
03:59:36.812 [main] INFO  f.i.s.r.p.i.ProjectInspector - CloneRepository
03:59:36.812 [main] INFO  f.i.s.r.p.i.ProjectInspector - CheckoutPatchedBuildCandidate
03:59:36.814 [main] INFO  f.i.s.r.p.i.ProjectInspector - ComputeSourceDir
03:59:36.815 [main] INFO  f.i.s.r.p.i.ProjectInspector - ComputeTestDir
03:59:36.815 [main] INFO  f.i.s.r.p.i.ProjectInspector - CheckoutBuggyBuildCandidateSourceCode
03:59:36.815 [main] INFO  f.i.s.r.p.i.ProjectInspector - BuildProjectBuggyBuildCandidateSourceCode
03:59:36.816 [main] INFO  f.i.s.r.p.i.ProjectInspector - TestProjectBuggyBuildCandidateSourceCode
03:59:36.816 [main] INFO  f.i.s.r.p.i.ProjectInspector - GatherTestInformationBuggyBuildCandidateSourceCode
03:59:36.816 [main] INFO  f.i.s.r.p.i.ProjectInspector - CheckoutBuggyBuildTestCode
03:59:36.817 [main] INFO  f.i.s.r.p.i.ProjectInspector - InitRepoToPush
03:59:36.817 [main] INFO  f.i.s.r.p.i.ProjectInspector - ComputeClasspath
03:59:36.818 [main] INFO  f.i.s.r.p.i.ProjectInspector - ComputeModules
03:59:36.818 [main] INFO  f.i.s.r.p.i.ProjectInspector - CheckoutBuggyBuildCandidateSourceCode
03:59:36.819 [main] INFO  f.i.s.r.p.i.ProjectInspector - CommitChangedTests
03:59:36.819 [main] INFO  f.i.s.r.p.i.ProjectInspector - CheckoutPatchedBuildCandidate
03:59:36.819 [main] INFO  f.i.s.r.p.i.ProjectInspector - BuildProjectPatchedBuildCandidate
03:59:36.820 [main] INFO  f.i.s.r.p.i.ProjectInspector - TestProjectPatchedBuildCandidate
03:59:36.820 [main] INFO  f.i.s.r.p.i.ProjectInspector - GatherTestInformationPatchedBuildCandidate
03:59:36.820 [main] INFO  f.i.s.r.p.i.ProjectInspector - CommitPatch
03:59:36.821 [main] INFO  f.i.s.r.p.i.ProjectInspector - WritePropertyFile
03:59:36.822 [main] INFO  f.i.s.r.p.i.ProjectInspector - CommitProcessEnd
03:59:36.823 [main] INFO  f.i.s.r.p.i.ProjectInspector - PushProcessEnd
03:59:36.823 [main] DEBUG f.i.s.r.process.step.CloneRepository - ----------------------------------------------------------------------
03:59:36.824 [main] DEBUG f.i.s.r.process.step.CloneRepository - STEP 1/22: CloneRepository
03:59:36.824 [main] DEBUG f.i.s.r.process.step.CloneRepository - ----------------------------------------------------------------------
03:59:36.825 [main] DEBUG f.i.s.r.process.step.CloneRepository - Cloning repository EnMasseProject/enmasse in the following directory: ./workspace/EnMasseProject/enmasse/346632464
04:00:07.645 [main] DEBUG f.i.s.r.process.step.CloneRepository - STEP STATUS: [ CloneRepository : SUCCESS ]
04:00:07.645 [main] DEBUG f.i.s.r.process.step.CloneRepository - STEP DURATION: 30s
04:00:07.645 [main] DEBUG f.i.s.r.process.step.CloneRepository - EXECUTE NEXT STEP
04:00:07.646 [main] DEBUG f.i.s.r.p.s.c.CheckoutPatchedBuild - ----------------------------------------------------------------------
04:00:07.646 [main] DEBUG f.i.s.r.p.s.c.CheckoutPatchedBuild - STEP 2/22: CheckoutPatchedBuildCandidate
04:00:07.646 [main] DEBUG f.i.s.r.p.s.c.CheckoutPatchedBuild - ----------------------------------------------------------------------
04:00:07.646 [main] DEBUG f.i.s.r.p.s.c.CheckoutPatchedBuild - Checking out patched build candidate...
04:00:07.657 [main] ERROR f.i.s.r.p.s.c.CheckoutPatchedBuild - Error while testing commit: org.eclipse.jgit.errors.MissingObjectException: Missing unknown 843102dc84b0452375bbf9a432b90a6cbc596257
04:00:07.658 [main] ERROR f.i.s.r.p.s.c.CheckoutPatchedBuild - Error while getting the commit to checkout from the repo.
04:00:07.659 [main] DEBUG f.i.s.r.p.s.c.CheckoutPatchedBuild - STEP STATUS: [ CheckoutPatchedBuildCandidate : FAILURE ( BUILDNOTCHECKEDOUT ) ]
04:00:07.659 [main] DEBUG f.i.s.r.p.s.c.CheckoutPatchedBuild - STEP DURATION: 0s
04:00:07.659 [main] DEBUG f.i.s.r.p.s.c.CheckoutPatchedBuild - TERMINATE PIPELINE
04:00:07.659 [main] DEBUG f.i.s.r.p.s.c.CheckoutPatchedBuild - FINAL STEPS SKIPPED: The reproduction of the bug and/or the patch failed.
04:00:07.660 [main] INFO  f.i.s.r.p.s.c.CheckoutPatchedBuild - Serialize all data for the pair of builds 346632464, 346684494
04:00:07.963 [main] INFO  fr.inria.jtravis.JTravis - GitHub ratelimit: Limit: 5000 Remaining: 4558 Reset hour: 19:27:30
04:00:09.341 [main] INFO  f.i.s.r.p.i.ProjectInspector - ----------------------------------------------------------------------
04:00:09.341 [main] INFO  f.i.s.r.p.i.ProjectInspector - PIPELINE EXECUTION SUMMARY
04:00:09.342 [main] INFO  f.i.s.r.p.i.ProjectInspector - ----------------------------------------------------------------------
04:00:09.342 [main] INFO  f.i.s.r.p.i.ProjectInspector - CloneRepository.......................................SUCCESS [ 30 s ]
04:00:09.343 [main] INFO  f.i.s.r.p.i.ProjectInspector - CheckoutPatchedBuildCandidate.........................FAILURE [  0 s ]
04:00:09.343 [main] INFO  f.i.s.r.p.i.ProjectInspector - ComputeSourceDir......................................NOT RUN         
04:00:09.344 [main] INFO  f.i.s.r.p.i.ProjectInspector - ComputeTestDir........................................NOT RUN         
04:00:09.344 [main] INFO  f.i.s.r.p.i.ProjectInspector - CheckoutBuggyBuildCandidateSourceCode.................NOT RUN         
04:00:09.345 [main] INFO  f.i.s.r.p.i.ProjectInspector - BuildProjectBuggyBuildCandidateSourceCode.............NOT RUN         
04:00:09.345 [main] INFO  f.i.s.r.p.i.ProjectInspector - TestProjectBuggyBuildCandidateSourceCode..............NOT RUN         
04:00:09.346 [main] INFO  f.i.s.r.p.i.ProjectInspector - GatherTestInformationBuggyBuildCandidateSourceCode....NOT RUN         
04:00:09.346 [main] INFO  f.i.s.r.p.i.ProjectInspector - CheckoutBuggyBuildTestCode............................NOT RUN         
04:00:09.347 [main] INFO  f.i.s.r.p.i.ProjectInspector - InitRepoToPush........................................NOT RUN         
04:00:09.347 [main] INFO  f.i.s.r.p.i.ProjectInspector - ComputeClasspath......................................NOT RUN         
04:00:09.348 [main] INFO  f.i.s.r.p.i.ProjectInspector - ComputeModules........................................NOT RUN         
04:00:09.348 [main] INFO  f.i.s.r.p.i.ProjectInspector - CheckoutBuggyBuildCandidateSourceCode.................NOT RUN         
04:00:09.349 [main] INFO  f.i.s.r.p.i.ProjectInspector - CommitChangedTests....................................NOT RUN         
04:00:09.349 [main] INFO  f.i.s.r.p.i.ProjectInspector - CheckoutPatchedBuildCandidate.........................NOT RUN         
04:00:09.350 [main] INFO  f.i.s.r.p.i.ProjectInspector - BuildProjectPatchedBuildCandidate.....................NOT RUN         
04:00:09.351 [main] INFO  f.i.s.r.p.i.ProjectInspector - TestProjectPatchedBuildCandidate......................NOT RUN         
04:00:09.351 [main] INFO  f.i.s.r.p.i.ProjectInspector - GatherTestInformationPatchedBuildCandidate............NOT RUN         
04:00:09.352 [main] INFO  f.i.s.r.p.i.ProjectInspector - CommitPatch...........................................NOT RUN         
04:00:09.352 [main] INFO  f.i.s.r.p.i.ProjectInspector - WritePropertyFile.....................................NOT RUN         
04:00:09.353 [main] INFO  f.i.s.r.p.i.ProjectInspector - CommitProcessEnd......................................NOT RUN         
04:00:09.353 [main] INFO  f.i.s.r.p.i.ProjectInspector - PushProcessEnd........................................NOT RUN         
04:00:09.354 [main] INFO  f.i.s.r.p.i.ProjectInspector - ----------------------------------------------------------------------
04:00:09.354 [main] INFO  f.i.s.r.p.i.ProjectInspector - PIPELINE FINDING: BUILDNOTCHECKEDOUT
04:00:09.355 [main] INFO  f.i.s.r.p.i.ProjectInspector - ----------------------------------------------------------------------
04:00:09.355 [main] INFO  f.i.s.repairnator.pipeline.Launcher - Inspector is finished. The process will exit now.
