08:39:15.197 [main] INFO  f.i.s.repairnator.pipeline.Launcher - PIPELINE VERSION: 3.0-2018-08-09 19:04
08:39:15.315 [main] INFO  f.i.s.repairnator.pipeline.Launcher - The pipeline will try to reproduce a bug from build 331047162 and its corresponding patch from build 331066883
08:39:15.316 [main] INFO  f.i.s.repairnator.pipeline.Launcher - Initialize file serializer engines.
08:39:15.317 [main] INFO  f.i.s.repairnator.pipeline.Launcher - MongoDB won't be used for serialization.
08:39:15.317 [main] INFO  f.i.s.repairnator.pipeline.Launcher - The email notifier engine won't be used.
08:39:15.320 [main] INFO  f.i.s.repairnator.pipeline.Launcher - Start by getting the build (buildId: 331047162) with the following config: RepairnatorConfig{runId='a7a5945f-cafe-4f3e-93ac-cda95067199f_01-18-week3-FAILING_AND_PASSING', launcherMode=BEARS, serializeJson=true, inputPath='null', outputPath='/var/log', mongodbHost='null', mongodbName='repairnator', smtpServer='null', notifyTo=[], notifyEndProcess=false, push=true, pushRemoteRepo='https://github.com/fermadeiral/bears-collection-fp', fork=false, lookFromDate=null, lookToDate=null, buildId=331047162, z3solverPath='./z3_for_linux', workspacePath='./workspace', githubToken='c8a341a903[...]', dockerImageName='null', skipDelete=false, createOutputDir=false, logDirectory='null', nbThreads=0, globalTimeout=0, whiteList=null, blackList=null, jobSleepTime=0, buildSleepTime=0, maxInspectedBuilds=0, duration=null, humanPatch=false, repository='null', clean=true, bearsMode=BOTH, bearsDelimiter = false, repairTools=NopolAllTests,NPEFix,AssertFixer,AstorJGenProg,AstorJKali,NopolSingleTest,AstorJMut,NopolTestExclusionStrategy, githubUserName= fermadeiral, githubUserEmail=fer.madeiral@gmail.com}
08:39:16.700 [main] DEBUG fr.inria.jtravis.helpers.BuildHelper - Get request to :https://api.travis-ci.org/build/331047162 done after 942 ms
08:39:17.192 [main] DEBUG fr.inria.jtravis.helpers.BuildHelper - Get request to :https://api.travis-ci.org/build/331066883 done after 143 ms
08:39:17.209 [main] INFO  f.i.s.repairnator.pipeline.Launcher - The patched build (331066883) was successfully retrieved from Travis.
08:39:19.753 [main] INFO  fr.inria.jtravis.JTravis - GitHub ratelimit: Limit: 5000 Remaining: 4684 Reset hour: 19:17:41
08:39:20.031 [main] INFO  f.i.s.r.p.i.ProjectInspector - ----------------------------------------------------------------------
08:39:20.031 [main] INFO  f.i.s.r.p.i.ProjectInspector - PIPELINE STEPS
08:39:20.032 [main] INFO  f.i.s.r.p.i.ProjectInspector - ----------------------------------------------------------------------
08:39:20.032 [main] INFO  f.i.s.r.p.i.ProjectInspector - CloneRepository
08:39:20.032 [main] INFO  f.i.s.r.p.i.ProjectInspector - CheckoutBuggyBuildCandidate
08:39:20.032 [main] INFO  f.i.s.r.p.i.ProjectInspector - ComputeSourceDir
08:39:20.033 [main] INFO  f.i.s.r.p.i.ProjectInspector - ComputeTestDir
08:39:20.033 [main] INFO  f.i.s.r.p.i.ProjectInspector - BuildProjectBuggyBuildCandidate
08:39:20.033 [main] INFO  f.i.s.r.p.i.ProjectInspector - TestProjectBuggyBuildCandidate
08:39:20.034 [main] INFO  f.i.s.r.p.i.ProjectInspector - GatherTestInformationBuggyBuildCandidate
08:39:20.034 [main] INFO  f.i.s.r.p.i.ProjectInspector - InitRepoToPush
08:39:20.034 [main] INFO  f.i.s.r.p.i.ProjectInspector - ComputeClasspath
08:39:20.035 [main] INFO  f.i.s.r.p.i.ProjectInspector - ComputeModules
08:39:20.035 [main] INFO  f.i.s.r.p.i.ProjectInspector - CheckoutPatchedBuildCandidate
08:39:20.035 [main] INFO  f.i.s.r.p.i.ProjectInspector - BuildProjectPatchedBuildCandidate
08:39:20.036 [main] INFO  f.i.s.r.p.i.ProjectInspector - TestProjectPatchedBuildCandidate
08:39:20.036 [main] INFO  f.i.s.r.p.i.ProjectInspector - GatherTestInformationPatchedBuildCandidate
08:39:20.036 [main] INFO  f.i.s.r.p.i.ProjectInspector - CommitPatch
08:39:20.037 [main] INFO  f.i.s.r.p.i.ProjectInspector - WritePropertyFile
08:39:20.037 [main] INFO  f.i.s.r.p.i.ProjectInspector - CommitProcessEnd
08:39:20.038 [main] INFO  f.i.s.r.p.i.ProjectInspector - PushProcessEnd
08:39:20.038 [main] DEBUG f.i.s.r.process.step.CloneRepository - ----------------------------------------------------------------------
08:39:20.039 [main] DEBUG f.i.s.r.process.step.CloneRepository - STEP 1/18: CloneRepository
08:39:20.039 [main] DEBUG f.i.s.r.process.step.CloneRepository - ----------------------------------------------------------------------
08:39:20.040 [main] DEBUG f.i.s.r.process.step.CloneRepository - Cloning repository CorfuDB/CorfuDB in the following directory: ./workspace/CorfuDB/CorfuDB/331047162
08:43:33.115 [main] DEBUG f.i.s.r.process.step.CloneRepository - STEP STATUS: [ CloneRepository : SUCCESS ]
08:43:33.116 [main] DEBUG f.i.s.r.process.step.CloneRepository - STEP DURATION: 253s
08:43:33.117 [main] DEBUG f.i.s.r.process.step.CloneRepository - EXECUTE NEXT STEP
08:43:33.118 [main] DEBUG f.i.s.r.p.s.c.CheckoutBuggyBuild - ----------------------------------------------------------------------
08:43:33.118 [main] DEBUG f.i.s.r.p.s.c.CheckoutBuggyBuild - STEP 2/18: CheckoutBuggyBuildCandidate
08:43:33.118 [main] DEBUG f.i.s.r.p.s.c.CheckoutBuggyBuild - ----------------------------------------------------------------------
08:43:33.119 [main] DEBUG f.i.s.r.p.s.c.CheckoutBuggyBuild - Checking out buggy build candidate...
08:43:33.451 [main] INFO  fr.inria.jtravis.JTravis - GitHub ratelimit: Limit: 5000 Remaining: 4670 Reset hour: 19:17:41
08:43:36.549 [main] DEBUG f.i.s.r.p.s.c.CheckoutBuggyBuild - Reproduce the PR for CorfuDB/CorfuDB by fetching remote branch and merging.
08:43:37.524 [main] ERROR f.i.s.r.p.s.c.CheckoutBuggyBuild - Error while testing commit: org.eclipse.jgit.errors.MissingObjectException: Missing unknown 5dcfc937484d658f40f3a008cff635a6b8badeb6
08:43:37.525 [main] ERROR f.i.s.r.p.s.c.CheckoutBuggyBuild - Commit head ref cannot be retrieved from the repository: 5dcfc937484d658f40f3a008cff635a6b8badeb6. Operation aborted.
08:43:37.526 [main] ERROR f.i.s.r.p.s.c.CheckoutBuggyBuild - Error while merging two commits to reproduce the PR.
08:43:37.527 [main] DEBUG f.i.s.r.p.s.c.CheckoutBuggyBuild - STEP STATUS: [ CheckoutBuggyBuildCandidate : FAILURE ( BUILDNOTCHECKEDOUT ) ]
08:43:37.527 [main] DEBUG f.i.s.r.p.s.c.CheckoutBuggyBuild - STEP DURATION: 4s
08:43:37.527 [main] DEBUG f.i.s.r.p.s.c.CheckoutBuggyBuild - TERMINATE PIPELINE
08:43:37.527 [main] DEBUG f.i.s.r.p.s.c.CheckoutBuggyBuild - FINAL STEPS SKIPPED: The reproduction of the bug and/or the patch failed.
08:43:37.528 [main] INFO  f.i.s.r.p.s.c.CheckoutBuggyBuild - Serialize all data for the pair of builds 331047162, 331066883
08:43:37.647 [main] INFO  fr.inria.jtravis.JTravis - GitHub ratelimit: Limit: 5000 Remaining: 4663 Reset hour: 19:17:41
08:43:38.172 [main] INFO  f.i.s.r.p.i.ProjectInspector - ----------------------------------------------------------------------
08:43:38.172 [main] INFO  f.i.s.r.p.i.ProjectInspector - PIPELINE EXECUTION SUMMARY
08:43:38.173 [main] INFO  f.i.s.r.p.i.ProjectInspector - ----------------------------------------------------------------------
08:43:38.173 [main] INFO  f.i.s.r.p.i.ProjectInspector - CloneRepository......................................SUCCESS [ 253 s ]
08:43:38.173 [main] INFO  f.i.s.r.p.i.ProjectInspector - CheckoutBuggyBuildCandidate..........................FAILURE [   4 s ]
08:43:38.173 [main] INFO  f.i.s.r.p.i.ProjectInspector - ComputeSourceDir.....................................NOT RUN          
08:43:38.173 [main] INFO  f.i.s.r.p.i.ProjectInspector - ComputeTestDir.......................................NOT RUN          
08:43:38.174 [main] INFO  f.i.s.r.p.i.ProjectInspector - BuildProjectBuggyBuildCandidate......................NOT RUN          
08:43:38.174 [main] INFO  f.i.s.r.p.i.ProjectInspector - TestProjectBuggyBuildCandidate.......................NOT RUN          
08:43:38.174 [main] INFO  f.i.s.r.p.i.ProjectInspector - GatherTestInformationBuggyBuildCandidate.............NOT RUN          
08:43:38.174 [main] INFO  f.i.s.r.p.i.ProjectInspector - InitRepoToPush.......................................NOT RUN          
08:43:38.174 [main] INFO  f.i.s.r.p.i.ProjectInspector - ComputeClasspath.....................................NOT RUN          
08:43:38.174 [main] INFO  f.i.s.r.p.i.ProjectInspector - ComputeModules.......................................NOT RUN          
08:43:38.174 [main] INFO  f.i.s.r.p.i.ProjectInspector - CheckoutPatchedBuildCandidate........................NOT RUN          
08:43:38.174 [main] INFO  f.i.s.r.p.i.ProjectInspector - BuildProjectPatchedBuildCandidate....................NOT RUN          
08:43:38.175 [main] INFO  f.i.s.r.p.i.ProjectInspector - TestProjectPatchedBuildCandidate.....................NOT RUN          
08:43:38.175 [main] INFO  f.i.s.r.p.i.ProjectInspector - GatherTestInformationPatchedBuildCandidate...........NOT RUN          
08:43:38.175 [main] INFO  f.i.s.r.p.i.ProjectInspector - CommitPatch..........................................NOT RUN          
08:43:38.175 [main] INFO  f.i.s.r.p.i.ProjectInspector - WritePropertyFile....................................NOT RUN          
08:43:38.175 [main] INFO  f.i.s.r.p.i.ProjectInspector - CommitProcessEnd.....................................NOT RUN          
08:43:38.175 [main] INFO  f.i.s.r.p.i.ProjectInspector - PushProcessEnd.......................................NOT RUN          
08:43:38.175 [main] INFO  f.i.s.r.p.i.ProjectInspector - ----------------------------------------------------------------------
08:43:38.175 [main] INFO  f.i.s.r.p.i.ProjectInspector - PIPELINE FINDING: BUILDNOTCHECKEDOUT
08:43:38.175 [main] INFO  f.i.s.r.p.i.ProjectInspector - ----------------------------------------------------------------------
08:43:38.175 [main] INFO  f.i.s.repairnator.pipeline.Launcher - Inspector is finished. The process will exit now.
