09:34:46.457 [main] INFO  f.i.s.repairnator.pipeline.Launcher - PIPELINE VERSION: 3.0-2018-08-09 19:04
09:34:46.590 [main] INFO  f.i.s.repairnator.pipeline.Launcher - The pipeline will try to reproduce a bug from build 331525419 and its corresponding patch from build 331534258
09:34:46.590 [main] INFO  f.i.s.repairnator.pipeline.Launcher - Initialize file serializer engines.
09:34:46.592 [main] INFO  f.i.s.repairnator.pipeline.Launcher - MongoDB won't be used for serialization.
09:34:46.592 [main] INFO  f.i.s.repairnator.pipeline.Launcher - The email notifier engine won't be used.
09:34:46.595 [main] INFO  f.i.s.repairnator.pipeline.Launcher - Start by getting the build (buildId: 331525419) with the following config: RepairnatorConfig{runId='a7a5945f-cafe-4f3e-93ac-cda95067199f_01-18-week3-FAILING_AND_PASSING', launcherMode=BEARS, serializeJson=true, inputPath='null', outputPath='/var/log', mongodbHost='null', mongodbName='repairnator', smtpServer='null', notifyTo=[], notifyEndProcess=false, push=true, pushRemoteRepo='https://github.com/fermadeiral/bears-collection-fp', fork=false, lookFromDate=null, lookToDate=null, buildId=331525419, z3solverPath='./z3_for_linux', workspacePath='./workspace', githubToken='c8a341a903[...]', dockerImageName='null', skipDelete=false, createOutputDir=false, logDirectory='null', nbThreads=0, globalTimeout=0, whiteList=null, blackList=null, jobSleepTime=0, buildSleepTime=0, maxInspectedBuilds=0, duration=null, humanPatch=false, repository='null', clean=true, bearsMode=BOTH, bearsDelimiter = false, repairTools=NopolAllTests,NPEFix,AssertFixer,AstorJGenProg,AstorJKali,NopolSingleTest,AstorJMut,NopolTestExclusionStrategy, githubUserName= fermadeiral, githubUserEmail=fer.madeiral@gmail.com}
09:34:47.881 [main] DEBUG fr.inria.jtravis.helpers.BuildHelper - Get request to :https://api.travis-ci.org/build/331525419 done after 781 ms
09:34:48.113 [main] DEBUG fr.inria.jtravis.helpers.BuildHelper - Get request to :https://api.travis-ci.org/build/331534258 done after 141 ms
09:34:48.124 [main] INFO  f.i.s.repairnator.pipeline.Launcher - The patched build (331534258) was successfully retrieved from Travis.
09:34:49.254 [main] INFO  fr.inria.jtravis.JTravis - GitHub ratelimit: Limit: 5000 Remaining: 4796 Reset hour: 19:17:45
09:34:49.510 [main] INFO  f.i.s.r.p.i.ProjectInspector - ----------------------------------------------------------------------
09:34:49.511 [main] INFO  f.i.s.r.p.i.ProjectInspector - PIPELINE STEPS
09:34:49.511 [main] INFO  f.i.s.r.p.i.ProjectInspector - ----------------------------------------------------------------------
09:34:49.511 [main] INFO  f.i.s.r.p.i.ProjectInspector - CloneRepository
09:34:49.511 [main] INFO  f.i.s.r.p.i.ProjectInspector - CheckoutBuggyBuildCandidate
09:34:49.511 [main] INFO  f.i.s.r.p.i.ProjectInspector - ComputeSourceDir
09:34:49.511 [main] INFO  f.i.s.r.p.i.ProjectInspector - ComputeTestDir
09:34:49.512 [main] INFO  f.i.s.r.p.i.ProjectInspector - BuildProjectBuggyBuildCandidate
09:34:49.512 [main] INFO  f.i.s.r.p.i.ProjectInspector - TestProjectBuggyBuildCandidate
09:34:49.512 [main] INFO  f.i.s.r.p.i.ProjectInspector - GatherTestInformationBuggyBuildCandidate
09:34:49.512 [main] INFO  f.i.s.r.p.i.ProjectInspector - InitRepoToPush
09:34:49.512 [main] INFO  f.i.s.r.p.i.ProjectInspector - ComputeClasspath
09:34:49.512 [main] INFO  f.i.s.r.p.i.ProjectInspector - ComputeModules
09:34:49.512 [main] INFO  f.i.s.r.p.i.ProjectInspector - CheckoutPatchedBuildCandidate
09:34:49.513 [main] INFO  f.i.s.r.p.i.ProjectInspector - BuildProjectPatchedBuildCandidate
09:34:49.514 [main] INFO  f.i.s.r.p.i.ProjectInspector - TestProjectPatchedBuildCandidate
09:34:49.514 [main] INFO  f.i.s.r.p.i.ProjectInspector - GatherTestInformationPatchedBuildCandidate
09:34:49.514 [main] INFO  f.i.s.r.p.i.ProjectInspector - CommitPatch
09:34:49.514 [main] INFO  f.i.s.r.p.i.ProjectInspector - WritePropertyFile
09:34:49.514 [main] INFO  f.i.s.r.p.i.ProjectInspector - CommitProcessEnd
09:34:49.514 [main] INFO  f.i.s.r.p.i.ProjectInspector - PushProcessEnd
09:34:49.515 [main] DEBUG f.i.s.r.process.step.CloneRepository - ----------------------------------------------------------------------
09:34:49.515 [main] DEBUG f.i.s.r.process.step.CloneRepository - STEP 1/18: CloneRepository
09:34:49.515 [main] DEBUG f.i.s.r.process.step.CloneRepository - ----------------------------------------------------------------------
09:34:49.515 [main] DEBUG f.i.s.r.process.step.CloneRepository - Cloning repository StuPro-TOSCAna/TOSCAna in the following directory: ./workspace/StuPro-TOSCAna/TOSCAna/331525419
09:35:05.136 [main] DEBUG f.i.s.r.process.step.CloneRepository - STEP STATUS: [ CloneRepository : SUCCESS ]
09:35:05.137 [main] DEBUG f.i.s.r.process.step.CloneRepository - STEP DURATION: 15s
09:35:05.137 [main] DEBUG f.i.s.r.process.step.CloneRepository - EXECUTE NEXT STEP
09:35:05.137 [main] DEBUG f.i.s.r.p.s.c.CheckoutBuggyBuild - ----------------------------------------------------------------------
09:35:05.137 [main] DEBUG f.i.s.r.p.s.c.CheckoutBuggyBuild - STEP 2/18: CheckoutBuggyBuildCandidate
09:35:05.138 [main] DEBUG f.i.s.r.p.s.c.CheckoutBuggyBuild - ----------------------------------------------------------------------
09:35:05.138 [main] DEBUG f.i.s.r.p.s.c.CheckoutBuggyBuild - Checking out buggy build candidate...
09:35:05.449 [main] INFO  fr.inria.jtravis.JTravis - GitHub ratelimit: Limit: 5000 Remaining: 4794 Reset hour: 19:17:45
09:35:07.011 [main] DEBUG f.i.s.r.p.s.c.CheckoutBuggyBuild - Reproduce the PR for StuPro-TOSCAna/TOSCAna by fetching remote branch and merging.
09:35:07.148 [main] ERROR f.i.s.r.p.s.c.CheckoutBuggyBuild - Error while testing commit: org.eclipse.jgit.errors.MissingObjectException: Missing unknown 3c9dd12fd5556272b0ed4335200609be0cfef608
09:35:07.150 [main] ERROR f.i.s.r.p.s.c.CheckoutBuggyBuild - Commit head ref cannot be retrieved from the repository: 3c9dd12fd5556272b0ed4335200609be0cfef608. Operation aborted.
09:35:07.150 [main] ERROR f.i.s.r.p.s.c.CheckoutBuggyBuild - Error while merging two commits to reproduce the PR.
09:35:07.151 [main] DEBUG f.i.s.r.p.s.c.CheckoutBuggyBuild - STEP STATUS: [ CheckoutBuggyBuildCandidate : FAILURE ( BUILDNOTCHECKEDOUT ) ]
09:35:07.152 [main] DEBUG f.i.s.r.p.s.c.CheckoutBuggyBuild - STEP DURATION: 2s
09:35:07.152 [main] DEBUG f.i.s.r.p.s.c.CheckoutBuggyBuild - TERMINATE PIPELINE
09:35:07.152 [main] DEBUG f.i.s.r.p.s.c.CheckoutBuggyBuild - FINAL STEPS SKIPPED: The reproduction of the bug and/or the patch failed.
09:35:07.152 [main] INFO  f.i.s.r.p.s.c.CheckoutBuggyBuild - Serialize all data for the pair of builds 331525419, 331534258
09:35:07.268 [main] INFO  fr.inria.jtravis.JTravis - GitHub ratelimit: Limit: 5000 Remaining: 4787 Reset hour: 19:17:45
09:35:07.838 [main] INFO  f.i.s.r.p.i.ProjectInspector - ----------------------------------------------------------------------
09:35:07.838 [main] INFO  f.i.s.r.p.i.ProjectInspector - PIPELINE EXECUTION SUMMARY
09:35:07.838 [main] INFO  f.i.s.r.p.i.ProjectInspector - ----------------------------------------------------------------------
09:35:07.839 [main] INFO  f.i.s.r.p.i.ProjectInspector - CloneRepository.......................................SUCCESS [ 15 s ]
09:35:07.839 [main] INFO  f.i.s.r.p.i.ProjectInspector - CheckoutBuggyBuildCandidate...........................FAILURE [  2 s ]
09:35:07.839 [main] INFO  f.i.s.r.p.i.ProjectInspector - ComputeSourceDir......................................NOT RUN         
09:35:07.840 [main] INFO  f.i.s.r.p.i.ProjectInspector - ComputeTestDir........................................NOT RUN         
09:35:07.840 [main] INFO  f.i.s.r.p.i.ProjectInspector - BuildProjectBuggyBuildCandidate.......................NOT RUN         
09:35:07.840 [main] INFO  f.i.s.r.p.i.ProjectInspector - TestProjectBuggyBuildCandidate........................NOT RUN         
09:35:07.840 [main] INFO  f.i.s.r.p.i.ProjectInspector - GatherTestInformationBuggyBuildCandidate..............NOT RUN         
09:35:07.841 [main] INFO  f.i.s.r.p.i.ProjectInspector - InitRepoToPush........................................NOT RUN         
09:35:07.841 [main] INFO  f.i.s.r.p.i.ProjectInspector - ComputeClasspath......................................NOT RUN         
09:35:07.846 [main] INFO  f.i.s.r.p.i.ProjectInspector - ComputeModules........................................NOT RUN         
09:35:07.846 [main] INFO  f.i.s.r.p.i.ProjectInspector - CheckoutPatchedBuildCandidate.........................NOT RUN         
09:35:07.846 [main] INFO  f.i.s.r.p.i.ProjectInspector - BuildProjectPatchedBuildCandidate.....................NOT RUN         
09:35:07.847 [main] INFO  f.i.s.r.p.i.ProjectInspector - TestProjectPatchedBuildCandidate......................NOT RUN         
09:35:07.847 [main] INFO  f.i.s.r.p.i.ProjectInspector - GatherTestInformationPatchedBuildCandidate............NOT RUN         
09:35:07.847 [main] INFO  f.i.s.r.p.i.ProjectInspector - CommitPatch...........................................NOT RUN         
09:35:07.848 [main] INFO  f.i.s.r.p.i.ProjectInspector - WritePropertyFile.....................................NOT RUN         
09:35:07.848 [main] INFO  f.i.s.r.p.i.ProjectInspector - CommitProcessEnd......................................NOT RUN         
09:35:07.848 [main] INFO  f.i.s.r.p.i.ProjectInspector - PushProcessEnd........................................NOT RUN         
09:35:07.848 [main] INFO  f.i.s.r.p.i.ProjectInspector - ----------------------------------------------------------------------
09:35:07.849 [main] INFO  f.i.s.r.p.i.ProjectInspector - PIPELINE FINDING: BUILDNOTCHECKEDOUT
09:35:07.849 [main] INFO  f.i.s.r.p.i.ProjectInspector - ----------------------------------------------------------------------
09:35:07.849 [main] INFO  f.i.s.repairnator.pipeline.Launcher - Inspector is finished. The process will exit now.
