05:03:01.203 [main] INFO  f.i.s.repairnator.pipeline.Launcher - PIPELINE VERSION: 3.0-2018-08-09 19:04
05:03:01.440 [main] INFO  f.i.s.repairnator.pipeline.Launcher - The pipeline will try to reproduce a bug from build 329747630 and its corresponding patch from build 330624355
05:03:01.441 [main] INFO  f.i.s.repairnator.pipeline.Launcher - Initialize file serializer engines.
05:03:01.442 [main] INFO  f.i.s.repairnator.pipeline.Launcher - MongoDB won't be used for serialization.
05:03:01.442 [main] INFO  f.i.s.repairnator.pipeline.Launcher - The email notifier engine won't be used.
05:03:01.450 [main] INFO  f.i.s.repairnator.pipeline.Launcher - Start by getting the build (buildId: 329747630) with the following config: RepairnatorConfig{runId='a7a5945f-cafe-4f3e-93ac-cda95067199f_01-18-week3-FAILING_AND_PASSING', launcherMode=BEARS, serializeJson=true, inputPath='null', outputPath='/var/log', mongodbHost='null', mongodbName='repairnator', smtpServer='null', notifyTo=[], notifyEndProcess=false, push=true, pushRemoteRepo='https://github.com/fermadeiral/bears-collection-fp', fork=false, lookFromDate=null, lookToDate=null, buildId=329747630, z3solverPath='./z3_for_linux', workspacePath='./workspace', githubToken='c8a341a903[...]', dockerImageName='null', skipDelete=false, createOutputDir=false, logDirectory='null', nbThreads=0, globalTimeout=0, whiteList=null, blackList=null, jobSleepTime=0, buildSleepTime=0, maxInspectedBuilds=0, duration=null, humanPatch=false, repository='null', clean=true, bearsMode=BOTH, bearsDelimiter = false, repairTools=NopolAllTests,NPEFix,AssertFixer,AstorJGenProg,AstorJKali,NopolSingleTest,AstorJMut,NopolTestExclusionStrategy, githubUserName= fermadeiral, githubUserEmail=fer.madeiral@gmail.com}
05:03:02.898 [main] DEBUG fr.inria.jtravis.helpers.BuildHelper - Get request to :https://api.travis-ci.org/build/329747630 done after 885 ms
05:03:03.192 [main] DEBUG fr.inria.jtravis.helpers.BuildHelper - Get request to :https://api.travis-ci.org/build/330624355 done after 143 ms
05:03:03.211 [main] INFO  f.i.s.repairnator.pipeline.Launcher - The patched build (330624355) was successfully retrieved from Travis.
05:03:04.325 [main] INFO  fr.inria.jtravis.JTravis - GitHub ratelimit: Limit: 5000 Remaining: 4802 Reset hour: 19:17:28
05:03:04.601 [main] INFO  f.i.s.r.p.i.ProjectInspector - ----------------------------------------------------------------------
05:03:04.601 [main] INFO  f.i.s.r.p.i.ProjectInspector - PIPELINE STEPS
05:03:04.601 [main] INFO  f.i.s.r.p.i.ProjectInspector - ----------------------------------------------------------------------
05:03:04.602 [main] INFO  f.i.s.r.p.i.ProjectInspector - CloneRepository
05:03:04.602 [main] INFO  f.i.s.r.p.i.ProjectInspector - CheckoutBuggyBuildCandidate
05:03:04.602 [main] INFO  f.i.s.r.p.i.ProjectInspector - ComputeSourceDir
05:03:04.602 [main] INFO  f.i.s.r.p.i.ProjectInspector - ComputeTestDir
05:03:04.602 [main] INFO  f.i.s.r.p.i.ProjectInspector - BuildProjectBuggyBuildCandidate
05:03:04.602 [main] INFO  f.i.s.r.p.i.ProjectInspector - TestProjectBuggyBuildCandidate
05:03:04.602 [main] INFO  f.i.s.r.p.i.ProjectInspector - GatherTestInformationBuggyBuildCandidate
05:03:04.602 [main] INFO  f.i.s.r.p.i.ProjectInspector - InitRepoToPush
05:03:04.603 [main] INFO  f.i.s.r.p.i.ProjectInspector - ComputeClasspath
05:03:04.603 [main] INFO  f.i.s.r.p.i.ProjectInspector - ComputeModules
05:03:04.603 [main] INFO  f.i.s.r.p.i.ProjectInspector - CheckoutPatchedBuildCandidate
05:03:04.603 [main] INFO  f.i.s.r.p.i.ProjectInspector - BuildProjectPatchedBuildCandidate
05:03:04.603 [main] INFO  f.i.s.r.p.i.ProjectInspector - TestProjectPatchedBuildCandidate
05:03:04.603 [main] INFO  f.i.s.r.p.i.ProjectInspector - GatherTestInformationPatchedBuildCandidate
05:03:04.603 [main] INFO  f.i.s.r.p.i.ProjectInspector - CommitPatch
05:03:04.603 [main] INFO  f.i.s.r.p.i.ProjectInspector - WritePropertyFile
05:03:04.604 [main] INFO  f.i.s.r.p.i.ProjectInspector - CommitProcessEnd
05:03:04.604 [main] INFO  f.i.s.r.p.i.ProjectInspector - PushProcessEnd
05:03:04.604 [main] DEBUG f.i.s.r.process.step.CloneRepository - ----------------------------------------------------------------------
05:03:04.604 [main] DEBUG f.i.s.r.process.step.CloneRepository - STEP 1/18: CloneRepository
05:03:04.604 [main] DEBUG f.i.s.r.process.step.CloneRepository - ----------------------------------------------------------------------
05:03:04.605 [main] DEBUG f.i.s.r.process.step.CloneRepository - Cloning repository prestodb/presto in the following directory: ./workspace/prestodb/presto/329747630
05:03:48.308 [main] DEBUG f.i.s.r.process.step.CloneRepository - STEP STATUS: [ CloneRepository : SUCCESS ]
05:03:48.308 [main] DEBUG f.i.s.r.process.step.CloneRepository - STEP DURATION: 43s
05:03:48.308 [main] DEBUG f.i.s.r.process.step.CloneRepository - EXECUTE NEXT STEP
05:03:48.309 [main] DEBUG f.i.s.r.p.s.c.CheckoutBuggyBuild - ----------------------------------------------------------------------
05:03:48.309 [main] DEBUG f.i.s.r.p.s.c.CheckoutBuggyBuild - STEP 2/18: CheckoutBuggyBuildCandidate
05:03:48.309 [main] DEBUG f.i.s.r.p.s.c.CheckoutBuggyBuild - ----------------------------------------------------------------------
05:03:48.309 [main] DEBUG f.i.s.r.p.s.c.CheckoutBuggyBuild - Checking out buggy build candidate...
05:03:48.640 [main] INFO  fr.inria.jtravis.JTravis - GitHub ratelimit: Limit: 5000 Remaining: 4794 Reset hour: 19:17:28
05:03:51.902 [main] DEBUG f.i.s.r.p.s.c.CheckoutBuggyBuild - Reproduce the PR for prestodb/presto by fetching remote branch and merging.
05:03:55.339 [main] ERROR f.i.s.r.p.s.c.CheckoutBuggyBuild - Error while testing commit: org.eclipse.jgit.errors.MissingObjectException: Missing unknown 3f3679797785ae416e01d1c97b53a0bd4848e731
05:03:55.340 [main] ERROR f.i.s.r.p.s.c.CheckoutBuggyBuild - Commit head ref cannot be retrieved from the repository: 3f3679797785ae416e01d1c97b53a0bd4848e731. Operation aborted.
05:03:55.340 [main] ERROR f.i.s.r.p.s.c.CheckoutBuggyBuild - Error while merging two commits to reproduce the PR.
05:03:55.341 [main] DEBUG f.i.s.r.p.s.c.CheckoutBuggyBuild - STEP STATUS: [ CheckoutBuggyBuildCandidate : FAILURE ( BUILDNOTCHECKEDOUT ) ]
05:03:55.341 [main] DEBUG f.i.s.r.p.s.c.CheckoutBuggyBuild - STEP DURATION: 7s
05:03:55.341 [main] DEBUG f.i.s.r.p.s.c.CheckoutBuggyBuild - TERMINATE PIPELINE
05:03:55.341 [main] DEBUG f.i.s.r.p.s.c.CheckoutBuggyBuild - FINAL STEPS SKIPPED: The reproduction of the bug and/or the patch failed.
05:03:55.342 [main] INFO  f.i.s.r.p.s.c.CheckoutBuggyBuild - Serialize all data for the pair of builds 329747630, 330624355
05:03:55.466 [main] INFO  fr.inria.jtravis.JTravis - GitHub ratelimit: Limit: 5000 Remaining: 4787 Reset hour: 19:17:28
05:03:56.985 [main] INFO  f.i.s.r.p.i.ProjectInspector - ----------------------------------------------------------------------
05:03:56.986 [main] INFO  f.i.s.r.p.i.ProjectInspector - PIPELINE EXECUTION SUMMARY
05:03:56.986 [main] INFO  f.i.s.r.p.i.ProjectInspector - ----------------------------------------------------------------------
05:03:56.986 [main] INFO  f.i.s.r.p.i.ProjectInspector - CloneRepository.......................................SUCCESS [ 43 s ]
05:03:56.986 [main] INFO  f.i.s.r.p.i.ProjectInspector - CheckoutBuggyBuildCandidate...........................FAILURE [  7 s ]
05:03:56.986 [main] INFO  f.i.s.r.p.i.ProjectInspector - ComputeSourceDir......................................NOT RUN         
05:03:56.987 [main] INFO  f.i.s.r.p.i.ProjectInspector - ComputeTestDir........................................NOT RUN         
05:03:56.987 [main] INFO  f.i.s.r.p.i.ProjectInspector - BuildProjectBuggyBuildCandidate.......................NOT RUN         
05:03:56.987 [main] INFO  f.i.s.r.p.i.ProjectInspector - TestProjectBuggyBuildCandidate........................NOT RUN         
05:03:56.987 [main] INFO  f.i.s.r.p.i.ProjectInspector - GatherTestInformationBuggyBuildCandidate..............NOT RUN         
05:03:56.987 [main] INFO  f.i.s.r.p.i.ProjectInspector - InitRepoToPush........................................NOT RUN         
05:03:56.987 [main] INFO  f.i.s.r.p.i.ProjectInspector - ComputeClasspath......................................NOT RUN         
05:03:56.987 [main] INFO  f.i.s.r.p.i.ProjectInspector - ComputeModules........................................NOT RUN         
05:03:56.987 [main] INFO  f.i.s.r.p.i.ProjectInspector - CheckoutPatchedBuildCandidate.........................NOT RUN         
05:03:56.988 [main] INFO  f.i.s.r.p.i.ProjectInspector - BuildProjectPatchedBuildCandidate.....................NOT RUN         
05:03:56.992 [main] INFO  f.i.s.r.p.i.ProjectInspector - TestProjectPatchedBuildCandidate......................NOT RUN         
05:03:56.992 [main] INFO  f.i.s.r.p.i.ProjectInspector - GatherTestInformationPatchedBuildCandidate............NOT RUN         
05:03:56.993 [main] INFO  f.i.s.r.p.i.ProjectInspector - CommitPatch...........................................NOT RUN         
05:03:56.993 [main] INFO  f.i.s.r.p.i.ProjectInspector - WritePropertyFile.....................................NOT RUN         
05:03:56.993 [main] INFO  f.i.s.r.p.i.ProjectInspector - CommitProcessEnd......................................NOT RUN         
05:03:56.993 [main] INFO  f.i.s.r.p.i.ProjectInspector - PushProcessEnd........................................NOT RUN         
05:03:56.993 [main] INFO  f.i.s.r.p.i.ProjectInspector - ----------------------------------------------------------------------
05:03:56.993 [main] INFO  f.i.s.r.p.i.ProjectInspector - PIPELINE FINDING: BUILDNOTCHECKEDOUT
05:03:56.994 [main] INFO  f.i.s.r.p.i.ProjectInspector - ----------------------------------------------------------------------
05:03:56.994 [main] INFO  f.i.s.repairnator.pipeline.Launcher - Inspector is finished. The process will exit now.
