09:36:12.487 [main] INFO  f.i.s.repairnator.pipeline.Launcher - PIPELINE VERSION: 3.0-2018-08-09 19:04
09:36:12.611 [main] INFO  f.i.s.repairnator.pipeline.Launcher - The pipeline will try to reproduce a bug from build 330826773 and its corresponding patch from build 330844571
09:36:12.612 [main] INFO  f.i.s.repairnator.pipeline.Launcher - Initialize file serializer engines.
09:36:12.613 [main] INFO  f.i.s.repairnator.pipeline.Launcher - MongoDB won't be used for serialization.
09:36:12.614 [main] INFO  f.i.s.repairnator.pipeline.Launcher - The email notifier engine won't be used.
09:36:12.617 [main] INFO  f.i.s.repairnator.pipeline.Launcher - Start by getting the build (buildId: 330826773) with the following config: RepairnatorConfig{runId='a7a5945f-cafe-4f3e-93ac-cda95067199f_01-18-week3-FAILING_AND_PASSING', launcherMode=BEARS, serializeJson=true, inputPath='null', outputPath='/var/log', mongodbHost='null', mongodbName='repairnator', smtpServer='null', notifyTo=[], notifyEndProcess=false, push=true, pushRemoteRepo='https://github.com/fermadeiral/bears-collection-fp', fork=false, lookFromDate=null, lookToDate=null, buildId=330826773, z3solverPath='./z3_for_linux', workspacePath='./workspace', githubToken='c8a341a903[...]', dockerImageName='null', skipDelete=false, createOutputDir=false, logDirectory='null', nbThreads=0, globalTimeout=0, whiteList=null, blackList=null, jobSleepTime=0, buildSleepTime=0, maxInspectedBuilds=0, duration=null, humanPatch=false, repository='null', clean=true, bearsMode=BOTH, bearsDelimiter = false, repairTools=NopolAllTests,NPEFix,AssertFixer,AstorJGenProg,AstorJKali,NopolSingleTest,AstorJMut,NopolTestExclusionStrategy, githubUserName= fermadeiral, githubUserEmail=fer.madeiral@gmail.com}
09:36:14.082 [main] DEBUG fr.inria.jtravis.helpers.BuildHelper - Get request to :https://api.travis-ci.org/build/330826773 done after 1002 ms
09:36:14.331 [main] DEBUG fr.inria.jtravis.helpers.BuildHelper - Get request to :https://api.travis-ci.org/build/330844571 done after 133 ms
09:36:14.360 [main] INFO  f.i.s.repairnator.pipeline.Launcher - The patched build (330844571) was successfully retrieved from Travis.
09:36:15.711 [main] INFO  fr.inria.jtravis.JTravis - GitHub ratelimit: Limit: 5000 Remaining: 4744 Reset hour: 19:17:45
09:36:15.995 [main] INFO  f.i.s.r.p.i.ProjectInspector - ----------------------------------------------------------------------
09:36:15.995 [main] INFO  f.i.s.r.p.i.ProjectInspector - PIPELINE STEPS
09:36:15.995 [main] INFO  f.i.s.r.p.i.ProjectInspector - ----------------------------------------------------------------------
09:36:15.996 [main] INFO  f.i.s.r.p.i.ProjectInspector - CloneRepository
09:36:15.996 [main] INFO  f.i.s.r.p.i.ProjectInspector - CheckoutBuggyBuildCandidate
09:36:15.996 [main] INFO  f.i.s.r.p.i.ProjectInspector - ComputeSourceDir
09:36:15.996 [main] INFO  f.i.s.r.p.i.ProjectInspector - ComputeTestDir
09:36:15.997 [main] INFO  f.i.s.r.p.i.ProjectInspector - BuildProjectBuggyBuildCandidate
09:36:15.997 [main] INFO  f.i.s.r.p.i.ProjectInspector - TestProjectBuggyBuildCandidate
09:36:15.997 [main] INFO  f.i.s.r.p.i.ProjectInspector - GatherTestInformationBuggyBuildCandidate
09:36:15.997 [main] INFO  f.i.s.r.p.i.ProjectInspector - InitRepoToPush
09:36:15.998 [main] INFO  f.i.s.r.p.i.ProjectInspector - ComputeClasspath
09:36:15.998 [main] INFO  f.i.s.r.p.i.ProjectInspector - ComputeModules
09:36:15.998 [main] INFO  f.i.s.r.p.i.ProjectInspector - CheckoutPatchedBuildCandidate
09:36:15.999 [main] INFO  f.i.s.r.p.i.ProjectInspector - BuildProjectPatchedBuildCandidate
09:36:15.999 [main] INFO  f.i.s.r.p.i.ProjectInspector - TestProjectPatchedBuildCandidate
09:36:15.999 [main] INFO  f.i.s.r.p.i.ProjectInspector - GatherTestInformationPatchedBuildCandidate
09:36:16.000 [main] INFO  f.i.s.r.p.i.ProjectInspector - CommitPatch
09:36:16.000 [main] INFO  f.i.s.r.p.i.ProjectInspector - WritePropertyFile
09:36:16.001 [main] INFO  f.i.s.r.p.i.ProjectInspector - CommitProcessEnd
09:36:16.001 [main] INFO  f.i.s.r.p.i.ProjectInspector - PushProcessEnd
09:36:16.002 [main] DEBUG f.i.s.r.process.step.CloneRepository - ----------------------------------------------------------------------
09:36:16.002 [main] DEBUG f.i.s.r.process.step.CloneRepository - STEP 1/18: CloneRepository
09:36:16.003 [main] DEBUG f.i.s.r.process.step.CloneRepository - ----------------------------------------------------------------------
09:36:16.003 [main] DEBUG f.i.s.r.process.step.CloneRepository - Cloning repository StuPro-TOSCAna/TOSCAna in the following directory: ./workspace/StuPro-TOSCAna/TOSCAna/330826773
09:36:38.457 [main] DEBUG f.i.s.r.process.step.CloneRepository - STEP STATUS: [ CloneRepository : SUCCESS ]
09:36:38.464 [main] DEBUG f.i.s.r.process.step.CloneRepository - STEP DURATION: 22s
09:36:38.465 [main] DEBUG f.i.s.r.process.step.CloneRepository - EXECUTE NEXT STEP
09:36:38.465 [main] DEBUG f.i.s.r.p.s.c.CheckoutBuggyBuild - ----------------------------------------------------------------------
09:36:38.466 [main] DEBUG f.i.s.r.p.s.c.CheckoutBuggyBuild - STEP 2/18: CheckoutBuggyBuildCandidate
09:36:38.466 [main] DEBUG f.i.s.r.p.s.c.CheckoutBuggyBuild - ----------------------------------------------------------------------
09:36:38.466 [main] DEBUG f.i.s.r.p.s.c.CheckoutBuggyBuild - Checking out buggy build candidate...
09:36:38.814 [main] INFO  fr.inria.jtravis.JTravis - GitHub ratelimit: Limit: 5000 Remaining: 4731 Reset hour: 19:17:45
09:36:41.342 [main] DEBUG f.i.s.r.p.s.c.CheckoutBuggyBuild - Reproduce the PR for StuPro-TOSCAna/TOSCAna by fetching remote branch and merging.
09:36:41.511 [main] ERROR f.i.s.r.p.s.c.CheckoutBuggyBuild - Error while testing commit: org.eclipse.jgit.errors.MissingObjectException: Missing unknown 56477229e9fbec311b9a2a35cf1b47b5302e9551
09:36:41.513 [main] ERROR f.i.s.r.p.s.c.CheckoutBuggyBuild - Commit head ref cannot be retrieved from the repository: 56477229e9fbec311b9a2a35cf1b47b5302e9551. Operation aborted.
09:36:41.513 [main] ERROR f.i.s.r.p.s.c.CheckoutBuggyBuild - Error while merging two commits to reproduce the PR.
09:36:41.515 [main] DEBUG f.i.s.r.p.s.c.CheckoutBuggyBuild - STEP STATUS: [ CheckoutBuggyBuildCandidate : FAILURE ( BUILDNOTCHECKEDOUT ) ]
09:36:41.515 [main] DEBUG f.i.s.r.p.s.c.CheckoutBuggyBuild - STEP DURATION: 3s
09:36:41.515 [main] DEBUG f.i.s.r.p.s.c.CheckoutBuggyBuild - TERMINATE PIPELINE
09:36:41.516 [main] DEBUG f.i.s.r.p.s.c.CheckoutBuggyBuild - FINAL STEPS SKIPPED: The reproduction of the bug and/or the patch failed.
09:36:41.516 [main] INFO  f.i.s.r.p.s.c.CheckoutBuggyBuild - Serialize all data for the pair of builds 330826773, 330844571
09:36:41.633 [main] INFO  fr.inria.jtravis.JTravis - GitHub ratelimit: Limit: 5000 Remaining: 4722 Reset hour: 19:17:45
09:36:42.369 [main] INFO  f.i.s.r.p.i.ProjectInspector - ----------------------------------------------------------------------
09:36:42.370 [main] INFO  f.i.s.r.p.i.ProjectInspector - PIPELINE EXECUTION SUMMARY
09:36:42.370 [main] INFO  f.i.s.r.p.i.ProjectInspector - ----------------------------------------------------------------------
09:36:42.371 [main] INFO  f.i.s.r.p.i.ProjectInspector - CloneRepository.......................................SUCCESS [ 22 s ]
09:36:42.371 [main] INFO  f.i.s.r.p.i.ProjectInspector - CheckoutBuggyBuildCandidate...........................FAILURE [  3 s ]
09:36:42.372 [main] INFO  f.i.s.r.p.i.ProjectInspector - ComputeSourceDir......................................NOT RUN         
09:36:42.372 [main] INFO  f.i.s.r.p.i.ProjectInspector - ComputeTestDir........................................NOT RUN         
09:36:42.373 [main] INFO  f.i.s.r.p.i.ProjectInspector - BuildProjectBuggyBuildCandidate.......................NOT RUN         
09:36:42.373 [main] INFO  f.i.s.r.p.i.ProjectInspector - TestProjectBuggyBuildCandidate........................NOT RUN         
09:36:42.374 [main] INFO  f.i.s.r.p.i.ProjectInspector - GatherTestInformationBuggyBuildCandidate..............NOT RUN         
09:36:42.374 [main] INFO  f.i.s.r.p.i.ProjectInspector - InitRepoToPush........................................NOT RUN         
09:36:42.374 [main] INFO  f.i.s.r.p.i.ProjectInspector - ComputeClasspath......................................NOT RUN         
09:36:42.375 [main] INFO  f.i.s.r.p.i.ProjectInspector - ComputeModules........................................NOT RUN         
09:36:42.375 [main] INFO  f.i.s.r.p.i.ProjectInspector - CheckoutPatchedBuildCandidate.........................NOT RUN         
09:36:42.375 [main] INFO  f.i.s.r.p.i.ProjectInspector - BuildProjectPatchedBuildCandidate.....................NOT RUN         
09:36:42.376 [main] INFO  f.i.s.r.p.i.ProjectInspector - TestProjectPatchedBuildCandidate......................NOT RUN         
09:36:42.376 [main] INFO  f.i.s.r.p.i.ProjectInspector - GatherTestInformationPatchedBuildCandidate............NOT RUN         
09:36:42.376 [main] INFO  f.i.s.r.p.i.ProjectInspector - CommitPatch...........................................NOT RUN         
09:36:42.376 [main] INFO  f.i.s.r.p.i.ProjectInspector - WritePropertyFile.....................................NOT RUN         
09:36:42.377 [main] INFO  f.i.s.r.p.i.ProjectInspector - CommitProcessEnd......................................NOT RUN         
09:36:42.377 [main] INFO  f.i.s.r.p.i.ProjectInspector - PushProcessEnd........................................NOT RUN         
09:36:42.377 [main] INFO  f.i.s.r.p.i.ProjectInspector - ----------------------------------------------------------------------
09:36:42.378 [main] INFO  f.i.s.r.p.i.ProjectInspector - PIPELINE FINDING: BUILDNOTCHECKEDOUT
09:36:42.378 [main] INFO  f.i.s.r.p.i.ProjectInspector - ----------------------------------------------------------------------
09:36:42.378 [main] INFO  f.i.s.repairnator.pipeline.Launcher - Inspector is finished. The process will exit now.
