05:06:04.701 [main] INFO  f.i.s.repairnator.pipeline.Launcher - PIPELINE VERSION: 3.0-2018-08-09 19:04
05:06:04.851 [main] INFO  f.i.s.repairnator.pipeline.Launcher - The pipeline will try to reproduce a bug from build 329115939 and its corresponding patch from build 329127454
05:06:04.851 [main] INFO  f.i.s.repairnator.pipeline.Launcher - Initialize file serializer engines.
05:06:04.852 [main] INFO  f.i.s.repairnator.pipeline.Launcher - MongoDB won't be used for serialization.
05:06:04.853 [main] INFO  f.i.s.repairnator.pipeline.Launcher - The email notifier engine won't be used.
05:06:04.856 [main] INFO  f.i.s.repairnator.pipeline.Launcher - Start by getting the build (buildId: 329115939) with the following config: RepairnatorConfig{runId='a7a5945f-cafe-4f3e-93ac-cda95067199f_01-18-week3-FAILING_AND_PASSING', launcherMode=BEARS, serializeJson=true, inputPath='null', outputPath='/var/log', mongodbHost='null', mongodbName='repairnator', smtpServer='null', notifyTo=[], notifyEndProcess=false, push=true, pushRemoteRepo='https://github.com/fermadeiral/bears-collection-fp', fork=false, lookFromDate=null, lookToDate=null, buildId=329115939, z3solverPath='./z3_for_linux', workspacePath='./workspace', githubToken='c8a341a903[...]', dockerImageName='null', skipDelete=false, createOutputDir=false, logDirectory='null', nbThreads=0, globalTimeout=0, whiteList=null, blackList=null, jobSleepTime=0, buildSleepTime=0, maxInspectedBuilds=0, duration=null, humanPatch=false, repository='null', clean=true, bearsMode=BOTH, bearsDelimiter = false, repairTools=NopolAllTests,NPEFix,AssertFixer,AstorJGenProg,AstorJKali,NopolSingleTest,AstorJMut,NopolTestExclusionStrategy, githubUserName= fermadeiral, githubUserEmail=fer.madeiral@gmail.com}
05:06:06.145 [main] DEBUG fr.inria.jtravis.helpers.BuildHelper - Get request to :https://api.travis-ci.org/build/329115939 done after 802 ms
05:06:06.384 [main] DEBUG fr.inria.jtravis.helpers.BuildHelper - Get request to :https://api.travis-ci.org/build/329127454 done after 129 ms
05:06:06.412 [main] INFO  f.i.s.repairnator.pipeline.Launcher - The patched build (329127454) was successfully retrieved from Travis.
05:06:07.553 [main] INFO  fr.inria.jtravis.JTravis - GitHub ratelimit: Limit: 5000 Remaining: 4747 Reset hour: 19:17:28
05:06:07.879 [main] INFO  f.i.s.r.p.i.ProjectInspector - ----------------------------------------------------------------------
05:06:07.879 [main] INFO  f.i.s.r.p.i.ProjectInspector - PIPELINE STEPS
05:06:07.879 [main] INFO  f.i.s.r.p.i.ProjectInspector - ----------------------------------------------------------------------
05:06:07.880 [main] INFO  f.i.s.r.p.i.ProjectInspector - CloneRepository
05:06:07.880 [main] INFO  f.i.s.r.p.i.ProjectInspector - CheckoutBuggyBuildCandidate
05:06:07.880 [main] INFO  f.i.s.r.p.i.ProjectInspector - ComputeSourceDir
05:06:07.880 [main] INFO  f.i.s.r.p.i.ProjectInspector - ComputeTestDir
05:06:07.881 [main] INFO  f.i.s.r.p.i.ProjectInspector - BuildProjectBuggyBuildCandidate
05:06:07.881 [main] INFO  f.i.s.r.p.i.ProjectInspector - TestProjectBuggyBuildCandidate
05:06:07.881 [main] INFO  f.i.s.r.p.i.ProjectInspector - GatherTestInformationBuggyBuildCandidate
05:06:07.881 [main] INFO  f.i.s.r.p.i.ProjectInspector - InitRepoToPush
05:06:07.881 [main] INFO  f.i.s.r.p.i.ProjectInspector - ComputeClasspath
05:06:07.882 [main] INFO  f.i.s.r.p.i.ProjectInspector - ComputeModules
05:06:07.882 [main] INFO  f.i.s.r.p.i.ProjectInspector - CheckoutPatchedBuildCandidate
05:06:07.882 [main] INFO  f.i.s.r.p.i.ProjectInspector - BuildProjectPatchedBuildCandidate
05:06:07.882 [main] INFO  f.i.s.r.p.i.ProjectInspector - TestProjectPatchedBuildCandidate
05:06:07.882 [main] INFO  f.i.s.r.p.i.ProjectInspector - GatherTestInformationPatchedBuildCandidate
05:06:07.882 [main] INFO  f.i.s.r.p.i.ProjectInspector - CommitPatch
05:06:07.883 [main] INFO  f.i.s.r.p.i.ProjectInspector - WritePropertyFile
05:06:07.883 [main] INFO  f.i.s.r.p.i.ProjectInspector - CommitProcessEnd
05:06:07.883 [main] INFO  f.i.s.r.p.i.ProjectInspector - PushProcessEnd
05:06:07.883 [main] DEBUG f.i.s.r.process.step.CloneRepository - ----------------------------------------------------------------------
05:06:07.884 [main] DEBUG f.i.s.r.process.step.CloneRepository - STEP 1/18: CloneRepository
05:06:07.884 [main] DEBUG f.i.s.r.process.step.CloneRepository - ----------------------------------------------------------------------
05:06:07.884 [main] DEBUG f.i.s.r.process.step.CloneRepository - Cloning repository prestodb/presto in the following directory: ./workspace/prestodb/presto/329115939
05:06:51.083 [main] DEBUG f.i.s.r.process.step.CloneRepository - STEP STATUS: [ CloneRepository : SUCCESS ]
05:06:51.083 [main] DEBUG f.i.s.r.process.step.CloneRepository - STEP DURATION: 43s
05:06:51.084 [main] DEBUG f.i.s.r.process.step.CloneRepository - EXECUTE NEXT STEP
05:06:51.084 [main] DEBUG f.i.s.r.p.s.c.CheckoutBuggyBuild - ----------------------------------------------------------------------
05:06:51.084 [main] DEBUG f.i.s.r.p.s.c.CheckoutBuggyBuild - STEP 2/18: CheckoutBuggyBuildCandidate
05:06:51.085 [main] DEBUG f.i.s.r.p.s.c.CheckoutBuggyBuild - ----------------------------------------------------------------------
05:06:51.085 [main] DEBUG f.i.s.r.p.s.c.CheckoutBuggyBuild - Checking out buggy build candidate...
05:06:51.419 [main] INFO  fr.inria.jtravis.JTravis - GitHub ratelimit: Limit: 5000 Remaining: 4746 Reset hour: 19:17:28
05:06:53.817 [main] DEBUG f.i.s.r.p.s.c.CheckoutBuggyBuild - Reproduce the PR for prestodb/presto by fetching remote branch and merging.
05:06:58.903 [main] ERROR f.i.s.r.p.s.c.CheckoutBuggyBuild - Error while testing commit: org.eclipse.jgit.errors.MissingObjectException: Missing unknown 4e1516add14bdeba3fcdeb21f5938668e37a0bec
05:06:58.905 [main] ERROR f.i.s.r.p.s.c.CheckoutBuggyBuild - Commit head ref cannot be retrieved from the repository: 4e1516add14bdeba3fcdeb21f5938668e37a0bec. Operation aborted.
05:06:58.905 [main] ERROR f.i.s.r.p.s.c.CheckoutBuggyBuild - Error while merging two commits to reproduce the PR.
05:06:58.906 [main] DEBUG f.i.s.r.p.s.c.CheckoutBuggyBuild - STEP STATUS: [ CheckoutBuggyBuildCandidate : FAILURE ( BUILDNOTCHECKEDOUT ) ]
05:06:58.906 [main] DEBUG f.i.s.r.p.s.c.CheckoutBuggyBuild - STEP DURATION: 7s
05:06:58.907 [main] DEBUG f.i.s.r.p.s.c.CheckoutBuggyBuild - TERMINATE PIPELINE
05:06:58.907 [main] DEBUG f.i.s.r.p.s.c.CheckoutBuggyBuild - FINAL STEPS SKIPPED: The reproduction of the bug and/or the patch failed.
05:06:58.908 [main] INFO  f.i.s.r.p.s.c.CheckoutBuggyBuild - Serialize all data for the pair of builds 329115939, 329127454
05:06:59.250 [main] INFO  fr.inria.jtravis.JTravis - GitHub ratelimit: Limit: 5000 Remaining: 4739 Reset hour: 19:17:28
05:07:00.686 [main] INFO  f.i.s.r.p.i.ProjectInspector - ----------------------------------------------------------------------
05:07:00.686 [main] INFO  f.i.s.r.p.i.ProjectInspector - PIPELINE EXECUTION SUMMARY
05:07:00.686 [main] INFO  f.i.s.r.p.i.ProjectInspector - ----------------------------------------------------------------------
05:07:00.686 [main] INFO  f.i.s.r.p.i.ProjectInspector - CloneRepository.......................................SUCCESS [ 43 s ]
05:07:00.687 [main] INFO  f.i.s.r.p.i.ProjectInspector - CheckoutBuggyBuildCandidate...........................FAILURE [  7 s ]
05:07:00.687 [main] INFO  f.i.s.r.p.i.ProjectInspector - ComputeSourceDir......................................NOT RUN         
05:07:00.688 [main] INFO  f.i.s.r.p.i.ProjectInspector - ComputeTestDir........................................NOT RUN         
05:07:00.688 [main] INFO  f.i.s.r.p.i.ProjectInspector - BuildProjectBuggyBuildCandidate.......................NOT RUN         
05:07:00.688 [main] INFO  f.i.s.r.p.i.ProjectInspector - TestProjectBuggyBuildCandidate........................NOT RUN         
05:07:00.688 [main] INFO  f.i.s.r.p.i.ProjectInspector - GatherTestInformationBuggyBuildCandidate..............NOT RUN         
05:07:00.688 [main] INFO  f.i.s.r.p.i.ProjectInspector - InitRepoToPush........................................NOT RUN         
05:07:00.689 [main] INFO  f.i.s.r.p.i.ProjectInspector - ComputeClasspath......................................NOT RUN         
05:07:00.689 [main] INFO  f.i.s.r.p.i.ProjectInspector - ComputeModules........................................NOT RUN         
05:07:00.689 [main] INFO  f.i.s.r.p.i.ProjectInspector - CheckoutPatchedBuildCandidate.........................NOT RUN         
05:07:00.689 [main] INFO  f.i.s.r.p.i.ProjectInspector - BuildProjectPatchedBuildCandidate.....................NOT RUN         
05:07:00.689 [main] INFO  f.i.s.r.p.i.ProjectInspector - TestProjectPatchedBuildCandidate......................NOT RUN         
05:07:00.690 [main] INFO  f.i.s.r.p.i.ProjectInspector - GatherTestInformationPatchedBuildCandidate............NOT RUN         
05:07:00.690 [main] INFO  f.i.s.r.p.i.ProjectInspector - CommitPatch...........................................NOT RUN         
05:07:00.690 [main] INFO  f.i.s.r.p.i.ProjectInspector - WritePropertyFile.....................................NOT RUN         
05:07:00.690 [main] INFO  f.i.s.r.p.i.ProjectInspector - CommitProcessEnd......................................NOT RUN         
05:07:00.691 [main] INFO  f.i.s.r.p.i.ProjectInspector - PushProcessEnd........................................NOT RUN         
05:07:00.691 [main] INFO  f.i.s.r.p.i.ProjectInspector - ----------------------------------------------------------------------
05:07:00.691 [main] INFO  f.i.s.r.p.i.ProjectInspector - PIPELINE FINDING: BUILDNOTCHECKEDOUT
05:07:00.691 [main] INFO  f.i.s.r.p.i.ProjectInspector - ----------------------------------------------------------------------
05:07:00.691 [main] INFO  f.i.s.repairnator.pipeline.Launcher - Inspector is finished. The process will exit now.
