09:35:13.203 [main] INFO  f.i.s.repairnator.pipeline.Launcher - PIPELINE VERSION: 3.0-2018-08-09 19:04
09:35:13.327 [main] INFO  f.i.s.repairnator.pipeline.Launcher - The pipeline will try to reproduce a bug from build 331522780 and its corresponding patch from build 331529616
09:35:13.328 [main] INFO  f.i.s.repairnator.pipeline.Launcher - Initialize file serializer engines.
09:35:13.329 [main] INFO  f.i.s.repairnator.pipeline.Launcher - MongoDB won't be used for serialization.
09:35:13.330 [main] INFO  f.i.s.repairnator.pipeline.Launcher - The email notifier engine won't be used.
09:35:13.333 [main] INFO  f.i.s.repairnator.pipeline.Launcher - Start by getting the build (buildId: 331522780) with the following config: RepairnatorConfig{runId='a7a5945f-cafe-4f3e-93ac-cda95067199f_01-18-week3-FAILING_AND_PASSING', launcherMode=BEARS, serializeJson=true, inputPath='null', outputPath='/var/log', mongodbHost='null', mongodbName='repairnator', smtpServer='null', notifyTo=[], notifyEndProcess=false, push=true, pushRemoteRepo='https://github.com/fermadeiral/bears-collection-fp', fork=false, lookFromDate=null, lookToDate=null, buildId=331522780, z3solverPath='./z3_for_linux', workspacePath='./workspace', githubToken='c8a341a903[...]', dockerImageName='null', skipDelete=false, createOutputDir=false, logDirectory='null', nbThreads=0, globalTimeout=0, whiteList=null, blackList=null, jobSleepTime=0, buildSleepTime=0, maxInspectedBuilds=0, duration=null, humanPatch=false, repository='null', clean=true, bearsMode=BOTH, bearsDelimiter = false, repairTools=NopolAllTests,NPEFix,AssertFixer,AstorJGenProg,AstorJKali,NopolSingleTest,AstorJMut,NopolTestExclusionStrategy, githubUserName= fermadeiral, githubUserEmail=fer.madeiral@gmail.com}
09:35:14.669 [main] DEBUG fr.inria.jtravis.helpers.BuildHelper - Get request to :https://api.travis-ci.org/build/331522780 done after 801 ms
09:35:14.949 [main] DEBUG fr.inria.jtravis.helpers.BuildHelper - Get request to :https://api.travis-ci.org/build/331529616 done after 143 ms
09:35:14.977 [main] INFO  f.i.s.repairnator.pipeline.Launcher - The patched build (331529616) was successfully retrieved from Travis.
09:35:16.045 [main] INFO  fr.inria.jtravis.JTravis - GitHub ratelimit: Limit: 5000 Remaining: 4782 Reset hour: 19:17:45
09:35:16.306 [main] INFO  f.i.s.r.p.i.ProjectInspector - ----------------------------------------------------------------------
09:35:16.306 [main] INFO  f.i.s.r.p.i.ProjectInspector - PIPELINE STEPS
09:35:16.306 [main] INFO  f.i.s.r.p.i.ProjectInspector - ----------------------------------------------------------------------
09:35:16.307 [main] INFO  f.i.s.r.p.i.ProjectInspector - CloneRepository
09:35:16.307 [main] INFO  f.i.s.r.p.i.ProjectInspector - CheckoutBuggyBuildCandidate
09:35:16.307 [main] INFO  f.i.s.r.p.i.ProjectInspector - ComputeSourceDir
09:35:16.307 [main] INFO  f.i.s.r.p.i.ProjectInspector - ComputeTestDir
09:35:16.307 [main] INFO  f.i.s.r.p.i.ProjectInspector - BuildProjectBuggyBuildCandidate
09:35:16.307 [main] INFO  f.i.s.r.p.i.ProjectInspector - TestProjectBuggyBuildCandidate
09:35:16.307 [main] INFO  f.i.s.r.p.i.ProjectInspector - GatherTestInformationBuggyBuildCandidate
09:35:16.307 [main] INFO  f.i.s.r.p.i.ProjectInspector - InitRepoToPush
09:35:16.308 [main] INFO  f.i.s.r.p.i.ProjectInspector - ComputeClasspath
09:35:16.308 [main] INFO  f.i.s.r.p.i.ProjectInspector - ComputeModules
09:35:16.308 [main] INFO  f.i.s.r.p.i.ProjectInspector - CheckoutPatchedBuildCandidate
09:35:16.308 [main] INFO  f.i.s.r.p.i.ProjectInspector - BuildProjectPatchedBuildCandidate
09:35:16.308 [main] INFO  f.i.s.r.p.i.ProjectInspector - TestProjectPatchedBuildCandidate
09:35:16.308 [main] INFO  f.i.s.r.p.i.ProjectInspector - GatherTestInformationPatchedBuildCandidate
09:35:16.308 [main] INFO  f.i.s.r.p.i.ProjectInspector - CommitPatch
09:35:16.308 [main] INFO  f.i.s.r.p.i.ProjectInspector - WritePropertyFile
09:35:16.308 [main] INFO  f.i.s.r.p.i.ProjectInspector - CommitProcessEnd
09:35:16.309 [main] INFO  f.i.s.r.p.i.ProjectInspector - PushProcessEnd
09:35:16.309 [main] DEBUG f.i.s.r.process.step.CloneRepository - ----------------------------------------------------------------------
09:35:16.309 [main] DEBUG f.i.s.r.process.step.CloneRepository - STEP 1/18: CloneRepository
09:35:16.309 [main] DEBUG f.i.s.r.process.step.CloneRepository - ----------------------------------------------------------------------
09:35:16.310 [main] DEBUG f.i.s.r.process.step.CloneRepository - Cloning repository StuPro-TOSCAna/TOSCAna in the following directory: ./workspace/StuPro-TOSCAna/TOSCAna/331522780
09:35:32.950 [main] DEBUG f.i.s.r.process.step.CloneRepository - STEP STATUS: [ CloneRepository : SUCCESS ]
09:35:32.951 [main] DEBUG f.i.s.r.process.step.CloneRepository - STEP DURATION: 16s
09:35:32.951 [main] DEBUG f.i.s.r.process.step.CloneRepository - EXECUTE NEXT STEP
09:35:32.951 [main] DEBUG f.i.s.r.p.s.c.CheckoutBuggyBuild - ----------------------------------------------------------------------
09:35:32.951 [main] DEBUG f.i.s.r.p.s.c.CheckoutBuggyBuild - STEP 2/18: CheckoutBuggyBuildCandidate
09:35:32.952 [main] DEBUG f.i.s.r.p.s.c.CheckoutBuggyBuild - ----------------------------------------------------------------------
09:35:32.952 [main] DEBUG f.i.s.r.p.s.c.CheckoutBuggyBuild - Checking out buggy build candidate...
09:35:33.644 [main] INFO  fr.inria.jtravis.JTravis - GitHub ratelimit: Limit: 5000 Remaining: 4777 Reset hour: 19:17:45
09:35:36.268 [main] DEBUG f.i.s.r.p.s.c.CheckoutBuggyBuild - Reproduce the PR for StuPro-TOSCAna/TOSCAna by fetching remote branch and merging.
09:35:36.414 [main] ERROR f.i.s.r.p.s.c.CheckoutBuggyBuild - Error while testing commit: org.eclipse.jgit.errors.MissingObjectException: Missing unknown 6820bdb9232cbf4ef335768f2586a6cfa34f64be
09:35:36.416 [main] ERROR f.i.s.r.p.s.c.CheckoutBuggyBuild - Commit head ref cannot be retrieved from the repository: 6820bdb9232cbf4ef335768f2586a6cfa34f64be. Operation aborted.
09:35:36.416 [main] ERROR f.i.s.r.p.s.c.CheckoutBuggyBuild - Error while merging two commits to reproduce the PR.
09:35:36.417 [main] DEBUG f.i.s.r.p.s.c.CheckoutBuggyBuild - STEP STATUS: [ CheckoutBuggyBuildCandidate : FAILURE ( BUILDNOTCHECKEDOUT ) ]
09:35:36.418 [main] DEBUG f.i.s.r.p.s.c.CheckoutBuggyBuild - STEP DURATION: 3s
09:35:36.418 [main] DEBUG f.i.s.r.p.s.c.CheckoutBuggyBuild - TERMINATE PIPELINE
09:35:36.419 [main] DEBUG f.i.s.r.p.s.c.CheckoutBuggyBuild - FINAL STEPS SKIPPED: The reproduction of the bug and/or the patch failed.
09:35:36.419 [main] INFO  f.i.s.r.p.s.c.CheckoutBuggyBuild - Serialize all data for the pair of builds 331522780, 331529616
09:35:36.544 [main] INFO  fr.inria.jtravis.JTravis - GitHub ratelimit: Limit: 5000 Remaining: 4770 Reset hour: 19:17:45
09:35:37.149 [main] INFO  f.i.s.r.p.i.ProjectInspector - ----------------------------------------------------------------------
09:35:37.150 [main] INFO  f.i.s.r.p.i.ProjectInspector - PIPELINE EXECUTION SUMMARY
09:35:37.150 [main] INFO  f.i.s.r.p.i.ProjectInspector - ----------------------------------------------------------------------
09:35:37.150 [main] INFO  f.i.s.r.p.i.ProjectInspector - CloneRepository.......................................SUCCESS [ 16 s ]
09:35:37.150 [main] INFO  f.i.s.r.p.i.ProjectInspector - CheckoutBuggyBuildCandidate...........................FAILURE [  3 s ]
09:35:37.150 [main] INFO  f.i.s.r.p.i.ProjectInspector - ComputeSourceDir......................................NOT RUN         
09:35:37.151 [main] INFO  f.i.s.r.p.i.ProjectInspector - ComputeTestDir........................................NOT RUN         
09:35:37.151 [main] INFO  f.i.s.r.p.i.ProjectInspector - BuildProjectBuggyBuildCandidate.......................NOT RUN         
09:35:37.151 [main] INFO  f.i.s.r.p.i.ProjectInspector - TestProjectBuggyBuildCandidate........................NOT RUN         
09:35:37.151 [main] INFO  f.i.s.r.p.i.ProjectInspector - GatherTestInformationBuggyBuildCandidate..............NOT RUN         
09:35:37.151 [main] INFO  f.i.s.r.p.i.ProjectInspector - InitRepoToPush........................................NOT RUN         
09:35:37.152 [main] INFO  f.i.s.r.p.i.ProjectInspector - ComputeClasspath......................................NOT RUN         
09:35:37.152 [main] INFO  f.i.s.r.p.i.ProjectInspector - ComputeModules........................................NOT RUN         
09:35:37.152 [main] INFO  f.i.s.r.p.i.ProjectInspector - CheckoutPatchedBuildCandidate.........................NOT RUN         
09:35:37.152 [main] INFO  f.i.s.r.p.i.ProjectInspector - BuildProjectPatchedBuildCandidate.....................NOT RUN         
09:35:37.152 [main] INFO  f.i.s.r.p.i.ProjectInspector - TestProjectPatchedBuildCandidate......................NOT RUN         
09:35:37.153 [main] INFO  f.i.s.r.p.i.ProjectInspector - GatherTestInformationPatchedBuildCandidate............NOT RUN         
09:35:37.153 [main] INFO  f.i.s.r.p.i.ProjectInspector - CommitPatch...........................................NOT RUN         
09:35:37.153 [main] INFO  f.i.s.r.p.i.ProjectInspector - WritePropertyFile.....................................NOT RUN         
09:35:37.153 [main] INFO  f.i.s.r.p.i.ProjectInspector - CommitProcessEnd......................................NOT RUN         
09:35:37.153 [main] INFO  f.i.s.r.p.i.ProjectInspector - PushProcessEnd........................................NOT RUN         
09:35:37.153 [main] INFO  f.i.s.r.p.i.ProjectInspector - ----------------------------------------------------------------------
09:35:37.153 [main] INFO  f.i.s.r.p.i.ProjectInspector - PIPELINE FINDING: BUILDNOTCHECKEDOUT
09:35:37.154 [main] INFO  f.i.s.r.p.i.ProjectInspector - ----------------------------------------------------------------------
09:35:37.154 [main] INFO  f.i.s.repairnator.pipeline.Launcher - Inspector is finished. The process will exit now.
