05:02:53.724 [main] INFO  f.i.s.repairnator.pipeline.Launcher - PIPELINE VERSION: 3.0-2018-08-09 19:04
05:02:53.892 [main] INFO  f.i.s.repairnator.pipeline.Launcher - The pipeline will try to reproduce a bug from build 330853580 and its corresponding patch from build 330945999
05:02:53.892 [main] INFO  f.i.s.repairnator.pipeline.Launcher - Initialize file serializer engines.
05:02:53.894 [main] INFO  f.i.s.repairnator.pipeline.Launcher - MongoDB won't be used for serialization.
05:02:53.894 [main] INFO  f.i.s.repairnator.pipeline.Launcher - The email notifier engine won't be used.
05:02:53.897 [main] INFO  f.i.s.repairnator.pipeline.Launcher - Start by getting the build (buildId: 330853580) with the following config: RepairnatorConfig{runId='a7a5945f-cafe-4f3e-93ac-cda95067199f_01-18-week3-FAILING_AND_PASSING', launcherMode=BEARS, serializeJson=true, inputPath='null', outputPath='/var/log', mongodbHost='null', mongodbName='repairnator', smtpServer='null', notifyTo=[], notifyEndProcess=false, push=true, pushRemoteRepo='https://github.com/fermadeiral/bears-collection-fp', fork=false, lookFromDate=null, lookToDate=null, buildId=330853580, z3solverPath='./z3_for_linux', workspacePath='./workspace', githubToken='c8a341a903[...]', dockerImageName='null', skipDelete=false, createOutputDir=false, logDirectory='null', nbThreads=0, globalTimeout=0, whiteList=null, blackList=null, jobSleepTime=0, buildSleepTime=0, maxInspectedBuilds=0, duration=null, humanPatch=false, repository='null', clean=true, bearsMode=BOTH, bearsDelimiter = false, repairTools=NopolAllTests,NPEFix,AssertFixer,AstorJGenProg,AstorJKali,NopolSingleTest,AstorJMut,NopolTestExclusionStrategy, githubUserName= fermadeiral, githubUserEmail=fer.madeiral@gmail.com}
05:02:55.673 [main] DEBUG fr.inria.jtravis.helpers.BuildHelper - Get request to :https://api.travis-ci.org/build/330853580 done after 887 ms
05:02:55.915 [main] DEBUG fr.inria.jtravis.helpers.BuildHelper - Get request to :https://api.travis-ci.org/build/330945999 done after 147 ms
05:02:55.934 [main] INFO  f.i.s.repairnator.pipeline.Launcher - The patched build (330945999) was successfully retrieved from Travis.
05:02:59.084 [main] INFO  fr.inria.jtravis.JTravis - GitHub ratelimit: Limit: 5000 Remaining: 4804 Reset hour: 19:17:28
05:02:59.359 [main] INFO  f.i.s.r.p.i.ProjectInspector - ----------------------------------------------------------------------
05:02:59.359 [main] INFO  f.i.s.r.p.i.ProjectInspector - PIPELINE STEPS
05:02:59.359 [main] INFO  f.i.s.r.p.i.ProjectInspector - ----------------------------------------------------------------------
05:02:59.359 [main] INFO  f.i.s.r.p.i.ProjectInspector - CloneRepository
05:02:59.359 [main] INFO  f.i.s.r.p.i.ProjectInspector - CheckoutBuggyBuildCandidate
05:02:59.360 [main] INFO  f.i.s.r.p.i.ProjectInspector - ComputeSourceDir
05:02:59.360 [main] INFO  f.i.s.r.p.i.ProjectInspector - ComputeTestDir
05:02:59.360 [main] INFO  f.i.s.r.p.i.ProjectInspector - BuildProjectBuggyBuildCandidate
05:02:59.360 [main] INFO  f.i.s.r.p.i.ProjectInspector - TestProjectBuggyBuildCandidate
05:02:59.360 [main] INFO  f.i.s.r.p.i.ProjectInspector - GatherTestInformationBuggyBuildCandidate
05:02:59.360 [main] INFO  f.i.s.r.p.i.ProjectInspector - InitRepoToPush
05:02:59.361 [main] INFO  f.i.s.r.p.i.ProjectInspector - ComputeClasspath
05:02:59.361 [main] INFO  f.i.s.r.p.i.ProjectInspector - ComputeModules
05:02:59.361 [main] INFO  f.i.s.r.p.i.ProjectInspector - CheckoutPatchedBuildCandidate
05:02:59.361 [main] INFO  f.i.s.r.p.i.ProjectInspector - BuildProjectPatchedBuildCandidate
05:02:59.361 [main] INFO  f.i.s.r.p.i.ProjectInspector - TestProjectPatchedBuildCandidate
05:02:59.361 [main] INFO  f.i.s.r.p.i.ProjectInspector - GatherTestInformationPatchedBuildCandidate
05:02:59.362 [main] INFO  f.i.s.r.p.i.ProjectInspector - CommitPatch
05:02:59.362 [main] INFO  f.i.s.r.p.i.ProjectInspector - WritePropertyFile
05:02:59.362 [main] INFO  f.i.s.r.p.i.ProjectInspector - CommitProcessEnd
05:02:59.362 [main] INFO  f.i.s.r.p.i.ProjectInspector - PushProcessEnd
05:02:59.362 [main] DEBUG f.i.s.r.process.step.CloneRepository - ----------------------------------------------------------------------
05:02:59.363 [main] DEBUG f.i.s.r.process.step.CloneRepository - STEP 1/18: CloneRepository
05:02:59.363 [main] DEBUG f.i.s.r.process.step.CloneRepository - ----------------------------------------------------------------------
05:02:59.364 [main] DEBUG f.i.s.r.process.step.CloneRepository - Cloning repository prestodb/presto in the following directory: ./workspace/prestodb/presto/330853580
05:03:43.512 [main] DEBUG f.i.s.r.process.step.CloneRepository - STEP STATUS: [ CloneRepository : SUCCESS ]
05:03:43.512 [main] DEBUG f.i.s.r.process.step.CloneRepository - STEP DURATION: 44s
05:03:43.513 [main] DEBUG f.i.s.r.process.step.CloneRepository - EXECUTE NEXT STEP
05:03:43.513 [main] DEBUG f.i.s.r.p.s.c.CheckoutBuggyBuild - ----------------------------------------------------------------------
05:03:43.513 [main] DEBUG f.i.s.r.p.s.c.CheckoutBuggyBuild - STEP 2/18: CheckoutBuggyBuildCandidate
05:03:43.513 [main] DEBUG f.i.s.r.p.s.c.CheckoutBuggyBuild - ----------------------------------------------------------------------
05:03:43.513 [main] DEBUG f.i.s.r.p.s.c.CheckoutBuggyBuild - Checking out buggy build candidate...
05:03:44.063 [main] INFO  fr.inria.jtravis.JTravis - GitHub ratelimit: Limit: 5000 Remaining: 4801 Reset hour: 19:17:28
05:03:46.701 [main] DEBUG f.i.s.r.p.s.c.CheckoutBuggyBuild - Reproduce the PR for prestodb/presto by fetching remote branch and merging.
05:03:57.766 [main] ERROR f.i.s.r.p.s.c.CheckoutBuggyBuild - Error while testing commit: org.eclipse.jgit.errors.MissingObjectException: Missing unknown b9d216f54a869f45e6811c8fb69dcfd57f1a0c7c
05:03:57.767 [main] ERROR f.i.s.r.p.s.c.CheckoutBuggyBuild - Commit head ref cannot be retrieved from the repository: b9d216f54a869f45e6811c8fb69dcfd57f1a0c7c. Operation aborted.
05:03:57.768 [main] ERROR f.i.s.r.p.s.c.CheckoutBuggyBuild - Error while merging two commits to reproduce the PR.
05:03:57.769 [main] DEBUG f.i.s.r.p.s.c.CheckoutBuggyBuild - STEP STATUS: [ CheckoutBuggyBuildCandidate : FAILURE ( BUILDNOTCHECKEDOUT ) ]
05:03:57.769 [main] DEBUG f.i.s.r.p.s.c.CheckoutBuggyBuild - STEP DURATION: 14s
05:03:57.769 [main] DEBUG f.i.s.r.p.s.c.CheckoutBuggyBuild - TERMINATE PIPELINE
05:03:57.769 [main] DEBUG f.i.s.r.p.s.c.CheckoutBuggyBuild - FINAL STEPS SKIPPED: The reproduction of the bug and/or the patch failed.
05:03:57.770 [main] INFO  f.i.s.r.p.s.c.CheckoutBuggyBuild - Serialize all data for the pair of builds 330853580, 330945999
05:03:58.079 [main] INFO  fr.inria.jtravis.JTravis - GitHub ratelimit: Limit: 5000 Remaining: 4785 Reset hour: 19:17:28
05:03:59.538 [main] INFO  f.i.s.r.p.i.ProjectInspector - ----------------------------------------------------------------------
05:03:59.539 [main] INFO  f.i.s.r.p.i.ProjectInspector - PIPELINE EXECUTION SUMMARY
05:03:59.539 [main] INFO  f.i.s.r.p.i.ProjectInspector - ----------------------------------------------------------------------
05:03:59.539 [main] INFO  f.i.s.r.p.i.ProjectInspector - CloneRepository.......................................SUCCESS [ 44 s ]
05:03:59.539 [main] INFO  f.i.s.r.p.i.ProjectInspector - CheckoutBuggyBuildCandidate...........................FAILURE [ 14 s ]
05:03:59.539 [main] INFO  f.i.s.r.p.i.ProjectInspector - ComputeSourceDir......................................NOT RUN         
05:03:59.540 [main] INFO  f.i.s.r.p.i.ProjectInspector - ComputeTestDir........................................NOT RUN         
05:03:59.540 [main] INFO  f.i.s.r.p.i.ProjectInspector - BuildProjectBuggyBuildCandidate.......................NOT RUN         
05:03:59.540 [main] INFO  f.i.s.r.p.i.ProjectInspector - TestProjectBuggyBuildCandidate........................NOT RUN         
05:03:59.540 [main] INFO  f.i.s.r.p.i.ProjectInspector - GatherTestInformationBuggyBuildCandidate..............NOT RUN         
05:03:59.541 [main] INFO  f.i.s.r.p.i.ProjectInspector - InitRepoToPush........................................NOT RUN         
05:03:59.543 [main] INFO  f.i.s.r.p.i.ProjectInspector - ComputeClasspath......................................NOT RUN         
05:03:59.543 [main] INFO  f.i.s.r.p.i.ProjectInspector - ComputeModules........................................NOT RUN         
05:03:59.543 [main] INFO  f.i.s.r.p.i.ProjectInspector - CheckoutPatchedBuildCandidate.........................NOT RUN         
05:03:59.543 [main] INFO  f.i.s.r.p.i.ProjectInspector - BuildProjectPatchedBuildCandidate.....................NOT RUN         
05:03:59.543 [main] INFO  f.i.s.r.p.i.ProjectInspector - TestProjectPatchedBuildCandidate......................NOT RUN         
05:03:59.543 [main] INFO  f.i.s.r.p.i.ProjectInspector - GatherTestInformationPatchedBuildCandidate............NOT RUN         
05:03:59.543 [main] INFO  f.i.s.r.p.i.ProjectInspector - CommitPatch...........................................NOT RUN         
05:03:59.544 [main] INFO  f.i.s.r.p.i.ProjectInspector - WritePropertyFile.....................................NOT RUN         
05:03:59.544 [main] INFO  f.i.s.r.p.i.ProjectInspector - CommitProcessEnd......................................NOT RUN         
05:03:59.544 [main] INFO  f.i.s.r.p.i.ProjectInspector - PushProcessEnd........................................NOT RUN         
05:03:59.544 [main] INFO  f.i.s.r.p.i.ProjectInspector - ----------------------------------------------------------------------
05:03:59.544 [main] INFO  f.i.s.r.p.i.ProjectInspector - PIPELINE FINDING: BUILDNOTCHECKEDOUT
05:03:59.544 [main] INFO  f.i.s.r.p.i.ProjectInspector - ----------------------------------------------------------------------
05:03:59.544 [main] INFO  f.i.s.repairnator.pipeline.Launcher - Inspector is finished. The process will exit now.
