09:27:52.026 [main] INFO  f.i.s.repairnator.pipeline.Launcher - PIPELINE VERSION: 3.0-2018-08-09 19:04
09:27:52.145 [main] INFO  f.i.s.repairnator.pipeline.Launcher - The pipeline will try to reproduce a bug from build 326062905 and its corresponding patch from build 326072494
09:27:52.146 [main] INFO  f.i.s.repairnator.pipeline.Launcher - Initialize file serializer engines.
09:27:52.148 [main] INFO  f.i.s.repairnator.pipeline.Launcher - MongoDB won't be used for serialization.
09:27:52.148 [main] INFO  f.i.s.repairnator.pipeline.Launcher - The email notifier engine won't be used.
09:27:52.151 [main] INFO  f.i.s.repairnator.pipeline.Launcher - Start by getting the build (buildId: 326062905) with the following config: RepairnatorConfig{runId='c504e580-3b8e-424b-917c-11249d52f820_01-18-week1-FAILING_AND_PASSING', launcherMode=BEARS, serializeJson=true, inputPath='null', outputPath='/var/log', mongodbHost='null', mongodbName='repairnator', smtpServer='null', notifyTo=[], notifyEndProcess=false, push=true, pushRemoteRepo='https://github.com/fermadeiral/bears-collection-fp', fork=false, lookFromDate=null, lookToDate=null, buildId=326062905, z3solverPath='./z3_for_linux', workspacePath='./workspace', githubToken='c8a341a903[...]', dockerImageName='null', skipDelete=false, createOutputDir=false, logDirectory='null', nbThreads=0, globalTimeout=0, whiteList=null, blackList=null, jobSleepTime=0, buildSleepTime=0, maxInspectedBuilds=0, duration=null, humanPatch=false, repository='null', clean=true, bearsMode=BOTH, bearsDelimiter = false, repairTools=NopolAllTests,NPEFix,AssertFixer,AstorJGenProg,AstorJKali,NopolSingleTest,AstorJMut,NopolTestExclusionStrategy, githubUserName= fermadeiral, githubUserEmail=fer.madeiral@gmail.com}
09:27:53.390 [main] DEBUG fr.inria.jtravis.helpers.BuildHelper - Get request to :https://api.travis-ci.org/build/326062905 done after 791 ms
09:27:53.790 [main] DEBUG fr.inria.jtravis.helpers.BuildHelper - Get request to :https://api.travis-ci.org/build/326072494 done after 288 ms
09:27:53.800 [main] INFO  f.i.s.repairnator.pipeline.Launcher - The patched build (326072494) was successfully retrieved from Travis.
09:27:54.861 [main] INFO  fr.inria.jtravis.JTravis - GitHub ratelimit: Limit: 5000 Remaining: 4956 Reset hour: 19:14:54
09:27:55.361 [main] INFO  f.i.s.r.p.i.ProjectInspector - ----------------------------------------------------------------------
09:27:55.362 [main] INFO  f.i.s.r.p.i.ProjectInspector - PIPELINE STEPS
09:27:55.362 [main] INFO  f.i.s.r.p.i.ProjectInspector - ----------------------------------------------------------------------
09:27:55.362 [main] INFO  f.i.s.r.p.i.ProjectInspector - CloneRepository
09:27:55.362 [main] INFO  f.i.s.r.p.i.ProjectInspector - CheckoutBuggyBuildCandidate
09:27:55.363 [main] INFO  f.i.s.r.p.i.ProjectInspector - ComputeSourceDir
09:27:55.363 [main] INFO  f.i.s.r.p.i.ProjectInspector - ComputeTestDir
09:27:55.363 [main] INFO  f.i.s.r.p.i.ProjectInspector - BuildProjectBuggyBuildCandidate
09:27:55.363 [main] INFO  f.i.s.r.p.i.ProjectInspector - TestProjectBuggyBuildCandidate
09:27:55.363 [main] INFO  f.i.s.r.p.i.ProjectInspector - GatherTestInformationBuggyBuildCandidate
09:27:55.364 [main] INFO  f.i.s.r.p.i.ProjectInspector - InitRepoToPush
09:27:55.364 [main] INFO  f.i.s.r.p.i.ProjectInspector - ComputeClasspath
09:27:55.364 [main] INFO  f.i.s.r.p.i.ProjectInspector - ComputeModules
09:27:55.364 [main] INFO  f.i.s.r.p.i.ProjectInspector - CheckoutPatchedBuildCandidate
09:27:55.364 [main] INFO  f.i.s.r.p.i.ProjectInspector - BuildProjectPatchedBuildCandidate
09:27:55.365 [main] INFO  f.i.s.r.p.i.ProjectInspector - TestProjectPatchedBuildCandidate
09:27:55.365 [main] INFO  f.i.s.r.p.i.ProjectInspector - GatherTestInformationPatchedBuildCandidate
09:27:55.365 [main] INFO  f.i.s.r.p.i.ProjectInspector - CommitPatch
09:27:55.365 [main] INFO  f.i.s.r.p.i.ProjectInspector - WritePropertyFile
09:27:55.366 [main] INFO  f.i.s.r.p.i.ProjectInspector - CommitProcessEnd
09:27:55.366 [main] INFO  f.i.s.r.p.i.ProjectInspector - PushProcessEnd
09:27:55.366 [main] DEBUG f.i.s.r.process.step.CloneRepository - ----------------------------------------------------------------------
09:27:55.367 [main] DEBUG f.i.s.r.process.step.CloneRepository - STEP 1/18: CloneRepository
09:27:55.367 [main] DEBUG f.i.s.r.process.step.CloneRepository - ----------------------------------------------------------------------
09:27:55.367 [main] DEBUG f.i.s.r.process.step.CloneRepository - Cloning repository StuPro-TOSCAna/TOSCAna in the following directory: ./workspace/StuPro-TOSCAna/TOSCAna/326062905
09:28:08.735 [main] DEBUG f.i.s.r.process.step.CloneRepository - STEP STATUS: [ CloneRepository : SUCCESS ]
09:28:08.736 [main] DEBUG f.i.s.r.process.step.CloneRepository - STEP DURATION: 13s
09:28:08.736 [main] DEBUG f.i.s.r.process.step.CloneRepository - EXECUTE NEXT STEP
09:28:08.736 [main] DEBUG f.i.s.r.p.s.c.CheckoutBuggyBuild - ----------------------------------------------------------------------
09:28:08.736 [main] DEBUG f.i.s.r.p.s.c.CheckoutBuggyBuild - STEP 2/18: CheckoutBuggyBuildCandidate
09:28:08.737 [main] DEBUG f.i.s.r.p.s.c.CheckoutBuggyBuild - ----------------------------------------------------------------------
09:28:08.737 [main] DEBUG f.i.s.r.p.s.c.CheckoutBuggyBuild - Checking out buggy build candidate...
09:28:08.745 [main] ERROR f.i.s.r.p.s.c.CheckoutBuggyBuild - Error while testing commit: org.eclipse.jgit.errors.MissingObjectException: Missing unknown f81a64eadd7c359a92f11d2be1c47a37022f72fe
09:28:08.745 [main] ERROR f.i.s.r.p.s.c.CheckoutBuggyBuild - Error while getting the commit to checkout from the repo.
09:28:08.746 [main] DEBUG f.i.s.r.p.s.c.CheckoutBuggyBuild - STEP STATUS: [ CheckoutBuggyBuildCandidate : FAILURE ( BUILDNOTCHECKEDOUT ) ]
09:28:08.746 [main] DEBUG f.i.s.r.p.s.c.CheckoutBuggyBuild - STEP DURATION: 0s
09:28:08.746 [main] DEBUG f.i.s.r.p.s.c.CheckoutBuggyBuild - TERMINATE PIPELINE
09:28:08.746 [main] DEBUG f.i.s.r.p.s.c.CheckoutBuggyBuild - FINAL STEPS SKIPPED: The reproduction of the bug and/or the patch failed.
09:28:08.746 [main] INFO  f.i.s.r.p.s.c.CheckoutBuggyBuild - Serialize all data for the pair of builds 326062905, 326072494
09:28:09.071 [main] INFO  fr.inria.jtravis.JTravis - GitHub ratelimit: Limit: 5000 Remaining: 4946 Reset hour: 19:14:54
09:28:09.940 [main] INFO  f.i.s.r.p.i.ProjectInspector - ----------------------------------------------------------------------
09:28:09.940 [main] INFO  f.i.s.r.p.i.ProjectInspector - PIPELINE EXECUTION SUMMARY
09:28:09.940 [main] INFO  f.i.s.r.p.i.ProjectInspector - ----------------------------------------------------------------------
09:28:09.941 [main] INFO  f.i.s.r.p.i.ProjectInspector - CloneRepository.......................................SUCCESS [ 13 s ]
09:28:09.941 [main] INFO  f.i.s.r.p.i.ProjectInspector - CheckoutBuggyBuildCandidate...........................FAILURE [  0 s ]
09:28:09.941 [main] INFO  f.i.s.r.p.i.ProjectInspector - ComputeSourceDir......................................NOT RUN         
09:28:09.941 [main] INFO  f.i.s.r.p.i.ProjectInspector - ComputeTestDir........................................NOT RUN         
09:28:09.942 [main] INFO  f.i.s.r.p.i.ProjectInspector - BuildProjectBuggyBuildCandidate.......................NOT RUN         
09:28:09.942 [main] INFO  f.i.s.r.p.i.ProjectInspector - TestProjectBuggyBuildCandidate........................NOT RUN         
09:28:09.943 [main] INFO  f.i.s.r.p.i.ProjectInspector - GatherTestInformationBuggyBuildCandidate..............NOT RUN         
09:28:09.943 [main] INFO  f.i.s.r.p.i.ProjectInspector - InitRepoToPush........................................NOT RUN         
09:28:09.943 [main] INFO  f.i.s.r.p.i.ProjectInspector - ComputeClasspath......................................NOT RUN         
09:28:09.943 [main] INFO  f.i.s.r.p.i.ProjectInspector - ComputeModules........................................NOT RUN         
09:28:09.943 [main] INFO  f.i.s.r.p.i.ProjectInspector - CheckoutPatchedBuildCandidate.........................NOT RUN         
09:28:09.944 [main] INFO  f.i.s.r.p.i.ProjectInspector - BuildProjectPatchedBuildCandidate.....................NOT RUN         
09:28:09.944 [main] INFO  f.i.s.r.p.i.ProjectInspector - TestProjectPatchedBuildCandidate......................NOT RUN         
09:28:09.944 [main] INFO  f.i.s.r.p.i.ProjectInspector - GatherTestInformationPatchedBuildCandidate............NOT RUN         
09:28:09.944 [main] INFO  f.i.s.r.p.i.ProjectInspector - CommitPatch...........................................NOT RUN         
09:28:09.944 [main] INFO  f.i.s.r.p.i.ProjectInspector - WritePropertyFile.....................................NOT RUN         
09:28:09.944 [main] INFO  f.i.s.r.p.i.ProjectInspector - CommitProcessEnd......................................NOT RUN         
09:28:09.944 [main] INFO  f.i.s.r.p.i.ProjectInspector - PushProcessEnd........................................NOT RUN         
09:28:09.945 [main] INFO  f.i.s.r.p.i.ProjectInspector - ----------------------------------------------------------------------
09:28:09.945 [main] INFO  f.i.s.r.p.i.ProjectInspector - PIPELINE FINDING: BUILDNOTCHECKEDOUT
09:28:09.945 [main] INFO  f.i.s.r.p.i.ProjectInspector - ----------------------------------------------------------------------
09:28:09.945 [main] INFO  f.i.s.repairnator.pipeline.Launcher - Inspector is finished. The process will exit now.
