07:34:19.760 [main] INFO  f.i.s.repairnator.pipeline.Launcher - PIPELINE VERSION: 3.0-2018-08-09 19:04
07:34:19.927 [main] INFO  f.i.s.repairnator.pipeline.Launcher - The pipeline will try to reproduce a bug from build 325675080 and its corresponding patch from build 325676712
07:34:19.928 [main] INFO  f.i.s.repairnator.pipeline.Launcher - Initialize file serializer engines.
07:34:19.930 [main] INFO  f.i.s.repairnator.pipeline.Launcher - MongoDB won't be used for serialization.
07:34:19.930 [main] INFO  f.i.s.repairnator.pipeline.Launcher - The email notifier engine won't be used.
07:34:19.933 [main] INFO  f.i.s.repairnator.pipeline.Launcher - Start by getting the build (buildId: 325675080) with the following config: RepairnatorConfig{runId='c504e580-3b8e-424b-917c-11249d52f820_01-18-week1-FAILING_AND_PASSING', launcherMode=BEARS, serializeJson=true, inputPath='null', outputPath='/var/log', mongodbHost='null', mongodbName='repairnator', smtpServer='null', notifyTo=[], notifyEndProcess=false, push=true, pushRemoteRepo='https://github.com/fermadeiral/bears-collection-fp', fork=false, lookFromDate=null, lookToDate=null, buildId=325675080, z3solverPath='./z3_for_linux', workspacePath='./workspace', githubToken='c8a341a903[...]', dockerImageName='null', skipDelete=false, createOutputDir=false, logDirectory='null', nbThreads=0, globalTimeout=0, whiteList=null, blackList=null, jobSleepTime=0, buildSleepTime=0, maxInspectedBuilds=0, duration=null, humanPatch=false, repository='null', clean=true, bearsMode=BOTH, bearsDelimiter = false, repairTools=NopolAllTests,NPEFix,AssertFixer,AstorJGenProg,AstorJKali,NopolSingleTest,AstorJMut,NopolTestExclusionStrategy, githubUserName= fermadeiral, githubUserEmail=fer.madeiral@gmail.com}
07:34:21.197 [main] DEBUG fr.inria.jtravis.helpers.BuildHelper - Get request to :https://api.travis-ci.org/build/325675080 done after 739 ms
07:34:21.486 [main] DEBUG fr.inria.jtravis.helpers.BuildHelper - Get request to :https://api.travis-ci.org/build/325676712 done after 193 ms
07:34:21.503 [main] INFO  f.i.s.repairnator.pipeline.Launcher - The patched build (325676712) was successfully retrieved from Travis.
07:34:22.697 [main] INFO  fr.inria.jtravis.JTravis - GitHub ratelimit: Limit: 5000 Remaining: 4901 Reset hour: 19:14:46
07:34:22.962 [main] INFO  f.i.s.r.p.i.ProjectInspector - ----------------------------------------------------------------------
07:34:22.962 [main] INFO  f.i.s.r.p.i.ProjectInspector - PIPELINE STEPS
07:34:22.962 [main] INFO  f.i.s.r.p.i.ProjectInspector - ----------------------------------------------------------------------
07:34:22.962 [main] INFO  f.i.s.r.p.i.ProjectInspector - CloneRepository
07:34:22.962 [main] INFO  f.i.s.r.p.i.ProjectInspector - CheckoutBuggyBuildCandidate
07:34:22.962 [main] INFO  f.i.s.r.p.i.ProjectInspector - ComputeSourceDir
07:34:22.963 [main] INFO  f.i.s.r.p.i.ProjectInspector - ComputeTestDir
07:34:22.963 [main] INFO  f.i.s.r.p.i.ProjectInspector - BuildProjectBuggyBuildCandidate
07:34:22.963 [main] INFO  f.i.s.r.p.i.ProjectInspector - TestProjectBuggyBuildCandidate
07:34:22.963 [main] INFO  f.i.s.r.p.i.ProjectInspector - GatherTestInformationBuggyBuildCandidate
07:34:22.963 [main] INFO  f.i.s.r.p.i.ProjectInspector - InitRepoToPush
07:34:22.964 [main] INFO  f.i.s.r.p.i.ProjectInspector - ComputeClasspath
07:34:22.964 [main] INFO  f.i.s.r.p.i.ProjectInspector - ComputeModules
07:34:22.964 [main] INFO  f.i.s.r.p.i.ProjectInspector - CheckoutPatchedBuildCandidate
07:34:22.964 [main] INFO  f.i.s.r.p.i.ProjectInspector - BuildProjectPatchedBuildCandidate
07:34:22.965 [main] INFO  f.i.s.r.p.i.ProjectInspector - TestProjectPatchedBuildCandidate
07:34:22.965 [main] INFO  f.i.s.r.p.i.ProjectInspector - GatherTestInformationPatchedBuildCandidate
07:34:22.965 [main] INFO  f.i.s.r.p.i.ProjectInspector - CommitPatch
07:34:22.966 [main] INFO  f.i.s.r.p.i.ProjectInspector - WritePropertyFile
07:34:22.966 [main] INFO  f.i.s.r.p.i.ProjectInspector - CommitProcessEnd
07:34:22.966 [main] INFO  f.i.s.r.p.i.ProjectInspector - PushProcessEnd
07:34:22.966 [main] DEBUG f.i.s.r.process.step.CloneRepository - ----------------------------------------------------------------------
07:34:22.967 [main] DEBUG f.i.s.r.process.step.CloneRepository - STEP 1/18: CloneRepository
07:34:22.968 [main] DEBUG f.i.s.r.process.step.CloneRepository - ----------------------------------------------------------------------
07:34:22.968 [main] DEBUG f.i.s.r.process.step.CloneRepository - Cloning repository batfish/batfish in the following directory: ./workspace/batfish/batfish/325675080
07:35:35.248 [main] DEBUG f.i.s.r.process.step.CloneRepository - STEP STATUS: [ CloneRepository : SUCCESS ]
07:35:35.249 [main] DEBUG f.i.s.r.process.step.CloneRepository - STEP DURATION: 72s
07:35:35.250 [main] DEBUG f.i.s.r.process.step.CloneRepository - EXECUTE NEXT STEP
07:35:35.250 [main] DEBUG f.i.s.r.p.s.c.CheckoutBuggyBuild - ----------------------------------------------------------------------
07:35:35.251 [main] DEBUG f.i.s.r.p.s.c.CheckoutBuggyBuild - STEP 2/18: CheckoutBuggyBuildCandidate
07:35:35.251 [main] DEBUG f.i.s.r.p.s.c.CheckoutBuggyBuild - ----------------------------------------------------------------------
07:35:35.252 [main] DEBUG f.i.s.r.p.s.c.CheckoutBuggyBuild - Checking out buggy build candidate...
07:35:35.568 [main] INFO  fr.inria.jtravis.JTravis - GitHub ratelimit: Limit: 5000 Remaining: 4900 Reset hour: 19:14:46
07:35:37.407 [main] DEBUG f.i.s.r.p.s.c.CheckoutBuggyBuild - Reproduce the PR for batfish/batfish by fetching remote branch and merging.
07:35:45.296 [main] ERROR f.i.s.r.p.s.c.CheckoutBuggyBuild - Error while testing commit: org.eclipse.jgit.errors.MissingObjectException: Missing unknown cf355d8403cd57076cd215d8893ed41b0c0aa9b4
07:35:45.298 [main] ERROR f.i.s.r.p.s.c.CheckoutBuggyBuild - Commit head ref cannot be retrieved from the repository: cf355d8403cd57076cd215d8893ed41b0c0aa9b4. Operation aborted.
07:35:45.298 [main] ERROR f.i.s.r.p.s.c.CheckoutBuggyBuild - Error while merging two commits to reproduce the PR.
07:35:45.300 [main] DEBUG f.i.s.r.p.s.c.CheckoutBuggyBuild - STEP STATUS: [ CheckoutBuggyBuildCandidate : FAILURE ( BUILDNOTCHECKEDOUT ) ]
07:35:45.301 [main] DEBUG f.i.s.r.p.s.c.CheckoutBuggyBuild - STEP DURATION: 10s
07:35:45.301 [main] DEBUG f.i.s.r.p.s.c.CheckoutBuggyBuild - TERMINATE PIPELINE
07:35:45.302 [main] DEBUG f.i.s.r.p.s.c.CheckoutBuggyBuild - FINAL STEPS SKIPPED: The reproduction of the bug and/or the patch failed.
07:35:45.303 [main] INFO  f.i.s.r.p.s.c.CheckoutBuggyBuild - Serialize all data for the pair of builds 325675080, 325676712
07:35:45.630 [main] INFO  fr.inria.jtravis.JTravis - GitHub ratelimit: Limit: 5000 Remaining: 4893 Reset hour: 19:14:46
07:35:46.608 [main] INFO  f.i.s.r.p.i.ProjectInspector - ----------------------------------------------------------------------
07:35:46.609 [main] INFO  f.i.s.r.p.i.ProjectInspector - PIPELINE EXECUTION SUMMARY
07:35:46.609 [main] INFO  f.i.s.r.p.i.ProjectInspector - ----------------------------------------------------------------------
07:35:46.609 [main] INFO  f.i.s.r.p.i.ProjectInspector - CloneRepository.......................................SUCCESS [ 72 s ]
07:35:46.609 [main] INFO  f.i.s.r.p.i.ProjectInspector - CheckoutBuggyBuildCandidate...........................FAILURE [ 10 s ]
07:35:46.609 [main] INFO  f.i.s.r.p.i.ProjectInspector - ComputeSourceDir......................................NOT RUN         
07:35:46.610 [main] INFO  f.i.s.r.p.i.ProjectInspector - ComputeTestDir........................................NOT RUN         
07:35:46.610 [main] INFO  f.i.s.r.p.i.ProjectInspector - BuildProjectBuggyBuildCandidate.......................NOT RUN         
07:35:46.610 [main] INFO  f.i.s.r.p.i.ProjectInspector - TestProjectBuggyBuildCandidate........................NOT RUN         
07:35:46.610 [main] INFO  f.i.s.r.p.i.ProjectInspector - GatherTestInformationBuggyBuildCandidate..............NOT RUN         
07:35:46.610 [main] INFO  f.i.s.r.p.i.ProjectInspector - InitRepoToPush........................................NOT RUN         
07:35:46.612 [main] INFO  f.i.s.r.p.i.ProjectInspector - ComputeClasspath......................................NOT RUN         
07:35:46.612 [main] INFO  f.i.s.r.p.i.ProjectInspector - ComputeModules........................................NOT RUN         
07:35:46.612 [main] INFO  f.i.s.r.p.i.ProjectInspector - CheckoutPatchedBuildCandidate.........................NOT RUN         
07:35:46.612 [main] INFO  f.i.s.r.p.i.ProjectInspector - BuildProjectPatchedBuildCandidate.....................NOT RUN         
07:35:46.613 [main] INFO  f.i.s.r.p.i.ProjectInspector - TestProjectPatchedBuildCandidate......................NOT RUN         
07:35:46.613 [main] INFO  f.i.s.r.p.i.ProjectInspector - GatherTestInformationPatchedBuildCandidate............NOT RUN         
07:35:46.613 [main] INFO  f.i.s.r.p.i.ProjectInspector - CommitPatch...........................................NOT RUN         
07:35:46.613 [main] INFO  f.i.s.r.p.i.ProjectInspector - WritePropertyFile.....................................NOT RUN         
07:35:46.613 [main] INFO  f.i.s.r.p.i.ProjectInspector - CommitProcessEnd......................................NOT RUN         
07:35:46.613 [main] INFO  f.i.s.r.p.i.ProjectInspector - PushProcessEnd........................................NOT RUN         
07:35:46.614 [main] INFO  f.i.s.r.p.i.ProjectInspector - ----------------------------------------------------------------------
07:35:46.614 [main] INFO  f.i.s.r.p.i.ProjectInspector - PIPELINE FINDING: BUILDNOTCHECKEDOUT
07:35:46.614 [main] INFO  f.i.s.r.p.i.ProjectInspector - ----------------------------------------------------------------------
07:35:46.614 [main] INFO  f.i.s.repairnator.pipeline.Launcher - Inspector is finished. The process will exit now.
