07:57:12.313 [main] INFO  f.i.s.repairnator.pipeline.Launcher - PIPELINE VERSION: 3.0-2018-08-09 19:04
07:57:12.479 [main] INFO  f.i.s.repairnator.pipeline.Launcher - The pipeline will try to reproduce a bug from build 317325774 and its corresponding patch from build 325192375
07:57:12.479 [main] INFO  f.i.s.repairnator.pipeline.Launcher - Initialize file serializer engines.
07:57:12.481 [main] INFO  f.i.s.repairnator.pipeline.Launcher - MongoDB won't be used for serialization.
07:57:12.482 [main] INFO  f.i.s.repairnator.pipeline.Launcher - The email notifier engine won't be used.
07:57:12.485 [main] INFO  f.i.s.repairnator.pipeline.Launcher - Start by getting the build (buildId: 317325774) with the following config: RepairnatorConfig{runId='c504e580-3b8e-424b-917c-11249d52f820_01-18-week1-FAILING_AND_PASSING', launcherMode=BEARS, serializeJson=true, inputPath='null', outputPath='/var/log', mongodbHost='null', mongodbName='repairnator', smtpServer='null', notifyTo=[], notifyEndProcess=false, push=true, pushRemoteRepo='https://github.com/fermadeiral/bears-collection-fp', fork=false, lookFromDate=null, lookToDate=null, buildId=317325774, z3solverPath='./z3_for_linux', workspacePath='./workspace', githubToken='c8a341a903[...]', dockerImageName='null', skipDelete=false, createOutputDir=false, logDirectory='null', nbThreads=0, globalTimeout=0, whiteList=null, blackList=null, jobSleepTime=0, buildSleepTime=0, maxInspectedBuilds=0, duration=null, humanPatch=false, repository='null', clean=true, bearsMode=BOTH, bearsDelimiter = false, repairTools=NopolAllTests,NPEFix,AssertFixer,AstorJGenProg,AstorJKali,NopolSingleTest,AstorJMut,NopolTestExclusionStrategy, githubUserName= fermadeiral, githubUserEmail=fer.madeiral@gmail.com}
07:57:13.692 [main] DEBUG fr.inria.jtravis.helpers.BuildHelper - Get request to :https://api.travis-ci.org/build/317325774 done after 769 ms
07:57:13.951 [main] DEBUG fr.inria.jtravis.helpers.BuildHelper - Get request to :https://api.travis-ci.org/build/325192375 done after 141 ms
07:57:13.964 [main] INFO  f.i.s.repairnator.pipeline.Launcher - The patched build (325192375) was successfully retrieved from Travis.
07:57:15.085 [main] INFO  fr.inria.jtravis.JTravis - GitHub ratelimit: Limit: 5000 Remaining: 4616 Reset hour: 19:14:46
07:57:15.406 [main] INFO  f.i.s.r.p.i.ProjectInspector - ----------------------------------------------------------------------
07:57:15.406 [main] INFO  f.i.s.r.p.i.ProjectInspector - PIPELINE STEPS
07:57:15.407 [main] INFO  f.i.s.r.p.i.ProjectInspector - ----------------------------------------------------------------------
07:57:15.407 [main] INFO  f.i.s.r.p.i.ProjectInspector - CloneRepository
07:57:15.407 [main] INFO  f.i.s.r.p.i.ProjectInspector - CheckoutBuggyBuildCandidate
07:57:15.407 [main] INFO  f.i.s.r.p.i.ProjectInspector - ComputeSourceDir
07:57:15.407 [main] INFO  f.i.s.r.p.i.ProjectInspector - ComputeTestDir
07:57:15.408 [main] INFO  f.i.s.r.p.i.ProjectInspector - BuildProjectBuggyBuildCandidate
07:57:15.408 [main] INFO  f.i.s.r.p.i.ProjectInspector - TestProjectBuggyBuildCandidate
07:57:15.408 [main] INFO  f.i.s.r.p.i.ProjectInspector - GatherTestInformationBuggyBuildCandidate
07:57:15.408 [main] INFO  f.i.s.r.p.i.ProjectInspector - InitRepoToPush
07:57:15.409 [main] INFO  f.i.s.r.p.i.ProjectInspector - ComputeClasspath
07:57:15.409 [main] INFO  f.i.s.r.p.i.ProjectInspector - ComputeModules
07:57:15.409 [main] INFO  f.i.s.r.p.i.ProjectInspector - CheckoutPatchedBuildCandidate
07:57:15.409 [main] INFO  f.i.s.r.p.i.ProjectInspector - BuildProjectPatchedBuildCandidate
07:57:15.409 [main] INFO  f.i.s.r.p.i.ProjectInspector - TestProjectPatchedBuildCandidate
07:57:15.410 [main] INFO  f.i.s.r.p.i.ProjectInspector - GatherTestInformationPatchedBuildCandidate
07:57:15.411 [main] INFO  f.i.s.r.p.i.ProjectInspector - CommitPatch
07:57:15.411 [main] INFO  f.i.s.r.p.i.ProjectInspector - WritePropertyFile
07:57:15.411 [main] INFO  f.i.s.r.p.i.ProjectInspector - CommitProcessEnd
07:57:15.412 [main] INFO  f.i.s.r.p.i.ProjectInspector - PushProcessEnd
07:57:15.412 [main] DEBUG f.i.s.r.process.step.CloneRepository - ----------------------------------------------------------------------
07:57:15.413 [main] DEBUG f.i.s.r.process.step.CloneRepository - STEP 1/18: CloneRepository
07:57:15.413 [main] DEBUG f.i.s.r.process.step.CloneRepository - ----------------------------------------------------------------------
07:57:15.414 [main] DEBUG f.i.s.r.process.step.CloneRepository - Cloning repository apache/storm in the following directory: ./workspace/apache/storm/317325774
07:57:53.148 [main] DEBUG f.i.s.r.process.step.CloneRepository - STEP STATUS: [ CloneRepository : SUCCESS ]
07:57:53.149 [main] DEBUG f.i.s.r.process.step.CloneRepository - STEP DURATION: 37s
07:57:53.150 [main] DEBUG f.i.s.r.process.step.CloneRepository - EXECUTE NEXT STEP
07:57:53.150 [main] DEBUG f.i.s.r.p.s.c.CheckoutBuggyBuild - ----------------------------------------------------------------------
07:57:53.151 [main] DEBUG f.i.s.r.p.s.c.CheckoutBuggyBuild - STEP 2/18: CheckoutBuggyBuildCandidate
07:57:53.151 [main] DEBUG f.i.s.r.p.s.c.CheckoutBuggyBuild - ----------------------------------------------------------------------
07:57:53.151 [main] DEBUG f.i.s.r.p.s.c.CheckoutBuggyBuild - Checking out buggy build candidate...
07:57:53.737 [main] INFO  fr.inria.jtravis.JTravis - GitHub ratelimit: Limit: 5000 Remaining: 4611 Reset hour: 19:14:46
07:57:55.605 [main] DEBUG f.i.s.r.p.s.c.CheckoutBuggyBuild - Reproduce the PR for apache/storm by fetching remote branch and merging.
07:57:59.658 [main] ERROR f.i.s.r.p.s.c.CheckoutBuggyBuild - Error while testing commit: org.eclipse.jgit.errors.MissingObjectException: Missing unknown 52645244cfdbb51247feaf46aa5807eacd68d720
07:57:59.659 [main] ERROR f.i.s.r.p.s.c.CheckoutBuggyBuild - Commit head ref cannot be retrieved from the repository: 52645244cfdbb51247feaf46aa5807eacd68d720. Operation aborted.
07:57:59.659 [main] ERROR f.i.s.r.p.s.c.CheckoutBuggyBuild - Error while merging two commits to reproduce the PR.
07:57:59.660 [main] DEBUG f.i.s.r.p.s.c.CheckoutBuggyBuild - STEP STATUS: [ CheckoutBuggyBuildCandidate : FAILURE ( BUILDNOTCHECKEDOUT ) ]
07:57:59.660 [main] DEBUG f.i.s.r.p.s.c.CheckoutBuggyBuild - STEP DURATION: 6s
07:57:59.661 [main] DEBUG f.i.s.r.p.s.c.CheckoutBuggyBuild - TERMINATE PIPELINE
07:57:59.661 [main] DEBUG f.i.s.r.p.s.c.CheckoutBuggyBuild - FINAL STEPS SKIPPED: The reproduction of the bug and/or the patch failed.
07:57:59.661 [main] INFO  f.i.s.r.p.s.c.CheckoutBuggyBuild - Serialize all data for the pair of builds 317325774, 325192375
07:57:59.768 [main] INFO  fr.inria.jtravis.JTravis - GitHub ratelimit: Limit: 5000 Remaining: 4604 Reset hour: 19:14:46
07:58:00.562 [main] INFO  f.i.s.r.p.i.ProjectInspector - ----------------------------------------------------------------------
07:58:00.562 [main] INFO  f.i.s.r.p.i.ProjectInspector - PIPELINE EXECUTION SUMMARY
07:58:00.562 [main] INFO  f.i.s.r.p.i.ProjectInspector - ----------------------------------------------------------------------
07:58:00.563 [main] INFO  f.i.s.r.p.i.ProjectInspector - CloneRepository.......................................SUCCESS [ 37 s ]
07:58:00.563 [main] INFO  f.i.s.r.p.i.ProjectInspector - CheckoutBuggyBuildCandidate...........................FAILURE [  6 s ]
07:58:00.563 [main] INFO  f.i.s.r.p.i.ProjectInspector - ComputeSourceDir......................................NOT RUN         
07:58:00.563 [main] INFO  f.i.s.r.p.i.ProjectInspector - ComputeTestDir........................................NOT RUN         
07:58:00.563 [main] INFO  f.i.s.r.p.i.ProjectInspector - BuildProjectBuggyBuildCandidate.......................NOT RUN         
07:58:00.564 [main] INFO  f.i.s.r.p.i.ProjectInspector - TestProjectBuggyBuildCandidate........................NOT RUN         
07:58:00.564 [main] INFO  f.i.s.r.p.i.ProjectInspector - GatherTestInformationBuggyBuildCandidate..............NOT RUN         
07:58:00.564 [main] INFO  f.i.s.r.p.i.ProjectInspector - InitRepoToPush........................................NOT RUN         
07:58:00.564 [main] INFO  f.i.s.r.p.i.ProjectInspector - ComputeClasspath......................................NOT RUN         
07:58:00.564 [main] INFO  f.i.s.r.p.i.ProjectInspector - ComputeModules........................................NOT RUN         
07:58:00.564 [main] INFO  f.i.s.r.p.i.ProjectInspector - CheckoutPatchedBuildCandidate.........................NOT RUN         
07:58:00.565 [main] INFO  f.i.s.r.p.i.ProjectInspector - BuildProjectPatchedBuildCandidate.....................NOT RUN         
07:58:00.565 [main] INFO  f.i.s.r.p.i.ProjectInspector - TestProjectPatchedBuildCandidate......................NOT RUN         
07:58:00.565 [main] INFO  f.i.s.r.p.i.ProjectInspector - GatherTestInformationPatchedBuildCandidate............NOT RUN         
07:58:00.565 [main] INFO  f.i.s.r.p.i.ProjectInspector - CommitPatch...........................................NOT RUN         
07:58:00.565 [main] INFO  f.i.s.r.p.i.ProjectInspector - WritePropertyFile.....................................NOT RUN         
07:58:00.565 [main] INFO  f.i.s.r.p.i.ProjectInspector - CommitProcessEnd......................................NOT RUN         
07:58:00.566 [main] INFO  f.i.s.r.p.i.ProjectInspector - PushProcessEnd........................................NOT RUN         
07:58:00.566 [main] INFO  f.i.s.r.p.i.ProjectInspector - ----------------------------------------------------------------------
07:58:00.566 [main] INFO  f.i.s.r.p.i.ProjectInspector - PIPELINE FINDING: BUILDNOTCHECKEDOUT
07:58:00.566 [main] INFO  f.i.s.r.p.i.ProjectInspector - ----------------------------------------------------------------------
07:58:00.566 [main] INFO  f.i.s.repairnator.pipeline.Launcher - Inspector is finished. The process will exit now.
