04:06:05.845 [main] INFO  f.i.s.repairnator.pipeline.Launcher - PIPELINE VERSION: 3.0-2018-08-09 19:04
04:06:05.988 [main] INFO  f.i.s.repairnator.pipeline.Launcher - The pipeline will try to reproduce a bug from build 326006806 and its corresponding patch from build 326142733
04:06:05.988 [main] INFO  f.i.s.repairnator.pipeline.Launcher - Initialize file serializer engines.
04:06:05.990 [main] INFO  f.i.s.repairnator.pipeline.Launcher - MongoDB won't be used for serialization.
04:06:05.990 [main] INFO  f.i.s.repairnator.pipeline.Launcher - The email notifier engine won't be used.
04:06:05.993 [main] INFO  f.i.s.repairnator.pipeline.Launcher - Start by getting the build (buildId: 326006806) with the following config: RepairnatorConfig{runId='c504e580-3b8e-424b-917c-11249d52f820_01-18-week1-FAILING_AND_PASSING', launcherMode=BEARS, serializeJson=true, inputPath='null', outputPath='/var/log', mongodbHost='null', mongodbName='repairnator', smtpServer='null', notifyTo=[], notifyEndProcess=false, push=true, pushRemoteRepo='https://github.com/fermadeiral/bears-collection-fp', fork=false, lookFromDate=null, lookToDate=null, buildId=326006806, z3solverPath='./z3_for_linux', workspacePath='./workspace', githubToken='c8a341a903[...]', dockerImageName='null', skipDelete=false, createOutputDir=false, logDirectory='null', nbThreads=0, globalTimeout=0, whiteList=null, blackList=null, jobSleepTime=0, buildSleepTime=0, maxInspectedBuilds=0, duration=null, humanPatch=false, repository='null', clean=true, bearsMode=BOTH, bearsDelimiter = false, repairTools=NopolAllTests,NPEFix,AssertFixer,AstorJGenProg,AstorJKali,NopolSingleTest,AstorJMut,NopolTestExclusionStrategy, githubUserName= fermadeiral, githubUserEmail=fer.madeiral@gmail.com}
04:06:07.128 [main] DEBUG fr.inria.jtravis.helpers.BuildHelper - Get request to :https://api.travis-ci.org/build/326006806 done after 733 ms
04:06:07.383 [main] DEBUG fr.inria.jtravis.helpers.BuildHelper - Get request to :https://api.travis-ci.org/build/326142733 done after 173 ms
04:06:07.396 [main] INFO  f.i.s.repairnator.pipeline.Launcher - The patched build (326142733) was successfully retrieved from Travis.
04:06:08.440 [main] INFO  fr.inria.jtravis.JTravis - GitHub ratelimit: Limit: 5000 Remaining: 4932 Reset hour: 19:14:34
04:06:08.751 [main] INFO  f.i.s.r.p.i.ProjectInspector - ----------------------------------------------------------------------
04:06:08.751 [main] INFO  f.i.s.r.p.i.ProjectInspector - PIPELINE STEPS
04:06:08.752 [main] INFO  f.i.s.r.p.i.ProjectInspector - ----------------------------------------------------------------------
04:06:08.752 [main] INFO  f.i.s.r.p.i.ProjectInspector - CloneRepository
04:06:08.752 [main] INFO  f.i.s.r.p.i.ProjectInspector - CheckoutBuggyBuildCandidate
04:06:08.753 [main] INFO  f.i.s.r.p.i.ProjectInspector - ComputeSourceDir
04:06:08.753 [main] INFO  f.i.s.r.p.i.ProjectInspector - ComputeTestDir
04:06:08.753 [main] INFO  f.i.s.r.p.i.ProjectInspector - BuildProjectBuggyBuildCandidate
04:06:08.753 [main] INFO  f.i.s.r.p.i.ProjectInspector - TestProjectBuggyBuildCandidate
04:06:08.754 [main] INFO  f.i.s.r.p.i.ProjectInspector - GatherTestInformationBuggyBuildCandidate
04:06:08.754 [main] INFO  f.i.s.r.p.i.ProjectInspector - InitRepoToPush
04:06:08.754 [main] INFO  f.i.s.r.p.i.ProjectInspector - ComputeClasspath
04:06:08.754 [main] INFO  f.i.s.r.p.i.ProjectInspector - ComputeModules
04:06:08.755 [main] INFO  f.i.s.r.p.i.ProjectInspector - CheckoutPatchedBuildCandidate
04:06:08.755 [main] INFO  f.i.s.r.p.i.ProjectInspector - BuildProjectPatchedBuildCandidate
04:06:08.755 [main] INFO  f.i.s.r.p.i.ProjectInspector - TestProjectPatchedBuildCandidate
04:06:08.755 [main] INFO  f.i.s.r.p.i.ProjectInspector - GatherTestInformationPatchedBuildCandidate
04:06:08.755 [main] INFO  f.i.s.r.p.i.ProjectInspector - CommitPatch
04:06:08.756 [main] INFO  f.i.s.r.p.i.ProjectInspector - WritePropertyFile
04:06:08.756 [main] INFO  f.i.s.r.p.i.ProjectInspector - CommitProcessEnd
04:06:08.757 [main] INFO  f.i.s.r.p.i.ProjectInspector - PushProcessEnd
04:06:08.758 [main] DEBUG f.i.s.r.process.step.CloneRepository - ----------------------------------------------------------------------
04:06:08.758 [main] DEBUG f.i.s.r.process.step.CloneRepository - STEP 1/18: CloneRepository
04:06:08.759 [main] DEBUG f.i.s.r.process.step.CloneRepository - ----------------------------------------------------------------------
04:06:08.759 [main] DEBUG f.i.s.r.process.step.CloneRepository - Cloning repository prestodb/presto in the following directory: ./workspace/prestodb/presto/326006806
04:06:53.648 [main] DEBUG f.i.s.r.process.step.CloneRepository - STEP STATUS: [ CloneRepository : SUCCESS ]
04:06:53.648 [main] DEBUG f.i.s.r.process.step.CloneRepository - STEP DURATION: 44s
04:06:53.649 [main] DEBUG f.i.s.r.process.step.CloneRepository - EXECUTE NEXT STEP
04:06:53.649 [main] DEBUG f.i.s.r.p.s.c.CheckoutBuggyBuild - ----------------------------------------------------------------------
04:06:53.649 [main] DEBUG f.i.s.r.p.s.c.CheckoutBuggyBuild - STEP 2/18: CheckoutBuggyBuildCandidate
04:06:53.649 [main] DEBUG f.i.s.r.p.s.c.CheckoutBuggyBuild - ----------------------------------------------------------------------
04:06:53.650 [main] DEBUG f.i.s.r.p.s.c.CheckoutBuggyBuild - Checking out buggy build candidate...
04:06:53.996 [main] INFO  fr.inria.jtravis.JTravis - GitHub ratelimit: Limit: 5000 Remaining: 4912 Reset hour: 19:14:34
04:06:55.963 [main] DEBUG f.i.s.r.p.s.c.CheckoutBuggyBuild - Reproduce the PR for prestodb/presto by fetching remote branch and merging.
04:07:00.046 [main] ERROR f.i.s.r.p.s.c.CheckoutBuggyBuild - Error while testing commit: org.eclipse.jgit.errors.MissingObjectException: Missing unknown 425bd272d2097e0a83d04addb1bade66a594eeed
04:07:00.047 [main] ERROR f.i.s.r.p.s.c.CheckoutBuggyBuild - Commit head ref cannot be retrieved from the repository: 425bd272d2097e0a83d04addb1bade66a594eeed. Operation aborted.
04:07:00.048 [main] ERROR f.i.s.r.p.s.c.CheckoutBuggyBuild - Error while merging two commits to reproduce the PR.
04:07:00.049 [main] DEBUG f.i.s.r.p.s.c.CheckoutBuggyBuild - STEP STATUS: [ CheckoutBuggyBuildCandidate : FAILURE ( BUILDNOTCHECKEDOUT ) ]
04:07:00.049 [main] DEBUG f.i.s.r.p.s.c.CheckoutBuggyBuild - STEP DURATION: 6s
04:07:00.050 [main] DEBUG f.i.s.r.p.s.c.CheckoutBuggyBuild - TERMINATE PIPELINE
04:07:00.050 [main] DEBUG f.i.s.r.p.s.c.CheckoutBuggyBuild - FINAL STEPS SKIPPED: The reproduction of the bug and/or the patch failed.
04:07:00.051 [main] INFO  f.i.s.r.p.s.c.CheckoutBuggyBuild - Serialize all data for the pair of builds 326006806, 326142733
04:07:00.174 [main] INFO  fr.inria.jtravis.JTravis - GitHub ratelimit: Limit: 5000 Remaining: 4903 Reset hour: 19:14:34
04:07:01.770 [main] INFO  f.i.s.r.p.i.ProjectInspector - ----------------------------------------------------------------------
04:07:01.771 [main] INFO  f.i.s.r.p.i.ProjectInspector - PIPELINE EXECUTION SUMMARY
04:07:01.771 [main] INFO  f.i.s.r.p.i.ProjectInspector - ----------------------------------------------------------------------
04:07:01.771 [main] INFO  f.i.s.r.p.i.ProjectInspector - CloneRepository.......................................SUCCESS [ 44 s ]
04:07:01.771 [main] INFO  f.i.s.r.p.i.ProjectInspector - CheckoutBuggyBuildCandidate...........................FAILURE [  6 s ]
04:07:01.771 [main] INFO  f.i.s.r.p.i.ProjectInspector - ComputeSourceDir......................................NOT RUN         
04:07:01.772 [main] INFO  f.i.s.r.p.i.ProjectInspector - ComputeTestDir........................................NOT RUN         
04:07:01.772 [main] INFO  f.i.s.r.p.i.ProjectInspector - BuildProjectBuggyBuildCandidate.......................NOT RUN         
04:07:01.772 [main] INFO  f.i.s.r.p.i.ProjectInspector - TestProjectBuggyBuildCandidate........................NOT RUN         
04:07:01.772 [main] INFO  f.i.s.r.p.i.ProjectInspector - GatherTestInformationBuggyBuildCandidate..............NOT RUN         
04:07:01.772 [main] INFO  f.i.s.r.p.i.ProjectInspector - InitRepoToPush........................................NOT RUN         
04:07:01.772 [main] INFO  f.i.s.r.p.i.ProjectInspector - ComputeClasspath......................................NOT RUN         
04:07:01.772 [main] INFO  f.i.s.r.p.i.ProjectInspector - ComputeModules........................................NOT RUN         
04:07:01.772 [main] INFO  f.i.s.r.p.i.ProjectInspector - CheckoutPatchedBuildCandidate.........................NOT RUN         
04:07:01.773 [main] INFO  f.i.s.r.p.i.ProjectInspector - BuildProjectPatchedBuildCandidate.....................NOT RUN         
04:07:01.773 [main] INFO  f.i.s.r.p.i.ProjectInspector - TestProjectPatchedBuildCandidate......................NOT RUN         
04:07:01.773 [main] INFO  f.i.s.r.p.i.ProjectInspector - GatherTestInformationPatchedBuildCandidate............NOT RUN         
04:07:01.773 [main] INFO  f.i.s.r.p.i.ProjectInspector - CommitPatch...........................................NOT RUN         
04:07:01.773 [main] INFO  f.i.s.r.p.i.ProjectInspector - WritePropertyFile.....................................NOT RUN         
04:07:01.774 [main] INFO  f.i.s.r.p.i.ProjectInspector - CommitProcessEnd......................................NOT RUN         
04:07:01.774 [main] INFO  f.i.s.r.p.i.ProjectInspector - PushProcessEnd........................................NOT RUN         
04:07:01.775 [main] INFO  f.i.s.r.p.i.ProjectInspector - ----------------------------------------------------------------------
04:07:01.775 [main] INFO  f.i.s.r.p.i.ProjectInspector - PIPELINE FINDING: BUILDNOTCHECKEDOUT
04:07:01.775 [main] INFO  f.i.s.r.p.i.ProjectInspector - ----------------------------------------------------------------------
04:07:01.775 [main] INFO  f.i.s.repairnator.pipeline.Launcher - Inspector is finished. The process will exit now.
