23:32:06.116 [main] INFO  f.i.s.repairnator.pipeline.Launcher - PIPELINE VERSION: 3.0-2018-08-09 19:04
23:32:06.250 [main] INFO  f.i.s.repairnator.pipeline.Launcher - The pipeline will try to reproduce a bug from build 353486587 and its corresponding patch from build 353487315
23:32:06.251 [main] INFO  f.i.s.repairnator.pipeline.Launcher - Initialize file serializer engines.
23:32:06.253 [main] INFO  f.i.s.repairnator.pipeline.Launcher - MongoDB won't be used for serialization.
23:32:06.253 [main] INFO  f.i.s.repairnator.pipeline.Launcher - The email notifier engine won't be used.
23:32:06.256 [main] INFO  f.i.s.repairnator.pipeline.Launcher - Start by getting the build (buildId: 353486587) with the following config: RepairnatorConfig{runId='b8329044-fa38-406d-a987-171158d4cf73_03-18-week3-FAILING_AND_PASSING', launcherMode=BEARS, serializeJson=true, inputPath='null', outputPath='/var/log', mongodbHost='null', mongodbName='repairnator', smtpServer='null', notifyTo=[], notifyEndProcess=false, push=true, pushRemoteRepo='https://github.com/fermadeiral/bears-collection-fp', fork=false, lookFromDate=null, lookToDate=null, buildId=353486587, z3solverPath='./z3_for_linux', workspacePath='./workspace', githubToken='c8a341a903[...]', dockerImageName='null', skipDelete=false, createOutputDir=false, logDirectory='null', nbThreads=0, globalTimeout=0, whiteList=null, blackList=null, jobSleepTime=0, buildSleepTime=0, maxInspectedBuilds=0, duration=null, humanPatch=false, repository='null', clean=true, bearsMode=BOTH, bearsDelimiter = false, repairTools=NopolAllTests,NPEFix,AssertFixer,AstorJGenProg,AstorJKali,NopolSingleTest,AstorJMut,NopolTestExclusionStrategy, githubUserName= fermadeiral, githubUserEmail=fer.madeiral@gmail.com}
23:32:07.419 [main] DEBUG fr.inria.jtravis.helpers.BuildHelper - Get request to :https://api.travis-ci.org/build/353486587 done after 756 ms
23:32:07.731 [main] DEBUG fr.inria.jtravis.helpers.BuildHelper - Get request to :https://api.travis-ci.org/build/353487315 done after 230 ms
23:32:07.744 [main] INFO  f.i.s.repairnator.pipeline.Launcher - The patched build (353487315) was successfully retrieved from Travis.
23:32:09.001 [main] INFO  fr.inria.jtravis.JTravis - GitHub ratelimit: Limit: 5000 Remaining: 4538 Reset hour: 19:33:00
23:32:09.272 [main] INFO  f.i.s.r.p.i.ProjectInspector - ----------------------------------------------------------------------
23:32:09.273 [main] INFO  f.i.s.r.p.i.ProjectInspector - PIPELINE STEPS
23:32:09.273 [main] INFO  f.i.s.r.p.i.ProjectInspector - ----------------------------------------------------------------------
23:32:09.273 [main] INFO  f.i.s.r.p.i.ProjectInspector - CloneRepository
23:32:09.273 [main] INFO  f.i.s.r.p.i.ProjectInspector - CheckoutBuggyBuildCandidate
23:32:09.273 [main] INFO  f.i.s.r.p.i.ProjectInspector - ComputeSourceDir
23:32:09.273 [main] INFO  f.i.s.r.p.i.ProjectInspector - ComputeTestDir
23:32:09.273 [main] INFO  f.i.s.r.p.i.ProjectInspector - BuildProjectBuggyBuildCandidate
23:32:09.274 [main] INFO  f.i.s.r.p.i.ProjectInspector - TestProjectBuggyBuildCandidate
23:32:09.274 [main] INFO  f.i.s.r.p.i.ProjectInspector - GatherTestInformationBuggyBuildCandidate
23:32:09.274 [main] INFO  f.i.s.r.p.i.ProjectInspector - InitRepoToPush
23:32:09.274 [main] INFO  f.i.s.r.p.i.ProjectInspector - ComputeClasspath
23:32:09.274 [main] INFO  f.i.s.r.p.i.ProjectInspector - ComputeModules
23:32:09.274 [main] INFO  f.i.s.r.p.i.ProjectInspector - CheckoutPatchedBuildCandidate
23:32:09.274 [main] INFO  f.i.s.r.p.i.ProjectInspector - BuildProjectPatchedBuildCandidate
23:32:09.274 [main] INFO  f.i.s.r.p.i.ProjectInspector - TestProjectPatchedBuildCandidate
23:32:09.275 [main] INFO  f.i.s.r.p.i.ProjectInspector - GatherTestInformationPatchedBuildCandidate
23:32:09.275 [main] INFO  f.i.s.r.p.i.ProjectInspector - CommitPatch
23:32:09.275 [main] INFO  f.i.s.r.p.i.ProjectInspector - WritePropertyFile
23:32:09.275 [main] INFO  f.i.s.r.p.i.ProjectInspector - CommitProcessEnd
23:32:09.275 [main] INFO  f.i.s.r.p.i.ProjectInspector - PushProcessEnd
23:32:09.275 [main] DEBUG f.i.s.r.process.step.CloneRepository - ----------------------------------------------------------------------
23:32:09.276 [main] DEBUG f.i.s.r.process.step.CloneRepository - STEP 1/18: CloneRepository
23:32:09.276 [main] DEBUG f.i.s.r.process.step.CloneRepository - ----------------------------------------------------------------------
23:32:09.277 [main] DEBUG f.i.s.r.process.step.CloneRepository - Cloning repository CorfuDB/CorfuDB in the following directory: ./workspace/CorfuDB/CorfuDB/353486587
23:36:15.004 [main] DEBUG f.i.s.r.process.step.CloneRepository - STEP STATUS: [ CloneRepository : SUCCESS ]
23:36:15.005 [main] DEBUG f.i.s.r.process.step.CloneRepository - STEP DURATION: 245s
23:36:15.005 [main] DEBUG f.i.s.r.process.step.CloneRepository - EXECUTE NEXT STEP
23:36:15.005 [main] DEBUG f.i.s.r.p.s.c.CheckoutBuggyBuild - ----------------------------------------------------------------------
23:36:15.005 [main] DEBUG f.i.s.r.p.s.c.CheckoutBuggyBuild - STEP 2/18: CheckoutBuggyBuildCandidate
23:36:15.006 [main] DEBUG f.i.s.r.p.s.c.CheckoutBuggyBuild - ----------------------------------------------------------------------
23:36:15.006 [main] DEBUG f.i.s.r.p.s.c.CheckoutBuggyBuild - Checking out buggy build candidate...
23:36:15.491 [main] INFO  fr.inria.jtravis.JTravis - GitHub ratelimit: Limit: 5000 Remaining: 4504 Reset hour: 19:33:00
23:36:17.572 [main] DEBUG f.i.s.r.p.s.c.CheckoutBuggyBuild - Reproduce the PR for CorfuDB/CorfuDB by fetching remote branch and merging.
23:36:18.997 [main] ERROR f.i.s.r.p.s.c.CheckoutBuggyBuild - Error while testing commit: org.eclipse.jgit.errors.MissingObjectException: Missing unknown 83ce91a0c9642ca02af76132a76e83aee45268af
23:36:18.998 [main] ERROR f.i.s.r.p.s.c.CheckoutBuggyBuild - Commit head ref cannot be retrieved from the repository: 83ce91a0c9642ca02af76132a76e83aee45268af. Operation aborted.
23:36:18.999 [main] ERROR f.i.s.r.p.s.c.CheckoutBuggyBuild - Error while merging two commits to reproduce the PR.
23:36:19.000 [main] DEBUG f.i.s.r.p.s.c.CheckoutBuggyBuild - STEP STATUS: [ CheckoutBuggyBuildCandidate : FAILURE ( BUILDNOTCHECKEDOUT ) ]
23:36:19.000 [main] DEBUG f.i.s.r.p.s.c.CheckoutBuggyBuild - STEP DURATION: 3s
23:36:19.000 [main] DEBUG f.i.s.r.p.s.c.CheckoutBuggyBuild - TERMINATE PIPELINE
23:36:19.001 [main] DEBUG f.i.s.r.p.s.c.CheckoutBuggyBuild - FINAL STEPS SKIPPED: The reproduction of the bug and/or the patch failed.
23:36:19.002 [main] INFO  f.i.s.r.p.s.c.CheckoutBuggyBuild - Serialize all data for the pair of builds 353486587, 353487315
23:36:19.126 [main] INFO  fr.inria.jtravis.JTravis - GitHub ratelimit: Limit: 5000 Remaining: 4497 Reset hour: 19:33:00
23:36:19.695 [main] INFO  f.i.s.r.p.i.ProjectInspector - ----------------------------------------------------------------------
23:36:19.696 [main] INFO  f.i.s.r.p.i.ProjectInspector - PIPELINE EXECUTION SUMMARY
23:36:19.696 [main] INFO  f.i.s.r.p.i.ProjectInspector - ----------------------------------------------------------------------
23:36:19.696 [main] INFO  f.i.s.r.p.i.ProjectInspector - CloneRepository......................................SUCCESS [ 245 s ]
23:36:19.697 [main] INFO  f.i.s.r.p.i.ProjectInspector - CheckoutBuggyBuildCandidate..........................FAILURE [   3 s ]
23:36:19.697 [main] INFO  f.i.s.r.p.i.ProjectInspector - ComputeSourceDir.....................................NOT RUN          
23:36:19.697 [main] INFO  f.i.s.r.p.i.ProjectInspector - ComputeTestDir.......................................NOT RUN          
23:36:19.697 [main] INFO  f.i.s.r.p.i.ProjectInspector - BuildProjectBuggyBuildCandidate......................NOT RUN          
23:36:19.698 [main] INFO  f.i.s.r.p.i.ProjectInspector - TestProjectBuggyBuildCandidate.......................NOT RUN          
23:36:19.698 [main] INFO  f.i.s.r.p.i.ProjectInspector - GatherTestInformationBuggyBuildCandidate.............NOT RUN          
23:36:19.698 [main] INFO  f.i.s.r.p.i.ProjectInspector - InitRepoToPush.......................................NOT RUN          
23:36:19.699 [main] INFO  f.i.s.r.p.i.ProjectInspector - ComputeClasspath.....................................NOT RUN          
23:36:19.699 [main] INFO  f.i.s.r.p.i.ProjectInspector - ComputeModules.......................................NOT RUN          
23:36:19.699 [main] INFO  f.i.s.r.p.i.ProjectInspector - CheckoutPatchedBuildCandidate........................NOT RUN          
23:36:19.699 [main] INFO  f.i.s.r.p.i.ProjectInspector - BuildProjectPatchedBuildCandidate....................NOT RUN          
23:36:19.700 [main] INFO  f.i.s.r.p.i.ProjectInspector - TestProjectPatchedBuildCandidate.....................NOT RUN          
23:36:19.700 [main] INFO  f.i.s.r.p.i.ProjectInspector - GatherTestInformationPatchedBuildCandidate...........NOT RUN          
23:36:19.700 [main] INFO  f.i.s.r.p.i.ProjectInspector - CommitPatch..........................................NOT RUN          
23:36:19.700 [main] INFO  f.i.s.r.p.i.ProjectInspector - WritePropertyFile....................................NOT RUN          
23:36:19.700 [main] INFO  f.i.s.r.p.i.ProjectInspector - CommitProcessEnd.....................................NOT RUN          
23:36:19.701 [main] INFO  f.i.s.r.p.i.ProjectInspector - PushProcessEnd.......................................NOT RUN          
23:36:19.701 [main] INFO  f.i.s.r.p.i.ProjectInspector - ----------------------------------------------------------------------
23:36:19.701 [main] INFO  f.i.s.r.p.i.ProjectInspector - PIPELINE FINDING: BUILDNOTCHECKEDOUT
23:36:19.701 [main] INFO  f.i.s.r.p.i.ProjectInspector - ----------------------------------------------------------------------
23:36:19.702 [main] INFO  f.i.s.repairnator.pipeline.Launcher - Inspector is finished. The process will exit now.
