21:14:32.459 [main] INFO  f.i.s.repairnator.pipeline.Launcher - PIPELINE VERSION: 3.0-2018-08-09 19:04
21:14:32.578 [main] INFO  f.i.s.repairnator.pipeline.Launcher - The pipeline will try to reproduce a bug from build 354497991 and its corresponding patch from build 354584565
21:14:32.578 [main] INFO  f.i.s.repairnator.pipeline.Launcher - Initialize file serializer engines.
21:14:32.580 [main] INFO  f.i.s.repairnator.pipeline.Launcher - MongoDB won't be used for serialization.
21:14:32.580 [main] INFO  f.i.s.repairnator.pipeline.Launcher - The email notifier engine won't be used.
21:14:32.583 [main] INFO  f.i.s.repairnator.pipeline.Launcher - Start by getting the build (buildId: 354497991) with the following config: RepairnatorConfig{runId='b8329044-fa38-406d-a987-171158d4cf73_03-18-week3-FAILING_AND_PASSING', launcherMode=BEARS, serializeJson=true, inputPath='null', outputPath='/var/log', mongodbHost='null', mongodbName='repairnator', smtpServer='null', notifyTo=[], notifyEndProcess=false, push=true, pushRemoteRepo='https://github.com/fermadeiral/bears-collection-fp', fork=false, lookFromDate=null, lookToDate=null, buildId=354497991, z3solverPath='./z3_for_linux', workspacePath='./workspace', githubToken='c8a341a903[...]', dockerImageName='null', skipDelete=false, createOutputDir=false, logDirectory='null', nbThreads=0, globalTimeout=0, whiteList=null, blackList=null, jobSleepTime=0, buildSleepTime=0, maxInspectedBuilds=0, duration=null, humanPatch=false, repository='null', clean=true, bearsMode=BOTH, bearsDelimiter = false, repairTools=NopolAllTests,NPEFix,AssertFixer,AstorJGenProg,AstorJKali,NopolSingleTest,AstorJMut,NopolTestExclusionStrategy, githubUserName= fermadeiral, githubUserEmail=fer.madeiral@gmail.com}
21:14:33.824 [main] DEBUG fr.inria.jtravis.helpers.BuildHelper - Get request to :https://api.travis-ci.org/build/354497991 done after 754 ms
21:14:34.043 [main] DEBUG fr.inria.jtravis.helpers.BuildHelper - Get request to :https://api.travis-ci.org/build/354584565 done after 127 ms
21:14:34.065 [main] INFO  f.i.s.repairnator.pipeline.Launcher - The patched build (354584565) was successfully retrieved from Travis.
21:14:35.133 [main] INFO  fr.inria.jtravis.JTravis - GitHub ratelimit: Limit: 5000 Remaining: 4968 Reset hour: 19:32:52
21:14:35.381 [main] INFO  f.i.s.r.p.i.ProjectInspector - ----------------------------------------------------------------------
21:14:35.381 [main] INFO  f.i.s.r.p.i.ProjectInspector - PIPELINE STEPS
21:14:35.381 [main] INFO  f.i.s.r.p.i.ProjectInspector - ----------------------------------------------------------------------
21:14:35.381 [main] INFO  f.i.s.r.p.i.ProjectInspector - CloneRepository
21:14:35.381 [main] INFO  f.i.s.r.p.i.ProjectInspector - CheckoutBuggyBuildCandidate
21:14:35.381 [main] INFO  f.i.s.r.p.i.ProjectInspector - ComputeSourceDir
21:14:35.381 [main] INFO  f.i.s.r.p.i.ProjectInspector - ComputeTestDir
21:14:35.382 [main] INFO  f.i.s.r.p.i.ProjectInspector - BuildProjectBuggyBuildCandidate
21:14:35.382 [main] INFO  f.i.s.r.p.i.ProjectInspector - TestProjectBuggyBuildCandidate
21:14:35.382 [main] INFO  f.i.s.r.p.i.ProjectInspector - GatherTestInformationBuggyBuildCandidate
21:14:35.382 [main] INFO  f.i.s.r.p.i.ProjectInspector - InitRepoToPush
21:14:35.382 [main] INFO  f.i.s.r.p.i.ProjectInspector - ComputeClasspath
21:14:35.382 [main] INFO  f.i.s.r.p.i.ProjectInspector - ComputeModules
21:14:35.382 [main] INFO  f.i.s.r.p.i.ProjectInspector - CheckoutPatchedBuildCandidate
21:14:35.382 [main] INFO  f.i.s.r.p.i.ProjectInspector - BuildProjectPatchedBuildCandidate
21:14:35.383 [main] INFO  f.i.s.r.p.i.ProjectInspector - TestProjectPatchedBuildCandidate
21:14:35.383 [main] INFO  f.i.s.r.p.i.ProjectInspector - GatherTestInformationPatchedBuildCandidate
21:14:35.383 [main] INFO  f.i.s.r.p.i.ProjectInspector - CommitPatch
21:14:35.383 [main] INFO  f.i.s.r.p.i.ProjectInspector - WritePropertyFile
21:14:35.383 [main] INFO  f.i.s.r.p.i.ProjectInspector - CommitProcessEnd
21:14:35.385 [main] INFO  f.i.s.r.p.i.ProjectInspector - PushProcessEnd
21:14:35.385 [main] DEBUG f.i.s.r.process.step.CloneRepository - ----------------------------------------------------------------------
21:14:35.387 [main] DEBUG f.i.s.r.process.step.CloneRepository - STEP 1/18: CloneRepository
21:14:35.387 [main] DEBUG f.i.s.r.process.step.CloneRepository - ----------------------------------------------------------------------
21:14:35.387 [main] DEBUG f.i.s.r.process.step.CloneRepository - Cloning repository prestodb/presto in the following directory: ./workspace/prestodb/presto/354497991
21:15:17.342 [main] DEBUG f.i.s.r.process.step.CloneRepository - STEP STATUS: [ CloneRepository : SUCCESS ]
21:15:17.342 [main] DEBUG f.i.s.r.process.step.CloneRepository - STEP DURATION: 41s
21:15:17.343 [main] DEBUG f.i.s.r.process.step.CloneRepository - EXECUTE NEXT STEP
21:15:17.343 [main] DEBUG f.i.s.r.p.s.c.CheckoutBuggyBuild - ----------------------------------------------------------------------
21:15:17.343 [main] DEBUG f.i.s.r.p.s.c.CheckoutBuggyBuild - STEP 2/18: CheckoutBuggyBuildCandidate
21:15:17.344 [main] DEBUG f.i.s.r.p.s.c.CheckoutBuggyBuild - ----------------------------------------------------------------------
21:15:17.344 [main] DEBUG f.i.s.r.p.s.c.CheckoutBuggyBuild - Checking out buggy build candidate...
21:15:17.693 [main] INFO  fr.inria.jtravis.JTravis - GitHub ratelimit: Limit: 5000 Remaining: 4967 Reset hour: 19:32:52
21:15:19.777 [main] DEBUG f.i.s.r.p.s.c.CheckoutBuggyBuild - Reproduce the PR for prestodb/presto by fetching remote branch and merging.
21:15:21.058 [main] ERROR f.i.s.r.p.s.c.CheckoutBuggyBuild - Error while testing commit: org.eclipse.jgit.errors.MissingObjectException: Missing unknown dfe48a86df1df350efac94114aa2a14381d29985
21:15:21.060 [main] ERROR f.i.s.r.p.s.c.CheckoutBuggyBuild - Commit head ref cannot be retrieved from the repository: dfe48a86df1df350efac94114aa2a14381d29985. Operation aborted.
21:15:21.060 [main] ERROR f.i.s.r.p.s.c.CheckoutBuggyBuild - Error while merging two commits to reproduce the PR.
21:15:21.061 [main] DEBUG f.i.s.r.p.s.c.CheckoutBuggyBuild - STEP STATUS: [ CheckoutBuggyBuildCandidate : FAILURE ( BUILDNOTCHECKEDOUT ) ]
21:15:21.061 [main] DEBUG f.i.s.r.p.s.c.CheckoutBuggyBuild - STEP DURATION: 3s
21:15:21.061 [main] DEBUG f.i.s.r.p.s.c.CheckoutBuggyBuild - TERMINATE PIPELINE
21:15:21.062 [main] DEBUG f.i.s.r.p.s.c.CheckoutBuggyBuild - FINAL STEPS SKIPPED: The reproduction of the bug and/or the patch failed.
21:15:21.062 [main] INFO  f.i.s.r.p.s.c.CheckoutBuggyBuild - Serialize all data for the pair of builds 354497991, 354584565
21:15:21.184 [main] INFO  fr.inria.jtravis.JTravis - GitHub ratelimit: Limit: 5000 Remaining: 4960 Reset hour: 19:32:52
21:15:22.588 [main] INFO  f.i.s.r.p.i.ProjectInspector - ----------------------------------------------------------------------
21:15:22.589 [main] INFO  f.i.s.r.p.i.ProjectInspector - PIPELINE EXECUTION SUMMARY
21:15:22.589 [main] INFO  f.i.s.r.p.i.ProjectInspector - ----------------------------------------------------------------------
21:15:22.589 [main] INFO  f.i.s.r.p.i.ProjectInspector - CloneRepository.......................................SUCCESS [ 41 s ]
21:15:22.590 [main] INFO  f.i.s.r.p.i.ProjectInspector - CheckoutBuggyBuildCandidate...........................FAILURE [  3 s ]
21:15:22.590 [main] INFO  f.i.s.r.p.i.ProjectInspector - ComputeSourceDir......................................NOT RUN         
21:15:22.590 [main] INFO  f.i.s.r.p.i.ProjectInspector - ComputeTestDir........................................NOT RUN         
21:15:22.590 [main] INFO  f.i.s.r.p.i.ProjectInspector - BuildProjectBuggyBuildCandidate.......................NOT RUN         
21:15:22.590 [main] INFO  f.i.s.r.p.i.ProjectInspector - TestProjectBuggyBuildCandidate........................NOT RUN         
21:15:22.590 [main] INFO  f.i.s.r.p.i.ProjectInspector - GatherTestInformationBuggyBuildCandidate..............NOT RUN         
21:15:22.590 [main] INFO  f.i.s.r.p.i.ProjectInspector - InitRepoToPush........................................NOT RUN         
21:15:22.592 [main] INFO  f.i.s.r.p.i.ProjectInspector - ComputeClasspath......................................NOT RUN         
21:15:22.592 [main] INFO  f.i.s.r.p.i.ProjectInspector - ComputeModules........................................NOT RUN         
21:15:22.592 [main] INFO  f.i.s.r.p.i.ProjectInspector - CheckoutPatchedBuildCandidate.........................NOT RUN         
21:15:22.593 [main] INFO  f.i.s.r.p.i.ProjectInspector - BuildProjectPatchedBuildCandidate.....................NOT RUN         
21:15:22.593 [main] INFO  f.i.s.r.p.i.ProjectInspector - TestProjectPatchedBuildCandidate......................NOT RUN         
21:15:22.593 [main] INFO  f.i.s.r.p.i.ProjectInspector - GatherTestInformationPatchedBuildCandidate............NOT RUN         
21:15:22.593 [main] INFO  f.i.s.r.p.i.ProjectInspector - CommitPatch...........................................NOT RUN         
21:15:22.593 [main] INFO  f.i.s.r.p.i.ProjectInspector - WritePropertyFile.....................................NOT RUN         
21:15:22.593 [main] INFO  f.i.s.r.p.i.ProjectInspector - CommitProcessEnd......................................NOT RUN         
21:15:22.593 [main] INFO  f.i.s.r.p.i.ProjectInspector - PushProcessEnd........................................NOT RUN         
21:15:22.594 [main] INFO  f.i.s.r.p.i.ProjectInspector - ----------------------------------------------------------------------
21:15:22.594 [main] INFO  f.i.s.r.p.i.ProjectInspector - PIPELINE FINDING: BUILDNOTCHECKEDOUT
21:15:22.594 [main] INFO  f.i.s.r.p.i.ProjectInspector - ----------------------------------------------------------------------
21:15:22.594 [main] INFO  f.i.s.repairnator.pipeline.Launcher - Inspector is finished. The process will exit now.
