23:02:32.037 [main] INFO  f.i.s.repairnator.pipeline.Launcher - PIPELINE VERSION: 3.0-2018-08-09 19:04
23:02:32.207 [main] INFO  f.i.s.repairnator.pipeline.Launcher - The pipeline will try to reproduce a bug from build 355340978 and its corresponding patch from build 355354206
23:02:32.208 [main] INFO  f.i.s.repairnator.pipeline.Launcher - Initialize file serializer engines.
23:02:32.210 [main] INFO  f.i.s.repairnator.pipeline.Launcher - MongoDB won't be used for serialization.
23:02:32.210 [main] INFO  f.i.s.repairnator.pipeline.Launcher - The email notifier engine won't be used.
23:02:32.214 [main] INFO  f.i.s.repairnator.pipeline.Launcher - Start by getting the build (buildId: 355340978) with the following config: RepairnatorConfig{runId='b8329044-fa38-406d-a987-171158d4cf73_03-18-week3-FAILING_AND_PASSING', launcherMode=BEARS, serializeJson=true, inputPath='null', outputPath='/var/log', mongodbHost='null', mongodbName='repairnator', smtpServer='null', notifyTo=[], notifyEndProcess=false, push=true, pushRemoteRepo='https://github.com/fermadeiral/bears-collection-fp', fork=false, lookFromDate=null, lookToDate=null, buildId=355340978, z3solverPath='./z3_for_linux', workspacePath='./workspace', githubToken='c8a341a903[...]', dockerImageName='null', skipDelete=false, createOutputDir=false, logDirectory='null', nbThreads=0, globalTimeout=0, whiteList=null, blackList=null, jobSleepTime=0, buildSleepTime=0, maxInspectedBuilds=0, duration=null, humanPatch=false, repository='null', clean=true, bearsMode=BOTH, bearsDelimiter = false, repairTools=NopolAllTests,NPEFix,AssertFixer,AstorJGenProg,AstorJKali,NopolSingleTest,AstorJMut,NopolTestExclusionStrategy, githubUserName= fermadeiral, githubUserEmail=fer.madeiral@gmail.com}
23:02:33.923 [main] DEBUG fr.inria.jtravis.helpers.BuildHelper - Get request to :https://api.travis-ci.org/build/355340978 done after 1223 ms
23:02:34.153 [main] DEBUG fr.inria.jtravis.helpers.BuildHelper - Get request to :https://api.travis-ci.org/build/355354206 done after 138 ms
23:02:34.164 [main] INFO  f.i.s.repairnator.pipeline.Launcher - The patched build (355354206) was successfully retrieved from Travis.
23:02:35.380 [main] INFO  fr.inria.jtravis.JTravis - GitHub ratelimit: Limit: 5000 Remaining: 4960 Reset hour: 19:33:00
23:02:35.643 [main] INFO  f.i.s.r.p.i.ProjectInspector - ----------------------------------------------------------------------
23:02:35.643 [main] INFO  f.i.s.r.p.i.ProjectInspector - PIPELINE STEPS
23:02:35.643 [main] INFO  f.i.s.r.p.i.ProjectInspector - ----------------------------------------------------------------------
23:02:35.644 [main] INFO  f.i.s.r.p.i.ProjectInspector - CloneRepository
23:02:35.644 [main] INFO  f.i.s.r.p.i.ProjectInspector - CheckoutBuggyBuildCandidate
23:02:35.644 [main] INFO  f.i.s.r.p.i.ProjectInspector - ComputeSourceDir
23:02:35.644 [main] INFO  f.i.s.r.p.i.ProjectInspector - ComputeTestDir
23:02:35.644 [main] INFO  f.i.s.r.p.i.ProjectInspector - BuildProjectBuggyBuildCandidate
23:02:35.644 [main] INFO  f.i.s.r.p.i.ProjectInspector - TestProjectBuggyBuildCandidate
23:02:35.644 [main] INFO  f.i.s.r.p.i.ProjectInspector - GatherTestInformationBuggyBuildCandidate
23:02:35.644 [main] INFO  f.i.s.r.p.i.ProjectInspector - InitRepoToPush
23:02:35.645 [main] INFO  f.i.s.r.p.i.ProjectInspector - ComputeClasspath
23:02:35.645 [main] INFO  f.i.s.r.p.i.ProjectInspector - ComputeModules
23:02:35.645 [main] INFO  f.i.s.r.p.i.ProjectInspector - CheckoutPatchedBuildCandidate
23:02:35.645 [main] INFO  f.i.s.r.p.i.ProjectInspector - BuildProjectPatchedBuildCandidate
23:02:35.645 [main] INFO  f.i.s.r.p.i.ProjectInspector - TestProjectPatchedBuildCandidate
23:02:35.645 [main] INFO  f.i.s.r.p.i.ProjectInspector - GatherTestInformationPatchedBuildCandidate
23:02:35.645 [main] INFO  f.i.s.r.p.i.ProjectInspector - CommitPatch
23:02:35.645 [main] INFO  f.i.s.r.p.i.ProjectInspector - WritePropertyFile
23:02:35.646 [main] INFO  f.i.s.r.p.i.ProjectInspector - CommitProcessEnd
23:02:35.646 [main] INFO  f.i.s.r.p.i.ProjectInspector - PushProcessEnd
23:02:35.646 [main] DEBUG f.i.s.r.process.step.CloneRepository - ----------------------------------------------------------------------
23:02:35.646 [main] DEBUG f.i.s.r.process.step.CloneRepository - STEP 1/18: CloneRepository
23:02:35.646 [main] DEBUG f.i.s.r.process.step.CloneRepository - ----------------------------------------------------------------------
23:02:35.646 [main] DEBUG f.i.s.r.process.step.CloneRepository - Cloning repository EnMasseProject/enmasse in the following directory: ./workspace/EnMasseProject/enmasse/355340978
23:03:03.749 [main] DEBUG f.i.s.r.process.step.CloneRepository - STEP STATUS: [ CloneRepository : SUCCESS ]
23:03:03.749 [main] DEBUG f.i.s.r.process.step.CloneRepository - STEP DURATION: 28s
23:03:03.749 [main] DEBUG f.i.s.r.process.step.CloneRepository - EXECUTE NEXT STEP
23:03:03.750 [main] DEBUG f.i.s.r.p.s.c.CheckoutBuggyBuild - ----------------------------------------------------------------------
23:03:03.750 [main] DEBUG f.i.s.r.p.s.c.CheckoutBuggyBuild - STEP 2/18: CheckoutBuggyBuildCandidate
23:03:03.750 [main] DEBUG f.i.s.r.p.s.c.CheckoutBuggyBuild - ----------------------------------------------------------------------
23:03:03.750 [main] DEBUG f.i.s.r.p.s.c.CheckoutBuggyBuild - Checking out buggy build candidate...
23:03:03.760 [main] ERROR f.i.s.r.p.s.c.CheckoutBuggyBuild - Error while testing commit: org.eclipse.jgit.errors.MissingObjectException: Missing unknown 09946f993d737a64ace390610849f869da0aa916
23:03:03.761 [main] ERROR f.i.s.r.p.s.c.CheckoutBuggyBuild - Error while getting the commit to checkout from the repo.
23:03:03.761 [main] DEBUG f.i.s.r.p.s.c.CheckoutBuggyBuild - STEP STATUS: [ CheckoutBuggyBuildCandidate : FAILURE ( BUILDNOTCHECKEDOUT ) ]
23:03:03.762 [main] DEBUG f.i.s.r.p.s.c.CheckoutBuggyBuild - STEP DURATION: 0s
23:03:03.762 [main] DEBUG f.i.s.r.p.s.c.CheckoutBuggyBuild - TERMINATE PIPELINE
23:03:03.762 [main] DEBUG f.i.s.r.p.s.c.CheckoutBuggyBuild - FINAL STEPS SKIPPED: The reproduction of the bug and/or the patch failed.
23:03:03.762 [main] INFO  f.i.s.r.p.s.c.CheckoutBuggyBuild - Serialize all data for the pair of builds 355340978, 355354206
23:03:04.074 [main] INFO  fr.inria.jtravis.JTravis - GitHub ratelimit: Limit: 5000 Remaining: 4952 Reset hour: 19:33:00
23:03:05.221 [main] INFO  f.i.s.r.p.i.ProjectInspector - ----------------------------------------------------------------------
23:03:05.222 [main] INFO  f.i.s.r.p.i.ProjectInspector - PIPELINE EXECUTION SUMMARY
23:03:05.222 [main] INFO  f.i.s.r.p.i.ProjectInspector - ----------------------------------------------------------------------
23:03:05.223 [main] INFO  f.i.s.r.p.i.ProjectInspector - CloneRepository.......................................SUCCESS [ 28 s ]
23:03:05.223 [main] INFO  f.i.s.r.p.i.ProjectInspector - CheckoutBuggyBuildCandidate...........................FAILURE [  0 s ]
23:03:05.223 [main] INFO  f.i.s.r.p.i.ProjectInspector - ComputeSourceDir......................................NOT RUN         
23:03:05.223 [main] INFO  f.i.s.r.p.i.ProjectInspector - ComputeTestDir........................................NOT RUN         
23:03:05.223 [main] INFO  f.i.s.r.p.i.ProjectInspector - BuildProjectBuggyBuildCandidate.......................NOT RUN         
23:03:05.223 [main] INFO  f.i.s.r.p.i.ProjectInspector - TestProjectBuggyBuildCandidate........................NOT RUN         
23:03:05.223 [main] INFO  f.i.s.r.p.i.ProjectInspector - GatherTestInformationBuggyBuildCandidate..............NOT RUN         
23:03:05.223 [main] INFO  f.i.s.r.p.i.ProjectInspector - InitRepoToPush........................................NOT RUN         
23:03:05.224 [main] INFO  f.i.s.r.p.i.ProjectInspector - ComputeClasspath......................................NOT RUN         
23:03:05.224 [main] INFO  f.i.s.r.p.i.ProjectInspector - ComputeModules........................................NOT RUN         
23:03:05.224 [main] INFO  f.i.s.r.p.i.ProjectInspector - CheckoutPatchedBuildCandidate.........................NOT RUN         
23:03:05.224 [main] INFO  f.i.s.r.p.i.ProjectInspector - BuildProjectPatchedBuildCandidate.....................NOT RUN         
23:03:05.224 [main] INFO  f.i.s.r.p.i.ProjectInspector - TestProjectPatchedBuildCandidate......................NOT RUN         
23:03:05.224 [main] INFO  f.i.s.r.p.i.ProjectInspector - GatherTestInformationPatchedBuildCandidate............NOT RUN         
23:03:05.224 [main] INFO  f.i.s.r.p.i.ProjectInspector - CommitPatch...........................................NOT RUN         
23:03:05.224 [main] INFO  f.i.s.r.p.i.ProjectInspector - WritePropertyFile.....................................NOT RUN         
23:03:05.225 [main] INFO  f.i.s.r.p.i.ProjectInspector - CommitProcessEnd......................................NOT RUN         
23:03:05.225 [main] INFO  f.i.s.r.p.i.ProjectInspector - PushProcessEnd........................................NOT RUN         
23:03:05.225 [main] INFO  f.i.s.r.p.i.ProjectInspector - ----------------------------------------------------------------------
23:03:05.225 [main] INFO  f.i.s.r.p.i.ProjectInspector - PIPELINE FINDING: BUILDNOTCHECKEDOUT
23:03:05.225 [main] INFO  f.i.s.r.p.i.ProjectInspector - ----------------------------------------------------------------------
23:03:05.225 [main] INFO  f.i.s.repairnator.pipeline.Launcher - Inspector is finished. The process will exit now.
