18:45:12.674 [main] INFO  f.i.s.repairnator.pipeline.Launcher - PIPELINE VERSION: 3.0-2018-08-09 19:04
18:45:12.782 [main] INFO  f.i.s.repairnator.pipeline.Launcher - The pipeline will try to reproduce a bug from build 358492290 and its corresponding patch from build 358681976
18:45:12.783 [main] INFO  f.i.s.repairnator.pipeline.Launcher - Initialize file serializer engines.
18:45:12.785 [main] INFO  f.i.s.repairnator.pipeline.Launcher - MongoDB won't be used for serialization.
18:45:12.785 [main] INFO  f.i.s.repairnator.pipeline.Launcher - The email notifier engine won't be used.
18:45:12.788 [main] INFO  f.i.s.repairnator.pipeline.Launcher - Start by getting the build (buildId: 358492290) with the following config: RepairnatorConfig{runId='2461c511-4012-473b-8e60-28377c2cdad5_03-18-week4-PASSING_AND_PASSING', launcherMode=BEARS, serializeJson=true, inputPath='null', outputPath='/var/log', mongodbHost='null', mongodbName='repairnator', smtpServer='null', notifyTo=[], notifyEndProcess=false, push=true, pushRemoteRepo='https://github.com/fermadeiral/bears-collection-pp', fork=false, lookFromDate=null, lookToDate=null, buildId=358492290, z3solverPath='./z3_for_linux', workspacePath='./workspace', githubToken='c8a341a903[...]', dockerImageName='null', skipDelete=false, createOutputDir=false, logDirectory='null', nbThreads=0, globalTimeout=0, whiteList=null, blackList=null, jobSleepTime=0, buildSleepTime=0, maxInspectedBuilds=0, duration=null, humanPatch=false, repository='null', clean=true, bearsMode=BOTH, bearsDelimiter = false, repairTools=NopolAllTests,NPEFix,AssertFixer,AstorJGenProg,AstorJKali,NopolSingleTest,AstorJMut,NopolTestExclusionStrategy, githubUserName= fermadeiral, githubUserEmail=fer.madeiral@gmail.com}
18:45:14.601 [main] DEBUG fr.inria.jtravis.helpers.BuildHelper - Get request to :https://api.travis-ci.org/build/358492290 done after 1067 ms
18:45:14.912 [main] DEBUG fr.inria.jtravis.helpers.BuildHelper - Get request to :https://api.travis-ci.org/build/358681976 done after 130 ms
18:45:14.934 [main] INFO  f.i.s.repairnator.pipeline.Launcher - The patched build (358681976) was successfully retrieved from Travis.
18:45:16.231 [main] INFO  fr.inria.jtravis.JTravis - GitHub ratelimit: Limit: 5000 Remaining: 4694 Reset hour: 19:35:36
18:45:16.516 [main] INFO  f.i.s.r.p.i.ProjectInspector - ----------------------------------------------------------------------
18:45:16.517 [main] INFO  f.i.s.r.p.i.ProjectInspector - PIPELINE STEPS
18:45:16.517 [main] INFO  f.i.s.r.p.i.ProjectInspector - ----------------------------------------------------------------------
18:45:16.517 [main] INFO  f.i.s.r.p.i.ProjectInspector - CloneRepository
18:45:16.518 [main] INFO  f.i.s.r.p.i.ProjectInspector - CheckoutPatchedBuildCandidate
18:45:16.518 [main] INFO  f.i.s.r.p.i.ProjectInspector - ComputeSourceDir
18:45:16.518 [main] INFO  f.i.s.r.p.i.ProjectInspector - ComputeTestDir
18:45:16.519 [main] INFO  f.i.s.r.p.i.ProjectInspector - CheckoutBuggyBuildCandidateSourceCode
18:45:16.519 [main] INFO  f.i.s.r.p.i.ProjectInspector - BuildProjectBuggyBuildCandidateSourceCode
18:45:16.519 [main] INFO  f.i.s.r.p.i.ProjectInspector - TestProjectBuggyBuildCandidateSourceCode
18:45:16.520 [main] INFO  f.i.s.r.p.i.ProjectInspector - GatherTestInformationBuggyBuildCandidateSourceCode
18:45:16.520 [main] INFO  f.i.s.r.p.i.ProjectInspector - CheckoutBuggyBuildTestCode
18:45:16.520 [main] INFO  f.i.s.r.p.i.ProjectInspector - InitRepoToPush
18:45:16.520 [main] INFO  f.i.s.r.p.i.ProjectInspector - ComputeClasspath
18:45:16.520 [main] INFO  f.i.s.r.p.i.ProjectInspector - ComputeModules
18:45:16.521 [main] INFO  f.i.s.r.p.i.ProjectInspector - CheckoutBuggyBuildCandidateSourceCode
18:45:16.521 [main] INFO  f.i.s.r.p.i.ProjectInspector - CommitChangedTests
18:45:16.521 [main] INFO  f.i.s.r.p.i.ProjectInspector - CheckoutPatchedBuildCandidate
18:45:16.521 [main] INFO  f.i.s.r.p.i.ProjectInspector - BuildProjectPatchedBuildCandidate
18:45:16.522 [main] INFO  f.i.s.r.p.i.ProjectInspector - TestProjectPatchedBuildCandidate
18:45:16.522 [main] INFO  f.i.s.r.p.i.ProjectInspector - GatherTestInformationPatchedBuildCandidate
18:45:16.523 [main] INFO  f.i.s.r.p.i.ProjectInspector - CommitPatch
18:45:16.525 [main] INFO  f.i.s.r.p.i.ProjectInspector - WritePropertyFile
18:45:16.525 [main] INFO  f.i.s.r.p.i.ProjectInspector - CommitProcessEnd
18:45:16.525 [main] INFO  f.i.s.r.p.i.ProjectInspector - PushProcessEnd
18:45:16.526 [main] DEBUG f.i.s.r.process.step.CloneRepository - ----------------------------------------------------------------------
18:45:16.526 [main] DEBUG f.i.s.r.process.step.CloneRepository - STEP 1/22: CloneRepository
18:45:16.527 [main] DEBUG f.i.s.r.process.step.CloneRepository - ----------------------------------------------------------------------
18:45:16.527 [main] DEBUG f.i.s.r.process.step.CloneRepository - Cloning repository runelite/runelite in the following directory: ./workspace/runelite/runelite/358492290
18:45:28.791 [main] DEBUG f.i.s.r.process.step.CloneRepository - STEP STATUS: [ CloneRepository : SUCCESS ]
18:45:28.791 [main] DEBUG f.i.s.r.process.step.CloneRepository - STEP DURATION: 12s
18:45:28.792 [main] DEBUG f.i.s.r.process.step.CloneRepository - EXECUTE NEXT STEP
18:45:28.792 [main] DEBUG f.i.s.r.p.s.c.CheckoutPatchedBuild - ----------------------------------------------------------------------
18:45:28.793 [main] DEBUG f.i.s.r.p.s.c.CheckoutPatchedBuild - STEP 2/22: CheckoutPatchedBuildCandidate
18:45:28.793 [main] DEBUG f.i.s.r.p.s.c.CheckoutPatchedBuild - ----------------------------------------------------------------------
18:45:28.793 [main] DEBUG f.i.s.r.p.s.c.CheckoutPatchedBuild - Checking out patched build candidate...
18:45:29.427 [main] INFO  fr.inria.jtravis.JTravis - GitHub ratelimit: Limit: 5000 Remaining: 4689 Reset hour: 19:35:36
18:45:31.407 [main] DEBUG f.i.s.r.p.s.c.CheckoutPatchedBuild - Reproduce the PR for runelite/runelite by fetching remote branch and merging.
18:45:42.984 [main] ERROR f.i.s.r.p.s.c.CheckoutPatchedBuild - Error while testing commit: org.eclipse.jgit.errors.MissingObjectException: Missing unknown 379cabb219a68716b3d05dd0a6a97dda5f2a69bb
18:45:42.986 [main] ERROR f.i.s.r.p.s.c.CheckoutPatchedBuild - Commit head ref cannot be retrieved from the repository: 379cabb219a68716b3d05dd0a6a97dda5f2a69bb. Operation aborted.
18:45:42.987 [main] ERROR f.i.s.r.p.s.c.CheckoutPatchedBuild - Error while merging two commits to reproduce the PR.
18:45:42.988 [main] DEBUG f.i.s.r.p.s.c.CheckoutPatchedBuild - STEP STATUS: [ CheckoutPatchedBuildCandidate : FAILURE ( BUILDNOTCHECKEDOUT ) ]
18:45:42.988 [main] DEBUG f.i.s.r.p.s.c.CheckoutPatchedBuild - STEP DURATION: 14s
18:45:42.989 [main] DEBUG f.i.s.r.p.s.c.CheckoutPatchedBuild - TERMINATE PIPELINE
18:45:42.989 [main] DEBUG f.i.s.r.p.s.c.CheckoutPatchedBuild - FINAL STEPS SKIPPED: The reproduction of the bug and/or the patch failed.
18:45:42.990 [main] INFO  f.i.s.r.p.s.c.CheckoutPatchedBuild - Serialize all data for the pair of builds 358492290, 358681976
18:45:43.311 [main] INFO  fr.inria.jtravis.JTravis - GitHub ratelimit: Limit: 5000 Remaining: 4676 Reset hour: 19:35:36
18:45:44.108 [main] INFO  f.i.s.r.p.i.ProjectInspector - ----------------------------------------------------------------------
18:45:44.108 [main] INFO  f.i.s.r.p.i.ProjectInspector - PIPELINE EXECUTION SUMMARY
18:45:44.108 [main] INFO  f.i.s.r.p.i.ProjectInspector - ----------------------------------------------------------------------
18:45:44.109 [main] INFO  f.i.s.r.p.i.ProjectInspector - CloneRepository.......................................SUCCESS [ 12 s ]
18:45:44.109 [main] INFO  f.i.s.r.p.i.ProjectInspector - CheckoutPatchedBuildCandidate.........................FAILURE [ 14 s ]
18:45:44.109 [main] INFO  f.i.s.r.p.i.ProjectInspector - ComputeSourceDir......................................NOT RUN         
18:45:44.109 [main] INFO  f.i.s.r.p.i.ProjectInspector - ComputeTestDir........................................NOT RUN         
18:45:44.110 [main] INFO  f.i.s.r.p.i.ProjectInspector - CheckoutBuggyBuildCandidateSourceCode.................NOT RUN         
18:45:44.110 [main] INFO  f.i.s.r.p.i.ProjectInspector - BuildProjectBuggyBuildCandidateSourceCode.............NOT RUN         
18:45:44.111 [main] INFO  f.i.s.r.p.i.ProjectInspector - TestProjectBuggyBuildCandidateSourceCode..............NOT RUN         
18:45:44.111 [main] INFO  f.i.s.r.p.i.ProjectInspector - GatherTestInformationBuggyBuildCandidateSourceCode....NOT RUN         
18:45:44.111 [main] INFO  f.i.s.r.p.i.ProjectInspector - CheckoutBuggyBuildTestCode............................NOT RUN         
18:45:44.112 [main] INFO  f.i.s.r.p.i.ProjectInspector - InitRepoToPush........................................NOT RUN         
18:45:44.112 [main] INFO  f.i.s.r.p.i.ProjectInspector - ComputeClasspath......................................NOT RUN         
18:45:44.113 [main] INFO  f.i.s.r.p.i.ProjectInspector - ComputeModules........................................NOT RUN         
18:45:44.113 [main] INFO  f.i.s.r.p.i.ProjectInspector - CheckoutBuggyBuildCandidateSourceCode.................NOT RUN         
18:45:44.113 [main] INFO  f.i.s.r.p.i.ProjectInspector - CommitChangedTests....................................NOT RUN         
18:45:44.114 [main] INFO  f.i.s.r.p.i.ProjectInspector - CheckoutPatchedBuildCandidate.........................NOT RUN         
18:45:44.114 [main] INFO  f.i.s.r.p.i.ProjectInspector - BuildProjectPatchedBuildCandidate.....................NOT RUN         
18:45:44.115 [main] INFO  f.i.s.r.p.i.ProjectInspector - TestProjectPatchedBuildCandidate......................NOT RUN         
18:45:44.115 [main] INFO  f.i.s.r.p.i.ProjectInspector - GatherTestInformationPatchedBuildCandidate............NOT RUN         
18:45:44.116 [main] INFO  f.i.s.r.p.i.ProjectInspector - CommitPatch...........................................NOT RUN         
18:45:44.116 [main] INFO  f.i.s.r.p.i.ProjectInspector - WritePropertyFile.....................................NOT RUN         
18:45:44.116 [main] INFO  f.i.s.r.p.i.ProjectInspector - CommitProcessEnd......................................NOT RUN         
18:45:44.117 [main] INFO  f.i.s.r.p.i.ProjectInspector - PushProcessEnd........................................NOT RUN         
18:45:44.117 [main] INFO  f.i.s.r.p.i.ProjectInspector - ----------------------------------------------------------------------
18:45:44.118 [main] INFO  f.i.s.r.p.i.ProjectInspector - PIPELINE FINDING: BUILDNOTCHECKEDOUT
18:45:44.118 [main] INFO  f.i.s.r.p.i.ProjectInspector - ----------------------------------------------------------------------
18:45:44.118 [main] INFO  f.i.s.repairnator.pipeline.Launcher - Inspector is finished. The process will exit now.
