23:59:25.703 [main] INFO  f.i.s.repairnator.pipeline.Launcher - PIPELINE VERSION: 3.0-2018-08-09 19:04
23:59:25.818 [main] INFO  f.i.s.repairnator.pipeline.Launcher - The pipeline will try to reproduce a bug from build 357818797 and its corresponding patch from build 358019561
23:59:25.818 [main] INFO  f.i.s.repairnator.pipeline.Launcher - Initialize file serializer engines.
23:59:25.820 [main] INFO  f.i.s.repairnator.pipeline.Launcher - MongoDB won't be used for serialization.
23:59:25.820 [main] INFO  f.i.s.repairnator.pipeline.Launcher - The email notifier engine won't be used.
23:59:25.823 [main] INFO  f.i.s.repairnator.pipeline.Launcher - Start by getting the build (buildId: 357818797) with the following config: RepairnatorConfig{runId='2461c511-4012-473b-8e60-28377c2cdad5_03-18-week4-PASSING_AND_PASSING', launcherMode=BEARS, serializeJson=true, inputPath='null', outputPath='/var/log', mongodbHost='null', mongodbName='repairnator', smtpServer='null', notifyTo=[], notifyEndProcess=false, push=true, pushRemoteRepo='https://github.com/fermadeiral/bears-collection-pp', fork=false, lookFromDate=null, lookToDate=null, buildId=357818797, z3solverPath='./z3_for_linux', workspacePath='./workspace', githubToken='c8a341a903[...]', dockerImageName='null', skipDelete=false, createOutputDir=false, logDirectory='null', nbThreads=0, globalTimeout=0, whiteList=null, blackList=null, jobSleepTime=0, buildSleepTime=0, maxInspectedBuilds=0, duration=null, humanPatch=false, repository='null', clean=true, bearsMode=BOTH, bearsDelimiter = false, repairTools=NopolAllTests,NPEFix,AssertFixer,AstorJGenProg,AstorJKali,NopolSingleTest,AstorJMut,NopolTestExclusionStrategy, githubUserName= fermadeiral, githubUserEmail=fer.madeiral@gmail.com}
23:59:28.700 [main] DEBUG fr.inria.jtravis.helpers.BuildHelper - Get request to :https://api.travis-ci.org/build/357818797 done after 2416 ms
23:59:28.986 [main] DEBUG fr.inria.jtravis.helpers.BuildHelper - Get request to :https://api.travis-ci.org/build/358019561 done after 133 ms
23:59:29.025 [main] INFO  f.i.s.repairnator.pipeline.Launcher - The patched build (358019561) was successfully retrieved from Travis.
23:59:30.948 [main] INFO  fr.inria.jtravis.JTravis - GitHub ratelimit: Limit: 5000 Remaining: 4458 Reset hour: 19:35:53
23:59:31.254 [main] INFO  f.i.s.r.p.i.ProjectInspector - ----------------------------------------------------------------------
23:59:31.255 [main] INFO  f.i.s.r.p.i.ProjectInspector - PIPELINE STEPS
23:59:31.255 [main] INFO  f.i.s.r.p.i.ProjectInspector - ----------------------------------------------------------------------
23:59:31.255 [main] INFO  f.i.s.r.p.i.ProjectInspector - CloneRepository
23:59:31.256 [main] INFO  f.i.s.r.p.i.ProjectInspector - CheckoutPatchedBuildCandidate
23:59:31.256 [main] INFO  f.i.s.r.p.i.ProjectInspector - ComputeSourceDir
23:59:31.256 [main] INFO  f.i.s.r.p.i.ProjectInspector - ComputeTestDir
23:59:31.256 [main] INFO  f.i.s.r.p.i.ProjectInspector - CheckoutBuggyBuildCandidateSourceCode
23:59:31.257 [main] INFO  f.i.s.r.p.i.ProjectInspector - BuildProjectBuggyBuildCandidateSourceCode
23:59:31.257 [main] INFO  f.i.s.r.p.i.ProjectInspector - TestProjectBuggyBuildCandidateSourceCode
23:59:31.257 [main] INFO  f.i.s.r.p.i.ProjectInspector - GatherTestInformationBuggyBuildCandidateSourceCode
23:59:31.257 [main] INFO  f.i.s.r.p.i.ProjectInspector - CheckoutBuggyBuildTestCode
23:59:31.257 [main] INFO  f.i.s.r.p.i.ProjectInspector - InitRepoToPush
23:59:31.259 [main] INFO  f.i.s.r.p.i.ProjectInspector - ComputeClasspath
23:59:31.260 [main] INFO  f.i.s.r.p.i.ProjectInspector - ComputeModules
23:59:31.260 [main] INFO  f.i.s.r.p.i.ProjectInspector - CheckoutBuggyBuildCandidateSourceCode
23:59:31.260 [main] INFO  f.i.s.r.p.i.ProjectInspector - CommitChangedTests
23:59:31.261 [main] INFO  f.i.s.r.p.i.ProjectInspector - CheckoutPatchedBuildCandidate
23:59:31.261 [main] INFO  f.i.s.r.p.i.ProjectInspector - BuildProjectPatchedBuildCandidate
23:59:31.261 [main] INFO  f.i.s.r.p.i.ProjectInspector - TestProjectPatchedBuildCandidate
23:59:31.261 [main] INFO  f.i.s.r.p.i.ProjectInspector - GatherTestInformationPatchedBuildCandidate
23:59:31.262 [main] INFO  f.i.s.r.p.i.ProjectInspector - CommitPatch
23:59:31.265 [main] INFO  f.i.s.r.p.i.ProjectInspector - WritePropertyFile
23:59:31.265 [main] INFO  f.i.s.r.p.i.ProjectInspector - CommitProcessEnd
23:59:31.265 [main] INFO  f.i.s.r.p.i.ProjectInspector - PushProcessEnd
23:59:31.265 [main] DEBUG f.i.s.r.process.step.CloneRepository - ----------------------------------------------------------------------
23:59:31.266 [main] DEBUG f.i.s.r.process.step.CloneRepository - STEP 1/22: CloneRepository
23:59:31.266 [main] DEBUG f.i.s.r.process.step.CloneRepository - ----------------------------------------------------------------------
23:59:31.266 [main] DEBUG f.i.s.r.process.step.CloneRepository - Cloning repository StuPro-TOSCAna/TOSCAna in the following directory: ./workspace/StuPro-TOSCAna/TOSCAna/357818797
23:59:49.017 [main] DEBUG f.i.s.r.process.step.CloneRepository - STEP STATUS: [ CloneRepository : SUCCESS ]
23:59:49.017 [main] DEBUG f.i.s.r.process.step.CloneRepository - STEP DURATION: 17s
23:59:49.018 [main] DEBUG f.i.s.r.process.step.CloneRepository - EXECUTE NEXT STEP
23:59:49.018 [main] DEBUG f.i.s.r.p.s.c.CheckoutPatchedBuild - ----------------------------------------------------------------------
23:59:49.019 [main] DEBUG f.i.s.r.p.s.c.CheckoutPatchedBuild - STEP 2/22: CheckoutPatchedBuildCandidate
23:59:49.019 [main] DEBUG f.i.s.r.p.s.c.CheckoutPatchedBuild - ----------------------------------------------------------------------
23:59:49.020 [main] DEBUG f.i.s.r.p.s.c.CheckoutPatchedBuild - Checking out patched build candidate...
23:59:49.034 [main] ERROR f.i.s.r.p.s.c.CheckoutPatchedBuild - Error while testing commit: org.eclipse.jgit.errors.MissingObjectException: Missing unknown bcbfbadac01bc463d8c08056f1790f6701d6b433
23:59:49.035 [main] ERROR f.i.s.r.p.s.c.CheckoutPatchedBuild - Error while getting the commit to checkout from the repo.
23:59:49.036 [main] DEBUG f.i.s.r.p.s.c.CheckoutPatchedBuild - STEP STATUS: [ CheckoutPatchedBuildCandidate : FAILURE ( BUILDNOTCHECKEDOUT ) ]
23:59:49.037 [main] DEBUG f.i.s.r.p.s.c.CheckoutPatchedBuild - STEP DURATION: 0s
23:59:49.037 [main] DEBUG f.i.s.r.p.s.c.CheckoutPatchedBuild - TERMINATE PIPELINE
23:59:49.038 [main] DEBUG f.i.s.r.p.s.c.CheckoutPatchedBuild - FINAL STEPS SKIPPED: The reproduction of the bug and/or the patch failed.
23:59:49.038 [main] INFO  f.i.s.r.p.s.c.CheckoutPatchedBuild - Serialize all data for the pair of builds 357818797, 358019561
23:59:49.344 [main] INFO  fr.inria.jtravis.JTravis - GitHub ratelimit: Limit: 5000 Remaining: 4445 Reset hour: 19:35:53
23:59:50.049 [main] INFO  f.i.s.r.p.i.ProjectInspector - ----------------------------------------------------------------------
23:59:50.049 [main] INFO  f.i.s.r.p.i.ProjectInspector - PIPELINE EXECUTION SUMMARY
23:59:50.050 [main] INFO  f.i.s.r.p.i.ProjectInspector - ----------------------------------------------------------------------
23:59:50.050 [main] INFO  f.i.s.r.p.i.ProjectInspector - CloneRepository.......................................SUCCESS [ 17 s ]
23:59:50.051 [main] INFO  f.i.s.r.p.i.ProjectInspector - CheckoutPatchedBuildCandidate.........................FAILURE [  0 s ]
23:59:50.052 [main] INFO  f.i.s.r.p.i.ProjectInspector - ComputeSourceDir......................................NOT RUN         
23:59:50.053 [main] INFO  f.i.s.r.p.i.ProjectInspector - ComputeTestDir........................................NOT RUN         
23:59:50.053 [main] INFO  f.i.s.r.p.i.ProjectInspector - CheckoutBuggyBuildCandidateSourceCode.................NOT RUN         
23:59:50.053 [main] INFO  f.i.s.r.p.i.ProjectInspector - BuildProjectBuggyBuildCandidateSourceCode.............NOT RUN         
23:59:50.054 [main] INFO  f.i.s.r.p.i.ProjectInspector - TestProjectBuggyBuildCandidateSourceCode..............NOT RUN         
23:59:50.055 [main] INFO  f.i.s.r.p.i.ProjectInspector - GatherTestInformationBuggyBuildCandidateSourceCode....NOT RUN         
23:59:50.055 [main] INFO  f.i.s.r.p.i.ProjectInspector - CheckoutBuggyBuildTestCode............................NOT RUN         
23:59:50.056 [main] INFO  f.i.s.r.p.i.ProjectInspector - InitRepoToPush........................................NOT RUN         
23:59:50.056 [main] INFO  f.i.s.r.p.i.ProjectInspector - ComputeClasspath......................................NOT RUN         
23:59:50.056 [main] INFO  f.i.s.r.p.i.ProjectInspector - ComputeModules........................................NOT RUN         
23:59:50.057 [main] INFO  f.i.s.r.p.i.ProjectInspector - CheckoutBuggyBuildCandidateSourceCode.................NOT RUN         
23:59:50.057 [main] INFO  f.i.s.r.p.i.ProjectInspector - CommitChangedTests....................................NOT RUN         
23:59:50.058 [main] INFO  f.i.s.r.p.i.ProjectInspector - CheckoutPatchedBuildCandidate.........................NOT RUN         
23:59:50.058 [main] INFO  f.i.s.r.p.i.ProjectInspector - BuildProjectPatchedBuildCandidate.....................NOT RUN         
23:59:50.059 [main] INFO  f.i.s.r.p.i.ProjectInspector - TestProjectPatchedBuildCandidate......................NOT RUN         
23:59:50.059 [main] INFO  f.i.s.r.p.i.ProjectInspector - GatherTestInformationPatchedBuildCandidate............NOT RUN         
23:59:50.059 [main] INFO  f.i.s.r.p.i.ProjectInspector - CommitPatch...........................................NOT RUN         
23:59:50.060 [main] INFO  f.i.s.r.p.i.ProjectInspector - WritePropertyFile.....................................NOT RUN         
23:59:50.060 [main] INFO  f.i.s.r.p.i.ProjectInspector - CommitProcessEnd......................................NOT RUN         
23:59:50.061 [main] INFO  f.i.s.r.p.i.ProjectInspector - PushProcessEnd........................................NOT RUN         
23:59:50.061 [main] INFO  f.i.s.r.p.i.ProjectInspector - ----------------------------------------------------------------------
23:59:50.062 [main] INFO  f.i.s.r.p.i.ProjectInspector - PIPELINE FINDING: BUILDNOTCHECKEDOUT
23:59:50.062 [main] INFO  f.i.s.r.p.i.ProjectInspector - ----------------------------------------------------------------------
23:59:50.063 [main] INFO  f.i.s.repairnator.pipeline.Launcher - Inspector is finished. The process will exit now.
