15:11:01.810 [main] INFO  f.i.s.repairnator.pipeline.Launcher - PIPELINE VERSION: 3.0-2018-08-09 19:04
15:11:02.007 [main] INFO  f.i.s.repairnator.pipeline.Launcher - The pipeline will try to reproduce a bug from build 356602677 and its corresponding patch from build 357456832
15:11:02.007 [main] INFO  f.i.s.repairnator.pipeline.Launcher - Initialize file serializer engines.
15:11:02.009 [main] INFO  f.i.s.repairnator.pipeline.Launcher - MongoDB won't be used for serialization.
15:11:02.010 [main] INFO  f.i.s.repairnator.pipeline.Launcher - The email notifier engine won't be used.
15:11:02.014 [main] INFO  f.i.s.repairnator.pipeline.Launcher - Start by getting the build (buildId: 356602677) with the following config: RepairnatorConfig{runId='2461c511-4012-473b-8e60-28377c2cdad5_03-18-week4-PASSING_AND_PASSING', launcherMode=BEARS, serializeJson=true, inputPath='null', outputPath='/var/log', mongodbHost='null', mongodbName='repairnator', smtpServer='null', notifyTo=[], notifyEndProcess=false, push=true, pushRemoteRepo='https://github.com/fermadeiral/bears-collection-pp', fork=false, lookFromDate=null, lookToDate=null, buildId=356602677, z3solverPath='./z3_for_linux', workspacePath='./workspace', githubToken='c8a341a903[...]', dockerImageName='null', skipDelete=false, createOutputDir=false, logDirectory='null', nbThreads=0, globalTimeout=0, whiteList=null, blackList=null, jobSleepTime=0, buildSleepTime=0, maxInspectedBuilds=0, duration=null, humanPatch=false, repository='null', clean=true, bearsMode=BOTH, bearsDelimiter = false, repairTools=NopolAllTests,NPEFix,AssertFixer,AstorJGenProg,AstorJKali,NopolSingleTest,AstorJMut,NopolTestExclusionStrategy, githubUserName= fermadeiral, githubUserEmail=fer.madeiral@gmail.com}
15:11:03.469 [main] DEBUG fr.inria.jtravis.helpers.BuildHelper - Get request to :https://api.travis-ci.org/build/356602677 done after 814 ms
15:11:03.704 [main] DEBUG fr.inria.jtravis.helpers.BuildHelper - Get request to :https://api.travis-ci.org/build/357456832 done after 152 ms
15:11:03.721 [main] INFO  f.i.s.repairnator.pipeline.Launcher - The patched build (357456832) was successfully retrieved from Travis.
15:11:04.937 [main] INFO  fr.inria.jtravis.JTravis - GitHub ratelimit: Limit: 5000 Remaining: 4997 Reset hour: 19:35:24
15:11:05.304 [main] INFO  f.i.s.r.p.i.ProjectInspector - ----------------------------------------------------------------------
15:11:05.304 [main] INFO  f.i.s.r.p.i.ProjectInspector - PIPELINE STEPS
15:11:05.304 [main] INFO  f.i.s.r.p.i.ProjectInspector - ----------------------------------------------------------------------
15:11:05.305 [main] INFO  f.i.s.r.p.i.ProjectInspector - CloneRepository
15:11:05.305 [main] INFO  f.i.s.r.p.i.ProjectInspector - CheckoutPatchedBuildCandidate
15:11:05.305 [main] INFO  f.i.s.r.p.i.ProjectInspector - ComputeSourceDir
15:11:05.306 [main] INFO  f.i.s.r.p.i.ProjectInspector - ComputeTestDir
15:11:05.306 [main] INFO  f.i.s.r.p.i.ProjectInspector - CheckoutBuggyBuildCandidateSourceCode
15:11:05.306 [main] INFO  f.i.s.r.p.i.ProjectInspector - BuildProjectBuggyBuildCandidateSourceCode
15:11:05.307 [main] INFO  f.i.s.r.p.i.ProjectInspector - TestProjectBuggyBuildCandidateSourceCode
15:11:05.307 [main] INFO  f.i.s.r.p.i.ProjectInspector - GatherTestInformationBuggyBuildCandidateSourceCode
15:11:05.307 [main] INFO  f.i.s.r.p.i.ProjectInspector - CheckoutBuggyBuildTestCode
15:11:05.307 [main] INFO  f.i.s.r.p.i.ProjectInspector - InitRepoToPush
15:11:05.308 [main] INFO  f.i.s.r.p.i.ProjectInspector - ComputeClasspath
15:11:05.308 [main] INFO  f.i.s.r.p.i.ProjectInspector - ComputeModules
15:11:05.308 [main] INFO  f.i.s.r.p.i.ProjectInspector - CheckoutBuggyBuildCandidateSourceCode
15:11:05.308 [main] INFO  f.i.s.r.p.i.ProjectInspector - CommitChangedTests
15:11:05.308 [main] INFO  f.i.s.r.p.i.ProjectInspector - CheckoutPatchedBuildCandidate
15:11:05.309 [main] INFO  f.i.s.r.p.i.ProjectInspector - BuildProjectPatchedBuildCandidate
15:11:05.310 [main] INFO  f.i.s.r.p.i.ProjectInspector - TestProjectPatchedBuildCandidate
15:11:05.310 [main] INFO  f.i.s.r.p.i.ProjectInspector - GatherTestInformationPatchedBuildCandidate
15:11:05.311 [main] INFO  f.i.s.r.p.i.ProjectInspector - CommitPatch
15:11:05.311 [main] INFO  f.i.s.r.p.i.ProjectInspector - WritePropertyFile
15:11:05.311 [main] INFO  f.i.s.r.p.i.ProjectInspector - CommitProcessEnd
15:11:05.311 [main] INFO  f.i.s.r.p.i.ProjectInspector - PushProcessEnd
15:11:05.312 [main] DEBUG f.i.s.r.process.step.CloneRepository - ----------------------------------------------------------------------
15:11:05.312 [main] DEBUG f.i.s.r.process.step.CloneRepository - STEP 1/22: CloneRepository
15:11:05.313 [main] DEBUG f.i.s.r.process.step.CloneRepository - ----------------------------------------------------------------------
15:11:05.313 [main] DEBUG f.i.s.r.process.step.CloneRepository - Cloning repository apache/incubator-druid in the following directory: ./workspace/apache/incubator-druid/356602677
15:11:51.917 [main] DEBUG f.i.s.r.process.step.CloneRepository - STEP STATUS: [ CloneRepository : SUCCESS ]
15:11:51.918 [main] DEBUG f.i.s.r.process.step.CloneRepository - STEP DURATION: 46s
15:11:51.918 [main] DEBUG f.i.s.r.process.step.CloneRepository - EXECUTE NEXT STEP
15:11:51.918 [main] DEBUG f.i.s.r.p.s.c.CheckoutPatchedBuild - ----------------------------------------------------------------------
15:11:51.919 [main] DEBUG f.i.s.r.p.s.c.CheckoutPatchedBuild - STEP 2/22: CheckoutPatchedBuildCandidate
15:11:51.919 [main] DEBUG f.i.s.r.p.s.c.CheckoutPatchedBuild - ----------------------------------------------------------------------
15:11:51.919 [main] DEBUG f.i.s.r.p.s.c.CheckoutPatchedBuild - Checking out patched build candidate...
15:11:52.291 [main] INFO  fr.inria.jtravis.JTravis - GitHub ratelimit: Limit: 5000 Remaining: 4996 Reset hour: 19:35:24
15:11:55.487 [main] DEBUG f.i.s.r.p.s.c.CheckoutPatchedBuild - Reproduce the PR for apache/incubator-druid by fetching remote branch and merging.
15:12:07.970 [main] ERROR f.i.s.r.p.s.c.CheckoutPatchedBuild - Error while testing commit: org.eclipse.jgit.errors.MissingObjectException: Missing unknown e1434fc3eac2933e154f1c99a68eee0e8d496ca7
15:12:07.971 [main] ERROR f.i.s.r.p.s.c.CheckoutPatchedBuild - Commit head ref cannot be retrieved from the repository: e1434fc3eac2933e154f1c99a68eee0e8d496ca7. Operation aborted.
15:12:07.971 [main] ERROR f.i.s.r.p.s.c.CheckoutPatchedBuild - Error while merging two commits to reproduce the PR.
15:12:07.972 [main] DEBUG f.i.s.r.p.s.c.CheckoutPatchedBuild - STEP STATUS: [ CheckoutPatchedBuildCandidate : FAILURE ( BUILDNOTCHECKEDOUT ) ]
15:12:07.972 [main] DEBUG f.i.s.r.p.s.c.CheckoutPatchedBuild - STEP DURATION: 16s
15:12:07.972 [main] DEBUG f.i.s.r.p.s.c.CheckoutPatchedBuild - TERMINATE PIPELINE
15:12:07.973 [main] DEBUG f.i.s.r.p.s.c.CheckoutPatchedBuild - FINAL STEPS SKIPPED: The reproduction of the bug and/or the patch failed.
15:12:07.973 [main] INFO  f.i.s.r.p.s.c.CheckoutPatchedBuild - Serialize all data for the pair of builds 356602677, 357456832
15:12:08.335 [main] INFO  fr.inria.jtravis.JTravis - GitHub ratelimit: Limit: 5000 Remaining: 4989 Reset hour: 19:35:24
15:12:09.748 [main] INFO  f.i.s.r.p.i.ProjectInspector - ----------------------------------------------------------------------
15:12:09.749 [main] INFO  f.i.s.r.p.i.ProjectInspector - PIPELINE EXECUTION SUMMARY
15:12:09.749 [main] INFO  f.i.s.r.p.i.ProjectInspector - ----------------------------------------------------------------------
15:12:09.749 [main] INFO  f.i.s.r.p.i.ProjectInspector - CloneRepository.......................................SUCCESS [ 46 s ]
15:12:09.750 [main] INFO  f.i.s.r.p.i.ProjectInspector - CheckoutPatchedBuildCandidate.........................FAILURE [ 16 s ]
15:12:09.750 [main] INFO  f.i.s.r.p.i.ProjectInspector - ComputeSourceDir......................................NOT RUN         
15:12:09.750 [main] INFO  f.i.s.r.p.i.ProjectInspector - ComputeTestDir........................................NOT RUN         
15:12:09.751 [main] INFO  f.i.s.r.p.i.ProjectInspector - CheckoutBuggyBuildCandidateSourceCode.................NOT RUN         
15:12:09.751 [main] INFO  f.i.s.r.p.i.ProjectInspector - BuildProjectBuggyBuildCandidateSourceCode.............NOT RUN         
15:12:09.751 [main] INFO  f.i.s.r.p.i.ProjectInspector - TestProjectBuggyBuildCandidateSourceCode..............NOT RUN         
15:12:09.751 [main] INFO  f.i.s.r.p.i.ProjectInspector - GatherTestInformationBuggyBuildCandidateSourceCode....NOT RUN         
15:12:09.752 [main] INFO  f.i.s.r.p.i.ProjectInspector - CheckoutBuggyBuildTestCode............................NOT RUN         
15:12:09.752 [main] INFO  f.i.s.r.p.i.ProjectInspector - InitRepoToPush........................................NOT RUN         
15:12:09.752 [main] INFO  f.i.s.r.p.i.ProjectInspector - ComputeClasspath......................................NOT RUN         
15:12:09.752 [main] INFO  f.i.s.r.p.i.ProjectInspector - ComputeModules........................................NOT RUN         
15:12:09.753 [main] INFO  f.i.s.r.p.i.ProjectInspector - CheckoutBuggyBuildCandidateSourceCode.................NOT RUN         
15:12:09.753 [main] INFO  f.i.s.r.p.i.ProjectInspector - CommitChangedTests....................................NOT RUN         
15:12:09.753 [main] INFO  f.i.s.r.p.i.ProjectInspector - CheckoutPatchedBuildCandidate.........................NOT RUN         
15:12:09.753 [main] INFO  f.i.s.r.p.i.ProjectInspector - BuildProjectPatchedBuildCandidate.....................NOT RUN         
15:12:09.754 [main] INFO  f.i.s.r.p.i.ProjectInspector - TestProjectPatchedBuildCandidate......................NOT RUN         
15:12:09.754 [main] INFO  f.i.s.r.p.i.ProjectInspector - GatherTestInformationPatchedBuildCandidate............NOT RUN         
15:12:09.754 [main] INFO  f.i.s.r.p.i.ProjectInspector - CommitPatch...........................................NOT RUN         
15:12:09.754 [main] INFO  f.i.s.r.p.i.ProjectInspector - WritePropertyFile.....................................NOT RUN         
15:12:09.755 [main] INFO  f.i.s.r.p.i.ProjectInspector - CommitProcessEnd......................................NOT RUN         
15:12:09.755 [main] INFO  f.i.s.r.p.i.ProjectInspector - PushProcessEnd........................................NOT RUN         
15:12:09.755 [main] INFO  f.i.s.r.p.i.ProjectInspector - ----------------------------------------------------------------------
15:12:09.755 [main] INFO  f.i.s.r.p.i.ProjectInspector - PIPELINE FINDING: BUILDNOTCHECKEDOUT
15:12:09.756 [main] INFO  f.i.s.r.p.i.ProjectInspector - ----------------------------------------------------------------------
15:12:09.756 [main] INFO  f.i.s.repairnator.pipeline.Launcher - Inspector is finished. The process will exit now.
