18:45:49.985 [main] INFO  f.i.s.repairnator.pipeline.Launcher - PIPELINE VERSION: 3.0-2018-08-09 19:04
18:45:50.103 [main] INFO  f.i.s.repairnator.pipeline.Launcher - The pipeline will try to reproduce a bug from build 358093590 and its corresponding patch from build 358468173
18:45:50.104 [main] INFO  f.i.s.repairnator.pipeline.Launcher - Initialize file serializer engines.
18:45:50.105 [main] INFO  f.i.s.repairnator.pipeline.Launcher - MongoDB won't be used for serialization.
18:45:50.105 [main] INFO  f.i.s.repairnator.pipeline.Launcher - The email notifier engine won't be used.
18:45:50.108 [main] INFO  f.i.s.repairnator.pipeline.Launcher - Start by getting the build (buildId: 358093590) with the following config: RepairnatorConfig{runId='2461c511-4012-473b-8e60-28377c2cdad5_03-18-week4-PASSING_AND_PASSING', launcherMode=BEARS, serializeJson=true, inputPath='null', outputPath='/var/log', mongodbHost='null', mongodbName='repairnator', smtpServer='null', notifyTo=[], notifyEndProcess=false, push=true, pushRemoteRepo='https://github.com/fermadeiral/bears-collection-pp', fork=false, lookFromDate=null, lookToDate=null, buildId=358093590, z3solverPath='./z3_for_linux', workspacePath='./workspace', githubToken='c8a341a903[...]', dockerImageName='null', skipDelete=false, createOutputDir=false, logDirectory='null', nbThreads=0, globalTimeout=0, whiteList=null, blackList=null, jobSleepTime=0, buildSleepTime=0, maxInspectedBuilds=0, duration=null, humanPatch=false, repository='null', clean=true, bearsMode=BOTH, bearsDelimiter = false, repairTools=NopolAllTests,NPEFix,AssertFixer,AstorJGenProg,AstorJKali,NopolSingleTest,AstorJMut,NopolTestExclusionStrategy, githubUserName= fermadeiral, githubUserEmail=fer.madeiral@gmail.com}
18:45:51.334 [main] DEBUG fr.inria.jtravis.helpers.BuildHelper - Get request to :https://api.travis-ci.org/build/358093590 done after 754 ms
18:45:51.587 [main] DEBUG fr.inria.jtravis.helpers.BuildHelper - Get request to :https://api.travis-ci.org/build/358468173 done after 137 ms
18:45:51.606 [main] INFO  f.i.s.repairnator.pipeline.Launcher - The patched build (358468173) was successfully retrieved from Travis.
18:45:52.893 [main] INFO  fr.inria.jtravis.JTravis - GitHub ratelimit: Limit: 5000 Remaining: 4665 Reset hour: 19:35:36
18:45:53.173 [main] INFO  f.i.s.r.p.i.ProjectInspector - ----------------------------------------------------------------------
18:45:53.173 [main] INFO  f.i.s.r.p.i.ProjectInspector - PIPELINE STEPS
18:45:53.173 [main] INFO  f.i.s.r.p.i.ProjectInspector - ----------------------------------------------------------------------
18:45:53.173 [main] INFO  f.i.s.r.p.i.ProjectInspector - CloneRepository
18:45:53.173 [main] INFO  f.i.s.r.p.i.ProjectInspector - CheckoutPatchedBuildCandidate
18:45:53.173 [main] INFO  f.i.s.r.p.i.ProjectInspector - ComputeSourceDir
18:45:53.174 [main] INFO  f.i.s.r.p.i.ProjectInspector - ComputeTestDir
18:45:53.174 [main] INFO  f.i.s.r.p.i.ProjectInspector - CheckoutBuggyBuildCandidateSourceCode
18:45:53.174 [main] INFO  f.i.s.r.p.i.ProjectInspector - BuildProjectBuggyBuildCandidateSourceCode
18:45:53.174 [main] INFO  f.i.s.r.p.i.ProjectInspector - TestProjectBuggyBuildCandidateSourceCode
18:45:53.174 [main] INFO  f.i.s.r.p.i.ProjectInspector - GatherTestInformationBuggyBuildCandidateSourceCode
18:45:53.174 [main] INFO  f.i.s.r.p.i.ProjectInspector - CheckoutBuggyBuildTestCode
18:45:53.174 [main] INFO  f.i.s.r.p.i.ProjectInspector - InitRepoToPush
18:45:53.174 [main] INFO  f.i.s.r.p.i.ProjectInspector - ComputeClasspath
18:45:53.175 [main] INFO  f.i.s.r.p.i.ProjectInspector - ComputeModules
18:45:53.175 [main] INFO  f.i.s.r.p.i.ProjectInspector - CheckoutBuggyBuildCandidateSourceCode
18:45:53.175 [main] INFO  f.i.s.r.p.i.ProjectInspector - CommitChangedTests
18:45:53.175 [main] INFO  f.i.s.r.p.i.ProjectInspector - CheckoutPatchedBuildCandidate
18:45:53.175 [main] INFO  f.i.s.r.p.i.ProjectInspector - BuildProjectPatchedBuildCandidate
18:45:53.175 [main] INFO  f.i.s.r.p.i.ProjectInspector - TestProjectPatchedBuildCandidate
18:45:53.175 [main] INFO  f.i.s.r.p.i.ProjectInspector - GatherTestInformationPatchedBuildCandidate
18:45:53.175 [main] INFO  f.i.s.r.p.i.ProjectInspector - CommitPatch
18:45:53.176 [main] INFO  f.i.s.r.p.i.ProjectInspector - WritePropertyFile
18:45:53.176 [main] INFO  f.i.s.r.p.i.ProjectInspector - CommitProcessEnd
18:45:53.176 [main] INFO  f.i.s.r.p.i.ProjectInspector - PushProcessEnd
18:45:53.176 [main] DEBUG f.i.s.r.process.step.CloneRepository - ----------------------------------------------------------------------
18:45:53.176 [main] DEBUG f.i.s.r.process.step.CloneRepository - STEP 1/22: CloneRepository
18:45:53.177 [main] DEBUG f.i.s.r.process.step.CloneRepository - ----------------------------------------------------------------------
18:45:53.177 [main] DEBUG f.i.s.r.process.step.CloneRepository - Cloning repository runelite/runelite in the following directory: ./workspace/runelite/runelite/358093590
18:46:03.960 [main] DEBUG f.i.s.r.process.step.CloneRepository - STEP STATUS: [ CloneRepository : SUCCESS ]
18:46:03.961 [main] DEBUG f.i.s.r.process.step.CloneRepository - STEP DURATION: 10s
18:46:03.961 [main] DEBUG f.i.s.r.process.step.CloneRepository - EXECUTE NEXT STEP
18:46:03.961 [main] DEBUG f.i.s.r.p.s.c.CheckoutPatchedBuild - ----------------------------------------------------------------------
18:46:03.962 [main] DEBUG f.i.s.r.p.s.c.CheckoutPatchedBuild - STEP 2/22: CheckoutPatchedBuildCandidate
18:46:03.962 [main] DEBUG f.i.s.r.p.s.c.CheckoutPatchedBuild - ----------------------------------------------------------------------
18:46:03.962 [main] DEBUG f.i.s.r.p.s.c.CheckoutPatchedBuild - Checking out patched build candidate...
18:46:04.310 [main] INFO  fr.inria.jtravis.JTravis - GitHub ratelimit: Limit: 5000 Remaining: 4659 Reset hour: 19:35:36
18:46:07.040 [main] WARN  f.i.j.helpers.PullRequestHelper - The head repository is null: maybe it has been deleted from GitHub
18:46:07.040 [main] ERROR f.i.s.r.p.s.c.CheckoutPatchedBuild - Error while getting PR information.
18:46:07.041 [main] DEBUG f.i.s.r.p.s.c.CheckoutPatchedBuild - STEP STATUS: [ CheckoutPatchedBuildCandidate : FAILURE ( BUILDNOTCHECKEDOUT ) ]
18:46:07.042 [main] DEBUG f.i.s.r.p.s.c.CheckoutPatchedBuild - STEP DURATION: 3s
18:46:07.042 [main] DEBUG f.i.s.r.p.s.c.CheckoutPatchedBuild - TERMINATE PIPELINE
18:46:07.043 [main] DEBUG f.i.s.r.p.s.c.CheckoutPatchedBuild - FINAL STEPS SKIPPED: The reproduction of the bug and/or the patch failed.
18:46:07.043 [main] INFO  f.i.s.r.p.s.c.CheckoutPatchedBuild - Serialize all data for the pair of builds 358093590, 358468173
18:46:07.174 [main] INFO  fr.inria.jtravis.JTravis - GitHub ratelimit: Limit: 5000 Remaining: 4652 Reset hour: 19:35:36
18:46:08.127 [main] INFO  f.i.s.r.p.i.ProjectInspector - ----------------------------------------------------------------------
18:46:08.127 [main] INFO  f.i.s.r.p.i.ProjectInspector - PIPELINE EXECUTION SUMMARY
18:46:08.127 [main] INFO  f.i.s.r.p.i.ProjectInspector - ----------------------------------------------------------------------
18:46:08.128 [main] INFO  f.i.s.r.p.i.ProjectInspector - CloneRepository.......................................SUCCESS [ 10 s ]
18:46:08.128 [main] INFO  f.i.s.r.p.i.ProjectInspector - CheckoutPatchedBuildCandidate.........................FAILURE [  3 s ]
18:46:08.128 [main] INFO  f.i.s.r.p.i.ProjectInspector - ComputeSourceDir......................................NOT RUN         
18:46:08.128 [main] INFO  f.i.s.r.p.i.ProjectInspector - ComputeTestDir........................................NOT RUN         
18:46:08.129 [main] INFO  f.i.s.r.p.i.ProjectInspector - CheckoutBuggyBuildCandidateSourceCode.................NOT RUN         
18:46:08.129 [main] INFO  f.i.s.r.p.i.ProjectInspector - BuildProjectBuggyBuildCandidateSourceCode.............NOT RUN         
18:46:08.129 [main] INFO  f.i.s.r.p.i.ProjectInspector - TestProjectBuggyBuildCandidateSourceCode..............NOT RUN         
18:46:08.129 [main] INFO  f.i.s.r.p.i.ProjectInspector - GatherTestInformationBuggyBuildCandidateSourceCode....NOT RUN         
18:46:08.130 [main] INFO  f.i.s.r.p.i.ProjectInspector - CheckoutBuggyBuildTestCode............................NOT RUN         
18:46:08.130 [main] INFO  f.i.s.r.p.i.ProjectInspector - InitRepoToPush........................................NOT RUN         
18:46:08.130 [main] INFO  f.i.s.r.p.i.ProjectInspector - ComputeClasspath......................................NOT RUN         
18:46:08.131 [main] INFO  f.i.s.r.p.i.ProjectInspector - ComputeModules........................................NOT RUN         
18:46:08.131 [main] INFO  f.i.s.r.p.i.ProjectInspector - CheckoutBuggyBuildCandidateSourceCode.................NOT RUN         
18:46:08.131 [main] INFO  f.i.s.r.p.i.ProjectInspector - CommitChangedTests....................................NOT RUN         
18:46:08.132 [main] INFO  f.i.s.r.p.i.ProjectInspector - CheckoutPatchedBuildCandidate.........................NOT RUN         
18:46:08.132 [main] INFO  f.i.s.r.p.i.ProjectInspector - BuildProjectPatchedBuildCandidate.....................NOT RUN         
18:46:08.132 [main] INFO  f.i.s.r.p.i.ProjectInspector - TestProjectPatchedBuildCandidate......................NOT RUN         
18:46:08.132 [main] INFO  f.i.s.r.p.i.ProjectInspector - GatherTestInformationPatchedBuildCandidate............NOT RUN         
18:46:08.132 [main] INFO  f.i.s.r.p.i.ProjectInspector - CommitPatch...........................................NOT RUN         
18:46:08.133 [main] INFO  f.i.s.r.p.i.ProjectInspector - WritePropertyFile.....................................NOT RUN         
18:46:08.133 [main] INFO  f.i.s.r.p.i.ProjectInspector - CommitProcessEnd......................................NOT RUN         
18:46:08.133 [main] INFO  f.i.s.r.p.i.ProjectInspector - PushProcessEnd........................................NOT RUN         
18:46:08.133 [main] INFO  f.i.s.r.p.i.ProjectInspector - ----------------------------------------------------------------------
18:46:08.133 [main] INFO  f.i.s.r.p.i.ProjectInspector - PIPELINE FINDING: BUILDNOTCHECKEDOUT
18:46:08.134 [main] INFO  f.i.s.r.p.i.ProjectInspector - ----------------------------------------------------------------------
18:46:08.134 [main] INFO  f.i.s.repairnator.pipeline.Launcher - Inspector is finished. The process will exit now.
