06:59:06.850 [main] INFO  f.i.s.repairnator.pipeline.Launcher - PIPELINE VERSION: 3.0-2018-08-09 19:04
06:59:07.002 [main] INFO  f.i.s.repairnator.pipeline.Launcher - The pipeline will try to reproduce a bug from build 359122167 and its corresponding patch from build 359134330
06:59:07.002 [main] INFO  f.i.s.repairnator.pipeline.Launcher - Initialize file serializer engines.
06:59:07.005 [main] INFO  f.i.s.repairnator.pipeline.Launcher - MongoDB won't be used for serialization.
06:59:07.006 [main] INFO  f.i.s.repairnator.pipeline.Launcher - The email notifier engine won't be used.
06:59:07.009 [main] INFO  f.i.s.repairnator.pipeline.Launcher - Start by getting the build (buildId: 359122167) with the following config: RepairnatorConfig{runId='2461c511-4012-473b-8e60-28377c2cdad5_03-18-week4-PASSING_AND_PASSING', launcherMode=BEARS, serializeJson=true, inputPath='null', outputPath='/var/log', mongodbHost='null', mongodbName='repairnator', smtpServer='null', notifyTo=[], notifyEndProcess=false, push=true, pushRemoteRepo='https://github.com/fermadeiral/bears-collection-pp', fork=false, lookFromDate=null, lookToDate=null, buildId=359122167, z3solverPath='./z3_for_linux', workspacePath='./workspace', githubToken='c8a341a903[...]', dockerImageName='null', skipDelete=false, createOutputDir=false, logDirectory='null', nbThreads=0, globalTimeout=0, whiteList=null, blackList=null, jobSleepTime=0, buildSleepTime=0, maxInspectedBuilds=0, duration=null, humanPatch=false, repository='null', clean=true, bearsMode=BOTH, bearsDelimiter = false, repairTools=NopolAllTests,NPEFix,AssertFixer,AstorJGenProg,AstorJKali,NopolSingleTest,AstorJMut,NopolTestExclusionStrategy, githubUserName= fermadeiral, githubUserEmail=fer.madeiral@gmail.com}
06:59:08.291 [main] DEBUG fr.inria.jtravis.helpers.BuildHelper - Get request to :https://api.travis-ci.org/build/359122167 done after 803 ms
06:59:08.517 [main] DEBUG fr.inria.jtravis.helpers.BuildHelper - Get request to :https://api.travis-ci.org/build/359134330 done after 131 ms
06:59:08.543 [main] INFO  f.i.s.repairnator.pipeline.Launcher - The patched build (359134330) was successfully retrieved from Travis.
06:59:09.610 [main] INFO  fr.inria.jtravis.JTravis - GitHub ratelimit: Limit: 5000 Remaining: 4631 Reset hour: 19:36:19
06:59:09.864 [main] INFO  f.i.s.r.p.i.ProjectInspector - ----------------------------------------------------------------------
06:59:09.864 [main] INFO  f.i.s.r.p.i.ProjectInspector - PIPELINE STEPS
06:59:09.864 [main] INFO  f.i.s.r.p.i.ProjectInspector - ----------------------------------------------------------------------
06:59:09.865 [main] INFO  f.i.s.r.p.i.ProjectInspector - CloneRepository
06:59:09.865 [main] INFO  f.i.s.r.p.i.ProjectInspector - CheckoutPatchedBuildCandidate
06:59:09.865 [main] INFO  f.i.s.r.p.i.ProjectInspector - ComputeSourceDir
06:59:09.865 [main] INFO  f.i.s.r.p.i.ProjectInspector - ComputeTestDir
06:59:09.865 [main] INFO  f.i.s.r.p.i.ProjectInspector - CheckoutBuggyBuildCandidateSourceCode
06:59:09.865 [main] INFO  f.i.s.r.p.i.ProjectInspector - BuildProjectBuggyBuildCandidateSourceCode
06:59:09.866 [main] INFO  f.i.s.r.p.i.ProjectInspector - TestProjectBuggyBuildCandidateSourceCode
06:59:09.866 [main] INFO  f.i.s.r.p.i.ProjectInspector - GatherTestInformationBuggyBuildCandidateSourceCode
06:59:09.866 [main] INFO  f.i.s.r.p.i.ProjectInspector - CheckoutBuggyBuildTestCode
06:59:09.866 [main] INFO  f.i.s.r.p.i.ProjectInspector - InitRepoToPush
06:59:09.866 [main] INFO  f.i.s.r.p.i.ProjectInspector - ComputeClasspath
06:59:09.866 [main] INFO  f.i.s.r.p.i.ProjectInspector - ComputeModules
06:59:09.867 [main] INFO  f.i.s.r.p.i.ProjectInspector - CheckoutBuggyBuildCandidateSourceCode
06:59:09.867 [main] INFO  f.i.s.r.p.i.ProjectInspector - CommitChangedTests
06:59:09.867 [main] INFO  f.i.s.r.p.i.ProjectInspector - CheckoutPatchedBuildCandidate
06:59:09.867 [main] INFO  f.i.s.r.p.i.ProjectInspector - BuildProjectPatchedBuildCandidate
06:59:09.867 [main] INFO  f.i.s.r.p.i.ProjectInspector - TestProjectPatchedBuildCandidate
06:59:09.867 [main] INFO  f.i.s.r.p.i.ProjectInspector - GatherTestInformationPatchedBuildCandidate
06:59:09.867 [main] INFO  f.i.s.r.p.i.ProjectInspector - CommitPatch
06:59:09.867 [main] INFO  f.i.s.r.p.i.ProjectInspector - WritePropertyFile
06:59:09.868 [main] INFO  f.i.s.r.p.i.ProjectInspector - CommitProcessEnd
06:59:09.868 [main] INFO  f.i.s.r.p.i.ProjectInspector - PushProcessEnd
06:59:09.868 [main] DEBUG f.i.s.r.process.step.CloneRepository - ----------------------------------------------------------------------
06:59:09.868 [main] DEBUG f.i.s.r.process.step.CloneRepository - STEP 1/22: CloneRepository
06:59:09.868 [main] DEBUG f.i.s.r.process.step.CloneRepository - ----------------------------------------------------------------------
06:59:09.869 [main] DEBUG f.i.s.r.process.step.CloneRepository - Cloning repository datastax/java-driver in the following directory: ./workspace/datastax/java-driver/359122167
06:59:28.437 [main] DEBUG f.i.s.r.process.step.CloneRepository - STEP STATUS: [ CloneRepository : SUCCESS ]
06:59:28.439 [main] DEBUG f.i.s.r.process.step.CloneRepository - STEP DURATION: 18s
06:59:28.440 [main] DEBUG f.i.s.r.process.step.CloneRepository - EXECUTE NEXT STEP
06:59:28.440 [main] DEBUG f.i.s.r.p.s.c.CheckoutPatchedBuild - ----------------------------------------------------------------------
06:59:28.441 [main] DEBUG f.i.s.r.p.s.c.CheckoutPatchedBuild - STEP 2/22: CheckoutPatchedBuildCandidate
06:59:28.442 [main] DEBUG f.i.s.r.p.s.c.CheckoutPatchedBuild - ----------------------------------------------------------------------
06:59:28.443 [main] DEBUG f.i.s.r.p.s.c.CheckoutPatchedBuild - Checking out patched build candidate...
06:59:28.463 [main] ERROR f.i.s.r.p.s.c.CheckoutPatchedBuild - Error while testing commit: org.eclipse.jgit.errors.MissingObjectException: Missing unknown 8c2351b8b3afc9181acffe25d7013870f3c758e4
06:59:28.464 [main] ERROR f.i.s.r.p.s.c.CheckoutPatchedBuild - Error while getting the commit to checkout from the repo.
06:59:28.470 [main] DEBUG f.i.s.r.p.s.c.CheckoutPatchedBuild - STEP STATUS: [ CheckoutPatchedBuildCandidate : FAILURE ( BUILDNOTCHECKEDOUT ) ]
06:59:28.471 [main] DEBUG f.i.s.r.p.s.c.CheckoutPatchedBuild - STEP DURATION: 0s
06:59:28.471 [main] DEBUG f.i.s.r.p.s.c.CheckoutPatchedBuild - TERMINATE PIPELINE
06:59:28.471 [main] DEBUG f.i.s.r.p.s.c.CheckoutPatchedBuild - FINAL STEPS SKIPPED: The reproduction of the bug and/or the patch failed.
06:59:28.472 [main] INFO  f.i.s.r.p.s.c.CheckoutPatchedBuild - Serialize all data for the pair of builds 359122167, 359134330
06:59:28.784 [main] INFO  fr.inria.jtravis.JTravis - GitHub ratelimit: Limit: 5000 Remaining: 4624 Reset hour: 19:36:19
06:59:29.296 [main] INFO  f.i.s.r.p.i.ProjectInspector - ----------------------------------------------------------------------
06:59:29.296 [main] INFO  f.i.s.r.p.i.ProjectInspector - PIPELINE EXECUTION SUMMARY
06:59:29.296 [main] INFO  f.i.s.r.p.i.ProjectInspector - ----------------------------------------------------------------------
06:59:29.296 [main] INFO  f.i.s.r.p.i.ProjectInspector - CloneRepository.......................................SUCCESS [ 18 s ]
06:59:29.296 [main] INFO  f.i.s.r.p.i.ProjectInspector - CheckoutPatchedBuildCandidate.........................FAILURE [  0 s ]
06:59:29.297 [main] INFO  f.i.s.r.p.i.ProjectInspector - ComputeSourceDir......................................NOT RUN         
06:59:29.297 [main] INFO  f.i.s.r.p.i.ProjectInspector - ComputeTestDir........................................NOT RUN         
06:59:29.297 [main] INFO  f.i.s.r.p.i.ProjectInspector - CheckoutBuggyBuildCandidateSourceCode.................NOT RUN         
06:59:29.297 [main] INFO  f.i.s.r.p.i.ProjectInspector - BuildProjectBuggyBuildCandidateSourceCode.............NOT RUN         
06:59:29.298 [main] INFO  f.i.s.r.p.i.ProjectInspector - TestProjectBuggyBuildCandidateSourceCode..............NOT RUN         
06:59:29.298 [main] INFO  f.i.s.r.p.i.ProjectInspector - GatherTestInformationBuggyBuildCandidateSourceCode....NOT RUN         
06:59:29.298 [main] INFO  f.i.s.r.p.i.ProjectInspector - CheckoutBuggyBuildTestCode............................NOT RUN         
06:59:29.298 [main] INFO  f.i.s.r.p.i.ProjectInspector - InitRepoToPush........................................NOT RUN         
06:59:29.298 [main] INFO  f.i.s.r.p.i.ProjectInspector - ComputeClasspath......................................NOT RUN         
06:59:29.299 [main] INFO  f.i.s.r.p.i.ProjectInspector - ComputeModules........................................NOT RUN         
06:59:29.299 [main] INFO  f.i.s.r.p.i.ProjectInspector - CheckoutBuggyBuildCandidateSourceCode.................NOT RUN         
06:59:29.299 [main] INFO  f.i.s.r.p.i.ProjectInspector - CommitChangedTests....................................NOT RUN         
06:59:29.299 [main] INFO  f.i.s.r.p.i.ProjectInspector - CheckoutPatchedBuildCandidate.........................NOT RUN         
06:59:29.299 [main] INFO  f.i.s.r.p.i.ProjectInspector - BuildProjectPatchedBuildCandidate.....................NOT RUN         
06:59:29.299 [main] INFO  f.i.s.r.p.i.ProjectInspector - TestProjectPatchedBuildCandidate......................NOT RUN         
06:59:29.299 [main] INFO  f.i.s.r.p.i.ProjectInspector - GatherTestInformationPatchedBuildCandidate............NOT RUN         
06:59:29.300 [main] INFO  f.i.s.r.p.i.ProjectInspector - CommitPatch...........................................NOT RUN         
06:59:29.300 [main] INFO  f.i.s.r.p.i.ProjectInspector - WritePropertyFile.....................................NOT RUN         
06:59:29.300 [main] INFO  f.i.s.r.p.i.ProjectInspector - CommitProcessEnd......................................NOT RUN         
06:59:29.301 [main] INFO  f.i.s.r.p.i.ProjectInspector - PushProcessEnd........................................NOT RUN         
06:59:29.301 [main] INFO  f.i.s.r.p.i.ProjectInspector - ----------------------------------------------------------------------
06:59:29.301 [main] INFO  f.i.s.r.p.i.ProjectInspector - PIPELINE FINDING: BUILDNOTCHECKEDOUT
06:59:29.301 [main] INFO  f.i.s.r.p.i.ProjectInspector - ----------------------------------------------------------------------
06:59:29.301 [main] INFO  f.i.s.repairnator.pipeline.Launcher - Inspector is finished. The process will exit now.
