13:10:36.361 [main] INFO  f.i.s.repairnator.pipeline.Launcher - PIPELINE VERSION: 3.0-2018-08-09 19:04
13:10:36.516 [main] INFO  f.i.s.repairnator.pipeline.Launcher - The pipeline will try to reproduce a bug from build 356983713 and its corresponding patch from build 358765022
13:10:36.517 [main] INFO  f.i.s.repairnator.pipeline.Launcher - Initialize file serializer engines.
13:10:36.519 [main] INFO  f.i.s.repairnator.pipeline.Launcher - MongoDB won't be used for serialization.
13:10:36.519 [main] INFO  f.i.s.repairnator.pipeline.Launcher - The email notifier engine won't be used.
13:10:36.523 [main] INFO  f.i.s.repairnator.pipeline.Launcher - Start by getting the build (buildId: 356983713) with the following config: RepairnatorConfig{runId='2461c511-4012-473b-8e60-28377c2cdad5_03-18-week4-PASSING_AND_PASSING', launcherMode=BEARS, serializeJson=true, inputPath='null', outputPath='/var/log', mongodbHost='null', mongodbName='repairnator', smtpServer='null', notifyTo=[], notifyEndProcess=false, push=true, pushRemoteRepo='https://github.com/fermadeiral/bears-collection-pp', fork=false, lookFromDate=null, lookToDate=null, buildId=356983713, z3solverPath='./z3_for_linux', workspacePath='./workspace', githubToken='c8a341a903[...]', dockerImageName='null', skipDelete=false, createOutputDir=false, logDirectory='null', nbThreads=0, globalTimeout=0, whiteList=null, blackList=null, jobSleepTime=0, buildSleepTime=0, maxInspectedBuilds=0, duration=null, humanPatch=false, repository='null', clean=true, bearsMode=BOTH, bearsDelimiter = false, repairTools=NopolAllTests,NPEFix,AssertFixer,AstorJGenProg,AstorJKali,NopolSingleTest,AstorJMut,NopolTestExclusionStrategy, githubUserName= fermadeiral, githubUserEmail=fer.madeiral@gmail.com}
13:10:37.878 [main] DEBUG fr.inria.jtravis.helpers.BuildHelper - Get request to :https://api.travis-ci.org/build/356983713 done after 785 ms
13:10:38.130 [main] DEBUG fr.inria.jtravis.helpers.BuildHelper - Get request to :https://api.travis-ci.org/build/358765022 done after 152 ms
13:10:38.154 [main] INFO  f.i.s.repairnator.pipeline.Launcher - The patched build (358765022) was successfully retrieved from Travis.
13:10:39.384 [main] INFO  fr.inria.jtravis.JTravis - GitHub ratelimit: Limit: 5000 Remaining: 4917 Reset hour: 19:35:17
13:10:39.637 [main] INFO  f.i.s.r.p.i.ProjectInspector - ----------------------------------------------------------------------
13:10:39.637 [main] INFO  f.i.s.r.p.i.ProjectInspector - PIPELINE STEPS
13:10:39.637 [main] INFO  f.i.s.r.p.i.ProjectInspector - ----------------------------------------------------------------------
13:10:39.638 [main] INFO  f.i.s.r.p.i.ProjectInspector - CloneRepository
13:10:39.638 [main] INFO  f.i.s.r.p.i.ProjectInspector - CheckoutPatchedBuildCandidate
13:10:39.638 [main] INFO  f.i.s.r.p.i.ProjectInspector - ComputeSourceDir
13:10:39.638 [main] INFO  f.i.s.r.p.i.ProjectInspector - ComputeTestDir
13:10:39.639 [main] INFO  f.i.s.r.p.i.ProjectInspector - CheckoutBuggyBuildCandidateSourceCode
13:10:39.639 [main] INFO  f.i.s.r.p.i.ProjectInspector - BuildProjectBuggyBuildCandidateSourceCode
13:10:39.639 [main] INFO  f.i.s.r.p.i.ProjectInspector - TestProjectBuggyBuildCandidateSourceCode
13:10:39.639 [main] INFO  f.i.s.r.p.i.ProjectInspector - GatherTestInformationBuggyBuildCandidateSourceCode
13:10:39.639 [main] INFO  f.i.s.r.p.i.ProjectInspector - CheckoutBuggyBuildTestCode
13:10:39.640 [main] INFO  f.i.s.r.p.i.ProjectInspector - InitRepoToPush
13:10:39.640 [main] INFO  f.i.s.r.p.i.ProjectInspector - ComputeClasspath
13:10:39.640 [main] INFO  f.i.s.r.p.i.ProjectInspector - ComputeModules
13:10:39.640 [main] INFO  f.i.s.r.p.i.ProjectInspector - CheckoutBuggyBuildCandidateSourceCode
13:10:39.640 [main] INFO  f.i.s.r.p.i.ProjectInspector - CommitChangedTests
13:10:39.640 [main] INFO  f.i.s.r.p.i.ProjectInspector - CheckoutPatchedBuildCandidate
13:10:39.640 [main] INFO  f.i.s.r.p.i.ProjectInspector - BuildProjectPatchedBuildCandidate
13:10:39.640 [main] INFO  f.i.s.r.p.i.ProjectInspector - TestProjectPatchedBuildCandidate
13:10:39.640 [main] INFO  f.i.s.r.p.i.ProjectInspector - GatherTestInformationPatchedBuildCandidate
13:10:39.641 [main] INFO  f.i.s.r.p.i.ProjectInspector - CommitPatch
13:10:39.642 [main] INFO  f.i.s.r.p.i.ProjectInspector - WritePropertyFile
13:10:39.642 [main] INFO  f.i.s.r.p.i.ProjectInspector - CommitProcessEnd
13:10:39.643 [main] INFO  f.i.s.r.p.i.ProjectInspector - PushProcessEnd
13:10:39.643 [main] DEBUG f.i.s.r.process.step.CloneRepository - ----------------------------------------------------------------------
13:10:39.643 [main] DEBUG f.i.s.r.process.step.CloneRepository - STEP 1/22: CloneRepository
13:10:39.644 [main] DEBUG f.i.s.r.process.step.CloneRepository - ----------------------------------------------------------------------
13:10:39.644 [main] DEBUG f.i.s.r.process.step.CloneRepository - Cloning repository apache/flink in the following directory: ./workspace/apache/flink/356983713
13:11:40.575 [main] DEBUG f.i.s.r.process.step.CloneRepository - STEP STATUS: [ CloneRepository : SUCCESS ]
13:11:40.576 [main] DEBUG f.i.s.r.process.step.CloneRepository - STEP DURATION: 60s
13:11:40.582 [main] DEBUG f.i.s.r.process.step.CloneRepository - EXECUTE NEXT STEP
13:11:40.582 [main] DEBUG f.i.s.r.p.s.c.CheckoutPatchedBuild - ----------------------------------------------------------------------
13:11:40.582 [main] DEBUG f.i.s.r.p.s.c.CheckoutPatchedBuild - STEP 2/22: CheckoutPatchedBuildCandidate
13:11:40.584 [main] DEBUG f.i.s.r.p.s.c.CheckoutPatchedBuild - ----------------------------------------------------------------------
13:11:40.584 [main] DEBUG f.i.s.r.p.s.c.CheckoutPatchedBuild - Checking out patched build candidate...
13:11:40.939 [main] INFO  fr.inria.jtravis.JTravis - GitHub ratelimit: Limit: 5000 Remaining: 4916 Reset hour: 19:35:17
13:11:44.139 [main] DEBUG f.i.s.r.p.s.c.CheckoutPatchedBuild - Reproduce the PR for apache/flink by fetching remote branch and merging.
13:11:47.823 [main] ERROR f.i.s.r.p.s.c.CheckoutPatchedBuild - Error while testing commit: org.eclipse.jgit.errors.MissingObjectException: Missing unknown 9d9634f37f36c6697f8a3f0fec166888889b4387
13:11:47.824 [main] ERROR f.i.s.r.p.s.c.CheckoutPatchedBuild - Commit head ref cannot be retrieved from the repository: 9d9634f37f36c6697f8a3f0fec166888889b4387. Operation aborted.
13:11:47.825 [main] ERROR f.i.s.r.p.s.c.CheckoutPatchedBuild - Error while merging two commits to reproduce the PR.
13:11:47.826 [main] DEBUG f.i.s.r.p.s.c.CheckoutPatchedBuild - STEP STATUS: [ CheckoutPatchedBuildCandidate : FAILURE ( BUILDNOTCHECKEDOUT ) ]
13:11:47.826 [main] DEBUG f.i.s.r.p.s.c.CheckoutPatchedBuild - STEP DURATION: 7s
13:11:47.827 [main] DEBUG f.i.s.r.p.s.c.CheckoutPatchedBuild - TERMINATE PIPELINE
13:11:47.827 [main] DEBUG f.i.s.r.p.s.c.CheckoutPatchedBuild - FINAL STEPS SKIPPED: The reproduction of the bug and/or the patch failed.
13:11:47.827 [main] INFO  f.i.s.r.p.s.c.CheckoutPatchedBuild - Serialize all data for the pair of builds 356983713, 358765022
13:11:47.944 [main] INFO  fr.inria.jtravis.JTravis - GitHub ratelimit: Limit: 5000 Remaining: 4909 Reset hour: 19:35:17
13:11:49.540 [main] INFO  f.i.s.r.p.i.ProjectInspector - ----------------------------------------------------------------------
13:11:49.541 [main] INFO  f.i.s.r.p.i.ProjectInspector - PIPELINE EXECUTION SUMMARY
13:11:49.541 [main] INFO  f.i.s.r.p.i.ProjectInspector - ----------------------------------------------------------------------
13:11:49.541 [main] INFO  f.i.s.r.p.i.ProjectInspector - CloneRepository.......................................SUCCESS [ 60 s ]
13:11:49.541 [main] INFO  f.i.s.r.p.i.ProjectInspector - CheckoutPatchedBuildCandidate.........................FAILURE [  7 s ]
13:11:49.542 [main] INFO  f.i.s.r.p.i.ProjectInspector - ComputeSourceDir......................................NOT RUN         
13:11:49.542 [main] INFO  f.i.s.r.p.i.ProjectInspector - ComputeTestDir........................................NOT RUN         
13:11:49.542 [main] INFO  f.i.s.r.p.i.ProjectInspector - CheckoutBuggyBuildCandidateSourceCode.................NOT RUN         
13:11:49.542 [main] INFO  f.i.s.r.p.i.ProjectInspector - BuildProjectBuggyBuildCandidateSourceCode.............NOT RUN         
13:11:49.543 [main] INFO  f.i.s.r.p.i.ProjectInspector - TestProjectBuggyBuildCandidateSourceCode..............NOT RUN         
13:11:49.543 [main] INFO  f.i.s.r.p.i.ProjectInspector - GatherTestInformationBuggyBuildCandidateSourceCode....NOT RUN         
13:11:49.543 [main] INFO  f.i.s.r.p.i.ProjectInspector - CheckoutBuggyBuildTestCode............................NOT RUN         
13:11:49.543 [main] INFO  f.i.s.r.p.i.ProjectInspector - InitRepoToPush........................................NOT RUN         
13:11:49.543 [main] INFO  f.i.s.r.p.i.ProjectInspector - ComputeClasspath......................................NOT RUN         
13:11:49.543 [main] INFO  f.i.s.r.p.i.ProjectInspector - ComputeModules........................................NOT RUN         
13:11:49.544 [main] INFO  f.i.s.r.p.i.ProjectInspector - CheckoutBuggyBuildCandidateSourceCode.................NOT RUN         
13:11:49.544 [main] INFO  f.i.s.r.p.i.ProjectInspector - CommitChangedTests....................................NOT RUN         
13:11:49.544 [main] INFO  f.i.s.r.p.i.ProjectInspector - CheckoutPatchedBuildCandidate.........................NOT RUN         
13:11:49.544 [main] INFO  f.i.s.r.p.i.ProjectInspector - BuildProjectPatchedBuildCandidate.....................NOT RUN         
13:11:49.544 [main] INFO  f.i.s.r.p.i.ProjectInspector - TestProjectPatchedBuildCandidate......................NOT RUN         
13:11:49.544 [main] INFO  f.i.s.r.p.i.ProjectInspector - GatherTestInformationPatchedBuildCandidate............NOT RUN         
13:11:49.545 [main] INFO  f.i.s.r.p.i.ProjectInspector - CommitPatch...........................................NOT RUN         
13:11:49.545 [main] INFO  f.i.s.r.p.i.ProjectInspector - WritePropertyFile.....................................NOT RUN         
13:11:49.545 [main] INFO  f.i.s.r.p.i.ProjectInspector - CommitProcessEnd......................................NOT RUN         
13:11:49.545 [main] INFO  f.i.s.r.p.i.ProjectInspector - PushProcessEnd........................................NOT RUN         
13:11:49.545 [main] INFO  f.i.s.r.p.i.ProjectInspector - ----------------------------------------------------------------------
13:11:49.545 [main] INFO  f.i.s.r.p.i.ProjectInspector - PIPELINE FINDING: BUILDNOTCHECKEDOUT
13:11:49.546 [main] INFO  f.i.s.r.p.i.ProjectInspector - ----------------------------------------------------------------------
13:11:49.546 [main] INFO  f.i.s.repairnator.pipeline.Launcher - Inspector is finished. The process will exit now.
