14:22:35.747 [main] INFO  f.i.s.repairnator.pipeline.Launcher - PIPELINE VERSION: 3.0-2018-08-09 19:04
14:22:35.869 [main] INFO  f.i.s.repairnator.pipeline.Launcher - The pipeline will try to reproduce a bug from build 353973579 and its corresponding patch from build 357665654
14:22:35.869 [main] INFO  f.i.s.repairnator.pipeline.Launcher - Initialize file serializer engines.
14:22:35.871 [main] INFO  f.i.s.repairnator.pipeline.Launcher - MongoDB won't be used for serialization.
14:22:35.871 [main] INFO  f.i.s.repairnator.pipeline.Launcher - The email notifier engine won't be used.
14:22:35.874 [main] INFO  f.i.s.repairnator.pipeline.Launcher - Start by getting the build (buildId: 353973579) with the following config: RepairnatorConfig{runId='2461c511-4012-473b-8e60-28377c2cdad5_03-18-week4-PASSING_AND_PASSING', launcherMode=BEARS, serializeJson=true, inputPath='null', outputPath='/var/log', mongodbHost='null', mongodbName='repairnator', smtpServer='null', notifyTo=[], notifyEndProcess=false, push=true, pushRemoteRepo='https://github.com/fermadeiral/bears-collection-pp', fork=false, lookFromDate=null, lookToDate=null, buildId=353973579, z3solverPath='./z3_for_linux', workspacePath='./workspace', githubToken='c8a341a903[...]', dockerImageName='null', skipDelete=false, createOutputDir=false, logDirectory='null', nbThreads=0, globalTimeout=0, whiteList=null, blackList=null, jobSleepTime=0, buildSleepTime=0, maxInspectedBuilds=0, duration=null, humanPatch=false, repository='null', clean=true, bearsMode=BOTH, bearsDelimiter = false, repairTools=NopolAllTests,NPEFix,AssertFixer,AstorJGenProg,AstorJKali,NopolSingleTest,AstorJMut,NopolTestExclusionStrategy, githubUserName= fermadeiral, githubUserEmail=fer.madeiral@gmail.com}
14:22:37.598 [main] DEBUG fr.inria.jtravis.helpers.BuildHelper - Get request to :https://api.travis-ci.org/build/353973579 done after 963 ms
14:22:37.845 [main] DEBUG fr.inria.jtravis.helpers.BuildHelper - Get request to :https://api.travis-ci.org/build/357665654 done after 144 ms
14:22:37.867 [main] INFO  f.i.s.repairnator.pipeline.Launcher - The patched build (357665654) was successfully retrieved from Travis.
14:22:39.453 [main] INFO  fr.inria.jtravis.JTravis - GitHub ratelimit: Limit: 5000 Remaining: 4849 Reset hour: 19:35:20
14:22:39.718 [main] INFO  f.i.s.r.p.i.ProjectInspector - ----------------------------------------------------------------------
14:22:39.719 [main] INFO  f.i.s.r.p.i.ProjectInspector - PIPELINE STEPS
14:22:39.719 [main] INFO  f.i.s.r.p.i.ProjectInspector - ----------------------------------------------------------------------
14:22:39.719 [main] INFO  f.i.s.r.p.i.ProjectInspector - CloneRepository
14:22:39.720 [main] INFO  f.i.s.r.p.i.ProjectInspector - CheckoutPatchedBuildCandidate
14:22:39.720 [main] INFO  f.i.s.r.p.i.ProjectInspector - ComputeSourceDir
14:22:39.721 [main] INFO  f.i.s.r.p.i.ProjectInspector - ComputeTestDir
14:22:39.721 [main] INFO  f.i.s.r.p.i.ProjectInspector - CheckoutBuggyBuildCandidateSourceCode
14:22:39.722 [main] INFO  f.i.s.r.p.i.ProjectInspector - BuildProjectBuggyBuildCandidateSourceCode
14:22:39.722 [main] INFO  f.i.s.r.p.i.ProjectInspector - TestProjectBuggyBuildCandidateSourceCode
14:22:39.723 [main] INFO  f.i.s.r.p.i.ProjectInspector - GatherTestInformationBuggyBuildCandidateSourceCode
14:22:39.723 [main] INFO  f.i.s.r.p.i.ProjectInspector - CheckoutBuggyBuildTestCode
14:22:39.723 [main] INFO  f.i.s.r.p.i.ProjectInspector - InitRepoToPush
14:22:39.724 [main] INFO  f.i.s.r.p.i.ProjectInspector - ComputeClasspath
14:22:39.724 [main] INFO  f.i.s.r.p.i.ProjectInspector - ComputeModules
14:22:39.725 [main] INFO  f.i.s.r.p.i.ProjectInspector - CheckoutBuggyBuildCandidateSourceCode
14:22:39.725 [main] INFO  f.i.s.r.p.i.ProjectInspector - CommitChangedTests
14:22:39.725 [main] INFO  f.i.s.r.p.i.ProjectInspector - CheckoutPatchedBuildCandidate
14:22:39.726 [main] INFO  f.i.s.r.p.i.ProjectInspector - BuildProjectPatchedBuildCandidate
14:22:39.726 [main] INFO  f.i.s.r.p.i.ProjectInspector - TestProjectPatchedBuildCandidate
14:22:39.727 [main] INFO  f.i.s.r.p.i.ProjectInspector - GatherTestInformationPatchedBuildCandidate
14:22:39.727 [main] INFO  f.i.s.r.p.i.ProjectInspector - CommitPatch
14:22:39.727 [main] INFO  f.i.s.r.p.i.ProjectInspector - WritePropertyFile
14:22:39.727 [main] INFO  f.i.s.r.p.i.ProjectInspector - CommitProcessEnd
14:22:39.728 [main] INFO  f.i.s.r.p.i.ProjectInspector - PushProcessEnd
14:22:39.728 [main] DEBUG f.i.s.r.process.step.CloneRepository - ----------------------------------------------------------------------
14:22:39.729 [main] DEBUG f.i.s.r.process.step.CloneRepository - STEP 1/22: CloneRepository
14:22:39.729 [main] DEBUG f.i.s.r.process.step.CloneRepository - ----------------------------------------------------------------------
14:22:39.729 [main] DEBUG f.i.s.r.process.step.CloneRepository - Cloning repository prestodb/presto in the following directory: ./workspace/prestodb/presto/353973579
14:23:28.301 [main] DEBUG f.i.s.r.process.step.CloneRepository - STEP STATUS: [ CloneRepository : SUCCESS ]
14:23:28.302 [main] DEBUG f.i.s.r.process.step.CloneRepository - STEP DURATION: 48s
14:23:28.302 [main] DEBUG f.i.s.r.process.step.CloneRepository - EXECUTE NEXT STEP
14:23:28.303 [main] DEBUG f.i.s.r.p.s.c.CheckoutPatchedBuild - ----------------------------------------------------------------------
14:23:28.303 [main] DEBUG f.i.s.r.p.s.c.CheckoutPatchedBuild - STEP 2/22: CheckoutPatchedBuildCandidate
14:23:28.303 [main] DEBUG f.i.s.r.p.s.c.CheckoutPatchedBuild - ----------------------------------------------------------------------
14:23:28.304 [main] DEBUG f.i.s.r.p.s.c.CheckoutPatchedBuild - Checking out patched build candidate...
14:23:28.661 [main] INFO  fr.inria.jtravis.JTravis - GitHub ratelimit: Limit: 5000 Remaining: 4848 Reset hour: 19:35:20
14:23:30.838 [main] DEBUG f.i.s.r.p.s.c.CheckoutPatchedBuild - Reproduce the PR for prestodb/presto by fetching remote branch and merging.
14:23:34.657 [main] ERROR f.i.s.r.p.s.c.CheckoutPatchedBuild - Error while testing commit: org.eclipse.jgit.errors.MissingObjectException: Missing unknown 16e4a2353a8a4b410a0ad196add9c01c7209161b
14:23:34.658 [main] ERROR f.i.s.r.p.s.c.CheckoutPatchedBuild - Commit head ref cannot be retrieved from the repository: 16e4a2353a8a4b410a0ad196add9c01c7209161b. Operation aborted.
14:23:34.659 [main] ERROR f.i.s.r.p.s.c.CheckoutPatchedBuild - Error while merging two commits to reproduce the PR.
14:23:34.660 [main] DEBUG f.i.s.r.p.s.c.CheckoutPatchedBuild - STEP STATUS: [ CheckoutPatchedBuildCandidate : FAILURE ( BUILDNOTCHECKEDOUT ) ]
14:23:34.660 [main] DEBUG f.i.s.r.p.s.c.CheckoutPatchedBuild - STEP DURATION: 6s
14:23:34.660 [main] DEBUG f.i.s.r.p.s.c.CheckoutPatchedBuild - TERMINATE PIPELINE
14:23:34.660 [main] DEBUG f.i.s.r.p.s.c.CheckoutPatchedBuild - FINAL STEPS SKIPPED: The reproduction of the bug and/or the patch failed.
14:23:34.660 [main] INFO  f.i.s.r.p.s.c.CheckoutPatchedBuild - Serialize all data for the pair of builds 353973579, 357665654
14:23:34.792 [main] INFO  fr.inria.jtravis.JTravis - GitHub ratelimit: Limit: 5000 Remaining: 4841 Reset hour: 19:35:20
14:23:36.067 [main] INFO  f.i.s.r.p.i.ProjectInspector - ----------------------------------------------------------------------
14:23:36.068 [main] INFO  f.i.s.r.p.i.ProjectInspector - PIPELINE EXECUTION SUMMARY
14:23:36.068 [main] INFO  f.i.s.r.p.i.ProjectInspector - ----------------------------------------------------------------------
14:23:36.068 [main] INFO  f.i.s.r.p.i.ProjectInspector - CloneRepository.......................................SUCCESS [ 48 s ]
14:23:36.068 [main] INFO  f.i.s.r.p.i.ProjectInspector - CheckoutPatchedBuildCandidate.........................FAILURE [  6 s ]
14:23:36.068 [main] INFO  f.i.s.r.p.i.ProjectInspector - ComputeSourceDir......................................NOT RUN         
14:23:36.069 [main] INFO  f.i.s.r.p.i.ProjectInspector - ComputeTestDir........................................NOT RUN         
14:23:36.069 [main] INFO  f.i.s.r.p.i.ProjectInspector - CheckoutBuggyBuildCandidateSourceCode.................NOT RUN         
14:23:36.069 [main] INFO  f.i.s.r.p.i.ProjectInspector - BuildProjectBuggyBuildCandidateSourceCode.............NOT RUN         
14:23:36.069 [main] INFO  f.i.s.r.p.i.ProjectInspector - TestProjectBuggyBuildCandidateSourceCode..............NOT RUN         
14:23:36.069 [main] INFO  f.i.s.r.p.i.ProjectInspector - GatherTestInformationBuggyBuildCandidateSourceCode....NOT RUN         
14:23:36.069 [main] INFO  f.i.s.r.p.i.ProjectInspector - CheckoutBuggyBuildTestCode............................NOT RUN         
14:23:36.069 [main] INFO  f.i.s.r.p.i.ProjectInspector - InitRepoToPush........................................NOT RUN         
14:23:36.070 [main] INFO  f.i.s.r.p.i.ProjectInspector - ComputeClasspath......................................NOT RUN         
14:23:36.070 [main] INFO  f.i.s.r.p.i.ProjectInspector - ComputeModules........................................NOT RUN         
14:23:36.070 [main] INFO  f.i.s.r.p.i.ProjectInspector - CheckoutBuggyBuildCandidateSourceCode.................NOT RUN         
14:23:36.070 [main] INFO  f.i.s.r.p.i.ProjectInspector - CommitChangedTests....................................NOT RUN         
14:23:36.070 [main] INFO  f.i.s.r.p.i.ProjectInspector - CheckoutPatchedBuildCandidate.........................NOT RUN         
14:23:36.070 [main] INFO  f.i.s.r.p.i.ProjectInspector - BuildProjectPatchedBuildCandidate.....................NOT RUN         
14:23:36.071 [main] INFO  f.i.s.r.p.i.ProjectInspector - TestProjectPatchedBuildCandidate......................NOT RUN         
14:23:36.071 [main] INFO  f.i.s.r.p.i.ProjectInspector - GatherTestInformationPatchedBuildCandidate............NOT RUN         
14:23:36.071 [main] INFO  f.i.s.r.p.i.ProjectInspector - CommitPatch...........................................NOT RUN         
14:23:36.071 [main] INFO  f.i.s.r.p.i.ProjectInspector - WritePropertyFile.....................................NOT RUN         
14:23:36.071 [main] INFO  f.i.s.r.p.i.ProjectInspector - CommitProcessEnd......................................NOT RUN         
14:23:36.071 [main] INFO  f.i.s.r.p.i.ProjectInspector - PushProcessEnd........................................NOT RUN         
14:23:36.071 [main] INFO  f.i.s.r.p.i.ProjectInspector - ----------------------------------------------------------------------
14:23:36.072 [main] INFO  f.i.s.r.p.i.ProjectInspector - PIPELINE FINDING: BUILDNOTCHECKEDOUT
14:23:36.072 [main] INFO  f.i.s.r.p.i.ProjectInspector - ----------------------------------------------------------------------
14:23:36.072 [main] INFO  f.i.s.repairnator.pipeline.Launcher - Inspector is finished. The process will exit now.
