23:54:25.730 [main] INFO  f.i.s.repairnator.pipeline.Launcher - PIPELINE VERSION: 3.0-2018-08-09 19:04
23:54:25.849 [main] INFO  f.i.s.repairnator.pipeline.Launcher - The pipeline will try to reproduce a bug from build 359886823 and its corresponding patch from build 360173458
23:54:25.850 [main] INFO  f.i.s.repairnator.pipeline.Launcher - Initialize file serializer engines.
23:54:25.852 [main] INFO  f.i.s.repairnator.pipeline.Launcher - MongoDB won't be used for serialization.
23:54:25.852 [main] INFO  f.i.s.repairnator.pipeline.Launcher - The email notifier engine won't be used.
23:54:25.855 [main] INFO  f.i.s.repairnator.pipeline.Launcher - Start by getting the build (buildId: 359886823) with the following config: RepairnatorConfig{runId='2461c511-4012-473b-8e60-28377c2cdad5_03-18-week4-PASSING_AND_PASSING', launcherMode=BEARS, serializeJson=true, inputPath='null', outputPath='/var/log', mongodbHost='null', mongodbName='repairnator', smtpServer='null', notifyTo=[], notifyEndProcess=false, push=true, pushRemoteRepo='https://github.com/fermadeiral/bears-collection-pp', fork=false, lookFromDate=null, lookToDate=null, buildId=359886823, z3solverPath='./z3_for_linux', workspacePath='./workspace', githubToken='c8a341a903[...]', dockerImageName='null', skipDelete=false, createOutputDir=false, logDirectory='null', nbThreads=0, globalTimeout=0, whiteList=null, blackList=null, jobSleepTime=0, buildSleepTime=0, maxInspectedBuilds=0, duration=null, humanPatch=false, repository='null', clean=true, bearsMode=BOTH, bearsDelimiter = false, repairTools=NopolAllTests,NPEFix,AssertFixer,AstorJGenProg,AstorJKali,NopolSingleTest,AstorJMut,NopolTestExclusionStrategy, githubUserName= fermadeiral, githubUserEmail=fer.madeiral@gmail.com}
23:54:27.041 [main] DEBUG fr.inria.jtravis.helpers.BuildHelper - Get request to :https://api.travis-ci.org/build/359886823 done after 774 ms
23:54:27.279 [main] DEBUG fr.inria.jtravis.helpers.BuildHelper - Get request to :https://api.travis-ci.org/build/360173458 done after 151 ms
23:54:27.305 [main] INFO  f.i.s.repairnator.pipeline.Launcher - The patched build (360173458) was successfully retrieved from Travis.
23:54:28.429 [main] INFO  fr.inria.jtravis.JTravis - GitHub ratelimit: Limit: 5000 Remaining: 4628 Reset hour: 19:35:53
23:54:28.715 [main] INFO  f.i.s.r.p.i.ProjectInspector - ----------------------------------------------------------------------
23:54:28.716 [main] INFO  f.i.s.r.p.i.ProjectInspector - PIPELINE STEPS
23:54:28.716 [main] INFO  f.i.s.r.p.i.ProjectInspector - ----------------------------------------------------------------------
23:54:28.716 [main] INFO  f.i.s.r.p.i.ProjectInspector - CloneRepository
23:54:28.716 [main] INFO  f.i.s.r.p.i.ProjectInspector - CheckoutPatchedBuildCandidate
23:54:28.717 [main] INFO  f.i.s.r.p.i.ProjectInspector - ComputeSourceDir
23:54:28.717 [main] INFO  f.i.s.r.p.i.ProjectInspector - ComputeTestDir
23:54:28.717 [main] INFO  f.i.s.r.p.i.ProjectInspector - CheckoutBuggyBuildCandidateSourceCode
23:54:28.717 [main] INFO  f.i.s.r.p.i.ProjectInspector - BuildProjectBuggyBuildCandidateSourceCode
23:54:28.717 [main] INFO  f.i.s.r.p.i.ProjectInspector - TestProjectBuggyBuildCandidateSourceCode
23:54:28.718 [main] INFO  f.i.s.r.p.i.ProjectInspector - GatherTestInformationBuggyBuildCandidateSourceCode
23:54:28.718 [main] INFO  f.i.s.r.p.i.ProjectInspector - CheckoutBuggyBuildTestCode
23:54:28.718 [main] INFO  f.i.s.r.p.i.ProjectInspector - InitRepoToPush
23:54:28.718 [main] INFO  f.i.s.r.p.i.ProjectInspector - ComputeClasspath
23:54:28.718 [main] INFO  f.i.s.r.p.i.ProjectInspector - ComputeModules
23:54:28.719 [main] INFO  f.i.s.r.p.i.ProjectInspector - CheckoutBuggyBuildCandidateSourceCode
23:54:28.719 [main] INFO  f.i.s.r.p.i.ProjectInspector - CommitChangedTests
23:54:28.719 [main] INFO  f.i.s.r.p.i.ProjectInspector - CheckoutPatchedBuildCandidate
23:54:28.719 [main] INFO  f.i.s.r.p.i.ProjectInspector - BuildProjectPatchedBuildCandidate
23:54:28.719 [main] INFO  f.i.s.r.p.i.ProjectInspector - TestProjectPatchedBuildCandidate
23:54:28.719 [main] INFO  f.i.s.r.p.i.ProjectInspector - GatherTestInformationPatchedBuildCandidate
23:54:28.720 [main] INFO  f.i.s.r.p.i.ProjectInspector - CommitPatch
23:54:28.720 [main] INFO  f.i.s.r.p.i.ProjectInspector - WritePropertyFile
23:54:28.720 [main] INFO  f.i.s.r.p.i.ProjectInspector - CommitProcessEnd
23:54:28.720 [main] INFO  f.i.s.r.p.i.ProjectInspector - PushProcessEnd
23:54:28.721 [main] DEBUG f.i.s.r.process.step.CloneRepository - ----------------------------------------------------------------------
23:54:28.721 [main] DEBUG f.i.s.r.process.step.CloneRepository - STEP 1/22: CloneRepository
23:54:28.721 [main] DEBUG f.i.s.r.process.step.CloneRepository - ----------------------------------------------------------------------
23:54:28.721 [main] DEBUG f.i.s.r.process.step.CloneRepository - Cloning repository StuPro-TOSCAna/TOSCAna in the following directory: ./workspace/StuPro-TOSCAna/TOSCAna/359886823
23:54:50.838 [main] DEBUG f.i.s.r.process.step.CloneRepository - STEP STATUS: [ CloneRepository : SUCCESS ]
23:54:50.839 [main] DEBUG f.i.s.r.process.step.CloneRepository - STEP DURATION: 22s
23:54:50.839 [main] DEBUG f.i.s.r.process.step.CloneRepository - EXECUTE NEXT STEP
23:54:50.840 [main] DEBUG f.i.s.r.p.s.c.CheckoutPatchedBuild - ----------------------------------------------------------------------
23:54:50.842 [main] DEBUG f.i.s.r.p.s.c.CheckoutPatchedBuild - STEP 2/22: CheckoutPatchedBuildCandidate
23:54:50.842 [main] DEBUG f.i.s.r.p.s.c.CheckoutPatchedBuild - ----------------------------------------------------------------------
23:54:50.842 [main] DEBUG f.i.s.r.p.s.c.CheckoutPatchedBuild - Checking out patched build candidate...
23:54:51.199 [main] INFO  fr.inria.jtravis.JTravis - GitHub ratelimit: Limit: 5000 Remaining: 4625 Reset hour: 19:35:53
23:54:53.880 [main] DEBUG f.i.s.r.p.s.c.CheckoutPatchedBuild - Reproduce the PR for StuPro-TOSCAna/TOSCAna by fetching remote branch and merging.
23:54:54.026 [main] ERROR f.i.s.r.p.s.c.CheckoutPatchedBuild - Error while testing commit: org.eclipse.jgit.errors.MissingObjectException: Missing unknown 18008fac914cfc657fe730c13817ee8e08e566e4
23:54:54.027 [main] ERROR f.i.s.r.p.s.c.CheckoutPatchedBuild - Commit head ref cannot be retrieved from the repository: 18008fac914cfc657fe730c13817ee8e08e566e4. Operation aborted.
23:54:54.027 [main] ERROR f.i.s.r.p.s.c.CheckoutPatchedBuild - Error while merging two commits to reproduce the PR.
23:54:54.028 [main] DEBUG f.i.s.r.p.s.c.CheckoutPatchedBuild - STEP STATUS: [ CheckoutPatchedBuildCandidate : FAILURE ( BUILDNOTCHECKEDOUT ) ]
23:54:54.028 [main] DEBUG f.i.s.r.p.s.c.CheckoutPatchedBuild - STEP DURATION: 3s
23:54:54.029 [main] DEBUG f.i.s.r.p.s.c.CheckoutPatchedBuild - TERMINATE PIPELINE
23:54:54.029 [main] DEBUG f.i.s.r.p.s.c.CheckoutPatchedBuild - FINAL STEPS SKIPPED: The reproduction of the bug and/or the patch failed.
23:54:54.029 [main] INFO  f.i.s.r.p.s.c.CheckoutPatchedBuild - Serialize all data for the pair of builds 359886823, 360173458
23:54:54.152 [main] INFO  fr.inria.jtravis.JTravis - GitHub ratelimit: Limit: 5000 Remaining: 4618 Reset hour: 19:35:53
23:54:56.164 [main] INFO  f.i.s.r.p.i.ProjectInspector - ----------------------------------------------------------------------
23:54:56.165 [main] INFO  f.i.s.r.p.i.ProjectInspector - PIPELINE EXECUTION SUMMARY
23:54:56.165 [main] INFO  f.i.s.r.p.i.ProjectInspector - ----------------------------------------------------------------------
23:54:56.165 [main] INFO  f.i.s.r.p.i.ProjectInspector - CloneRepository.......................................SUCCESS [ 22 s ]
23:54:56.165 [main] INFO  f.i.s.r.p.i.ProjectInspector - CheckoutPatchedBuildCandidate.........................FAILURE [  3 s ]
23:54:56.165 [main] INFO  f.i.s.r.p.i.ProjectInspector - ComputeSourceDir......................................NOT RUN         
23:54:56.165 [main] INFO  f.i.s.r.p.i.ProjectInspector - ComputeTestDir........................................NOT RUN         
23:54:56.166 [main] INFO  f.i.s.r.p.i.ProjectInspector - CheckoutBuggyBuildCandidateSourceCode.................NOT RUN         
23:54:56.166 [main] INFO  f.i.s.r.p.i.ProjectInspector - BuildProjectBuggyBuildCandidateSourceCode.............NOT RUN         
23:54:56.166 [main] INFO  f.i.s.r.p.i.ProjectInspector - TestProjectBuggyBuildCandidateSourceCode..............NOT RUN         
23:54:56.166 [main] INFO  f.i.s.r.p.i.ProjectInspector - GatherTestInformationBuggyBuildCandidateSourceCode....NOT RUN         
23:54:56.166 [main] INFO  f.i.s.r.p.i.ProjectInspector - CheckoutBuggyBuildTestCode............................NOT RUN         
23:54:56.166 [main] INFO  f.i.s.r.p.i.ProjectInspector - InitRepoToPush........................................NOT RUN         
23:54:56.166 [main] INFO  f.i.s.r.p.i.ProjectInspector - ComputeClasspath......................................NOT RUN         
23:54:56.166 [main] INFO  f.i.s.r.p.i.ProjectInspector - ComputeModules........................................NOT RUN         
23:54:56.167 [main] INFO  f.i.s.r.p.i.ProjectInspector - CheckoutBuggyBuildCandidateSourceCode.................NOT RUN         
23:54:56.167 [main] INFO  f.i.s.r.p.i.ProjectInspector - CommitChangedTests....................................NOT RUN         
23:54:56.167 [main] INFO  f.i.s.r.p.i.ProjectInspector - CheckoutPatchedBuildCandidate.........................NOT RUN         
23:54:56.167 [main] INFO  f.i.s.r.p.i.ProjectInspector - BuildProjectPatchedBuildCandidate.....................NOT RUN         
23:54:56.167 [main] INFO  f.i.s.r.p.i.ProjectInspector - TestProjectPatchedBuildCandidate......................NOT RUN         
23:54:56.167 [main] INFO  f.i.s.r.p.i.ProjectInspector - GatherTestInformationPatchedBuildCandidate............NOT RUN         
23:54:56.167 [main] INFO  f.i.s.r.p.i.ProjectInspector - CommitPatch...........................................NOT RUN         
23:54:56.167 [main] INFO  f.i.s.r.p.i.ProjectInspector - WritePropertyFile.....................................NOT RUN         
23:54:56.167 [main] INFO  f.i.s.r.p.i.ProjectInspector - CommitProcessEnd......................................NOT RUN         
23:54:56.167 [main] INFO  f.i.s.r.p.i.ProjectInspector - PushProcessEnd........................................NOT RUN         
23:54:56.168 [main] INFO  f.i.s.r.p.i.ProjectInspector - ----------------------------------------------------------------------
23:54:56.168 [main] INFO  f.i.s.r.p.i.ProjectInspector - PIPELINE FINDING: BUILDNOTCHECKEDOUT
23:54:56.168 [main] INFO  f.i.s.r.p.i.ProjectInspector - ----------------------------------------------------------------------
23:54:56.168 [main] INFO  f.i.s.repairnator.pipeline.Launcher - Inspector is finished. The process will exit now.
