23:58:51.160 [main] INFO  f.i.s.repairnator.pipeline.Launcher - PIPELINE VERSION: 3.0-2018-08-09 19:04
23:58:51.287 [main] INFO  f.i.s.repairnator.pipeline.Launcher - The pipeline will try to reproduce a bug from build 355060432 and its corresponding patch from build 358969422
23:58:51.288 [main] INFO  f.i.s.repairnator.pipeline.Launcher - Initialize file serializer engines.
23:58:51.289 [main] INFO  f.i.s.repairnator.pipeline.Launcher - MongoDB won't be used for serialization.
23:58:51.290 [main] INFO  f.i.s.repairnator.pipeline.Launcher - The email notifier engine won't be used.
23:58:51.292 [main] INFO  f.i.s.repairnator.pipeline.Launcher - Start by getting the build (buildId: 355060432) with the following config: RepairnatorConfig{runId='2461c511-4012-473b-8e60-28377c2cdad5_03-18-week4-PASSING_AND_PASSING', launcherMode=BEARS, serializeJson=true, inputPath='null', outputPath='/var/log', mongodbHost='null', mongodbName='repairnator', smtpServer='null', notifyTo=[], notifyEndProcess=false, push=true, pushRemoteRepo='https://github.com/fermadeiral/bears-collection-pp', fork=false, lookFromDate=null, lookToDate=null, buildId=355060432, z3solverPath='./z3_for_linux', workspacePath='./workspace', githubToken='c8a341a903[...]', dockerImageName='null', skipDelete=false, createOutputDir=false, logDirectory='null', nbThreads=0, globalTimeout=0, whiteList=null, blackList=null, jobSleepTime=0, buildSleepTime=0, maxInspectedBuilds=0, duration=null, humanPatch=false, repository='null', clean=true, bearsMode=BOTH, bearsDelimiter = false, repairTools=NopolAllTests,NPEFix,AssertFixer,AstorJGenProg,AstorJKali,NopolSingleTest,AstorJMut,NopolTestExclusionStrategy, githubUserName= fermadeiral, githubUserEmail=fer.madeiral@gmail.com}
23:58:52.759 [main] DEBUG fr.inria.jtravis.helpers.BuildHelper - Get request to :https://api.travis-ci.org/build/355060432 done after 839 ms
23:58:52.997 [main] DEBUG fr.inria.jtravis.helpers.BuildHelper - Get request to :https://api.travis-ci.org/build/358969422 done after 133 ms
23:58:53.007 [main] INFO  f.i.s.repairnator.pipeline.Launcher - The patched build (358969422) was successfully retrieved from Travis.
23:58:54.177 [main] INFO  fr.inria.jtravis.JTravis - GitHub ratelimit: Limit: 5000 Remaining: 4487 Reset hour: 19:35:53
23:58:54.427 [main] INFO  f.i.s.r.p.i.ProjectInspector - ----------------------------------------------------------------------
23:58:54.427 [main] INFO  f.i.s.r.p.i.ProjectInspector - PIPELINE STEPS
23:58:54.427 [main] INFO  f.i.s.r.p.i.ProjectInspector - ----------------------------------------------------------------------
23:58:54.427 [main] INFO  f.i.s.r.p.i.ProjectInspector - CloneRepository
23:58:54.427 [main] INFO  f.i.s.r.p.i.ProjectInspector - CheckoutPatchedBuildCandidate
23:58:54.427 [main] INFO  f.i.s.r.p.i.ProjectInspector - ComputeSourceDir
23:58:54.428 [main] INFO  f.i.s.r.p.i.ProjectInspector - ComputeTestDir
23:58:54.428 [main] INFO  f.i.s.r.p.i.ProjectInspector - CheckoutBuggyBuildCandidateSourceCode
23:58:54.428 [main] INFO  f.i.s.r.p.i.ProjectInspector - BuildProjectBuggyBuildCandidateSourceCode
23:58:54.430 [main] INFO  f.i.s.r.p.i.ProjectInspector - TestProjectBuggyBuildCandidateSourceCode
23:58:54.430 [main] INFO  f.i.s.r.p.i.ProjectInspector - GatherTestInformationBuggyBuildCandidateSourceCode
23:58:54.430 [main] INFO  f.i.s.r.p.i.ProjectInspector - CheckoutBuggyBuildTestCode
23:58:54.431 [main] INFO  f.i.s.r.p.i.ProjectInspector - InitRepoToPush
23:58:54.431 [main] INFO  f.i.s.r.p.i.ProjectInspector - ComputeClasspath
23:58:54.431 [main] INFO  f.i.s.r.p.i.ProjectInspector - ComputeModules
23:58:54.431 [main] INFO  f.i.s.r.p.i.ProjectInspector - CheckoutBuggyBuildCandidateSourceCode
23:58:54.431 [main] INFO  f.i.s.r.p.i.ProjectInspector - CommitChangedTests
23:58:54.431 [main] INFO  f.i.s.r.p.i.ProjectInspector - CheckoutPatchedBuildCandidate
23:58:54.431 [main] INFO  f.i.s.r.p.i.ProjectInspector - BuildProjectPatchedBuildCandidate
23:58:54.432 [main] INFO  f.i.s.r.p.i.ProjectInspector - TestProjectPatchedBuildCandidate
23:58:54.432 [main] INFO  f.i.s.r.p.i.ProjectInspector - GatherTestInformationPatchedBuildCandidate
23:58:54.432 [main] INFO  f.i.s.r.p.i.ProjectInspector - CommitPatch
23:58:54.433 [main] INFO  f.i.s.r.p.i.ProjectInspector - WritePropertyFile
23:58:54.434 [main] INFO  f.i.s.r.p.i.ProjectInspector - CommitProcessEnd
23:58:54.435 [main] INFO  f.i.s.r.p.i.ProjectInspector - PushProcessEnd
23:58:54.435 [main] DEBUG f.i.s.r.process.step.CloneRepository - ----------------------------------------------------------------------
23:58:54.435 [main] DEBUG f.i.s.r.process.step.CloneRepository - STEP 1/22: CloneRepository
23:58:54.436 [main] DEBUG f.i.s.r.process.step.CloneRepository - ----------------------------------------------------------------------
23:58:54.436 [main] DEBUG f.i.s.r.process.step.CloneRepository - Cloning repository StuPro-TOSCAna/TOSCAna in the following directory: ./workspace/StuPro-TOSCAna/TOSCAna/355060432
23:59:15.550 [main] DEBUG f.i.s.r.process.step.CloneRepository - STEP STATUS: [ CloneRepository : SUCCESS ]
23:59:15.551 [main] DEBUG f.i.s.r.process.step.CloneRepository - STEP DURATION: 21s
23:59:15.551 [main] DEBUG f.i.s.r.process.step.CloneRepository - EXECUTE NEXT STEP
23:59:15.551 [main] DEBUG f.i.s.r.p.s.c.CheckoutPatchedBuild - ----------------------------------------------------------------------
23:59:15.552 [main] DEBUG f.i.s.r.p.s.c.CheckoutPatchedBuild - STEP 2/22: CheckoutPatchedBuildCandidate
23:59:15.552 [main] DEBUG f.i.s.r.p.s.c.CheckoutPatchedBuild - ----------------------------------------------------------------------
23:59:15.552 [main] DEBUG f.i.s.r.p.s.c.CheckoutPatchedBuild - Checking out patched build candidate...
23:59:15.877 [main] INFO  fr.inria.jtravis.JTravis - GitHub ratelimit: Limit: 5000 Remaining: 4471 Reset hour: 19:35:53
23:59:18.999 [main] DEBUG f.i.s.r.p.s.c.CheckoutPatchedBuild - Reproduce the PR for StuPro-TOSCAna/TOSCAna by fetching remote branch and merging.
23:59:19.473 [main] ERROR f.i.s.r.p.s.c.CheckoutPatchedBuild - Error while testing commit: org.eclipse.jgit.errors.MissingObjectException: Missing unknown 5af1d029d89c08bbf0018b8c763360b03d646f8f
23:59:19.475 [main] ERROR f.i.s.r.p.s.c.CheckoutPatchedBuild - Commit head ref cannot be retrieved from the repository: 5af1d029d89c08bbf0018b8c763360b03d646f8f. Operation aborted.
23:59:19.476 [main] ERROR f.i.s.r.p.s.c.CheckoutPatchedBuild - Error while merging two commits to reproduce the PR.
23:59:19.477 [main] DEBUG f.i.s.r.p.s.c.CheckoutPatchedBuild - STEP STATUS: [ CheckoutPatchedBuildCandidate : FAILURE ( BUILDNOTCHECKEDOUT ) ]
23:59:19.478 [main] DEBUG f.i.s.r.p.s.c.CheckoutPatchedBuild - STEP DURATION: 3s
23:59:19.478 [main] DEBUG f.i.s.r.p.s.c.CheckoutPatchedBuild - TERMINATE PIPELINE
23:59:19.479 [main] DEBUG f.i.s.r.p.s.c.CheckoutPatchedBuild - FINAL STEPS SKIPPED: The reproduction of the bug and/or the patch failed.
23:59:19.479 [main] INFO  f.i.s.r.p.s.c.CheckoutPatchedBuild - Serialize all data for the pair of builds 355060432, 358969422
23:59:19.606 [main] INFO  fr.inria.jtravis.JTravis - GitHub ratelimit: Limit: 5000 Remaining: 4464 Reset hour: 19:35:53
23:59:20.278 [main] INFO  f.i.s.r.p.i.ProjectInspector - ----------------------------------------------------------------------
23:59:20.279 [main] INFO  f.i.s.r.p.i.ProjectInspector - PIPELINE EXECUTION SUMMARY
23:59:20.279 [main] INFO  f.i.s.r.p.i.ProjectInspector - ----------------------------------------------------------------------
23:59:20.279 [main] INFO  f.i.s.r.p.i.ProjectInspector - CloneRepository.......................................SUCCESS [ 21 s ]
23:59:20.280 [main] INFO  f.i.s.r.p.i.ProjectInspector - CheckoutPatchedBuildCandidate.........................FAILURE [  3 s ]
23:59:20.280 [main] INFO  f.i.s.r.p.i.ProjectInspector - ComputeSourceDir......................................NOT RUN         
23:59:20.280 [main] INFO  f.i.s.r.p.i.ProjectInspector - ComputeTestDir........................................NOT RUN         
23:59:20.281 [main] INFO  f.i.s.r.p.i.ProjectInspector - CheckoutBuggyBuildCandidateSourceCode.................NOT RUN         
23:59:20.281 [main] INFO  f.i.s.r.p.i.ProjectInspector - BuildProjectBuggyBuildCandidateSourceCode.............NOT RUN         
23:59:20.281 [main] INFO  f.i.s.r.p.i.ProjectInspector - TestProjectBuggyBuildCandidateSourceCode..............NOT RUN         
23:59:20.282 [main] INFO  f.i.s.r.p.i.ProjectInspector - GatherTestInformationBuggyBuildCandidateSourceCode....NOT RUN         
23:59:20.282 [main] INFO  f.i.s.r.p.i.ProjectInspector - CheckoutBuggyBuildTestCode............................NOT RUN         
23:59:20.283 [main] INFO  f.i.s.r.p.i.ProjectInspector - InitRepoToPush........................................NOT RUN         
23:59:20.283 [main] INFO  f.i.s.r.p.i.ProjectInspector - ComputeClasspath......................................NOT RUN         
23:59:20.283 [main] INFO  f.i.s.r.p.i.ProjectInspector - ComputeModules........................................NOT RUN         
23:59:20.283 [main] INFO  f.i.s.r.p.i.ProjectInspector - CheckoutBuggyBuildCandidateSourceCode.................NOT RUN         
23:59:20.284 [main] INFO  f.i.s.r.p.i.ProjectInspector - CommitChangedTests....................................NOT RUN         
23:59:20.284 [main] INFO  f.i.s.r.p.i.ProjectInspector - CheckoutPatchedBuildCandidate.........................NOT RUN         
23:59:20.284 [main] INFO  f.i.s.r.p.i.ProjectInspector - BuildProjectPatchedBuildCandidate.....................NOT RUN         
23:59:20.284 [main] INFO  f.i.s.r.p.i.ProjectInspector - TestProjectPatchedBuildCandidate......................NOT RUN         
23:59:20.285 [main] INFO  f.i.s.r.p.i.ProjectInspector - GatherTestInformationPatchedBuildCandidate............NOT RUN         
23:59:20.285 [main] INFO  f.i.s.r.p.i.ProjectInspector - CommitPatch...........................................NOT RUN         
23:59:20.285 [main] INFO  f.i.s.r.p.i.ProjectInspector - WritePropertyFile.....................................NOT RUN         
23:59:20.285 [main] INFO  f.i.s.r.p.i.ProjectInspector - CommitProcessEnd......................................NOT RUN         
23:59:20.286 [main] INFO  f.i.s.r.p.i.ProjectInspector - PushProcessEnd........................................NOT RUN         
23:59:20.286 [main] INFO  f.i.s.r.p.i.ProjectInspector - ----------------------------------------------------------------------
23:59:20.286 [main] INFO  f.i.s.r.p.i.ProjectInspector - PIPELINE FINDING: BUILDNOTCHECKEDOUT
23:59:20.287 [main] INFO  f.i.s.r.p.i.ProjectInspector - ----------------------------------------------------------------------
23:59:20.287 [main] INFO  f.i.s.repairnator.pipeline.Launcher - Inspector is finished. The process will exit now.
