18:48:22.096 [main] INFO  f.i.s.repairnator.pipeline.Launcher - PIPELINE VERSION: 3.0-2018-08-09 19:04
18:48:22.246 [main] INFO  f.i.s.repairnator.pipeline.Launcher - The pipeline will try to reproduce a bug from build 356618376 and its corresponding patch from build 357502266
18:48:22.247 [main] INFO  f.i.s.repairnator.pipeline.Launcher - Initialize file serializer engines.
18:48:22.248 [main] INFO  f.i.s.repairnator.pipeline.Launcher - MongoDB won't be used for serialization.
18:48:22.249 [main] INFO  f.i.s.repairnator.pipeline.Launcher - The email notifier engine won't be used.
18:48:22.252 [main] INFO  f.i.s.repairnator.pipeline.Launcher - Start by getting the build (buildId: 356618376) with the following config: RepairnatorConfig{runId='2461c511-4012-473b-8e60-28377c2cdad5_03-18-week4-PASSING_AND_PASSING', launcherMode=BEARS, serializeJson=true, inputPath='null', outputPath='/var/log', mongodbHost='null', mongodbName='repairnator', smtpServer='null', notifyTo=[], notifyEndProcess=false, push=true, pushRemoteRepo='https://github.com/fermadeiral/bears-collection-pp', fork=false, lookFromDate=null, lookToDate=null, buildId=356618376, z3solverPath='./z3_for_linux', workspacePath='./workspace', githubToken='c8a341a903[...]', dockerImageName='null', skipDelete=false, createOutputDir=false, logDirectory='null', nbThreads=0, globalTimeout=0, whiteList=null, blackList=null, jobSleepTime=0, buildSleepTime=0, maxInspectedBuilds=0, duration=null, humanPatch=false, repository='null', clean=true, bearsMode=BOTH, bearsDelimiter = false, repairTools=NopolAllTests,NPEFix,AssertFixer,AstorJGenProg,AstorJKali,NopolSingleTest,AstorJMut,NopolTestExclusionStrategy, githubUserName= fermadeiral, githubUserEmail=fer.madeiral@gmail.com}
18:48:23.501 [main] DEBUG fr.inria.jtravis.helpers.BuildHelper - Get request to :https://api.travis-ci.org/build/356618376 done after 741 ms
18:48:23.719 [main] DEBUG fr.inria.jtravis.helpers.BuildHelper - Get request to :https://api.travis-ci.org/build/357502266 done after 128 ms
18:48:23.732 [main] INFO  f.i.s.repairnator.pipeline.Launcher - The patched build (357502266) was successfully retrieved from Travis.
18:48:24.810 [main] INFO  fr.inria.jtravis.JTravis - GitHub ratelimit: Limit: 5000 Remaining: 4498 Reset hour: 19:35:36
18:48:25.079 [main] INFO  f.i.s.r.p.i.ProjectInspector - ----------------------------------------------------------------------
18:48:25.079 [main] INFO  f.i.s.r.p.i.ProjectInspector - PIPELINE STEPS
18:48:25.079 [main] INFO  f.i.s.r.p.i.ProjectInspector - ----------------------------------------------------------------------
18:48:25.079 [main] INFO  f.i.s.r.p.i.ProjectInspector - CloneRepository
18:48:25.079 [main] INFO  f.i.s.r.p.i.ProjectInspector - CheckoutPatchedBuildCandidate
18:48:25.080 [main] INFO  f.i.s.r.p.i.ProjectInspector - ComputeSourceDir
18:48:25.080 [main] INFO  f.i.s.r.p.i.ProjectInspector - ComputeTestDir
18:48:25.080 [main] INFO  f.i.s.r.p.i.ProjectInspector - CheckoutBuggyBuildCandidateSourceCode
18:48:25.080 [main] INFO  f.i.s.r.p.i.ProjectInspector - BuildProjectBuggyBuildCandidateSourceCode
18:48:25.080 [main] INFO  f.i.s.r.p.i.ProjectInspector - TestProjectBuggyBuildCandidateSourceCode
18:48:25.080 [main] INFO  f.i.s.r.p.i.ProjectInspector - GatherTestInformationBuggyBuildCandidateSourceCode
18:48:25.081 [main] INFO  f.i.s.r.p.i.ProjectInspector - CheckoutBuggyBuildTestCode
18:48:25.081 [main] INFO  f.i.s.r.p.i.ProjectInspector - InitRepoToPush
18:48:25.081 [main] INFO  f.i.s.r.p.i.ProjectInspector - ComputeClasspath
18:48:25.081 [main] INFO  f.i.s.r.p.i.ProjectInspector - ComputeModules
18:48:25.081 [main] INFO  f.i.s.r.p.i.ProjectInspector - CheckoutBuggyBuildCandidateSourceCode
18:48:25.081 [main] INFO  f.i.s.r.p.i.ProjectInspector - CommitChangedTests
18:48:25.081 [main] INFO  f.i.s.r.p.i.ProjectInspector - CheckoutPatchedBuildCandidate
18:48:25.082 [main] INFO  f.i.s.r.p.i.ProjectInspector - BuildProjectPatchedBuildCandidate
18:48:25.082 [main] INFO  f.i.s.r.p.i.ProjectInspector - TestProjectPatchedBuildCandidate
18:48:25.082 [main] INFO  f.i.s.r.p.i.ProjectInspector - GatherTestInformationPatchedBuildCandidate
18:48:25.082 [main] INFO  f.i.s.r.p.i.ProjectInspector - CommitPatch
18:48:25.082 [main] INFO  f.i.s.r.p.i.ProjectInspector - WritePropertyFile
18:48:25.083 [main] INFO  f.i.s.r.p.i.ProjectInspector - CommitProcessEnd
18:48:25.083 [main] INFO  f.i.s.r.p.i.ProjectInspector - PushProcessEnd
18:48:25.083 [main] DEBUG f.i.s.r.process.step.CloneRepository - ----------------------------------------------------------------------
18:48:25.083 [main] DEBUG f.i.s.r.process.step.CloneRepository - STEP 1/22: CloneRepository
18:48:25.083 [main] DEBUG f.i.s.r.process.step.CloneRepository - ----------------------------------------------------------------------
18:48:25.084 [main] DEBUG f.i.s.r.process.step.CloneRepository - Cloning repository runelite/runelite in the following directory: ./workspace/runelite/runelite/356618376
18:48:37.099 [main] DEBUG f.i.s.r.process.step.CloneRepository - STEP STATUS: [ CloneRepository : SUCCESS ]
18:48:37.099 [main] DEBUG f.i.s.r.process.step.CloneRepository - STEP DURATION: 12s
18:48:37.100 [main] DEBUG f.i.s.r.process.step.CloneRepository - EXECUTE NEXT STEP
18:48:37.100 [main] DEBUG f.i.s.r.p.s.c.CheckoutPatchedBuild - ----------------------------------------------------------------------
18:48:37.100 [main] DEBUG f.i.s.r.p.s.c.CheckoutPatchedBuild - STEP 2/22: CheckoutPatchedBuildCandidate
18:48:37.100 [main] DEBUG f.i.s.r.p.s.c.CheckoutPatchedBuild - ----------------------------------------------------------------------
18:48:37.101 [main] DEBUG f.i.s.r.p.s.c.CheckoutPatchedBuild - Checking out patched build candidate...
18:48:37.436 [main] INFO  fr.inria.jtravis.JTravis - GitHub ratelimit: Limit: 5000 Remaining: 4489 Reset hour: 19:35:36
18:48:39.299 [main] DEBUG f.i.s.r.p.s.c.CheckoutPatchedBuild - Reproduce the PR for runelite/runelite by fetching remote branch and merging.
18:48:51.669 [main] DEBUG f.i.s.r.process.git.GitHelper - Step CheckoutPatchedBuildCandidate - Get the commit 1fbd19f3d9f938106ce094bf71b0981f65b48f18 for repo runelite/runelite
18:48:53.597 [main] DEBUG f.i.s.r.process.git.GitHelper - Step CheckoutPatchedBuildCandidate - Do the merge with the PR commit for repo runelite/runelite
18:48:54.473 [main] INFO  f.i.s.r.process.git.GitHelper - Init git submodules.
18:48:54.591 [main] DEBUG f.i.s.r.p.s.c.CheckoutPatchedBuild - STEP STATUS: [ CheckoutPatchedBuildCandidate : SUCCESS ]
18:48:54.592 [main] DEBUG f.i.s.r.p.s.c.CheckoutPatchedBuild - STEP DURATION: 17s
18:48:54.593 [main] DEBUG f.i.s.r.p.s.c.CheckoutPatchedBuild - EXECUTE NEXT STEP
18:48:54.594 [main] DEBUG f.i.s.r.p.s.paths.ComputeSourceDir - ----------------------------------------------------------------------
18:48:54.594 [main] DEBUG f.i.s.r.p.s.paths.ComputeSourceDir - STEP 3/22: ComputeSourceDir
18:48:54.595 [main] DEBUG f.i.s.r.p.s.paths.ComputeSourceDir - ----------------------------------------------------------------------
18:48:54.597 [main] DEBUG f.i.s.r.p.s.paths.ComputeSourceDir - Computing the source directory ...
18:48:54.599 [main] DEBUG f.i.s.r.p.s.paths.ComputeSourceDir - The default source directory (/root/workspace/runelite/runelite/356618376/src/main/java) does not exist. Try to read pom.xml to get information.
18:48:54.826 [main] DEBUG f.i.s.r.p.s.paths.ComputeSourceDir - The source directory given in pom.xml (/root/workspace/runelite/runelite/356618376/src/main/java) does not exist. Continue to try to get source dir from all modules.
18:48:54.952 [main] DEBUG f.i.s.r.p.s.paths.ComputeSourceDir - The default source directory (/root/workspace/runelite/runelite/356618376/runelite-scripts/src/main/java) does not exist. Try to read pom.xml to get information.
18:48:54.959 [main] DEBUG f.i.s.r.p.s.paths.ComputeSourceDir - The source directory given in pom.xml (/root/workspace/runelite/runelite/356618376/runelite-scripts/src/main/java) does not exist. Continue to try to get source dir from all modules.
18:48:54.960 [main] ERROR f.i.s.r.p.s.paths.ComputeSourceDir - The source directory is not at default location or specified in build section from pom.xml, and no parent can be found.
18:48:54.974 [main] DEBUG f.i.s.r.p.s.paths.ComputeSourceDir - The default source directory (/root/workspace/runelite/runelite/356618376/runescape-client-injector/src/main/java) does not exist. Try to read pom.xml to get information.
18:48:54.982 [main] DEBUG f.i.s.r.p.s.paths.ComputeSourceDir - The source directory given in pom.xml (/root/workspace/runelite/runelite/356618376/runescape-client-injector/src/main/java) does not exist. Continue to try to get source dir from all modules.
18:48:54.982 [main] ERROR f.i.s.r.p.s.paths.ComputeSourceDir - The source directory is not at default location or specified in build section from pom.xml, and no parent can be found.
18:48:55.018 [main] INFO  f.i.s.r.p.s.paths.ComputeSourceDir - 17 source dirs were found:
18:48:55.018 [main] INFO  f.i.s.r.p.s.paths.ComputeSourceDir - /root/workspace/runelite/runelite/356618376/cache-client/src/main/java
18:48:55.018 [main] INFO  f.i.s.r.p.s.paths.ComputeSourceDir - /root/workspace/runelite/runelite/356618376/cache-server/src/main/java
18:48:55.019 [main] INFO  f.i.s.r.p.s.paths.ComputeSourceDir - /root/workspace/runelite/runelite/356618376/cache-updater/src/main/java
18:48:55.019 [main] INFO  f.i.s.r.p.s.paths.ComputeSourceDir - /root/workspace/runelite/runelite/356618376/cache/src/main/java
18:48:55.019 [main] INFO  f.i.s.r.p.s.paths.ComputeSourceDir - /root/workspace/runelite/runelite/356618376/deobfuscator/src/main/java
18:48:55.021 [main] INFO  f.i.s.r.p.s.paths.ComputeSourceDir - /root/workspace/runelite/runelite/356618376/http-api/src/main/java
18:48:55.022 [main] INFO  f.i.s.r.p.s.paths.ComputeSourceDir - /root/workspace/runelite/runelite/356618376/http-service/src/main/java
18:48:55.022 [main] INFO  f.i.s.r.p.s.paths.ComputeSourceDir - /root/workspace/runelite/runelite/356618376/model-viewer/src/main/java
18:48:55.022 [main] INFO  f.i.s.r.p.s.paths.ComputeSourceDir - /root/workspace/runelite/runelite/356618376/protocol-api/src/main/java
18:48:55.023 [main] INFO  f.i.s.r.p.s.paths.ComputeSourceDir - /root/workspace/runelite/runelite/356618376/protocol/src/main/java
18:48:55.023 [main] INFO  f.i.s.r.p.s.paths.ComputeSourceDir - /root/workspace/runelite/runelite/356618376/runelite-api/src/main/java
18:48:55.023 [main] INFO  f.i.s.r.p.s.paths.ComputeSourceDir - /root/workspace/runelite/runelite/356618376/runelite-client/src/main/java
18:48:55.024 [main] INFO  f.i.s.r.p.s.paths.ComputeSourceDir - /root/workspace/runelite/runelite/356618376/runelite-mixins/src/main/java
18:48:55.024 [main] INFO  f.i.s.r.p.s.paths.ComputeSourceDir - /root/workspace/runelite/runelite/356618376/runelite-script-assembler-plugin/src/main/java
18:48:55.024 [main] INFO  f.i.s.r.p.s.paths.ComputeSourceDir - /root/workspace/runelite/runelite/356618376/runescape-api/src/main/java
18:48:55.024 [main] INFO  f.i.s.r.p.s.paths.ComputeSourceDir - /root/workspace/runelite/runelite/356618376/runescape-client-injector-plugin/src/main/java
18:48:55.025 [main] INFO  f.i.s.r.p.s.paths.ComputeSourceDir - /root/workspace/runelite/runelite/356618376/runescape-client/src/main/java
18:48:55.108 [main] DEBUG f.i.s.r.p.s.paths.ComputeSourceDir - Compute the line of code of the project
18:48:55.460 [main] DEBUG f.i.s.r.p.s.paths.ComputeSourceDir - Get result from cloc process...
18:48:55.462 [main] DEBUG f.i.s.r.p.s.paths.ComputeSourceDir - STEP STATUS: [ ComputeSourceDir : SUCCESS ]
18:48:55.463 [main] DEBUG f.i.s.r.p.s.paths.ComputeSourceDir - STEP DURATION: 0s
18:48:55.463 [main] DEBUG f.i.s.r.p.s.paths.ComputeSourceDir - EXECUTE NEXT STEP
18:48:55.464 [main] DEBUG f.i.s.r.p.step.paths.ComputeTestDir - ----------------------------------------------------------------------
18:48:55.464 [main] DEBUG f.i.s.r.p.step.paths.ComputeTestDir - STEP 4/22: ComputeTestDir
18:48:55.465 [main] DEBUG f.i.s.r.p.step.paths.ComputeTestDir - ----------------------------------------------------------------------
18:48:55.465 [main] DEBUG f.i.s.r.p.step.paths.ComputeTestDir - Computing the test directory ...
18:48:55.466 [main] DEBUG f.i.s.r.p.step.paths.ComputeTestDir - The default test directory (/root/workspace/runelite/runelite/356618376/src/test/java) does not exist. Try to read pom.xml to get information.
18:48:55.471 [main] DEBUG f.i.s.r.p.step.paths.ComputeTestDir - The test directory given in pom.xml (/root/workspace/runelite/runelite/356618376/src/test/java) does not exist. Continue to try to get test dir from all modules.
18:48:55.484 [main] DEBUG f.i.s.r.p.step.paths.ComputeTestDir - The default test directory (/root/workspace/runelite/runelite/356618376/cache-updater/src/test/java) does not exist. Try to read pom.xml to get information.
18:48:55.490 [main] DEBUG f.i.s.r.p.step.paths.ComputeTestDir - The test directory given in pom.xml (/root/workspace/runelite/runelite/356618376/cache-updater/src/test/java) does not exist. Continue to try to get test dir from all modules.
18:48:55.491 [main] ERROR f.i.s.r.p.step.paths.ComputeTestDir - The test directory is not at default location or specified in build section from pom.xml, and no parent can be found.
18:48:55.500 [main] DEBUG f.i.s.r.p.step.paths.ComputeTestDir - The default test directory (/root/workspace/runelite/runelite/356618376/model-viewer/src/test/java) does not exist. Try to read pom.xml to get information.
18:48:55.506 [main] DEBUG f.i.s.r.p.step.paths.ComputeTestDir - The test directory given in pom.xml (/root/workspace/runelite/runelite/356618376/model-viewer/src/test/java) does not exist. Continue to try to get test dir from all modules.
18:48:55.506 [main] ERROR f.i.s.r.p.step.paths.ComputeTestDir - The test directory is not at default location or specified in build section from pom.xml, and no parent can be found.
18:48:55.524 [main] DEBUG f.i.s.r.p.step.paths.ComputeTestDir - The default test directory (/root/workspace/runelite/runelite/356618376/runelite-mixins/src/test/java) does not exist. Try to read pom.xml to get information.
18:48:55.531 [main] DEBUG f.i.s.r.p.step.paths.ComputeTestDir - The test directory given in pom.xml (/root/workspace/runelite/runelite/356618376/runelite-mixins/src/test/java) does not exist. Continue to try to get test dir from all modules.
18:48:55.531 [main] ERROR f.i.s.r.p.step.paths.ComputeTestDir - The test directory is not at default location or specified in build section from pom.xml, and no parent can be found.
18:48:55.531 [main] DEBUG f.i.s.r.p.step.paths.ComputeTestDir - The default test directory (/root/workspace/runelite/runelite/356618376/runelite-script-assembler-plugin/src/test/java) does not exist. Try to read pom.xml to get information.
18:48:55.536 [main] DEBUG f.i.s.r.p.step.paths.ComputeTestDir - The test directory given in pom.xml (/root/workspace/runelite/runelite/356618376/runelite-script-assembler-plugin/src/test/java) does not exist. Continue to try to get test dir from all modules.
18:48:55.537 [main] ERROR f.i.s.r.p.step.paths.ComputeTestDir - The test directory is not at default location or specified in build section from pom.xml, and no parent can be found.
18:48:55.538 [main] DEBUG f.i.s.r.p.step.paths.ComputeTestDir - The default test directory (/root/workspace/runelite/runelite/356618376/runelite-scripts/src/test/java) does not exist. Try to read pom.xml to get information.
18:48:55.544 [main] DEBUG f.i.s.r.p.step.paths.ComputeTestDir - The test directory given in pom.xml (/root/workspace/runelite/runelite/356618376/runelite-scripts/src/test/java) does not exist. Continue to try to get test dir from all modules.
18:48:55.545 [main] ERROR f.i.s.r.p.step.paths.ComputeTestDir - The test directory is not at default location or specified in build section from pom.xml, and no parent can be found.
18:48:55.545 [main] DEBUG f.i.s.r.p.step.paths.ComputeTestDir - The default test directory (/root/workspace/runelite/runelite/356618376/runescape-api/src/test/java) does not exist. Try to read pom.xml to get information.
18:48:55.551 [main] DEBUG f.i.s.r.p.step.paths.ComputeTestDir - The test directory given in pom.xml (/root/workspace/runelite/runelite/356618376/runescape-api/src/test/java) does not exist. Continue to try to get test dir from all modules.
18:48:55.552 [main] ERROR f.i.s.r.p.step.paths.ComputeTestDir - The test directory is not at default location or specified in build section from pom.xml, and no parent can be found.
18:48:55.557 [main] DEBUG f.i.s.r.p.step.paths.ComputeTestDir - The default test directory (/root/workspace/runelite/runelite/356618376/runescape-client-injector/src/test/java) does not exist. Try to read pom.xml to get information.
18:48:55.562 [main] DEBUG f.i.s.r.p.step.paths.ComputeTestDir - The test directory given in pom.xml (/root/workspace/runelite/runelite/356618376/runescape-client-injector/src/test/java) does not exist. Continue to try to get test dir from all modules.
18:48:55.563 [main] ERROR f.i.s.r.p.step.paths.ComputeTestDir - The test directory is not at default location or specified in build section from pom.xml, and no parent can be found.
18:48:55.568 [main] DEBUG f.i.s.r.p.step.paths.ComputeTestDir - The default test directory (/root/workspace/runelite/runelite/356618376/http-api/src/test/java) does not exist. Try to read pom.xml to get information.
18:48:55.573 [main] DEBUG f.i.s.r.p.step.paths.ComputeTestDir - The test directory given in pom.xml (/root/workspace/runelite/runelite/356618376/http-api/src/test/java) does not exist. Continue to try to get test dir from all modules.
18:48:55.573 [main] ERROR f.i.s.r.p.step.paths.ComputeTestDir - The test directory is not at default location or specified in build section from pom.xml, and no parent can be found.
18:48:55.579 [main] DEBUG f.i.s.r.p.step.paths.ComputeTestDir - The default test directory (/root/workspace/runelite/runelite/356618376/protocol-api/src/test/java) does not exist. Try to read pom.xml to get information.
18:48:55.584 [main] DEBUG f.i.s.r.p.step.paths.ComputeTestDir - The test directory given in pom.xml (/root/workspace/runelite/runelite/356618376/protocol-api/src/test/java) does not exist. Continue to try to get test dir from all modules.
18:48:55.584 [main] ERROR f.i.s.r.p.step.paths.ComputeTestDir - The test directory is not at default location or specified in build section from pom.xml, and no parent can be found.
18:48:55.591 [main] INFO  f.i.s.r.p.step.paths.ComputeTestDir - 10 test dirs were found:
18:48:55.591 [main] INFO  f.i.s.r.p.step.paths.ComputeTestDir - /root/workspace/runelite/runelite/356618376/cache-client/src/test/java
18:48:55.592 [main] INFO  f.i.s.r.p.step.paths.ComputeTestDir - /root/workspace/runelite/runelite/356618376/cache-server/src/test/java
18:48:55.592 [main] INFO  f.i.s.r.p.step.paths.ComputeTestDir - /root/workspace/runelite/runelite/356618376/cache/src/test/java
18:48:55.592 [main] INFO  f.i.s.r.p.step.paths.ComputeTestDir - /root/workspace/runelite/runelite/356618376/deobfuscator/src/test/java
18:48:55.593 [main] INFO  f.i.s.r.p.step.paths.ComputeTestDir - /root/workspace/runelite/runelite/356618376/http-service/src/test/java
18:48:55.594 [main] INFO  f.i.s.r.p.step.paths.ComputeTestDir - /root/workspace/runelite/runelite/356618376/protocol/src/test/java
18:48:55.595 [main] INFO  f.i.s.r.p.step.paths.ComputeTestDir - /root/workspace/runelite/runelite/356618376/runelite-api/src/test/java
18:48:55.595 [main] INFO  f.i.s.r.p.step.paths.ComputeTestDir - /root/workspace/runelite/runelite/356618376/runelite-client/src/test/java
18:48:55.595 [main] INFO  f.i.s.r.p.step.paths.ComputeTestDir - /root/workspace/runelite/runelite/356618376/runescape-client-injector-plugin/src/test/java
18:48:55.596 [main] INFO  f.i.s.r.p.step.paths.ComputeTestDir - /root/workspace/runelite/runelite/356618376/runescape-client/src/test/java
18:48:55.607 [main] DEBUG f.i.s.r.p.step.paths.ComputeTestDir - STEP STATUS: [ ComputeTestDir : SUCCESS ]
18:48:55.608 [main] DEBUG f.i.s.r.p.step.paths.ComputeTestDir - STEP DURATION: 0s
18:48:55.608 [main] DEBUG f.i.s.r.p.step.paths.ComputeTestDir - EXECUTE NEXT STEP
18:48:55.608 [main] DEBUG f.i.s.r.p.s.c.CheckoutBuggyBuildSourceCode - ----------------------------------------------------------------------
18:48:55.609 [main] DEBUG f.i.s.r.p.s.c.CheckoutBuggyBuildSourceCode - STEP 5/22: CheckoutBuggyBuildCandidateSourceCode
18:48:55.609 [main] DEBUG f.i.s.r.p.s.c.CheckoutBuggyBuildSourceCode - ----------------------------------------------------------------------
18:48:55.609 [main] DEBUG f.i.s.r.p.s.c.CheckoutBuggyBuildSourceCode - Checking out the source code of the buggy build candidate...
18:48:55.952 [main] INFO  fr.inria.jtravis.JTravis - GitHub ratelimit: Limit: 5000 Remaining: 4473 Reset hour: 19:35:36
18:48:57.417 [main] DEBUG f.i.s.r.p.s.c.CheckoutBuggyBuildSourceCode - Reproduce the PR for runelite/runelite by fetching remote branch and merging.
18:48:57.883 [main] DEBUG f.i.s.r.process.git.GitHelper - Step CheckoutBuggyBuildCandidateSourceCode - Get the commit 1fbd19f3d9f938106ce094bf71b0981f65b48f18 for repo runelite/runelite
18:48:58.053 [main] DEBUG f.i.s.r.process.git.GitHelper - Step CheckoutBuggyBuildCandidateSourceCode - Do the merge with the PR commit for repo runelite/runelite
18:48:58.386 [main] INFO  f.i.s.r.process.git.GitHelper - Init git submodules.
18:48:58.593 [main] INFO  fr.inria.jtravis.JTravis - GitHub ratelimit: Limit: 5000 Remaining: 4462 Reset hour: 19:35:36
18:49:00.239 [main] DEBUG f.i.s.r.p.s.c.CheckoutBuggyBuildSourceCode - Reproduce the PR for runelite/runelite by fetching remote branch and merging.
18:49:00.732 [main] ERROR f.i.s.r.p.s.c.CheckoutBuggyBuildSourceCode - Error while testing commit: org.eclipse.jgit.errors.MissingObjectException: Missing unknown 86f23d83cb31a588e4c9d3673c47f17441017818
18:49:00.733 [main] ERROR f.i.s.r.p.s.c.CheckoutBuggyBuildSourceCode - Commit head ref cannot be retrieved from the repository: 86f23d83cb31a588e4c9d3673c47f17441017818. Operation aborted.
18:49:00.734 [main] ERROR f.i.s.r.p.s.c.CheckoutBuggyBuildSourceCode - Error while merging two commits to reproduce the PR.
18:49:00.735 [main] DEBUG f.i.s.r.p.s.c.CheckoutBuggyBuildSourceCode - STEP STATUS: [ CheckoutBuggyBuildCandidateSourceCode : FAILURE ( BUILDNOTCHECKEDOUT ) ]
18:49:00.735 [main] DEBUG f.i.s.r.p.s.c.CheckoutBuggyBuildSourceCode - STEP DURATION: 5s
18:49:00.735 [main] DEBUG f.i.s.r.p.s.c.CheckoutBuggyBuildSourceCode - TERMINATE PIPELINE
18:49:00.735 [main] DEBUG f.i.s.r.p.s.c.CheckoutBuggyBuildSourceCode - FINAL STEPS SKIPPED: The reproduction of the bug and/or the patch failed.
18:49:00.735 [main] INFO  f.i.s.r.p.s.c.CheckoutBuggyBuildSourceCode - Serialize all data for the pair of builds 356618376, 357502266
18:49:00.864 [main] INFO  fr.inria.jtravis.JTravis - GitHub ratelimit: Limit: 5000 Remaining: 4455 Reset hour: 19:35:36
18:49:01.574 [main] INFO  f.i.s.r.p.i.ProjectInspector - ----------------------------------------------------------------------
18:49:01.574 [main] INFO  f.i.s.r.p.i.ProjectInspector - PIPELINE EXECUTION SUMMARY
18:49:01.574 [main] INFO  f.i.s.r.p.i.ProjectInspector - ----------------------------------------------------------------------
18:49:01.574 [main] INFO  f.i.s.r.p.i.ProjectInspector - CloneRepository.......................................SUCCESS [ 12 s ]
18:49:01.575 [main] INFO  f.i.s.r.p.i.ProjectInspector - CheckoutPatchedBuildCandidate.........................SUCCESS [ 17 s ]
18:49:01.575 [main] INFO  f.i.s.r.p.i.ProjectInspector - ComputeSourceDir......................................SUCCESS [  0 s ]
18:49:01.575 [main] INFO  f.i.s.r.p.i.ProjectInspector - ComputeTestDir........................................SUCCESS [  0 s ]
18:49:01.575 [main] INFO  f.i.s.r.p.i.ProjectInspector - CheckoutBuggyBuildCandidateSourceCode.................FAILURE [  5 s ]
18:49:01.575 [main] INFO  f.i.s.r.p.i.ProjectInspector - BuildProjectBuggyBuildCandidateSourceCode.............NOT RUN         
18:49:01.575 [main] INFO  f.i.s.r.p.i.ProjectInspector - TestProjectBuggyBuildCandidateSourceCode..............NOT RUN         
18:49:01.575 [main] INFO  f.i.s.r.p.i.ProjectInspector - GatherTestInformationBuggyBuildCandidateSourceCode....NOT RUN         
18:49:01.575 [main] INFO  f.i.s.r.p.i.ProjectInspector - CheckoutBuggyBuildTestCode............................NOT RUN         
18:49:01.575 [main] INFO  f.i.s.r.p.i.ProjectInspector - InitRepoToPush........................................NOT RUN         
18:49:01.575 [main] INFO  f.i.s.r.p.i.ProjectInspector - ComputeClasspath......................................NOT RUN         
18:49:01.576 [main] INFO  f.i.s.r.p.i.ProjectInspector - ComputeModules........................................NOT RUN         
18:49:01.576 [main] INFO  f.i.s.r.p.i.ProjectInspector - CheckoutBuggyBuildCandidateSourceCode.................NOT RUN         
18:49:01.576 [main] INFO  f.i.s.r.p.i.ProjectInspector - CommitChangedTests....................................NOT RUN         
18:49:01.576 [main] INFO  f.i.s.r.p.i.ProjectInspector - CheckoutPatchedBuildCandidate.........................NOT RUN         
18:49:01.576 [main] INFO  f.i.s.r.p.i.ProjectInspector - BuildProjectPatchedBuildCandidate.....................NOT RUN         
18:49:01.576 [main] INFO  f.i.s.r.p.i.ProjectInspector - TestProjectPatchedBuildCandidate......................NOT RUN         
18:49:01.576 [main] INFO  f.i.s.r.p.i.ProjectInspector - GatherTestInformationPatchedBuildCandidate............NOT RUN         
18:49:01.576 [main] INFO  f.i.s.r.p.i.ProjectInspector - CommitPatch...........................................NOT RUN         
18:49:01.576 [main] INFO  f.i.s.r.p.i.ProjectInspector - WritePropertyFile.....................................NOT RUN         
18:49:01.576 [main] INFO  f.i.s.r.p.i.ProjectInspector - CommitProcessEnd......................................NOT RUN         
18:49:01.576 [main] INFO  f.i.s.r.p.i.ProjectInspector - PushProcessEnd........................................NOT RUN         
18:49:01.576 [main] INFO  f.i.s.r.p.i.ProjectInspector - ----------------------------------------------------------------------
18:49:01.576 [main] INFO  f.i.s.r.p.i.ProjectInspector - PIPELINE FINDING: BUILDNOTCHECKEDOUT
18:49:01.576 [main] INFO  f.i.s.r.p.i.ProjectInspector - ----------------------------------------------------------------------
18:49:01.577 [main] INFO  f.i.s.repairnator.pipeline.Launcher - Inspector is finished. The process will exit now.
