14:23:45.806 [main] INFO  f.i.s.repairnator.pipeline.Launcher - PIPELINE VERSION: 3.0-2018-08-09 19:04
14:23:45.923 [main] INFO  f.i.s.repairnator.pipeline.Launcher - The pipeline will try to reproduce a bug from build 355694508 and its corresponding patch from build 357654808
14:23:45.924 [main] INFO  f.i.s.repairnator.pipeline.Launcher - Initialize file serializer engines.
14:23:45.925 [main] INFO  f.i.s.repairnator.pipeline.Launcher - MongoDB won't be used for serialization.
14:23:45.925 [main] INFO  f.i.s.repairnator.pipeline.Launcher - The email notifier engine won't be used.
14:23:45.928 [main] INFO  f.i.s.repairnator.pipeline.Launcher - Start by getting the build (buildId: 355694508) with the following config: RepairnatorConfig{runId='2461c511-4012-473b-8e60-28377c2cdad5_03-18-week4-PASSING_AND_PASSING', launcherMode=BEARS, serializeJson=true, inputPath='null', outputPath='/var/log', mongodbHost='null', mongodbName='repairnator', smtpServer='null', notifyTo=[], notifyEndProcess=false, push=true, pushRemoteRepo='https://github.com/fermadeiral/bears-collection-pp', fork=false, lookFromDate=null, lookToDate=null, buildId=355694508, z3solverPath='./z3_for_linux', workspacePath='./workspace', githubToken='c8a341a903[...]', dockerImageName='null', skipDelete=false, createOutputDir=false, logDirectory='null', nbThreads=0, globalTimeout=0, whiteList=null, blackList=null, jobSleepTime=0, buildSleepTime=0, maxInspectedBuilds=0, duration=null, humanPatch=false, repository='null', clean=true, bearsMode=BOTH, bearsDelimiter = false, repairTools=NopolAllTests,NPEFix,AssertFixer,AstorJGenProg,AstorJKali,NopolSingleTest,AstorJMut,NopolTestExclusionStrategy, githubUserName= fermadeiral, githubUserEmail=fer.madeiral@gmail.com}
14:23:47.336 [main] DEBUG fr.inria.jtravis.helpers.BuildHelper - Get request to :https://api.travis-ci.org/build/355694508 done after 815 ms
14:23:47.602 [main] DEBUG fr.inria.jtravis.helpers.BuildHelper - Get request to :https://api.travis-ci.org/build/357654808 done after 146 ms
14:23:47.615 [main] INFO  f.i.s.repairnator.pipeline.Launcher - The patched build (357654808) was successfully retrieved from Travis.
14:23:48.685 [main] INFO  fr.inria.jtravis.JTravis - GitHub ratelimit: Limit: 5000 Remaining: 4838 Reset hour: 19:35:20
14:23:49.003 [main] INFO  f.i.s.r.p.i.ProjectInspector - ----------------------------------------------------------------------
14:23:49.004 [main] INFO  f.i.s.r.p.i.ProjectInspector - PIPELINE STEPS
14:23:49.004 [main] INFO  f.i.s.r.p.i.ProjectInspector - ----------------------------------------------------------------------
14:23:49.005 [main] INFO  f.i.s.r.p.i.ProjectInspector - CloneRepository
14:23:49.005 [main] INFO  f.i.s.r.p.i.ProjectInspector - CheckoutPatchedBuildCandidate
14:23:49.005 [main] INFO  f.i.s.r.p.i.ProjectInspector - ComputeSourceDir
14:23:49.005 [main] INFO  f.i.s.r.p.i.ProjectInspector - ComputeTestDir
14:23:49.006 [main] INFO  f.i.s.r.p.i.ProjectInspector - CheckoutBuggyBuildCandidateSourceCode
14:23:49.006 [main] INFO  f.i.s.r.p.i.ProjectInspector - BuildProjectBuggyBuildCandidateSourceCode
14:23:49.006 [main] INFO  f.i.s.r.p.i.ProjectInspector - TestProjectBuggyBuildCandidateSourceCode
14:23:49.007 [main] INFO  f.i.s.r.p.i.ProjectInspector - GatherTestInformationBuggyBuildCandidateSourceCode
14:23:49.007 [main] INFO  f.i.s.r.p.i.ProjectInspector - CheckoutBuggyBuildTestCode
14:23:49.007 [main] INFO  f.i.s.r.p.i.ProjectInspector - InitRepoToPush
14:23:49.008 [main] INFO  f.i.s.r.p.i.ProjectInspector - ComputeClasspath
14:23:49.008 [main] INFO  f.i.s.r.p.i.ProjectInspector - ComputeModules
14:23:49.008 [main] INFO  f.i.s.r.p.i.ProjectInspector - CheckoutBuggyBuildCandidateSourceCode
14:23:49.009 [main] INFO  f.i.s.r.p.i.ProjectInspector - CommitChangedTests
14:23:49.009 [main] INFO  f.i.s.r.p.i.ProjectInspector - CheckoutPatchedBuildCandidate
14:23:49.009 [main] INFO  f.i.s.r.p.i.ProjectInspector - BuildProjectPatchedBuildCandidate
14:23:49.009 [main] INFO  f.i.s.r.p.i.ProjectInspector - TestProjectPatchedBuildCandidate
14:23:49.010 [main] INFO  f.i.s.r.p.i.ProjectInspector - GatherTestInformationPatchedBuildCandidate
14:23:49.010 [main] INFO  f.i.s.r.p.i.ProjectInspector - CommitPatch
14:23:49.010 [main] INFO  f.i.s.r.p.i.ProjectInspector - WritePropertyFile
14:23:49.011 [main] INFO  f.i.s.r.p.i.ProjectInspector - CommitProcessEnd
14:23:49.011 [main] INFO  f.i.s.r.p.i.ProjectInspector - PushProcessEnd
14:23:49.011 [main] DEBUG f.i.s.r.process.step.CloneRepository - ----------------------------------------------------------------------
14:23:49.012 [main] DEBUG f.i.s.r.process.step.CloneRepository - STEP 1/22: CloneRepository
14:23:49.012 [main] DEBUG f.i.s.r.process.step.CloneRepository - ----------------------------------------------------------------------
14:23:49.013 [main] DEBUG f.i.s.r.process.step.CloneRepository - Cloning repository prestodb/presto in the following directory: ./workspace/prestodb/presto/355694508
14:24:31.911 [main] DEBUG f.i.s.r.process.step.CloneRepository - STEP STATUS: [ CloneRepository : SUCCESS ]
14:24:31.911 [main] DEBUG f.i.s.r.process.step.CloneRepository - STEP DURATION: 42s
14:24:31.912 [main] DEBUG f.i.s.r.process.step.CloneRepository - EXECUTE NEXT STEP
14:24:31.912 [main] DEBUG f.i.s.r.p.s.c.CheckoutPatchedBuild - ----------------------------------------------------------------------
14:24:31.912 [main] DEBUG f.i.s.r.p.s.c.CheckoutPatchedBuild - STEP 2/22: CheckoutPatchedBuildCandidate
14:24:31.912 [main] DEBUG f.i.s.r.p.s.c.CheckoutPatchedBuild - ----------------------------------------------------------------------
14:24:31.912 [main] DEBUG f.i.s.r.p.s.c.CheckoutPatchedBuild - Checking out patched build candidate...
14:24:32.240 [main] INFO  fr.inria.jtravis.JTravis - GitHub ratelimit: Limit: 5000 Remaining: 4833 Reset hour: 19:35:20
14:24:34.642 [main] DEBUG f.i.s.r.p.s.c.CheckoutPatchedBuild - Reproduce the PR for prestodb/presto by fetching remote branch and merging.
14:24:37.387 [main] ERROR f.i.s.r.p.s.c.CheckoutPatchedBuild - Error while testing commit: org.eclipse.jgit.errors.MissingObjectException: Missing unknown ed0b9784b60856914087292fdf5fd278254adcb3
14:24:37.389 [main] ERROR f.i.s.r.p.s.c.CheckoutPatchedBuild - Commit head ref cannot be retrieved from the repository: ed0b9784b60856914087292fdf5fd278254adcb3. Operation aborted.
14:24:37.389 [main] ERROR f.i.s.r.p.s.c.CheckoutPatchedBuild - Error while merging two commits to reproduce the PR.
14:24:37.390 [main] DEBUG f.i.s.r.p.s.c.CheckoutPatchedBuild - STEP STATUS: [ CheckoutPatchedBuildCandidate : FAILURE ( BUILDNOTCHECKEDOUT ) ]
14:24:37.390 [main] DEBUG f.i.s.r.p.s.c.CheckoutPatchedBuild - STEP DURATION: 5s
14:24:37.391 [main] DEBUG f.i.s.r.p.s.c.CheckoutPatchedBuild - TERMINATE PIPELINE
14:24:37.391 [main] DEBUG f.i.s.r.p.s.c.CheckoutPatchedBuild - FINAL STEPS SKIPPED: The reproduction of the bug and/or the patch failed.
14:24:37.392 [main] INFO  f.i.s.r.p.s.c.CheckoutPatchedBuild - Serialize all data for the pair of builds 355694508, 357654808
14:24:37.512 [main] INFO  fr.inria.jtravis.JTravis - GitHub ratelimit: Limit: 5000 Remaining: 4826 Reset hour: 19:35:20
14:24:38.659 [main] INFO  f.i.s.r.p.i.ProjectInspector - ----------------------------------------------------------------------
14:24:38.659 [main] INFO  f.i.s.r.p.i.ProjectInspector - PIPELINE EXECUTION SUMMARY
14:24:38.659 [main] INFO  f.i.s.r.p.i.ProjectInspector - ----------------------------------------------------------------------
14:24:38.660 [main] INFO  f.i.s.r.p.i.ProjectInspector - CloneRepository.......................................SUCCESS [ 42 s ]
14:24:38.660 [main] INFO  f.i.s.r.p.i.ProjectInspector - CheckoutPatchedBuildCandidate.........................FAILURE [  5 s ]
14:24:38.660 [main] INFO  f.i.s.r.p.i.ProjectInspector - ComputeSourceDir......................................NOT RUN         
14:24:38.660 [main] INFO  f.i.s.r.p.i.ProjectInspector - ComputeTestDir........................................NOT RUN         
14:24:38.661 [main] INFO  f.i.s.r.p.i.ProjectInspector - CheckoutBuggyBuildCandidateSourceCode.................NOT RUN         
14:24:38.661 [main] INFO  f.i.s.r.p.i.ProjectInspector - BuildProjectBuggyBuildCandidateSourceCode.............NOT RUN         
14:24:38.661 [main] INFO  f.i.s.r.p.i.ProjectInspector - TestProjectBuggyBuildCandidateSourceCode..............NOT RUN         
14:24:38.661 [main] INFO  f.i.s.r.p.i.ProjectInspector - GatherTestInformationBuggyBuildCandidateSourceCode....NOT RUN         
14:24:38.661 [main] INFO  f.i.s.r.p.i.ProjectInspector - CheckoutBuggyBuildTestCode............................NOT RUN         
14:24:38.661 [main] INFO  f.i.s.r.p.i.ProjectInspector - InitRepoToPush........................................NOT RUN         
14:24:38.662 [main] INFO  f.i.s.r.p.i.ProjectInspector - ComputeClasspath......................................NOT RUN         
14:24:38.662 [main] INFO  f.i.s.r.p.i.ProjectInspector - ComputeModules........................................NOT RUN         
14:24:38.662 [main] INFO  f.i.s.r.p.i.ProjectInspector - CheckoutBuggyBuildCandidateSourceCode.................NOT RUN         
14:24:38.662 [main] INFO  f.i.s.r.p.i.ProjectInspector - CommitChangedTests....................................NOT RUN         
14:24:38.662 [main] INFO  f.i.s.r.p.i.ProjectInspector - CheckoutPatchedBuildCandidate.........................NOT RUN         
14:24:38.662 [main] INFO  f.i.s.r.p.i.ProjectInspector - BuildProjectPatchedBuildCandidate.....................NOT RUN         
14:24:38.663 [main] INFO  f.i.s.r.p.i.ProjectInspector - TestProjectPatchedBuildCandidate......................NOT RUN         
14:24:38.663 [main] INFO  f.i.s.r.p.i.ProjectInspector - GatherTestInformationPatchedBuildCandidate............NOT RUN         
14:24:38.663 [main] INFO  f.i.s.r.p.i.ProjectInspector - CommitPatch...........................................NOT RUN         
14:24:38.663 [main] INFO  f.i.s.r.p.i.ProjectInspector - WritePropertyFile.....................................NOT RUN         
14:24:38.663 [main] INFO  f.i.s.r.p.i.ProjectInspector - CommitProcessEnd......................................NOT RUN         
14:24:38.663 [main] INFO  f.i.s.r.p.i.ProjectInspector - PushProcessEnd........................................NOT RUN         
14:24:38.664 [main] INFO  f.i.s.r.p.i.ProjectInspector - ----------------------------------------------------------------------
14:24:38.664 [main] INFO  f.i.s.r.p.i.ProjectInspector - PIPELINE FINDING: BUILDNOTCHECKEDOUT
14:24:38.665 [main] INFO  f.i.s.r.p.i.ProjectInspector - ----------------------------------------------------------------------
14:24:38.665 [main] INFO  f.i.s.repairnator.pipeline.Launcher - Inspector is finished. The process will exit now.
