20:48:06.957 [main] INFO  f.i.s.repairnator.pipeline.Launcher - PIPELINE VERSION: 3.0-2018-08-09 19:04
20:48:07.166 [main] INFO  f.i.s.repairnator.pipeline.Launcher - The pipeline will try to reproduce a bug from build 348656338 and its corresponding patch from build 348661766
20:48:07.167 [main] INFO  f.i.s.repairnator.pipeline.Launcher - Initialize file serializer engines.
20:48:07.170 [main] INFO  f.i.s.repairnator.pipeline.Launcher - MongoDB won't be used for serialization.
20:48:07.170 [main] INFO  f.i.s.repairnator.pipeline.Launcher - The email notifier engine won't be used.
20:48:07.174 [main] INFO  f.i.s.repairnator.pipeline.Launcher - Start by getting the build (buildId: 348656338) with the following config: RepairnatorConfig{runId='48c73b9c-1328-499c-ba34-dd1c2d05cb62_03-18-week1-FAILING_AND_PASSING', launcherMode=BEARS, serializeJson=true, inputPath='null', outputPath='/var/log', mongodbHost='null', mongodbName='repairnator', smtpServer='null', notifyTo=[], notifyEndProcess=false, push=true, pushRemoteRepo='https://github.com/fermadeiral/bears-collection-fp', fork=false, lookFromDate=null, lookToDate=null, buildId=348656338, z3solverPath='./z3_for_linux', workspacePath='./workspace', githubToken='c8a341a903[...]', dockerImageName='null', skipDelete=false, createOutputDir=false, logDirectory='null', nbThreads=0, globalTimeout=0, whiteList=null, blackList=null, jobSleepTime=0, buildSleepTime=0, maxInspectedBuilds=0, duration=null, humanPatch=false, repository='null', clean=true, bearsMode=BOTH, bearsDelimiter = false, repairTools=NopolAllTests,NPEFix,AssertFixer,AstorJGenProg,AstorJKali,NopolSingleTest,AstorJMut,NopolTestExclusionStrategy, githubUserName= fermadeiral, githubUserEmail=fer.madeiral@gmail.com}
20:48:08.704 [main] DEBUG fr.inria.jtravis.helpers.BuildHelper - Get request to :https://api.travis-ci.org/build/348656338 done after 869 ms
20:48:08.948 [main] DEBUG fr.inria.jtravis.helpers.BuildHelper - Get request to :https://api.travis-ci.org/build/348661766 done after 131 ms
20:48:08.970 [main] INFO  f.i.s.repairnator.pipeline.Launcher - The patched build (348661766) was successfully retrieved from Travis.
20:48:10.179 [main] INFO  fr.inria.jtravis.JTravis - GitHub ratelimit: Limit: 5000 Remaining: 4975 Reset hour: 19:28:32
20:48:10.473 [main] INFO  f.i.s.r.p.i.ProjectInspector - ----------------------------------------------------------------------
20:48:10.474 [main] INFO  f.i.s.r.p.i.ProjectInspector - PIPELINE STEPS
20:48:10.474 [main] INFO  f.i.s.r.p.i.ProjectInspector - ----------------------------------------------------------------------
20:48:10.474 [main] INFO  f.i.s.r.p.i.ProjectInspector - CloneRepository
20:48:10.474 [main] INFO  f.i.s.r.p.i.ProjectInspector - CheckoutBuggyBuildCandidate
20:48:10.475 [main] INFO  f.i.s.r.p.i.ProjectInspector - ComputeSourceDir
20:48:10.475 [main] INFO  f.i.s.r.p.i.ProjectInspector - ComputeTestDir
20:48:10.475 [main] INFO  f.i.s.r.p.i.ProjectInspector - BuildProjectBuggyBuildCandidate
20:48:10.475 [main] INFO  f.i.s.r.p.i.ProjectInspector - TestProjectBuggyBuildCandidate
20:48:10.476 [main] INFO  f.i.s.r.p.i.ProjectInspector - GatherTestInformationBuggyBuildCandidate
20:48:10.476 [main] INFO  f.i.s.r.p.i.ProjectInspector - InitRepoToPush
20:48:10.476 [main] INFO  f.i.s.r.p.i.ProjectInspector - ComputeClasspath
20:48:10.476 [main] INFO  f.i.s.r.p.i.ProjectInspector - ComputeModules
20:48:10.477 [main] INFO  f.i.s.r.p.i.ProjectInspector - CheckoutPatchedBuildCandidate
20:48:10.478 [main] INFO  f.i.s.r.p.i.ProjectInspector - BuildProjectPatchedBuildCandidate
20:48:10.478 [main] INFO  f.i.s.r.p.i.ProjectInspector - TestProjectPatchedBuildCandidate
20:48:10.478 [main] INFO  f.i.s.r.p.i.ProjectInspector - GatherTestInformationPatchedBuildCandidate
20:48:10.479 [main] INFO  f.i.s.r.p.i.ProjectInspector - CommitPatch
20:48:10.479 [main] INFO  f.i.s.r.p.i.ProjectInspector - WritePropertyFile
20:48:10.479 [main] INFO  f.i.s.r.p.i.ProjectInspector - CommitProcessEnd
20:48:10.479 [main] INFO  f.i.s.r.p.i.ProjectInspector - PushProcessEnd
20:48:10.480 [main] DEBUG f.i.s.r.process.step.CloneRepository - ----------------------------------------------------------------------
20:48:10.481 [main] DEBUG f.i.s.r.process.step.CloneRepository - STEP 1/18: CloneRepository
20:48:10.481 [main] DEBUG f.i.s.r.process.step.CloneRepository - ----------------------------------------------------------------------
20:48:10.481 [main] DEBUG f.i.s.r.process.step.CloneRepository - Cloning repository INRIA/spoon in the following directory: ./workspace/INRIA/spoon/348656338
20:48:20.207 [main] DEBUG f.i.s.r.process.step.CloneRepository - STEP STATUS: [ CloneRepository : SUCCESS ]
20:48:20.207 [main] DEBUG f.i.s.r.process.step.CloneRepository - STEP DURATION: 9s
20:48:20.208 [main] DEBUG f.i.s.r.process.step.CloneRepository - EXECUTE NEXT STEP
20:48:20.208 [main] DEBUG f.i.s.r.p.s.c.CheckoutBuggyBuild - ----------------------------------------------------------------------
20:48:20.208 [main] DEBUG f.i.s.r.p.s.c.CheckoutBuggyBuild - STEP 2/18: CheckoutBuggyBuildCandidate
20:48:20.208 [main] DEBUG f.i.s.r.p.s.c.CheckoutBuggyBuild - ----------------------------------------------------------------------
20:48:20.208 [main] DEBUG f.i.s.r.p.s.c.CheckoutBuggyBuild - Checking out buggy build candidate...
20:48:20.551 [main] INFO  fr.inria.jtravis.JTravis - GitHub ratelimit: Limit: 5000 Remaining: 4974 Reset hour: 19:28:32
20:48:22.819 [main] DEBUG f.i.s.r.p.s.c.CheckoutBuggyBuild - Reproduce the PR for INRIA/spoon by fetching remote branch and merging.
20:48:24.928 [main] ERROR f.i.s.r.p.s.c.CheckoutBuggyBuild - Error while testing commit: org.eclipse.jgit.errors.MissingObjectException: Missing unknown 6c251e4eeeebb6bb4a91ebeba5a2b231f77a2f51
20:48:24.929 [main] ERROR f.i.s.r.p.s.c.CheckoutBuggyBuild - Commit head ref cannot be retrieved from the repository: 6c251e4eeeebb6bb4a91ebeba5a2b231f77a2f51. Operation aborted.
20:48:24.929 [main] ERROR f.i.s.r.p.s.c.CheckoutBuggyBuild - Error while merging two commits to reproduce the PR.
20:48:24.930 [main] DEBUG f.i.s.r.p.s.c.CheckoutBuggyBuild - STEP STATUS: [ CheckoutBuggyBuildCandidate : FAILURE ( BUILDNOTCHECKEDOUT ) ]
20:48:24.931 [main] DEBUG f.i.s.r.p.s.c.CheckoutBuggyBuild - STEP DURATION: 4s
20:48:24.931 [main] DEBUG f.i.s.r.p.s.c.CheckoutBuggyBuild - TERMINATE PIPELINE
20:48:24.931 [main] DEBUG f.i.s.r.p.s.c.CheckoutBuggyBuild - FINAL STEPS SKIPPED: The reproduction of the bug and/or the patch failed.
20:48:24.932 [main] INFO  f.i.s.r.p.s.c.CheckoutBuggyBuild - Serialize all data for the pair of builds 348656338, 348661766
20:48:25.058 [main] INFO  fr.inria.jtravis.JTravis - GitHub ratelimit: Limit: 5000 Remaining: 4967 Reset hour: 19:28:32
20:48:25.921 [main] INFO  f.i.s.r.p.i.ProjectInspector - ----------------------------------------------------------------------
20:48:25.922 [main] INFO  f.i.s.r.p.i.ProjectInspector - PIPELINE EXECUTION SUMMARY
20:48:25.922 [main] INFO  f.i.s.r.p.i.ProjectInspector - ----------------------------------------------------------------------
20:48:25.922 [main] INFO  f.i.s.r.p.i.ProjectInspector - CloneRepository........................................SUCCESS [ 9 s ]
20:48:25.923 [main] INFO  f.i.s.r.p.i.ProjectInspector - CheckoutBuggyBuildCandidate............................FAILURE [ 4 s ]
20:48:25.923 [main] INFO  f.i.s.r.p.i.ProjectInspector - ComputeSourceDir.......................................NOT RUN        
20:48:25.923 [main] INFO  f.i.s.r.p.i.ProjectInspector - ComputeTestDir.........................................NOT RUN        
20:48:25.924 [main] INFO  f.i.s.r.p.i.ProjectInspector - BuildProjectBuggyBuildCandidate........................NOT RUN        
20:48:25.924 [main] INFO  f.i.s.r.p.i.ProjectInspector - TestProjectBuggyBuildCandidate.........................NOT RUN        
20:48:25.925 [main] INFO  f.i.s.r.p.i.ProjectInspector - GatherTestInformationBuggyBuildCandidate...............NOT RUN        
20:48:25.925 [main] INFO  f.i.s.r.p.i.ProjectInspector - InitRepoToPush.........................................NOT RUN        
20:48:25.925 [main] INFO  f.i.s.r.p.i.ProjectInspector - ComputeClasspath.......................................NOT RUN        
20:48:25.926 [main] INFO  f.i.s.r.p.i.ProjectInspector - ComputeModules.........................................NOT RUN        
20:48:25.926 [main] INFO  f.i.s.r.p.i.ProjectInspector - CheckoutPatchedBuildCandidate..........................NOT RUN        
20:48:25.926 [main] INFO  f.i.s.r.p.i.ProjectInspector - BuildProjectPatchedBuildCandidate......................NOT RUN        
20:48:25.927 [main] INFO  f.i.s.r.p.i.ProjectInspector - TestProjectPatchedBuildCandidate.......................NOT RUN        
20:48:25.927 [main] INFO  f.i.s.r.p.i.ProjectInspector - GatherTestInformationPatchedBuildCandidate.............NOT RUN        
20:48:25.927 [main] INFO  f.i.s.r.p.i.ProjectInspector - CommitPatch............................................NOT RUN        
20:48:25.927 [main] INFO  f.i.s.r.p.i.ProjectInspector - WritePropertyFile......................................NOT RUN        
20:48:25.930 [main] INFO  f.i.s.r.p.i.ProjectInspector - CommitProcessEnd.......................................NOT RUN        
20:48:25.930 [main] INFO  f.i.s.r.p.i.ProjectInspector - PushProcessEnd.........................................NOT RUN        
20:48:25.931 [main] INFO  f.i.s.r.p.i.ProjectInspector - ----------------------------------------------------------------------
20:48:25.931 [main] INFO  f.i.s.r.p.i.ProjectInspector - PIPELINE FINDING: BUILDNOTCHECKEDOUT
20:48:25.931 [main] INFO  f.i.s.r.p.i.ProjectInspector - ----------------------------------------------------------------------
20:48:25.932 [main] INFO  f.i.s.repairnator.pipeline.Launcher - Inspector is finished. The process will exit now.
