01:36:06.875 [main] INFO  f.i.s.repairnator.pipeline.Launcher - PIPELINE VERSION: 3.0-2018-08-09 19:04
01:36:07.107 [main] INFO  f.i.s.repairnator.pipeline.Launcher - The pipeline will try to reproduce a bug from build 343851763 and its corresponding patch from build 349463201
01:36:07.107 [main] INFO  f.i.s.repairnator.pipeline.Launcher - Initialize file serializer engines.
01:36:07.110 [main] INFO  f.i.s.repairnator.pipeline.Launcher - MongoDB won't be used for serialization.
01:36:07.110 [main] INFO  f.i.s.repairnator.pipeline.Launcher - The email notifier engine won't be used.
01:36:07.115 [main] INFO  f.i.s.repairnator.pipeline.Launcher - Start by getting the build (buildId: 343851763) with the following config: RepairnatorConfig{runId='48c73b9c-1328-499c-ba34-dd1c2d05cb62_03-18-week1-FAILING_AND_PASSING', launcherMode=BEARS, serializeJson=true, inputPath='null', outputPath='/var/log', mongodbHost='null', mongodbName='repairnator', smtpServer='null', notifyTo=[], notifyEndProcess=false, push=true, pushRemoteRepo='https://github.com/fermadeiral/bears-collection-fp', fork=false, lookFromDate=null, lookToDate=null, buildId=343851763, z3solverPath='./z3_for_linux', workspacePath='./workspace', githubToken='c8a341a903[...]', dockerImageName='null', skipDelete=false, createOutputDir=false, logDirectory='null', nbThreads=0, globalTimeout=0, whiteList=null, blackList=null, jobSleepTime=0, buildSleepTime=0, maxInspectedBuilds=0, duration=null, humanPatch=false, repository='null', clean=true, bearsMode=BOTH, bearsDelimiter = false, repairTools=NopolAllTests,NPEFix,AssertFixer,AstorJGenProg,AstorJKali,NopolSingleTest,AstorJMut,NopolTestExclusionStrategy, githubUserName= fermadeiral, githubUserEmail=fer.madeiral@gmail.com}
01:36:08.666 [main] DEBUG fr.inria.jtravis.helpers.BuildHelper - Get request to :https://api.travis-ci.org/build/343851763 done after 916 ms
01:36:08.911 [main] DEBUG fr.inria.jtravis.helpers.BuildHelper - Get request to :https://api.travis-ci.org/build/349463201 done after 139 ms
01:36:08.939 [main] INFO  f.i.s.repairnator.pipeline.Launcher - The patched build (349463201) was successfully retrieved from Travis.
01:36:10.335 [main] INFO  fr.inria.jtravis.JTravis - GitHub ratelimit: Limit: 5000 Remaining: 4832 Reset hour: 19:28:48
01:36:10.674 [main] INFO  f.i.s.r.p.i.ProjectInspector - ----------------------------------------------------------------------
01:36:10.674 [main] INFO  f.i.s.r.p.i.ProjectInspector - PIPELINE STEPS
01:36:10.674 [main] INFO  f.i.s.r.p.i.ProjectInspector - ----------------------------------------------------------------------
01:36:10.675 [main] INFO  f.i.s.r.p.i.ProjectInspector - CloneRepository
01:36:10.675 [main] INFO  f.i.s.r.p.i.ProjectInspector - CheckoutBuggyBuildCandidate
01:36:10.676 [main] INFO  f.i.s.r.p.i.ProjectInspector - ComputeSourceDir
01:36:10.676 [main] INFO  f.i.s.r.p.i.ProjectInspector - ComputeTestDir
01:36:10.677 [main] INFO  f.i.s.r.p.i.ProjectInspector - BuildProjectBuggyBuildCandidate
01:36:10.677 [main] INFO  f.i.s.r.p.i.ProjectInspector - TestProjectBuggyBuildCandidate
01:36:10.678 [main] INFO  f.i.s.r.p.i.ProjectInspector - GatherTestInformationBuggyBuildCandidate
01:36:10.678 [main] INFO  f.i.s.r.p.i.ProjectInspector - InitRepoToPush
01:36:10.679 [main] INFO  f.i.s.r.p.i.ProjectInspector - ComputeClasspath
01:36:10.679 [main] INFO  f.i.s.r.p.i.ProjectInspector - ComputeModules
01:36:10.680 [main] INFO  f.i.s.r.p.i.ProjectInspector - CheckoutPatchedBuildCandidate
01:36:10.680 [main] INFO  f.i.s.r.p.i.ProjectInspector - BuildProjectPatchedBuildCandidate
01:36:10.681 [main] INFO  f.i.s.r.p.i.ProjectInspector - TestProjectPatchedBuildCandidate
01:36:10.681 [main] INFO  f.i.s.r.p.i.ProjectInspector - GatherTestInformationPatchedBuildCandidate
01:36:10.682 [main] INFO  f.i.s.r.p.i.ProjectInspector - CommitPatch
01:36:10.683 [main] INFO  f.i.s.r.p.i.ProjectInspector - WritePropertyFile
01:36:10.683 [main] INFO  f.i.s.r.p.i.ProjectInspector - CommitProcessEnd
01:36:10.684 [main] INFO  f.i.s.r.p.i.ProjectInspector - PushProcessEnd
01:36:10.684 [main] DEBUG f.i.s.r.process.step.CloneRepository - ----------------------------------------------------------------------
01:36:10.686 [main] DEBUG f.i.s.r.process.step.CloneRepository - STEP 1/18: CloneRepository
01:36:10.686 [main] DEBUG f.i.s.r.process.step.CloneRepository - ----------------------------------------------------------------------
01:36:10.687 [main] DEBUG f.i.s.r.process.step.CloneRepository - Cloning repository B3Partners/brmo in the following directory: ./workspace/B3Partners/brmo/343851763
01:37:34.901 [main] DEBUG f.i.s.r.process.step.CloneRepository - STEP STATUS: [ CloneRepository : SUCCESS ]
01:37:34.902 [main] DEBUG f.i.s.r.process.step.CloneRepository - STEP DURATION: 84s
01:37:34.902 [main] DEBUG f.i.s.r.process.step.CloneRepository - EXECUTE NEXT STEP
01:37:34.903 [main] DEBUG f.i.s.r.p.s.c.CheckoutBuggyBuild - ----------------------------------------------------------------------
01:37:34.903 [main] DEBUG f.i.s.r.p.s.c.CheckoutBuggyBuild - STEP 2/18: CheckoutBuggyBuildCandidate
01:37:34.903 [main] DEBUG f.i.s.r.p.s.c.CheckoutBuggyBuild - ----------------------------------------------------------------------
01:37:34.904 [main] DEBUG f.i.s.r.p.s.c.CheckoutBuggyBuild - Checking out buggy build candidate...
01:37:34.914 [main] ERROR f.i.s.r.p.s.c.CheckoutBuggyBuild - Error while testing commit: org.eclipse.jgit.errors.MissingObjectException: Missing unknown 2ef63e7fd752c2504e80a32d5ac13e6dfce64fad
01:37:34.915 [main] ERROR f.i.s.r.p.s.c.CheckoutBuggyBuild - Error while getting the commit to checkout from the repo.
01:37:34.916 [main] DEBUG f.i.s.r.p.s.c.CheckoutBuggyBuild - STEP STATUS: [ CheckoutBuggyBuildCandidate : FAILURE ( BUILDNOTCHECKEDOUT ) ]
01:37:34.916 [main] DEBUG f.i.s.r.p.s.c.CheckoutBuggyBuild - STEP DURATION: 0s
01:37:34.916 [main] DEBUG f.i.s.r.p.s.c.CheckoutBuggyBuild - TERMINATE PIPELINE
01:37:34.917 [main] DEBUG f.i.s.r.p.s.c.CheckoutBuggyBuild - FINAL STEPS SKIPPED: The reproduction of the bug and/or the patch failed.
01:37:34.917 [main] INFO  f.i.s.r.p.s.c.CheckoutBuggyBuild - Serialize all data for the pair of builds 343851763, 349463201
01:37:35.237 [main] INFO  fr.inria.jtravis.JTravis - GitHub ratelimit: Limit: 5000 Remaining: 4820 Reset hour: 19:28:48
01:37:36.363 [main] INFO  f.i.s.r.p.i.ProjectInspector - ----------------------------------------------------------------------
01:37:36.363 [main] INFO  f.i.s.r.p.i.ProjectInspector - PIPELINE EXECUTION SUMMARY
01:37:36.364 [main] INFO  f.i.s.r.p.i.ProjectInspector - ----------------------------------------------------------------------
01:37:36.365 [main] INFO  f.i.s.r.p.i.ProjectInspector - CloneRepository.......................................SUCCESS [ 84 s ]
01:37:36.365 [main] INFO  f.i.s.r.p.i.ProjectInspector - CheckoutBuggyBuildCandidate...........................FAILURE [  0 s ]
01:37:36.366 [main] INFO  f.i.s.r.p.i.ProjectInspector - ComputeSourceDir......................................NOT RUN         
01:37:36.366 [main] INFO  f.i.s.r.p.i.ProjectInspector - ComputeTestDir........................................NOT RUN         
01:37:36.367 [main] INFO  f.i.s.r.p.i.ProjectInspector - BuildProjectBuggyBuildCandidate.......................NOT RUN         
01:37:36.367 [main] INFO  f.i.s.r.p.i.ProjectInspector - TestProjectBuggyBuildCandidate........................NOT RUN         
01:37:36.367 [main] INFO  f.i.s.r.p.i.ProjectInspector - GatherTestInformationBuggyBuildCandidate..............NOT RUN         
01:37:36.368 [main] INFO  f.i.s.r.p.i.ProjectInspector - InitRepoToPush........................................NOT RUN         
01:37:36.368 [main] INFO  f.i.s.r.p.i.ProjectInspector - ComputeClasspath......................................NOT RUN         
01:37:36.369 [main] INFO  f.i.s.r.p.i.ProjectInspector - ComputeModules........................................NOT RUN         
01:37:36.369 [main] INFO  f.i.s.r.p.i.ProjectInspector - CheckoutPatchedBuildCandidate.........................NOT RUN         
01:37:36.370 [main] INFO  f.i.s.r.p.i.ProjectInspector - BuildProjectPatchedBuildCandidate.....................NOT RUN         
01:37:36.371 [main] INFO  f.i.s.r.p.i.ProjectInspector - TestProjectPatchedBuildCandidate......................NOT RUN         
01:37:36.371 [main] INFO  f.i.s.r.p.i.ProjectInspector - GatherTestInformationPatchedBuildCandidate............NOT RUN         
01:37:36.372 [main] INFO  f.i.s.r.p.i.ProjectInspector - CommitPatch...........................................NOT RUN         
01:37:36.372 [main] INFO  f.i.s.r.p.i.ProjectInspector - WritePropertyFile.....................................NOT RUN         
01:37:36.372 [main] INFO  f.i.s.r.p.i.ProjectInspector - CommitProcessEnd......................................NOT RUN         
01:37:36.373 [main] INFO  f.i.s.r.p.i.ProjectInspector - PushProcessEnd........................................NOT RUN         
01:37:36.373 [main] INFO  f.i.s.r.p.i.ProjectInspector - ----------------------------------------------------------------------
01:37:36.374 [main] INFO  f.i.s.r.p.i.ProjectInspector - PIPELINE FINDING: BUILDNOTCHECKEDOUT
01:37:36.375 [main] INFO  f.i.s.r.p.i.ProjectInspector - ----------------------------------------------------------------------
01:37:36.375 [main] INFO  f.i.s.repairnator.pipeline.Launcher - Inspector is finished. The process will exit now.
