04:06:39.639 [main] INFO  f.i.s.repairnator.pipeline.Launcher - PIPELINE VERSION: 3.0-2018-08-09 19:04
04:06:39.834 [main] INFO  f.i.s.repairnator.pipeline.Launcher - The pipeline will try to reproduce a bug from build 367045486 and its corresponding patch from build 367078803
04:06:39.834 [main] INFO  f.i.s.repairnator.pipeline.Launcher - Initialize file serializer engines.
04:06:39.836 [main] INFO  f.i.s.repairnator.pipeline.Launcher - MongoDB won't be used for serialization.
04:06:39.836 [main] INFO  f.i.s.repairnator.pipeline.Launcher - The email notifier engine won't be used.
04:06:39.839 [main] INFO  f.i.s.repairnator.pipeline.Launcher - Start by getting the build (buildId: 367045486) with the following config: RepairnatorConfig{runId='ad552a0f-88dd-4063-97e7-719040591c67_04-18-week3-PASSING_AND_PASSING', launcherMode=BEARS, serializeJson=true, inputPath='null', outputPath='/var/log', mongodbHost='null', mongodbName='repairnator', smtpServer='null', notifyTo=[], notifyEndProcess=false, push=true, pushRemoteRepo='https://github.com/fermadeiral/bears-collection-pp', fork=false, lookFromDate=null, lookToDate=null, buildId=367045486, z3solverPath='./z3_for_linux', workspacePath='./workspace', githubToken='c8a341a903[...]', dockerImageName='null', skipDelete=false, createOutputDir=false, logDirectory='null', nbThreads=0, globalTimeout=0, whiteList=null, blackList=null, jobSleepTime=0, buildSleepTime=0, maxInspectedBuilds=0, duration=null, humanPatch=false, repository='null', clean=true, bearsMode=BOTH, bearsDelimiter = false, repairTools=NopolAllTests,NPEFix,AssertFixer,AstorJGenProg,AstorJKali,NopolSingleTest,AstorJMut,NopolTestExclusionStrategy, githubUserName= fermadeiral, githubUserEmail=fer.madeiral@gmail.com}
04:06:41.170 [main] DEBUG fr.inria.jtravis.helpers.BuildHelper - Get request to :https://api.travis-ci.org/build/367045486 done after 802 ms
04:06:41.405 [main] DEBUG fr.inria.jtravis.helpers.BuildHelper - Get request to :https://api.travis-ci.org/build/367078803 done after 138 ms
04:06:41.422 [main] INFO  f.i.s.repairnator.pipeline.Launcher - The patched build (367078803) was successfully retrieved from Travis.
04:06:43.008 [main] INFO  fr.inria.jtravis.JTravis - GitHub ratelimit: Limit: 5000 Remaining: 4887 Reset hour: 19:40:29
04:06:43.317 [main] INFO  f.i.s.r.p.i.ProjectInspector - ----------------------------------------------------------------------
04:06:43.317 [main] INFO  f.i.s.r.p.i.ProjectInspector - PIPELINE STEPS
04:06:43.318 [main] INFO  f.i.s.r.p.i.ProjectInspector - ----------------------------------------------------------------------
04:06:43.318 [main] INFO  f.i.s.r.p.i.ProjectInspector - CloneRepository
04:06:43.318 [main] INFO  f.i.s.r.p.i.ProjectInspector - CheckoutPatchedBuildCandidate
04:06:43.318 [main] INFO  f.i.s.r.p.i.ProjectInspector - ComputeSourceDir
04:06:43.318 [main] INFO  f.i.s.r.p.i.ProjectInspector - ComputeTestDir
04:06:43.319 [main] INFO  f.i.s.r.p.i.ProjectInspector - CheckoutBuggyBuildCandidateSourceCode
04:06:43.319 [main] INFO  f.i.s.r.p.i.ProjectInspector - BuildProjectBuggyBuildCandidateSourceCode
04:06:43.319 [main] INFO  f.i.s.r.p.i.ProjectInspector - TestProjectBuggyBuildCandidateSourceCode
04:06:43.319 [main] INFO  f.i.s.r.p.i.ProjectInspector - GatherTestInformationBuggyBuildCandidateSourceCode
04:06:43.319 [main] INFO  f.i.s.r.p.i.ProjectInspector - CheckoutBuggyBuildTestCode
04:06:43.320 [main] INFO  f.i.s.r.p.i.ProjectInspector - InitRepoToPush
04:06:43.320 [main] INFO  f.i.s.r.p.i.ProjectInspector - ComputeClasspath
04:06:43.320 [main] INFO  f.i.s.r.p.i.ProjectInspector - ComputeModules
04:06:43.320 [main] INFO  f.i.s.r.p.i.ProjectInspector - CheckoutBuggyBuildCandidateSourceCode
04:06:43.320 [main] INFO  f.i.s.r.p.i.ProjectInspector - CommitChangedTests
04:06:43.320 [main] INFO  f.i.s.r.p.i.ProjectInspector - CheckoutPatchedBuildCandidate
04:06:43.321 [main] INFO  f.i.s.r.p.i.ProjectInspector - BuildProjectPatchedBuildCandidate
04:06:43.321 [main] INFO  f.i.s.r.p.i.ProjectInspector - TestProjectPatchedBuildCandidate
04:06:43.321 [main] INFO  f.i.s.r.p.i.ProjectInspector - GatherTestInformationPatchedBuildCandidate
04:06:43.321 [main] INFO  f.i.s.r.p.i.ProjectInspector - CommitPatch
04:06:43.322 [main] INFO  f.i.s.r.p.i.ProjectInspector - WritePropertyFile
04:06:43.322 [main] INFO  f.i.s.r.p.i.ProjectInspector - CommitProcessEnd
04:06:43.323 [main] INFO  f.i.s.r.p.i.ProjectInspector - PushProcessEnd
04:06:43.323 [main] DEBUG f.i.s.r.process.step.CloneRepository - ----------------------------------------------------------------------
04:06:43.323 [main] DEBUG f.i.s.r.process.step.CloneRepository - STEP 1/22: CloneRepository
04:06:43.324 [main] DEBUG f.i.s.r.process.step.CloneRepository - ----------------------------------------------------------------------
04:06:43.324 [main] DEBUG f.i.s.r.process.step.CloneRepository - Cloning repository thelastpickle/cassandra-reaper in the following directory: ./workspace/thelastpickle/cassandra-reaper/367045486
04:06:51.132 [main] DEBUG f.i.s.r.process.step.CloneRepository - STEP STATUS: [ CloneRepository : SUCCESS ]
04:06:51.132 [main] DEBUG f.i.s.r.process.step.CloneRepository - STEP DURATION: 7s
04:06:51.133 [main] DEBUG f.i.s.r.process.step.CloneRepository - EXECUTE NEXT STEP
04:06:51.133 [main] DEBUG f.i.s.r.p.s.c.CheckoutPatchedBuild - ----------------------------------------------------------------------
04:06:51.133 [main] DEBUG f.i.s.r.p.s.c.CheckoutPatchedBuild - STEP 2/22: CheckoutPatchedBuildCandidate
04:06:51.133 [main] DEBUG f.i.s.r.p.s.c.CheckoutPatchedBuild - ----------------------------------------------------------------------
04:06:51.133 [main] DEBUG f.i.s.r.p.s.c.CheckoutPatchedBuild - Checking out patched build candidate...
04:06:51.141 [main] ERROR f.i.s.r.p.s.c.CheckoutPatchedBuild - Error while testing commit: org.eclipse.jgit.errors.MissingObjectException: Missing unknown 470ddf69ca7aa41a83c84ed275e0de640cd28a26
04:06:51.142 [main] ERROR f.i.s.r.p.s.c.CheckoutPatchedBuild - Error while getting the commit to checkout from the repo.
04:06:51.142 [main] DEBUG f.i.s.r.p.s.c.CheckoutPatchedBuild - STEP STATUS: [ CheckoutPatchedBuildCandidate : FAILURE ( BUILDNOTCHECKEDOUT ) ]
04:06:51.143 [main] DEBUG f.i.s.r.p.s.c.CheckoutPatchedBuild - STEP DURATION: 0s
04:06:51.143 [main] DEBUG f.i.s.r.p.s.c.CheckoutPatchedBuild - TERMINATE PIPELINE
04:06:51.143 [main] DEBUG f.i.s.r.p.s.c.CheckoutPatchedBuild - FINAL STEPS SKIPPED: The reproduction of the bug and/or the patch failed.
04:06:51.143 [main] INFO  f.i.s.r.p.s.c.CheckoutPatchedBuild - Serialize all data for the pair of builds 367045486, 367078803
04:06:51.481 [main] INFO  fr.inria.jtravis.JTravis - GitHub ratelimit: Limit: 5000 Remaining: 4884 Reset hour: 19:40:29
04:06:51.965 [main] INFO  f.i.s.r.p.i.ProjectInspector - ----------------------------------------------------------------------
04:06:51.965 [main] INFO  f.i.s.r.p.i.ProjectInspector - PIPELINE EXECUTION SUMMARY
04:06:51.965 [main] INFO  f.i.s.r.p.i.ProjectInspector - ----------------------------------------------------------------------
04:06:51.965 [main] INFO  f.i.s.r.p.i.ProjectInspector - CloneRepository........................................SUCCESS [ 7 s ]
04:06:51.966 [main] INFO  f.i.s.r.p.i.ProjectInspector - CheckoutPatchedBuildCandidate..........................FAILURE [ 0 s ]
04:06:51.966 [main] INFO  f.i.s.r.p.i.ProjectInspector - ComputeSourceDir.......................................NOT RUN        
04:06:51.966 [main] INFO  f.i.s.r.p.i.ProjectInspector - ComputeTestDir.........................................NOT RUN        
04:06:51.966 [main] INFO  f.i.s.r.p.i.ProjectInspector - CheckoutBuggyBuildCandidateSourceCode..................NOT RUN        
04:06:51.966 [main] INFO  f.i.s.r.p.i.ProjectInspector - BuildProjectBuggyBuildCandidateSourceCode..............NOT RUN        
04:06:51.966 [main] INFO  f.i.s.r.p.i.ProjectInspector - TestProjectBuggyBuildCandidateSourceCode...............NOT RUN        
04:06:51.967 [main] INFO  f.i.s.r.p.i.ProjectInspector - GatherTestInformationBuggyBuildCandidateSourceCode.....NOT RUN        
04:06:51.967 [main] INFO  f.i.s.r.p.i.ProjectInspector - CheckoutBuggyBuildTestCode.............................NOT RUN        
04:06:51.967 [main] INFO  f.i.s.r.p.i.ProjectInspector - InitRepoToPush.........................................NOT RUN        
04:06:51.967 [main] INFO  f.i.s.r.p.i.ProjectInspector - ComputeClasspath.......................................NOT RUN        
04:06:51.967 [main] INFO  f.i.s.r.p.i.ProjectInspector - ComputeModules.........................................NOT RUN        
04:06:51.967 [main] INFO  f.i.s.r.p.i.ProjectInspector - CheckoutBuggyBuildCandidateSourceCode..................NOT RUN        
04:06:51.967 [main] INFO  f.i.s.r.p.i.ProjectInspector - CommitChangedTests.....................................NOT RUN        
04:06:51.968 [main] INFO  f.i.s.r.p.i.ProjectInspector - CheckoutPatchedBuildCandidate..........................NOT RUN        
04:06:51.968 [main] INFO  f.i.s.r.p.i.ProjectInspector - BuildProjectPatchedBuildCandidate......................NOT RUN        
04:06:51.968 [main] INFO  f.i.s.r.p.i.ProjectInspector - TestProjectPatchedBuildCandidate.......................NOT RUN        
04:06:51.968 [main] INFO  f.i.s.r.p.i.ProjectInspector - GatherTestInformationPatchedBuildCandidate.............NOT RUN        
04:06:51.968 [main] INFO  f.i.s.r.p.i.ProjectInspector - CommitPatch............................................NOT RUN        
04:06:51.968 [main] INFO  f.i.s.r.p.i.ProjectInspector - WritePropertyFile......................................NOT RUN        
04:06:51.968 [main] INFO  f.i.s.r.p.i.ProjectInspector - CommitProcessEnd.......................................NOT RUN        
04:06:51.968 [main] INFO  f.i.s.r.p.i.ProjectInspector - PushProcessEnd.........................................NOT RUN        
04:06:51.969 [main] INFO  f.i.s.r.p.i.ProjectInspector - ----------------------------------------------------------------------
04:06:51.969 [main] INFO  f.i.s.r.p.i.ProjectInspector - PIPELINE FINDING: BUILDNOTCHECKEDOUT
04:06:51.969 [main] INFO  f.i.s.r.p.i.ProjectInspector - ----------------------------------------------------------------------
04:06:51.969 [main] INFO  f.i.s.repairnator.pipeline.Launcher - Inspector is finished. The process will exit now.
