06:19:52.271 [main] INFO  f.i.s.repairnator.pipeline.Launcher - PIPELINE VERSION: 3.0-2018-08-09 19:04
06:19:52.544 [main] INFO  f.i.s.repairnator.pipeline.Launcher - The pipeline will try to reproduce a bug from build 366223184 and its corresponding patch from build 367978359
06:19:52.545 [main] INFO  f.i.s.repairnator.pipeline.Launcher - Initialize file serializer engines.
06:19:52.547 [main] INFO  f.i.s.repairnator.pipeline.Launcher - MongoDB won't be used for serialization.
06:19:52.547 [main] INFO  f.i.s.repairnator.pipeline.Launcher - The email notifier engine won't be used.
06:19:52.550 [main] INFO  f.i.s.repairnator.pipeline.Launcher - Start by getting the build (buildId: 366223184) with the following config: RepairnatorConfig{runId='ad552a0f-88dd-4063-97e7-719040591c67_04-18-week3-PASSING_AND_PASSING', launcherMode=BEARS, serializeJson=true, inputPath='null', outputPath='/var/log', mongodbHost='null', mongodbName='repairnator', smtpServer='null', notifyTo=[], notifyEndProcess=false, push=true, pushRemoteRepo='https://github.com/fermadeiral/bears-collection-pp', fork=false, lookFromDate=null, lookToDate=null, buildId=366223184, z3solverPath='./z3_for_linux', workspacePath='./workspace', githubToken='c8a341a903[...]', dockerImageName='null', skipDelete=false, createOutputDir=false, logDirectory='null', nbThreads=0, globalTimeout=0, whiteList=null, blackList=null, jobSleepTime=0, buildSleepTime=0, maxInspectedBuilds=0, duration=null, humanPatch=false, repository='null', clean=true, bearsMode=BOTH, bearsDelimiter = false, repairTools=NopolAllTests,NPEFix,AssertFixer,AstorJGenProg,AstorJKali,NopolSingleTest,AstorJMut,NopolTestExclusionStrategy, githubUserName= fermadeiral, githubUserEmail=fer.madeiral@gmail.com}
06:19:53.891 [main] DEBUG fr.inria.jtravis.helpers.BuildHelper - Get request to :https://api.travis-ci.org/build/366223184 done after 843 ms
06:19:54.170 [main] DEBUG fr.inria.jtravis.helpers.BuildHelper - Get request to :https://api.travis-ci.org/build/367978359 done after 130 ms
06:19:54.188 [main] INFO  f.i.s.repairnator.pipeline.Launcher - The patched build (367978359) was successfully retrieved from Travis.
06:19:55.533 [main] INFO  fr.inria.jtravis.JTravis - GitHub ratelimit: Limit: 5000 Remaining: 4262 Reset hour: 19:40:37
06:19:55.865 [main] INFO  f.i.s.r.p.i.ProjectInspector - ----------------------------------------------------------------------
06:19:55.866 [main] INFO  f.i.s.r.p.i.ProjectInspector - PIPELINE STEPS
06:19:55.866 [main] INFO  f.i.s.r.p.i.ProjectInspector - ----------------------------------------------------------------------
06:19:55.867 [main] INFO  f.i.s.r.p.i.ProjectInspector - CloneRepository
06:19:55.867 [main] INFO  f.i.s.r.p.i.ProjectInspector - CheckoutPatchedBuildCandidate
06:19:55.867 [main] INFO  f.i.s.r.p.i.ProjectInspector - ComputeSourceDir
06:19:55.867 [main] INFO  f.i.s.r.p.i.ProjectInspector - ComputeTestDir
06:19:55.867 [main] INFO  f.i.s.r.p.i.ProjectInspector - CheckoutBuggyBuildCandidateSourceCode
06:19:55.868 [main] INFO  f.i.s.r.p.i.ProjectInspector - BuildProjectBuggyBuildCandidateSourceCode
06:19:55.868 [main] INFO  f.i.s.r.p.i.ProjectInspector - TestProjectBuggyBuildCandidateSourceCode
06:19:55.868 [main] INFO  f.i.s.r.p.i.ProjectInspector - GatherTestInformationBuggyBuildCandidateSourceCode
06:19:55.868 [main] INFO  f.i.s.r.p.i.ProjectInspector - CheckoutBuggyBuildTestCode
06:19:55.869 [main] INFO  f.i.s.r.p.i.ProjectInspector - InitRepoToPush
06:19:55.869 [main] INFO  f.i.s.r.p.i.ProjectInspector - ComputeClasspath
06:19:55.869 [main] INFO  f.i.s.r.p.i.ProjectInspector - ComputeModules
06:19:55.869 [main] INFO  f.i.s.r.p.i.ProjectInspector - CheckoutBuggyBuildCandidateSourceCode
06:19:55.869 [main] INFO  f.i.s.r.p.i.ProjectInspector - CommitChangedTests
06:19:55.870 [main] INFO  f.i.s.r.p.i.ProjectInspector - CheckoutPatchedBuildCandidate
06:19:55.870 [main] INFO  f.i.s.r.p.i.ProjectInspector - BuildProjectPatchedBuildCandidate
06:19:55.871 [main] INFO  f.i.s.r.p.i.ProjectInspector - TestProjectPatchedBuildCandidate
06:19:55.871 [main] INFO  f.i.s.r.p.i.ProjectInspector - GatherTestInformationPatchedBuildCandidate
06:19:55.872 [main] INFO  f.i.s.r.p.i.ProjectInspector - CommitPatch
06:19:55.874 [main] INFO  f.i.s.r.p.i.ProjectInspector - WritePropertyFile
06:19:55.874 [main] INFO  f.i.s.r.p.i.ProjectInspector - CommitProcessEnd
06:19:55.875 [main] INFO  f.i.s.r.p.i.ProjectInspector - PushProcessEnd
06:19:55.876 [main] DEBUG f.i.s.r.process.step.CloneRepository - ----------------------------------------------------------------------
06:19:55.877 [main] DEBUG f.i.s.r.process.step.CloneRepository - STEP 1/22: CloneRepository
06:19:55.878 [main] DEBUG f.i.s.r.process.step.CloneRepository - ----------------------------------------------------------------------
06:19:55.879 [main] DEBUG f.i.s.r.process.step.CloneRepository - Cloning repository CorfuDB/CorfuDB in the following directory: ./workspace/CorfuDB/CorfuDB/366223184
06:24:15.570 [main] DEBUG f.i.s.r.process.step.CloneRepository - STEP STATUS: [ CloneRepository : SUCCESS ]
06:24:15.570 [main] DEBUG f.i.s.r.process.step.CloneRepository - STEP DURATION: 259s
06:24:15.570 [main] DEBUG f.i.s.r.process.step.CloneRepository - EXECUTE NEXT STEP
06:24:15.571 [main] DEBUG f.i.s.r.p.s.c.CheckoutPatchedBuild - ----------------------------------------------------------------------
06:24:15.571 [main] DEBUG f.i.s.r.p.s.c.CheckoutPatchedBuild - STEP 2/22: CheckoutPatchedBuildCandidate
06:24:15.571 [main] DEBUG f.i.s.r.p.s.c.CheckoutPatchedBuild - ----------------------------------------------------------------------
06:24:15.571 [main] DEBUG f.i.s.r.p.s.c.CheckoutPatchedBuild - Checking out patched build candidate...
06:24:15.883 [main] INFO  fr.inria.jtravis.JTravis - GitHub ratelimit: Limit: 5000 Remaining: 4234 Reset hour: 19:40:37
06:24:17.856 [main] DEBUG f.i.s.r.p.s.c.CheckoutPatchedBuild - Reproduce the PR for CorfuDB/CorfuDB by fetching remote branch and merging.
06:24:18.774 [main] ERROR f.i.s.r.p.s.c.CheckoutPatchedBuild - Error while testing commit: org.eclipse.jgit.errors.MissingObjectException: Missing unknown dcadaeb7be3298c233549960c1672c512392161b
06:24:18.775 [main] ERROR f.i.s.r.p.s.c.CheckoutPatchedBuild - Commit head ref cannot be retrieved from the repository: dcadaeb7be3298c233549960c1672c512392161b. Operation aborted.
06:24:18.776 [main] ERROR f.i.s.r.p.s.c.CheckoutPatchedBuild - Error while merging two commits to reproduce the PR.
06:24:18.777 [main] DEBUG f.i.s.r.p.s.c.CheckoutPatchedBuild - STEP STATUS: [ CheckoutPatchedBuildCandidate : FAILURE ( BUILDNOTCHECKEDOUT ) ]
06:24:18.777 [main] DEBUG f.i.s.r.p.s.c.CheckoutPatchedBuild - STEP DURATION: 3s
06:24:18.777 [main] DEBUG f.i.s.r.p.s.c.CheckoutPatchedBuild - TERMINATE PIPELINE
06:24:18.778 [main] DEBUG f.i.s.r.p.s.c.CheckoutPatchedBuild - FINAL STEPS SKIPPED: The reproduction of the bug and/or the patch failed.
06:24:18.778 [main] INFO  f.i.s.r.p.s.c.CheckoutPatchedBuild - Serialize all data for the pair of builds 366223184, 367978359
06:24:18.910 [main] INFO  fr.inria.jtravis.JTravis - GitHub ratelimit: Limit: 5000 Remaining: 4227 Reset hour: 19:40:37
06:24:19.409 [main] INFO  f.i.s.r.p.i.ProjectInspector - ----------------------------------------------------------------------
06:24:19.410 [main] INFO  f.i.s.r.p.i.ProjectInspector - PIPELINE EXECUTION SUMMARY
06:24:19.410 [main] INFO  f.i.s.r.p.i.ProjectInspector - ----------------------------------------------------------------------
06:24:19.410 [main] INFO  f.i.s.r.p.i.ProjectInspector - CloneRepository......................................SUCCESS [ 259 s ]
06:24:19.410 [main] INFO  f.i.s.r.p.i.ProjectInspector - CheckoutPatchedBuildCandidate........................FAILURE [   3 s ]
06:24:19.411 [main] INFO  f.i.s.r.p.i.ProjectInspector - ComputeSourceDir.....................................NOT RUN          
06:24:19.411 [main] INFO  f.i.s.r.p.i.ProjectInspector - ComputeTestDir.......................................NOT RUN          
06:24:19.411 [main] INFO  f.i.s.r.p.i.ProjectInspector - CheckoutBuggyBuildCandidateSourceCode................NOT RUN          
06:24:19.412 [main] INFO  f.i.s.r.p.i.ProjectInspector - BuildProjectBuggyBuildCandidateSourceCode............NOT RUN          
06:24:19.412 [main] INFO  f.i.s.r.p.i.ProjectInspector - TestProjectBuggyBuildCandidateSourceCode.............NOT RUN          
06:24:19.412 [main] INFO  f.i.s.r.p.i.ProjectInspector - GatherTestInformationBuggyBuildCandidateSourceCode...NOT RUN          
06:24:19.412 [main] INFO  f.i.s.r.p.i.ProjectInspector - CheckoutBuggyBuildTestCode...........................NOT RUN          
06:24:19.412 [main] INFO  f.i.s.r.p.i.ProjectInspector - InitRepoToPush.......................................NOT RUN          
06:24:19.413 [main] INFO  f.i.s.r.p.i.ProjectInspector - ComputeClasspath.....................................NOT RUN          
06:24:19.413 [main] INFO  f.i.s.r.p.i.ProjectInspector - ComputeModules.......................................NOT RUN          
06:24:19.413 [main] INFO  f.i.s.r.p.i.ProjectInspector - CheckoutBuggyBuildCandidateSourceCode................NOT RUN          
06:24:19.413 [main] INFO  f.i.s.r.p.i.ProjectInspector - CommitChangedTests...................................NOT RUN          
06:24:19.414 [main] INFO  f.i.s.r.p.i.ProjectInspector - CheckoutPatchedBuildCandidate........................NOT RUN          
06:24:19.414 [main] INFO  f.i.s.r.p.i.ProjectInspector - BuildProjectPatchedBuildCandidate....................NOT RUN          
06:24:19.414 [main] INFO  f.i.s.r.p.i.ProjectInspector - TestProjectPatchedBuildCandidate.....................NOT RUN          
06:24:19.414 [main] INFO  f.i.s.r.p.i.ProjectInspector - GatherTestInformationPatchedBuildCandidate...........NOT RUN          
06:24:19.415 [main] INFO  f.i.s.r.p.i.ProjectInspector - CommitPatch..........................................NOT RUN          
06:24:19.415 [main] INFO  f.i.s.r.p.i.ProjectInspector - WritePropertyFile....................................NOT RUN          
06:24:19.415 [main] INFO  f.i.s.r.p.i.ProjectInspector - CommitProcessEnd.....................................NOT RUN          
06:24:19.415 [main] INFO  f.i.s.r.p.i.ProjectInspector - PushProcessEnd.......................................NOT RUN          
06:24:19.415 [main] INFO  f.i.s.r.p.i.ProjectInspector - ----------------------------------------------------------------------
06:24:19.416 [main] INFO  f.i.s.r.p.i.ProjectInspector - PIPELINE FINDING: BUILDNOTCHECKEDOUT
06:24:19.416 [main] INFO  f.i.s.r.p.i.ProjectInspector - ----------------------------------------------------------------------
06:24:19.416 [main] INFO  f.i.s.repairnator.pipeline.Launcher - Inspector is finished. The process will exit now.
