06:09:39.534 [main] INFO  f.i.s.repairnator.pipeline.Launcher - PIPELINE VERSION: 3.0-2018-08-09 19:04
06:09:39.661 [main] INFO  f.i.s.repairnator.pipeline.Launcher - The pipeline will try to reproduce a bug from build 368897525 and its corresponding patch from build 368917845
06:09:39.661 [main] INFO  f.i.s.repairnator.pipeline.Launcher - Initialize file serializer engines.
06:09:39.663 [main] INFO  f.i.s.repairnator.pipeline.Launcher - MongoDB won't be used for serialization.
06:09:39.663 [main] INFO  f.i.s.repairnator.pipeline.Launcher - The email notifier engine won't be used.
06:09:39.666 [main] INFO  f.i.s.repairnator.pipeline.Launcher - Start by getting the build (buildId: 368897525) with the following config: RepairnatorConfig{runId='ad552a0f-88dd-4063-97e7-719040591c67_04-18-week3-PASSING_AND_PASSING', launcherMode=BEARS, serializeJson=true, inputPath='null', outputPath='/var/log', mongodbHost='null', mongodbName='repairnator', smtpServer='null', notifyTo=[], notifyEndProcess=false, push=true, pushRemoteRepo='https://github.com/fermadeiral/bears-collection-pp', fork=false, lookFromDate=null, lookToDate=null, buildId=368897525, z3solverPath='./z3_for_linux', workspacePath='./workspace', githubToken='c8a341a903[...]', dockerImageName='null', skipDelete=false, createOutputDir=false, logDirectory='null', nbThreads=0, globalTimeout=0, whiteList=null, blackList=null, jobSleepTime=0, buildSleepTime=0, maxInspectedBuilds=0, duration=null, humanPatch=false, repository='null', clean=true, bearsMode=BOTH, bearsDelimiter = false, repairTools=NopolAllTests,NPEFix,AssertFixer,AstorJGenProg,AstorJKali,NopolSingleTest,AstorJMut,NopolTestExclusionStrategy, githubUserName= fermadeiral, githubUserEmail=fer.madeiral@gmail.com}
06:09:41.020 [main] DEBUG fr.inria.jtravis.helpers.BuildHelper - Get request to :https://api.travis-ci.org/build/368897525 done after 822 ms
06:09:41.308 [main] DEBUG fr.inria.jtravis.helpers.BuildHelper - Get request to :https://api.travis-ci.org/build/368917845 done after 146 ms
06:09:41.323 [main] INFO  f.i.s.repairnator.pipeline.Launcher - The patched build (368917845) was successfully retrieved from Travis.
06:09:42.504 [main] INFO  fr.inria.jtravis.JTravis - GitHub ratelimit: Limit: 5000 Remaining: 4340 Reset hour: 19:40:37
06:09:43.142 [main] INFO  f.i.s.r.p.i.ProjectInspector - ----------------------------------------------------------------------
06:09:43.142 [main] INFO  f.i.s.r.p.i.ProjectInspector - PIPELINE STEPS
06:09:43.142 [main] INFO  f.i.s.r.p.i.ProjectInspector - ----------------------------------------------------------------------
06:09:43.142 [main] INFO  f.i.s.r.p.i.ProjectInspector - CloneRepository
06:09:43.143 [main] INFO  f.i.s.r.p.i.ProjectInspector - CheckoutPatchedBuildCandidate
06:09:43.143 [main] INFO  f.i.s.r.p.i.ProjectInspector - ComputeSourceDir
06:09:43.143 [main] INFO  f.i.s.r.p.i.ProjectInspector - ComputeTestDir
06:09:43.143 [main] INFO  f.i.s.r.p.i.ProjectInspector - CheckoutBuggyBuildCandidateSourceCode
06:09:43.143 [main] INFO  f.i.s.r.p.i.ProjectInspector - BuildProjectBuggyBuildCandidateSourceCode
06:09:43.143 [main] INFO  f.i.s.r.p.i.ProjectInspector - TestProjectBuggyBuildCandidateSourceCode
06:09:43.143 [main] INFO  f.i.s.r.p.i.ProjectInspector - GatherTestInformationBuggyBuildCandidateSourceCode
06:09:43.144 [main] INFO  f.i.s.r.p.i.ProjectInspector - CheckoutBuggyBuildTestCode
06:09:43.144 [main] INFO  f.i.s.r.p.i.ProjectInspector - InitRepoToPush
06:09:43.144 [main] INFO  f.i.s.r.p.i.ProjectInspector - ComputeClasspath
06:09:43.144 [main] INFO  f.i.s.r.p.i.ProjectInspector - ComputeModules
06:09:43.144 [main] INFO  f.i.s.r.p.i.ProjectInspector - CheckoutBuggyBuildCandidateSourceCode
06:09:43.144 [main] INFO  f.i.s.r.p.i.ProjectInspector - CommitChangedTests
06:09:43.144 [main] INFO  f.i.s.r.p.i.ProjectInspector - CheckoutPatchedBuildCandidate
06:09:43.144 [main] INFO  f.i.s.r.p.i.ProjectInspector - BuildProjectPatchedBuildCandidate
06:09:43.144 [main] INFO  f.i.s.r.p.i.ProjectInspector - TestProjectPatchedBuildCandidate
06:09:43.145 [main] INFO  f.i.s.r.p.i.ProjectInspector - GatherTestInformationPatchedBuildCandidate
06:09:43.145 [main] INFO  f.i.s.r.p.i.ProjectInspector - CommitPatch
06:09:43.145 [main] INFO  f.i.s.r.p.i.ProjectInspector - WritePropertyFile
06:09:43.145 [main] INFO  f.i.s.r.p.i.ProjectInspector - CommitProcessEnd
06:09:43.145 [main] INFO  f.i.s.r.p.i.ProjectInspector - PushProcessEnd
06:09:43.145 [main] DEBUG f.i.s.r.process.step.CloneRepository - ----------------------------------------------------------------------
06:09:43.146 [main] DEBUG f.i.s.r.process.step.CloneRepository - STEP 1/22: CloneRepository
06:09:43.146 [main] DEBUG f.i.s.r.process.step.CloneRepository - ----------------------------------------------------------------------
06:09:43.146 [main] DEBUG f.i.s.r.process.step.CloneRepository - Cloning repository CorfuDB/CorfuDB in the following directory: ./workspace/CorfuDB/CorfuDB/368897525
06:14:04.306 [main] DEBUG f.i.s.r.process.step.CloneRepository - STEP STATUS: [ CloneRepository : SUCCESS ]
06:14:04.306 [main] DEBUG f.i.s.r.process.step.CloneRepository - STEP DURATION: 261s
06:14:04.307 [main] DEBUG f.i.s.r.process.step.CloneRepository - EXECUTE NEXT STEP
06:14:04.307 [main] DEBUG f.i.s.r.p.s.c.CheckoutPatchedBuild - ----------------------------------------------------------------------
06:14:04.307 [main] DEBUG f.i.s.r.p.s.c.CheckoutPatchedBuild - STEP 2/22: CheckoutPatchedBuildCandidate
06:14:04.308 [main] DEBUG f.i.s.r.p.s.c.CheckoutPatchedBuild - ----------------------------------------------------------------------
06:14:04.308 [main] DEBUG f.i.s.r.p.s.c.CheckoutPatchedBuild - Checking out patched build candidate...
06:14:04.671 [main] INFO  fr.inria.jtravis.JTravis - GitHub ratelimit: Limit: 5000 Remaining: 4324 Reset hour: 19:40:37
06:14:06.855 [main] DEBUG f.i.s.r.p.s.c.CheckoutPatchedBuild - Reproduce the PR for CorfuDB/CorfuDB by fetching remote branch and merging.
06:14:07.818 [main] ERROR f.i.s.r.p.s.c.CheckoutPatchedBuild - Error while testing commit: org.eclipse.jgit.errors.MissingObjectException: Missing unknown 668272aaad94cd5d0740a1012b2600ebf4b9be30
06:14:07.819 [main] ERROR f.i.s.r.p.s.c.CheckoutPatchedBuild - Commit head ref cannot be retrieved from the repository: 668272aaad94cd5d0740a1012b2600ebf4b9be30. Operation aborted.
06:14:07.820 [main] ERROR f.i.s.r.p.s.c.CheckoutPatchedBuild - Error while merging two commits to reproduce the PR.
06:14:07.821 [main] DEBUG f.i.s.r.p.s.c.CheckoutPatchedBuild - STEP STATUS: [ CheckoutPatchedBuildCandidate : FAILURE ( BUILDNOTCHECKEDOUT ) ]
06:14:07.821 [main] DEBUG f.i.s.r.p.s.c.CheckoutPatchedBuild - STEP DURATION: 3s
06:14:07.821 [main] DEBUG f.i.s.r.p.s.c.CheckoutPatchedBuild - TERMINATE PIPELINE
06:14:07.821 [main] DEBUG f.i.s.r.p.s.c.CheckoutPatchedBuild - FINAL STEPS SKIPPED: The reproduction of the bug and/or the patch failed.
06:14:07.822 [main] INFO  f.i.s.r.p.s.c.CheckoutPatchedBuild - Serialize all data for the pair of builds 368897525, 368917845
06:14:07.941 [main] INFO  fr.inria.jtravis.JTravis - GitHub ratelimit: Limit: 5000 Remaining: 4317 Reset hour: 19:40:37
06:14:08.464 [main] INFO  f.i.s.r.p.i.ProjectInspector - ----------------------------------------------------------------------
06:14:08.465 [main] INFO  f.i.s.r.p.i.ProjectInspector - PIPELINE EXECUTION SUMMARY
06:14:08.465 [main] INFO  f.i.s.r.p.i.ProjectInspector - ----------------------------------------------------------------------
06:14:08.465 [main] INFO  f.i.s.r.p.i.ProjectInspector - CloneRepository......................................SUCCESS [ 261 s ]
06:14:08.466 [main] INFO  f.i.s.r.p.i.ProjectInspector - CheckoutPatchedBuildCandidate........................FAILURE [   3 s ]
06:14:08.467 [main] INFO  f.i.s.r.p.i.ProjectInspector - ComputeSourceDir.....................................NOT RUN          
06:14:08.467 [main] INFO  f.i.s.r.p.i.ProjectInspector - ComputeTestDir.......................................NOT RUN          
06:14:08.468 [main] INFO  f.i.s.r.p.i.ProjectInspector - CheckoutBuggyBuildCandidateSourceCode................NOT RUN          
06:14:08.468 [main] INFO  f.i.s.r.p.i.ProjectInspector - BuildProjectBuggyBuildCandidateSourceCode............NOT RUN          
06:14:08.468 [main] INFO  f.i.s.r.p.i.ProjectInspector - TestProjectBuggyBuildCandidateSourceCode.............NOT RUN          
06:14:08.468 [main] INFO  f.i.s.r.p.i.ProjectInspector - GatherTestInformationBuggyBuildCandidateSourceCode...NOT RUN          
06:14:08.469 [main] INFO  f.i.s.r.p.i.ProjectInspector - CheckoutBuggyBuildTestCode...........................NOT RUN          
06:14:08.469 [main] INFO  f.i.s.r.p.i.ProjectInspector - InitRepoToPush.......................................NOT RUN          
06:14:08.469 [main] INFO  f.i.s.r.p.i.ProjectInspector - ComputeClasspath.....................................NOT RUN          
06:14:08.469 [main] INFO  f.i.s.r.p.i.ProjectInspector - ComputeModules.......................................NOT RUN          
06:14:08.470 [main] INFO  f.i.s.r.p.i.ProjectInspector - CheckoutBuggyBuildCandidateSourceCode................NOT RUN          
06:14:08.470 [main] INFO  f.i.s.r.p.i.ProjectInspector - CommitChangedTests...................................NOT RUN          
06:14:08.470 [main] INFO  f.i.s.r.p.i.ProjectInspector - CheckoutPatchedBuildCandidate........................NOT RUN          
06:14:08.470 [main] INFO  f.i.s.r.p.i.ProjectInspector - BuildProjectPatchedBuildCandidate....................NOT RUN          
06:14:08.470 [main] INFO  f.i.s.r.p.i.ProjectInspector - TestProjectPatchedBuildCandidate.....................NOT RUN          
06:14:08.471 [main] INFO  f.i.s.r.p.i.ProjectInspector - GatherTestInformationPatchedBuildCandidate...........NOT RUN          
06:14:08.471 [main] INFO  f.i.s.r.p.i.ProjectInspector - CommitPatch..........................................NOT RUN          
06:14:08.471 [main] INFO  f.i.s.r.p.i.ProjectInspector - WritePropertyFile....................................NOT RUN          
06:14:08.471 [main] INFO  f.i.s.r.p.i.ProjectInspector - CommitProcessEnd.....................................NOT RUN          
06:14:08.472 [main] INFO  f.i.s.r.p.i.ProjectInspector - PushProcessEnd.......................................NOT RUN          
06:14:08.472 [main] INFO  f.i.s.r.p.i.ProjectInspector - ----------------------------------------------------------------------
06:14:08.472 [main] INFO  f.i.s.r.p.i.ProjectInspector - PIPELINE FINDING: BUILDNOTCHECKEDOUT
06:14:08.472 [main] INFO  f.i.s.r.p.i.ProjectInspector - ----------------------------------------------------------------------
06:14:08.473 [main] INFO  f.i.s.repairnator.pipeline.Launcher - Inspector is finished. The process will exit now.
