06:33:19.933 [main] INFO  f.i.s.repairnator.pipeline.Launcher - PIPELINE VERSION: 3.0-2018-08-09 19:04
06:33:20.072 [main] INFO  f.i.s.repairnator.pipeline.Launcher - The pipeline will try to reproduce a bug from build 367854734 and its corresponding patch from build 367859300
06:33:20.073 [main] INFO  f.i.s.repairnator.pipeline.Launcher - Initialize file serializer engines.
06:33:20.075 [main] INFO  f.i.s.repairnator.pipeline.Launcher - MongoDB won't be used for serialization.
06:33:20.075 [main] INFO  f.i.s.repairnator.pipeline.Launcher - The email notifier engine won't be used.
06:33:20.090 [main] INFO  f.i.s.repairnator.pipeline.Launcher - Start by getting the build (buildId: 367854734) with the following config: RepairnatorConfig{runId='ad552a0f-88dd-4063-97e7-719040591c67_04-18-week3-PASSING_AND_PASSING', launcherMode=BEARS, serializeJson=true, inputPath='null', outputPath='/var/log', mongodbHost='null', mongodbName='repairnator', smtpServer='null', notifyTo=[], notifyEndProcess=false, push=true, pushRemoteRepo='https://github.com/fermadeiral/bears-collection-pp', fork=false, lookFromDate=null, lookToDate=null, buildId=367854734, z3solverPath='./z3_for_linux', workspacePath='./workspace', githubToken='c8a341a903[...]', dockerImageName='null', skipDelete=false, createOutputDir=false, logDirectory='null', nbThreads=0, globalTimeout=0, whiteList=null, blackList=null, jobSleepTime=0, buildSleepTime=0, maxInspectedBuilds=0, duration=null, humanPatch=false, repository='null', clean=true, bearsMode=BOTH, bearsDelimiter = false, repairTools=NopolAllTests,NPEFix,AssertFixer,AstorJGenProg,AstorJKali,NopolSingleTest,AstorJMut,NopolTestExclusionStrategy, githubUserName= fermadeiral, githubUserEmail=fer.madeiral@gmail.com}
06:33:21.331 [main] DEBUG fr.inria.jtravis.helpers.BuildHelper - Get request to :https://api.travis-ci.org/build/367854734 done after 741 ms
06:33:21.567 [main] DEBUG fr.inria.jtravis.helpers.BuildHelper - Get request to :https://api.travis-ci.org/build/367859300 done after 140 ms
06:33:21.585 [main] INFO  f.i.s.repairnator.pipeline.Launcher - The patched build (367859300) was successfully retrieved from Travis.
06:33:22.776 [main] INFO  fr.inria.jtravis.JTravis - GitHub ratelimit: Limit: 5000 Remaining: 4173 Reset hour: 19:40:37
06:33:23.023 [main] INFO  f.i.s.r.p.i.ProjectInspector - ----------------------------------------------------------------------
06:33:23.023 [main] INFO  f.i.s.r.p.i.ProjectInspector - PIPELINE STEPS
06:33:23.023 [main] INFO  f.i.s.r.p.i.ProjectInspector - ----------------------------------------------------------------------
06:33:23.024 [main] INFO  f.i.s.r.p.i.ProjectInspector - CloneRepository
06:33:23.024 [main] INFO  f.i.s.r.p.i.ProjectInspector - CheckoutPatchedBuildCandidate
06:33:23.024 [main] INFO  f.i.s.r.p.i.ProjectInspector - ComputeSourceDir
06:33:23.024 [main] INFO  f.i.s.r.p.i.ProjectInspector - ComputeTestDir
06:33:23.024 [main] INFO  f.i.s.r.p.i.ProjectInspector - CheckoutBuggyBuildCandidateSourceCode
06:33:23.024 [main] INFO  f.i.s.r.p.i.ProjectInspector - BuildProjectBuggyBuildCandidateSourceCode
06:33:23.025 [main] INFO  f.i.s.r.p.i.ProjectInspector - TestProjectBuggyBuildCandidateSourceCode
06:33:23.025 [main] INFO  f.i.s.r.p.i.ProjectInspector - GatherTestInformationBuggyBuildCandidateSourceCode
06:33:23.025 [main] INFO  f.i.s.r.p.i.ProjectInspector - CheckoutBuggyBuildTestCode
06:33:23.025 [main] INFO  f.i.s.r.p.i.ProjectInspector - InitRepoToPush
06:33:23.025 [main] INFO  f.i.s.r.p.i.ProjectInspector - ComputeClasspath
06:33:23.025 [main] INFO  f.i.s.r.p.i.ProjectInspector - ComputeModules
06:33:23.026 [main] INFO  f.i.s.r.p.i.ProjectInspector - CheckoutBuggyBuildCandidateSourceCode
06:33:23.026 [main] INFO  f.i.s.r.p.i.ProjectInspector - CommitChangedTests
06:33:23.026 [main] INFO  f.i.s.r.p.i.ProjectInspector - CheckoutPatchedBuildCandidate
06:33:23.026 [main] INFO  f.i.s.r.p.i.ProjectInspector - BuildProjectPatchedBuildCandidate
06:33:23.026 [main] INFO  f.i.s.r.p.i.ProjectInspector - TestProjectPatchedBuildCandidate
06:33:23.026 [main] INFO  f.i.s.r.p.i.ProjectInspector - GatherTestInformationPatchedBuildCandidate
06:33:23.027 [main] INFO  f.i.s.r.p.i.ProjectInspector - CommitPatch
06:33:23.027 [main] INFO  f.i.s.r.p.i.ProjectInspector - WritePropertyFile
06:33:23.027 [main] INFO  f.i.s.r.p.i.ProjectInspector - CommitProcessEnd
06:33:23.027 [main] INFO  f.i.s.r.p.i.ProjectInspector - PushProcessEnd
06:33:23.028 [main] DEBUG f.i.s.r.process.step.CloneRepository - ----------------------------------------------------------------------
06:33:23.028 [main] DEBUG f.i.s.r.process.step.CloneRepository - STEP 1/22: CloneRepository
06:33:23.028 [main] DEBUG f.i.s.r.process.step.CloneRepository - ----------------------------------------------------------------------
06:33:23.028 [main] DEBUG f.i.s.r.process.step.CloneRepository - Cloning repository apache/activemq-artemis in the following directory: ./workspace/apache/activemq-artemis/367854734
06:33:49.062 [main] DEBUG f.i.s.r.process.step.CloneRepository - STEP STATUS: [ CloneRepository : SUCCESS ]
06:33:49.062 [main] DEBUG f.i.s.r.process.step.CloneRepository - STEP DURATION: 26s
06:33:49.063 [main] DEBUG f.i.s.r.process.step.CloneRepository - EXECUTE NEXT STEP
06:33:49.063 [main] DEBUG f.i.s.r.p.s.c.CheckoutPatchedBuild - ----------------------------------------------------------------------
06:33:49.063 [main] DEBUG f.i.s.r.p.s.c.CheckoutPatchedBuild - STEP 2/22: CheckoutPatchedBuildCandidate
06:33:49.063 [main] DEBUG f.i.s.r.p.s.c.CheckoutPatchedBuild - ----------------------------------------------------------------------
06:33:49.063 [main] DEBUG f.i.s.r.p.s.c.CheckoutPatchedBuild - Checking out patched build candidate...
06:33:49.361 [main] INFO  fr.inria.jtravis.JTravis - GitHub ratelimit: Limit: 5000 Remaining: 4168 Reset hour: 19:40:37
06:33:51.257 [main] DEBUG f.i.s.r.p.s.c.CheckoutPatchedBuild - Reproduce the PR for apache/activemq-artemis by fetching remote branch and merging.
06:34:33.357 [main] DEBUG f.i.s.r.process.git.GitHelper - Step CheckoutPatchedBuildCandidate - Get the commit 1e9f76f45a5ded70f3c55d40071bfa5304e59044 for repo apache/activemq-artemis
06:34:34.125 [main] DEBUG f.i.s.r.process.git.GitHelper - Step CheckoutPatchedBuildCandidate - Do the merge with the PR commit for repo apache/activemq-artemis
06:34:34.142 [main] INFO  f.i.s.r.process.git.GitHelper - Init git submodules.
06:34:34.236 [main] DEBUG f.i.s.r.p.s.c.CheckoutPatchedBuild - STEP STATUS: [ CheckoutPatchedBuildCandidate : SUCCESS ]
06:34:34.237 [main] DEBUG f.i.s.r.p.s.c.CheckoutPatchedBuild - STEP DURATION: 45s
06:34:34.238 [main] DEBUG f.i.s.r.p.s.c.CheckoutPatchedBuild - EXECUTE NEXT STEP
06:34:34.239 [main] DEBUG f.i.s.r.p.s.paths.ComputeSourceDir - ----------------------------------------------------------------------
06:34:34.240 [main] DEBUG f.i.s.r.p.s.paths.ComputeSourceDir - STEP 3/22: ComputeSourceDir
06:34:34.240 [main] DEBUG f.i.s.r.p.s.paths.ComputeSourceDir - ----------------------------------------------------------------------
06:34:34.240 [main] DEBUG f.i.s.r.p.s.paths.ComputeSourceDir - Computing the source directory ...
06:34:34.243 [main] DEBUG f.i.s.r.p.s.paths.ComputeSourceDir - The default source directory (/root/workspace/apache/activemq-artemis/367854734/src/main/java) does not exist. Try to read pom.xml to get information.
06:34:34.387 [main] DEBUG f.i.s.r.p.m.RepositoryModelResolver - Downloading https://repo1.maven.org/maven2/org/apache/apache/18/apache-18.pom
06:34:34.551 [main] ERROR f.i.s.r.process.maven.MavenHelper - Error while building complete model. The raw model will be used. Error message: 2 problems were encountered while building the effective model for org.apache.activemq:artemis-pom:2.6.0-SNAPSHOT
[ERROR] Failed to determine Java version for profile ibm-jdk8 @ 
[ERROR] Failed to determine Java version for profile jdk18 @ 

06:34:34.585 [main] DEBUG f.i.s.r.p.s.paths.ComputeSourceDir - Build section does not exist in the following pom.xml: /root/workspace/apache/activemq-artemis/367854734/pom.xml. Continue to try to get source dir from all modules.
06:34:34.586 [main] DEBUG f.i.s.r.p.s.paths.ComputeSourceDir - The default source directory (/root/workspace/apache/activemq-artemis/367854734/artemis-protocols/src/main/java) does not exist. Try to read pom.xml to get information.
06:34:34.603 [main] ERROR f.i.s.r.process.maven.MavenHelper - Error while building complete model. The raw model will be used. Error message: 2 problems were encountered while building the effective model for org.apache.activemq:artemis-protocols:2.6.0-SNAPSHOT
[ERROR] Failed to determine Java version for profile ibm-jdk8 @ org.apache.activemq:artemis-pom:2.6.0-SNAPSHOT, /root/workspace/apache/activemq-artemis/367854734/pom.xml
[ERROR] Failed to determine Java version for profile jdk18 @ org.apache.activemq:artemis-pom:2.6.0-SNAPSHOT, /root/workspace/apache/activemq-artemis/367854734/pom.xml

06:34:34.604 [main] DEBUG f.i.s.r.p.s.paths.ComputeSourceDir - Build section does not exist in the following pom.xml: /root/workspace/apache/activemq-artemis/367854734/artemis-protocols/pom.xml. Continue to try to get source dir from all modules.
06:34:34.621 [main] ERROR f.i.s.r.process.maven.MavenHelper - Error while building complete model. The raw model will be used. Error message: 2 problems were encountered while building the effective model for org.apache.activemq:artemis-amqp-protocol:2.6.0-SNAPSHOT
[ERROR] Failed to determine Java version for profile ibm-jdk8 @ org.apache.activemq:artemis-pom:2.6.0-SNAPSHOT, /root/workspace/apache/activemq-artemis/367854734/pom.xml
[ERROR] Failed to determine Java version for profile jdk18 @ org.apache.activemq:artemis-pom:2.6.0-SNAPSHOT, /root/workspace/apache/activemq-artemis/367854734/pom.xml

06:34:34.637 [main] ERROR f.i.s.r.process.maven.MavenHelper - Error while building complete model. The raw model will be used. Error message: 2 problems were encountered while building the effective model for org.apache.activemq:artemis-stomp-protocol:2.6.0-SNAPSHOT
[ERROR] Failed to determine Java version for profile ibm-jdk8 @ org.apache.activemq:artemis-pom:2.6.0-SNAPSHOT, /root/workspace/apache/activemq-artemis/367854734/pom.xml
[ERROR] Failed to determine Java version for profile jdk18 @ org.apache.activemq:artemis-pom:2.6.0-SNAPSHOT, /root/workspace/apache/activemq-artemis/367854734/pom.xml

06:34:34.659 [main] ERROR f.i.s.r.process.maven.MavenHelper - Error while building complete model. The raw model will be used. Error message: 2 problems were encountered while building the effective model for org.apache.activemq:artemis-openwire-protocol:2.6.0-SNAPSHOT
[ERROR] Failed to determine Java version for profile ibm-jdk8 @ org.apache.activemq:artemis-pom:2.6.0-SNAPSHOT, /root/workspace/apache/activemq-artemis/367854734/pom.xml
[ERROR] Failed to determine Java version for profile jdk18 @ org.apache.activemq:artemis-pom:2.6.0-SNAPSHOT, /root/workspace/apache/activemq-artemis/367854734/pom.xml

06:34:34.674 [main] ERROR f.i.s.r.process.maven.MavenHelper - Error while building complete model. The raw model will be used. Error message: 2 problems were encountered while building the effective model for org.apache.activemq:artemis-hornetq-protocol:2.6.0-SNAPSHOT
[ERROR] Failed to determine Java version for profile ibm-jdk8 @ org.apache.activemq:artemis-pom:2.6.0-SNAPSHOT, /root/workspace/apache/activemq-artemis/367854734/pom.xml
[ERROR] Failed to determine Java version for profile jdk18 @ org.apache.activemq:artemis-pom:2.6.0-SNAPSHOT, /root/workspace/apache/activemq-artemis/367854734/pom.xml

06:34:34.690 [main] ERROR f.i.s.r.process.maven.MavenHelper - Error while building complete model. The raw model will be used. Error message: 2 problems were encountered while building the effective model for org.apache.activemq:artemis-hqclient-protocol:2.6.0-SNAPSHOT
[ERROR] Failed to determine Java version for profile ibm-jdk8 @ org.apache.activemq:artemis-pom:2.6.0-SNAPSHOT, /root/workspace/apache/activemq-artemis/367854734/pom.xml
[ERROR] Failed to determine Java version for profile jdk18 @ org.apache.activemq:artemis-pom:2.6.0-SNAPSHOT, /root/workspace/apache/activemq-artemis/367854734/pom.xml

06:34:34.702 [main] ERROR f.i.s.r.process.maven.MavenHelper - Error while building complete model. The raw model will be used. Error message: 2 problems were encountered while building the effective model for org.apache.activemq:artemis-mqtt-protocol:2.6.0-SNAPSHOT
[ERROR] Failed to determine Java version for profile ibm-jdk8 @ org.apache.activemq:artemis-pom:2.6.0-SNAPSHOT, /root/workspace/apache/activemq-artemis/367854734/pom.xml
[ERROR] Failed to determine Java version for profile jdk18 @ org.apache.activemq:artemis-pom:2.6.0-SNAPSHOT, /root/workspace/apache/activemq-artemis/367854734/pom.xml

06:34:34.725 [main] ERROR f.i.s.r.process.maven.MavenHelper - Error while building complete model. The raw model will be used. Error message: 3 problems were encountered while building the effective model for org.apache.activemq:artemis-dto:2.6.0-SNAPSHOT
[ERROR] Failed to determine Java version for profile jdk-1.5 @ org.apache.activemq:artemis-dto:[unknown-version], /root/workspace/apache/activemq-artemis/367854734/artemis-dto/pom.xml
[ERROR] Failed to determine Java version for profile ibm-jdk8 @ org.apache.activemq:artemis-pom:2.6.0-SNAPSHOT, /root/workspace/apache/activemq-artemis/367854734/pom.xml
[ERROR] Failed to determine Java version for profile jdk18 @ org.apache.activemq:artemis-pom:2.6.0-SNAPSHOT, /root/workspace/apache/activemq-artemis/367854734/pom.xml

06:34:34.736 [main] ERROR f.i.s.r.process.maven.MavenHelper - Error while building complete model. The raw model will be used. Error message: 2 problems were encountered while building the effective model for org.apache.activemq:artemis-cdi-client:2.6.0-SNAPSHOT
[ERROR] Failed to determine Java version for profile ibm-jdk8 @ org.apache.activemq:artemis-pom:2.6.0-SNAPSHOT, /root/workspace/apache/activemq-artemis/367854734/pom.xml
[ERROR] Failed to determine Java version for profile jdk18 @ org.apache.activemq:artemis-pom:2.6.0-SNAPSHOT, /root/workspace/apache/activemq-artemis/367854734/pom.xml

06:34:34.745 [main] ERROR f.i.s.r.process.maven.MavenHelper - Error while building complete model. The raw model will be used. Error message: 2 problems were encountered while building the effective model for org.apache.activemq:artemis-boot:2.6.0-SNAPSHOT
[ERROR] Failed to determine Java version for profile ibm-jdk8 @ org.apache.activemq:artemis-pom:2.6.0-SNAPSHOT, /root/workspace/apache/activemq-artemis/367854734/pom.xml
[ERROR] Failed to determine Java version for profile jdk18 @ org.apache.activemq:artemis-pom:2.6.0-SNAPSHOT, /root/workspace/apache/activemq-artemis/367854734/pom.xml

06:34:34.755 [main] ERROR f.i.s.r.process.maven.MavenHelper - Error while building complete model. The raw model will be used. Error message: 2 problems were encountered while building the effective model for org.apache.activemq:artemis-web:2.6.0-SNAPSHOT
[ERROR] Failed to determine Java version for profile ibm-jdk8 @ org.apache.activemq:artemis-pom:2.6.0-SNAPSHOT, /root/workspace/apache/activemq-artemis/367854734/pom.xml
[ERROR] Failed to determine Java version for profile jdk18 @ org.apache.activemq:artemis-pom:2.6.0-SNAPSHOT, /root/workspace/apache/activemq-artemis/367854734/pom.xml

06:34:34.756 [main] DEBUG f.i.s.r.p.s.paths.ComputeSourceDir - The default source directory (/root/workspace/apache/activemq-artemis/367854734/artemis-website/src/main/java) does not exist. Try to read pom.xml to get information.
06:34:34.766 [main] ERROR f.i.s.r.process.maven.MavenHelper - Error while building complete model. The raw model will be used. Error message: 2 problems were encountered while building the effective model for org.apache.activemq:artemis-website:2.6.0-SNAPSHOT
[ERROR] Failed to determine Java version for profile ibm-jdk8 @ org.apache.activemq:artemis-pom:2.6.0-SNAPSHOT, /root/workspace/apache/activemq-artemis/367854734/pom.xml
[ERROR] Failed to determine Java version for profile jdk18 @ org.apache.activemq:artemis-pom:2.6.0-SNAPSHOT, /root/workspace/apache/activemq-artemis/367854734/pom.xml

06:34:34.767 [main] DEBUG f.i.s.r.p.s.paths.ComputeSourceDir - Build section does not exist in the following pom.xml: /root/workspace/apache/activemq-artemis/367854734/artemis-website/pom.xml. Continue to try to get source dir from all modules.
06:34:34.767 [main] ERROR f.i.s.r.p.s.paths.ComputeSourceDir - The source directory is not at default location or specified in build section from pom.xml, and no parent can be found.
06:34:34.776 [main] ERROR f.i.s.r.process.maven.MavenHelper - Error while building complete model. The raw model will be used. Error message: 2 problems were encountered while building the effective model for org.apache.activemq:artemis-cli:2.6.0-SNAPSHOT
[ERROR] Failed to determine Java version for profile ibm-jdk8 @ org.apache.activemq:artemis-pom:2.6.0-SNAPSHOT, /root/workspace/apache/activemq-artemis/367854734/pom.xml
[ERROR] Failed to determine Java version for profile jdk18 @ org.apache.activemq:artemis-pom:2.6.0-SNAPSHOT, /root/workspace/apache/activemq-artemis/367854734/pom.xml

06:34:34.790 [main] ERROR f.i.s.r.process.maven.MavenHelper - Error while building complete model. The raw model will be used. Error message: 2 problems were encountered while building the effective model for org.apache.activemq:artemis-commons:2.6.0-SNAPSHOT
[ERROR] Failed to determine Java version for profile ibm-jdk8 @ org.apache.activemq:artemis-pom:2.6.0-SNAPSHOT, /root/workspace/apache/activemq-artemis/367854734/pom.xml
[ERROR] Failed to determine Java version for profile jdk18 @ org.apache.activemq:artemis-pom:2.6.0-SNAPSHOT, /root/workspace/apache/activemq-artemis/367854734/pom.xml

06:34:34.799 [main] ERROR f.i.s.r.process.maven.MavenHelper - Error while building complete model. The raw model will be used. Error message: 3 problems were encountered while building the effective model for org.apache.activemq:artemis-selector:2.6.0-SNAPSHOT
[ERROR] Failed to determine Java version for profile ibm-jdk8 @ org.apache.activemq:artemis-selector:[unknown-version], /root/workspace/apache/activemq-artemis/367854734/artemis-selector/pom.xml
[ERROR] Failed to determine Java version for profile ibm-jdk8 @ org.apache.activemq:artemis-pom:2.6.0-SNAPSHOT, /root/workspace/apache/activemq-artemis/367854734/pom.xml
[ERROR] Failed to determine Java version for profile jdk18 @ org.apache.activemq:artemis-pom:2.6.0-SNAPSHOT, /root/workspace/apache/activemq-artemis/367854734/pom.xml

06:34:34.808 [main] ERROR f.i.s.r.process.maven.MavenHelper - Error while building complete model. The raw model will be used. Error message: 2 problems were encountered while building the effective model for org.apache.activemq:artemis-core-client:2.6.0-SNAPSHOT
[ERROR] Failed to determine Java version for profile ibm-jdk8 @ org.apache.activemq:artemis-pom:2.6.0-SNAPSHOT, /root/workspace/apache/activemq-artemis/367854734/pom.xml
[ERROR] Failed to determine Java version for profile jdk18 @ org.apache.activemq:artemis-pom:2.6.0-SNAPSHOT, /root/workspace/apache/activemq-artemis/367854734/pom.xml

06:34:34.809 [main] DEBUG f.i.s.r.p.s.paths.ComputeSourceDir - The default source directory (/root/workspace/apache/activemq-artemis/367854734/artemis-core-client-all/src/main/java) does not exist. Try to read pom.xml to get information.
06:34:34.817 [main] ERROR f.i.s.r.process.maven.MavenHelper - Error while building complete model. The raw model will be used. Error message: 2 problems were encountered while building the effective model for org.apache.activemq:artemis-core-client-all:2.6.0-SNAPSHOT
[ERROR] Failed to determine Java version for profile ibm-jdk8 @ org.apache.activemq:artemis-pom:2.6.0-SNAPSHOT, /root/workspace/apache/activemq-artemis/367854734/pom.xml
[ERROR] Failed to determine Java version for profile jdk18 @ org.apache.activemq:artemis-pom:2.6.0-SNAPSHOT, /root/workspace/apache/activemq-artemis/367854734/pom.xml

06:34:34.818 [main] DEBUG f.i.s.r.p.s.paths.ComputeSourceDir - Build section does not exist in the following pom.xml: /root/workspace/apache/activemq-artemis/367854734/artemis-core-client-all/pom.xml. Continue to try to get source dir from all modules.
06:34:34.818 [main] ERROR f.i.s.r.p.s.paths.ComputeSourceDir - The source directory is not at default location or specified in build section from pom.xml, and no parent can be found.
06:34:34.819 [main] DEBUG f.i.s.r.p.s.paths.ComputeSourceDir - The default source directory (/root/workspace/apache/activemq-artemis/367854734/artemis-core-client-osgi/src/main/java) does not exist. Try to read pom.xml to get information.
06:34:34.826 [main] ERROR f.i.s.r.process.maven.MavenHelper - Error while building complete model. The raw model will be used. Error message: 2 problems were encountered while building the effective model for org.apache.activemq:artemis-core-client-osgi:2.6.0-SNAPSHOT
[ERROR] Failed to determine Java version for profile ibm-jdk8 @ org.apache.activemq:artemis-pom:2.6.0-SNAPSHOT, /root/workspace/apache/activemq-artemis/367854734/pom.xml
[ERROR] Failed to determine Java version for profile jdk18 @ org.apache.activemq:artemis-pom:2.6.0-SNAPSHOT, /root/workspace/apache/activemq-artemis/367854734/pom.xml

06:34:34.828 [main] DEBUG f.i.s.r.p.s.paths.ComputeSourceDir - Build section does not exist in the following pom.xml: /root/workspace/apache/activemq-artemis/367854734/artemis-core-client-osgi/pom.xml. Continue to try to get source dir from all modules.
06:34:34.828 [main] ERROR f.i.s.r.p.s.paths.ComputeSourceDir - The source directory is not at default location or specified in build section from pom.xml, and no parent can be found.
06:34:34.837 [main] ERROR f.i.s.r.process.maven.MavenHelper - Error while building complete model. The raw model will be used. Error message: 2 problems were encountered while building the effective model for org.apache.activemq:artemis-server:2.6.0-SNAPSHOT
[ERROR] Failed to determine Java version for profile ibm-jdk8 @ org.apache.activemq:artemis-pom:2.6.0-SNAPSHOT, /root/workspace/apache/activemq-artemis/367854734/pom.xml
[ERROR] Failed to determine Java version for profile jdk18 @ org.apache.activemq:artemis-pom:2.6.0-SNAPSHOT, /root/workspace/apache/activemq-artemis/367854734/pom.xml

06:34:34.846 [main] ERROR f.i.s.r.process.maven.MavenHelper - Error while building complete model. The raw model will be used. Error message: 2 problems were encountered while building the effective model for org.apache.activemq:artemis-junit:2.6.0-SNAPSHOT
[ERROR] Failed to determine Java version for profile ibm-jdk8 @ org.apache.activemq:artemis-pom:2.6.0-SNAPSHOT, /root/workspace/apache/activemq-artemis/367854734/pom.xml
[ERROR] Failed to determine Java version for profile jdk18 @ org.apache.activemq:artemis-pom:2.6.0-SNAPSHOT, /root/workspace/apache/activemq-artemis/367854734/pom.xml

06:34:34.854 [main] ERROR f.i.s.r.process.maven.MavenHelper - Error while building complete model. The raw model will be used. Error message: 2 problems were encountered while building the effective model for org.apache.activemq:artemis-jms-client:2.6.0-SNAPSHOT
[ERROR] Failed to determine Java version for profile ibm-jdk8 @ org.apache.activemq:artemis-pom:2.6.0-SNAPSHOT, /root/workspace/apache/activemq-artemis/367854734/pom.xml
[ERROR] Failed to determine Java version for profile jdk18 @ org.apache.activemq:artemis-pom:2.6.0-SNAPSHOT, /root/workspace/apache/activemq-artemis/367854734/pom.xml

06:34:34.858 [main] DEBUG f.i.s.r.p.s.paths.ComputeSourceDir - The default source directory (/root/workspace/apache/activemq-artemis/367854734/artemis-jms-client-all/src/main/java) does not exist. Try to read pom.xml to get information.
06:34:34.868 [main] ERROR f.i.s.r.process.maven.MavenHelper - Error while building complete model. The raw model will be used. Error message: 2 problems were encountered while building the effective model for org.apache.activemq:artemis-jms-client-all:2.6.0-SNAPSHOT
[ERROR] Failed to determine Java version for profile ibm-jdk8 @ org.apache.activemq:artemis-pom:2.6.0-SNAPSHOT, /root/workspace/apache/activemq-artemis/367854734/pom.xml
[ERROR] Failed to determine Java version for profile jdk18 @ org.apache.activemq:artemis-pom:2.6.0-SNAPSHOT, /root/workspace/apache/activemq-artemis/367854734/pom.xml

06:34:34.869 [main] DEBUG f.i.s.r.p.s.paths.ComputeSourceDir - Build section does not exist in the following pom.xml: /root/workspace/apache/activemq-artemis/367854734/artemis-jms-client-all/pom.xml. Continue to try to get source dir from all modules.
06:34:34.869 [main] ERROR f.i.s.r.p.s.paths.ComputeSourceDir - The source directory is not at default location or specified in build section from pom.xml, and no parent can be found.
06:34:34.870 [main] DEBUG f.i.s.r.p.s.paths.ComputeSourceDir - The default source directory (/root/workspace/apache/activemq-artemis/367854734/artemis-jms-client-osgi/src/main/java) does not exist. Try to read pom.xml to get information.
06:34:34.878 [main] ERROR f.i.s.r.process.maven.MavenHelper - Error while building complete model. The raw model will be used. Error message: 2 problems were encountered while building the effective model for org.apache.activemq:artemis-jms-client-osgi:2.6.0-SNAPSHOT
[ERROR] Failed to determine Java version for profile ibm-jdk8 @ org.apache.activemq:artemis-pom:2.6.0-SNAPSHOT, /root/workspace/apache/activemq-artemis/367854734/pom.xml
[ERROR] Failed to determine Java version for profile jdk18 @ org.apache.activemq:artemis-pom:2.6.0-SNAPSHOT, /root/workspace/apache/activemq-artemis/367854734/pom.xml

06:34:34.878 [main] DEBUG f.i.s.r.p.s.paths.ComputeSourceDir - Build section does not exist in the following pom.xml: /root/workspace/apache/activemq-artemis/367854734/artemis-jms-client-osgi/pom.xml. Continue to try to get source dir from all modules.
06:34:34.879 [main] ERROR f.i.s.r.p.s.paths.ComputeSourceDir - The source directory is not at default location or specified in build section from pom.xml, and no parent can be found.
06:34:34.886 [main] ERROR f.i.s.r.process.maven.MavenHelper - Error while building complete model. The raw model will be used. Error message: 2 problems were encountered while building the effective model for org.apache.activemq:artemis-jms-server:2.6.0-SNAPSHOT
[ERROR] Failed to determine Java version for profile ibm-jdk8 @ org.apache.activemq:artemis-pom:2.6.0-SNAPSHOT, /root/workspace/apache/activemq-artemis/367854734/pom.xml
[ERROR] Failed to determine Java version for profile jdk18 @ org.apache.activemq:artemis-pom:2.6.0-SNAPSHOT, /root/workspace/apache/activemq-artemis/367854734/pom.xml

06:34:34.894 [main] ERROR f.i.s.r.process.maven.MavenHelper - Error while building complete model. The raw model will be used. Error message: 2 problems were encountered while building the effective model for org.apache.activemq:artemis-native:2.6.0-SNAPSHOT
[ERROR] Failed to determine Java version for profile ibm-jdk8 @ org.apache.activemq:artemis-pom:2.6.0-SNAPSHOT, /root/workspace/apache/activemq-artemis/367854734/pom.xml
[ERROR] Failed to determine Java version for profile jdk18 @ org.apache.activemq:artemis-pom:2.6.0-SNAPSHOT, /root/workspace/apache/activemq-artemis/367854734/pom.xml

06:34:34.901 [main] ERROR f.i.s.r.process.maven.MavenHelper - Error while building complete model. The raw model will be used. Error message: 2 problems were encountered while building the effective model for org.apache.activemq:artemis-journal:2.6.0-SNAPSHOT
[ERROR] Failed to determine Java version for profile ibm-jdk8 @ org.apache.activemq:artemis-pom:2.6.0-SNAPSHOT, /root/workspace/apache/activemq-artemis/367854734/pom.xml
[ERROR] Failed to determine Java version for profile jdk18 @ org.apache.activemq:artemis-pom:2.6.0-SNAPSHOT, /root/workspace/apache/activemq-artemis/367854734/pom.xml

06:34:34.914 [main] ERROR f.i.s.r.process.maven.MavenHelper - Error while building complete model. The raw model will be used. Error message: 2 problems were encountered while building the effective model for org.apache.activemq:artemis-ra:2.6.0-SNAPSHOT
[ERROR] Failed to determine Java version for profile ibm-jdk8 @ org.apache.activemq:artemis-pom:2.6.0-SNAPSHOT, /root/workspace/apache/activemq-artemis/367854734/pom.xml
[ERROR] Failed to determine Java version for profile jdk18 @ org.apache.activemq:artemis-pom:2.6.0-SNAPSHOT, /root/workspace/apache/activemq-artemis/367854734/pom.xml

06:34:34.921 [main] ERROR f.i.s.r.process.maven.MavenHelper - Error while building complete model. The raw model will be used. Error message: 2 problems were encountered while building the effective model for org.apache.activemq.rest:artemis-rest:2.6.0-SNAPSHOT
[ERROR] Failed to determine Java version for profile ibm-jdk8 @ org.apache.activemq:artemis-pom:2.6.0-SNAPSHOT, /root/workspace/apache/activemq-artemis/367854734/pom.xml
[ERROR] Failed to determine Java version for profile jdk18 @ org.apache.activemq:artemis-pom:2.6.0-SNAPSHOT, /root/workspace/apache/activemq-artemis/367854734/pom.xml

06:34:34.928 [main] ERROR f.i.s.r.process.maven.MavenHelper - Error while building complete model. The raw model will be used. Error message: 2 problems were encountered while building the effective model for org.apache.activemq:artemis-service-extensions:2.6.0-SNAPSHOT
[ERROR] Failed to determine Java version for profile ibm-jdk8 @ org.apache.activemq:artemis-pom:2.6.0-SNAPSHOT, /root/workspace/apache/activemq-artemis/367854734/pom.xml
[ERROR] Failed to determine Java version for profile jdk18 @ org.apache.activemq:artemis-pom:2.6.0-SNAPSHOT, /root/workspace/apache/activemq-artemis/367854734/pom.xml

06:34:34.947 [main] ERROR f.i.s.r.process.maven.MavenHelper - Error while building complete model. The raw model will be used. Error message: 2 problems were encountered while building the effective model for org.apache.activemq:artemis-jdbc-store:2.6.0-SNAPSHOT
[ERROR] Failed to determine Java version for profile ibm-jdk8 @ org.apache.activemq:artemis-pom:2.6.0-SNAPSHOT, /root/workspace/apache/activemq-artemis/367854734/pom.xml
[ERROR] Failed to determine Java version for profile jdk18 @ org.apache.activemq:artemis-pom:2.6.0-SNAPSHOT, /root/workspace/apache/activemq-artemis/367854734/pom.xml

06:34:34.960 [main] ERROR f.i.s.r.process.maven.MavenHelper - Error while building complete model. The raw model will be used. Error message: 2 problems were encountered while building the effective model for org.apache.activemq:artemis-maven-plugin:2.6.0-SNAPSHOT
[ERROR] Failed to determine Java version for profile ibm-jdk8 @ org.apache.activemq:artemis-pom:2.6.0-SNAPSHOT, /root/workspace/apache/activemq-artemis/367854734/pom.xml
[ERROR] Failed to determine Java version for profile jdk18 @ org.apache.activemq:artemis-pom:2.6.0-SNAPSHOT, /root/workspace/apache/activemq-artemis/367854734/pom.xml

06:34:34.973 [main] ERROR f.i.s.r.process.maven.MavenHelper - Error while building complete model. The raw model will be used. Error message: 2 problems were encountered while building the effective model for org.apache.activemq:artemis-server-osgi:2.6.0-SNAPSHOT
[ERROR] Failed to determine Java version for profile ibm-jdk8 @ org.apache.activemq:artemis-pom:2.6.0-SNAPSHOT, /root/workspace/apache/activemq-artemis/367854734/pom.xml
[ERROR] Failed to determine Java version for profile jdk18 @ org.apache.activemq:artemis-pom:2.6.0-SNAPSHOT, /root/workspace/apache/activemq-artemis/367854734/pom.xml

06:34:34.974 [main] DEBUG f.i.s.r.p.s.paths.ComputeSourceDir - The default source directory (/root/workspace/apache/activemq-artemis/367854734/artemis-hawtio/src/main/java) does not exist. Try to read pom.xml to get information.
06:34:34.986 [main] ERROR f.i.s.r.process.maven.MavenHelper - Error while building complete model. The raw model will be used. Error message: 2 problems were encountered while building the effective model for org.apache.activemq:artemis-hawtio-pom:2.6.0-SNAPSHOT
[ERROR] Failed to determine Java version for profile ibm-jdk8 @ org.apache.activemq:artemis-pom:2.6.0-SNAPSHOT, /root/workspace/apache/activemq-artemis/367854734/pom.xml
[ERROR] Failed to determine Java version for profile jdk18 @ org.apache.activemq:artemis-pom:2.6.0-SNAPSHOT, /root/workspace/apache/activemq-artemis/367854734/pom.xml

06:34:34.987 [main] DEBUG f.i.s.r.p.s.paths.ComputeSourceDir - Build section does not exist in the following pom.xml: /root/workspace/apache/activemq-artemis/367854734/artemis-hawtio/pom.xml. Continue to try to get source dir from all modules.
06:34:35.001 [main] ERROR f.i.s.r.process.maven.MavenHelper - Error while building complete model. The raw model will be used. Error message: 2 problems were encountered while building the effective model for org.apache.activemq:activemq-branding:2.6.0-SNAPSHOT
[ERROR] Failed to determine Java version for profile ibm-jdk8 @ org.apache.activemq:artemis-pom:2.6.0-SNAPSHOT, /root/workspace/apache/activemq-artemis/367854734/pom.xml
[ERROR] Failed to determine Java version for profile jdk18 @ org.apache.activemq:artemis-pom:2.6.0-SNAPSHOT, /root/workspace/apache/activemq-artemis/367854734/pom.xml

06:34:35.016 [main] ERROR f.i.s.r.process.maven.MavenHelper - Error while building complete model. The raw model will be used. Error message: 2 problems were encountered while building the effective model for org.apache.activemq:artemis-plugin:2.6.0-SNAPSHOT
[ERROR] Failed to determine Java version for profile ibm-jdk8 @ org.apache.activemq:artemis-pom:2.6.0-SNAPSHOT, /root/workspace/apache/activemq-artemis/367854734/pom.xml
[ERROR] Failed to determine Java version for profile jdk18 @ org.apache.activemq:artemis-pom:2.6.0-SNAPSHOT, /root/workspace/apache/activemq-artemis/367854734/pom.xml

06:34:35.017 [main] DEBUG f.i.s.r.p.s.paths.ComputeSourceDir - The default source directory (/root/workspace/apache/activemq-artemis/367854734/artemis-hawtio/artemis-console/src/main/java) does not exist. Try to read pom.xml to get information.
06:34:35.047 [main] ERROR f.i.s.r.process.maven.MavenHelper - Error while building complete model. The raw model will be used. Error message: 2 problems were encountered while building the effective model for org.apache.activemq:artemis-console:2.6.0-SNAPSHOT
[ERROR] Failed to determine Java version for profile ibm-jdk8 @ org.apache.activemq:artemis-pom:2.6.0-SNAPSHOT, /root/workspace/apache/activemq-artemis/367854734/pom.xml
[ERROR] Failed to determine Java version for profile jdk18 @ org.apache.activemq:artemis-pom:2.6.0-SNAPSHOT, /root/workspace/apache/activemq-artemis/367854734/pom.xml

06:34:35.050 [main] DEBUG f.i.s.r.p.s.paths.ComputeSourceDir - Build section does not exist in the following pom.xml: /root/workspace/apache/activemq-artemis/367854734/artemis-hawtio/artemis-console/pom.xml. Continue to try to get source dir from all modules.
06:34:35.050 [main] ERROR f.i.s.r.p.s.paths.ComputeSourceDir - The source directory is not at default location or specified in build section from pom.xml, and no parent can be found.
06:34:35.072 [main] ERROR f.i.s.r.process.maven.MavenHelper - Error while building complete model. The raw model will be used. Error message: 2 problems were encountered while building the effective model for org.apache.activemq:artemis-spring-integration:2.6.0-SNAPSHOT
[ERROR] Failed to determine Java version for profile ibm-jdk8 @ org.apache.activemq:artemis-pom:2.6.0-SNAPSHOT, /root/workspace/apache/activemq-artemis/367854734/pom.xml
[ERROR] Failed to determine Java version for profile jdk18 @ org.apache.activemq:artemis-pom:2.6.0-SNAPSHOT, /root/workspace/apache/activemq-artemis/367854734/pom.xml

06:34:35.073 [main] DEBUG f.i.s.r.p.s.paths.ComputeSourceDir - The default source directory (/root/workspace/apache/activemq-artemis/367854734/artemis-distribution/src/main/java) does not exist. Try to read pom.xml to get information.
06:34:35.086 [main] ERROR f.i.s.r.process.maven.MavenHelper - Error while building complete model. The raw model will be used. Error message: 2 problems were encountered while building the effective model for org.apache.activemq:apache-artemis:2.6.0-SNAPSHOT
[ERROR] Failed to determine Java version for profile ibm-jdk8 @ org.apache.activemq:artemis-pom:2.6.0-SNAPSHOT, /root/workspace/apache/activemq-artemis/367854734/pom.xml
[ERROR] Failed to determine Java version for profile jdk18 @ org.apache.activemq:artemis-pom:2.6.0-SNAPSHOT, /root/workspace/apache/activemq-artemis/367854734/pom.xml

06:34:35.087 [main] DEBUG f.i.s.r.p.s.paths.ComputeSourceDir - Build section does not exist in the following pom.xml: /root/workspace/apache/activemq-artemis/367854734/artemis-distribution/pom.xml. Continue to try to get source dir from all modules.
06:34:35.088 [main] ERROR f.i.s.r.p.s.paths.ComputeSourceDir - The source directory is not at default location or specified in build section from pom.xml, and no parent can be found.
06:34:35.099 [main] ERROR f.i.s.r.process.maven.MavenHelper - Error while building complete model. The raw model will be used. Error message: 2 problems were encountered while building the effective model for org.apache.activemq:artemis-tools:2.6.0-SNAPSHOT
[ERROR] Failed to determine Java version for profile ibm-jdk8 @ org.apache.activemq:artemis-pom:2.6.0-SNAPSHOT, /root/workspace/apache/activemq-artemis/367854734/pom.xml
[ERROR] Failed to determine Java version for profile jdk18 @ org.apache.activemq:artemis-pom:2.6.0-SNAPSHOT, /root/workspace/apache/activemq-artemis/367854734/pom.xml

06:34:35.100 [main] DEBUG f.i.s.r.p.s.paths.ComputeSourceDir - The default source directory (/root/workspace/apache/activemq-artemis/367854734/tests/src/main/java) does not exist. Try to read pom.xml to get information.
06:34:35.112 [main] ERROR f.i.s.r.process.maven.MavenHelper - Error while building complete model. The raw model will be used. Error message: 2 problems were encountered while building the effective model for org.apache.activemq.tests:artemis-tests-pom:2.6.0-SNAPSHOT
[ERROR] Failed to determine Java version for profile ibm-jdk8 @ org.apache.activemq:artemis-pom:2.6.0-SNAPSHOT, /root/workspace/apache/activemq-artemis/367854734/pom.xml
[ERROR] Failed to determine Java version for profile jdk18 @ org.apache.activemq:artemis-pom:2.6.0-SNAPSHOT, /root/workspace/apache/activemq-artemis/367854734/pom.xml

06:34:35.113 [main] DEBUG f.i.s.r.p.s.paths.ComputeSourceDir - Build section does not exist in the following pom.xml: /root/workspace/apache/activemq-artemis/367854734/tests/pom.xml. Continue to try to get source dir from all modules.
06:34:35.113 [main] DEBUG f.i.s.r.p.s.paths.ComputeSourceDir - The default source directory (/root/workspace/apache/activemq-artemis/367854734/tests/unit-tests/src/main/java) does not exist. Try to read pom.xml to get information.
06:34:35.126 [main] ERROR f.i.s.r.process.maven.MavenHelper - Error while building complete model. The raw model will be used. Error message: 2 problems were encountered while building the effective model for org.apache.activemq.tests:unit-tests:2.6.0-SNAPSHOT
[ERROR] Failed to determine Java version for profile ibm-jdk8 @ org.apache.activemq:artemis-pom:2.6.0-SNAPSHOT, /root/workspace/apache/activemq-artemis/367854734/pom.xml
[ERROR] Failed to determine Java version for profile jdk18 @ org.apache.activemq:artemis-pom:2.6.0-SNAPSHOT, /root/workspace/apache/activemq-artemis/367854734/pom.xml

06:34:35.127 [main] DEBUG f.i.s.r.p.s.paths.ComputeSourceDir - Build section does not exist in the following pom.xml: /root/workspace/apache/activemq-artemis/367854734/tests/unit-tests/pom.xml. Continue to try to get source dir from all modules.
06:34:35.127 [main] ERROR f.i.s.r.p.s.paths.ComputeSourceDir - The source directory is not at default location or specified in build section from pom.xml, and no parent can be found.
06:34:35.128 [main] DEBUG f.i.s.r.p.s.paths.ComputeSourceDir - The default source directory (/root/workspace/apache/activemq-artemis/367854734/tests/joram-tests/src/main/java) does not exist. Try to read pom.xml to get information.
06:34:35.140 [main] ERROR f.i.s.r.process.maven.MavenHelper - Error while building complete model. The raw model will be used. Error message: 2 problems were encountered while building the effective model for org.apache.activemq.tests:joram-tests:2.6.0-SNAPSHOT
[ERROR] Failed to determine Java version for profile ibm-jdk8 @ org.apache.activemq:artemis-pom:2.6.0-SNAPSHOT, /root/workspace/apache/activemq-artemis/367854734/pom.xml
[ERROR] Failed to determine Java version for profile jdk18 @ org.apache.activemq:artemis-pom:2.6.0-SNAPSHOT, /root/workspace/apache/activemq-artemis/367854734/pom.xml

06:34:35.141 [main] DEBUG f.i.s.r.p.s.paths.ComputeSourceDir - Build section does not exist in the following pom.xml: /root/workspace/apache/activemq-artemis/367854734/tests/joram-tests/pom.xml. Continue to try to get source dir from all modules.
06:34:35.142 [main] ERROR f.i.s.r.p.s.paths.ComputeSourceDir - The source directory is not at default location or specified in build section from pom.xml, and no parent can be found.
06:34:35.142 [main] DEBUG f.i.s.r.p.s.paths.ComputeSourceDir - The default source directory (/root/workspace/apache/activemq-artemis/367854734/tests/timing-tests/src/main/java) does not exist. Try to read pom.xml to get information.
06:34:35.155 [main] ERROR f.i.s.r.process.maven.MavenHelper - Error while building complete model. The raw model will be used. Error message: 2 problems were encountered while building the effective model for org.apache.activemq.tests:timing-tests:2.6.0-SNAPSHOT
[ERROR] Failed to determine Java version for profile ibm-jdk8 @ org.apache.activemq:artemis-pom:2.6.0-SNAPSHOT, /root/workspace/apache/activemq-artemis/367854734/pom.xml
[ERROR] Failed to determine Java version for profile jdk18 @ org.apache.activemq:artemis-pom:2.6.0-SNAPSHOT, /root/workspace/apache/activemq-artemis/367854734/pom.xml

06:34:35.156 [main] DEBUG f.i.s.r.p.s.paths.ComputeSourceDir - Build section does not exist in the following pom.xml: /root/workspace/apache/activemq-artemis/367854734/tests/timing-tests/pom.xml. Continue to try to get source dir from all modules.
06:34:35.156 [main] ERROR f.i.s.r.p.s.paths.ComputeSourceDir - The source directory is not at default location or specified in build section from pom.xml, and no parent can be found.
06:34:35.157 [main] DEBUG f.i.s.r.p.s.paths.ComputeSourceDir - The default source directory (/root/workspace/apache/activemq-artemis/367854734/tests/jms-tests/src/main/java) does not exist. Try to read pom.xml to get information.
06:34:35.170 [main] ERROR f.i.s.r.process.maven.MavenHelper - Error while building complete model. The raw model will be used. Error message: 2 problems were encountered while building the effective model for org.apache.activemq.tests:jms-tests:2.6.0-SNAPSHOT
[ERROR] Failed to determine Java version for profile ibm-jdk8 @ org.apache.activemq:artemis-pom:2.6.0-SNAPSHOT, /root/workspace/apache/activemq-artemis/367854734/pom.xml
[ERROR] Failed to determine Java version for profile jdk18 @ org.apache.activemq:artemis-pom:2.6.0-SNAPSHOT, /root/workspace/apache/activemq-artemis/367854734/pom.xml

06:34:35.171 [main] DEBUG f.i.s.r.p.s.paths.ComputeSourceDir - Build section does not exist in the following pom.xml: /root/workspace/apache/activemq-artemis/367854734/tests/jms-tests/pom.xml. Continue to try to get source dir from all modules.
06:34:35.171 [main] ERROR f.i.s.r.p.s.paths.ComputeSourceDir - The source directory is not at default location or specified in build section from pom.xml, and no parent can be found.
06:34:35.172 [main] DEBUG f.i.s.r.p.s.paths.ComputeSourceDir - The default source directory (/root/workspace/apache/activemq-artemis/367854734/tests/integration-tests/src/main/java) does not exist. Try to read pom.xml to get information.
06:34:35.188 [main] ERROR f.i.s.r.process.maven.MavenHelper - Error while building complete model. The raw model will be used. Error message: 2 problems were encountered while building the effective model for org.apache.activemq.tests:integration-tests:2.6.0-SNAPSHOT
[ERROR] Failed to determine Java version for profile ibm-jdk8 @ org.apache.activemq:artemis-pom:2.6.0-SNAPSHOT, /root/workspace/apache/activemq-artemis/367854734/pom.xml
[ERROR] Failed to determine Java version for profile jdk18 @ org.apache.activemq:artemis-pom:2.6.0-SNAPSHOT, /root/workspace/apache/activemq-artemis/367854734/pom.xml

06:34:35.189 [main] DEBUG f.i.s.r.p.s.paths.ComputeSourceDir - Build section does not exist in the following pom.xml: /root/workspace/apache/activemq-artemis/367854734/tests/integration-tests/pom.xml. Continue to try to get source dir from all modules.
06:34:35.190 [main] ERROR f.i.s.r.p.s.paths.ComputeSourceDir - The source directory is not at default location or specified in build section from pom.xml, and no parent can be found.
06:34:35.190 [main] DEBUG f.i.s.r.p.s.paths.ComputeSourceDir - The default source directory (/root/workspace/apache/activemq-artemis/367854734/tests/karaf-client-integration-tests/src/main/java) does not exist. Try to read pom.xml to get information.
06:34:35.202 [main] ERROR f.i.s.r.process.maven.MavenHelper - Error while building complete model. The raw model will be used. Error message: 2 problems were encountered while building the effective model for org.apache.activemq.tests:karaf-client-integration-tests:2.6.0-SNAPSHOT
[ERROR] Failed to determine Java version for profile ibm-jdk8 @ org.apache.activemq:artemis-pom:2.6.0-SNAPSHOT, /root/workspace/apache/activemq-artemis/367854734/pom.xml
[ERROR] Failed to determine Java version for profile jdk18 @ org.apache.activemq:artemis-pom:2.6.0-SNAPSHOT, /root/workspace/apache/activemq-artemis/367854734/pom.xml

06:34:35.203 [main] DEBUG f.i.s.r.p.s.paths.ComputeSourceDir - Build section does not exist in the following pom.xml: /root/workspace/apache/activemq-artemis/367854734/tests/karaf-client-integration-tests/pom.xml. Continue to try to get source dir from all modules.
06:34:35.204 [main] ERROR f.i.s.r.p.s.paths.ComputeSourceDir - The source directory is not at default location or specified in build section from pom.xml, and no parent can be found.
06:34:35.219 [main] ERROR f.i.s.r.process.maven.MavenHelper - Error while building complete model. The raw model will be used. Error message: 2 problems were encountered while building the effective model for org.apache.activemq.tests:compatibility-tests:2.6.0-SNAPSHOT
[ERROR] Failed to determine Java version for profile ibm-jdk8 @ org.apache.activemq:artemis-pom:2.6.0-SNAPSHOT, /root/workspace/apache/activemq-artemis/367854734/pom.xml
[ERROR] Failed to determine Java version for profile jdk18 @ org.apache.activemq:artemis-pom:2.6.0-SNAPSHOT, /root/workspace/apache/activemq-artemis/367854734/pom.xml

06:34:35.220 [main] DEBUG f.i.s.r.p.s.paths.ComputeSourceDir - The default source directory (/root/workspace/apache/activemq-artemis/367854734/tests/soak-tests/src/main/java) does not exist. Try to read pom.xml to get information.
06:34:35.239 [main] ERROR f.i.s.r.process.maven.MavenHelper - Error while building complete model. The raw model will be used. Error message: 2 problems were encountered while building the effective model for org.apache.activemq.tests:soak-tests:2.6.0-SNAPSHOT
[ERROR] Failed to determine Java version for profile ibm-jdk8 @ org.apache.activemq:artemis-pom:2.6.0-SNAPSHOT, /root/workspace/apache/activemq-artemis/367854734/pom.xml
[ERROR] Failed to determine Java version for profile jdk18 @ org.apache.activemq:artemis-pom:2.6.0-SNAPSHOT, /root/workspace/apache/activemq-artemis/367854734/pom.xml

06:34:35.240 [main] DEBUG f.i.s.r.p.s.paths.ComputeSourceDir - Build section does not exist in the following pom.xml: /root/workspace/apache/activemq-artemis/367854734/tests/soak-tests/pom.xml. Continue to try to get source dir from all modules.
06:34:35.241 [main] ERROR f.i.s.r.p.s.paths.ComputeSourceDir - The source directory is not at default location or specified in build section from pom.xml, and no parent can be found.
06:34:35.241 [main] DEBUG f.i.s.r.p.s.paths.ComputeSourceDir - The default source directory (/root/workspace/apache/activemq-artemis/367854734/tests/stress-tests/src/main/java) does not exist. Try to read pom.xml to get information.
06:34:35.254 [main] ERROR f.i.s.r.process.maven.MavenHelper - Error while building complete model. The raw model will be used. Error message: 2 problems were encountered while building the effective model for org.apache.activemq.tests:stress-tests:2.6.0-SNAPSHOT
[ERROR] Failed to determine Java version for profile ibm-jdk8 @ org.apache.activemq:artemis-pom:2.6.0-SNAPSHOT, /root/workspace/apache/activemq-artemis/367854734/pom.xml
[ERROR] Failed to determine Java version for profile jdk18 @ org.apache.activemq:artemis-pom:2.6.0-SNAPSHOT, /root/workspace/apache/activemq-artemis/367854734/pom.xml

06:34:35.255 [main] DEBUG f.i.s.r.p.s.paths.ComputeSourceDir - Build section does not exist in the following pom.xml: /root/workspace/apache/activemq-artemis/367854734/tests/stress-tests/pom.xml. Continue to try to get source dir from all modules.
06:34:35.256 [main] ERROR f.i.s.r.p.s.paths.ComputeSourceDir - The source directory is not at default location or specified in build section from pom.xml, and no parent can be found.
06:34:35.256 [main] DEBUG f.i.s.r.p.s.paths.ComputeSourceDir - The default source directory (/root/workspace/apache/activemq-artemis/367854734/tests/performance-tests/src/main/java) does not exist. Try to read pom.xml to get information.
06:34:35.269 [main] ERROR f.i.s.r.process.maven.MavenHelper - Error while building complete model. The raw model will be used. Error message: 2 problems were encountered while building the effective model for org.apache.activemq.tests:performance-tests:2.6.0-SNAPSHOT
[ERROR] Failed to determine Java version for profile ibm-jdk8 @ org.apache.activemq:artemis-pom:2.6.0-SNAPSHOT, /root/workspace/apache/activemq-artemis/367854734/pom.xml
[ERROR] Failed to determine Java version for profile jdk18 @ org.apache.activemq:artemis-pom:2.6.0-SNAPSHOT, /root/workspace/apache/activemq-artemis/367854734/pom.xml

06:34:35.270 [main] DEBUG f.i.s.r.p.s.paths.ComputeSourceDir - Build section does not exist in the following pom.xml: /root/workspace/apache/activemq-artemis/367854734/tests/performance-tests/pom.xml. Continue to try to get source dir from all modules.
06:34:35.270 [main] ERROR f.i.s.r.p.s.paths.ComputeSourceDir - The source directory is not at default location or specified in build section from pom.xml, and no parent can be found.
06:34:35.283 [main] ERROR f.i.s.r.process.maven.MavenHelper - Error while building complete model. The raw model will be used. Error message: 2 problems were encountered while building the effective model for org.apache.activemq.tests:artemis-test-support:2.6.0-SNAPSHOT
[ERROR] Failed to determine Java version for profile ibm-jdk8 @ org.apache.activemq:artemis-pom:2.6.0-SNAPSHOT, /root/workspace/apache/activemq-artemis/367854734/pom.xml
[ERROR] Failed to determine Java version for profile jdk18 @ org.apache.activemq:artemis-pom:2.6.0-SNAPSHOT, /root/workspace/apache/activemq-artemis/367854734/pom.xml

06:34:35.284 [main] DEBUG f.i.s.r.p.s.paths.ComputeSourceDir - The default source directory (/root/workspace/apache/activemq-artemis/367854734/tests/smoke-tests/src/main/java) does not exist. Try to read pom.xml to get information.
06:34:35.297 [main] ERROR f.i.s.r.process.maven.MavenHelper - Error while building complete model. The raw model will be used. Error message: 2 problems were encountered while building the effective model for org.apache.activemq.tests:smoke-tests:2.6.0-SNAPSHOT
[ERROR] Failed to determine Java version for profile ibm-jdk8 @ org.apache.activemq:artemis-pom:2.6.0-SNAPSHOT, /root/workspace/apache/activemq-artemis/367854734/pom.xml
[ERROR] Failed to determine Java version for profile jdk18 @ org.apache.activemq:artemis-pom:2.6.0-SNAPSHOT, /root/workspace/apache/activemq-artemis/367854734/pom.xml

06:34:35.298 [main] DEBUG f.i.s.r.p.s.paths.ComputeSourceDir - Build section does not exist in the following pom.xml: /root/workspace/apache/activemq-artemis/367854734/tests/smoke-tests/pom.xml. Continue to try to get source dir from all modules.
06:34:35.298 [main] ERROR f.i.s.r.p.s.paths.ComputeSourceDir - The source directory is not at default location or specified in build section from pom.xml, and no parent can be found.
06:34:35.299 [main] DEBUG f.i.s.r.p.s.paths.ComputeSourceDir - The default source directory (/root/workspace/apache/activemq-artemis/367854734/artemis-features/src/main/java) does not exist. Try to read pom.xml to get information.
06:34:35.312 [main] ERROR f.i.s.r.process.maven.MavenHelper - Error while building complete model. The raw model will be used. Error message: 2 problems were encountered while building the effective model for org.apache.activemq:artemis-features:2.6.0-SNAPSHOT
[ERROR] Failed to determine Java version for profile ibm-jdk8 @ org.apache.activemq:artemis-pom:2.6.0-SNAPSHOT, /root/workspace/apache/activemq-artemis/367854734/pom.xml
[ERROR] Failed to determine Java version for profile jdk18 @ org.apache.activemq:artemis-pom:2.6.0-SNAPSHOT, /root/workspace/apache/activemq-artemis/367854734/pom.xml

06:34:35.314 [main] DEBUG f.i.s.r.p.s.paths.ComputeSourceDir - Build section does not exist in the following pom.xml: /root/workspace/apache/activemq-artemis/367854734/artemis-features/pom.xml. Continue to try to get source dir from all modules.
06:34:35.314 [main] ERROR f.i.s.r.p.s.paths.ComputeSourceDir - The source directory is not at default location or specified in build section from pom.xml, and no parent can be found.
06:34:35.315 [main] INFO  f.i.s.r.p.s.paths.ComputeSourceDir - 32 source dirs were found:
06:34:35.317 [main] INFO  f.i.s.r.p.s.paths.ComputeSourceDir - /root/workspace/apache/activemq-artemis/367854734/artemis-boot/src/main/java
06:34:35.317 [main] INFO  f.i.s.r.p.s.paths.ComputeSourceDir - /root/workspace/apache/activemq-artemis/367854734/artemis-cdi-client/src/main/java
06:34:35.317 [main] INFO  f.i.s.r.p.s.paths.ComputeSourceDir - /root/workspace/apache/activemq-artemis/367854734/artemis-cli/src/main/java
06:34:35.317 [main] INFO  f.i.s.r.p.s.paths.ComputeSourceDir - /root/workspace/apache/activemq-artemis/367854734/artemis-commons/src/main/java
06:34:35.318 [main] INFO  f.i.s.r.p.s.paths.ComputeSourceDir - /root/workspace/apache/activemq-artemis/367854734/artemis-core-client/src/main/java
06:34:35.318 [main] INFO  f.i.s.r.p.s.paths.ComputeSourceDir - /root/workspace/apache/activemq-artemis/367854734/artemis-dto/src/main/java
06:34:35.318 [main] INFO  f.i.s.r.p.s.paths.ComputeSourceDir - /root/workspace/apache/activemq-artemis/367854734/artemis-hawtio/activemq-branding/src/main/java
06:34:35.318 [main] INFO  f.i.s.r.p.s.paths.ComputeSourceDir - /root/workspace/apache/activemq-artemis/367854734/artemis-hawtio/artemis-plugin/src/main/java
06:34:35.319 [main] INFO  f.i.s.r.p.s.paths.ComputeSourceDir - /root/workspace/apache/activemq-artemis/367854734/artemis-jdbc-store/src/main/java
06:34:35.319 [main] INFO  f.i.s.r.p.s.paths.ComputeSourceDir - /root/workspace/apache/activemq-artemis/367854734/artemis-jms-client/src/main/java
06:34:35.319 [main] INFO  f.i.s.r.p.s.paths.ComputeSourceDir - /root/workspace/apache/activemq-artemis/367854734/artemis-jms-server/src/main/java
06:34:35.320 [main] INFO  f.i.s.r.p.s.paths.ComputeSourceDir - /root/workspace/apache/activemq-artemis/367854734/artemis-journal/src/main/java
06:34:35.320 [main] INFO  f.i.s.r.p.s.paths.ComputeSourceDir - /root/workspace/apache/activemq-artemis/367854734/artemis-junit/src/main/java
06:34:35.320 [main] INFO  f.i.s.r.p.s.paths.ComputeSourceDir - /root/workspace/apache/activemq-artemis/367854734/artemis-maven-plugin/src/main/java
06:34:35.320 [main] INFO  f.i.s.r.p.s.paths.ComputeSourceDir - /root/workspace/apache/activemq-artemis/367854734/artemis-native/src/main/java
06:34:35.321 [main] INFO  f.i.s.r.p.s.paths.ComputeSourceDir - /root/workspace/apache/activemq-artemis/367854734/artemis-protocols/artemis-amqp-protocol/src/main/java
06:34:35.321 [main] INFO  f.i.s.r.p.s.paths.ComputeSourceDir - /root/workspace/apache/activemq-artemis/367854734/artemis-protocols/artemis-hornetq-protocol/src/main/java
06:34:35.322 [main] INFO  f.i.s.r.p.s.paths.ComputeSourceDir - /root/workspace/apache/activemq-artemis/367854734/artemis-protocols/artemis-hqclient-protocol/src/main/java
06:34:35.322 [main] INFO  f.i.s.r.p.s.paths.ComputeSourceDir - /root/workspace/apache/activemq-artemis/367854734/artemis-protocols/artemis-mqtt-protocol/src/main/java
06:34:35.322 [main] INFO  f.i.s.r.p.s.paths.ComputeSourceDir - /root/workspace/apache/activemq-artemis/367854734/artemis-protocols/artemis-openwire-protocol/src/main/java
06:34:35.323 [main] INFO  f.i.s.r.p.s.paths.ComputeSourceDir - /root/workspace/apache/activemq-artemis/367854734/artemis-protocols/artemis-stomp-protocol/src/main/java
06:34:35.323 [main] INFO  f.i.s.r.p.s.paths.ComputeSourceDir - /root/workspace/apache/activemq-artemis/367854734/artemis-ra/src/main/java
06:34:35.323 [main] INFO  f.i.s.r.p.s.paths.ComputeSourceDir - /root/workspace/apache/activemq-artemis/367854734/artemis-rest/src/main/java
06:34:35.323 [main] INFO  f.i.s.r.p.s.paths.ComputeSourceDir - /root/workspace/apache/activemq-artemis/367854734/artemis-selector/src/main/java
06:34:35.324 [main] INFO  f.i.s.r.p.s.paths.ComputeSourceDir - /root/workspace/apache/activemq-artemis/367854734/artemis-server-osgi/src/main/java
06:34:35.324 [main] INFO  f.i.s.r.p.s.paths.ComputeSourceDir - /root/workspace/apache/activemq-artemis/367854734/artemis-server/src/main/java
06:34:35.324 [main] INFO  f.i.s.r.p.s.paths.ComputeSourceDir - /root/workspace/apache/activemq-artemis/367854734/artemis-service-extensions/src/main/java
06:34:35.325 [main] INFO  f.i.s.r.p.s.paths.ComputeSourceDir - /root/workspace/apache/activemq-artemis/367854734/artemis-tools/src/main/java
06:34:35.325 [main] INFO  f.i.s.r.p.s.paths.ComputeSourceDir - /root/workspace/apache/activemq-artemis/367854734/artemis-web/src/main/java
06:34:35.326 [main] INFO  f.i.s.r.p.s.paths.ComputeSourceDir - /root/workspace/apache/activemq-artemis/367854734/integration/activemq-spring-integration/src/main/java
06:34:35.326 [main] INFO  f.i.s.r.p.s.paths.ComputeSourceDir - /root/workspace/apache/activemq-artemis/367854734/tests/artemis-test-support/src/main/java
06:34:35.326 [main] INFO  f.i.s.r.p.s.paths.ComputeSourceDir - /root/workspace/apache/activemq-artemis/367854734/tests/compatibility-tests/src/main/java
06:34:35.416 [main] DEBUG f.i.s.r.p.s.paths.ComputeSourceDir - Compute the line of code of the project
06:34:35.694 [main] DEBUG f.i.s.r.p.s.paths.ComputeSourceDir - Get result from cloc process...
06:34:35.695 [main] DEBUG f.i.s.r.p.s.paths.ComputeSourceDir - STEP STATUS: [ ComputeSourceDir : SUCCESS ]
06:34:35.695 [main] DEBUG f.i.s.r.p.s.paths.ComputeSourceDir - STEP DURATION: 1s
06:34:35.695 [main] DEBUG f.i.s.r.p.s.paths.ComputeSourceDir - EXECUTE NEXT STEP
06:34:35.696 [main] DEBUG f.i.s.r.p.step.paths.ComputeTestDir - ----------------------------------------------------------------------
06:34:35.696 [main] DEBUG f.i.s.r.p.step.paths.ComputeTestDir - STEP 4/22: ComputeTestDir
06:34:35.696 [main] DEBUG f.i.s.r.p.step.paths.ComputeTestDir - ----------------------------------------------------------------------
06:34:35.696 [main] DEBUG f.i.s.r.p.step.paths.ComputeTestDir - Computing the test directory ...
06:34:35.696 [main] DEBUG f.i.s.r.p.step.paths.ComputeTestDir - The default test directory (/root/workspace/apache/activemq-artemis/367854734/src/test/java) does not exist. Try to read pom.xml to get information.
06:34:35.707 [main] ERROR f.i.s.r.process.maven.MavenHelper - Error while building complete model. The raw model will be used. Error message: 2 problems were encountered while building the effective model for org.apache.activemq:artemis-pom:2.6.0-SNAPSHOT
[ERROR] Failed to determine Java version for profile ibm-jdk8 @ 
[ERROR] Failed to determine Java version for profile jdk18 @ 

06:34:35.711 [main] DEBUG f.i.s.r.p.step.paths.ComputeTestDir - Build section does not exist in the following pom.xml: /root/workspace/apache/activemq-artemis/367854734/pom.xml. Continue to try to get test dir from all modules.
06:34:35.712 [main] DEBUG f.i.s.r.p.step.paths.ComputeTestDir - The default test directory (/root/workspace/apache/activemq-artemis/367854734/artemis-protocols/src/test/java) does not exist. Try to read pom.xml to get information.
06:34:35.721 [main] ERROR f.i.s.r.process.maven.MavenHelper - Error while building complete model. The raw model will be used. Error message: 2 problems were encountered while building the effective model for org.apache.activemq:artemis-protocols:2.6.0-SNAPSHOT
[ERROR] Failed to determine Java version for profile ibm-jdk8 @ org.apache.activemq:artemis-pom:2.6.0-SNAPSHOT, /root/workspace/apache/activemq-artemis/367854734/pom.xml
[ERROR] Failed to determine Java version for profile jdk18 @ org.apache.activemq:artemis-pom:2.6.0-SNAPSHOT, /root/workspace/apache/activemq-artemis/367854734/pom.xml

06:34:35.721 [main] DEBUG f.i.s.r.p.step.paths.ComputeTestDir - Build section does not exist in the following pom.xml: /root/workspace/apache/activemq-artemis/367854734/artemis-protocols/pom.xml. Continue to try to get test dir from all modules.
06:34:35.732 [main] ERROR f.i.s.r.process.maven.MavenHelper - Error while building complete model. The raw model will be used. Error message: 2 problems were encountered while building the effective model for org.apache.activemq:artemis-amqp-protocol:2.6.0-SNAPSHOT
[ERROR] Failed to determine Java version for profile ibm-jdk8 @ org.apache.activemq:artemis-pom:2.6.0-SNAPSHOT, /root/workspace/apache/activemq-artemis/367854734/pom.xml
[ERROR] Failed to determine Java version for profile jdk18 @ org.apache.activemq:artemis-pom:2.6.0-SNAPSHOT, /root/workspace/apache/activemq-artemis/367854734/pom.xml

06:34:35.742 [main] DEBUG f.i.s.r.p.step.paths.ComputeTestDir - The default test directory (/root/workspace/apache/activemq-artemis/367854734/artemis-protocols/artemis-stomp-protocol/src/test/java) does not exist. Try to read pom.xml to get information.
06:34:35.762 [main] ERROR f.i.s.r.process.maven.MavenHelper - Error while building complete model. The raw model will be used. Error message: 2 problems were encountered while building the effective model for org.apache.activemq:artemis-stomp-protocol:2.6.0-SNAPSHOT
[ERROR] Failed to determine Java version for profile ibm-jdk8 @ org.apache.activemq:artemis-pom:2.6.0-SNAPSHOT, /root/workspace/apache/activemq-artemis/367854734/pom.xml
[ERROR] Failed to determine Java version for profile jdk18 @ org.apache.activemq:artemis-pom:2.6.0-SNAPSHOT, /root/workspace/apache/activemq-artemis/367854734/pom.xml

06:34:35.763 [main] DEBUG f.i.s.r.p.step.paths.ComputeTestDir - Build section does not exist in the following pom.xml: /root/workspace/apache/activemq-artemis/367854734/artemis-protocols/artemis-stomp-protocol/pom.xml. Continue to try to get test dir from all modules.
06:34:35.763 [main] ERROR f.i.s.r.p.step.paths.ComputeTestDir - The test directory is not at default location or specified in build section from pom.xml, and no parent can be found.
06:34:35.764 [main] DEBUG f.i.s.r.p.step.paths.ComputeTestDir - The default test directory (/root/workspace/apache/activemq-artemis/367854734/artemis-protocols/artemis-openwire-protocol/src/test/java) does not exist. Try to read pom.xml to get information.
06:34:35.776 [main] ERROR f.i.s.r.process.maven.MavenHelper - Error while building complete model. The raw model will be used. Error message: 2 problems were encountered while building the effective model for org.apache.activemq:artemis-openwire-protocol:2.6.0-SNAPSHOT
[ERROR] Failed to determine Java version for profile ibm-jdk8 @ org.apache.activemq:artemis-pom:2.6.0-SNAPSHOT, /root/workspace/apache/activemq-artemis/367854734/pom.xml
[ERROR] Failed to determine Java version for profile jdk18 @ org.apache.activemq:artemis-pom:2.6.0-SNAPSHOT, /root/workspace/apache/activemq-artemis/367854734/pom.xml

06:34:35.777 [main] DEBUG f.i.s.r.p.step.paths.ComputeTestDir - Build section does not exist in the following pom.xml: /root/workspace/apache/activemq-artemis/367854734/artemis-protocols/artemis-openwire-protocol/pom.xml. Continue to try to get test dir from all modules.
06:34:35.782 [main] ERROR f.i.s.r.p.step.paths.ComputeTestDir - The test directory is not at default location or specified in build section from pom.xml, and no parent can be found.
06:34:35.782 [main] DEBUG f.i.s.r.p.step.paths.ComputeTestDir - The default test directory (/root/workspace/apache/activemq-artemis/367854734/artemis-protocols/artemis-hornetq-protocol/src/test/java) does not exist. Try to read pom.xml to get information.
06:34:35.797 [main] ERROR f.i.s.r.process.maven.MavenHelper - Error while building complete model. The raw model will be used. Error message: 2 problems were encountered while building the effective model for org.apache.activemq:artemis-hornetq-protocol:2.6.0-SNAPSHOT
[ERROR] Failed to determine Java version for profile ibm-jdk8 @ org.apache.activemq:artemis-pom:2.6.0-SNAPSHOT, /root/workspace/apache/activemq-artemis/367854734/pom.xml
[ERROR] Failed to determine Java version for profile jdk18 @ org.apache.activemq:artemis-pom:2.6.0-SNAPSHOT, /root/workspace/apache/activemq-artemis/367854734/pom.xml

06:34:35.805 [main] DEBUG f.i.s.r.p.step.paths.ComputeTestDir - Build section does not exist in the following pom.xml: /root/workspace/apache/activemq-artemis/367854734/artemis-protocols/artemis-hornetq-protocol/pom.xml. Continue to try to get test dir from all modules.
06:34:35.805 [main] ERROR f.i.s.r.p.step.paths.ComputeTestDir - The test directory is not at default location or specified in build section from pom.xml, and no parent can be found.
06:34:35.805 [main] DEBUG f.i.s.r.p.step.paths.ComputeTestDir - The default test directory (/root/workspace/apache/activemq-artemis/367854734/artemis-protocols/artemis-hqclient-protocol/src/test/java) does not exist. Try to read pom.xml to get information.
06:34:35.816 [main] ERROR f.i.s.r.process.maven.MavenHelper - Error while building complete model. The raw model will be used. Error message: 2 problems were encountered while building the effective model for org.apache.activemq:artemis-hqclient-protocol:2.6.0-SNAPSHOT
[ERROR] Failed to determine Java version for profile ibm-jdk8 @ org.apache.activemq:artemis-pom:2.6.0-SNAPSHOT, /root/workspace/apache/activemq-artemis/367854734/pom.xml
[ERROR] Failed to determine Java version for profile jdk18 @ org.apache.activemq:artemis-pom:2.6.0-SNAPSHOT, /root/workspace/apache/activemq-artemis/367854734/pom.xml

06:34:35.816 [main] DEBUG f.i.s.r.p.step.paths.ComputeTestDir - Build section does not exist in the following pom.xml: /root/workspace/apache/activemq-artemis/367854734/artemis-protocols/artemis-hqclient-protocol/pom.xml. Continue to try to get test dir from all modules.
06:34:35.816 [main] ERROR f.i.s.r.p.step.paths.ComputeTestDir - The test directory is not at default location or specified in build section from pom.xml, and no parent can be found.
06:34:35.817 [main] DEBUG f.i.s.r.p.step.paths.ComputeTestDir - The default test directory (/root/workspace/apache/activemq-artemis/367854734/artemis-protocols/artemis-mqtt-protocol/src/test/java) does not exist. Try to read pom.xml to get information.
06:34:35.826 [main] ERROR f.i.s.r.process.maven.MavenHelper - Error while building complete model. The raw model will be used. Error message: 2 problems were encountered while building the effective model for org.apache.activemq:artemis-mqtt-protocol:2.6.0-SNAPSHOT
[ERROR] Failed to determine Java version for profile ibm-jdk8 @ org.apache.activemq:artemis-pom:2.6.0-SNAPSHOT, /root/workspace/apache/activemq-artemis/367854734/pom.xml
[ERROR] Failed to determine Java version for profile jdk18 @ org.apache.activemq:artemis-pom:2.6.0-SNAPSHOT, /root/workspace/apache/activemq-artemis/367854734/pom.xml

06:34:35.827 [main] DEBUG f.i.s.r.p.step.paths.ComputeTestDir - Build section does not exist in the following pom.xml: /root/workspace/apache/activemq-artemis/367854734/artemis-protocols/artemis-mqtt-protocol/pom.xml. Continue to try to get test dir from all modules.
06:34:35.828 [main] ERROR f.i.s.r.p.step.paths.ComputeTestDir - The test directory is not at default location or specified in build section from pom.xml, and no parent can be found.
06:34:35.828 [main] DEBUG f.i.s.r.p.step.paths.ComputeTestDir - The default test directory (/root/workspace/apache/activemq-artemis/367854734/artemis-dto/src/test/java) does not exist. Try to read pom.xml to get information.
06:34:35.841 [main] ERROR f.i.s.r.process.maven.MavenHelper - Error while building complete model. The raw model will be used. Error message: 3 problems were encountered while building the effective model for org.apache.activemq:artemis-dto:2.6.0-SNAPSHOT
[ERROR] Failed to determine Java version for profile jdk-1.5 @ org.apache.activemq:artemis-dto:[unknown-version], /root/workspace/apache/activemq-artemis/367854734/artemis-dto/pom.xml
[ERROR] Failed to determine Java version for profile ibm-jdk8 @ org.apache.activemq:artemis-pom:2.6.0-SNAPSHOT, /root/workspace/apache/activemq-artemis/367854734/pom.xml
[ERROR] Failed to determine Java version for profile jdk18 @ org.apache.activemq:artemis-pom:2.6.0-SNAPSHOT, /root/workspace/apache/activemq-artemis/367854734/pom.xml

06:34:35.842 [main] DEBUG f.i.s.r.p.step.paths.ComputeTestDir - Build section does not exist in the following pom.xml: /root/workspace/apache/activemq-artemis/367854734/artemis-dto/pom.xml. Continue to try to get test dir from all modules.
06:34:35.842 [main] ERROR f.i.s.r.p.step.paths.ComputeTestDir - The test directory is not at default location or specified in build section from pom.xml, and no parent can be found.
06:34:35.853 [main] ERROR f.i.s.r.process.maven.MavenHelper - Error while building complete model. The raw model will be used. Error message: 2 problems were encountered while building the effective model for org.apache.activemq:artemis-cdi-client:2.6.0-SNAPSHOT
[ERROR] Failed to determine Java version for profile ibm-jdk8 @ org.apache.activemq:artemis-pom:2.6.0-SNAPSHOT, /root/workspace/apache/activemq-artemis/367854734/pom.xml
[ERROR] Failed to determine Java version for profile jdk18 @ org.apache.activemq:artemis-pom:2.6.0-SNAPSHOT, /root/workspace/apache/activemq-artemis/367854734/pom.xml

06:34:35.854 [main] DEBUG f.i.s.r.p.step.paths.ComputeTestDir - The default test directory (/root/workspace/apache/activemq-artemis/367854734/artemis-boot/src/test/java) does not exist. Try to read pom.xml to get information.
06:34:35.863 [main] ERROR f.i.s.r.process.maven.MavenHelper - Error while building complete model. The raw model will be used. Error message: 2 problems were encountered while building the effective model for org.apache.activemq:artemis-boot:2.6.0-SNAPSHOT
[ERROR] Failed to determine Java version for profile ibm-jdk8 @ org.apache.activemq:artemis-pom:2.6.0-SNAPSHOT, /root/workspace/apache/activemq-artemis/367854734/pom.xml
[ERROR] Failed to determine Java version for profile jdk18 @ org.apache.activemq:artemis-pom:2.6.0-SNAPSHOT, /root/workspace/apache/activemq-artemis/367854734/pom.xml

06:34:35.864 [main] DEBUG f.i.s.r.p.step.paths.ComputeTestDir - Build section does not exist in the following pom.xml: /root/workspace/apache/activemq-artemis/367854734/artemis-boot/pom.xml. Continue to try to get test dir from all modules.
06:34:35.864 [main] ERROR f.i.s.r.p.step.paths.ComputeTestDir - The test directory is not at default location or specified in build section from pom.xml, and no parent can be found.
06:34:35.872 [main] ERROR f.i.s.r.process.maven.MavenHelper - Error while building complete model. The raw model will be used. Error message: 2 problems were encountered while building the effective model for org.apache.activemq:artemis-web:2.6.0-SNAPSHOT
[ERROR] Failed to determine Java version for profile ibm-jdk8 @ org.apache.activemq:artemis-pom:2.6.0-SNAPSHOT, /root/workspace/apache/activemq-artemis/367854734/pom.xml
[ERROR] Failed to determine Java version for profile jdk18 @ org.apache.activemq:artemis-pom:2.6.0-SNAPSHOT, /root/workspace/apache/activemq-artemis/367854734/pom.xml

06:34:35.873 [main] DEBUG f.i.s.r.p.step.paths.ComputeTestDir - The default test directory (/root/workspace/apache/activemq-artemis/367854734/artemis-website/src/test/java) does not exist. Try to read pom.xml to get information.
06:34:35.882 [main] ERROR f.i.s.r.process.maven.MavenHelper - Error while building complete model. The raw model will be used. Error message: 2 problems were encountered while building the effective model for org.apache.activemq:artemis-website:2.6.0-SNAPSHOT
[ERROR] Failed to determine Java version for profile ibm-jdk8 @ org.apache.activemq:artemis-pom:2.6.0-SNAPSHOT, /root/workspace/apache/activemq-artemis/367854734/pom.xml
[ERROR] Failed to determine Java version for profile jdk18 @ org.apache.activemq:artemis-pom:2.6.0-SNAPSHOT, /root/workspace/apache/activemq-artemis/367854734/pom.xml

06:34:35.883 [main] DEBUG f.i.s.r.p.step.paths.ComputeTestDir - Build section does not exist in the following pom.xml: /root/workspace/apache/activemq-artemis/367854734/artemis-website/pom.xml. Continue to try to get test dir from all modules.
06:34:35.883 [main] ERROR f.i.s.r.p.step.paths.ComputeTestDir - The test directory is not at default location or specified in build section from pom.xml, and no parent can be found.
06:34:35.892 [main] ERROR f.i.s.r.process.maven.MavenHelper - Error while building complete model. The raw model will be used. Error message: 2 problems were encountered while building the effective model for org.apache.activemq:artemis-cli:2.6.0-SNAPSHOT
[ERROR] Failed to determine Java version for profile ibm-jdk8 @ org.apache.activemq:artemis-pom:2.6.0-SNAPSHOT, /root/workspace/apache/activemq-artemis/367854734/pom.xml
[ERROR] Failed to determine Java version for profile jdk18 @ org.apache.activemq:artemis-pom:2.6.0-SNAPSHOT, /root/workspace/apache/activemq-artemis/367854734/pom.xml

06:34:35.901 [main] ERROR f.i.s.r.process.maven.MavenHelper - Error while building complete model. The raw model will be used. Error message: 2 problems were encountered while building the effective model for org.apache.activemq:artemis-commons:2.6.0-SNAPSHOT
[ERROR] Failed to determine Java version for profile ibm-jdk8 @ org.apache.activemq:artemis-pom:2.6.0-SNAPSHOT, /root/workspace/apache/activemq-artemis/367854734/pom.xml
[ERROR] Failed to determine Java version for profile jdk18 @ org.apache.activemq:artemis-pom:2.6.0-SNAPSHOT, /root/workspace/apache/activemq-artemis/367854734/pom.xml

06:34:35.910 [main] ERROR f.i.s.r.process.maven.MavenHelper - Error while building complete model. The raw model will be used. Error message: 3 problems were encountered while building the effective model for org.apache.activemq:artemis-selector:2.6.0-SNAPSHOT
[ERROR] Failed to determine Java version for profile ibm-jdk8 @ org.apache.activemq:artemis-selector:[unknown-version], /root/workspace/apache/activemq-artemis/367854734/artemis-selector/pom.xml
[ERROR] Failed to determine Java version for profile ibm-jdk8 @ org.apache.activemq:artemis-pom:2.6.0-SNAPSHOT, /root/workspace/apache/activemq-artemis/367854734/pom.xml
[ERROR] Failed to determine Java version for profile jdk18 @ org.apache.activemq:artemis-pom:2.6.0-SNAPSHOT, /root/workspace/apache/activemq-artemis/367854734/pom.xml

06:34:35.919 [main] ERROR f.i.s.r.process.maven.MavenHelper - Error while building complete model. The raw model will be used. Error message: 2 problems were encountered while building the effective model for org.apache.activemq:artemis-core-client:2.6.0-SNAPSHOT
[ERROR] Failed to determine Java version for profile ibm-jdk8 @ org.apache.activemq:artemis-pom:2.6.0-SNAPSHOT, /root/workspace/apache/activemq-artemis/367854734/pom.xml
[ERROR] Failed to determine Java version for profile jdk18 @ org.apache.activemq:artemis-pom:2.6.0-SNAPSHOT, /root/workspace/apache/activemq-artemis/367854734/pom.xml

06:34:35.920 [main] DEBUG f.i.s.r.p.step.paths.ComputeTestDir - The default test directory (/root/workspace/apache/activemq-artemis/367854734/artemis-core-client-all/src/test/java) does not exist. Try to read pom.xml to get information.
06:34:35.935 [main] ERROR f.i.s.r.process.maven.MavenHelper - Error while building complete model. The raw model will be used. Error message: 2 problems were encountered while building the effective model for org.apache.activemq:artemis-core-client-all:2.6.0-SNAPSHOT
[ERROR] Failed to determine Java version for profile ibm-jdk8 @ org.apache.activemq:artemis-pom:2.6.0-SNAPSHOT, /root/workspace/apache/activemq-artemis/367854734/pom.xml
[ERROR] Failed to determine Java version for profile jdk18 @ org.apache.activemq:artemis-pom:2.6.0-SNAPSHOT, /root/workspace/apache/activemq-artemis/367854734/pom.xml

06:34:35.936 [main] DEBUG f.i.s.r.p.step.paths.ComputeTestDir - Build section does not exist in the following pom.xml: /root/workspace/apache/activemq-artemis/367854734/artemis-core-client-all/pom.xml. Continue to try to get test dir from all modules.
06:34:35.936 [main] ERROR f.i.s.r.p.step.paths.ComputeTestDir - The test directory is not at default location or specified in build section from pom.xml, and no parent can be found.
06:34:35.936 [main] DEBUG f.i.s.r.p.step.paths.ComputeTestDir - The default test directory (/root/workspace/apache/activemq-artemis/367854734/artemis-core-client-osgi/src/test/java) does not exist. Try to read pom.xml to get information.
06:34:35.944 [main] ERROR f.i.s.r.process.maven.MavenHelper - Error while building complete model. The raw model will be used. Error message: 2 problems were encountered while building the effective model for org.apache.activemq:artemis-core-client-osgi:2.6.0-SNAPSHOT
[ERROR] Failed to determine Java version for profile ibm-jdk8 @ org.apache.activemq:artemis-pom:2.6.0-SNAPSHOT, /root/workspace/apache/activemq-artemis/367854734/pom.xml
[ERROR] Failed to determine Java version for profile jdk18 @ org.apache.activemq:artemis-pom:2.6.0-SNAPSHOT, /root/workspace/apache/activemq-artemis/367854734/pom.xml

06:34:35.945 [main] DEBUG f.i.s.r.p.step.paths.ComputeTestDir - Build section does not exist in the following pom.xml: /root/workspace/apache/activemq-artemis/367854734/artemis-core-client-osgi/pom.xml. Continue to try to get test dir from all modules.
06:34:35.946 [main] ERROR f.i.s.r.p.step.paths.ComputeTestDir - The test directory is not at default location or specified in build section from pom.xml, and no parent can be found.
06:34:35.954 [main] ERROR f.i.s.r.process.maven.MavenHelper - Error while building complete model. The raw model will be used. Error message: 2 problems were encountered while building the effective model for org.apache.activemq:artemis-server:2.6.0-SNAPSHOT
[ERROR] Failed to determine Java version for profile ibm-jdk8 @ org.apache.activemq:artemis-pom:2.6.0-SNAPSHOT, /root/workspace/apache/activemq-artemis/367854734/pom.xml
[ERROR] Failed to determine Java version for profile jdk18 @ org.apache.activemq:artemis-pom:2.6.0-SNAPSHOT, /root/workspace/apache/activemq-artemis/367854734/pom.xml

06:34:35.963 [main] ERROR f.i.s.r.process.maven.MavenHelper - Error while building complete model. The raw model will be used. Error message: 2 problems were encountered while building the effective model for org.apache.activemq:artemis-junit:2.6.0-SNAPSHOT
[ERROR] Failed to determine Java version for profile ibm-jdk8 @ org.apache.activemq:artemis-pom:2.6.0-SNAPSHOT, /root/workspace/apache/activemq-artemis/367854734/pom.xml
[ERROR] Failed to determine Java version for profile jdk18 @ org.apache.activemq:artemis-pom:2.6.0-SNAPSHOT, /root/workspace/apache/activemq-artemis/367854734/pom.xml

06:34:35.972 [main] ERROR f.i.s.r.process.maven.MavenHelper - Error while building complete model. The raw model will be used. Error message: 2 problems were encountered while building the effective model for org.apache.activemq:artemis-jms-client:2.6.0-SNAPSHOT
[ERROR] Failed to determine Java version for profile ibm-jdk8 @ org.apache.activemq:artemis-pom:2.6.0-SNAPSHOT, /root/workspace/apache/activemq-artemis/367854734/pom.xml
[ERROR] Failed to determine Java version for profile jdk18 @ org.apache.activemq:artemis-pom:2.6.0-SNAPSHOT, /root/workspace/apache/activemq-artemis/367854734/pom.xml

06:34:35.973 [main] DEBUG f.i.s.r.p.step.paths.ComputeTestDir - The default test directory (/root/workspace/apache/activemq-artemis/367854734/artemis-jms-client-all/src/test/java) does not exist. Try to read pom.xml to get information.
06:34:35.990 [main] ERROR f.i.s.r.process.maven.MavenHelper - Error while building complete model. The raw model will be used. Error message: 2 problems were encountered while building the effective model for org.apache.activemq:artemis-jms-client-all:2.6.0-SNAPSHOT
[ERROR] Failed to determine Java version for profile ibm-jdk8 @ org.apache.activemq:artemis-pom:2.6.0-SNAPSHOT, /root/workspace/apache/activemq-artemis/367854734/pom.xml
[ERROR] Failed to determine Java version for profile jdk18 @ org.apache.activemq:artemis-pom:2.6.0-SNAPSHOT, /root/workspace/apache/activemq-artemis/367854734/pom.xml

06:34:35.991 [main] DEBUG f.i.s.r.p.step.paths.ComputeTestDir - Build section does not exist in the following pom.xml: /root/workspace/apache/activemq-artemis/367854734/artemis-jms-client-all/pom.xml. Continue to try to get test dir from all modules.
06:34:35.991 [main] ERROR f.i.s.r.p.step.paths.ComputeTestDir - The test directory is not at default location or specified in build section from pom.xml, and no parent can be found.
06:34:35.992 [main] DEBUG f.i.s.r.p.step.paths.ComputeTestDir - The default test directory (/root/workspace/apache/activemq-artemis/367854734/artemis-jms-client-osgi/src/test/java) does not exist. Try to read pom.xml to get information.
06:34:36.009 [main] ERROR f.i.s.r.process.maven.MavenHelper - Error while building complete model. The raw model will be used. Error message: 2 problems were encountered while building the effective model for org.apache.activemq:artemis-jms-client-osgi:2.6.0-SNAPSHOT
[ERROR] Failed to determine Java version for profile ibm-jdk8 @ org.apache.activemq:artemis-pom:2.6.0-SNAPSHOT, /root/workspace/apache/activemq-artemis/367854734/pom.xml
[ERROR] Failed to determine Java version for profile jdk18 @ org.apache.activemq:artemis-pom:2.6.0-SNAPSHOT, /root/workspace/apache/activemq-artemis/367854734/pom.xml

06:34:36.010 [main] DEBUG f.i.s.r.p.step.paths.ComputeTestDir - Build section does not exist in the following pom.xml: /root/workspace/apache/activemq-artemis/367854734/artemis-jms-client-osgi/pom.xml. Continue to try to get test dir from all modules.
06:34:36.011 [main] ERROR f.i.s.r.p.step.paths.ComputeTestDir - The test directory is not at default location or specified in build section from pom.xml, and no parent can be found.
06:34:36.011 [main] DEBUG f.i.s.r.p.step.paths.ComputeTestDir - The default test directory (/root/workspace/apache/activemq-artemis/367854734/artemis-jms-server/src/test/java) does not exist. Try to read pom.xml to get information.
06:34:36.020 [main] ERROR f.i.s.r.process.maven.MavenHelper - Error while building complete model. The raw model will be used. Error message: 2 problems were encountered while building the effective model for org.apache.activemq:artemis-jms-server:2.6.0-SNAPSHOT
[ERROR] Failed to determine Java version for profile ibm-jdk8 @ org.apache.activemq:artemis-pom:2.6.0-SNAPSHOT, /root/workspace/apache/activemq-artemis/367854734/pom.xml
[ERROR] Failed to determine Java version for profile jdk18 @ org.apache.activemq:artemis-pom:2.6.0-SNAPSHOT, /root/workspace/apache/activemq-artemis/367854734/pom.xml

06:34:36.020 [main] DEBUG f.i.s.r.p.step.paths.ComputeTestDir - Build section does not exist in the following pom.xml: /root/workspace/apache/activemq-artemis/367854734/artemis-jms-server/pom.xml. Continue to try to get test dir from all modules.
06:34:36.021 [main] ERROR f.i.s.r.p.step.paths.ComputeTestDir - The test directory is not at default location or specified in build section from pom.xml, and no parent can be found.
06:34:36.029 [main] ERROR f.i.s.r.process.maven.MavenHelper - Error while building complete model. The raw model will be used. Error message: 2 problems were encountered while building the effective model for org.apache.activemq:artemis-native:2.6.0-SNAPSHOT
[ERROR] Failed to determine Java version for profile ibm-jdk8 @ org.apache.activemq:artemis-pom:2.6.0-SNAPSHOT, /root/workspace/apache/activemq-artemis/367854734/pom.xml
[ERROR] Failed to determine Java version for profile jdk18 @ org.apache.activemq:artemis-pom:2.6.0-SNAPSHOT, /root/workspace/apache/activemq-artemis/367854734/pom.xml

06:34:36.038 [main] ERROR f.i.s.r.process.maven.MavenHelper - Error while building complete model. The raw model will be used. Error message: 2 problems were encountered while building the effective model for org.apache.activemq:artemis-journal:2.6.0-SNAPSHOT
[ERROR] Failed to determine Java version for profile ibm-jdk8 @ org.apache.activemq:artemis-pom:2.6.0-SNAPSHOT, /root/workspace/apache/activemq-artemis/367854734/pom.xml
[ERROR] Failed to determine Java version for profile jdk18 @ org.apache.activemq:artemis-pom:2.6.0-SNAPSHOT, /root/workspace/apache/activemq-artemis/367854734/pom.xml

06:34:36.039 [main] DEBUG f.i.s.r.p.step.paths.ComputeTestDir - The default test directory (/root/workspace/apache/activemq-artemis/367854734/artemis-ra/src/test/java) does not exist. Try to read pom.xml to get information.
06:34:36.048 [main] ERROR f.i.s.r.process.maven.MavenHelper - Error while building complete model. The raw model will be used. Error message: 2 problems were encountered while building the effective model for org.apache.activemq:artemis-ra:2.6.0-SNAPSHOT
[ERROR] Failed to determine Java version for profile ibm-jdk8 @ org.apache.activemq:artemis-pom:2.6.0-SNAPSHOT, /root/workspace/apache/activemq-artemis/367854734/pom.xml
[ERROR] Failed to determine Java version for profile jdk18 @ org.apache.activemq:artemis-pom:2.6.0-SNAPSHOT, /root/workspace/apache/activemq-artemis/367854734/pom.xml

06:34:36.049 [main] DEBUG f.i.s.r.p.step.paths.ComputeTestDir - Build section does not exist in the following pom.xml: /root/workspace/apache/activemq-artemis/367854734/artemis-ra/pom.xml. Continue to try to get test dir from all modules.
06:34:36.049 [main] ERROR f.i.s.r.p.step.paths.ComputeTestDir - The test directory is not at default location or specified in build section from pom.xml, and no parent can be found.
06:34:36.057 [main] ERROR f.i.s.r.process.maven.MavenHelper - Error while building complete model. The raw model will be used. Error message: 2 problems were encountered while building the effective model for org.apache.activemq.rest:artemis-rest:2.6.0-SNAPSHOT
[ERROR] Failed to determine Java version for profile ibm-jdk8 @ org.apache.activemq:artemis-pom:2.6.0-SNAPSHOT, /root/workspace/apache/activemq-artemis/367854734/pom.xml
[ERROR] Failed to determine Java version for profile jdk18 @ org.apache.activemq:artemis-pom:2.6.0-SNAPSHOT, /root/workspace/apache/activemq-artemis/367854734/pom.xml

06:34:36.068 [main] ERROR f.i.s.r.process.maven.MavenHelper - Error while building complete model. The raw model will be used. Error message: 2 problems were encountered while building the effective model for org.apache.activemq:artemis-service-extensions:2.6.0-SNAPSHOT
[ERROR] Failed to determine Java version for profile ibm-jdk8 @ org.apache.activemq:artemis-pom:2.6.0-SNAPSHOT, /root/workspace/apache/activemq-artemis/367854734/pom.xml
[ERROR] Failed to determine Java version for profile jdk18 @ org.apache.activemq:artemis-pom:2.6.0-SNAPSHOT, /root/workspace/apache/activemq-artemis/367854734/pom.xml

06:34:36.083 [main] ERROR f.i.s.r.process.maven.MavenHelper - Error while building complete model. The raw model will be used. Error message: 2 problems were encountered while building the effective model for org.apache.activemq:artemis-jdbc-store:2.6.0-SNAPSHOT
[ERROR] Failed to determine Java version for profile ibm-jdk8 @ org.apache.activemq:artemis-pom:2.6.0-SNAPSHOT, /root/workspace/apache/activemq-artemis/367854734/pom.xml
[ERROR] Failed to determine Java version for profile jdk18 @ org.apache.activemq:artemis-pom:2.6.0-SNAPSHOT, /root/workspace/apache/activemq-artemis/367854734/pom.xml

06:34:36.084 [main] DEBUG f.i.s.r.p.step.paths.ComputeTestDir - The default test directory (/root/workspace/apache/activemq-artemis/367854734/artemis-maven-plugin/src/test/java) does not exist. Try to read pom.xml to get information.
06:34:36.093 [main] ERROR f.i.s.r.process.maven.MavenHelper - Error while building complete model. The raw model will be used. Error message: 2 problems were encountered while building the effective model for org.apache.activemq:artemis-maven-plugin:2.6.0-SNAPSHOT
[ERROR] Failed to determine Java version for profile ibm-jdk8 @ org.apache.activemq:artemis-pom:2.6.0-SNAPSHOT, /root/workspace/apache/activemq-artemis/367854734/pom.xml
[ERROR] Failed to determine Java version for profile jdk18 @ org.apache.activemq:artemis-pom:2.6.0-SNAPSHOT, /root/workspace/apache/activemq-artemis/367854734/pom.xml

06:34:36.093 [main] DEBUG f.i.s.r.p.step.paths.ComputeTestDir - Build section does not exist in the following pom.xml: /root/workspace/apache/activemq-artemis/367854734/artemis-maven-plugin/pom.xml. Continue to try to get test dir from all modules.
06:34:36.094 [main] ERROR f.i.s.r.p.step.paths.ComputeTestDir - The test directory is not at default location or specified in build section from pom.xml, and no parent can be found.
06:34:36.101 [main] ERROR f.i.s.r.process.maven.MavenHelper - Error while building complete model. The raw model will be used. Error message: 2 problems were encountered while building the effective model for org.apache.activemq:artemis-server-osgi:2.6.0-SNAPSHOT
[ERROR] Failed to determine Java version for profile ibm-jdk8 @ org.apache.activemq:artemis-pom:2.6.0-SNAPSHOT, /root/workspace/apache/activemq-artemis/367854734/pom.xml
[ERROR] Failed to determine Java version for profile jdk18 @ org.apache.activemq:artemis-pom:2.6.0-SNAPSHOT, /root/workspace/apache/activemq-artemis/367854734/pom.xml

06:34:36.102 [main] DEBUG f.i.s.r.p.step.paths.ComputeTestDir - The default test directory (/root/workspace/apache/activemq-artemis/367854734/artemis-hawtio/src/test/java) does not exist. Try to read pom.xml to get information.
06:34:36.109 [main] ERROR f.i.s.r.process.maven.MavenHelper - Error while building complete model. The raw model will be used. Error message: 2 problems were encountered while building the effective model for org.apache.activemq:artemis-hawtio-pom:2.6.0-SNAPSHOT
[ERROR] Failed to determine Java version for profile ibm-jdk8 @ org.apache.activemq:artemis-pom:2.6.0-SNAPSHOT, /root/workspace/apache/activemq-artemis/367854734/pom.xml
[ERROR] Failed to determine Java version for profile jdk18 @ org.apache.activemq:artemis-pom:2.6.0-SNAPSHOT, /root/workspace/apache/activemq-artemis/367854734/pom.xml

06:34:36.110 [main] DEBUG f.i.s.r.p.step.paths.ComputeTestDir - Build section does not exist in the following pom.xml: /root/workspace/apache/activemq-artemis/367854734/artemis-hawtio/pom.xml. Continue to try to get test dir from all modules.
06:34:36.110 [main] DEBUG f.i.s.r.p.step.paths.ComputeTestDir - The default test directory (/root/workspace/apache/activemq-artemis/367854734/artemis-hawtio/activemq-branding/src/test/java) does not exist. Try to read pom.xml to get information.
06:34:36.119 [main] ERROR f.i.s.r.process.maven.MavenHelper - Error while building complete model. The raw model will be used. Error message: 2 problems were encountered while building the effective model for org.apache.activemq:activemq-branding:2.6.0-SNAPSHOT
[ERROR] Failed to determine Java version for profile ibm-jdk8 @ org.apache.activemq:artemis-pom:2.6.0-SNAPSHOT, /root/workspace/apache/activemq-artemis/367854734/pom.xml
[ERROR] Failed to determine Java version for profile jdk18 @ org.apache.activemq:artemis-pom:2.6.0-SNAPSHOT, /root/workspace/apache/activemq-artemis/367854734/pom.xml

06:34:36.120 [main] DEBUG f.i.s.r.p.step.paths.ComputeTestDir - Build section does not exist in the following pom.xml: /root/workspace/apache/activemq-artemis/367854734/artemis-hawtio/activemq-branding/pom.xml. Continue to try to get test dir from all modules.
06:34:36.120 [main] ERROR f.i.s.r.p.step.paths.ComputeTestDir - The test directory is not at default location or specified in build section from pom.xml, and no parent can be found.
06:34:36.120 [main] DEBUG f.i.s.r.p.step.paths.ComputeTestDir - The default test directory (/root/workspace/apache/activemq-artemis/367854734/artemis-hawtio/artemis-plugin/src/test/java) does not exist. Try to read pom.xml to get information.
06:34:36.132 [main] ERROR f.i.s.r.process.maven.MavenHelper - Error while building complete model. The raw model will be used. Error message: 2 problems were encountered while building the effective model for org.apache.activemq:artemis-plugin:2.6.0-SNAPSHOT
[ERROR] Failed to determine Java version for profile ibm-jdk8 @ org.apache.activemq:artemis-pom:2.6.0-SNAPSHOT, /root/workspace/apache/activemq-artemis/367854734/pom.xml
[ERROR] Failed to determine Java version for profile jdk18 @ org.apache.activemq:artemis-pom:2.6.0-SNAPSHOT, /root/workspace/apache/activemq-artemis/367854734/pom.xml

06:34:36.133 [main] DEBUG f.i.s.r.p.step.paths.ComputeTestDir - Build section does not exist in the following pom.xml: /root/workspace/apache/activemq-artemis/367854734/artemis-hawtio/artemis-plugin/pom.xml. Continue to try to get test dir from all modules.
06:34:36.133 [main] ERROR f.i.s.r.p.step.paths.ComputeTestDir - The test directory is not at default location or specified in build section from pom.xml, and no parent can be found.
06:34:36.133 [main] DEBUG f.i.s.r.p.step.paths.ComputeTestDir - The default test directory (/root/workspace/apache/activemq-artemis/367854734/artemis-hawtio/artemis-console/src/test/java) does not exist. Try to read pom.xml to get information.
06:34:36.142 [main] ERROR f.i.s.r.process.maven.MavenHelper - Error while building complete model. The raw model will be used. Error message: 2 problems were encountered while building the effective model for org.apache.activemq:artemis-console:2.6.0-SNAPSHOT
[ERROR] Failed to determine Java version for profile ibm-jdk8 @ org.apache.activemq:artemis-pom:2.6.0-SNAPSHOT, /root/workspace/apache/activemq-artemis/367854734/pom.xml
[ERROR] Failed to determine Java version for profile jdk18 @ org.apache.activemq:artemis-pom:2.6.0-SNAPSHOT, /root/workspace/apache/activemq-artemis/367854734/pom.xml

06:34:36.143 [main] DEBUG f.i.s.r.p.step.paths.ComputeTestDir - Build section does not exist in the following pom.xml: /root/workspace/apache/activemq-artemis/367854734/artemis-hawtio/artemis-console/pom.xml. Continue to try to get test dir from all modules.
06:34:36.143 [main] ERROR f.i.s.r.p.step.paths.ComputeTestDir - The test directory is not at default location or specified in build section from pom.xml, and no parent can be found.
06:34:36.143 [main] ERROR f.i.s.r.p.step.paths.ComputeTestDir - The test directory is not at default location or specified in build section from pom.xml, and no parent can be found.
06:34:36.143 [main] DEBUG f.i.s.r.p.step.paths.ComputeTestDir - The default test directory (/root/workspace/apache/activemq-artemis/367854734/integration/activemq-spring-integration/src/test/java) does not exist. Try to read pom.xml to get information.
06:34:36.150 [main] ERROR f.i.s.r.process.maven.MavenHelper - Error while building complete model. The raw model will be used. Error message: 2 problems were encountered while building the effective model for org.apache.activemq:artemis-spring-integration:2.6.0-SNAPSHOT
[ERROR] Failed to determine Java version for profile ibm-jdk8 @ org.apache.activemq:artemis-pom:2.6.0-SNAPSHOT, /root/workspace/apache/activemq-artemis/367854734/pom.xml
[ERROR] Failed to determine Java version for profile jdk18 @ org.apache.activemq:artemis-pom:2.6.0-SNAPSHOT, /root/workspace/apache/activemq-artemis/367854734/pom.xml

06:34:36.151 [main] DEBUG f.i.s.r.p.step.paths.ComputeTestDir - Build section does not exist in the following pom.xml: /root/workspace/apache/activemq-artemis/367854734/integration/activemq-spring-integration/pom.xml. Continue to try to get test dir from all modules.
06:34:36.151 [main] ERROR f.i.s.r.p.step.paths.ComputeTestDir - The test directory is not at default location or specified in build section from pom.xml, and no parent can be found.
06:34:36.151 [main] DEBUG f.i.s.r.p.step.paths.ComputeTestDir - The default test directory (/root/workspace/apache/activemq-artemis/367854734/artemis-distribution/src/test/java) does not exist. Try to read pom.xml to get information.
06:34:36.158 [main] ERROR f.i.s.r.process.maven.MavenHelper - Error while building complete model. The raw model will be used. Error message: 2 problems were encountered while building the effective model for org.apache.activemq:apache-artemis:2.6.0-SNAPSHOT
[ERROR] Failed to determine Java version for profile ibm-jdk8 @ org.apache.activemq:artemis-pom:2.6.0-SNAPSHOT, /root/workspace/apache/activemq-artemis/367854734/pom.xml
[ERROR] Failed to determine Java version for profile jdk18 @ org.apache.activemq:artemis-pom:2.6.0-SNAPSHOT, /root/workspace/apache/activemq-artemis/367854734/pom.xml

06:34:36.159 [main] DEBUG f.i.s.r.p.step.paths.ComputeTestDir - Build section does not exist in the following pom.xml: /root/workspace/apache/activemq-artemis/367854734/artemis-distribution/pom.xml. Continue to try to get test dir from all modules.
06:34:36.159 [main] ERROR f.i.s.r.p.step.paths.ComputeTestDir - The test directory is not at default location or specified in build section from pom.xml, and no parent can be found.
06:34:36.166 [main] ERROR f.i.s.r.process.maven.MavenHelper - Error while building complete model. The raw model will be used. Error message: 2 problems were encountered while building the effective model for org.apache.activemq:artemis-tools:2.6.0-SNAPSHOT
[ERROR] Failed to determine Java version for profile ibm-jdk8 @ org.apache.activemq:artemis-pom:2.6.0-SNAPSHOT, /root/workspace/apache/activemq-artemis/367854734/pom.xml
[ERROR] Failed to determine Java version for profile jdk18 @ org.apache.activemq:artemis-pom:2.6.0-SNAPSHOT, /root/workspace/apache/activemq-artemis/367854734/pom.xml

06:34:36.166 [main] DEBUG f.i.s.r.p.step.paths.ComputeTestDir - The default test directory (/root/workspace/apache/activemq-artemis/367854734/tests/src/test/java) does not exist. Try to read pom.xml to get information.
06:34:36.173 [main] ERROR f.i.s.r.process.maven.MavenHelper - Error while building complete model. The raw model will be used. Error message: 2 problems were encountered while building the effective model for org.apache.activemq.tests:artemis-tests-pom:2.6.0-SNAPSHOT
[ERROR] Failed to determine Java version for profile ibm-jdk8 @ org.apache.activemq:artemis-pom:2.6.0-SNAPSHOT, /root/workspace/apache/activemq-artemis/367854734/pom.xml
[ERROR] Failed to determine Java version for profile jdk18 @ org.apache.activemq:artemis-pom:2.6.0-SNAPSHOT, /root/workspace/apache/activemq-artemis/367854734/pom.xml

06:34:36.173 [main] DEBUG f.i.s.r.p.step.paths.ComputeTestDir - Build section does not exist in the following pom.xml: /root/workspace/apache/activemq-artemis/367854734/tests/pom.xml. Continue to try to get test dir from all modules.
06:34:36.181 [main] ERROR f.i.s.r.process.maven.MavenHelper - Error while building complete model. The raw model will be used. Error message: 2 problems were encountered while building the effective model for org.apache.activemq.tests:unit-tests:2.6.0-SNAPSHOT
[ERROR] Failed to determine Java version for profile ibm-jdk8 @ org.apache.activemq:artemis-pom:2.6.0-SNAPSHOT, /root/workspace/apache/activemq-artemis/367854734/pom.xml
[ERROR] Failed to determine Java version for profile jdk18 @ org.apache.activemq:artemis-pom:2.6.0-SNAPSHOT, /root/workspace/apache/activemq-artemis/367854734/pom.xml

06:34:36.197 [main] ERROR f.i.s.r.process.maven.MavenHelper - Error while building complete model. The raw model will be used. Error message: 2 problems were encountered while building the effective model for org.apache.activemq.tests:joram-tests:2.6.0-SNAPSHOT
[ERROR] Failed to determine Java version for profile ibm-jdk8 @ org.apache.activemq:artemis-pom:2.6.0-SNAPSHOT, /root/workspace/apache/activemq-artemis/367854734/pom.xml
[ERROR] Failed to determine Java version for profile jdk18 @ org.apache.activemq:artemis-pom:2.6.0-SNAPSHOT, /root/workspace/apache/activemq-artemis/367854734/pom.xml

06:34:36.206 [main] ERROR f.i.s.r.process.maven.MavenHelper - Error while building complete model. The raw model will be used. Error message: 2 problems were encountered while building the effective model for org.apache.activemq.tests:timing-tests:2.6.0-SNAPSHOT
[ERROR] Failed to determine Java version for profile ibm-jdk8 @ org.apache.activemq:artemis-pom:2.6.0-SNAPSHOT, /root/workspace/apache/activemq-artemis/367854734/pom.xml
[ERROR] Failed to determine Java version for profile jdk18 @ org.apache.activemq:artemis-pom:2.6.0-SNAPSHOT, /root/workspace/apache/activemq-artemis/367854734/pom.xml

06:34:36.220 [main] ERROR f.i.s.r.process.maven.MavenHelper - Error while building complete model. The raw model will be used. Error message: 2 problems were encountered while building the effective model for org.apache.activemq.tests:jms-tests:2.6.0-SNAPSHOT
[ERROR] Failed to determine Java version for profile ibm-jdk8 @ org.apache.activemq:artemis-pom:2.6.0-SNAPSHOT, /root/workspace/apache/activemq-artemis/367854734/pom.xml
[ERROR] Failed to determine Java version for profile jdk18 @ org.apache.activemq:artemis-pom:2.6.0-SNAPSHOT, /root/workspace/apache/activemq-artemis/367854734/pom.xml

06:34:36.230 [main] ERROR f.i.s.r.process.maven.MavenHelper - Error while building complete model. The raw model will be used. Error message: 2 problems were encountered while building the effective model for org.apache.activemq.tests:integration-tests:2.6.0-SNAPSHOT
[ERROR] Failed to determine Java version for profile ibm-jdk8 @ org.apache.activemq:artemis-pom:2.6.0-SNAPSHOT, /root/workspace/apache/activemq-artemis/367854734/pom.xml
[ERROR] Failed to determine Java version for profile jdk18 @ org.apache.activemq:artemis-pom:2.6.0-SNAPSHOT, /root/workspace/apache/activemq-artemis/367854734/pom.xml

06:34:36.239 [main] ERROR f.i.s.r.process.maven.MavenHelper - Error while building complete model. The raw model will be used. Error message: 2 problems were encountered while building the effective model for org.apache.activemq.tests:karaf-client-integration-tests:2.6.0-SNAPSHOT
[ERROR] Failed to determine Java version for profile ibm-jdk8 @ org.apache.activemq:artemis-pom:2.6.0-SNAPSHOT, /root/workspace/apache/activemq-artemis/367854734/pom.xml
[ERROR] Failed to determine Java version for profile jdk18 @ org.apache.activemq:artemis-pom:2.6.0-SNAPSHOT, /root/workspace/apache/activemq-artemis/367854734/pom.xml

06:34:36.254 [main] ERROR f.i.s.r.process.maven.MavenHelper - Error while building complete model. The raw model will be used. Error message: 2 problems were encountered while building the effective model for org.apache.activemq.tests:compatibility-tests:2.6.0-SNAPSHOT
[ERROR] Failed to determine Java version for profile ibm-jdk8 @ org.apache.activemq:artemis-pom:2.6.0-SNAPSHOT, /root/workspace/apache/activemq-artemis/367854734/pom.xml
[ERROR] Failed to determine Java version for profile jdk18 @ org.apache.activemq:artemis-pom:2.6.0-SNAPSHOT, /root/workspace/apache/activemq-artemis/367854734/pom.xml

06:34:36.263 [main] ERROR f.i.s.r.process.maven.MavenHelper - Error while building complete model. The raw model will be used. Error message: 2 problems were encountered while building the effective model for org.apache.activemq.tests:soak-tests:2.6.0-SNAPSHOT
[ERROR] Failed to determine Java version for profile ibm-jdk8 @ org.apache.activemq:artemis-pom:2.6.0-SNAPSHOT, /root/workspace/apache/activemq-artemis/367854734/pom.xml
[ERROR] Failed to determine Java version for profile jdk18 @ org.apache.activemq:artemis-pom:2.6.0-SNAPSHOT, /root/workspace/apache/activemq-artemis/367854734/pom.xml

06:34:36.272 [main] ERROR f.i.s.r.process.maven.MavenHelper - Error while building complete model. The raw model will be used. Error message: 2 problems were encountered while building the effective model for org.apache.activemq.tests:stress-tests:2.6.0-SNAPSHOT
[ERROR] Failed to determine Java version for profile ibm-jdk8 @ org.apache.activemq:artemis-pom:2.6.0-SNAPSHOT, /root/workspace/apache/activemq-artemis/367854734/pom.xml
[ERROR] Failed to determine Java version for profile jdk18 @ org.apache.activemq:artemis-pom:2.6.0-SNAPSHOT, /root/workspace/apache/activemq-artemis/367854734/pom.xml

06:34:36.285 [main] ERROR f.i.s.r.process.maven.MavenHelper - Error while building complete model. The raw model will be used. Error message: 2 problems were encountered while building the effective model for org.apache.activemq.tests:performance-tests:2.6.0-SNAPSHOT
[ERROR] Failed to determine Java version for profile ibm-jdk8 @ org.apache.activemq:artemis-pom:2.6.0-SNAPSHOT, /root/workspace/apache/activemq-artemis/367854734/pom.xml
[ERROR] Failed to determine Java version for profile jdk18 @ org.apache.activemq:artemis-pom:2.6.0-SNAPSHOT, /root/workspace/apache/activemq-artemis/367854734/pom.xml

06:34:36.286 [main] DEBUG f.i.s.r.p.step.paths.ComputeTestDir - The default test directory (/root/workspace/apache/activemq-artemis/367854734/tests/artemis-test-support/src/test/java) does not exist. Try to read pom.xml to get information.
06:34:36.291 [main] ERROR f.i.s.r.process.maven.MavenHelper - Error while building complete model. The raw model will be used. Error message: 2 problems were encountered while building the effective model for org.apache.activemq.tests:artemis-test-support:2.6.0-SNAPSHOT
[ERROR] Failed to determine Java version for profile ibm-jdk8 @ org.apache.activemq:artemis-pom:2.6.0-SNAPSHOT, /root/workspace/apache/activemq-artemis/367854734/pom.xml
[ERROR] Failed to determine Java version for profile jdk18 @ org.apache.activemq:artemis-pom:2.6.0-SNAPSHOT, /root/workspace/apache/activemq-artemis/367854734/pom.xml

06:34:36.292 [main] DEBUG f.i.s.r.p.step.paths.ComputeTestDir - Build section does not exist in the following pom.xml: /root/workspace/apache/activemq-artemis/367854734/tests/artemis-test-support/pom.xml. Continue to try to get test dir from all modules.
06:34:36.292 [main] ERROR f.i.s.r.p.step.paths.ComputeTestDir - The test directory is not at default location or specified in build section from pom.xml, and no parent can be found.
06:34:36.298 [main] ERROR f.i.s.r.process.maven.MavenHelper - Error while building complete model. The raw model will be used. Error message: 2 problems were encountered while building the effective model for org.apache.activemq.tests:smoke-tests:2.6.0-SNAPSHOT
[ERROR] Failed to determine Java version for profile ibm-jdk8 @ org.apache.activemq:artemis-pom:2.6.0-SNAPSHOT, /root/workspace/apache/activemq-artemis/367854734/pom.xml
[ERROR] Failed to determine Java version for profile jdk18 @ org.apache.activemq:artemis-pom:2.6.0-SNAPSHOT, /root/workspace/apache/activemq-artemis/367854734/pom.xml

06:34:36.299 [main] DEBUG f.i.s.r.p.step.paths.ComputeTestDir - The default test directory (/root/workspace/apache/activemq-artemis/367854734/artemis-features/src/test/java) does not exist. Try to read pom.xml to get information.
06:34:36.305 [main] ERROR f.i.s.r.process.maven.MavenHelper - Error while building complete model. The raw model will be used. Error message: 2 problems were encountered while building the effective model for org.apache.activemq:artemis-features:2.6.0-SNAPSHOT
[ERROR] Failed to determine Java version for profile ibm-jdk8 @ org.apache.activemq:artemis-pom:2.6.0-SNAPSHOT, /root/workspace/apache/activemq-artemis/367854734/pom.xml
[ERROR] Failed to determine Java version for profile jdk18 @ org.apache.activemq:artemis-pom:2.6.0-SNAPSHOT, /root/workspace/apache/activemq-artemis/367854734/pom.xml

06:34:36.306 [main] DEBUG f.i.s.r.p.step.paths.ComputeTestDir - Build section does not exist in the following pom.xml: /root/workspace/apache/activemq-artemis/367854734/artemis-features/pom.xml. Continue to try to get test dir from all modules.
06:34:36.306 [main] ERROR f.i.s.r.p.step.paths.ComputeTestDir - The test directory is not at default location or specified in build section from pom.xml, and no parent can be found.
06:34:36.306 [main] INFO  f.i.s.r.p.step.paths.ComputeTestDir - 28 test dirs were found:
06:34:36.306 [main] INFO  f.i.s.r.p.step.paths.ComputeTestDir - /root/workspace/apache/activemq-artemis/367854734/artemis-cdi-client/src/test/java
06:34:36.307 [main] INFO  f.i.s.r.p.step.paths.ComputeTestDir - /root/workspace/apache/activemq-artemis/367854734/artemis-cli/src/test/java
06:34:36.307 [main] INFO  f.i.s.r.p.step.paths.ComputeTestDir - /root/workspace/apache/activemq-artemis/367854734/artemis-commons/src/test/java
06:34:36.307 [main] INFO  f.i.s.r.p.step.paths.ComputeTestDir - /root/workspace/apache/activemq-artemis/367854734/artemis-core-client/src/test/java
06:34:36.307 [main] INFO  f.i.s.r.p.step.paths.ComputeTestDir - /root/workspace/apache/activemq-artemis/367854734/artemis-jdbc-store/src/test/java
06:34:36.307 [main] INFO  f.i.s.r.p.step.paths.ComputeTestDir - /root/workspace/apache/activemq-artemis/367854734/artemis-jms-client/src/test/java
06:34:36.307 [main] INFO  f.i.s.r.p.step.paths.ComputeTestDir - /root/workspace/apache/activemq-artemis/367854734/artemis-journal/src/test/java
06:34:36.307 [main] INFO  f.i.s.r.p.step.paths.ComputeTestDir - /root/workspace/apache/activemq-artemis/367854734/artemis-junit/src/test/java
06:34:36.307 [main] INFO  f.i.s.r.p.step.paths.ComputeTestDir - /root/workspace/apache/activemq-artemis/367854734/artemis-native/src/test/java
06:34:36.307 [main] INFO  f.i.s.r.p.step.paths.ComputeTestDir - /root/workspace/apache/activemq-artemis/367854734/artemis-protocols/artemis-amqp-protocol/src/test/java
06:34:36.307 [main] INFO  f.i.s.r.p.step.paths.ComputeTestDir - /root/workspace/apache/activemq-artemis/367854734/artemis-rest/src/test/java
06:34:36.308 [main] INFO  f.i.s.r.p.step.paths.ComputeTestDir - /root/workspace/apache/activemq-artemis/367854734/artemis-selector/src/test/java
06:34:36.308 [main] INFO  f.i.s.r.p.step.paths.ComputeTestDir - /root/workspace/apache/activemq-artemis/367854734/artemis-server-osgi/src/test/java
06:34:36.308 [main] INFO  f.i.s.r.p.step.paths.ComputeTestDir - /root/workspace/apache/activemq-artemis/367854734/artemis-server/src/test/java
06:34:36.308 [main] INFO  f.i.s.r.p.step.paths.ComputeTestDir - /root/workspace/apache/activemq-artemis/367854734/artemis-service-extensions/src/test/java
06:34:36.308 [main] INFO  f.i.s.r.p.step.paths.ComputeTestDir - /root/workspace/apache/activemq-artemis/367854734/artemis-tools/src/test/java
06:34:36.308 [main] INFO  f.i.s.r.p.step.paths.ComputeTestDir - /root/workspace/apache/activemq-artemis/367854734/artemis-web/src/test/java
06:34:36.308 [main] INFO  f.i.s.r.p.step.paths.ComputeTestDir - /root/workspace/apache/activemq-artemis/367854734/tests/compatibility-tests/src/test/java
06:34:36.308 [main] INFO  f.i.s.r.p.step.paths.ComputeTestDir - /root/workspace/apache/activemq-artemis/367854734/tests/integration-tests/src/test/java
06:34:36.310 [main] INFO  f.i.s.r.p.step.paths.ComputeTestDir - /root/workspace/apache/activemq-artemis/367854734/tests/jms-tests/src/test/java
06:34:36.310 [main] INFO  f.i.s.r.p.step.paths.ComputeTestDir - /root/workspace/apache/activemq-artemis/367854734/tests/joram-tests/src/test/java
06:34:36.310 [main] INFO  f.i.s.r.p.step.paths.ComputeTestDir - /root/workspace/apache/activemq-artemis/367854734/tests/karaf-client-integration-tests/src/test/java
06:34:36.310 [main] INFO  f.i.s.r.p.step.paths.ComputeTestDir - /root/workspace/apache/activemq-artemis/367854734/tests/performance-tests/src/test/java
06:34:36.310 [main] INFO  f.i.s.r.p.step.paths.ComputeTestDir - /root/workspace/apache/activemq-artemis/367854734/tests/smoke-tests/src/test/java
06:34:36.310 [main] INFO  f.i.s.r.p.step.paths.ComputeTestDir - /root/workspace/apache/activemq-artemis/367854734/tests/soak-tests/src/test/java
06:34:36.314 [main] INFO  f.i.s.r.p.step.paths.ComputeTestDir - /root/workspace/apache/activemq-artemis/367854734/tests/stress-tests/src/test/java
06:34:36.314 [main] INFO  f.i.s.r.p.step.paths.ComputeTestDir - /root/workspace/apache/activemq-artemis/367854734/tests/timing-tests/src/test/java
06:34:36.314 [main] INFO  f.i.s.r.p.step.paths.ComputeTestDir - /root/workspace/apache/activemq-artemis/367854734/tests/unit-tests/src/test/java
06:34:36.348 [main] DEBUG f.i.s.r.p.step.paths.ComputeTestDir - STEP STATUS: [ ComputeTestDir : SUCCESS ]
06:34:36.348 [main] DEBUG f.i.s.r.p.step.paths.ComputeTestDir - STEP DURATION: 0s
06:34:36.348 [main] DEBUG f.i.s.r.p.step.paths.ComputeTestDir - EXECUTE NEXT STEP
06:34:36.348 [main] DEBUG f.i.s.r.p.s.c.CheckoutBuggyBuildSourceCode - ----------------------------------------------------------------------
06:34:36.348 [main] DEBUG f.i.s.r.p.s.c.CheckoutBuggyBuildSourceCode - STEP 5/22: CheckoutBuggyBuildCandidateSourceCode
06:34:36.349 [main] DEBUG f.i.s.r.p.s.c.CheckoutBuggyBuildSourceCode - ----------------------------------------------------------------------
06:34:36.349 [main] DEBUG f.i.s.r.p.s.c.CheckoutBuggyBuildSourceCode - Checking out the source code of the buggy build candidate...
06:34:36.669 [main] INFO  fr.inria.jtravis.JTravis - GitHub ratelimit: Limit: 5000 Remaining: 4161 Reset hour: 19:40:37
06:34:38.290 [main] DEBUG f.i.s.r.process.git.GitHelper - Commit repairnator files...
06:34:38.290 [main] INFO  f.i.s.r.process.git.GitHelper - There is no repairnator file to commit.
06:34:38.291 [main] DEBUG f.i.s.r.p.s.c.CheckoutBuggyBuildSourceCode - Reproduce the PR for apache/activemq-artemis by fetching remote branch and merging.
06:34:38.699 [main] DEBUG f.i.s.r.process.git.GitHelper - Step CheckoutBuggyBuildCandidateSourceCode - Get the commit 1e9f76f45a5ded70f3c55d40071bfa5304e59044 for repo apache/activemq-artemis
06:34:39.201 [main] DEBUG f.i.s.r.process.git.GitHelper - Step CheckoutBuggyBuildCandidateSourceCode - Do the merge with the PR commit for repo apache/activemq-artemis
06:34:39.202 [main] INFO  f.i.s.r.process.git.GitHelper - Init git submodules.
06:34:39.451 [main] INFO  fr.inria.jtravis.JTravis - GitHub ratelimit: Limit: 5000 Remaining: 4154 Reset hour: 19:40:37
06:34:41.427 [main] DEBUG f.i.s.r.process.git.GitHelper - Commit repairnator files...
06:34:41.427 [main] INFO  f.i.s.r.process.git.GitHelper - There is no repairnator file to commit.
06:34:41.428 [main] DEBUG f.i.s.r.p.s.c.CheckoutBuggyBuildSourceCode - Reproduce the PR for apache/activemq-artemis by fetching remote branch and merging.
06:34:41.867 [main] ERROR f.i.s.r.p.s.c.CheckoutBuggyBuildSourceCode - Error while testing commit: org.eclipse.jgit.errors.MissingObjectException: Missing unknown 7f6b85f95af2701db7c6b8bfd99011a0147294eb
06:34:41.868 [main] ERROR f.i.s.r.p.s.c.CheckoutBuggyBuildSourceCode - Commit head ref cannot be retrieved from the repository: 7f6b85f95af2701db7c6b8bfd99011a0147294eb. Operation aborted.
06:34:41.868 [main] ERROR f.i.s.r.p.s.c.CheckoutBuggyBuildSourceCode - Error while merging two commits to reproduce the PR.
06:34:41.869 [main] DEBUG f.i.s.r.p.s.c.CheckoutBuggyBuildSourceCode - STEP STATUS: [ CheckoutBuggyBuildCandidateSourceCode : FAILURE ( BUILDNOTCHECKEDOUT ) ]
06:34:41.869 [main] DEBUG f.i.s.r.p.s.c.CheckoutBuggyBuildSourceCode - STEP DURATION: 5s
06:34:41.870 [main] DEBUG f.i.s.r.p.s.c.CheckoutBuggyBuildSourceCode - TERMINATE PIPELINE
06:34:41.870 [main] DEBUG f.i.s.r.p.s.c.CheckoutBuggyBuildSourceCode - FINAL STEPS SKIPPED: The reproduction of the bug and/or the patch failed.
06:34:41.870 [main] INFO  f.i.s.r.p.s.c.CheckoutBuggyBuildSourceCode - Serialize all data for the pair of builds 367854734, 367859300
06:34:41.986 [main] INFO  fr.inria.jtravis.JTravis - GitHub ratelimit: Limit: 5000 Remaining: 4147 Reset hour: 19:40:37
06:34:43.317 [main] INFO  f.i.s.r.p.i.ProjectInspector - ----------------------------------------------------------------------
06:34:43.317 [main] INFO  f.i.s.r.p.i.ProjectInspector - PIPELINE EXECUTION SUMMARY
06:34:43.317 [main] INFO  f.i.s.r.p.i.ProjectInspector - ----------------------------------------------------------------------
06:34:43.317 [main] INFO  f.i.s.r.p.i.ProjectInspector - CloneRepository.......................................SUCCESS [ 26 s ]
06:34:43.318 [main] INFO  f.i.s.r.p.i.ProjectInspector - CheckoutPatchedBuildCandidate.........................SUCCESS [ 45 s ]
06:34:43.318 [main] INFO  f.i.s.r.p.i.ProjectInspector - ComputeSourceDir......................................SUCCESS [  1 s ]
06:34:43.318 [main] INFO  f.i.s.r.p.i.ProjectInspector - ComputeTestDir........................................SUCCESS [  0 s ]
06:34:43.318 [main] INFO  f.i.s.r.p.i.ProjectInspector - CheckoutBuggyBuildCandidateSourceCode.................FAILURE [  5 s ]
06:34:43.318 [main] INFO  f.i.s.r.p.i.ProjectInspector - BuildProjectBuggyBuildCandidateSourceCode.............NOT RUN         
06:34:43.318 [main] INFO  f.i.s.r.p.i.ProjectInspector - TestProjectBuggyBuildCandidateSourceCode..............NOT RUN         
06:34:43.318 [main] INFO  f.i.s.r.p.i.ProjectInspector - GatherTestInformationBuggyBuildCandidateSourceCode....NOT RUN         
06:34:43.318 [main] INFO  f.i.s.r.p.i.ProjectInspector - CheckoutBuggyBuildTestCode............................NOT RUN         
06:34:43.319 [main] INFO  f.i.s.r.p.i.ProjectInspector - InitRepoToPush........................................NOT RUN         
06:34:43.319 [main] INFO  f.i.s.r.p.i.ProjectInspector - ComputeClasspath......................................NOT RUN         
06:34:43.319 [main] INFO  f.i.s.r.p.i.ProjectInspector - ComputeModules........................................NOT RUN         
06:34:43.319 [main] INFO  f.i.s.r.p.i.ProjectInspector - CheckoutBuggyBuildCandidateSourceCode.................NOT RUN         
06:34:43.319 [main] INFO  f.i.s.r.p.i.ProjectInspector - CommitChangedTests....................................NOT RUN         
06:34:43.319 [main] INFO  f.i.s.r.p.i.ProjectInspector - CheckoutPatchedBuildCandidate.........................NOT RUN         
06:34:43.319 [main] INFO  f.i.s.r.p.i.ProjectInspector - BuildProjectPatchedBuildCandidate.....................NOT RUN         
06:34:43.319 [main] INFO  f.i.s.r.p.i.ProjectInspector - TestProjectPatchedBuildCandidate......................NOT RUN         
06:34:43.319 [main] INFO  f.i.s.r.p.i.ProjectInspector - GatherTestInformationPatchedBuildCandidate............NOT RUN         
06:34:43.320 [main] INFO  f.i.s.r.p.i.ProjectInspector - CommitPatch...........................................NOT RUN         
06:34:43.320 [main] INFO  f.i.s.r.p.i.ProjectInspector - WritePropertyFile.....................................NOT RUN         
06:34:43.320 [main] INFO  f.i.s.r.p.i.ProjectInspector - CommitProcessEnd......................................NOT RUN         
06:34:43.320 [main] INFO  f.i.s.r.p.i.ProjectInspector - PushProcessEnd........................................NOT RUN         
06:34:43.320 [main] INFO  f.i.s.r.p.i.ProjectInspector - ----------------------------------------------------------------------
06:34:43.320 [main] INFO  f.i.s.r.p.i.ProjectInspector - PIPELINE FINDING: BUILDNOTCHECKEDOUT
06:34:43.320 [main] INFO  f.i.s.r.p.i.ProjectInspector - ----------------------------------------------------------------------
06:34:43.321 [main] INFO  f.i.s.repairnator.pipeline.Launcher - Inspector is finished. The process will exit now.
