22:43:04.119 [main] INFO  f.i.s.repairnator.pipeline.Launcher - PIPELINE VERSION: 3.0-2018-08-09 19:04
22:43:04.301 [main] INFO  f.i.s.repairnator.pipeline.Launcher - The pipeline will try to reproduce a bug from build 349775404 and its corresponding patch from build 349777561
22:43:04.301 [main] INFO  f.i.s.repairnator.pipeline.Launcher - Initialize file serializer engines.
22:43:04.304 [main] INFO  f.i.s.repairnator.pipeline.Launcher - MongoDB won't be used for serialization.
22:43:04.304 [main] INFO  f.i.s.repairnator.pipeline.Launcher - The email notifier engine won't be used.
22:43:04.309 [main] INFO  f.i.s.repairnator.pipeline.Launcher - Start by getting the build (buildId: 349775404) with the following config: RepairnatorConfig{runId='4f10a5c0-d543-4288-82ed-b7536ce5532c_03-18-week1-PASSING_AND_PASSING', launcherMode=BEARS, serializeJson=true, inputPath='null', outputPath='/var/log', mongodbHost='null', mongodbName='repairnator', smtpServer='null', notifyTo=[], notifyEndProcess=false, push=true, pushRemoteRepo='https://github.com/fermadeiral/bears-collection-pp', fork=false, lookFromDate=null, lookToDate=null, buildId=349775404, z3solverPath='./z3_for_linux', workspacePath='./workspace', githubToken='c8a341a903[...]', dockerImageName='null', skipDelete=false, createOutputDir=false, logDirectory='null', nbThreads=0, globalTimeout=0, whiteList=null, blackList=null, jobSleepTime=0, buildSleepTime=0, maxInspectedBuilds=0, duration=null, humanPatch=false, repository='null', clean=true, bearsMode=BOTH, bearsDelimiter = false, repairTools=NopolAllTests,NPEFix,AssertFixer,AstorJGenProg,AstorJKali,NopolSingleTest,AstorJMut,NopolTestExclusionStrategy, githubUserName= fermadeiral, githubUserEmail=fer.madeiral@gmail.com}
22:43:06.005 [main] DEBUG fr.inria.jtravis.helpers.BuildHelper - Get request to :https://api.travis-ci.org/build/349775404 done after 1070 ms
22:43:06.578 [main] DEBUG fr.inria.jtravis.helpers.BuildHelper - Get request to :https://api.travis-ci.org/build/349777561 done after 418 ms
22:43:06.601 [main] INFO  f.i.s.repairnator.pipeline.Launcher - The patched build (349777561) was successfully retrieved from Travis.
22:43:08.070 [main] INFO  fr.inria.jtravis.JTravis - GitHub ratelimit: Limit: 5000 Remaining: 4785 Reset hour: 19:30:05
22:43:08.463 [main] INFO  f.i.s.r.p.i.ProjectInspector - ----------------------------------------------------------------------
22:43:08.464 [main] INFO  f.i.s.r.p.i.ProjectInspector - PIPELINE STEPS
22:43:08.464 [main] INFO  f.i.s.r.p.i.ProjectInspector - ----------------------------------------------------------------------
22:43:08.465 [main] INFO  f.i.s.r.p.i.ProjectInspector - CloneRepository
22:43:08.465 [main] INFO  f.i.s.r.p.i.ProjectInspector - CheckoutPatchedBuildCandidate
22:43:08.466 [main] INFO  f.i.s.r.p.i.ProjectInspector - ComputeSourceDir
22:43:08.466 [main] INFO  f.i.s.r.p.i.ProjectInspector - ComputeTestDir
22:43:08.466 [main] INFO  f.i.s.r.p.i.ProjectInspector - CheckoutBuggyBuildCandidateSourceCode
22:43:08.467 [main] INFO  f.i.s.r.p.i.ProjectInspector - BuildProjectBuggyBuildCandidateSourceCode
22:43:08.467 [main] INFO  f.i.s.r.p.i.ProjectInspector - TestProjectBuggyBuildCandidateSourceCode
22:43:08.467 [main] INFO  f.i.s.r.p.i.ProjectInspector - GatherTestInformationBuggyBuildCandidateSourceCode
22:43:08.468 [main] INFO  f.i.s.r.p.i.ProjectInspector - CheckoutBuggyBuildTestCode
22:43:08.468 [main] INFO  f.i.s.r.p.i.ProjectInspector - InitRepoToPush
22:43:08.468 [main] INFO  f.i.s.r.p.i.ProjectInspector - ComputeClasspath
22:43:08.469 [main] INFO  f.i.s.r.p.i.ProjectInspector - ComputeModules
22:43:08.469 [main] INFO  f.i.s.r.p.i.ProjectInspector - CheckoutBuggyBuildCandidateSourceCode
22:43:08.469 [main] INFO  f.i.s.r.p.i.ProjectInspector - CommitChangedTests
22:43:08.470 [main] INFO  f.i.s.r.p.i.ProjectInspector - CheckoutPatchedBuildCandidate
22:43:08.470 [main] INFO  f.i.s.r.p.i.ProjectInspector - BuildProjectPatchedBuildCandidate
22:43:08.471 [main] INFO  f.i.s.r.p.i.ProjectInspector - TestProjectPatchedBuildCandidate
22:43:08.471 [main] INFO  f.i.s.r.p.i.ProjectInspector - GatherTestInformationPatchedBuildCandidate
22:43:08.471 [main] INFO  f.i.s.r.p.i.ProjectInspector - CommitPatch
22:43:08.472 [main] INFO  f.i.s.r.p.i.ProjectInspector - WritePropertyFile
22:43:08.472 [main] INFO  f.i.s.r.p.i.ProjectInspector - CommitProcessEnd
22:43:08.472 [main] INFO  f.i.s.r.p.i.ProjectInspector - PushProcessEnd
22:43:08.473 [main] DEBUG f.i.s.r.process.step.CloneRepository - ----------------------------------------------------------------------
22:43:08.473 [main] DEBUG f.i.s.r.process.step.CloneRepository - STEP 1/22: CloneRepository
22:43:08.474 [main] DEBUG f.i.s.r.process.step.CloneRepository - ----------------------------------------------------------------------
22:43:08.474 [main] DEBUG f.i.s.r.process.step.CloneRepository - Cloning repository EnMasseProject/enmasse in the following directory: ./workspace/EnMasseProject/enmasse/349775404
22:43:41.148 [main] DEBUG f.i.s.r.process.step.CloneRepository - STEP STATUS: [ CloneRepository : SUCCESS ]
22:43:41.149 [main] DEBUG f.i.s.r.process.step.CloneRepository - STEP DURATION: 32s
22:43:41.149 [main] DEBUG f.i.s.r.process.step.CloneRepository - EXECUTE NEXT STEP
22:43:41.149 [main] DEBUG f.i.s.r.p.s.c.CheckoutPatchedBuild - ----------------------------------------------------------------------
22:43:41.150 [main] DEBUG f.i.s.r.p.s.c.CheckoutPatchedBuild - STEP 2/22: CheckoutPatchedBuildCandidate
22:43:41.150 [main] DEBUG f.i.s.r.p.s.c.CheckoutPatchedBuild - ----------------------------------------------------------------------
22:43:41.151 [main] DEBUG f.i.s.r.p.s.c.CheckoutPatchedBuild - Checking out patched build candidate...
22:43:41.163 [main] ERROR f.i.s.r.p.s.c.CheckoutPatchedBuild - Error while testing commit: org.eclipse.jgit.errors.MissingObjectException: Missing unknown 98ae1d970c4da35d6a13d84375c88fd7284d14b9
22:43:41.164 [main] ERROR f.i.s.r.p.s.c.CheckoutPatchedBuild - Error while getting the commit to checkout from the repo.
22:43:41.165 [main] DEBUG f.i.s.r.p.s.c.CheckoutPatchedBuild - STEP STATUS: [ CheckoutPatchedBuildCandidate : FAILURE ( BUILDNOTCHECKEDOUT ) ]
22:43:41.165 [main] DEBUG f.i.s.r.p.s.c.CheckoutPatchedBuild - STEP DURATION: 0s
22:43:41.165 [main] DEBUG f.i.s.r.p.s.c.CheckoutPatchedBuild - TERMINATE PIPELINE
22:43:41.165 [main] DEBUG f.i.s.r.p.s.c.CheckoutPatchedBuild - FINAL STEPS SKIPPED: The reproduction of the bug and/or the patch failed.
22:43:41.165 [main] INFO  f.i.s.r.p.s.c.CheckoutPatchedBuild - Serialize all data for the pair of builds 349775404, 349777561
22:43:41.511 [main] INFO  fr.inria.jtravis.JTravis - GitHub ratelimit: Limit: 5000 Remaining: 4777 Reset hour: 19:30:05
22:43:44.095 [main] INFO  f.i.s.r.p.i.ProjectInspector - ----------------------------------------------------------------------
22:43:44.096 [main] INFO  f.i.s.r.p.i.ProjectInspector - PIPELINE EXECUTION SUMMARY
22:43:44.096 [main] INFO  f.i.s.r.p.i.ProjectInspector - ----------------------------------------------------------------------
22:43:44.096 [main] INFO  f.i.s.r.p.i.ProjectInspector - CloneRepository.......................................SUCCESS [ 32 s ]
22:43:44.096 [main] INFO  f.i.s.r.p.i.ProjectInspector - CheckoutPatchedBuildCandidate.........................FAILURE [  0 s ]
22:43:44.097 [main] INFO  f.i.s.r.p.i.ProjectInspector - ComputeSourceDir......................................NOT RUN         
22:43:44.097 [main] INFO  f.i.s.r.p.i.ProjectInspector - ComputeTestDir........................................NOT RUN         
22:43:44.097 [main] INFO  f.i.s.r.p.i.ProjectInspector - CheckoutBuggyBuildCandidateSourceCode.................NOT RUN         
22:43:44.098 [main] INFO  f.i.s.r.p.i.ProjectInspector - BuildProjectBuggyBuildCandidateSourceCode.............NOT RUN         
22:43:44.098 [main] INFO  f.i.s.r.p.i.ProjectInspector - TestProjectBuggyBuildCandidateSourceCode..............NOT RUN         
22:43:44.098 [main] INFO  f.i.s.r.p.i.ProjectInspector - GatherTestInformationBuggyBuildCandidateSourceCode....NOT RUN         
22:43:44.099 [main] INFO  f.i.s.r.p.i.ProjectInspector - CheckoutBuggyBuildTestCode............................NOT RUN         
22:43:44.099 [main] INFO  f.i.s.r.p.i.ProjectInspector - InitRepoToPush........................................NOT RUN         
22:43:44.099 [main] INFO  f.i.s.r.p.i.ProjectInspector - ComputeClasspath......................................NOT RUN         
22:43:44.099 [main] INFO  f.i.s.r.p.i.ProjectInspector - ComputeModules........................................NOT RUN         
22:43:44.099 [main] INFO  f.i.s.r.p.i.ProjectInspector - CheckoutBuggyBuildCandidateSourceCode.................NOT RUN         
22:43:44.100 [main] INFO  f.i.s.r.p.i.ProjectInspector - CommitChangedTests....................................NOT RUN         
22:43:44.100 [main] INFO  f.i.s.r.p.i.ProjectInspector - CheckoutPatchedBuildCandidate.........................NOT RUN         
22:43:44.100 [main] INFO  f.i.s.r.p.i.ProjectInspector - BuildProjectPatchedBuildCandidate.....................NOT RUN         
22:43:44.101 [main] INFO  f.i.s.r.p.i.ProjectInspector - TestProjectPatchedBuildCandidate......................NOT RUN         
22:43:44.101 [main] INFO  f.i.s.r.p.i.ProjectInspector - GatherTestInformationPatchedBuildCandidate............NOT RUN         
22:43:44.101 [main] INFO  f.i.s.r.p.i.ProjectInspector - CommitPatch...........................................NOT RUN         
22:43:44.101 [main] INFO  f.i.s.r.p.i.ProjectInspector - WritePropertyFile.....................................NOT RUN         
22:43:44.102 [main] INFO  f.i.s.r.p.i.ProjectInspector - CommitProcessEnd......................................NOT RUN         
22:43:44.102 [main] INFO  f.i.s.r.p.i.ProjectInspector - PushProcessEnd........................................NOT RUN         
22:43:44.102 [main] INFO  f.i.s.r.p.i.ProjectInspector - ----------------------------------------------------------------------
22:43:44.102 [main] INFO  f.i.s.r.p.i.ProjectInspector - PIPELINE FINDING: BUILDNOTCHECKEDOUT
22:43:44.103 [main] INFO  f.i.s.r.p.i.ProjectInspector - ----------------------------------------------------------------------
22:43:44.103 [main] INFO  f.i.s.repairnator.pipeline.Launcher - Inspector is finished. The process will exit now.
