00:01:53.472 [main] INFO  f.i.s.repairnator.pipeline.Launcher - PIPELINE VERSION: 3.0-2018-08-09 19:04
00:01:53.653 [main] INFO  f.i.s.repairnator.pipeline.Launcher - The pipeline will try to reproduce a bug from build 348680869 and its corresponding patch from build 348682439
00:01:53.653 [main] INFO  f.i.s.repairnator.pipeline.Launcher - Initialize file serializer engines.
00:01:53.656 [main] INFO  f.i.s.repairnator.pipeline.Launcher - MongoDB won't be used for serialization.
00:01:53.656 [main] INFO  f.i.s.repairnator.pipeline.Launcher - The email notifier engine won't be used.
00:01:53.661 [main] INFO  f.i.s.repairnator.pipeline.Launcher - Start by getting the build (buildId: 348680869) with the following config: RepairnatorConfig{runId='4f10a5c0-d543-4288-82ed-b7536ce5532c_03-18-week1-PASSING_AND_PASSING', launcherMode=BEARS, serializeJson=true, inputPath='null', outputPath='/var/log', mongodbHost='null', mongodbName='repairnator', smtpServer='null', notifyTo=[], notifyEndProcess=false, push=true, pushRemoteRepo='https://github.com/fermadeiral/bears-collection-pp', fork=false, lookFromDate=null, lookToDate=null, buildId=348680869, z3solverPath='./z3_for_linux', workspacePath='./workspace', githubToken='c8a341a903[...]', dockerImageName='null', skipDelete=false, createOutputDir=false, logDirectory='null', nbThreads=0, globalTimeout=0, whiteList=null, blackList=null, jobSleepTime=0, buildSleepTime=0, maxInspectedBuilds=0, duration=null, humanPatch=false, repository='null', clean=true, bearsMode=BOTH, bearsDelimiter = false, repairTools=NopolAllTests,NPEFix,AssertFixer,AstorJGenProg,AstorJKali,NopolSingleTest,AstorJMut,NopolTestExclusionStrategy, githubUserName= fermadeiral, githubUserEmail=fer.madeiral@gmail.com}
00:01:55.163 [main] DEBUG fr.inria.jtravis.helpers.BuildHelper - Get request to :https://api.travis-ci.org/build/348680869 done after 881 ms
00:01:55.739 [main] DEBUG fr.inria.jtravis.helpers.BuildHelper - Get request to :https://api.travis-ci.org/build/348682439 done after 439 ms
00:01:55.757 [main] INFO  f.i.s.repairnator.pipeline.Launcher - The patched build (348682439) was successfully retrieved from Travis.
00:01:57.105 [main] INFO  fr.inria.jtravis.JTravis - GitHub ratelimit: Limit: 5000 Remaining: 4626 Reset hour: 19:30:09
00:01:57.380 [main] INFO  f.i.s.r.p.i.ProjectInspector - ----------------------------------------------------------------------
00:01:57.381 [main] INFO  f.i.s.r.p.i.ProjectInspector - PIPELINE STEPS
00:01:57.382 [main] INFO  f.i.s.r.p.i.ProjectInspector - ----------------------------------------------------------------------
00:01:57.382 [main] INFO  f.i.s.r.p.i.ProjectInspector - CloneRepository
00:01:57.383 [main] INFO  f.i.s.r.p.i.ProjectInspector - CheckoutPatchedBuildCandidate
00:01:57.383 [main] INFO  f.i.s.r.p.i.ProjectInspector - ComputeSourceDir
00:01:57.384 [main] INFO  f.i.s.r.p.i.ProjectInspector - ComputeTestDir
00:01:57.384 [main] INFO  f.i.s.r.p.i.ProjectInspector - CheckoutBuggyBuildCandidateSourceCode
00:01:57.384 [main] INFO  f.i.s.r.p.i.ProjectInspector - BuildProjectBuggyBuildCandidateSourceCode
00:01:57.385 [main] INFO  f.i.s.r.p.i.ProjectInspector - TestProjectBuggyBuildCandidateSourceCode
00:01:57.386 [main] INFO  f.i.s.r.p.i.ProjectInspector - GatherTestInformationBuggyBuildCandidateSourceCode
00:01:57.386 [main] INFO  f.i.s.r.p.i.ProjectInspector - CheckoutBuggyBuildTestCode
00:01:57.386 [main] INFO  f.i.s.r.p.i.ProjectInspector - InitRepoToPush
00:01:57.387 [main] INFO  f.i.s.r.p.i.ProjectInspector - ComputeClasspath
00:01:57.387 [main] INFO  f.i.s.r.p.i.ProjectInspector - ComputeModules
00:01:57.388 [main] INFO  f.i.s.r.p.i.ProjectInspector - CheckoutBuggyBuildCandidateSourceCode
00:01:57.388 [main] INFO  f.i.s.r.p.i.ProjectInspector - CommitChangedTests
00:01:57.389 [main] INFO  f.i.s.r.p.i.ProjectInspector - CheckoutPatchedBuildCandidate
00:01:57.389 [main] INFO  f.i.s.r.p.i.ProjectInspector - BuildProjectPatchedBuildCandidate
00:01:57.390 [main] INFO  f.i.s.r.p.i.ProjectInspector - TestProjectPatchedBuildCandidate
00:01:57.390 [main] INFO  f.i.s.r.p.i.ProjectInspector - GatherTestInformationPatchedBuildCandidate
00:01:57.391 [main] INFO  f.i.s.r.p.i.ProjectInspector - CommitPatch
00:01:57.392 [main] INFO  f.i.s.r.p.i.ProjectInspector - WritePropertyFile
00:01:57.392 [main] INFO  f.i.s.r.p.i.ProjectInspector - CommitProcessEnd
00:01:57.393 [main] INFO  f.i.s.r.p.i.ProjectInspector - PushProcessEnd
00:01:57.394 [main] DEBUG f.i.s.r.process.step.CloneRepository - ----------------------------------------------------------------------
00:01:57.395 [main] DEBUG f.i.s.r.process.step.CloneRepository - STEP 1/22: CloneRepository
00:01:57.395 [main] DEBUG f.i.s.r.process.step.CloneRepository - ----------------------------------------------------------------------
00:01:57.396 [main] DEBUG f.i.s.r.process.step.CloneRepository - Cloning repository runelite/runelite in the following directory: ./workspace/runelite/runelite/348680869
00:02:08.224 [main] DEBUG f.i.s.r.process.step.CloneRepository - STEP STATUS: [ CloneRepository : SUCCESS ]
00:02:08.224 [main] DEBUG f.i.s.r.process.step.CloneRepository - STEP DURATION: 10s
00:02:08.225 [main] DEBUG f.i.s.r.process.step.CloneRepository - EXECUTE NEXT STEP
00:02:08.225 [main] DEBUG f.i.s.r.p.s.c.CheckoutPatchedBuild - ----------------------------------------------------------------------
00:02:08.225 [main] DEBUG f.i.s.r.p.s.c.CheckoutPatchedBuild - STEP 2/22: CheckoutPatchedBuildCandidate
00:02:08.225 [main] DEBUG f.i.s.r.p.s.c.CheckoutPatchedBuild - ----------------------------------------------------------------------
00:02:08.225 [main] DEBUG f.i.s.r.p.s.c.CheckoutPatchedBuild - Checking out patched build candidate...
00:02:08.562 [main] INFO  fr.inria.jtravis.JTravis - GitHub ratelimit: Limit: 5000 Remaining: 4625 Reset hour: 19:30:09
00:02:10.953 [main] DEBUG f.i.s.r.p.s.c.CheckoutPatchedBuild - Reproduce the PR for runelite/runelite by fetching remote branch and merging.
00:02:21.219 [main] ERROR f.i.s.r.p.s.c.CheckoutPatchedBuild - Error while testing commit: org.eclipse.jgit.errors.MissingObjectException: Missing unknown 5d9f2f15b425632545ff8cffee5e92475ad8b80b
00:02:21.221 [main] ERROR f.i.s.r.p.s.c.CheckoutPatchedBuild - Commit head ref cannot be retrieved from the repository: 5d9f2f15b425632545ff8cffee5e92475ad8b80b. Operation aborted.
00:02:21.221 [main] ERROR f.i.s.r.p.s.c.CheckoutPatchedBuild - Error while merging two commits to reproduce the PR.
00:02:21.223 [main] DEBUG f.i.s.r.p.s.c.CheckoutPatchedBuild - STEP STATUS: [ CheckoutPatchedBuildCandidate : FAILURE ( BUILDNOTCHECKEDOUT ) ]
00:02:21.223 [main] DEBUG f.i.s.r.p.s.c.CheckoutPatchedBuild - STEP DURATION: 12s
00:02:21.223 [main] DEBUG f.i.s.r.p.s.c.CheckoutPatchedBuild - TERMINATE PIPELINE
00:02:21.224 [main] DEBUG f.i.s.r.p.s.c.CheckoutPatchedBuild - FINAL STEPS SKIPPED: The reproduction of the bug and/or the patch failed.
00:02:21.224 [main] INFO  f.i.s.r.p.s.c.CheckoutPatchedBuild - Serialize all data for the pair of builds 348680869, 348682439
00:02:21.536 [main] INFO  fr.inria.jtravis.JTravis - GitHub ratelimit: Limit: 5000 Remaining: 4618 Reset hour: 19:30:09
00:02:22.344 [main] INFO  f.i.s.r.p.i.ProjectInspector - ----------------------------------------------------------------------
00:02:22.344 [main] INFO  f.i.s.r.p.i.ProjectInspector - PIPELINE EXECUTION SUMMARY
00:02:22.345 [main] INFO  f.i.s.r.p.i.ProjectInspector - ----------------------------------------------------------------------
00:02:22.345 [main] INFO  f.i.s.r.p.i.ProjectInspector - CloneRepository.......................................SUCCESS [ 10 s ]
00:02:22.345 [main] INFO  f.i.s.r.p.i.ProjectInspector - CheckoutPatchedBuildCandidate.........................FAILURE [ 12 s ]
00:02:22.346 [main] INFO  f.i.s.r.p.i.ProjectInspector - ComputeSourceDir......................................NOT RUN         
00:02:22.346 [main] INFO  f.i.s.r.p.i.ProjectInspector - ComputeTestDir........................................NOT RUN         
00:02:22.346 [main] INFO  f.i.s.r.p.i.ProjectInspector - CheckoutBuggyBuildCandidateSourceCode.................NOT RUN         
00:02:22.346 [main] INFO  f.i.s.r.p.i.ProjectInspector - BuildProjectBuggyBuildCandidateSourceCode.............NOT RUN         
00:02:22.347 [main] INFO  f.i.s.r.p.i.ProjectInspector - TestProjectBuggyBuildCandidateSourceCode..............NOT RUN         
00:02:22.347 [main] INFO  f.i.s.r.p.i.ProjectInspector - GatherTestInformationBuggyBuildCandidateSourceCode....NOT RUN         
00:02:22.347 [main] INFO  f.i.s.r.p.i.ProjectInspector - CheckoutBuggyBuildTestCode............................NOT RUN         
00:02:22.347 [main] INFO  f.i.s.r.p.i.ProjectInspector - InitRepoToPush........................................NOT RUN         
00:02:22.347 [main] INFO  f.i.s.r.p.i.ProjectInspector - ComputeClasspath......................................NOT RUN         
00:02:22.348 [main] INFO  f.i.s.r.p.i.ProjectInspector - ComputeModules........................................NOT RUN         
00:02:22.348 [main] INFO  f.i.s.r.p.i.ProjectInspector - CheckoutBuggyBuildCandidateSourceCode.................NOT RUN         
00:02:22.348 [main] INFO  f.i.s.r.p.i.ProjectInspector - CommitChangedTests....................................NOT RUN         
00:02:22.348 [main] INFO  f.i.s.r.p.i.ProjectInspector - CheckoutPatchedBuildCandidate.........................NOT RUN         
00:02:22.348 [main] INFO  f.i.s.r.p.i.ProjectInspector - BuildProjectPatchedBuildCandidate.....................NOT RUN         
00:02:22.349 [main] INFO  f.i.s.r.p.i.ProjectInspector - TestProjectPatchedBuildCandidate......................NOT RUN         
00:02:22.349 [main] INFO  f.i.s.r.p.i.ProjectInspector - GatherTestInformationPatchedBuildCandidate............NOT RUN         
00:02:22.349 [main] INFO  f.i.s.r.p.i.ProjectInspector - CommitPatch...........................................NOT RUN         
00:02:22.349 [main] INFO  f.i.s.r.p.i.ProjectInspector - WritePropertyFile.....................................NOT RUN         
00:02:22.349 [main] INFO  f.i.s.r.p.i.ProjectInspector - CommitProcessEnd......................................NOT RUN         
00:02:22.350 [main] INFO  f.i.s.r.p.i.ProjectInspector - PushProcessEnd........................................NOT RUN         
00:02:22.350 [main] INFO  f.i.s.r.p.i.ProjectInspector - ----------------------------------------------------------------------
00:02:22.350 [main] INFO  f.i.s.r.p.i.ProjectInspector - PIPELINE FINDING: BUILDNOTCHECKEDOUT
00:02:22.350 [main] INFO  f.i.s.r.p.i.ProjectInspector - ----------------------------------------------------------------------
00:02:22.350 [main] INFO  f.i.s.repairnator.pipeline.Launcher - Inspector is finished. The process will exit now.
