06:50:33.131 [main] INFO  f.i.s.repairnator.pipeline.Launcher - PIPELINE VERSION: 3.0-2018-08-09 19:04
06:50:33.292 [main] INFO  f.i.s.repairnator.pipeline.Launcher - The pipeline will try to reproduce a bug from build 348178009 and its corresponding patch from build 348201463
06:50:33.293 [main] INFO  f.i.s.repairnator.pipeline.Launcher - Initialize file serializer engines.
06:50:33.295 [main] INFO  f.i.s.repairnator.pipeline.Launcher - MongoDB won't be used for serialization.
06:50:33.295 [main] INFO  f.i.s.repairnator.pipeline.Launcher - The email notifier engine won't be used.
06:50:33.299 [main] INFO  f.i.s.repairnator.pipeline.Launcher - Start by getting the build (buildId: 348178009) with the following config: RepairnatorConfig{runId='4f10a5c0-d543-4288-82ed-b7536ce5532c_03-18-week1-PASSING_AND_PASSING', launcherMode=BEARS, serializeJson=true, inputPath='null', outputPath='/var/log', mongodbHost='null', mongodbName='repairnator', smtpServer='null', notifyTo=[], notifyEndProcess=false, push=true, pushRemoteRepo='https://github.com/fermadeiral/bears-collection-pp', fork=false, lookFromDate=null, lookToDate=null, buildId=348178009, z3solverPath='./z3_for_linux', workspacePath='./workspace', githubToken='c8a341a903[...]', dockerImageName='null', skipDelete=false, createOutputDir=false, logDirectory='null', nbThreads=0, globalTimeout=0, whiteList=null, blackList=null, jobSleepTime=0, buildSleepTime=0, maxInspectedBuilds=0, duration=null, humanPatch=false, repository='null', clean=true, bearsMode=BOTH, bearsDelimiter = false, repairTools=NopolAllTests,NPEFix,AssertFixer,AstorJGenProg,AstorJKali,NopolSingleTest,AstorJMut,NopolTestExclusionStrategy, githubUserName= fermadeiral, githubUserEmail=fer.madeiral@gmail.com}
06:50:34.601 [main] DEBUG fr.inria.jtravis.helpers.BuildHelper - Get request to :https://api.travis-ci.org/build/348178009 done after 801 ms
06:50:34.821 [main] DEBUG fr.inria.jtravis.helpers.BuildHelper - Get request to :https://api.travis-ci.org/build/348201463 done after 126 ms
06:50:34.836 [main] INFO  f.i.s.repairnator.pipeline.Launcher - The patched build (348201463) was successfully retrieved from Travis.
06:50:35.886 [main] INFO  fr.inria.jtravis.JTravis - GitHub ratelimit: Limit: 5000 Remaining: 4727 Reset hour: 19:30:32
06:50:36.167 [main] INFO  f.i.s.r.p.i.ProjectInspector - ----------------------------------------------------------------------
06:50:36.167 [main] INFO  f.i.s.r.p.i.ProjectInspector - PIPELINE STEPS
06:50:36.167 [main] INFO  f.i.s.r.p.i.ProjectInspector - ----------------------------------------------------------------------
06:50:36.167 [main] INFO  f.i.s.r.p.i.ProjectInspector - CloneRepository
06:50:36.167 [main] INFO  f.i.s.r.p.i.ProjectInspector - CheckoutPatchedBuildCandidate
06:50:36.167 [main] INFO  f.i.s.r.p.i.ProjectInspector - ComputeSourceDir
06:50:36.168 [main] INFO  f.i.s.r.p.i.ProjectInspector - ComputeTestDir
06:50:36.168 [main] INFO  f.i.s.r.p.i.ProjectInspector - CheckoutBuggyBuildCandidateSourceCode
06:50:36.168 [main] INFO  f.i.s.r.p.i.ProjectInspector - BuildProjectBuggyBuildCandidateSourceCode
06:50:36.168 [main] INFO  f.i.s.r.p.i.ProjectInspector - TestProjectBuggyBuildCandidateSourceCode
06:50:36.168 [main] INFO  f.i.s.r.p.i.ProjectInspector - GatherTestInformationBuggyBuildCandidateSourceCode
06:50:36.168 [main] INFO  f.i.s.r.p.i.ProjectInspector - CheckoutBuggyBuildTestCode
06:50:36.169 [main] INFO  f.i.s.r.p.i.ProjectInspector - InitRepoToPush
06:50:36.169 [main] INFO  f.i.s.r.p.i.ProjectInspector - ComputeClasspath
06:50:36.169 [main] INFO  f.i.s.r.p.i.ProjectInspector - ComputeModules
06:50:36.169 [main] INFO  f.i.s.r.p.i.ProjectInspector - CheckoutBuggyBuildCandidateSourceCode
06:50:36.169 [main] INFO  f.i.s.r.p.i.ProjectInspector - CommitChangedTests
06:50:36.169 [main] INFO  f.i.s.r.p.i.ProjectInspector - CheckoutPatchedBuildCandidate
06:50:36.169 [main] INFO  f.i.s.r.p.i.ProjectInspector - BuildProjectPatchedBuildCandidate
06:50:36.169 [main] INFO  f.i.s.r.p.i.ProjectInspector - TestProjectPatchedBuildCandidate
06:50:36.170 [main] INFO  f.i.s.r.p.i.ProjectInspector - GatherTestInformationPatchedBuildCandidate
06:50:36.170 [main] INFO  f.i.s.r.p.i.ProjectInspector - CommitPatch
06:50:36.170 [main] INFO  f.i.s.r.p.i.ProjectInspector - WritePropertyFile
06:50:36.170 [main] INFO  f.i.s.r.p.i.ProjectInspector - CommitProcessEnd
06:50:36.170 [main] INFO  f.i.s.r.p.i.ProjectInspector - PushProcessEnd
06:50:36.171 [main] DEBUG f.i.s.r.process.step.CloneRepository - ----------------------------------------------------------------------
06:50:36.171 [main] DEBUG f.i.s.r.process.step.CloneRepository - STEP 1/22: CloneRepository
06:50:36.171 [main] DEBUG f.i.s.r.process.step.CloneRepository - ----------------------------------------------------------------------
06:50:36.172 [main] DEBUG f.i.s.r.process.step.CloneRepository - Cloning repository datastax/java-driver in the following directory: ./workspace/datastax/java-driver/348178009
06:50:51.945 [main] DEBUG f.i.s.r.process.step.CloneRepository - STEP STATUS: [ CloneRepository : SUCCESS ]
06:50:51.945 [main] DEBUG f.i.s.r.process.step.CloneRepository - STEP DURATION: 15s
06:50:51.946 [main] DEBUG f.i.s.r.process.step.CloneRepository - EXECUTE NEXT STEP
06:50:51.946 [main] DEBUG f.i.s.r.p.s.c.CheckoutPatchedBuild - ----------------------------------------------------------------------
06:50:51.946 [main] DEBUG f.i.s.r.p.s.c.CheckoutPatchedBuild - STEP 2/22: CheckoutPatchedBuildCandidate
06:50:51.947 [main] DEBUG f.i.s.r.p.s.c.CheckoutPatchedBuild - ----------------------------------------------------------------------
06:50:51.947 [main] DEBUG f.i.s.r.p.s.c.CheckoutPatchedBuild - Checking out patched build candidate...
06:50:51.961 [main] DEBUG f.i.s.r.p.s.c.CheckoutPatchedBuild - Get commit 256227321d1f84879b62b520380c977c81e8bc52 for repo datastax/java-driver
06:50:52.673 [main] INFO  f.i.s.r.process.git.GitHelper - Init git submodules.
06:50:52.756 [main] DEBUG f.i.s.r.p.s.c.CheckoutPatchedBuild - STEP STATUS: [ CheckoutPatchedBuildCandidate : SUCCESS ]
06:50:52.758 [main] DEBUG f.i.s.r.p.s.c.CheckoutPatchedBuild - STEP DURATION: 0s
06:50:52.758 [main] DEBUG f.i.s.r.p.s.c.CheckoutPatchedBuild - EXECUTE NEXT STEP
06:50:52.759 [main] DEBUG f.i.s.r.p.s.paths.ComputeSourceDir - ----------------------------------------------------------------------
06:50:52.759 [main] DEBUG f.i.s.r.p.s.paths.ComputeSourceDir - STEP 3/22: ComputeSourceDir
06:50:52.759 [main] DEBUG f.i.s.r.p.s.paths.ComputeSourceDir - ----------------------------------------------------------------------
06:50:52.759 [main] DEBUG f.i.s.r.p.s.paths.ComputeSourceDir - Computing the source directory ...
06:50:52.761 [main] DEBUG f.i.s.r.p.s.paths.ComputeSourceDir - The default source directory (/root/workspace/datastax/java-driver/348178009/src/main/java) does not exist. Try to read pom.xml to get information.
06:50:52.975 [main] DEBUG f.i.s.r.p.s.paths.ComputeSourceDir - The source directory given in pom.xml (/root/workspace/datastax/java-driver/348178009/src/main/java) does not exist. Continue to try to get source dir from all modules.
06:50:53.003 [main] DEBUG f.i.s.r.p.s.paths.ComputeSourceDir - The default source directory (/root/workspace/datastax/java-driver/348178009/integration-tests/src/main/java) does not exist. Try to read pom.xml to get information.
06:50:53.023 [main] DEBUG f.i.s.r.p.s.paths.ComputeSourceDir - The source directory given in pom.xml (/root/workspace/datastax/java-driver/348178009/integration-tests/src/main/java) does not exist. Continue to try to get source dir from all modules.
06:50:53.024 [main] ERROR f.i.s.r.p.s.paths.ComputeSourceDir - The source directory is not at default location or specified in build section from pom.xml, and no parent can be found.
06:50:53.025 [main] INFO  f.i.s.r.p.s.paths.ComputeSourceDir - 2 source dirs were found:
06:50:53.026 [main] INFO  f.i.s.r.p.s.paths.ComputeSourceDir - /root/workspace/datastax/java-driver/348178009/core/src/main/java
06:50:53.027 [main] INFO  f.i.s.r.p.s.paths.ComputeSourceDir - /root/workspace/datastax/java-driver/348178009/test-infra/src/main/java
06:50:53.061 [main] DEBUG f.i.s.r.p.s.paths.ComputeSourceDir - Compute the line of code of the project
06:50:53.444 [main] DEBUG f.i.s.r.p.s.paths.ComputeSourceDir - Get result from cloc process...
06:50:53.445 [main] DEBUG f.i.s.r.p.s.paths.ComputeSourceDir - STEP STATUS: [ ComputeSourceDir : SUCCESS ]
06:50:53.446 [main] DEBUG f.i.s.r.p.s.paths.ComputeSourceDir - STEP DURATION: 0s
06:50:53.446 [main] DEBUG f.i.s.r.p.s.paths.ComputeSourceDir - EXECUTE NEXT STEP
06:50:53.446 [main] DEBUG f.i.s.r.p.step.paths.ComputeTestDir - ----------------------------------------------------------------------
06:50:53.447 [main] DEBUG f.i.s.r.p.step.paths.ComputeTestDir - STEP 4/22: ComputeTestDir
06:50:53.447 [main] DEBUG f.i.s.r.p.step.paths.ComputeTestDir - ----------------------------------------------------------------------
06:50:53.447 [main] DEBUG f.i.s.r.p.step.paths.ComputeTestDir - Computing the test directory ...
06:50:53.448 [main] DEBUG f.i.s.r.p.step.paths.ComputeTestDir - The default test directory (/root/workspace/datastax/java-driver/348178009/src/test/java) does not exist. Try to read pom.xml to get information.
06:50:53.467 [main] DEBUG f.i.s.r.p.step.paths.ComputeTestDir - The test directory given in pom.xml (/root/workspace/datastax/java-driver/348178009/src/test/java) does not exist. Continue to try to get test dir from all modules.
06:50:53.480 [main] DEBUG f.i.s.r.p.step.paths.ComputeTestDir - The default test directory (/root/workspace/datastax/java-driver/348178009/test-infra/src/test/java) does not exist. Try to read pom.xml to get information.
06:50:53.488 [main] DEBUG f.i.s.r.p.step.paths.ComputeTestDir - The test directory given in pom.xml (/root/workspace/datastax/java-driver/348178009/test-infra/src/test/java) does not exist. Continue to try to get test dir from all modules.
06:50:53.488 [main] ERROR f.i.s.r.p.step.paths.ComputeTestDir - The test directory is not at default location or specified in build section from pom.xml, and no parent can be found.
06:50:53.496 [main] INFO  f.i.s.r.p.step.paths.ComputeTestDir - 2 test dirs were found:
06:50:53.498 [main] INFO  f.i.s.r.p.step.paths.ComputeTestDir - /root/workspace/datastax/java-driver/348178009/core/src/test/java
06:50:53.500 [main] INFO  f.i.s.r.p.step.paths.ComputeTestDir - /root/workspace/datastax/java-driver/348178009/integration-tests/src/test/java
06:50:53.512 [main] DEBUG f.i.s.r.p.step.paths.ComputeTestDir - STEP STATUS: [ ComputeTestDir : SUCCESS ]
06:50:53.512 [main] DEBUG f.i.s.r.p.step.paths.ComputeTestDir - STEP DURATION: 0s
06:50:53.513 [main] DEBUG f.i.s.r.p.step.paths.ComputeTestDir - EXECUTE NEXT STEP
06:50:53.514 [main] DEBUG f.i.s.r.p.s.c.CheckoutBuggyBuildSourceCode - ----------------------------------------------------------------------
06:50:53.514 [main] DEBUG f.i.s.r.p.s.c.CheckoutBuggyBuildSourceCode - STEP 5/22: CheckoutBuggyBuildCandidateSourceCode
06:50:53.515 [main] DEBUG f.i.s.r.p.s.c.CheckoutBuggyBuildSourceCode - ----------------------------------------------------------------------
06:50:53.515 [main] DEBUG f.i.s.r.p.s.c.CheckoutBuggyBuildSourceCode - Checking out the source code of the buggy build candidate...
06:50:53.526 [main] DEBUG f.i.s.r.p.s.c.CheckoutBuggyBuildSourceCode - Get commit 256227321d1f84879b62b520380c977c81e8bc52 for repo datastax/java-driver
06:50:53.605 [main] INFO  f.i.s.r.process.git.GitHelper - Init git submodules.
06:50:53.675 [main] ERROR f.i.s.r.p.s.c.CheckoutBuggyBuildSourceCode - Error while testing commit: org.eclipse.jgit.errors.MissingObjectException: Missing unknown 2faf04401b6b49a8fdf9bf1b19bd0684f71b1f20
06:50:53.677 [main] ERROR f.i.s.r.p.s.c.CheckoutBuggyBuildSourceCode - Error while getting the commit to checkout from the repo.
06:50:53.679 [main] DEBUG f.i.s.r.p.s.c.CheckoutBuggyBuildSourceCode - STEP STATUS: [ CheckoutBuggyBuildCandidateSourceCode : FAILURE ( BUILDNOTCHECKEDOUT ) ]
06:50:53.680 [main] DEBUG f.i.s.r.p.s.c.CheckoutBuggyBuildSourceCode - STEP DURATION: 0s
06:50:53.680 [main] DEBUG f.i.s.r.p.s.c.CheckoutBuggyBuildSourceCode - TERMINATE PIPELINE
06:50:53.681 [main] DEBUG f.i.s.r.p.s.c.CheckoutBuggyBuildSourceCode - FINAL STEPS SKIPPED: The reproduction of the bug and/or the patch failed.
06:50:53.681 [main] INFO  f.i.s.r.p.s.c.CheckoutBuggyBuildSourceCode - Serialize all data for the pair of builds 348178009, 348201463
06:50:54.027 [main] INFO  fr.inria.jtravis.JTravis - GitHub ratelimit: Limit: 5000 Remaining: 4726 Reset hour: 19:30:32
06:50:54.809 [main] INFO  f.i.s.r.p.i.ProjectInspector - ----------------------------------------------------------------------
06:50:54.810 [main] INFO  f.i.s.r.p.i.ProjectInspector - PIPELINE EXECUTION SUMMARY
06:50:54.810 [main] INFO  f.i.s.r.p.i.ProjectInspector - ----------------------------------------------------------------------
06:50:54.810 [main] INFO  f.i.s.r.p.i.ProjectInspector - CloneRepository.......................................SUCCESS [ 15 s ]
06:50:54.811 [main] INFO  f.i.s.r.p.i.ProjectInspector - CheckoutPatchedBuildCandidate.........................SUCCESS [  0 s ]
06:50:54.811 [main] INFO  f.i.s.r.p.i.ProjectInspector - ComputeSourceDir......................................SUCCESS [  0 s ]
06:50:54.811 [main] INFO  f.i.s.r.p.i.ProjectInspector - ComputeTestDir........................................SUCCESS [  0 s ]
06:50:54.811 [main] INFO  f.i.s.r.p.i.ProjectInspector - CheckoutBuggyBuildCandidateSourceCode.................FAILURE [  0 s ]
06:50:54.811 [main] INFO  f.i.s.r.p.i.ProjectInspector - BuildProjectBuggyBuildCandidateSourceCode.............NOT RUN         
06:50:54.811 [main] INFO  f.i.s.r.p.i.ProjectInspector - TestProjectBuggyBuildCandidateSourceCode..............NOT RUN         
06:50:54.811 [main] INFO  f.i.s.r.p.i.ProjectInspector - GatherTestInformationBuggyBuildCandidateSourceCode....NOT RUN         
06:50:54.812 [main] INFO  f.i.s.r.p.i.ProjectInspector - CheckoutBuggyBuildTestCode............................NOT RUN         
06:50:54.812 [main] INFO  f.i.s.r.p.i.ProjectInspector - InitRepoToPush........................................NOT RUN         
06:50:54.812 [main] INFO  f.i.s.r.p.i.ProjectInspector - ComputeClasspath......................................NOT RUN         
06:50:54.812 [main] INFO  f.i.s.r.p.i.ProjectInspector - ComputeModules........................................NOT RUN         
06:50:54.812 [main] INFO  f.i.s.r.p.i.ProjectInspector - CheckoutBuggyBuildCandidateSourceCode.................NOT RUN         
06:50:54.812 [main] INFO  f.i.s.r.p.i.ProjectInspector - CommitChangedTests....................................NOT RUN         
06:50:54.812 [main] INFO  f.i.s.r.p.i.ProjectInspector - CheckoutPatchedBuildCandidate.........................NOT RUN         
06:50:54.813 [main] INFO  f.i.s.r.p.i.ProjectInspector - BuildProjectPatchedBuildCandidate.....................NOT RUN         
06:50:54.813 [main] INFO  f.i.s.r.p.i.ProjectInspector - TestProjectPatchedBuildCandidate......................NOT RUN         
06:50:54.813 [main] INFO  f.i.s.r.p.i.ProjectInspector - GatherTestInformationPatchedBuildCandidate............NOT RUN         
06:50:54.813 [main] INFO  f.i.s.r.p.i.ProjectInspector - CommitPatch...........................................NOT RUN         
06:50:54.813 [main] INFO  f.i.s.r.p.i.ProjectInspector - WritePropertyFile.....................................NOT RUN         
06:50:54.813 [main] INFO  f.i.s.r.p.i.ProjectInspector - CommitProcessEnd......................................NOT RUN         
06:50:54.813 [main] INFO  f.i.s.r.p.i.ProjectInspector - PushProcessEnd........................................NOT RUN         
06:50:54.814 [main] INFO  f.i.s.r.p.i.ProjectInspector - ----------------------------------------------------------------------
06:50:54.814 [main] INFO  f.i.s.r.p.i.ProjectInspector - PIPELINE FINDING: BUILDNOTCHECKEDOUT
06:50:54.814 [main] INFO  f.i.s.r.p.i.ProjectInspector - ----------------------------------------------------------------------
06:50:54.814 [main] INFO  f.i.s.repairnator.pipeline.Launcher - Inspector is finished. The process will exit now.
