23:43:57.506 [main] INFO  f.i.s.repairnator.pipeline.Launcher - PIPELINE VERSION: 3.0-2018-08-09 19:04
23:43:57.619 [main] INFO  f.i.s.repairnator.pipeline.Launcher - The pipeline will try to reproduce a bug from build 349691277 and its corresponding patch from build 349694833
23:43:57.620 [main] INFO  f.i.s.repairnator.pipeline.Launcher - Initialize file serializer engines.
23:43:57.621 [main] INFO  f.i.s.repairnator.pipeline.Launcher - MongoDB won't be used for serialization.
23:43:57.621 [main] INFO  f.i.s.repairnator.pipeline.Launcher - The email notifier engine won't be used.
23:43:57.624 [main] INFO  f.i.s.repairnator.pipeline.Launcher - Start by getting the build (buildId: 349691277) with the following config: RepairnatorConfig{runId='4f10a5c0-d543-4288-82ed-b7536ce5532c_03-18-week1-PASSING_AND_PASSING', launcherMode=BEARS, serializeJson=true, inputPath='null', outputPath='/var/log', mongodbHost='null', mongodbName='repairnator', smtpServer='null', notifyTo=[], notifyEndProcess=false, push=true, pushRemoteRepo='https://github.com/fermadeiral/bears-collection-pp', fork=false, lookFromDate=null, lookToDate=null, buildId=349691277, z3solverPath='./z3_for_linux', workspacePath='./workspace', githubToken='c8a341a903[...]', dockerImageName='null', skipDelete=false, createOutputDir=false, logDirectory='null', nbThreads=0, globalTimeout=0, whiteList=null, blackList=null, jobSleepTime=0, buildSleepTime=0, maxInspectedBuilds=0, duration=null, humanPatch=false, repository='null', clean=true, bearsMode=BOTH, bearsDelimiter = false, repairTools=NopolAllTests,NPEFix,AssertFixer,AstorJGenProg,AstorJKali,NopolSingleTest,AstorJMut,NopolTestExclusionStrategy, githubUserName= fermadeiral, githubUserEmail=fer.madeiral@gmail.com}
23:43:58.897 [main] DEBUG fr.inria.jtravis.helpers.BuildHelper - Get request to :https://api.travis-ci.org/build/349691277 done after 796 ms
23:43:59.187 [main] DEBUG fr.inria.jtravis.helpers.BuildHelper - Get request to :https://api.travis-ci.org/build/349694833 done after 135 ms
23:43:59.206 [main] INFO  f.i.s.repairnator.pipeline.Launcher - The patched build (349694833) was successfully retrieved from Travis.
23:44:00.895 [main] INFO  fr.inria.jtravis.JTravis - GitHub ratelimit: Limit: 5000 Remaining: 4942 Reset hour: 19:30:09
23:44:01.553 [main] INFO  f.i.s.r.p.i.ProjectInspector - ----------------------------------------------------------------------
23:44:01.553 [main] INFO  f.i.s.r.p.i.ProjectInspector - PIPELINE STEPS
23:44:01.554 [main] INFO  f.i.s.r.p.i.ProjectInspector - ----------------------------------------------------------------------
23:44:01.554 [main] INFO  f.i.s.r.p.i.ProjectInspector - CloneRepository
23:44:01.554 [main] INFO  f.i.s.r.p.i.ProjectInspector - CheckoutPatchedBuildCandidate
23:44:01.554 [main] INFO  f.i.s.r.p.i.ProjectInspector - ComputeSourceDir
23:44:01.554 [main] INFO  f.i.s.r.p.i.ProjectInspector - ComputeTestDir
23:44:01.554 [main] INFO  f.i.s.r.p.i.ProjectInspector - CheckoutBuggyBuildCandidateSourceCode
23:44:01.554 [main] INFO  f.i.s.r.p.i.ProjectInspector - BuildProjectBuggyBuildCandidateSourceCode
23:44:01.554 [main] INFO  f.i.s.r.p.i.ProjectInspector - TestProjectBuggyBuildCandidateSourceCode
23:44:01.555 [main] INFO  f.i.s.r.p.i.ProjectInspector - GatherTestInformationBuggyBuildCandidateSourceCode
23:44:01.555 [main] INFO  f.i.s.r.p.i.ProjectInspector - CheckoutBuggyBuildTestCode
23:44:01.555 [main] INFO  f.i.s.r.p.i.ProjectInspector - InitRepoToPush
23:44:01.555 [main] INFO  f.i.s.r.p.i.ProjectInspector - ComputeClasspath
23:44:01.555 [main] INFO  f.i.s.r.p.i.ProjectInspector - ComputeModules
23:44:01.555 [main] INFO  f.i.s.r.p.i.ProjectInspector - CheckoutBuggyBuildCandidateSourceCode
23:44:01.555 [main] INFO  f.i.s.r.p.i.ProjectInspector - CommitChangedTests
23:44:01.555 [main] INFO  f.i.s.r.p.i.ProjectInspector - CheckoutPatchedBuildCandidate
23:44:01.556 [main] INFO  f.i.s.r.p.i.ProjectInspector - BuildProjectPatchedBuildCandidate
23:44:01.556 [main] INFO  f.i.s.r.p.i.ProjectInspector - TestProjectPatchedBuildCandidate
23:44:01.556 [main] INFO  f.i.s.r.p.i.ProjectInspector - GatherTestInformationPatchedBuildCandidate
23:44:01.556 [main] INFO  f.i.s.r.p.i.ProjectInspector - CommitPatch
23:44:01.556 [main] INFO  f.i.s.r.p.i.ProjectInspector - WritePropertyFile
23:44:01.556 [main] INFO  f.i.s.r.p.i.ProjectInspector - CommitProcessEnd
23:44:01.556 [main] INFO  f.i.s.r.p.i.ProjectInspector - PushProcessEnd
23:44:01.557 [main] DEBUG f.i.s.r.process.step.CloneRepository - ----------------------------------------------------------------------
23:44:01.557 [main] DEBUG f.i.s.r.process.step.CloneRepository - STEP 1/22: CloneRepository
23:44:01.558 [main] DEBUG f.i.s.r.process.step.CloneRepository - ----------------------------------------------------------------------
23:44:01.558 [main] DEBUG f.i.s.r.process.step.CloneRepository - Cloning repository apache/incubator-servicecomb-java-chassis in the following directory: ./workspace/apache/incubator-servicecomb-java-chassis/349691277
23:44:11.809 [main] DEBUG f.i.s.r.process.step.CloneRepository - STEP STATUS: [ CloneRepository : SUCCESS ]
23:44:11.809 [main] DEBUG f.i.s.r.process.step.CloneRepository - STEP DURATION: 10s
23:44:11.810 [main] DEBUG f.i.s.r.process.step.CloneRepository - EXECUTE NEXT STEP
23:44:11.810 [main] DEBUG f.i.s.r.p.s.c.CheckoutPatchedBuild - ----------------------------------------------------------------------
23:44:11.810 [main] DEBUG f.i.s.r.p.s.c.CheckoutPatchedBuild - STEP 2/22: CheckoutPatchedBuildCandidate
23:44:11.810 [main] DEBUG f.i.s.r.p.s.c.CheckoutPatchedBuild - ----------------------------------------------------------------------
23:44:11.810 [main] DEBUG f.i.s.r.p.s.c.CheckoutPatchedBuild - Checking out patched build candidate...
23:44:12.138 [main] INFO  fr.inria.jtravis.JTravis - GitHub ratelimit: Limit: 5000 Remaining: 4941 Reset hour: 19:30:09
23:44:14.253 [main] DEBUG f.i.s.r.p.s.c.CheckoutPatchedBuild - Reproduce the PR for apache/incubator-servicecomb-java-chassis by fetching remote branch and merging.
23:44:15.299 [main] ERROR f.i.s.r.p.s.c.CheckoutPatchedBuild - Error while testing commit: org.eclipse.jgit.errors.MissingObjectException: Missing unknown 67d61cecf1e99de9678ccf3ac91825c68b4564be
23:44:15.300 [main] ERROR f.i.s.r.p.s.c.CheckoutPatchedBuild - Commit head ref cannot be retrieved from the repository: 67d61cecf1e99de9678ccf3ac91825c68b4564be. Operation aborted.
23:44:15.300 [main] ERROR f.i.s.r.p.s.c.CheckoutPatchedBuild - Error while merging two commits to reproduce the PR.
23:44:15.301 [main] DEBUG f.i.s.r.p.s.c.CheckoutPatchedBuild - STEP STATUS: [ CheckoutPatchedBuildCandidate : FAILURE ( BUILDNOTCHECKEDOUT ) ]
23:44:15.301 [main] DEBUG f.i.s.r.p.s.c.CheckoutPatchedBuild - STEP DURATION: 3s
23:44:15.302 [main] DEBUG f.i.s.r.p.s.c.CheckoutPatchedBuild - TERMINATE PIPELINE
23:44:15.302 [main] DEBUG f.i.s.r.p.s.c.CheckoutPatchedBuild - FINAL STEPS SKIPPED: The reproduction of the bug and/or the patch failed.
23:44:15.302 [main] INFO  f.i.s.r.p.s.c.CheckoutPatchedBuild - Serialize all data for the pair of builds 349691277, 349694833
23:44:15.423 [main] INFO  fr.inria.jtravis.JTravis - GitHub ratelimit: Limit: 5000 Remaining: 4934 Reset hour: 19:30:09
23:44:16.440 [main] INFO  f.i.s.r.p.i.ProjectInspector - ----------------------------------------------------------------------
23:44:16.441 [main] INFO  f.i.s.r.p.i.ProjectInspector - PIPELINE EXECUTION SUMMARY
23:44:16.441 [main] INFO  f.i.s.r.p.i.ProjectInspector - ----------------------------------------------------------------------
23:44:16.441 [main] INFO  f.i.s.r.p.i.ProjectInspector - CloneRepository.......................................SUCCESS [ 10 s ]
23:44:16.441 [main] INFO  f.i.s.r.p.i.ProjectInspector - CheckoutPatchedBuildCandidate.........................FAILURE [  3 s ]
23:44:16.441 [main] INFO  f.i.s.r.p.i.ProjectInspector - ComputeSourceDir......................................NOT RUN         
23:44:16.441 [main] INFO  f.i.s.r.p.i.ProjectInspector - ComputeTestDir........................................NOT RUN         
23:44:16.442 [main] INFO  f.i.s.r.p.i.ProjectInspector - CheckoutBuggyBuildCandidateSourceCode.................NOT RUN         
23:44:16.442 [main] INFO  f.i.s.r.p.i.ProjectInspector - BuildProjectBuggyBuildCandidateSourceCode.............NOT RUN         
23:44:16.442 [main] INFO  f.i.s.r.p.i.ProjectInspector - TestProjectBuggyBuildCandidateSourceCode..............NOT RUN         
23:44:16.442 [main] INFO  f.i.s.r.p.i.ProjectInspector - GatherTestInformationBuggyBuildCandidateSourceCode....NOT RUN         
23:44:16.442 [main] INFO  f.i.s.r.p.i.ProjectInspector - CheckoutBuggyBuildTestCode............................NOT RUN         
23:44:16.442 [main] INFO  f.i.s.r.p.i.ProjectInspector - InitRepoToPush........................................NOT RUN         
23:44:16.442 [main] INFO  f.i.s.r.p.i.ProjectInspector - ComputeClasspath......................................NOT RUN         
23:44:16.442 [main] INFO  f.i.s.r.p.i.ProjectInspector - ComputeModules........................................NOT RUN         
23:44:16.442 [main] INFO  f.i.s.r.p.i.ProjectInspector - CheckoutBuggyBuildCandidateSourceCode.................NOT RUN         
23:44:16.442 [main] INFO  f.i.s.r.p.i.ProjectInspector - CommitChangedTests....................................NOT RUN         
23:44:16.442 [main] INFO  f.i.s.r.p.i.ProjectInspector - CheckoutPatchedBuildCandidate.........................NOT RUN         
23:44:16.443 [main] INFO  f.i.s.r.p.i.ProjectInspector - BuildProjectPatchedBuildCandidate.....................NOT RUN         
23:44:16.443 [main] INFO  f.i.s.r.p.i.ProjectInspector - TestProjectPatchedBuildCandidate......................NOT RUN         
23:44:16.443 [main] INFO  f.i.s.r.p.i.ProjectInspector - GatherTestInformationPatchedBuildCandidate............NOT RUN         
23:44:16.443 [main] INFO  f.i.s.r.p.i.ProjectInspector - CommitPatch...........................................NOT RUN         
23:44:16.443 [main] INFO  f.i.s.r.p.i.ProjectInspector - WritePropertyFile.....................................NOT RUN         
23:44:16.443 [main] INFO  f.i.s.r.p.i.ProjectInspector - CommitProcessEnd......................................NOT RUN         
23:44:16.443 [main] INFO  f.i.s.r.p.i.ProjectInspector - PushProcessEnd........................................NOT RUN         
23:44:16.443 [main] INFO  f.i.s.r.p.i.ProjectInspector - ----------------------------------------------------------------------
23:44:16.443 [main] INFO  f.i.s.r.p.i.ProjectInspector - PIPELINE FINDING: BUILDNOTCHECKEDOUT
23:44:16.443 [main] INFO  f.i.s.r.p.i.ProjectInspector - ----------------------------------------------------------------------
23:44:16.443 [main] INFO  f.i.s.repairnator.pipeline.Launcher - Inspector is finished. The process will exit now.
