06:49:41.119 [main] INFO  f.i.s.repairnator.pipeline.Launcher - PIPELINE VERSION: 3.0-2018-08-09 19:04
06:49:41.305 [main] INFO  f.i.s.repairnator.pipeline.Launcher - The pipeline will try to reproduce a bug from build 348003856 and its corresponding patch from build 349536358
06:49:41.305 [main] INFO  f.i.s.repairnator.pipeline.Launcher - Initialize file serializer engines.
06:49:41.308 [main] INFO  f.i.s.repairnator.pipeline.Launcher - MongoDB won't be used for serialization.
06:49:41.308 [main] INFO  f.i.s.repairnator.pipeline.Launcher - The email notifier engine won't be used.
06:49:41.313 [main] INFO  f.i.s.repairnator.pipeline.Launcher - Start by getting the build (buildId: 348003856) with the following config: RepairnatorConfig{runId='4f10a5c0-d543-4288-82ed-b7536ce5532c_03-18-week1-PASSING_AND_PASSING', launcherMode=BEARS, serializeJson=true, inputPath='null', outputPath='/var/log', mongodbHost='null', mongodbName='repairnator', smtpServer='null', notifyTo=[], notifyEndProcess=false, push=true, pushRemoteRepo='https://github.com/fermadeiral/bears-collection-pp', fork=false, lookFromDate=null, lookToDate=null, buildId=348003856, z3solverPath='./z3_for_linux', workspacePath='./workspace', githubToken='c8a341a903[...]', dockerImageName='null', skipDelete=false, createOutputDir=false, logDirectory='null', nbThreads=0, globalTimeout=0, whiteList=null, blackList=null, jobSleepTime=0, buildSleepTime=0, maxInspectedBuilds=0, duration=null, humanPatch=false, repository='null', clean=true, bearsMode=BOTH, bearsDelimiter = false, repairTools=NopolAllTests,NPEFix,AssertFixer,AstorJGenProg,AstorJKali,NopolSingleTest,AstorJMut,NopolTestExclusionStrategy, githubUserName= fermadeiral, githubUserEmail=fer.madeiral@gmail.com}
06:49:42.882 [main] DEBUG fr.inria.jtravis.helpers.BuildHelper - Get request to :https://api.travis-ci.org/build/348003856 done after 957 ms
06:49:43.164 [main] DEBUG fr.inria.jtravis.helpers.BuildHelper - Get request to :https://api.travis-ci.org/build/349536358 done after 132 ms
06:49:43.187 [main] INFO  f.i.s.repairnator.pipeline.Launcher - The patched build (349536358) was successfully retrieved from Travis.
06:49:44.988 [main] INFO  fr.inria.jtravis.JTravis - GitHub ratelimit: Limit: 5000 Remaining: 4735 Reset hour: 19:30:32
06:49:45.219 [main] INFO  f.i.s.r.p.i.ProjectInspector - ----------------------------------------------------------------------
06:49:45.220 [main] INFO  f.i.s.r.p.i.ProjectInspector - PIPELINE STEPS
06:49:45.220 [main] INFO  f.i.s.r.p.i.ProjectInspector - ----------------------------------------------------------------------
06:49:45.220 [main] INFO  f.i.s.r.p.i.ProjectInspector - CloneRepository
06:49:45.220 [main] INFO  f.i.s.r.p.i.ProjectInspector - CheckoutPatchedBuildCandidate
06:49:45.220 [main] INFO  f.i.s.r.p.i.ProjectInspector - ComputeSourceDir
06:49:45.220 [main] INFO  f.i.s.r.p.i.ProjectInspector - ComputeTestDir
06:49:45.221 [main] INFO  f.i.s.r.p.i.ProjectInspector - CheckoutBuggyBuildCandidateSourceCode
06:49:45.221 [main] INFO  f.i.s.r.p.i.ProjectInspector - BuildProjectBuggyBuildCandidateSourceCode
06:49:45.221 [main] INFO  f.i.s.r.p.i.ProjectInspector - TestProjectBuggyBuildCandidateSourceCode
06:49:45.221 [main] INFO  f.i.s.r.p.i.ProjectInspector - GatherTestInformationBuggyBuildCandidateSourceCode
06:49:45.221 [main] INFO  f.i.s.r.p.i.ProjectInspector - CheckoutBuggyBuildTestCode
06:49:45.221 [main] INFO  f.i.s.r.p.i.ProjectInspector - InitRepoToPush
06:49:45.221 [main] INFO  f.i.s.r.p.i.ProjectInspector - ComputeClasspath
06:49:45.221 [main] INFO  f.i.s.r.p.i.ProjectInspector - ComputeModules
06:49:45.222 [main] INFO  f.i.s.r.p.i.ProjectInspector - CheckoutBuggyBuildCandidateSourceCode
06:49:45.222 [main] INFO  f.i.s.r.p.i.ProjectInspector - CommitChangedTests
06:49:45.222 [main] INFO  f.i.s.r.p.i.ProjectInspector - CheckoutPatchedBuildCandidate
06:49:45.222 [main] INFO  f.i.s.r.p.i.ProjectInspector - BuildProjectPatchedBuildCandidate
06:49:45.222 [main] INFO  f.i.s.r.p.i.ProjectInspector - TestProjectPatchedBuildCandidate
06:49:45.222 [main] INFO  f.i.s.r.p.i.ProjectInspector - GatherTestInformationPatchedBuildCandidate
06:49:45.222 [main] INFO  f.i.s.r.p.i.ProjectInspector - CommitPatch
06:49:45.223 [main] INFO  f.i.s.r.p.i.ProjectInspector - WritePropertyFile
06:49:45.223 [main] INFO  f.i.s.r.p.i.ProjectInspector - CommitProcessEnd
06:49:45.223 [main] INFO  f.i.s.r.p.i.ProjectInspector - PushProcessEnd
06:49:45.223 [main] DEBUG f.i.s.r.process.step.CloneRepository - ----------------------------------------------------------------------
06:49:45.223 [main] DEBUG f.i.s.r.process.step.CloneRepository - STEP 1/22: CloneRepository
06:49:45.223 [main] DEBUG f.i.s.r.process.step.CloneRepository - ----------------------------------------------------------------------
06:49:45.224 [main] DEBUG f.i.s.r.process.step.CloneRepository - Cloning repository datastax/java-driver in the following directory: ./workspace/datastax/java-driver/348003856
06:50:02.096 [main] DEBUG f.i.s.r.process.step.CloneRepository - STEP STATUS: [ CloneRepository : SUCCESS ]
06:50:02.096 [main] DEBUG f.i.s.r.process.step.CloneRepository - STEP DURATION: 16s
06:50:02.097 [main] DEBUG f.i.s.r.process.step.CloneRepository - EXECUTE NEXT STEP
06:50:02.097 [main] DEBUG f.i.s.r.p.s.c.CheckoutPatchedBuild - ----------------------------------------------------------------------
06:50:02.097 [main] DEBUG f.i.s.r.p.s.c.CheckoutPatchedBuild - STEP 2/22: CheckoutPatchedBuildCandidate
06:50:02.098 [main] DEBUG f.i.s.r.p.s.c.CheckoutPatchedBuild - ----------------------------------------------------------------------
06:50:02.098 [main] DEBUG f.i.s.r.p.s.c.CheckoutPatchedBuild - Checking out patched build candidate...
06:50:02.111 [main] ERROR f.i.s.r.p.s.c.CheckoutPatchedBuild - Error while testing commit: org.eclipse.jgit.errors.MissingObjectException: Missing unknown 3409d49ed55903b878e5b5b41990f921086b4569
06:50:02.112 [main] ERROR f.i.s.r.p.s.c.CheckoutPatchedBuild - Error while getting the commit to checkout from the repo.
06:50:02.113 [main] DEBUG f.i.s.r.p.s.c.CheckoutPatchedBuild - STEP STATUS: [ CheckoutPatchedBuildCandidate : FAILURE ( BUILDNOTCHECKEDOUT ) ]
06:50:02.114 [main] DEBUG f.i.s.r.p.s.c.CheckoutPatchedBuild - STEP DURATION: 0s
06:50:02.114 [main] DEBUG f.i.s.r.p.s.c.CheckoutPatchedBuild - TERMINATE PIPELINE
06:50:02.114 [main] DEBUG f.i.s.r.p.s.c.CheckoutPatchedBuild - FINAL STEPS SKIPPED: The reproduction of the bug and/or the patch failed.
06:50:02.115 [main] INFO  f.i.s.r.p.s.c.CheckoutPatchedBuild - Serialize all data for the pair of builds 348003856, 349536358
06:50:02.451 [main] INFO  fr.inria.jtravis.JTravis - GitHub ratelimit: Limit: 5000 Remaining: 4734 Reset hour: 19:30:32
06:50:02.996 [main] INFO  f.i.s.r.p.i.ProjectInspector - ----------------------------------------------------------------------
06:50:02.996 [main] INFO  f.i.s.r.p.i.ProjectInspector - PIPELINE EXECUTION SUMMARY
06:50:02.996 [main] INFO  f.i.s.r.p.i.ProjectInspector - ----------------------------------------------------------------------
06:50:02.996 [main] INFO  f.i.s.r.p.i.ProjectInspector - CloneRepository.......................................SUCCESS [ 16 s ]
06:50:02.996 [main] INFO  f.i.s.r.p.i.ProjectInspector - CheckoutPatchedBuildCandidate.........................FAILURE [  0 s ]
06:50:02.996 [main] INFO  f.i.s.r.p.i.ProjectInspector - ComputeSourceDir......................................NOT RUN         
06:50:02.997 [main] INFO  f.i.s.r.p.i.ProjectInspector - ComputeTestDir........................................NOT RUN         
06:50:02.997 [main] INFO  f.i.s.r.p.i.ProjectInspector - CheckoutBuggyBuildCandidateSourceCode.................NOT RUN         
06:50:02.997 [main] INFO  f.i.s.r.p.i.ProjectInspector - BuildProjectBuggyBuildCandidateSourceCode.............NOT RUN         
06:50:02.997 [main] INFO  f.i.s.r.p.i.ProjectInspector - TestProjectBuggyBuildCandidateSourceCode..............NOT RUN         
06:50:02.998 [main] INFO  f.i.s.r.p.i.ProjectInspector - GatherTestInformationBuggyBuildCandidateSourceCode....NOT RUN         
06:50:02.998 [main] INFO  f.i.s.r.p.i.ProjectInspector - CheckoutBuggyBuildTestCode............................NOT RUN         
06:50:02.998 [main] INFO  f.i.s.r.p.i.ProjectInspector - InitRepoToPush........................................NOT RUN         
06:50:02.998 [main] INFO  f.i.s.r.p.i.ProjectInspector - ComputeClasspath......................................NOT RUN         
06:50:02.998 [main] INFO  f.i.s.r.p.i.ProjectInspector - ComputeModules........................................NOT RUN         
06:50:02.998 [main] INFO  f.i.s.r.p.i.ProjectInspector - CheckoutBuggyBuildCandidateSourceCode.................NOT RUN         
06:50:02.999 [main] INFO  f.i.s.r.p.i.ProjectInspector - CommitChangedTests....................................NOT RUN         
06:50:02.999 [main] INFO  f.i.s.r.p.i.ProjectInspector - CheckoutPatchedBuildCandidate.........................NOT RUN         
06:50:02.999 [main] INFO  f.i.s.r.p.i.ProjectInspector - BuildProjectPatchedBuildCandidate.....................NOT RUN         
06:50:02.999 [main] INFO  f.i.s.r.p.i.ProjectInspector - TestProjectPatchedBuildCandidate......................NOT RUN         
06:50:02.999 [main] INFO  f.i.s.r.p.i.ProjectInspector - GatherTestInformationPatchedBuildCandidate............NOT RUN         
06:50:02.999 [main] INFO  f.i.s.r.p.i.ProjectInspector - CommitPatch...........................................NOT RUN         
06:50:02.999 [main] INFO  f.i.s.r.p.i.ProjectInspector - WritePropertyFile.....................................NOT RUN         
06:50:02.999 [main] INFO  f.i.s.r.p.i.ProjectInspector - CommitProcessEnd......................................NOT RUN         
06:50:02.999 [main] INFO  f.i.s.r.p.i.ProjectInspector - PushProcessEnd........................................NOT RUN         
06:50:03.000 [main] INFO  f.i.s.r.p.i.ProjectInspector - ----------------------------------------------------------------------
06:50:03.000 [main] INFO  f.i.s.r.p.i.ProjectInspector - PIPELINE FINDING: BUILDNOTCHECKEDOUT
06:50:03.000 [main] INFO  f.i.s.r.p.i.ProjectInspector - ----------------------------------------------------------------------
06:50:03.000 [main] INFO  f.i.s.repairnator.pipeline.Launcher - Inspector is finished. The process will exit now.
